[2023-12-03T23:07:59.553+0000] {processor.py:157} INFO - Started process (PID=3761) to work on /home/ubuntu/redfin/lib/python3.10/site-packages/airflow/example_dags/example_latest_only_with_trigger.py
[2023-12-03T23:07:59.554+0000] {processor.py:829} INFO - Processing file /home/ubuntu/redfin/lib/python3.10/site-packages/airflow/example_dags/example_latest_only_with_trigger.py for tasks to queue
[2023-12-03T23:07:59.555+0000] {logging_mixin.py:154} INFO - [2023-12-03T23:07:59.555+0000] {dagbag.py:536} INFO - Filling up the DagBag from /home/ubuntu/redfin/lib/python3.10/site-packages/airflow/example_dags/example_latest_only_with_trigger.py
[2023-12-03T23:07:59.563+0000] {processor.py:839} INFO - DAG(s) dict_keys(['latest_only_with_trigger']) retrieved from /home/ubuntu/redfin/lib/python3.10/site-packages/airflow/example_dags/example_latest_only_with_trigger.py
[2023-12-03T23:07:59.678+0000] {logging_mixin.py:154} INFO - [2023-12-03T23:07:59.678+0000] {manager.py:499} INFO - Created Permission View: %s
[2023-12-03T23:07:59.695+0000] {logging_mixin.py:154} INFO - [2023-12-03T23:07:59.695+0000] {manager.py:499} INFO - Created Permission View: %s
[2023-12-03T23:07:59.707+0000] {logging_mixin.py:154} INFO - [2023-12-03T23:07:59.706+0000] {manager.py:499} INFO - Created Permission View: %s
[2023-12-03T23:07:59.707+0000] {logging_mixin.py:154} INFO - [2023-12-03T23:07:59.707+0000] {dag.py:2941} INFO - Sync 1 DAGs
[2023-12-03T23:07:59.719+0000] {logging_mixin.py:154} INFO - [2023-12-03T23:07:59.719+0000] {dag.py:2963} INFO - Creating ORM DAG for latest_only_with_trigger
[2023-12-03T23:07:59.731+0000] {logging_mixin.py:154} INFO - [2023-12-03T23:07:59.731+0000] {dag.py:3722} INFO - Setting next_dagrun for latest_only_with_trigger to 2023-12-03T19:07:59.730860+00:00, run_after=2023-12-03T23:07:59.730860+00:00
[2023-12-03T23:07:59.753+0000] {processor.py:179} INFO - Processing /home/ubuntu/redfin/lib/python3.10/site-packages/airflow/example_dags/example_latest_only_with_trigger.py took 0.203 seconds
[2023-12-03T23:08:50.645+0000] {processor.py:157} INFO - Started process (PID=3811) to work on /home/ubuntu/redfin/lib/python3.10/site-packages/airflow/example_dags/example_latest_only_with_trigger.py
[2023-12-03T23:08:50.646+0000] {processor.py:829} INFO - Processing file /home/ubuntu/redfin/lib/python3.10/site-packages/airflow/example_dags/example_latest_only_with_trigger.py for tasks to queue
[2023-12-03T23:08:50.647+0000] {logging_mixin.py:154} INFO - [2023-12-03T23:08:50.647+0000] {dagbag.py:536} INFO - Filling up the DagBag from /home/ubuntu/redfin/lib/python3.10/site-packages/airflow/example_dags/example_latest_only_with_trigger.py
[2023-12-03T23:08:50.654+0000] {processor.py:839} INFO - DAG(s) dict_keys(['latest_only_with_trigger']) retrieved from /home/ubuntu/redfin/lib/python3.10/site-packages/airflow/example_dags/example_latest_only_with_trigger.py
[2023-12-03T23:08:50.674+0000] {logging_mixin.py:154} INFO - [2023-12-03T23:08:50.674+0000] {dag.py:2941} INFO - Sync 1 DAGs
[2023-12-03T23:08:50.696+0000] {logging_mixin.py:154} INFO - [2023-12-03T23:08:50.696+0000] {dag.py:3722} INFO - Setting next_dagrun for latest_only_with_trigger to 2023-12-03T19:08:50.695720+00:00, run_after=2023-12-03T23:08:50.695720+00:00
[2023-12-03T23:08:50.719+0000] {processor.py:179} INFO - Processing /home/ubuntu/redfin/lib/python3.10/site-packages/airflow/example_dags/example_latest_only_with_trigger.py took 0.078 seconds
[2023-12-03T23:09:35.565+0000] {processor.py:157} INFO - Started process (PID=3860) to work on /home/ubuntu/redfin/lib/python3.10/site-packages/airflow/example_dags/example_latest_only_with_trigger.py
[2023-12-03T23:09:35.566+0000] {processor.py:829} INFO - Processing file /home/ubuntu/redfin/lib/python3.10/site-packages/airflow/example_dags/example_latest_only_with_trigger.py for tasks to queue
[2023-12-03T23:09:35.567+0000] {logging_mixin.py:154} INFO - [2023-12-03T23:09:35.566+0000] {dagbag.py:536} INFO - Filling up the DagBag from /home/ubuntu/redfin/lib/python3.10/site-packages/airflow/example_dags/example_latest_only_with_trigger.py
[2023-12-03T23:09:35.574+0000] {processor.py:839} INFO - DAG(s) dict_keys(['latest_only_with_trigger']) retrieved from /home/ubuntu/redfin/lib/python3.10/site-packages/airflow/example_dags/example_latest_only_with_trigger.py
[2023-12-03T23:09:35.593+0000] {logging_mixin.py:154} INFO - [2023-12-03T23:09:35.593+0000] {dag.py:2941} INFO - Sync 1 DAGs
[2023-12-03T23:09:35.614+0000] {logging_mixin.py:154} INFO - [2023-12-03T23:09:35.613+0000] {dag.py:3722} INFO - Setting next_dagrun for latest_only_with_trigger to 2023-12-03T19:09:35.613538+00:00, run_after=2023-12-03T23:09:35.613538+00:00
[2023-12-03T23:09:35.637+0000] {processor.py:179} INFO - Processing /home/ubuntu/redfin/lib/python3.10/site-packages/airflow/example_dags/example_latest_only_with_trigger.py took 0.076 seconds
[2023-12-03T23:10:23.283+0000] {processor.py:157} INFO - Started process (PID=3911) to work on /home/ubuntu/redfin/lib/python3.10/site-packages/airflow/example_dags/example_latest_only_with_trigger.py
[2023-12-03T23:10:23.284+0000] {processor.py:829} INFO - Processing file /home/ubuntu/redfin/lib/python3.10/site-packages/airflow/example_dags/example_latest_only_with_trigger.py for tasks to queue
[2023-12-03T23:10:23.285+0000] {logging_mixin.py:154} INFO - [2023-12-03T23:10:23.285+0000] {dagbag.py:536} INFO - Filling up the DagBag from /home/ubuntu/redfin/lib/python3.10/site-packages/airflow/example_dags/example_latest_only_with_trigger.py
[2023-12-03T23:10:23.292+0000] {processor.py:839} INFO - DAG(s) dict_keys(['latest_only_with_trigger']) retrieved from /home/ubuntu/redfin/lib/python3.10/site-packages/airflow/example_dags/example_latest_only_with_trigger.py
[2023-12-03T23:10:23.312+0000] {logging_mixin.py:154} INFO - [2023-12-03T23:10:23.311+0000] {dag.py:2941} INFO - Sync 1 DAGs
[2023-12-03T23:10:23.333+0000] {logging_mixin.py:154} INFO - [2023-12-03T23:10:23.333+0000] {dag.py:3722} INFO - Setting next_dagrun for latest_only_with_trigger to 2023-12-03T19:10:23.333362+00:00, run_after=2023-12-03T23:10:23.333362+00:00
[2023-12-03T23:10:23.357+0000] {processor.py:179} INFO - Processing /home/ubuntu/redfin/lib/python3.10/site-packages/airflow/example_dags/example_latest_only_with_trigger.py took 0.077 seconds
[2023-12-03T23:11:08.497+0000] {processor.py:157} INFO - Started process (PID=3960) to work on /home/ubuntu/redfin/lib/python3.10/site-packages/airflow/example_dags/example_latest_only_with_trigger.py
[2023-12-03T23:11:08.498+0000] {processor.py:829} INFO - Processing file /home/ubuntu/redfin/lib/python3.10/site-packages/airflow/example_dags/example_latest_only_with_trigger.py for tasks to queue
[2023-12-03T23:11:08.499+0000] {logging_mixin.py:154} INFO - [2023-12-03T23:11:08.499+0000] {dagbag.py:536} INFO - Filling up the DagBag from /home/ubuntu/redfin/lib/python3.10/site-packages/airflow/example_dags/example_latest_only_with_trigger.py
[2023-12-03T23:11:08.507+0000] {processor.py:839} INFO - DAG(s) dict_keys(['latest_only_with_trigger']) retrieved from /home/ubuntu/redfin/lib/python3.10/site-packages/airflow/example_dags/example_latest_only_with_trigger.py
[2023-12-03T23:11:08.526+0000] {logging_mixin.py:154} INFO - [2023-12-03T23:11:08.526+0000] {dag.py:2941} INFO - Sync 1 DAGs
[2023-12-03T23:11:08.549+0000] {logging_mixin.py:154} INFO - [2023-12-03T23:11:08.549+0000] {dag.py:3722} INFO - Setting next_dagrun for latest_only_with_trigger to 2023-12-03T19:11:08.548845+00:00, run_after=2023-12-03T23:11:08.548845+00:00
[2023-12-03T23:11:08.575+0000] {processor.py:179} INFO - Processing /home/ubuntu/redfin/lib/python3.10/site-packages/airflow/example_dags/example_latest_only_with_trigger.py took 0.082 seconds
[2023-12-03T23:11:55.991+0000] {processor.py:157} INFO - Started process (PID=4015) to work on /home/ubuntu/redfin/lib/python3.10/site-packages/airflow/example_dags/example_latest_only_with_trigger.py
[2023-12-03T23:11:55.992+0000] {processor.py:829} INFO - Processing file /home/ubuntu/redfin/lib/python3.10/site-packages/airflow/example_dags/example_latest_only_with_trigger.py for tasks to queue
[2023-12-03T23:11:55.993+0000] {logging_mixin.py:154} INFO - [2023-12-03T23:11:55.992+0000] {dagbag.py:536} INFO - Filling up the DagBag from /home/ubuntu/redfin/lib/python3.10/site-packages/airflow/example_dags/example_latest_only_with_trigger.py
[2023-12-03T23:11:56.000+0000] {processor.py:839} INFO - DAG(s) dict_keys(['latest_only_with_trigger']) retrieved from /home/ubuntu/redfin/lib/python3.10/site-packages/airflow/example_dags/example_latest_only_with_trigger.py
[2023-12-03T23:11:56.020+0000] {logging_mixin.py:154} INFO - [2023-12-03T23:11:56.020+0000] {dag.py:2941} INFO - Sync 1 DAGs
[2023-12-03T23:11:56.043+0000] {logging_mixin.py:154} INFO - [2023-12-03T23:11:56.042+0000] {dag.py:3722} INFO - Setting next_dagrun for latest_only_with_trigger to 2023-12-03T19:11:56.042516+00:00, run_after=2023-12-03T23:11:56.042516+00:00
[2023-12-03T23:11:56.066+0000] {processor.py:179} INFO - Processing /home/ubuntu/redfin/lib/python3.10/site-packages/airflow/example_dags/example_latest_only_with_trigger.py took 0.079 seconds
[2023-12-03T23:12:40.591+0000] {processor.py:157} INFO - Started process (PID=4064) to work on /home/ubuntu/redfin/lib/python3.10/site-packages/airflow/example_dags/example_latest_only_with_trigger.py
[2023-12-03T23:12:40.593+0000] {processor.py:829} INFO - Processing file /home/ubuntu/redfin/lib/python3.10/site-packages/airflow/example_dags/example_latest_only_with_trigger.py for tasks to queue
[2023-12-03T23:12:40.594+0000] {logging_mixin.py:154} INFO - [2023-12-03T23:12:40.593+0000] {dagbag.py:536} INFO - Filling up the DagBag from /home/ubuntu/redfin/lib/python3.10/site-packages/airflow/example_dags/example_latest_only_with_trigger.py
[2023-12-03T23:12:40.601+0000] {processor.py:839} INFO - DAG(s) dict_keys(['latest_only_with_trigger']) retrieved from /home/ubuntu/redfin/lib/python3.10/site-packages/airflow/example_dags/example_latest_only_with_trigger.py
[2023-12-03T23:12:40.620+0000] {logging_mixin.py:154} INFO - [2023-12-03T23:12:40.619+0000] {dag.py:2941} INFO - Sync 1 DAGs
[2023-12-03T23:12:40.643+0000] {logging_mixin.py:154} INFO - [2023-12-03T23:12:40.642+0000] {dag.py:3722} INFO - Setting next_dagrun for latest_only_with_trigger to 2023-12-03T19:12:40.642546+00:00, run_after=2023-12-03T23:12:40.642546+00:00
[2023-12-03T23:12:40.666+0000] {processor.py:179} INFO - Processing /home/ubuntu/redfin/lib/python3.10/site-packages/airflow/example_dags/example_latest_only_with_trigger.py took 0.078 seconds
[2023-12-03T23:13:27.583+0000] {processor.py:157} INFO - Started process (PID=4115) to work on /home/ubuntu/redfin/lib/python3.10/site-packages/airflow/example_dags/example_latest_only_with_trigger.py
[2023-12-03T23:13:27.584+0000] {processor.py:829} INFO - Processing file /home/ubuntu/redfin/lib/python3.10/site-packages/airflow/example_dags/example_latest_only_with_trigger.py for tasks to queue
[2023-12-03T23:13:27.585+0000] {logging_mixin.py:154} INFO - [2023-12-03T23:13:27.585+0000] {dagbag.py:536} INFO - Filling up the DagBag from /home/ubuntu/redfin/lib/python3.10/site-packages/airflow/example_dags/example_latest_only_with_trigger.py
[2023-12-03T23:13:27.593+0000] {processor.py:839} INFO - DAG(s) dict_keys(['latest_only_with_trigger']) retrieved from /home/ubuntu/redfin/lib/python3.10/site-packages/airflow/example_dags/example_latest_only_with_trigger.py
[2023-12-03T23:13:27.612+0000] {logging_mixin.py:154} INFO - [2023-12-03T23:13:27.611+0000] {dag.py:2941} INFO - Sync 1 DAGs
[2023-12-03T23:13:27.632+0000] {logging_mixin.py:154} INFO - [2023-12-03T23:13:27.632+0000] {dag.py:3722} INFO - Setting next_dagrun for latest_only_with_trigger to 2023-12-03T19:13:27.632429+00:00, run_after=2023-12-03T23:13:27.632429+00:00
[2023-12-03T23:13:27.655+0000] {processor.py:179} INFO - Processing /home/ubuntu/redfin/lib/python3.10/site-packages/airflow/example_dags/example_latest_only_with_trigger.py took 0.076 seconds
[2023-12-03T23:14:12.811+0000] {processor.py:157} INFO - Started process (PID=4164) to work on /home/ubuntu/redfin/lib/python3.10/site-packages/airflow/example_dags/example_latest_only_with_trigger.py
[2023-12-03T23:14:12.812+0000] {processor.py:829} INFO - Processing file /home/ubuntu/redfin/lib/python3.10/site-packages/airflow/example_dags/example_latest_only_with_trigger.py for tasks to queue
[2023-12-03T23:14:12.813+0000] {logging_mixin.py:154} INFO - [2023-12-03T23:14:12.813+0000] {dagbag.py:536} INFO - Filling up the DagBag from /home/ubuntu/redfin/lib/python3.10/site-packages/airflow/example_dags/example_latest_only_with_trigger.py
[2023-12-03T23:14:12.820+0000] {processor.py:839} INFO - DAG(s) dict_keys(['latest_only_with_trigger']) retrieved from /home/ubuntu/redfin/lib/python3.10/site-packages/airflow/example_dags/example_latest_only_with_trigger.py
[2023-12-03T23:14:12.838+0000] {logging_mixin.py:154} INFO - [2023-12-03T23:14:12.838+0000] {dag.py:2941} INFO - Sync 1 DAGs
[2023-12-03T23:14:12.860+0000] {logging_mixin.py:154} INFO - [2023-12-03T23:14:12.859+0000] {dag.py:3722} INFO - Setting next_dagrun for latest_only_with_trigger to 2023-12-03T19:14:12.859712+00:00, run_after=2023-12-03T23:14:12.859712+00:00
[2023-12-03T23:14:12.882+0000] {processor.py:179} INFO - Processing /home/ubuntu/redfin/lib/python3.10/site-packages/airflow/example_dags/example_latest_only_with_trigger.py took 0.075 seconds
[2023-12-03T23:15:01.735+0000] {processor.py:157} INFO - Started process (PID=4216) to work on /home/ubuntu/redfin/lib/python3.10/site-packages/airflow/example_dags/example_latest_only_with_trigger.py
[2023-12-03T23:15:01.736+0000] {processor.py:829} INFO - Processing file /home/ubuntu/redfin/lib/python3.10/site-packages/airflow/example_dags/example_latest_only_with_trigger.py for tasks to queue
[2023-12-03T23:15:01.737+0000] {logging_mixin.py:154} INFO - [2023-12-03T23:15:01.737+0000] {dagbag.py:536} INFO - Filling up the DagBag from /home/ubuntu/redfin/lib/python3.10/site-packages/airflow/example_dags/example_latest_only_with_trigger.py
[2023-12-03T23:15:01.745+0000] {processor.py:839} INFO - DAG(s) dict_keys(['latest_only_with_trigger']) retrieved from /home/ubuntu/redfin/lib/python3.10/site-packages/airflow/example_dags/example_latest_only_with_trigger.py
[2023-12-03T23:15:01.764+0000] {logging_mixin.py:154} INFO - [2023-12-03T23:15:01.764+0000] {dag.py:2941} INFO - Sync 1 DAGs
[2023-12-03T23:15:01.786+0000] {logging_mixin.py:154} INFO - [2023-12-03T23:15:01.785+0000] {dag.py:3722} INFO - Setting next_dagrun for latest_only_with_trigger to 2023-12-03T19:15:01.785500+00:00, run_after=2023-12-03T23:15:01.785500+00:00
[2023-12-03T23:15:01.811+0000] {processor.py:179} INFO - Processing /home/ubuntu/redfin/lib/python3.10/site-packages/airflow/example_dags/example_latest_only_with_trigger.py took 0.079 seconds
[2023-12-03T23:15:52.029+0000] {processor.py:157} INFO - Started process (PID=4272) to work on /home/ubuntu/redfin/lib/python3.10/site-packages/airflow/example_dags/example_latest_only_with_trigger.py
[2023-12-03T23:15:52.031+0000] {processor.py:829} INFO - Processing file /home/ubuntu/redfin/lib/python3.10/site-packages/airflow/example_dags/example_latest_only_with_trigger.py for tasks to queue
[2023-12-03T23:15:52.032+0000] {logging_mixin.py:154} INFO - [2023-12-03T23:15:52.031+0000] {dagbag.py:536} INFO - Filling up the DagBag from /home/ubuntu/redfin/lib/python3.10/site-packages/airflow/example_dags/example_latest_only_with_trigger.py
[2023-12-03T23:15:52.039+0000] {processor.py:839} INFO - DAG(s) dict_keys(['latest_only_with_trigger']) retrieved from /home/ubuntu/redfin/lib/python3.10/site-packages/airflow/example_dags/example_latest_only_with_trigger.py
[2023-12-03T23:15:52.057+0000] {logging_mixin.py:154} INFO - [2023-12-03T23:15:52.057+0000] {dag.py:2941} INFO - Sync 1 DAGs
[2023-12-03T23:15:52.078+0000] {logging_mixin.py:154} INFO - [2023-12-03T23:15:52.078+0000] {dag.py:3722} INFO - Setting next_dagrun for latest_only_with_trigger to 2023-12-03T19:15:52.078134+00:00, run_after=2023-12-03T23:15:52.078134+00:00
[2023-12-03T23:15:52.100+0000] {processor.py:179} INFO - Processing /home/ubuntu/redfin/lib/python3.10/site-packages/airflow/example_dags/example_latest_only_with_trigger.py took 0.074 seconds
[2023-12-03T23:16:38.147+0000] {processor.py:157} INFO - Started process (PID=4323) to work on /home/ubuntu/redfin/lib/python3.10/site-packages/airflow/example_dags/example_latest_only_with_trigger.py
[2023-12-03T23:16:38.148+0000] {processor.py:829} INFO - Processing file /home/ubuntu/redfin/lib/python3.10/site-packages/airflow/example_dags/example_latest_only_with_trigger.py for tasks to queue
[2023-12-03T23:16:38.149+0000] {logging_mixin.py:154} INFO - [2023-12-03T23:16:38.149+0000] {dagbag.py:536} INFO - Filling up the DagBag from /home/ubuntu/redfin/lib/python3.10/site-packages/airflow/example_dags/example_latest_only_with_trigger.py
[2023-12-03T23:16:38.157+0000] {processor.py:839} INFO - DAG(s) dict_keys(['latest_only_with_trigger']) retrieved from /home/ubuntu/redfin/lib/python3.10/site-packages/airflow/example_dags/example_latest_only_with_trigger.py
[2023-12-03T23:16:38.175+0000] {logging_mixin.py:154} INFO - [2023-12-03T23:16:38.175+0000] {dag.py:2941} INFO - Sync 1 DAGs
[2023-12-03T23:16:38.197+0000] {logging_mixin.py:154} INFO - [2023-12-03T23:16:38.197+0000] {dag.py:3722} INFO - Setting next_dagrun for latest_only_with_trigger to 2023-12-03T19:16:38.197022+00:00, run_after=2023-12-03T23:16:38.197022+00:00
[2023-12-03T23:16:38.220+0000] {processor.py:179} INFO - Processing /home/ubuntu/redfin/lib/python3.10/site-packages/airflow/example_dags/example_latest_only_with_trigger.py took 0.076 seconds
[2023-12-03T23:17:25.299+0000] {processor.py:157} INFO - Started process (PID=4380) to work on /home/ubuntu/redfin/lib/python3.10/site-packages/airflow/example_dags/example_latest_only_with_trigger.py
[2023-12-03T23:17:25.301+0000] {processor.py:829} INFO - Processing file /home/ubuntu/redfin/lib/python3.10/site-packages/airflow/example_dags/example_latest_only_with_trigger.py for tasks to queue
[2023-12-03T23:17:25.301+0000] {logging_mixin.py:154} INFO - [2023-12-03T23:17:25.301+0000] {dagbag.py:536} INFO - Filling up the DagBag from /home/ubuntu/redfin/lib/python3.10/site-packages/airflow/example_dags/example_latest_only_with_trigger.py
[2023-12-03T23:17:25.309+0000] {processor.py:839} INFO - DAG(s) dict_keys(['latest_only_with_trigger']) retrieved from /home/ubuntu/redfin/lib/python3.10/site-packages/airflow/example_dags/example_latest_only_with_trigger.py
[2023-12-03T23:17:25.327+0000] {logging_mixin.py:154} INFO - [2023-12-03T23:17:25.327+0000] {dag.py:2941} INFO - Sync 1 DAGs
[2023-12-03T23:17:25.349+0000] {logging_mixin.py:154} INFO - [2023-12-03T23:17:25.348+0000] {dag.py:3722} INFO - Setting next_dagrun for latest_only_with_trigger to 2023-12-03T19:17:25.348408+00:00, run_after=2023-12-03T23:17:25.348408+00:00
[2023-12-03T23:17:25.371+0000] {processor.py:179} INFO - Processing /home/ubuntu/redfin/lib/python3.10/site-packages/airflow/example_dags/example_latest_only_with_trigger.py took 0.076 seconds
[2023-12-03T23:18:11.077+0000] {processor.py:157} INFO - Started process (PID=4429) to work on /home/ubuntu/redfin/lib/python3.10/site-packages/airflow/example_dags/example_latest_only_with_trigger.py
[2023-12-03T23:18:11.079+0000] {processor.py:829} INFO - Processing file /home/ubuntu/redfin/lib/python3.10/site-packages/airflow/example_dags/example_latest_only_with_trigger.py for tasks to queue
[2023-12-03T23:18:11.080+0000] {logging_mixin.py:154} INFO - [2023-12-03T23:18:11.079+0000] {dagbag.py:536} INFO - Filling up the DagBag from /home/ubuntu/redfin/lib/python3.10/site-packages/airflow/example_dags/example_latest_only_with_trigger.py
[2023-12-03T23:18:11.087+0000] {processor.py:839} INFO - DAG(s) dict_keys(['latest_only_with_trigger']) retrieved from /home/ubuntu/redfin/lib/python3.10/site-packages/airflow/example_dags/example_latest_only_with_trigger.py
[2023-12-03T23:18:11.107+0000] {logging_mixin.py:154} INFO - [2023-12-03T23:18:11.107+0000] {dag.py:2941} INFO - Sync 1 DAGs
[2023-12-03T23:18:11.128+0000] {logging_mixin.py:154} INFO - [2023-12-03T23:18:11.128+0000] {dag.py:3722} INFO - Setting next_dagrun for latest_only_with_trigger to 2023-12-03T19:18:11.127840+00:00, run_after=2023-12-03T23:18:11.127840+00:00
[2023-12-03T23:18:11.151+0000] {processor.py:179} INFO - Processing /home/ubuntu/redfin/lib/python3.10/site-packages/airflow/example_dags/example_latest_only_with_trigger.py took 0.077 seconds
[2023-12-03T23:18:55.254+0000] {processor.py:157} INFO - Started process (PID=4480) to work on /home/ubuntu/redfin/lib/python3.10/site-packages/airflow/example_dags/example_latest_only_with_trigger.py
[2023-12-03T23:18:55.255+0000] {processor.py:829} INFO - Processing file /home/ubuntu/redfin/lib/python3.10/site-packages/airflow/example_dags/example_latest_only_with_trigger.py for tasks to queue
[2023-12-03T23:18:55.256+0000] {logging_mixin.py:154} INFO - [2023-12-03T23:18:55.255+0000] {dagbag.py:536} INFO - Filling up the DagBag from /home/ubuntu/redfin/lib/python3.10/site-packages/airflow/example_dags/example_latest_only_with_trigger.py
[2023-12-03T23:18:55.263+0000] {processor.py:839} INFO - DAG(s) dict_keys(['latest_only_with_trigger']) retrieved from /home/ubuntu/redfin/lib/python3.10/site-packages/airflow/example_dags/example_latest_only_with_trigger.py
[2023-12-03T23:18:55.283+0000] {logging_mixin.py:154} INFO - [2023-12-03T23:18:55.282+0000] {dag.py:2941} INFO - Sync 1 DAGs
[2023-12-03T23:18:55.305+0000] {logging_mixin.py:154} INFO - [2023-12-03T23:18:55.305+0000] {dag.py:3722} INFO - Setting next_dagrun for latest_only_with_trigger to 2023-12-03T19:18:55.304994+00:00, run_after=2023-12-03T23:18:55.304994+00:00
[2023-12-03T23:18:55.328+0000] {processor.py:179} INFO - Processing /home/ubuntu/redfin/lib/python3.10/site-packages/airflow/example_dags/example_latest_only_with_trigger.py took 0.078 seconds
[2023-12-03T23:19:37.429+0000] {processor.py:157} INFO - Started process (PID=4527) to work on /home/ubuntu/redfin/lib/python3.10/site-packages/airflow/example_dags/example_latest_only_with_trigger.py
[2023-12-03T23:19:37.430+0000] {processor.py:829} INFO - Processing file /home/ubuntu/redfin/lib/python3.10/site-packages/airflow/example_dags/example_latest_only_with_trigger.py for tasks to queue
[2023-12-03T23:19:37.431+0000] {logging_mixin.py:154} INFO - [2023-12-03T23:19:37.431+0000] {dagbag.py:536} INFO - Filling up the DagBag from /home/ubuntu/redfin/lib/python3.10/site-packages/airflow/example_dags/example_latest_only_with_trigger.py
[2023-12-03T23:19:37.439+0000] {processor.py:839} INFO - DAG(s) dict_keys(['latest_only_with_trigger']) retrieved from /home/ubuntu/redfin/lib/python3.10/site-packages/airflow/example_dags/example_latest_only_with_trigger.py
[2023-12-03T23:19:37.457+0000] {logging_mixin.py:154} INFO - [2023-12-03T23:19:37.457+0000] {dag.py:2941} INFO - Sync 1 DAGs
[2023-12-03T23:19:37.478+0000] {logging_mixin.py:154} INFO - [2023-12-03T23:19:37.478+0000] {dag.py:3722} INFO - Setting next_dagrun for latest_only_with_trigger to 2023-12-03T19:19:37.477743+00:00, run_after=2023-12-03T23:19:37.477743+00:00
[2023-12-03T23:19:37.500+0000] {processor.py:179} INFO - Processing /home/ubuntu/redfin/lib/python3.10/site-packages/airflow/example_dags/example_latest_only_with_trigger.py took 0.075 seconds
[2023-12-03T23:20:21.673+0000] {processor.py:157} INFO - Started process (PID=4576) to work on /home/ubuntu/redfin/lib/python3.10/site-packages/airflow/example_dags/example_latest_only_with_trigger.py
[2023-12-03T23:20:21.674+0000] {processor.py:829} INFO - Processing file /home/ubuntu/redfin/lib/python3.10/site-packages/airflow/example_dags/example_latest_only_with_trigger.py for tasks to queue
[2023-12-03T23:20:21.675+0000] {logging_mixin.py:154} INFO - [2023-12-03T23:20:21.674+0000] {dagbag.py:536} INFO - Filling up the DagBag from /home/ubuntu/redfin/lib/python3.10/site-packages/airflow/example_dags/example_latest_only_with_trigger.py
[2023-12-03T23:20:21.682+0000] {processor.py:839} INFO - DAG(s) dict_keys(['latest_only_with_trigger']) retrieved from /home/ubuntu/redfin/lib/python3.10/site-packages/airflow/example_dags/example_latest_only_with_trigger.py
[2023-12-03T23:20:21.700+0000] {logging_mixin.py:154} INFO - [2023-12-03T23:20:21.699+0000] {dag.py:2941} INFO - Sync 1 DAGs
[2023-12-03T23:20:21.722+0000] {logging_mixin.py:154} INFO - [2023-12-03T23:20:21.722+0000] {dag.py:3722} INFO - Setting next_dagrun for latest_only_with_trigger to 2023-12-03T19:20:21.721715+00:00, run_after=2023-12-03T23:20:21.721715+00:00
[2023-12-03T23:20:21.754+0000] {processor.py:179} INFO - Processing /home/ubuntu/redfin/lib/python3.10/site-packages/airflow/example_dags/example_latest_only_with_trigger.py took 0.085 seconds
[2023-12-03T23:21:05.377+0000] {processor.py:157} INFO - Started process (PID=4623) to work on /home/ubuntu/redfin/lib/python3.10/site-packages/airflow/example_dags/example_latest_only_with_trigger.py
[2023-12-03T23:21:05.378+0000] {processor.py:829} INFO - Processing file /home/ubuntu/redfin/lib/python3.10/site-packages/airflow/example_dags/example_latest_only_with_trigger.py for tasks to queue
[2023-12-03T23:21:05.379+0000] {logging_mixin.py:154} INFO - [2023-12-03T23:21:05.379+0000] {dagbag.py:536} INFO - Filling up the DagBag from /home/ubuntu/redfin/lib/python3.10/site-packages/airflow/example_dags/example_latest_only_with_trigger.py
[2023-12-03T23:21:05.387+0000] {processor.py:839} INFO - DAG(s) dict_keys(['latest_only_with_trigger']) retrieved from /home/ubuntu/redfin/lib/python3.10/site-packages/airflow/example_dags/example_latest_only_with_trigger.py
[2023-12-03T23:21:05.406+0000] {logging_mixin.py:154} INFO - [2023-12-03T23:21:05.406+0000] {dag.py:2941} INFO - Sync 1 DAGs
[2023-12-03T23:21:05.428+0000] {logging_mixin.py:154} INFO - [2023-12-03T23:21:05.428+0000] {dag.py:3722} INFO - Setting next_dagrun for latest_only_with_trigger to 2023-12-03T19:21:05.428038+00:00, run_after=2023-12-03T23:21:05.428038+00:00
[2023-12-03T23:21:05.453+0000] {processor.py:179} INFO - Processing /home/ubuntu/redfin/lib/python3.10/site-packages/airflow/example_dags/example_latest_only_with_trigger.py took 0.080 seconds
[2023-12-03T23:21:54.912+0000] {processor.py:157} INFO - Started process (PID=4678) to work on /home/ubuntu/redfin/lib/python3.10/site-packages/airflow/example_dags/example_latest_only_with_trigger.py
[2023-12-03T23:21:54.914+0000] {processor.py:829} INFO - Processing file /home/ubuntu/redfin/lib/python3.10/site-packages/airflow/example_dags/example_latest_only_with_trigger.py for tasks to queue
[2023-12-03T23:21:54.915+0000] {logging_mixin.py:154} INFO - [2023-12-03T23:21:54.914+0000] {dagbag.py:536} INFO - Filling up the DagBag from /home/ubuntu/redfin/lib/python3.10/site-packages/airflow/example_dags/example_latest_only_with_trigger.py
[2023-12-03T23:21:54.922+0000] {processor.py:839} INFO - DAG(s) dict_keys(['latest_only_with_trigger']) retrieved from /home/ubuntu/redfin/lib/python3.10/site-packages/airflow/example_dags/example_latest_only_with_trigger.py
[2023-12-03T23:21:54.941+0000] {logging_mixin.py:154} INFO - [2023-12-03T23:21:54.941+0000] {dag.py:2941} INFO - Sync 1 DAGs
[2023-12-03T23:21:54.963+0000] {logging_mixin.py:154} INFO - [2023-12-03T23:21:54.962+0000] {dag.py:3722} INFO - Setting next_dagrun for latest_only_with_trigger to 2023-12-03T19:21:54.962457+00:00, run_after=2023-12-03T23:21:54.962457+00:00
[2023-12-03T23:21:54.985+0000] {processor.py:179} INFO - Processing /home/ubuntu/redfin/lib/python3.10/site-packages/airflow/example_dags/example_latest_only_with_trigger.py took 0.076 seconds
[2023-12-03T23:22:42.806+0000] {processor.py:157} INFO - Started process (PID=4731) to work on /home/ubuntu/redfin/lib/python3.10/site-packages/airflow/example_dags/example_latest_only_with_trigger.py
[2023-12-03T23:22:42.808+0000] {processor.py:829} INFO - Processing file /home/ubuntu/redfin/lib/python3.10/site-packages/airflow/example_dags/example_latest_only_with_trigger.py for tasks to queue
[2023-12-03T23:22:42.809+0000] {logging_mixin.py:154} INFO - [2023-12-03T23:22:42.808+0000] {dagbag.py:536} INFO - Filling up the DagBag from /home/ubuntu/redfin/lib/python3.10/site-packages/airflow/example_dags/example_latest_only_with_trigger.py
[2023-12-03T23:22:42.816+0000] {processor.py:839} INFO - DAG(s) dict_keys(['latest_only_with_trigger']) retrieved from /home/ubuntu/redfin/lib/python3.10/site-packages/airflow/example_dags/example_latest_only_with_trigger.py
[2023-12-03T23:22:42.836+0000] {logging_mixin.py:154} INFO - [2023-12-03T23:22:42.835+0000] {dag.py:2941} INFO - Sync 1 DAGs
[2023-12-03T23:22:42.859+0000] {logging_mixin.py:154} INFO - [2023-12-03T23:22:42.858+0000] {dag.py:3722} INFO - Setting next_dagrun for latest_only_with_trigger to 2023-12-03T19:22:42.858593+00:00, run_after=2023-12-03T23:22:42.858593+00:00
[2023-12-03T23:22:42.883+0000] {processor.py:179} INFO - Processing /home/ubuntu/redfin/lib/python3.10/site-packages/airflow/example_dags/example_latest_only_with_trigger.py took 0.080 seconds
[2023-12-03T23:23:28.679+0000] {processor.py:157} INFO - Started process (PID=4781) to work on /home/ubuntu/redfin/lib/python3.10/site-packages/airflow/example_dags/example_latest_only_with_trigger.py
[2023-12-03T23:23:28.681+0000] {processor.py:829} INFO - Processing file /home/ubuntu/redfin/lib/python3.10/site-packages/airflow/example_dags/example_latest_only_with_trigger.py for tasks to queue
[2023-12-03T23:23:28.681+0000] {logging_mixin.py:154} INFO - [2023-12-03T23:23:28.681+0000] {dagbag.py:536} INFO - Filling up the DagBag from /home/ubuntu/redfin/lib/python3.10/site-packages/airflow/example_dags/example_latest_only_with_trigger.py
[2023-12-03T23:23:28.689+0000] {processor.py:839} INFO - DAG(s) dict_keys(['latest_only_with_trigger']) retrieved from /home/ubuntu/redfin/lib/python3.10/site-packages/airflow/example_dags/example_latest_only_with_trigger.py
[2023-12-03T23:23:28.707+0000] {logging_mixin.py:154} INFO - [2023-12-03T23:23:28.707+0000] {dag.py:2941} INFO - Sync 1 DAGs
[2023-12-03T23:23:28.728+0000] {logging_mixin.py:154} INFO - [2023-12-03T23:23:28.728+0000] {dag.py:3722} INFO - Setting next_dagrun for latest_only_with_trigger to 2023-12-03T19:23:28.727938+00:00, run_after=2023-12-03T23:23:28.727938+00:00
[2023-12-03T23:23:28.751+0000] {processor.py:179} INFO - Processing /home/ubuntu/redfin/lib/python3.10/site-packages/airflow/example_dags/example_latest_only_with_trigger.py took 0.075 seconds
[2023-12-03T23:24:16.656+0000] {processor.py:157} INFO - Started process (PID=4835) to work on /home/ubuntu/redfin/lib/python3.10/site-packages/airflow/example_dags/example_latest_only_with_trigger.py
[2023-12-03T23:24:16.658+0000] {processor.py:829} INFO - Processing file /home/ubuntu/redfin/lib/python3.10/site-packages/airflow/example_dags/example_latest_only_with_trigger.py for tasks to queue
[2023-12-03T23:24:16.658+0000] {logging_mixin.py:154} INFO - [2023-12-03T23:24:16.658+0000] {dagbag.py:536} INFO - Filling up the DagBag from /home/ubuntu/redfin/lib/python3.10/site-packages/airflow/example_dags/example_latest_only_with_trigger.py
[2023-12-03T23:24:16.665+0000] {processor.py:839} INFO - DAG(s) dict_keys(['latest_only_with_trigger']) retrieved from /home/ubuntu/redfin/lib/python3.10/site-packages/airflow/example_dags/example_latest_only_with_trigger.py
[2023-12-03T23:24:16.683+0000] {logging_mixin.py:154} INFO - [2023-12-03T23:24:16.683+0000] {dag.py:2941} INFO - Sync 1 DAGs
[2023-12-03T23:24:16.704+0000] {logging_mixin.py:154} INFO - [2023-12-03T23:24:16.704+0000] {dag.py:3722} INFO - Setting next_dagrun for latest_only_with_trigger to 2023-12-03T19:24:16.703937+00:00, run_after=2023-12-03T23:24:16.703937+00:00
[2023-12-03T23:24:16.725+0000] {processor.py:179} INFO - Processing /home/ubuntu/redfin/lib/python3.10/site-packages/airflow/example_dags/example_latest_only_with_trigger.py took 0.073 seconds
[2023-12-03T23:25:03.337+0000] {processor.py:157} INFO - Started process (PID=4885) to work on /home/ubuntu/redfin/lib/python3.10/site-packages/airflow/example_dags/example_latest_only_with_trigger.py
[2023-12-03T23:25:03.338+0000] {processor.py:829} INFO - Processing file /home/ubuntu/redfin/lib/python3.10/site-packages/airflow/example_dags/example_latest_only_with_trigger.py for tasks to queue
[2023-12-03T23:25:03.339+0000] {logging_mixin.py:154} INFO - [2023-12-03T23:25:03.338+0000] {dagbag.py:536} INFO - Filling up the DagBag from /home/ubuntu/redfin/lib/python3.10/site-packages/airflow/example_dags/example_latest_only_with_trigger.py
[2023-12-03T23:25:03.346+0000] {processor.py:839} INFO - DAG(s) dict_keys(['latest_only_with_trigger']) retrieved from /home/ubuntu/redfin/lib/python3.10/site-packages/airflow/example_dags/example_latest_only_with_trigger.py
[2023-12-03T23:25:03.365+0000] {logging_mixin.py:154} INFO - [2023-12-03T23:25:03.365+0000] {dag.py:2941} INFO - Sync 1 DAGs
[2023-12-03T23:25:03.386+0000] {logging_mixin.py:154} INFO - [2023-12-03T23:25:03.385+0000] {dag.py:3722} INFO - Setting next_dagrun for latest_only_with_trigger to 2023-12-03T19:25:03.385595+00:00, run_after=2023-12-03T23:25:03.385595+00:00
[2023-12-03T23:25:03.408+0000] {processor.py:179} INFO - Processing /home/ubuntu/redfin/lib/python3.10/site-packages/airflow/example_dags/example_latest_only_with_trigger.py took 0.075 seconds
[2023-12-03T23:25:52.365+0000] {processor.py:157} INFO - Started process (PID=4940) to work on /home/ubuntu/redfin/lib/python3.10/site-packages/airflow/example_dags/example_latest_only_with_trigger.py
[2023-12-03T23:25:52.366+0000] {processor.py:829} INFO - Processing file /home/ubuntu/redfin/lib/python3.10/site-packages/airflow/example_dags/example_latest_only_with_trigger.py for tasks to queue
[2023-12-03T23:25:52.367+0000] {logging_mixin.py:154} INFO - [2023-12-03T23:25:52.367+0000] {dagbag.py:536} INFO - Filling up the DagBag from /home/ubuntu/redfin/lib/python3.10/site-packages/airflow/example_dags/example_latest_only_with_trigger.py
[2023-12-03T23:25:52.375+0000] {processor.py:839} INFO - DAG(s) dict_keys(['latest_only_with_trigger']) retrieved from /home/ubuntu/redfin/lib/python3.10/site-packages/airflow/example_dags/example_latest_only_with_trigger.py
[2023-12-03T23:25:52.394+0000] {logging_mixin.py:154} INFO - [2023-12-03T23:25:52.394+0000] {dag.py:2941} INFO - Sync 1 DAGs
[2023-12-03T23:25:52.416+0000] {logging_mixin.py:154} INFO - [2023-12-03T23:25:52.416+0000] {dag.py:3722} INFO - Setting next_dagrun for latest_only_with_trigger to 2023-12-03T19:25:52.415822+00:00, run_after=2023-12-03T23:25:52.415822+00:00
[2023-12-03T23:25:52.439+0000] {processor.py:179} INFO - Processing /home/ubuntu/redfin/lib/python3.10/site-packages/airflow/example_dags/example_latest_only_with_trigger.py took 0.078 seconds
[2023-12-03T23:26:39.550+0000] {processor.py:157} INFO - Started process (PID=4992) to work on /home/ubuntu/redfin/lib/python3.10/site-packages/airflow/example_dags/example_latest_only_with_trigger.py
[2023-12-03T23:26:39.552+0000] {processor.py:829} INFO - Processing file /home/ubuntu/redfin/lib/python3.10/site-packages/airflow/example_dags/example_latest_only_with_trigger.py for tasks to queue
[2023-12-03T23:26:39.553+0000] {logging_mixin.py:154} INFO - [2023-12-03T23:26:39.552+0000] {dagbag.py:536} INFO - Filling up the DagBag from /home/ubuntu/redfin/lib/python3.10/site-packages/airflow/example_dags/example_latest_only_with_trigger.py
[2023-12-03T23:26:39.560+0000] {processor.py:839} INFO - DAG(s) dict_keys(['latest_only_with_trigger']) retrieved from /home/ubuntu/redfin/lib/python3.10/site-packages/airflow/example_dags/example_latest_only_with_trigger.py
[2023-12-03T23:26:39.579+0000] {logging_mixin.py:154} INFO - [2023-12-03T23:26:39.579+0000] {dag.py:2941} INFO - Sync 1 DAGs
[2023-12-03T23:26:39.601+0000] {logging_mixin.py:154} INFO - [2023-12-03T23:26:39.601+0000] {dag.py:3722} INFO - Setting next_dagrun for latest_only_with_trigger to 2023-12-03T19:26:39.600786+00:00, run_after=2023-12-03T23:26:39.600786+00:00
[2023-12-03T23:26:39.624+0000] {processor.py:179} INFO - Processing /home/ubuntu/redfin/lib/python3.10/site-packages/airflow/example_dags/example_latest_only_with_trigger.py took 0.078 seconds
[2023-12-03T23:27:23.760+0000] {processor.py:157} INFO - Started process (PID=5041) to work on /home/ubuntu/redfin/lib/python3.10/site-packages/airflow/example_dags/example_latest_only_with_trigger.py
[2023-12-03T23:27:23.762+0000] {processor.py:829} INFO - Processing file /home/ubuntu/redfin/lib/python3.10/site-packages/airflow/example_dags/example_latest_only_with_trigger.py for tasks to queue
[2023-12-03T23:27:23.763+0000] {logging_mixin.py:154} INFO - [2023-12-03T23:27:23.762+0000] {dagbag.py:536} INFO - Filling up the DagBag from /home/ubuntu/redfin/lib/python3.10/site-packages/airflow/example_dags/example_latest_only_with_trigger.py
[2023-12-03T23:27:23.771+0000] {processor.py:839} INFO - DAG(s) dict_keys(['latest_only_with_trigger']) retrieved from /home/ubuntu/redfin/lib/python3.10/site-packages/airflow/example_dags/example_latest_only_with_trigger.py
[2023-12-03T23:27:23.791+0000] {logging_mixin.py:154} INFO - [2023-12-03T23:27:23.791+0000] {dag.py:2941} INFO - Sync 1 DAGs
[2023-12-03T23:27:23.814+0000] {logging_mixin.py:154} INFO - [2023-12-03T23:27:23.814+0000] {dag.py:3722} INFO - Setting next_dagrun for latest_only_with_trigger to 2023-12-03T19:27:23.813655+00:00, run_after=2023-12-03T23:27:23.813655+00:00
[2023-12-03T23:27:23.839+0000] {processor.py:179} INFO - Processing /home/ubuntu/redfin/lib/python3.10/site-packages/airflow/example_dags/example_latest_only_with_trigger.py took 0.083 seconds
[2023-12-03T23:28:04.755+0000] {processor.py:157} INFO - Started process (PID=5088) to work on /home/ubuntu/redfin/lib/python3.10/site-packages/airflow/example_dags/example_latest_only_with_trigger.py
[2023-12-03T23:28:04.756+0000] {processor.py:829} INFO - Processing file /home/ubuntu/redfin/lib/python3.10/site-packages/airflow/example_dags/example_latest_only_with_trigger.py for tasks to queue
[2023-12-03T23:28:04.757+0000] {logging_mixin.py:154} INFO - [2023-12-03T23:28:04.757+0000] {dagbag.py:536} INFO - Filling up the DagBag from /home/ubuntu/redfin/lib/python3.10/site-packages/airflow/example_dags/example_latest_only_with_trigger.py
[2023-12-03T23:28:04.764+0000] {processor.py:839} INFO - DAG(s) dict_keys(['latest_only_with_trigger']) retrieved from /home/ubuntu/redfin/lib/python3.10/site-packages/airflow/example_dags/example_latest_only_with_trigger.py
[2023-12-03T23:28:04.782+0000] {logging_mixin.py:154} INFO - [2023-12-03T23:28:04.782+0000] {dag.py:2941} INFO - Sync 1 DAGs
[2023-12-03T23:28:04.803+0000] {logging_mixin.py:154} INFO - [2023-12-03T23:28:04.803+0000] {dag.py:3722} INFO - Setting next_dagrun for latest_only_with_trigger to 2023-12-03T19:28:04.802870+00:00, run_after=2023-12-03T23:28:04.802870+00:00
[2023-12-03T23:28:04.826+0000] {processor.py:179} INFO - Processing /home/ubuntu/redfin/lib/python3.10/site-packages/airflow/example_dags/example_latest_only_with_trigger.py took 0.075 seconds
[2023-12-03T23:28:54.267+0000] {processor.py:157} INFO - Started process (PID=5139) to work on /home/ubuntu/redfin/lib/python3.10/site-packages/airflow/example_dags/example_latest_only_with_trigger.py
[2023-12-03T23:28:54.268+0000] {processor.py:829} INFO - Processing file /home/ubuntu/redfin/lib/python3.10/site-packages/airflow/example_dags/example_latest_only_with_trigger.py for tasks to queue
[2023-12-03T23:28:54.269+0000] {logging_mixin.py:154} INFO - [2023-12-03T23:28:54.269+0000] {dagbag.py:536} INFO - Filling up the DagBag from /home/ubuntu/redfin/lib/python3.10/site-packages/airflow/example_dags/example_latest_only_with_trigger.py
[2023-12-03T23:28:54.277+0000] {processor.py:839} INFO - DAG(s) dict_keys(['latest_only_with_trigger']) retrieved from /home/ubuntu/redfin/lib/python3.10/site-packages/airflow/example_dags/example_latest_only_with_trigger.py
[2023-12-03T23:28:54.296+0000] {logging_mixin.py:154} INFO - [2023-12-03T23:28:54.296+0000] {dag.py:2941} INFO - Sync 1 DAGs
[2023-12-03T23:28:54.318+0000] {logging_mixin.py:154} INFO - [2023-12-03T23:28:54.317+0000] {dag.py:3722} INFO - Setting next_dagrun for latest_only_with_trigger to 2023-12-03T19:28:54.317694+00:00, run_after=2023-12-03T23:28:54.317694+00:00
[2023-12-03T23:28:54.341+0000] {processor.py:179} INFO - Processing /home/ubuntu/redfin/lib/python3.10/site-packages/airflow/example_dags/example_latest_only_with_trigger.py took 0.077 seconds
[2023-12-03T23:29:42.126+0000] {processor.py:157} INFO - Started process (PID=5192) to work on /home/ubuntu/redfin/lib/python3.10/site-packages/airflow/example_dags/example_latest_only_with_trigger.py
[2023-12-03T23:29:42.127+0000] {processor.py:829} INFO - Processing file /home/ubuntu/redfin/lib/python3.10/site-packages/airflow/example_dags/example_latest_only_with_trigger.py for tasks to queue
[2023-12-03T23:29:42.128+0000] {logging_mixin.py:154} INFO - [2023-12-03T23:29:42.128+0000] {dagbag.py:536} INFO - Filling up the DagBag from /home/ubuntu/redfin/lib/python3.10/site-packages/airflow/example_dags/example_latest_only_with_trigger.py
[2023-12-03T23:29:42.135+0000] {processor.py:839} INFO - DAG(s) dict_keys(['latest_only_with_trigger']) retrieved from /home/ubuntu/redfin/lib/python3.10/site-packages/airflow/example_dags/example_latest_only_with_trigger.py
[2023-12-03T23:29:42.154+0000] {logging_mixin.py:154} INFO - [2023-12-03T23:29:42.154+0000] {dag.py:2941} INFO - Sync 1 DAGs
[2023-12-03T23:29:42.176+0000] {logging_mixin.py:154} INFO - [2023-12-03T23:29:42.176+0000] {dag.py:3722} INFO - Setting next_dagrun for latest_only_with_trigger to 2023-12-03T19:29:42.175714+00:00, run_after=2023-12-03T23:29:42.175714+00:00
[2023-12-03T23:29:42.199+0000] {processor.py:179} INFO - Processing /home/ubuntu/redfin/lib/python3.10/site-packages/airflow/example_dags/example_latest_only_with_trigger.py took 0.077 seconds
[2023-12-03T23:30:29.986+0000] {processor.py:157} INFO - Started process (PID=5246) to work on /home/ubuntu/redfin/lib/python3.10/site-packages/airflow/example_dags/example_latest_only_with_trigger.py
[2023-12-03T23:30:29.988+0000] {processor.py:829} INFO - Processing file /home/ubuntu/redfin/lib/python3.10/site-packages/airflow/example_dags/example_latest_only_with_trigger.py for tasks to queue
[2023-12-03T23:30:29.989+0000] {logging_mixin.py:154} INFO - [2023-12-03T23:30:29.988+0000] {dagbag.py:536} INFO - Filling up the DagBag from /home/ubuntu/redfin/lib/python3.10/site-packages/airflow/example_dags/example_latest_only_with_trigger.py
[2023-12-03T23:30:29.996+0000] {processor.py:839} INFO - DAG(s) dict_keys(['latest_only_with_trigger']) retrieved from /home/ubuntu/redfin/lib/python3.10/site-packages/airflow/example_dags/example_latest_only_with_trigger.py
[2023-12-03T23:30:30.016+0000] {logging_mixin.py:154} INFO - [2023-12-03T23:30:30.016+0000] {dag.py:2941} INFO - Sync 1 DAGs
[2023-12-03T23:30:30.038+0000] {logging_mixin.py:154} INFO - [2023-12-03T23:30:30.038+0000] {dag.py:3722} INFO - Setting next_dagrun for latest_only_with_trigger to 2023-12-03T19:30:30.038012+00:00, run_after=2023-12-03T23:30:30.038012+00:00
[2023-12-03T23:30:30.062+0000] {processor.py:179} INFO - Processing /home/ubuntu/redfin/lib/python3.10/site-packages/airflow/example_dags/example_latest_only_with_trigger.py took 0.080 seconds
[2023-12-03T23:31:15.229+0000] {processor.py:157} INFO - Started process (PID=5295) to work on /home/ubuntu/redfin/lib/python3.10/site-packages/airflow/example_dags/example_latest_only_with_trigger.py
[2023-12-03T23:31:15.230+0000] {processor.py:829} INFO - Processing file /home/ubuntu/redfin/lib/python3.10/site-packages/airflow/example_dags/example_latest_only_with_trigger.py for tasks to queue
[2023-12-03T23:31:15.231+0000] {logging_mixin.py:154} INFO - [2023-12-03T23:31:15.230+0000] {dagbag.py:536} INFO - Filling up the DagBag from /home/ubuntu/redfin/lib/python3.10/site-packages/airflow/example_dags/example_latest_only_with_trigger.py
[2023-12-03T23:31:15.238+0000] {processor.py:839} INFO - DAG(s) dict_keys(['latest_only_with_trigger']) retrieved from /home/ubuntu/redfin/lib/python3.10/site-packages/airflow/example_dags/example_latest_only_with_trigger.py
[2023-12-03T23:31:15.258+0000] {logging_mixin.py:154} INFO - [2023-12-03T23:31:15.258+0000] {dag.py:2941} INFO - Sync 1 DAGs
[2023-12-03T23:31:15.280+0000] {logging_mixin.py:154} INFO - [2023-12-03T23:31:15.280+0000] {dag.py:3722} INFO - Setting next_dagrun for latest_only_with_trigger to 2023-12-03T19:31:15.280080+00:00, run_after=2023-12-03T23:31:15.280080+00:00
[2023-12-03T23:31:15.302+0000] {processor.py:179} INFO - Processing /home/ubuntu/redfin/lib/python3.10/site-packages/airflow/example_dags/example_latest_only_with_trigger.py took 0.077 seconds
[2023-12-03T23:32:03.424+0000] {processor.py:157} INFO - Started process (PID=5347) to work on /home/ubuntu/redfin/lib/python3.10/site-packages/airflow/example_dags/example_latest_only_with_trigger.py
[2023-12-03T23:32:03.426+0000] {processor.py:829} INFO - Processing file /home/ubuntu/redfin/lib/python3.10/site-packages/airflow/example_dags/example_latest_only_with_trigger.py for tasks to queue
[2023-12-03T23:32:03.427+0000] {logging_mixin.py:154} INFO - [2023-12-03T23:32:03.426+0000] {dagbag.py:536} INFO - Filling up the DagBag from /home/ubuntu/redfin/lib/python3.10/site-packages/airflow/example_dags/example_latest_only_with_trigger.py
[2023-12-03T23:32:03.434+0000] {processor.py:839} INFO - DAG(s) dict_keys(['latest_only_with_trigger']) retrieved from /home/ubuntu/redfin/lib/python3.10/site-packages/airflow/example_dags/example_latest_only_with_trigger.py
[2023-12-03T23:32:03.452+0000] {logging_mixin.py:154} INFO - [2023-12-03T23:32:03.452+0000] {dag.py:2941} INFO - Sync 1 DAGs
[2023-12-03T23:32:03.472+0000] {logging_mixin.py:154} INFO - [2023-12-03T23:32:03.472+0000] {dag.py:3722} INFO - Setting next_dagrun for latest_only_with_trigger to 2023-12-03T19:32:03.472314+00:00, run_after=2023-12-03T23:32:03.472314+00:00
[2023-12-03T23:32:03.494+0000] {processor.py:179} INFO - Processing /home/ubuntu/redfin/lib/python3.10/site-packages/airflow/example_dags/example_latest_only_with_trigger.py took 0.073 seconds
[2023-12-03T23:32:47.037+0000] {processor.py:157} INFO - Started process (PID=5396) to work on /home/ubuntu/redfin/lib/python3.10/site-packages/airflow/example_dags/example_latest_only_with_trigger.py
[2023-12-03T23:32:47.038+0000] {processor.py:829} INFO - Processing file /home/ubuntu/redfin/lib/python3.10/site-packages/airflow/example_dags/example_latest_only_with_trigger.py for tasks to queue
[2023-12-03T23:32:47.039+0000] {logging_mixin.py:154} INFO - [2023-12-03T23:32:47.039+0000] {dagbag.py:536} INFO - Filling up the DagBag from /home/ubuntu/redfin/lib/python3.10/site-packages/airflow/example_dags/example_latest_only_with_trigger.py
[2023-12-03T23:32:47.046+0000] {processor.py:839} INFO - DAG(s) dict_keys(['latest_only_with_trigger']) retrieved from /home/ubuntu/redfin/lib/python3.10/site-packages/airflow/example_dags/example_latest_only_with_trigger.py
[2023-12-03T23:32:47.064+0000] {logging_mixin.py:154} INFO - [2023-12-03T23:32:47.064+0000] {dag.py:2941} INFO - Sync 1 DAGs
[2023-12-03T23:32:47.085+0000] {logging_mixin.py:154} INFO - [2023-12-03T23:32:47.084+0000] {dag.py:3722} INFO - Setting next_dagrun for latest_only_with_trigger to 2023-12-03T19:32:47.084681+00:00, run_after=2023-12-03T23:32:47.084681+00:00
[2023-12-03T23:32:47.107+0000] {processor.py:179} INFO - Processing /home/ubuntu/redfin/lib/python3.10/site-packages/airflow/example_dags/example_latest_only_with_trigger.py took 0.074 seconds
[2023-12-03T23:33:33.406+0000] {processor.py:157} INFO - Started process (PID=5445) to work on /home/ubuntu/redfin/lib/python3.10/site-packages/airflow/example_dags/example_latest_only_with_trigger.py
[2023-12-03T23:33:33.408+0000] {processor.py:829} INFO - Processing file /home/ubuntu/redfin/lib/python3.10/site-packages/airflow/example_dags/example_latest_only_with_trigger.py for tasks to queue
[2023-12-03T23:33:33.408+0000] {logging_mixin.py:154} INFO - [2023-12-03T23:33:33.408+0000] {dagbag.py:536} INFO - Filling up the DagBag from /home/ubuntu/redfin/lib/python3.10/site-packages/airflow/example_dags/example_latest_only_with_trigger.py
[2023-12-03T23:33:33.416+0000] {processor.py:839} INFO - DAG(s) dict_keys(['latest_only_with_trigger']) retrieved from /home/ubuntu/redfin/lib/python3.10/site-packages/airflow/example_dags/example_latest_only_with_trigger.py
[2023-12-03T23:33:33.434+0000] {logging_mixin.py:154} INFO - [2023-12-03T23:33:33.434+0000] {dag.py:2941} INFO - Sync 1 DAGs
[2023-12-03T23:33:33.455+0000] {logging_mixin.py:154} INFO - [2023-12-03T23:33:33.455+0000] {dag.py:3722} INFO - Setting next_dagrun for latest_only_with_trigger to 2023-12-03T19:33:33.454637+00:00, run_after=2023-12-03T23:33:33.454637+00:00
[2023-12-03T23:33:33.477+0000] {processor.py:179} INFO - Processing /home/ubuntu/redfin/lib/python3.10/site-packages/airflow/example_dags/example_latest_only_with_trigger.py took 0.075 seconds
[2023-12-03T23:34:19.770+0000] {processor.py:157} INFO - Started process (PID=5498) to work on /home/ubuntu/redfin/lib/python3.10/site-packages/airflow/example_dags/example_latest_only_with_trigger.py
[2023-12-03T23:34:19.771+0000] {processor.py:829} INFO - Processing file /home/ubuntu/redfin/lib/python3.10/site-packages/airflow/example_dags/example_latest_only_with_trigger.py for tasks to queue
[2023-12-03T23:34:19.772+0000] {logging_mixin.py:154} INFO - [2023-12-03T23:34:19.772+0000] {dagbag.py:536} INFO - Filling up the DagBag from /home/ubuntu/redfin/lib/python3.10/site-packages/airflow/example_dags/example_latest_only_with_trigger.py
[2023-12-03T23:34:19.779+0000] {processor.py:839} INFO - DAG(s) dict_keys(['latest_only_with_trigger']) retrieved from /home/ubuntu/redfin/lib/python3.10/site-packages/airflow/example_dags/example_latest_only_with_trigger.py
[2023-12-03T23:34:19.798+0000] {logging_mixin.py:154} INFO - [2023-12-03T23:34:19.798+0000] {dag.py:2941} INFO - Sync 1 DAGs
[2023-12-03T23:34:19.819+0000] {logging_mixin.py:154} INFO - [2023-12-03T23:34:19.819+0000] {dag.py:3722} INFO - Setting next_dagrun for latest_only_with_trigger to 2023-12-03T19:34:19.819142+00:00, run_after=2023-12-03T23:34:19.819142+00:00
[2023-12-03T23:34:19.841+0000] {processor.py:179} INFO - Processing /home/ubuntu/redfin/lib/python3.10/site-packages/airflow/example_dags/example_latest_only_with_trigger.py took 0.075 seconds
[2023-12-03T23:35:08.886+0000] {processor.py:157} INFO - Started process (PID=5550) to work on /home/ubuntu/redfin/lib/python3.10/site-packages/airflow/example_dags/example_latest_only_with_trigger.py
[2023-12-03T23:35:08.888+0000] {processor.py:829} INFO - Processing file /home/ubuntu/redfin/lib/python3.10/site-packages/airflow/example_dags/example_latest_only_with_trigger.py for tasks to queue
[2023-12-03T23:35:08.889+0000] {logging_mixin.py:154} INFO - [2023-12-03T23:35:08.888+0000] {dagbag.py:536} INFO - Filling up the DagBag from /home/ubuntu/redfin/lib/python3.10/site-packages/airflow/example_dags/example_latest_only_with_trigger.py
[2023-12-03T23:35:08.896+0000] {processor.py:839} INFO - DAG(s) dict_keys(['latest_only_with_trigger']) retrieved from /home/ubuntu/redfin/lib/python3.10/site-packages/airflow/example_dags/example_latest_only_with_trigger.py
[2023-12-03T23:35:08.915+0000] {logging_mixin.py:154} INFO - [2023-12-03T23:35:08.915+0000] {dag.py:2941} INFO - Sync 1 DAGs
[2023-12-03T23:35:08.938+0000] {logging_mixin.py:154} INFO - [2023-12-03T23:35:08.938+0000] {dag.py:3722} INFO - Setting next_dagrun for latest_only_with_trigger to 2023-12-03T19:35:08.938264+00:00, run_after=2023-12-03T23:35:08.938264+00:00
[2023-12-03T23:35:08.962+0000] {processor.py:179} INFO - Processing /home/ubuntu/redfin/lib/python3.10/site-packages/airflow/example_dags/example_latest_only_with_trigger.py took 0.080 seconds
[2023-12-03T23:35:57.126+0000] {processor.py:157} INFO - Started process (PID=5605) to work on /home/ubuntu/redfin/lib/python3.10/site-packages/airflow/example_dags/example_latest_only_with_trigger.py
[2023-12-03T23:35:57.128+0000] {processor.py:829} INFO - Processing file /home/ubuntu/redfin/lib/python3.10/site-packages/airflow/example_dags/example_latest_only_with_trigger.py for tasks to queue
[2023-12-03T23:35:57.129+0000] {logging_mixin.py:154} INFO - [2023-12-03T23:35:57.128+0000] {dagbag.py:536} INFO - Filling up the DagBag from /home/ubuntu/redfin/lib/python3.10/site-packages/airflow/example_dags/example_latest_only_with_trigger.py
[2023-12-03T23:35:57.136+0000] {processor.py:839} INFO - DAG(s) dict_keys(['latest_only_with_trigger']) retrieved from /home/ubuntu/redfin/lib/python3.10/site-packages/airflow/example_dags/example_latest_only_with_trigger.py
[2023-12-03T23:35:57.156+0000] {logging_mixin.py:154} INFO - [2023-12-03T23:35:57.156+0000] {dag.py:2941} INFO - Sync 1 DAGs
[2023-12-03T23:35:57.179+0000] {logging_mixin.py:154} INFO - [2023-12-03T23:35:57.178+0000] {dag.py:3722} INFO - Setting next_dagrun for latest_only_with_trigger to 2023-12-03T19:35:57.178311+00:00, run_after=2023-12-03T23:35:57.178311+00:00
[2023-12-03T23:35:57.202+0000] {processor.py:179} INFO - Processing /home/ubuntu/redfin/lib/python3.10/site-packages/airflow/example_dags/example_latest_only_with_trigger.py took 0.079 seconds
[2023-12-03T23:36:48.517+0000] {processor.py:157} INFO - Started process (PID=5659) to work on /home/ubuntu/redfin/lib/python3.10/site-packages/airflow/example_dags/example_latest_only_with_trigger.py
[2023-12-03T23:36:48.519+0000] {processor.py:829} INFO - Processing file /home/ubuntu/redfin/lib/python3.10/site-packages/airflow/example_dags/example_latest_only_with_trigger.py for tasks to queue
[2023-12-03T23:36:48.519+0000] {logging_mixin.py:154} INFO - [2023-12-03T23:36:48.519+0000] {dagbag.py:536} INFO - Filling up the DagBag from /home/ubuntu/redfin/lib/python3.10/site-packages/airflow/example_dags/example_latest_only_with_trigger.py
[2023-12-03T23:36:48.527+0000] {processor.py:839} INFO - DAG(s) dict_keys(['latest_only_with_trigger']) retrieved from /home/ubuntu/redfin/lib/python3.10/site-packages/airflow/example_dags/example_latest_only_with_trigger.py
[2023-12-03T23:36:48.545+0000] {logging_mixin.py:154} INFO - [2023-12-03T23:36:48.545+0000] {dag.py:2941} INFO - Sync 1 DAGs
[2023-12-03T23:36:48.567+0000] {logging_mixin.py:154} INFO - [2023-12-03T23:36:48.567+0000] {dag.py:3722} INFO - Setting next_dagrun for latest_only_with_trigger to 2023-12-03T19:36:48.567051+00:00, run_after=2023-12-03T23:36:48.567051+00:00
[2023-12-03T23:36:48.589+0000] {processor.py:179} INFO - Processing /home/ubuntu/redfin/lib/python3.10/site-packages/airflow/example_dags/example_latest_only_with_trigger.py took 0.076 seconds
[2023-12-03T23:37:36.468+0000] {processor.py:157} INFO - Started process (PID=5713) to work on /home/ubuntu/redfin/lib/python3.10/site-packages/airflow/example_dags/example_latest_only_with_trigger.py
[2023-12-03T23:37:36.469+0000] {processor.py:829} INFO - Processing file /home/ubuntu/redfin/lib/python3.10/site-packages/airflow/example_dags/example_latest_only_with_trigger.py for tasks to queue
[2023-12-03T23:37:36.470+0000] {logging_mixin.py:154} INFO - [2023-12-03T23:37:36.470+0000] {dagbag.py:536} INFO - Filling up the DagBag from /home/ubuntu/redfin/lib/python3.10/site-packages/airflow/example_dags/example_latest_only_with_trigger.py
[2023-12-03T23:37:36.477+0000] {processor.py:839} INFO - DAG(s) dict_keys(['latest_only_with_trigger']) retrieved from /home/ubuntu/redfin/lib/python3.10/site-packages/airflow/example_dags/example_latest_only_with_trigger.py
[2023-12-03T23:37:36.496+0000] {logging_mixin.py:154} INFO - [2023-12-03T23:37:36.496+0000] {dag.py:2941} INFO - Sync 1 DAGs
[2023-12-03T23:37:36.517+0000] {logging_mixin.py:154} INFO - [2023-12-03T23:37:36.517+0000] {dag.py:3722} INFO - Setting next_dagrun for latest_only_with_trigger to 2023-12-03T19:37:36.516804+00:00, run_after=2023-12-03T23:37:36.516804+00:00
[2023-12-03T23:37:36.540+0000] {processor.py:179} INFO - Processing /home/ubuntu/redfin/lib/python3.10/site-packages/airflow/example_dags/example_latest_only_with_trigger.py took 0.076 seconds
[2023-12-03T23:38:21.048+0000] {processor.py:157} INFO - Started process (PID=5762) to work on /home/ubuntu/redfin/lib/python3.10/site-packages/airflow/example_dags/example_latest_only_with_trigger.py
[2023-12-03T23:38:21.049+0000] {processor.py:829} INFO - Processing file /home/ubuntu/redfin/lib/python3.10/site-packages/airflow/example_dags/example_latest_only_with_trigger.py for tasks to queue
[2023-12-03T23:38:21.050+0000] {logging_mixin.py:154} INFO - [2023-12-03T23:38:21.050+0000] {dagbag.py:536} INFO - Filling up the DagBag from /home/ubuntu/redfin/lib/python3.10/site-packages/airflow/example_dags/example_latest_only_with_trigger.py
[2023-12-03T23:38:21.058+0000] {processor.py:839} INFO - DAG(s) dict_keys(['latest_only_with_trigger']) retrieved from /home/ubuntu/redfin/lib/python3.10/site-packages/airflow/example_dags/example_latest_only_with_trigger.py
[2023-12-03T23:38:21.077+0000] {logging_mixin.py:154} INFO - [2023-12-03T23:38:21.077+0000] {dag.py:2941} INFO - Sync 1 DAGs
[2023-12-03T23:38:21.099+0000] {logging_mixin.py:154} INFO - [2023-12-03T23:38:21.098+0000] {dag.py:3722} INFO - Setting next_dagrun for latest_only_with_trigger to 2023-12-03T19:38:21.098399+00:00, run_after=2023-12-03T23:38:21.098399+00:00
[2023-12-03T23:38:21.121+0000] {processor.py:179} INFO - Processing /home/ubuntu/redfin/lib/python3.10/site-packages/airflow/example_dags/example_latest_only_with_trigger.py took 0.077 seconds
[2023-12-03T23:39:08.512+0000] {processor.py:157} INFO - Started process (PID=5813) to work on /home/ubuntu/redfin/lib/python3.10/site-packages/airflow/example_dags/example_latest_only_with_trigger.py
[2023-12-03T23:39:08.513+0000] {processor.py:829} INFO - Processing file /home/ubuntu/redfin/lib/python3.10/site-packages/airflow/example_dags/example_latest_only_with_trigger.py for tasks to queue
[2023-12-03T23:39:08.514+0000] {logging_mixin.py:154} INFO - [2023-12-03T23:39:08.514+0000] {dagbag.py:536} INFO - Filling up the DagBag from /home/ubuntu/redfin/lib/python3.10/site-packages/airflow/example_dags/example_latest_only_with_trigger.py
[2023-12-03T23:39:08.522+0000] {processor.py:839} INFO - DAG(s) dict_keys(['latest_only_with_trigger']) retrieved from /home/ubuntu/redfin/lib/python3.10/site-packages/airflow/example_dags/example_latest_only_with_trigger.py
[2023-12-03T23:39:08.541+0000] {logging_mixin.py:154} INFO - [2023-12-03T23:39:08.541+0000] {dag.py:2941} INFO - Sync 1 DAGs
[2023-12-03T23:39:08.562+0000] {logging_mixin.py:154} INFO - [2023-12-03T23:39:08.562+0000] {dag.py:3722} INFO - Setting next_dagrun for latest_only_with_trigger to 2023-12-03T19:39:08.561789+00:00, run_after=2023-12-03T23:39:08.561789+00:00
[2023-12-03T23:39:08.585+0000] {processor.py:179} INFO - Processing /home/ubuntu/redfin/lib/python3.10/site-packages/airflow/example_dags/example_latest_only_with_trigger.py took 0.076 seconds
[2023-12-03T23:39:54.970+0000] {processor.py:157} INFO - Started process (PID=5863) to work on /home/ubuntu/redfin/lib/python3.10/site-packages/airflow/example_dags/example_latest_only_with_trigger.py
[2023-12-03T23:39:54.971+0000] {processor.py:829} INFO - Processing file /home/ubuntu/redfin/lib/python3.10/site-packages/airflow/example_dags/example_latest_only_with_trigger.py for tasks to queue
[2023-12-03T23:39:54.972+0000] {logging_mixin.py:154} INFO - [2023-12-03T23:39:54.972+0000] {dagbag.py:536} INFO - Filling up the DagBag from /home/ubuntu/redfin/lib/python3.10/site-packages/airflow/example_dags/example_latest_only_with_trigger.py
[2023-12-03T23:39:54.980+0000] {processor.py:839} INFO - DAG(s) dict_keys(['latest_only_with_trigger']) retrieved from /home/ubuntu/redfin/lib/python3.10/site-packages/airflow/example_dags/example_latest_only_with_trigger.py
[2023-12-03T23:39:54.999+0000] {logging_mixin.py:154} INFO - [2023-12-03T23:39:54.999+0000] {dag.py:2941} INFO - Sync 1 DAGs
[2023-12-03T23:39:55.022+0000] {logging_mixin.py:154} INFO - [2023-12-03T23:39:55.022+0000] {dag.py:3722} INFO - Setting next_dagrun for latest_only_with_trigger to 2023-12-03T19:39:55.021800+00:00, run_after=2023-12-03T23:39:55.021800+00:00
[2023-12-03T23:39:55.045+0000] {processor.py:179} INFO - Processing /home/ubuntu/redfin/lib/python3.10/site-packages/airflow/example_dags/example_latest_only_with_trigger.py took 0.078 seconds
[2023-12-03T23:40:43.474+0000] {processor.py:157} INFO - Started process (PID=5915) to work on /home/ubuntu/redfin/lib/python3.10/site-packages/airflow/example_dags/example_latest_only_with_trigger.py
[2023-12-03T23:40:43.475+0000] {processor.py:829} INFO - Processing file /home/ubuntu/redfin/lib/python3.10/site-packages/airflow/example_dags/example_latest_only_with_trigger.py for tasks to queue
[2023-12-03T23:40:43.476+0000] {logging_mixin.py:154} INFO - [2023-12-03T23:40:43.476+0000] {dagbag.py:536} INFO - Filling up the DagBag from /home/ubuntu/redfin/lib/python3.10/site-packages/airflow/example_dags/example_latest_only_with_trigger.py
[2023-12-03T23:40:43.483+0000] {processor.py:839} INFO - DAG(s) dict_keys(['latest_only_with_trigger']) retrieved from /home/ubuntu/redfin/lib/python3.10/site-packages/airflow/example_dags/example_latest_only_with_trigger.py
[2023-12-03T23:40:43.503+0000] {logging_mixin.py:154} INFO - [2023-12-03T23:40:43.503+0000] {dag.py:2941} INFO - Sync 1 DAGs
[2023-12-03T23:40:43.526+0000] {logging_mixin.py:154} INFO - [2023-12-03T23:40:43.526+0000] {dag.py:3722} INFO - Setting next_dagrun for latest_only_with_trigger to 2023-12-03T19:40:43.525709+00:00, run_after=2023-12-03T23:40:43.525709+00:00
[2023-12-03T23:40:43.549+0000] {processor.py:179} INFO - Processing /home/ubuntu/redfin/lib/python3.10/site-packages/airflow/example_dags/example_latest_only_with_trigger.py took 0.079 seconds
[2023-12-03T23:41:34.892+0000] {processor.py:157} INFO - Started process (PID=5972) to work on /home/ubuntu/redfin/lib/python3.10/site-packages/airflow/example_dags/example_latest_only_with_trigger.py
[2023-12-03T23:41:34.894+0000] {processor.py:829} INFO - Processing file /home/ubuntu/redfin/lib/python3.10/site-packages/airflow/example_dags/example_latest_only_with_trigger.py for tasks to queue
[2023-12-03T23:41:34.895+0000] {logging_mixin.py:154} INFO - [2023-12-03T23:41:34.894+0000] {dagbag.py:536} INFO - Filling up the DagBag from /home/ubuntu/redfin/lib/python3.10/site-packages/airflow/example_dags/example_latest_only_with_trigger.py
[2023-12-03T23:41:34.902+0000] {processor.py:839} INFO - DAG(s) dict_keys(['latest_only_with_trigger']) retrieved from /home/ubuntu/redfin/lib/python3.10/site-packages/airflow/example_dags/example_latest_only_with_trigger.py
[2023-12-03T23:41:34.921+0000] {logging_mixin.py:154} INFO - [2023-12-03T23:41:34.920+0000] {dag.py:2941} INFO - Sync 1 DAGs
[2023-12-03T23:41:34.944+0000] {logging_mixin.py:154} INFO - [2023-12-03T23:41:34.944+0000] {dag.py:3722} INFO - Setting next_dagrun for latest_only_with_trigger to 2023-12-03T19:41:34.943673+00:00, run_after=2023-12-03T23:41:34.943673+00:00
[2023-12-03T23:41:34.967+0000] {processor.py:179} INFO - Processing /home/ubuntu/redfin/lib/python3.10/site-packages/airflow/example_dags/example_latest_only_with_trigger.py took 0.079 seconds
[2023-12-03T23:42:18.691+0000] {processor.py:157} INFO - Started process (PID=6021) to work on /home/ubuntu/redfin/lib/python3.10/site-packages/airflow/example_dags/example_latest_only_with_trigger.py
[2023-12-03T23:42:18.692+0000] {processor.py:829} INFO - Processing file /home/ubuntu/redfin/lib/python3.10/site-packages/airflow/example_dags/example_latest_only_with_trigger.py for tasks to queue
[2023-12-03T23:42:18.693+0000] {logging_mixin.py:154} INFO - [2023-12-03T23:42:18.692+0000] {dagbag.py:536} INFO - Filling up the DagBag from /home/ubuntu/redfin/lib/python3.10/site-packages/airflow/example_dags/example_latest_only_with_trigger.py
[2023-12-03T23:42:18.700+0000] {processor.py:839} INFO - DAG(s) dict_keys(['latest_only_with_trigger']) retrieved from /home/ubuntu/redfin/lib/python3.10/site-packages/airflow/example_dags/example_latest_only_with_trigger.py
[2023-12-03T23:42:18.719+0000] {logging_mixin.py:154} INFO - [2023-12-03T23:42:18.719+0000] {dag.py:2941} INFO - Sync 1 DAGs
[2023-12-03T23:42:18.740+0000] {logging_mixin.py:154} INFO - [2023-12-03T23:42:18.740+0000] {dag.py:3722} INFO - Setting next_dagrun for latest_only_with_trigger to 2023-12-03T19:42:18.739947+00:00, run_after=2023-12-03T23:42:18.739947+00:00
[2023-12-03T23:42:18.766+0000] {processor.py:179} INFO - Processing /home/ubuntu/redfin/lib/python3.10/site-packages/airflow/example_dags/example_latest_only_with_trigger.py took 0.079 seconds
[2023-12-03T23:43:07.540+0000] {processor.py:157} INFO - Started process (PID=6073) to work on /home/ubuntu/redfin/lib/python3.10/site-packages/airflow/example_dags/example_latest_only_with_trigger.py
[2023-12-03T23:43:07.541+0000] {processor.py:829} INFO - Processing file /home/ubuntu/redfin/lib/python3.10/site-packages/airflow/example_dags/example_latest_only_with_trigger.py for tasks to queue
[2023-12-03T23:43:07.542+0000] {logging_mixin.py:154} INFO - [2023-12-03T23:43:07.542+0000] {dagbag.py:536} INFO - Filling up the DagBag from /home/ubuntu/redfin/lib/python3.10/site-packages/airflow/example_dags/example_latest_only_with_trigger.py
[2023-12-03T23:43:07.549+0000] {processor.py:839} INFO - DAG(s) dict_keys(['latest_only_with_trigger']) retrieved from /home/ubuntu/redfin/lib/python3.10/site-packages/airflow/example_dags/example_latest_only_with_trigger.py
[2023-12-03T23:43:07.567+0000] {logging_mixin.py:154} INFO - [2023-12-03T23:43:07.567+0000] {dag.py:2941} INFO - Sync 1 DAGs
[2023-12-03T23:43:07.588+0000] {logging_mixin.py:154} INFO - [2023-12-03T23:43:07.588+0000] {dag.py:3722} INFO - Setting next_dagrun for latest_only_with_trigger to 2023-12-03T19:43:07.588190+00:00, run_after=2023-12-03T23:43:07.588190+00:00
[2023-12-03T23:43:07.610+0000] {processor.py:179} INFO - Processing /home/ubuntu/redfin/lib/python3.10/site-packages/airflow/example_dags/example_latest_only_with_trigger.py took 0.074 seconds
[2023-12-03T23:43:54.409+0000] {processor.py:157} INFO - Started process (PID=6126) to work on /home/ubuntu/redfin/lib/python3.10/site-packages/airflow/example_dags/example_latest_only_with_trigger.py
[2023-12-03T23:43:54.410+0000] {processor.py:829} INFO - Processing file /home/ubuntu/redfin/lib/python3.10/site-packages/airflow/example_dags/example_latest_only_with_trigger.py for tasks to queue
[2023-12-03T23:43:54.411+0000] {logging_mixin.py:154} INFO - [2023-12-03T23:43:54.411+0000] {dagbag.py:536} INFO - Filling up the DagBag from /home/ubuntu/redfin/lib/python3.10/site-packages/airflow/example_dags/example_latest_only_with_trigger.py
[2023-12-03T23:43:54.418+0000] {processor.py:839} INFO - DAG(s) dict_keys(['latest_only_with_trigger']) retrieved from /home/ubuntu/redfin/lib/python3.10/site-packages/airflow/example_dags/example_latest_only_with_trigger.py
[2023-12-03T23:43:54.437+0000] {logging_mixin.py:154} INFO - [2023-12-03T23:43:54.437+0000] {dag.py:2941} INFO - Sync 1 DAGs
[2023-12-03T23:43:54.458+0000] {logging_mixin.py:154} INFO - [2023-12-03T23:43:54.458+0000] {dag.py:3722} INFO - Setting next_dagrun for latest_only_with_trigger to 2023-12-03T19:43:54.458441+00:00, run_after=2023-12-03T23:43:54.458441+00:00
[2023-12-03T23:43:54.482+0000] {processor.py:179} INFO - Processing /home/ubuntu/redfin/lib/python3.10/site-packages/airflow/example_dags/example_latest_only_with_trigger.py took 0.077 seconds
[2023-12-03T23:44:39.272+0000] {processor.py:157} INFO - Started process (PID=6574) to work on /home/ubuntu/redfin/lib/python3.10/site-packages/airflow/example_dags/example_latest_only_with_trigger.py
[2023-12-03T23:44:39.274+0000] {processor.py:829} INFO - Processing file /home/ubuntu/redfin/lib/python3.10/site-packages/airflow/example_dags/example_latest_only_with_trigger.py for tasks to queue
[2023-12-03T23:44:39.275+0000] {logging_mixin.py:154} INFO - [2023-12-03T23:44:39.275+0000] {dagbag.py:536} INFO - Filling up the DagBag from /home/ubuntu/redfin/lib/python3.10/site-packages/airflow/example_dags/example_latest_only_with_trigger.py
[2023-12-03T23:44:39.283+0000] {processor.py:839} INFO - DAG(s) dict_keys(['latest_only_with_trigger']) retrieved from /home/ubuntu/redfin/lib/python3.10/site-packages/airflow/example_dags/example_latest_only_with_trigger.py
[2023-12-03T23:44:39.302+0000] {logging_mixin.py:154} INFO - [2023-12-03T23:44:39.302+0000] {dag.py:2941} INFO - Sync 1 DAGs
[2023-12-03T23:44:39.325+0000] {logging_mixin.py:154} INFO - [2023-12-03T23:44:39.324+0000] {dag.py:3722} INFO - Setting next_dagrun for latest_only_with_trigger to 2023-12-03T19:44:39.324447+00:00, run_after=2023-12-03T23:44:39.324447+00:00
[2023-12-03T23:44:39.351+0000] {processor.py:179} INFO - Processing /home/ubuntu/redfin/lib/python3.10/site-packages/airflow/example_dags/example_latest_only_with_trigger.py took 0.083 seconds
[2023-12-03T23:45:19.234+0000] {processor.py:157} INFO - Started process (PID=6628) to work on /home/ubuntu/redfin/lib/python3.10/site-packages/airflow/example_dags/example_latest_only_with_trigger.py
[2023-12-03T23:45:19.235+0000] {processor.py:829} INFO - Processing file /home/ubuntu/redfin/lib/python3.10/site-packages/airflow/example_dags/example_latest_only_with_trigger.py for tasks to queue
[2023-12-03T23:45:19.236+0000] {logging_mixin.py:154} INFO - [2023-12-03T23:45:19.235+0000] {dagbag.py:536} INFO - Filling up the DagBag from /home/ubuntu/redfin/lib/python3.10/site-packages/airflow/example_dags/example_latest_only_with_trigger.py
[2023-12-03T23:45:19.243+0000] {processor.py:839} INFO - DAG(s) dict_keys(['latest_only_with_trigger']) retrieved from /home/ubuntu/redfin/lib/python3.10/site-packages/airflow/example_dags/example_latest_only_with_trigger.py
[2023-12-03T23:45:19.261+0000] {logging_mixin.py:154} INFO - [2023-12-03T23:45:19.261+0000] {dag.py:2941} INFO - Sync 1 DAGs
[2023-12-03T23:45:19.281+0000] {logging_mixin.py:154} INFO - [2023-12-03T23:45:19.281+0000] {dag.py:3722} INFO - Setting next_dagrun for latest_only_with_trigger to 2023-12-03T19:45:19.281365+00:00, run_after=2023-12-03T23:45:19.281365+00:00
[2023-12-03T23:45:19.306+0000] {processor.py:179} INFO - Processing /home/ubuntu/redfin/lib/python3.10/site-packages/airflow/example_dags/example_latest_only_with_trigger.py took 0.076 seconds
[2023-12-03T23:46:04.449+0000] {processor.py:157} INFO - Started process (PID=6682) to work on /home/ubuntu/redfin/lib/python3.10/site-packages/airflow/example_dags/example_latest_only_with_trigger.py
[2023-12-03T23:46:04.451+0000] {processor.py:829} INFO - Processing file /home/ubuntu/redfin/lib/python3.10/site-packages/airflow/example_dags/example_latest_only_with_trigger.py for tasks to queue
[2023-12-03T23:46:04.452+0000] {logging_mixin.py:154} INFO - [2023-12-03T23:46:04.451+0000] {dagbag.py:536} INFO - Filling up the DagBag from /home/ubuntu/redfin/lib/python3.10/site-packages/airflow/example_dags/example_latest_only_with_trigger.py
[2023-12-03T23:46:04.459+0000] {processor.py:839} INFO - DAG(s) dict_keys(['latest_only_with_trigger']) retrieved from /home/ubuntu/redfin/lib/python3.10/site-packages/airflow/example_dags/example_latest_only_with_trigger.py
[2023-12-03T23:46:04.477+0000] {logging_mixin.py:154} INFO - [2023-12-03T23:46:04.477+0000] {dag.py:2941} INFO - Sync 1 DAGs
[2023-12-03T23:46:04.499+0000] {logging_mixin.py:154} INFO - [2023-12-03T23:46:04.498+0000] {dag.py:3722} INFO - Setting next_dagrun for latest_only_with_trigger to 2023-12-03T19:46:04.498385+00:00, run_after=2023-12-03T23:46:04.498385+00:00
[2023-12-03T23:46:04.522+0000] {processor.py:179} INFO - Processing /home/ubuntu/redfin/lib/python3.10/site-packages/airflow/example_dags/example_latest_only_with_trigger.py took 0.076 seconds
[2023-12-03T23:46:50.905+0000] {processor.py:157} INFO - Started process (PID=6734) to work on /home/ubuntu/redfin/lib/python3.10/site-packages/airflow/example_dags/example_latest_only_with_trigger.py
[2023-12-03T23:46:50.907+0000] {processor.py:829} INFO - Processing file /home/ubuntu/redfin/lib/python3.10/site-packages/airflow/example_dags/example_latest_only_with_trigger.py for tasks to queue
[2023-12-03T23:46:50.908+0000] {logging_mixin.py:154} INFO - [2023-12-03T23:46:50.907+0000] {dagbag.py:536} INFO - Filling up the DagBag from /home/ubuntu/redfin/lib/python3.10/site-packages/airflow/example_dags/example_latest_only_with_trigger.py
[2023-12-03T23:46:50.915+0000] {processor.py:839} INFO - DAG(s) dict_keys(['latest_only_with_trigger']) retrieved from /home/ubuntu/redfin/lib/python3.10/site-packages/airflow/example_dags/example_latest_only_with_trigger.py
[2023-12-03T23:46:50.933+0000] {logging_mixin.py:154} INFO - [2023-12-03T23:46:50.933+0000] {dag.py:2941} INFO - Sync 1 DAGs
[2023-12-03T23:46:50.954+0000] {logging_mixin.py:154} INFO - [2023-12-03T23:46:50.954+0000] {dag.py:3722} INFO - Setting next_dagrun for latest_only_with_trigger to 2023-12-03T19:46:50.953955+00:00, run_after=2023-12-03T23:46:50.953955+00:00
[2023-12-03T23:46:50.977+0000] {processor.py:179} INFO - Processing /home/ubuntu/redfin/lib/python3.10/site-packages/airflow/example_dags/example_latest_only_with_trigger.py took 0.076 seconds
[2023-12-03T23:47:38.772+0000] {processor.py:157} INFO - Started process (PID=6793) to work on /home/ubuntu/redfin/lib/python3.10/site-packages/airflow/example_dags/example_latest_only_with_trigger.py
[2023-12-03T23:47:38.774+0000] {processor.py:829} INFO - Processing file /home/ubuntu/redfin/lib/python3.10/site-packages/airflow/example_dags/example_latest_only_with_trigger.py for tasks to queue
[2023-12-03T23:47:38.775+0000] {logging_mixin.py:154} INFO - [2023-12-03T23:47:38.774+0000] {dagbag.py:536} INFO - Filling up the DagBag from /home/ubuntu/redfin/lib/python3.10/site-packages/airflow/example_dags/example_latest_only_with_trigger.py
[2023-12-03T23:47:38.782+0000] {processor.py:839} INFO - DAG(s) dict_keys(['latest_only_with_trigger']) retrieved from /home/ubuntu/redfin/lib/python3.10/site-packages/airflow/example_dags/example_latest_only_with_trigger.py
[2023-12-03T23:47:38.801+0000] {logging_mixin.py:154} INFO - [2023-12-03T23:47:38.801+0000] {dag.py:2941} INFO - Sync 1 DAGs
[2023-12-03T23:47:38.822+0000] {logging_mixin.py:154} INFO - [2023-12-03T23:47:38.822+0000] {dag.py:3722} INFO - Setting next_dagrun for latest_only_with_trigger to 2023-12-03T19:47:38.822004+00:00, run_after=2023-12-03T23:47:38.822004+00:00
[2023-12-03T23:47:38.849+0000] {processor.py:179} INFO - Processing /home/ubuntu/redfin/lib/python3.10/site-packages/airflow/example_dags/example_latest_only_with_trigger.py took 0.080 seconds
[2023-12-03T23:48:27.791+0000] {processor.py:157} INFO - Started process (PID=6875) to work on /home/ubuntu/redfin/lib/python3.10/site-packages/airflow/example_dags/example_latest_only_with_trigger.py
[2023-12-03T23:48:27.792+0000] {processor.py:829} INFO - Processing file /home/ubuntu/redfin/lib/python3.10/site-packages/airflow/example_dags/example_latest_only_with_trigger.py for tasks to queue
[2023-12-03T23:48:27.793+0000] {logging_mixin.py:154} INFO - [2023-12-03T23:48:27.793+0000] {dagbag.py:536} INFO - Filling up the DagBag from /home/ubuntu/redfin/lib/python3.10/site-packages/airflow/example_dags/example_latest_only_with_trigger.py
[2023-12-03T23:48:27.801+0000] {processor.py:839} INFO - DAG(s) dict_keys(['latest_only_with_trigger']) retrieved from /home/ubuntu/redfin/lib/python3.10/site-packages/airflow/example_dags/example_latest_only_with_trigger.py
[2023-12-03T23:48:27.819+0000] {logging_mixin.py:154} INFO - [2023-12-03T23:48:27.819+0000] {dag.py:2941} INFO - Sync 1 DAGs
[2023-12-03T23:48:27.840+0000] {logging_mixin.py:154} INFO - [2023-12-03T23:48:27.840+0000] {dag.py:3722} INFO - Setting next_dagrun for latest_only_with_trigger to 2023-12-03T19:48:27.839871+00:00, run_after=2023-12-03T23:48:27.839871+00:00
[2023-12-03T23:48:27.863+0000] {processor.py:179} INFO - Processing /home/ubuntu/redfin/lib/python3.10/site-packages/airflow/example_dags/example_latest_only_with_trigger.py took 0.076 seconds
[2023-12-03T23:49:18.511+0000] {processor.py:157} INFO - Started process (PID=6930) to work on /home/ubuntu/redfin/lib/python3.10/site-packages/airflow/example_dags/example_latest_only_with_trigger.py
[2023-12-03T23:49:18.512+0000] {processor.py:829} INFO - Processing file /home/ubuntu/redfin/lib/python3.10/site-packages/airflow/example_dags/example_latest_only_with_trigger.py for tasks to queue
[2023-12-03T23:49:18.513+0000] {logging_mixin.py:154} INFO - [2023-12-03T23:49:18.513+0000] {dagbag.py:536} INFO - Filling up the DagBag from /home/ubuntu/redfin/lib/python3.10/site-packages/airflow/example_dags/example_latest_only_with_trigger.py
[2023-12-03T23:49:18.520+0000] {processor.py:839} INFO - DAG(s) dict_keys(['latest_only_with_trigger']) retrieved from /home/ubuntu/redfin/lib/python3.10/site-packages/airflow/example_dags/example_latest_only_with_trigger.py
[2023-12-03T23:49:18.539+0000] {logging_mixin.py:154} INFO - [2023-12-03T23:49:18.539+0000] {dag.py:2941} INFO - Sync 1 DAGs
[2023-12-03T23:49:18.560+0000] {logging_mixin.py:154} INFO - [2023-12-03T23:49:18.560+0000] {dag.py:3722} INFO - Setting next_dagrun for latest_only_with_trigger to 2023-12-03T19:49:18.559777+00:00, run_after=2023-12-03T23:49:18.559777+00:00
[2023-12-03T23:49:18.583+0000] {processor.py:179} INFO - Processing /home/ubuntu/redfin/lib/python3.10/site-packages/airflow/example_dags/example_latest_only_with_trigger.py took 0.076 seconds
[2023-12-03T23:50:06.261+0000] {processor.py:157} INFO - Started process (PID=6985) to work on /home/ubuntu/redfin/lib/python3.10/site-packages/airflow/example_dags/example_latest_only_with_trigger.py
[2023-12-03T23:50:06.263+0000] {processor.py:829} INFO - Processing file /home/ubuntu/redfin/lib/python3.10/site-packages/airflow/example_dags/example_latest_only_with_trigger.py for tasks to queue
[2023-12-03T23:50:06.264+0000] {logging_mixin.py:154} INFO - [2023-12-03T23:50:06.263+0000] {dagbag.py:536} INFO - Filling up the DagBag from /home/ubuntu/redfin/lib/python3.10/site-packages/airflow/example_dags/example_latest_only_with_trigger.py
[2023-12-03T23:50:06.271+0000] {processor.py:839} INFO - DAG(s) dict_keys(['latest_only_with_trigger']) retrieved from /home/ubuntu/redfin/lib/python3.10/site-packages/airflow/example_dags/example_latest_only_with_trigger.py
[2023-12-03T23:50:06.289+0000] {logging_mixin.py:154} INFO - [2023-12-03T23:50:06.289+0000] {dag.py:2941} INFO - Sync 1 DAGs
[2023-12-03T23:50:06.310+0000] {logging_mixin.py:154} INFO - [2023-12-03T23:50:06.310+0000] {dag.py:3722} INFO - Setting next_dagrun for latest_only_with_trigger to 2023-12-03T19:50:06.310163+00:00, run_after=2023-12-03T23:50:06.310163+00:00
[2023-12-03T23:50:06.334+0000] {processor.py:179} INFO - Processing /home/ubuntu/redfin/lib/python3.10/site-packages/airflow/example_dags/example_latest_only_with_trigger.py took 0.076 seconds
[2023-12-03T23:50:54.858+0000] {processor.py:157} INFO - Started process (PID=7037) to work on /home/ubuntu/redfin/lib/python3.10/site-packages/airflow/example_dags/example_latest_only_with_trigger.py
[2023-12-03T23:50:54.860+0000] {processor.py:829} INFO - Processing file /home/ubuntu/redfin/lib/python3.10/site-packages/airflow/example_dags/example_latest_only_with_trigger.py for tasks to queue
[2023-12-03T23:50:54.861+0000] {logging_mixin.py:154} INFO - [2023-12-03T23:50:54.860+0000] {dagbag.py:536} INFO - Filling up the DagBag from /home/ubuntu/redfin/lib/python3.10/site-packages/airflow/example_dags/example_latest_only_with_trigger.py
[2023-12-03T23:50:54.869+0000] {processor.py:839} INFO - DAG(s) dict_keys(['latest_only_with_trigger']) retrieved from /home/ubuntu/redfin/lib/python3.10/site-packages/airflow/example_dags/example_latest_only_with_trigger.py
[2023-12-03T23:50:54.889+0000] {logging_mixin.py:154} INFO - [2023-12-03T23:50:54.889+0000] {dag.py:2941} INFO - Sync 1 DAGs
[2023-12-03T23:50:54.913+0000] {logging_mixin.py:154} INFO - [2023-12-03T23:50:54.912+0000] {dag.py:3722} INFO - Setting next_dagrun for latest_only_with_trigger to 2023-12-03T19:50:54.912532+00:00, run_after=2023-12-03T23:50:54.912532+00:00
[2023-12-03T23:50:54.938+0000] {processor.py:179} INFO - Processing /home/ubuntu/redfin/lib/python3.10/site-packages/airflow/example_dags/example_latest_only_with_trigger.py took 0.083 seconds
[2023-12-03T23:51:40.122+0000] {processor.py:157} INFO - Started process (PID=7090) to work on /home/ubuntu/redfin/lib/python3.10/site-packages/airflow/example_dags/example_latest_only_with_trigger.py
[2023-12-03T23:51:40.123+0000] {processor.py:829} INFO - Processing file /home/ubuntu/redfin/lib/python3.10/site-packages/airflow/example_dags/example_latest_only_with_trigger.py for tasks to queue
[2023-12-03T23:51:40.124+0000] {logging_mixin.py:154} INFO - [2023-12-03T23:51:40.124+0000] {dagbag.py:536} INFO - Filling up the DagBag from /home/ubuntu/redfin/lib/python3.10/site-packages/airflow/example_dags/example_latest_only_with_trigger.py
[2023-12-03T23:51:40.132+0000] {processor.py:839} INFO - DAG(s) dict_keys(['latest_only_with_trigger']) retrieved from /home/ubuntu/redfin/lib/python3.10/site-packages/airflow/example_dags/example_latest_only_with_trigger.py
[2023-12-03T23:51:40.151+0000] {logging_mixin.py:154} INFO - [2023-12-03T23:51:40.151+0000] {dag.py:2941} INFO - Sync 1 DAGs
[2023-12-03T23:51:40.173+0000] {logging_mixin.py:154} INFO - [2023-12-03T23:51:40.173+0000] {dag.py:3722} INFO - Setting next_dagrun for latest_only_with_trigger to 2023-12-03T19:51:40.172811+00:00, run_after=2023-12-03T23:51:40.172811+00:00
[2023-12-03T23:51:40.196+0000] {processor.py:179} INFO - Processing /home/ubuntu/redfin/lib/python3.10/site-packages/airflow/example_dags/example_latest_only_with_trigger.py took 0.078 seconds
[2023-12-03T23:52:31.749+0000] {processor.py:157} INFO - Started process (PID=7144) to work on /home/ubuntu/redfin/lib/python3.10/site-packages/airflow/example_dags/example_latest_only_with_trigger.py
[2023-12-03T23:52:31.750+0000] {processor.py:829} INFO - Processing file /home/ubuntu/redfin/lib/python3.10/site-packages/airflow/example_dags/example_latest_only_with_trigger.py for tasks to queue
[2023-12-03T23:52:31.751+0000] {logging_mixin.py:154} INFO - [2023-12-03T23:52:31.751+0000] {dagbag.py:536} INFO - Filling up the DagBag from /home/ubuntu/redfin/lib/python3.10/site-packages/airflow/example_dags/example_latest_only_with_trigger.py
[2023-12-03T23:52:31.758+0000] {processor.py:839} INFO - DAG(s) dict_keys(['latest_only_with_trigger']) retrieved from /home/ubuntu/redfin/lib/python3.10/site-packages/airflow/example_dags/example_latest_only_with_trigger.py
[2023-12-03T23:52:31.776+0000] {logging_mixin.py:154} INFO - [2023-12-03T23:52:31.776+0000] {dag.py:2941} INFO - Sync 1 DAGs
[2023-12-03T23:52:31.796+0000] {logging_mixin.py:154} INFO - [2023-12-03T23:52:31.796+0000] {dag.py:3722} INFO - Setting next_dagrun for latest_only_with_trigger to 2023-12-03T19:52:31.796420+00:00, run_after=2023-12-03T23:52:31.796420+00:00
[2023-12-03T23:52:31.818+0000] {processor.py:179} INFO - Processing /home/ubuntu/redfin/lib/python3.10/site-packages/airflow/example_dags/example_latest_only_with_trigger.py took 0.073 seconds
[2023-12-03T23:53:21.787+0000] {processor.py:157} INFO - Started process (PID=7198) to work on /home/ubuntu/redfin/lib/python3.10/site-packages/airflow/example_dags/example_latest_only_with_trigger.py
[2023-12-03T23:53:21.788+0000] {processor.py:829} INFO - Processing file /home/ubuntu/redfin/lib/python3.10/site-packages/airflow/example_dags/example_latest_only_with_trigger.py for tasks to queue
[2023-12-03T23:53:21.789+0000] {logging_mixin.py:154} INFO - [2023-12-03T23:53:21.789+0000] {dagbag.py:536} INFO - Filling up the DagBag from /home/ubuntu/redfin/lib/python3.10/site-packages/airflow/example_dags/example_latest_only_with_trigger.py
[2023-12-03T23:53:21.796+0000] {processor.py:839} INFO - DAG(s) dict_keys(['latest_only_with_trigger']) retrieved from /home/ubuntu/redfin/lib/python3.10/site-packages/airflow/example_dags/example_latest_only_with_trigger.py
[2023-12-03T23:53:21.814+0000] {logging_mixin.py:154} INFO - [2023-12-03T23:53:21.814+0000] {dag.py:2941} INFO - Sync 1 DAGs
[2023-12-03T23:53:21.835+0000] {logging_mixin.py:154} INFO - [2023-12-03T23:53:21.835+0000] {dag.py:3722} INFO - Setting next_dagrun for latest_only_with_trigger to 2023-12-03T19:53:21.834824+00:00, run_after=2023-12-03T23:53:21.834824+00:00
[2023-12-03T23:53:21.859+0000] {processor.py:179} INFO - Processing /home/ubuntu/redfin/lib/python3.10/site-packages/airflow/example_dags/example_latest_only_with_trigger.py took 0.076 seconds
[2023-12-03T23:54:08.365+0000] {processor.py:157} INFO - Started process (PID=7250) to work on /home/ubuntu/redfin/lib/python3.10/site-packages/airflow/example_dags/example_latest_only_with_trigger.py
[2023-12-03T23:54:08.366+0000] {processor.py:829} INFO - Processing file /home/ubuntu/redfin/lib/python3.10/site-packages/airflow/example_dags/example_latest_only_with_trigger.py for tasks to queue
[2023-12-03T23:54:08.367+0000] {logging_mixin.py:154} INFO - [2023-12-03T23:54:08.367+0000] {dagbag.py:536} INFO - Filling up the DagBag from /home/ubuntu/redfin/lib/python3.10/site-packages/airflow/example_dags/example_latest_only_with_trigger.py
[2023-12-03T23:54:08.375+0000] {processor.py:839} INFO - DAG(s) dict_keys(['latest_only_with_trigger']) retrieved from /home/ubuntu/redfin/lib/python3.10/site-packages/airflow/example_dags/example_latest_only_with_trigger.py
[2023-12-03T23:54:08.394+0000] {logging_mixin.py:154} INFO - [2023-12-03T23:54:08.393+0000] {dag.py:2941} INFO - Sync 1 DAGs
[2023-12-03T23:54:08.415+0000] {logging_mixin.py:154} INFO - [2023-12-03T23:54:08.415+0000] {dag.py:3722} INFO - Setting next_dagrun for latest_only_with_trigger to 2023-12-03T19:54:08.415206+00:00, run_after=2023-12-03T23:54:08.415206+00:00
[2023-12-03T23:54:08.438+0000] {processor.py:179} INFO - Processing /home/ubuntu/redfin/lib/python3.10/site-packages/airflow/example_dags/example_latest_only_with_trigger.py took 0.077 seconds
[2023-12-03T23:54:56.637+0000] {processor.py:157} INFO - Started process (PID=7304) to work on /home/ubuntu/redfin/lib/python3.10/site-packages/airflow/example_dags/example_latest_only_with_trigger.py
[2023-12-03T23:54:56.638+0000] {processor.py:829} INFO - Processing file /home/ubuntu/redfin/lib/python3.10/site-packages/airflow/example_dags/example_latest_only_with_trigger.py for tasks to queue
[2023-12-03T23:54:56.639+0000] {logging_mixin.py:154} INFO - [2023-12-03T23:54:56.639+0000] {dagbag.py:536} INFO - Filling up the DagBag from /home/ubuntu/redfin/lib/python3.10/site-packages/airflow/example_dags/example_latest_only_with_trigger.py
[2023-12-03T23:54:56.646+0000] {processor.py:839} INFO - DAG(s) dict_keys(['latest_only_with_trigger']) retrieved from /home/ubuntu/redfin/lib/python3.10/site-packages/airflow/example_dags/example_latest_only_with_trigger.py
[2023-12-03T23:54:56.665+0000] {logging_mixin.py:154} INFO - [2023-12-03T23:54:56.665+0000] {dag.py:2941} INFO - Sync 1 DAGs
[2023-12-03T23:54:56.686+0000] {logging_mixin.py:154} INFO - [2023-12-03T23:54:56.686+0000] {dag.py:3722} INFO - Setting next_dagrun for latest_only_with_trigger to 2023-12-03T19:54:56.686357+00:00, run_after=2023-12-03T23:54:56.686357+00:00
[2023-12-03T23:54:56.709+0000] {processor.py:179} INFO - Processing /home/ubuntu/redfin/lib/python3.10/site-packages/airflow/example_dags/example_latest_only_with_trigger.py took 0.075 seconds
[2023-12-03T23:55:42.794+0000] {processor.py:157} INFO - Started process (PID=7355) to work on /home/ubuntu/redfin/lib/python3.10/site-packages/airflow/example_dags/example_latest_only_with_trigger.py
[2023-12-03T23:55:42.796+0000] {processor.py:829} INFO - Processing file /home/ubuntu/redfin/lib/python3.10/site-packages/airflow/example_dags/example_latest_only_with_trigger.py for tasks to queue
[2023-12-03T23:55:42.797+0000] {logging_mixin.py:154} INFO - [2023-12-03T23:55:42.796+0000] {dagbag.py:536} INFO - Filling up the DagBag from /home/ubuntu/redfin/lib/python3.10/site-packages/airflow/example_dags/example_latest_only_with_trigger.py
[2023-12-03T23:55:42.804+0000] {processor.py:839} INFO - DAG(s) dict_keys(['latest_only_with_trigger']) retrieved from /home/ubuntu/redfin/lib/python3.10/site-packages/airflow/example_dags/example_latest_only_with_trigger.py
[2023-12-03T23:55:42.823+0000] {logging_mixin.py:154} INFO - [2023-12-03T23:55:42.823+0000] {dag.py:2941} INFO - Sync 1 DAGs
[2023-12-03T23:55:42.844+0000] {logging_mixin.py:154} INFO - [2023-12-03T23:55:42.844+0000] {dag.py:3722} INFO - Setting next_dagrun for latest_only_with_trigger to 2023-12-03T19:55:42.843793+00:00, run_after=2023-12-03T23:55:42.843793+00:00
[2023-12-03T23:55:42.866+0000] {processor.py:179} INFO - Processing /home/ubuntu/redfin/lib/python3.10/site-packages/airflow/example_dags/example_latest_only_with_trigger.py took 0.076 seconds
[2023-12-03T23:56:33.498+0000] {processor.py:157} INFO - Started process (PID=7410) to work on /home/ubuntu/redfin/lib/python3.10/site-packages/airflow/example_dags/example_latest_only_with_trigger.py
[2023-12-03T23:56:33.499+0000] {processor.py:829} INFO - Processing file /home/ubuntu/redfin/lib/python3.10/site-packages/airflow/example_dags/example_latest_only_with_trigger.py for tasks to queue
[2023-12-03T23:56:33.500+0000] {logging_mixin.py:154} INFO - [2023-12-03T23:56:33.500+0000] {dagbag.py:536} INFO - Filling up the DagBag from /home/ubuntu/redfin/lib/python3.10/site-packages/airflow/example_dags/example_latest_only_with_trigger.py
[2023-12-03T23:56:33.508+0000] {processor.py:839} INFO - DAG(s) dict_keys(['latest_only_with_trigger']) retrieved from /home/ubuntu/redfin/lib/python3.10/site-packages/airflow/example_dags/example_latest_only_with_trigger.py
[2023-12-03T23:56:33.528+0000] {logging_mixin.py:154} INFO - [2023-12-03T23:56:33.528+0000] {dag.py:2941} INFO - Sync 1 DAGs
[2023-12-03T23:56:33.550+0000] {logging_mixin.py:154} INFO - [2023-12-03T23:56:33.549+0000] {dag.py:3722} INFO - Setting next_dagrun for latest_only_with_trigger to 2023-12-03T19:56:33.549600+00:00, run_after=2023-12-03T23:56:33.549600+00:00
[2023-12-03T23:56:33.572+0000] {processor.py:179} INFO - Processing /home/ubuntu/redfin/lib/python3.10/site-packages/airflow/example_dags/example_latest_only_with_trigger.py took 0.078 seconds
[2023-12-03T23:57:20.563+0000] {processor.py:157} INFO - Started process (PID=7462) to work on /home/ubuntu/redfin/lib/python3.10/site-packages/airflow/example_dags/example_latest_only_with_trigger.py
[2023-12-03T23:57:20.565+0000] {processor.py:829} INFO - Processing file /home/ubuntu/redfin/lib/python3.10/site-packages/airflow/example_dags/example_latest_only_with_trigger.py for tasks to queue
[2023-12-03T23:57:20.565+0000] {logging_mixin.py:154} INFO - [2023-12-03T23:57:20.565+0000] {dagbag.py:536} INFO - Filling up the DagBag from /home/ubuntu/redfin/lib/python3.10/site-packages/airflow/example_dags/example_latest_only_with_trigger.py
[2023-12-03T23:57:20.573+0000] {processor.py:839} INFO - DAG(s) dict_keys(['latest_only_with_trigger']) retrieved from /home/ubuntu/redfin/lib/python3.10/site-packages/airflow/example_dags/example_latest_only_with_trigger.py
[2023-12-03T23:57:20.592+0000] {logging_mixin.py:154} INFO - [2023-12-03T23:57:20.591+0000] {dag.py:2941} INFO - Sync 1 DAGs
[2023-12-03T23:57:20.613+0000] {logging_mixin.py:154} INFO - [2023-12-03T23:57:20.613+0000] {dag.py:3722} INFO - Setting next_dagrun for latest_only_with_trigger to 2023-12-03T19:57:20.613033+00:00, run_after=2023-12-03T23:57:20.613033+00:00
[2023-12-03T23:57:20.635+0000] {processor.py:179} INFO - Processing /home/ubuntu/redfin/lib/python3.10/site-packages/airflow/example_dags/example_latest_only_with_trigger.py took 0.076 seconds
[2023-12-03T23:58:04.266+0000] {processor.py:157} INFO - Started process (PID=7511) to work on /home/ubuntu/redfin/lib/python3.10/site-packages/airflow/example_dags/example_latest_only_with_trigger.py
[2023-12-03T23:58:04.268+0000] {processor.py:829} INFO - Processing file /home/ubuntu/redfin/lib/python3.10/site-packages/airflow/example_dags/example_latest_only_with_trigger.py for tasks to queue
[2023-12-03T23:58:04.268+0000] {logging_mixin.py:154} INFO - [2023-12-03T23:58:04.268+0000] {dagbag.py:536} INFO - Filling up the DagBag from /home/ubuntu/redfin/lib/python3.10/site-packages/airflow/example_dags/example_latest_only_with_trigger.py
[2023-12-03T23:58:04.276+0000] {processor.py:839} INFO - DAG(s) dict_keys(['latest_only_with_trigger']) retrieved from /home/ubuntu/redfin/lib/python3.10/site-packages/airflow/example_dags/example_latest_only_with_trigger.py
[2023-12-03T23:58:04.295+0000] {logging_mixin.py:154} INFO - [2023-12-03T23:58:04.294+0000] {dag.py:2941} INFO - Sync 1 DAGs
[2023-12-03T23:58:04.315+0000] {logging_mixin.py:154} INFO - [2023-12-03T23:58:04.315+0000] {dag.py:3722} INFO - Setting next_dagrun for latest_only_with_trigger to 2023-12-03T19:58:04.315380+00:00, run_after=2023-12-03T23:58:04.315380+00:00
[2023-12-03T23:58:04.338+0000] {processor.py:179} INFO - Processing /home/ubuntu/redfin/lib/python3.10/site-packages/airflow/example_dags/example_latest_only_with_trigger.py took 0.076 seconds
[2023-12-03T23:58:49.682+0000] {processor.py:157} INFO - Started process (PID=7564) to work on /home/ubuntu/redfin/lib/python3.10/site-packages/airflow/example_dags/example_latest_only_with_trigger.py
[2023-12-03T23:58:49.684+0000] {processor.py:829} INFO - Processing file /home/ubuntu/redfin/lib/python3.10/site-packages/airflow/example_dags/example_latest_only_with_trigger.py for tasks to queue
[2023-12-03T23:58:49.685+0000] {logging_mixin.py:154} INFO - [2023-12-03T23:58:49.684+0000] {dagbag.py:536} INFO - Filling up the DagBag from /home/ubuntu/redfin/lib/python3.10/site-packages/airflow/example_dags/example_latest_only_with_trigger.py
[2023-12-03T23:58:49.692+0000] {processor.py:839} INFO - DAG(s) dict_keys(['latest_only_with_trigger']) retrieved from /home/ubuntu/redfin/lib/python3.10/site-packages/airflow/example_dags/example_latest_only_with_trigger.py
[2023-12-03T23:58:49.710+0000] {logging_mixin.py:154} INFO - [2023-12-03T23:58:49.710+0000] {dag.py:2941} INFO - Sync 1 DAGs
[2023-12-03T23:58:49.731+0000] {logging_mixin.py:154} INFO - [2023-12-03T23:58:49.731+0000] {dag.py:3722} INFO - Setting next_dagrun for latest_only_with_trigger to 2023-12-03T19:58:49.730848+00:00, run_after=2023-12-03T23:58:49.730848+00:00
[2023-12-03T23:58:49.754+0000] {processor.py:179} INFO - Processing /home/ubuntu/redfin/lib/python3.10/site-packages/airflow/example_dags/example_latest_only_with_trigger.py took 0.075 seconds
[2023-12-03T23:59:37.213+0000] {processor.py:157} INFO - Started process (PID=7617) to work on /home/ubuntu/redfin/lib/python3.10/site-packages/airflow/example_dags/example_latest_only_with_trigger.py
[2023-12-03T23:59:37.214+0000] {processor.py:829} INFO - Processing file /home/ubuntu/redfin/lib/python3.10/site-packages/airflow/example_dags/example_latest_only_with_trigger.py for tasks to queue
[2023-12-03T23:59:37.215+0000] {logging_mixin.py:154} INFO - [2023-12-03T23:59:37.215+0000] {dagbag.py:536} INFO - Filling up the DagBag from /home/ubuntu/redfin/lib/python3.10/site-packages/airflow/example_dags/example_latest_only_with_trigger.py
[2023-12-03T23:59:37.222+0000] {processor.py:839} INFO - DAG(s) dict_keys(['latest_only_with_trigger']) retrieved from /home/ubuntu/redfin/lib/python3.10/site-packages/airflow/example_dags/example_latest_only_with_trigger.py
[2023-12-03T23:59:37.241+0000] {logging_mixin.py:154} INFO - [2023-12-03T23:59:37.241+0000] {dag.py:2941} INFO - Sync 1 DAGs
[2023-12-03T23:59:37.262+0000] {logging_mixin.py:154} INFO - [2023-12-03T23:59:37.262+0000] {dag.py:3722} INFO - Setting next_dagrun for latest_only_with_trigger to 2023-12-03T19:59:37.261984+00:00, run_after=2023-12-03T23:59:37.261984+00:00
[2023-12-03T23:59:37.285+0000] {processor.py:179} INFO - Processing /home/ubuntu/redfin/lib/python3.10/site-packages/airflow/example_dags/example_latest_only_with_trigger.py took 0.076 seconds
