[2023-12-03T23:07:50.289+0000] {processor.py:157} INFO - Started process (PID=3753) to work on /home/ubuntu/redfin/lib/python3.10/site-packages/airflow/example_dags/example_short_circuit_decorator.py
[2023-12-03T23:07:50.290+0000] {processor.py:829} INFO - Processing file /home/ubuntu/redfin/lib/python3.10/site-packages/airflow/example_dags/example_short_circuit_decorator.py for tasks to queue
[2023-12-03T23:07:50.291+0000] {logging_mixin.py:154} INFO - [2023-12-03T23:07:50.290+0000] {dagbag.py:536} INFO - Filling up the DagBag from /home/ubuntu/redfin/lib/python3.10/site-packages/airflow/example_dags/example_short_circuit_decorator.py
[2023-12-03T23:07:50.304+0000] {processor.py:839} INFO - DAG(s) dict_keys(['example_short_circuit_decorator']) retrieved from /home/ubuntu/redfin/lib/python3.10/site-packages/airflow/example_dags/example_short_circuit_decorator.py
[2023-12-03T23:07:50.423+0000] {logging_mixin.py:154} INFO - [2023-12-03T23:07:50.423+0000] {manager.py:499} INFO - Created Permission View: %s
[2023-12-03T23:07:50.437+0000] {logging_mixin.py:154} INFO - [2023-12-03T23:07:50.437+0000] {manager.py:499} INFO - Created Permission View: %s
[2023-12-03T23:07:50.447+0000] {logging_mixin.py:154} INFO - [2023-12-03T23:07:50.447+0000] {manager.py:499} INFO - Created Permission View: %s
[2023-12-03T23:07:50.447+0000] {logging_mixin.py:154} INFO - [2023-12-03T23:07:50.447+0000] {dag.py:2941} INFO - Sync 1 DAGs
[2023-12-03T23:07:50.459+0000] {logging_mixin.py:154} INFO - [2023-12-03T23:07:50.459+0000] {dag.py:2963} INFO - Creating ORM DAG for example_short_circuit_decorator
[2023-12-03T23:07:50.470+0000] {logging_mixin.py:154} INFO - [2023-12-03T23:07:50.470+0000] {dag.py:3722} INFO - Setting next_dagrun for example_short_circuit_decorator to 2023-12-02T23:07:50.469850+00:00, run_after=2023-12-03T23:07:50.469850+00:00
[2023-12-03T23:07:50.495+0000] {processor.py:179} INFO - Processing /home/ubuntu/redfin/lib/python3.10/site-packages/airflow/example_dags/example_short_circuit_decorator.py took 0.210 seconds
[2023-12-03T23:08:42.630+0000] {processor.py:157} INFO - Started process (PID=3803) to work on /home/ubuntu/redfin/lib/python3.10/site-packages/airflow/example_dags/example_short_circuit_decorator.py
[2023-12-03T23:08:42.632+0000] {processor.py:829} INFO - Processing file /home/ubuntu/redfin/lib/python3.10/site-packages/airflow/example_dags/example_short_circuit_decorator.py for tasks to queue
[2023-12-03T23:08:42.633+0000] {logging_mixin.py:154} INFO - [2023-12-03T23:08:42.632+0000] {dagbag.py:536} INFO - Filling up the DagBag from /home/ubuntu/redfin/lib/python3.10/site-packages/airflow/example_dags/example_short_circuit_decorator.py
[2023-12-03T23:08:42.644+0000] {processor.py:839} INFO - DAG(s) dict_keys(['example_short_circuit_decorator']) retrieved from /home/ubuntu/redfin/lib/python3.10/site-packages/airflow/example_dags/example_short_circuit_decorator.py
[2023-12-03T23:08:42.667+0000] {logging_mixin.py:154} INFO - [2023-12-03T23:08:42.666+0000] {dag.py:2941} INFO - Sync 1 DAGs
[2023-12-03T23:08:42.688+0000] {logging_mixin.py:154} INFO - [2023-12-03T23:08:42.688+0000] {dag.py:3722} INFO - Setting next_dagrun for example_short_circuit_decorator to 2023-12-02T23:08:42.688365+00:00, run_after=2023-12-03T23:08:42.688365+00:00
[2023-12-03T23:08:42.712+0000] {processor.py:179} INFO - Processing /home/ubuntu/redfin/lib/python3.10/site-packages/airflow/example_dags/example_short_circuit_decorator.py took 0.086 seconds
[2023-12-03T23:09:28.109+0000] {processor.py:157} INFO - Started process (PID=3852) to work on /home/ubuntu/redfin/lib/python3.10/site-packages/airflow/example_dags/example_short_circuit_decorator.py
[2023-12-03T23:09:28.110+0000] {processor.py:829} INFO - Processing file /home/ubuntu/redfin/lib/python3.10/site-packages/airflow/example_dags/example_short_circuit_decorator.py for tasks to queue
[2023-12-03T23:09:28.111+0000] {logging_mixin.py:154} INFO - [2023-12-03T23:09:28.111+0000] {dagbag.py:536} INFO - Filling up the DagBag from /home/ubuntu/redfin/lib/python3.10/site-packages/airflow/example_dags/example_short_circuit_decorator.py
[2023-12-03T23:09:28.123+0000] {processor.py:839} INFO - DAG(s) dict_keys(['example_short_circuit_decorator']) retrieved from /home/ubuntu/redfin/lib/python3.10/site-packages/airflow/example_dags/example_short_circuit_decorator.py
[2023-12-03T23:09:28.144+0000] {logging_mixin.py:154} INFO - [2023-12-03T23:09:28.144+0000] {dag.py:2941} INFO - Sync 1 DAGs
[2023-12-03T23:09:28.166+0000] {logging_mixin.py:154} INFO - [2023-12-03T23:09:28.166+0000] {dag.py:3722} INFO - Setting next_dagrun for example_short_circuit_decorator to 2023-12-02T23:09:28.165953+00:00, run_after=2023-12-03T23:09:28.165953+00:00
[2023-12-03T23:09:28.190+0000] {processor.py:179} INFO - Processing /home/ubuntu/redfin/lib/python3.10/site-packages/airflow/example_dags/example_short_circuit_decorator.py took 0.085 seconds
[2023-12-03T23:10:15.365+0000] {processor.py:157} INFO - Started process (PID=3903) to work on /home/ubuntu/redfin/lib/python3.10/site-packages/airflow/example_dags/example_short_circuit_decorator.py
[2023-12-03T23:10:15.366+0000] {processor.py:829} INFO - Processing file /home/ubuntu/redfin/lib/python3.10/site-packages/airflow/example_dags/example_short_circuit_decorator.py for tasks to queue
[2023-12-03T23:10:15.367+0000] {logging_mixin.py:154} INFO - [2023-12-03T23:10:15.367+0000] {dagbag.py:536} INFO - Filling up the DagBag from /home/ubuntu/redfin/lib/python3.10/site-packages/airflow/example_dags/example_short_circuit_decorator.py
[2023-12-03T23:10:15.379+0000] {processor.py:839} INFO - DAG(s) dict_keys(['example_short_circuit_decorator']) retrieved from /home/ubuntu/redfin/lib/python3.10/site-packages/airflow/example_dags/example_short_circuit_decorator.py
[2023-12-03T23:10:15.401+0000] {logging_mixin.py:154} INFO - [2023-12-03T23:10:15.400+0000] {dag.py:2941} INFO - Sync 1 DAGs
[2023-12-03T23:10:15.423+0000] {logging_mixin.py:154} INFO - [2023-12-03T23:10:15.422+0000] {dag.py:3722} INFO - Setting next_dagrun for example_short_circuit_decorator to 2023-12-02T23:10:15.422460+00:00, run_after=2023-12-03T23:10:15.422460+00:00
[2023-12-03T23:10:15.446+0000] {processor.py:179} INFO - Processing /home/ubuntu/redfin/lib/python3.10/site-packages/airflow/example_dags/example_short_circuit_decorator.py took 0.085 seconds
[2023-12-03T23:11:00.329+0000] {processor.py:157} INFO - Started process (PID=3952) to work on /home/ubuntu/redfin/lib/python3.10/site-packages/airflow/example_dags/example_short_circuit_decorator.py
[2023-12-03T23:11:00.330+0000] {processor.py:829} INFO - Processing file /home/ubuntu/redfin/lib/python3.10/site-packages/airflow/example_dags/example_short_circuit_decorator.py for tasks to queue
[2023-12-03T23:11:00.331+0000] {logging_mixin.py:154} INFO - [2023-12-03T23:11:00.331+0000] {dagbag.py:536} INFO - Filling up the DagBag from /home/ubuntu/redfin/lib/python3.10/site-packages/airflow/example_dags/example_short_circuit_decorator.py
[2023-12-03T23:11:00.343+0000] {processor.py:839} INFO - DAG(s) dict_keys(['example_short_circuit_decorator']) retrieved from /home/ubuntu/redfin/lib/python3.10/site-packages/airflow/example_dags/example_short_circuit_decorator.py
[2023-12-03T23:11:00.364+0000] {logging_mixin.py:154} INFO - [2023-12-03T23:11:00.364+0000] {dag.py:2941} INFO - Sync 1 DAGs
[2023-12-03T23:11:00.387+0000] {logging_mixin.py:154} INFO - [2023-12-03T23:11:00.386+0000] {dag.py:3722} INFO - Setting next_dagrun for example_short_circuit_decorator to 2023-12-02T23:11:00.386384+00:00, run_after=2023-12-03T23:11:00.386384+00:00
[2023-12-03T23:11:00.411+0000] {processor.py:179} INFO - Processing /home/ubuntu/redfin/lib/python3.10/site-packages/airflow/example_dags/example_short_circuit_decorator.py took 0.086 seconds
[2023-12-03T23:11:39.010+0000] {processor.py:157} INFO - Started process (PID=3994) to work on /home/ubuntu/redfin/lib/python3.10/site-packages/airflow/example_dags/example_short_circuit_decorator.py
[2023-12-03T23:11:39.012+0000] {processor.py:829} INFO - Processing file /home/ubuntu/redfin/lib/python3.10/site-packages/airflow/example_dags/example_short_circuit_decorator.py for tasks to queue
[2023-12-03T23:11:39.013+0000] {logging_mixin.py:154} INFO - [2023-12-03T23:11:39.012+0000] {dagbag.py:536} INFO - Filling up the DagBag from /home/ubuntu/redfin/lib/python3.10/site-packages/airflow/example_dags/example_short_circuit_decorator.py
[2023-12-03T23:11:39.024+0000] {processor.py:839} INFO - DAG(s) dict_keys(['example_short_circuit_decorator']) retrieved from /home/ubuntu/redfin/lib/python3.10/site-packages/airflow/example_dags/example_short_circuit_decorator.py
[2023-12-03T23:11:39.044+0000] {logging_mixin.py:154} INFO - [2023-12-03T23:11:39.044+0000] {dag.py:2941} INFO - Sync 1 DAGs
[2023-12-03T23:11:39.067+0000] {logging_mixin.py:154} INFO - [2023-12-03T23:11:39.066+0000] {dag.py:3722} INFO - Setting next_dagrun for example_short_circuit_decorator to 2023-12-02T23:11:39.066482+00:00, run_after=2023-12-03T23:11:39.066482+00:00
[2023-12-03T23:11:39.090+0000] {processor.py:179} INFO - Processing /home/ubuntu/redfin/lib/python3.10/site-packages/airflow/example_dags/example_short_circuit_decorator.py took 0.083 seconds
[2023-12-03T23:12:23.304+0000] {processor.py:157} INFO - Started process (PID=4043) to work on /home/ubuntu/redfin/lib/python3.10/site-packages/airflow/example_dags/example_short_circuit_decorator.py
[2023-12-03T23:12:23.305+0000] {processor.py:829} INFO - Processing file /home/ubuntu/redfin/lib/python3.10/site-packages/airflow/example_dags/example_short_circuit_decorator.py for tasks to queue
[2023-12-03T23:12:23.306+0000] {logging_mixin.py:154} INFO - [2023-12-03T23:12:23.306+0000] {dagbag.py:536} INFO - Filling up the DagBag from /home/ubuntu/redfin/lib/python3.10/site-packages/airflow/example_dags/example_short_circuit_decorator.py
[2023-12-03T23:12:23.317+0000] {processor.py:839} INFO - DAG(s) dict_keys(['example_short_circuit_decorator']) retrieved from /home/ubuntu/redfin/lib/python3.10/site-packages/airflow/example_dags/example_short_circuit_decorator.py
[2023-12-03T23:12:23.337+0000] {logging_mixin.py:154} INFO - [2023-12-03T23:12:23.336+0000] {dag.py:2941} INFO - Sync 1 DAGs
[2023-12-03T23:12:23.357+0000] {logging_mixin.py:154} INFO - [2023-12-03T23:12:23.357+0000] {dag.py:3722} INFO - Setting next_dagrun for example_short_circuit_decorator to 2023-12-02T23:12:23.357254+00:00, run_after=2023-12-03T23:12:23.357254+00:00
[2023-12-03T23:12:23.380+0000] {processor.py:179} INFO - Processing /home/ubuntu/redfin/lib/python3.10/site-packages/airflow/example_dags/example_short_circuit_decorator.py took 0.080 seconds
[2023-12-03T23:13:09.844+0000] {processor.py:157} INFO - Started process (PID=4093) to work on /home/ubuntu/redfin/lib/python3.10/site-packages/airflow/example_dags/example_short_circuit_decorator.py
[2023-12-03T23:13:09.846+0000] {processor.py:829} INFO - Processing file /home/ubuntu/redfin/lib/python3.10/site-packages/airflow/example_dags/example_short_circuit_decorator.py for tasks to queue
[2023-12-03T23:13:09.847+0000] {logging_mixin.py:154} INFO - [2023-12-03T23:13:09.846+0000] {dagbag.py:536} INFO - Filling up the DagBag from /home/ubuntu/redfin/lib/python3.10/site-packages/airflow/example_dags/example_short_circuit_decorator.py
[2023-12-03T23:13:09.858+0000] {processor.py:839} INFO - DAG(s) dict_keys(['example_short_circuit_decorator']) retrieved from /home/ubuntu/redfin/lib/python3.10/site-packages/airflow/example_dags/example_short_circuit_decorator.py
[2023-12-03T23:13:09.879+0000] {logging_mixin.py:154} INFO - [2023-12-03T23:13:09.879+0000] {dag.py:2941} INFO - Sync 1 DAGs
[2023-12-03T23:13:09.900+0000] {logging_mixin.py:154} INFO - [2023-12-03T23:13:09.900+0000] {dag.py:3722} INFO - Setting next_dagrun for example_short_circuit_decorator to 2023-12-02T23:13:09.900255+00:00, run_after=2023-12-03T23:13:09.900255+00:00
[2023-12-03T23:13:09.923+0000] {processor.py:179} INFO - Processing /home/ubuntu/redfin/lib/python3.10/site-packages/airflow/example_dags/example_short_circuit_decorator.py took 0.082 seconds
[2023-12-03T23:13:54.238+0000] {processor.py:157} INFO - Started process (PID=4143) to work on /home/ubuntu/redfin/lib/python3.10/site-packages/airflow/example_dags/example_short_circuit_decorator.py
[2023-12-03T23:13:54.239+0000] {processor.py:829} INFO - Processing file /home/ubuntu/redfin/lib/python3.10/site-packages/airflow/example_dags/example_short_circuit_decorator.py for tasks to queue
[2023-12-03T23:13:54.240+0000] {logging_mixin.py:154} INFO - [2023-12-03T23:13:54.240+0000] {dagbag.py:536} INFO - Filling up the DagBag from /home/ubuntu/redfin/lib/python3.10/site-packages/airflow/example_dags/example_short_circuit_decorator.py
[2023-12-03T23:13:54.252+0000] {processor.py:839} INFO - DAG(s) dict_keys(['example_short_circuit_decorator']) retrieved from /home/ubuntu/redfin/lib/python3.10/site-packages/airflow/example_dags/example_short_circuit_decorator.py
[2023-12-03T23:13:54.273+0000] {logging_mixin.py:154} INFO - [2023-12-03T23:13:54.273+0000] {dag.py:2941} INFO - Sync 1 DAGs
[2023-12-03T23:13:54.294+0000] {logging_mixin.py:154} INFO - [2023-12-03T23:13:54.294+0000] {dag.py:3722} INFO - Setting next_dagrun for example_short_circuit_decorator to 2023-12-02T23:13:54.294316+00:00, run_after=2023-12-03T23:13:54.294316+00:00
[2023-12-03T23:13:54.318+0000] {processor.py:179} INFO - Processing /home/ubuntu/redfin/lib/python3.10/site-packages/airflow/example_dags/example_short_circuit_decorator.py took 0.084 seconds
[2023-12-03T23:14:43.336+0000] {processor.py:157} INFO - Started process (PID=4198) to work on /home/ubuntu/redfin/lib/python3.10/site-packages/airflow/example_dags/example_short_circuit_decorator.py
[2023-12-03T23:14:43.337+0000] {processor.py:829} INFO - Processing file /home/ubuntu/redfin/lib/python3.10/site-packages/airflow/example_dags/example_short_circuit_decorator.py for tasks to queue
[2023-12-03T23:14:43.338+0000] {logging_mixin.py:154} INFO - [2023-12-03T23:14:43.338+0000] {dagbag.py:536} INFO - Filling up the DagBag from /home/ubuntu/redfin/lib/python3.10/site-packages/airflow/example_dags/example_short_circuit_decorator.py
[2023-12-03T23:14:43.350+0000] {processor.py:839} INFO - DAG(s) dict_keys(['example_short_circuit_decorator']) retrieved from /home/ubuntu/redfin/lib/python3.10/site-packages/airflow/example_dags/example_short_circuit_decorator.py
[2023-12-03T23:14:43.371+0000] {logging_mixin.py:154} INFO - [2023-12-03T23:14:43.371+0000] {dag.py:2941} INFO - Sync 1 DAGs
[2023-12-03T23:14:43.393+0000] {logging_mixin.py:154} INFO - [2023-12-03T23:14:43.393+0000] {dag.py:3722} INFO - Setting next_dagrun for example_short_circuit_decorator to 2023-12-02T23:14:43.392759+00:00, run_after=2023-12-03T23:14:43.392759+00:00
[2023-12-03T23:14:43.416+0000] {processor.py:179} INFO - Processing /home/ubuntu/redfin/lib/python3.10/site-packages/airflow/example_dags/example_short_circuit_decorator.py took 0.083 seconds
[2023-12-03T23:15:32.849+0000] {processor.py:157} INFO - Started process (PID=4250) to work on /home/ubuntu/redfin/lib/python3.10/site-packages/airflow/example_dags/example_short_circuit_decorator.py
[2023-12-03T23:15:32.851+0000] {processor.py:829} INFO - Processing file /home/ubuntu/redfin/lib/python3.10/site-packages/airflow/example_dags/example_short_circuit_decorator.py for tasks to queue
[2023-12-03T23:15:32.852+0000] {logging_mixin.py:154} INFO - [2023-12-03T23:15:32.851+0000] {dagbag.py:536} INFO - Filling up the DagBag from /home/ubuntu/redfin/lib/python3.10/site-packages/airflow/example_dags/example_short_circuit_decorator.py
[2023-12-03T23:15:32.863+0000] {processor.py:839} INFO - DAG(s) dict_keys(['example_short_circuit_decorator']) retrieved from /home/ubuntu/redfin/lib/python3.10/site-packages/airflow/example_dags/example_short_circuit_decorator.py
[2023-12-03T23:15:32.883+0000] {logging_mixin.py:154} INFO - [2023-12-03T23:15:32.882+0000] {dag.py:2941} INFO - Sync 1 DAGs
[2023-12-03T23:15:32.903+0000] {logging_mixin.py:154} INFO - [2023-12-03T23:15:32.903+0000] {dag.py:3722} INFO - Setting next_dagrun for example_short_circuit_decorator to 2023-12-02T23:15:32.902734+00:00, run_after=2023-12-03T23:15:32.902734+00:00
[2023-12-03T23:15:32.925+0000] {processor.py:179} INFO - Processing /home/ubuntu/redfin/lib/python3.10/site-packages/airflow/example_dags/example_short_circuit_decorator.py took 0.079 seconds
[2023-12-03T23:16:20.649+0000] {processor.py:157} INFO - Started process (PID=4304) to work on /home/ubuntu/redfin/lib/python3.10/site-packages/airflow/example_dags/example_short_circuit_decorator.py
[2023-12-03T23:16:20.651+0000] {processor.py:829} INFO - Processing file /home/ubuntu/redfin/lib/python3.10/site-packages/airflow/example_dags/example_short_circuit_decorator.py for tasks to queue
[2023-12-03T23:16:20.651+0000] {logging_mixin.py:154} INFO - [2023-12-03T23:16:20.651+0000] {dagbag.py:536} INFO - Filling up the DagBag from /home/ubuntu/redfin/lib/python3.10/site-packages/airflow/example_dags/example_short_circuit_decorator.py
[2023-12-03T23:16:20.662+0000] {processor.py:839} INFO - DAG(s) dict_keys(['example_short_circuit_decorator']) retrieved from /home/ubuntu/redfin/lib/python3.10/site-packages/airflow/example_dags/example_short_circuit_decorator.py
[2023-12-03T23:16:20.682+0000] {logging_mixin.py:154} INFO - [2023-12-03T23:16:20.682+0000] {dag.py:2941} INFO - Sync 1 DAGs
[2023-12-03T23:16:20.703+0000] {logging_mixin.py:154} INFO - [2023-12-03T23:16:20.703+0000] {dag.py:3722} INFO - Setting next_dagrun for example_short_circuit_decorator to 2023-12-02T23:16:20.702898+00:00, run_after=2023-12-03T23:16:20.702898+00:00
[2023-12-03T23:16:20.725+0000] {processor.py:179} INFO - Processing /home/ubuntu/redfin/lib/python3.10/site-packages/airflow/example_dags/example_short_circuit_decorator.py took 0.080 seconds
[2023-12-03T23:17:07.299+0000] {processor.py:157} INFO - Started process (PID=4358) to work on /home/ubuntu/redfin/lib/python3.10/site-packages/airflow/example_dags/example_short_circuit_decorator.py
[2023-12-03T23:17:07.300+0000] {processor.py:829} INFO - Processing file /home/ubuntu/redfin/lib/python3.10/site-packages/airflow/example_dags/example_short_circuit_decorator.py for tasks to queue
[2023-12-03T23:17:07.301+0000] {logging_mixin.py:154} INFO - [2023-12-03T23:17:07.301+0000] {dagbag.py:536} INFO - Filling up the DagBag from /home/ubuntu/redfin/lib/python3.10/site-packages/airflow/example_dags/example_short_circuit_decorator.py
[2023-12-03T23:17:07.312+0000] {processor.py:839} INFO - DAG(s) dict_keys(['example_short_circuit_decorator']) retrieved from /home/ubuntu/redfin/lib/python3.10/site-packages/airflow/example_dags/example_short_circuit_decorator.py
[2023-12-03T23:17:07.333+0000] {logging_mixin.py:154} INFO - [2023-12-03T23:17:07.332+0000] {dag.py:2941} INFO - Sync 1 DAGs
[2023-12-03T23:17:07.355+0000] {logging_mixin.py:154} INFO - [2023-12-03T23:17:07.355+0000] {dag.py:3722} INFO - Setting next_dagrun for example_short_circuit_decorator to 2023-12-02T23:17:07.354798+00:00, run_after=2023-12-03T23:17:07.354798+00:00
[2023-12-03T23:17:07.377+0000] {processor.py:179} INFO - Processing /home/ubuntu/redfin/lib/python3.10/site-packages/airflow/example_dags/example_short_circuit_decorator.py took 0.082 seconds
[2023-12-03T23:17:53.039+0000] {processor.py:157} INFO - Started process (PID=4408) to work on /home/ubuntu/redfin/lib/python3.10/site-packages/airflow/example_dags/example_short_circuit_decorator.py
[2023-12-03T23:17:53.041+0000] {processor.py:829} INFO - Processing file /home/ubuntu/redfin/lib/python3.10/site-packages/airflow/example_dags/example_short_circuit_decorator.py for tasks to queue
[2023-12-03T23:17:53.042+0000] {logging_mixin.py:154} INFO - [2023-12-03T23:17:53.041+0000] {dagbag.py:536} INFO - Filling up the DagBag from /home/ubuntu/redfin/lib/python3.10/site-packages/airflow/example_dags/example_short_circuit_decorator.py
[2023-12-03T23:17:53.053+0000] {processor.py:839} INFO - DAG(s) dict_keys(['example_short_circuit_decorator']) retrieved from /home/ubuntu/redfin/lib/python3.10/site-packages/airflow/example_dags/example_short_circuit_decorator.py
[2023-12-03T23:17:53.074+0000] {logging_mixin.py:154} INFO - [2023-12-03T23:17:53.073+0000] {dag.py:2941} INFO - Sync 1 DAGs
[2023-12-03T23:17:53.095+0000] {logging_mixin.py:154} INFO - [2023-12-03T23:17:53.095+0000] {dag.py:3722} INFO - Setting next_dagrun for example_short_circuit_decorator to 2023-12-02T23:17:53.095143+00:00, run_after=2023-12-03T23:17:53.095143+00:00
[2023-12-03T23:17:53.118+0000] {processor.py:179} INFO - Processing /home/ubuntu/redfin/lib/python3.10/site-packages/airflow/example_dags/example_short_circuit_decorator.py took 0.083 seconds
[2023-12-03T23:18:37.512+0000] {processor.py:157} INFO - Started process (PID=4461) to work on /home/ubuntu/redfin/lib/python3.10/site-packages/airflow/example_dags/example_short_circuit_decorator.py
[2023-12-03T23:18:37.514+0000] {processor.py:829} INFO - Processing file /home/ubuntu/redfin/lib/python3.10/site-packages/airflow/example_dags/example_short_circuit_decorator.py for tasks to queue
[2023-12-03T23:18:37.515+0000] {logging_mixin.py:154} INFO - [2023-12-03T23:18:37.514+0000] {dagbag.py:536} INFO - Filling up the DagBag from /home/ubuntu/redfin/lib/python3.10/site-packages/airflow/example_dags/example_short_circuit_decorator.py
[2023-12-03T23:18:37.526+0000] {processor.py:839} INFO - DAG(s) dict_keys(['example_short_circuit_decorator']) retrieved from /home/ubuntu/redfin/lib/python3.10/site-packages/airflow/example_dags/example_short_circuit_decorator.py
[2023-12-03T23:18:37.547+0000] {logging_mixin.py:154} INFO - [2023-12-03T23:18:37.546+0000] {dag.py:2941} INFO - Sync 1 DAGs
[2023-12-03T23:18:37.569+0000] {logging_mixin.py:154} INFO - [2023-12-03T23:18:37.569+0000] {dag.py:3722} INFO - Setting next_dagrun for example_short_circuit_decorator to 2023-12-02T23:18:37.568990+00:00, run_after=2023-12-03T23:18:37.568990+00:00
[2023-12-03T23:18:37.592+0000] {processor.py:179} INFO - Processing /home/ubuntu/redfin/lib/python3.10/site-packages/airflow/example_dags/example_short_circuit_decorator.py took 0.083 seconds
[2023-12-03T23:19:22.228+0000] {processor.py:157} INFO - Started process (PID=4510) to work on /home/ubuntu/redfin/lib/python3.10/site-packages/airflow/example_dags/example_short_circuit_decorator.py
[2023-12-03T23:19:22.229+0000] {processor.py:829} INFO - Processing file /home/ubuntu/redfin/lib/python3.10/site-packages/airflow/example_dags/example_short_circuit_decorator.py for tasks to queue
[2023-12-03T23:19:22.230+0000] {logging_mixin.py:154} INFO - [2023-12-03T23:19:22.230+0000] {dagbag.py:536} INFO - Filling up the DagBag from /home/ubuntu/redfin/lib/python3.10/site-packages/airflow/example_dags/example_short_circuit_decorator.py
[2023-12-03T23:19:22.241+0000] {processor.py:839} INFO - DAG(s) dict_keys(['example_short_circuit_decorator']) retrieved from /home/ubuntu/redfin/lib/python3.10/site-packages/airflow/example_dags/example_short_circuit_decorator.py
[2023-12-03T23:19:22.262+0000] {logging_mixin.py:154} INFO - [2023-12-03T23:19:22.262+0000] {dag.py:2941} INFO - Sync 1 DAGs
[2023-12-03T23:19:22.283+0000] {logging_mixin.py:154} INFO - [2023-12-03T23:19:22.283+0000] {dag.py:3722} INFO - Setting next_dagrun for example_short_circuit_decorator to 2023-12-02T23:19:22.283291+00:00, run_after=2023-12-03T23:19:22.283291+00:00
[2023-12-03T23:19:22.306+0000] {processor.py:179} INFO - Processing /home/ubuntu/redfin/lib/python3.10/site-packages/airflow/example_dags/example_short_circuit_decorator.py took 0.082 seconds
[2023-12-03T23:20:06.313+0000] {processor.py:157} INFO - Started process (PID=4559) to work on /home/ubuntu/redfin/lib/python3.10/site-packages/airflow/example_dags/example_short_circuit_decorator.py
[2023-12-03T23:20:06.314+0000] {processor.py:829} INFO - Processing file /home/ubuntu/redfin/lib/python3.10/site-packages/airflow/example_dags/example_short_circuit_decorator.py for tasks to queue
[2023-12-03T23:20:06.315+0000] {logging_mixin.py:154} INFO - [2023-12-03T23:20:06.314+0000] {dagbag.py:536} INFO - Filling up the DagBag from /home/ubuntu/redfin/lib/python3.10/site-packages/airflow/example_dags/example_short_circuit_decorator.py
[2023-12-03T23:20:06.326+0000] {processor.py:839} INFO - DAG(s) dict_keys(['example_short_circuit_decorator']) retrieved from /home/ubuntu/redfin/lib/python3.10/site-packages/airflow/example_dags/example_short_circuit_decorator.py
[2023-12-03T23:20:06.345+0000] {logging_mixin.py:154} INFO - [2023-12-03T23:20:06.345+0000] {dag.py:2941} INFO - Sync 1 DAGs
[2023-12-03T23:20:06.366+0000] {logging_mixin.py:154} INFO - [2023-12-03T23:20:06.366+0000] {dag.py:3722} INFO - Setting next_dagrun for example_short_circuit_decorator to 2023-12-02T23:20:06.366487+00:00, run_after=2023-12-03T23:20:06.366487+00:00
[2023-12-03T23:20:06.389+0000] {processor.py:179} INFO - Processing /home/ubuntu/redfin/lib/python3.10/site-packages/airflow/example_dags/example_short_circuit_decorator.py took 0.080 seconds
[2023-12-03T23:20:48.367+0000] {processor.py:157} INFO - Started process (PID=4607) to work on /home/ubuntu/redfin/lib/python3.10/site-packages/airflow/example_dags/example_short_circuit_decorator.py
[2023-12-03T23:20:48.369+0000] {processor.py:829} INFO - Processing file /home/ubuntu/redfin/lib/python3.10/site-packages/airflow/example_dags/example_short_circuit_decorator.py for tasks to queue
[2023-12-03T23:20:48.370+0000] {logging_mixin.py:154} INFO - [2023-12-03T23:20:48.370+0000] {dagbag.py:536} INFO - Filling up the DagBag from /home/ubuntu/redfin/lib/python3.10/site-packages/airflow/example_dags/example_short_circuit_decorator.py
[2023-12-03T23:20:48.381+0000] {processor.py:839} INFO - DAG(s) dict_keys(['example_short_circuit_decorator']) retrieved from /home/ubuntu/redfin/lib/python3.10/site-packages/airflow/example_dags/example_short_circuit_decorator.py
[2023-12-03T23:20:48.403+0000] {logging_mixin.py:154} INFO - [2023-12-03T23:20:48.403+0000] {dag.py:2941} INFO - Sync 1 DAGs
[2023-12-03T23:20:48.426+0000] {logging_mixin.py:154} INFO - [2023-12-03T23:20:48.426+0000] {dag.py:3722} INFO - Setting next_dagrun for example_short_circuit_decorator to 2023-12-02T23:20:48.425994+00:00, run_after=2023-12-03T23:20:48.425994+00:00
[2023-12-03T23:20:48.451+0000] {processor.py:179} INFO - Processing /home/ubuntu/redfin/lib/python3.10/site-packages/airflow/example_dags/example_short_circuit_decorator.py took 0.088 seconds
[2023-12-03T23:21:38.306+0000] {processor.py:157} INFO - Started process (PID=4659) to work on /home/ubuntu/redfin/lib/python3.10/site-packages/airflow/example_dags/example_short_circuit_decorator.py
[2023-12-03T23:21:38.307+0000] {processor.py:829} INFO - Processing file /home/ubuntu/redfin/lib/python3.10/site-packages/airflow/example_dags/example_short_circuit_decorator.py for tasks to queue
[2023-12-03T23:21:38.308+0000] {logging_mixin.py:154} INFO - [2023-12-03T23:21:38.307+0000] {dagbag.py:536} INFO - Filling up the DagBag from /home/ubuntu/redfin/lib/python3.10/site-packages/airflow/example_dags/example_short_circuit_decorator.py
[2023-12-03T23:21:38.319+0000] {processor.py:839} INFO - DAG(s) dict_keys(['example_short_circuit_decorator']) retrieved from /home/ubuntu/redfin/lib/python3.10/site-packages/airflow/example_dags/example_short_circuit_decorator.py
[2023-12-03T23:21:38.340+0000] {logging_mixin.py:154} INFO - [2023-12-03T23:21:38.340+0000] {dag.py:2941} INFO - Sync 1 DAGs
[2023-12-03T23:21:38.361+0000] {logging_mixin.py:154} INFO - [2023-12-03T23:21:38.361+0000] {dag.py:3722} INFO - Setting next_dagrun for example_short_circuit_decorator to 2023-12-02T23:21:38.361011+00:00, run_after=2023-12-03T23:21:38.361011+00:00
[2023-12-03T23:21:38.385+0000] {processor.py:179} INFO - Processing /home/ubuntu/redfin/lib/python3.10/site-packages/airflow/example_dags/example_short_circuit_decorator.py took 0.083 seconds
[2023-12-03T23:22:27.985+0000] {processor.py:157} INFO - Started process (PID=4715) to work on /home/ubuntu/redfin/lib/python3.10/site-packages/airflow/example_dags/example_short_circuit_decorator.py
[2023-12-03T23:22:27.986+0000] {processor.py:829} INFO - Processing file /home/ubuntu/redfin/lib/python3.10/site-packages/airflow/example_dags/example_short_circuit_decorator.py for tasks to queue
[2023-12-03T23:22:27.987+0000] {logging_mixin.py:154} INFO - [2023-12-03T23:22:27.987+0000] {dagbag.py:536} INFO - Filling up the DagBag from /home/ubuntu/redfin/lib/python3.10/site-packages/airflow/example_dags/example_short_circuit_decorator.py
[2023-12-03T23:22:27.999+0000] {processor.py:839} INFO - DAG(s) dict_keys(['example_short_circuit_decorator']) retrieved from /home/ubuntu/redfin/lib/python3.10/site-packages/airflow/example_dags/example_short_circuit_decorator.py
[2023-12-03T23:22:28.019+0000] {logging_mixin.py:154} INFO - [2023-12-03T23:22:28.019+0000] {dag.py:2941} INFO - Sync 1 DAGs
[2023-12-03T23:22:28.040+0000] {logging_mixin.py:154} INFO - [2023-12-03T23:22:28.040+0000] {dag.py:3722} INFO - Setting next_dagrun for example_short_circuit_decorator to 2023-12-02T23:22:28.040366+00:00, run_after=2023-12-03T23:22:28.040366+00:00
[2023-12-03T23:22:28.066+0000] {processor.py:179} INFO - Processing /home/ubuntu/redfin/lib/python3.10/site-packages/airflow/example_dags/example_short_circuit_decorator.py took 0.085 seconds
[2023-12-03T23:23:12.067+0000] {processor.py:157} INFO - Started process (PID=4764) to work on /home/ubuntu/redfin/lib/python3.10/site-packages/airflow/example_dags/example_short_circuit_decorator.py
[2023-12-03T23:23:12.069+0000] {processor.py:829} INFO - Processing file /home/ubuntu/redfin/lib/python3.10/site-packages/airflow/example_dags/example_short_circuit_decorator.py for tasks to queue
[2023-12-03T23:23:12.070+0000] {logging_mixin.py:154} INFO - [2023-12-03T23:23:12.069+0000] {dagbag.py:536} INFO - Filling up the DagBag from /home/ubuntu/redfin/lib/python3.10/site-packages/airflow/example_dags/example_short_circuit_decorator.py
[2023-12-03T23:23:12.081+0000] {processor.py:839} INFO - DAG(s) dict_keys(['example_short_circuit_decorator']) retrieved from /home/ubuntu/redfin/lib/python3.10/site-packages/airflow/example_dags/example_short_circuit_decorator.py
[2023-12-03T23:23:12.101+0000] {logging_mixin.py:154} INFO - [2023-12-03T23:23:12.101+0000] {dag.py:2941} INFO - Sync 1 DAGs
[2023-12-03T23:23:12.122+0000] {logging_mixin.py:154} INFO - [2023-12-03T23:23:12.121+0000] {dag.py:3722} INFO - Setting next_dagrun for example_short_circuit_decorator to 2023-12-02T23:23:12.121681+00:00, run_after=2023-12-03T23:23:12.121681+00:00
[2023-12-03T23:23:12.145+0000] {processor.py:179} INFO - Processing /home/ubuntu/redfin/lib/python3.10/site-packages/airflow/example_dags/example_short_circuit_decorator.py took 0.082 seconds
[2023-12-03T23:23:59.885+0000] {processor.py:157} INFO - Started process (PID=4815) to work on /home/ubuntu/redfin/lib/python3.10/site-packages/airflow/example_dags/example_short_circuit_decorator.py
[2023-12-03T23:23:59.887+0000] {processor.py:829} INFO - Processing file /home/ubuntu/redfin/lib/python3.10/site-packages/airflow/example_dags/example_short_circuit_decorator.py for tasks to queue
[2023-12-03T23:23:59.887+0000] {logging_mixin.py:154} INFO - [2023-12-03T23:23:59.887+0000] {dagbag.py:536} INFO - Filling up the DagBag from /home/ubuntu/redfin/lib/python3.10/site-packages/airflow/example_dags/example_short_circuit_decorator.py
[2023-12-03T23:23:59.899+0000] {processor.py:839} INFO - DAG(s) dict_keys(['example_short_circuit_decorator']) retrieved from /home/ubuntu/redfin/lib/python3.10/site-packages/airflow/example_dags/example_short_circuit_decorator.py
[2023-12-03T23:23:59.919+0000] {logging_mixin.py:154} INFO - [2023-12-03T23:23:59.919+0000] {dag.py:2941} INFO - Sync 1 DAGs
[2023-12-03T23:23:59.941+0000] {logging_mixin.py:154} INFO - [2023-12-03T23:23:59.941+0000] {dag.py:3722} INFO - Setting next_dagrun for example_short_circuit_decorator to 2023-12-02T23:23:59.941009+00:00, run_after=2023-12-03T23:23:59.941009+00:00
[2023-12-03T23:23:59.965+0000] {processor.py:179} INFO - Processing /home/ubuntu/redfin/lib/python3.10/site-packages/airflow/example_dags/example_short_circuit_decorator.py took 0.084 seconds
[2023-12-03T23:24:45.901+0000] {processor.py:157} INFO - Started process (PID=4868) to work on /home/ubuntu/redfin/lib/python3.10/site-packages/airflow/example_dags/example_short_circuit_decorator.py
[2023-12-03T23:24:45.903+0000] {processor.py:829} INFO - Processing file /home/ubuntu/redfin/lib/python3.10/site-packages/airflow/example_dags/example_short_circuit_decorator.py for tasks to queue
[2023-12-03T23:24:45.904+0000] {logging_mixin.py:154} INFO - [2023-12-03T23:24:45.903+0000] {dagbag.py:536} INFO - Filling up the DagBag from /home/ubuntu/redfin/lib/python3.10/site-packages/airflow/example_dags/example_short_circuit_decorator.py
[2023-12-03T23:24:45.915+0000] {processor.py:839} INFO - DAG(s) dict_keys(['example_short_circuit_decorator']) retrieved from /home/ubuntu/redfin/lib/python3.10/site-packages/airflow/example_dags/example_short_circuit_decorator.py
[2023-12-03T23:24:45.935+0000] {logging_mixin.py:154} INFO - [2023-12-03T23:24:45.935+0000] {dag.py:2941} INFO - Sync 1 DAGs
[2023-12-03T23:24:45.957+0000] {logging_mixin.py:154} INFO - [2023-12-03T23:24:45.956+0000] {dag.py:3722} INFO - Setting next_dagrun for example_short_circuit_decorator to 2023-12-02T23:24:45.956521+00:00, run_after=2023-12-03T23:24:45.956521+00:00
[2023-12-03T23:24:45.979+0000] {processor.py:179} INFO - Processing /home/ubuntu/redfin/lib/python3.10/site-packages/airflow/example_dags/example_short_circuit_decorator.py took 0.081 seconds
[2023-12-03T23:25:36.828+0000] {processor.py:157} INFO - Started process (PID=4921) to work on /home/ubuntu/redfin/lib/python3.10/site-packages/airflow/example_dags/example_short_circuit_decorator.py
[2023-12-03T23:25:36.830+0000] {processor.py:829} INFO - Processing file /home/ubuntu/redfin/lib/python3.10/site-packages/airflow/example_dags/example_short_circuit_decorator.py for tasks to queue
[2023-12-03T23:25:36.831+0000] {logging_mixin.py:154} INFO - [2023-12-03T23:25:36.830+0000] {dagbag.py:536} INFO - Filling up the DagBag from /home/ubuntu/redfin/lib/python3.10/site-packages/airflow/example_dags/example_short_circuit_decorator.py
[2023-12-03T23:25:36.842+0000] {processor.py:839} INFO - DAG(s) dict_keys(['example_short_circuit_decorator']) retrieved from /home/ubuntu/redfin/lib/python3.10/site-packages/airflow/example_dags/example_short_circuit_decorator.py
[2023-12-03T23:25:36.864+0000] {logging_mixin.py:154} INFO - [2023-12-03T23:25:36.864+0000] {dag.py:2941} INFO - Sync 1 DAGs
[2023-12-03T23:25:36.888+0000] {logging_mixin.py:154} INFO - [2023-12-03T23:25:36.887+0000] {dag.py:3722} INFO - Setting next_dagrun for example_short_circuit_decorator to 2023-12-02T23:25:36.887430+00:00, run_after=2023-12-03T23:25:36.887430+00:00
[2023-12-03T23:25:36.911+0000] {processor.py:179} INFO - Processing /home/ubuntu/redfin/lib/python3.10/site-packages/airflow/example_dags/example_short_circuit_decorator.py took 0.087 seconds
[2023-12-03T23:26:22.219+0000] {processor.py:157} INFO - Started process (PID=4971) to work on /home/ubuntu/redfin/lib/python3.10/site-packages/airflow/example_dags/example_short_circuit_decorator.py
[2023-12-03T23:26:22.220+0000] {processor.py:829} INFO - Processing file /home/ubuntu/redfin/lib/python3.10/site-packages/airflow/example_dags/example_short_circuit_decorator.py for tasks to queue
[2023-12-03T23:26:22.221+0000] {logging_mixin.py:154} INFO - [2023-12-03T23:26:22.221+0000] {dagbag.py:536} INFO - Filling up the DagBag from /home/ubuntu/redfin/lib/python3.10/site-packages/airflow/example_dags/example_short_circuit_decorator.py
[2023-12-03T23:26:22.232+0000] {processor.py:839} INFO - DAG(s) dict_keys(['example_short_circuit_decorator']) retrieved from /home/ubuntu/redfin/lib/python3.10/site-packages/airflow/example_dags/example_short_circuit_decorator.py
[2023-12-03T23:26:22.253+0000] {logging_mixin.py:154} INFO - [2023-12-03T23:26:22.253+0000] {dag.py:2941} INFO - Sync 1 DAGs
[2023-12-03T23:26:22.274+0000] {logging_mixin.py:154} INFO - [2023-12-03T23:26:22.274+0000] {dag.py:3722} INFO - Setting next_dagrun for example_short_circuit_decorator to 2023-12-02T23:26:22.273766+00:00, run_after=2023-12-03T23:26:22.273766+00:00
[2023-12-03T23:26:22.297+0000] {processor.py:179} INFO - Processing /home/ubuntu/redfin/lib/python3.10/site-packages/airflow/example_dags/example_short_circuit_decorator.py took 0.082 seconds
[2023-12-03T23:27:05.028+0000] {processor.py:157} INFO - Started process (PID=5020) to work on /home/ubuntu/redfin/lib/python3.10/site-packages/airflow/example_dags/example_short_circuit_decorator.py
[2023-12-03T23:27:05.029+0000] {processor.py:829} INFO - Processing file /home/ubuntu/redfin/lib/python3.10/site-packages/airflow/example_dags/example_short_circuit_decorator.py for tasks to queue
[2023-12-03T23:27:05.030+0000] {logging_mixin.py:154} INFO - [2023-12-03T23:27:05.030+0000] {dagbag.py:536} INFO - Filling up the DagBag from /home/ubuntu/redfin/lib/python3.10/site-packages/airflow/example_dags/example_short_circuit_decorator.py
[2023-12-03T23:27:05.041+0000] {processor.py:839} INFO - DAG(s) dict_keys(['example_short_circuit_decorator']) retrieved from /home/ubuntu/redfin/lib/python3.10/site-packages/airflow/example_dags/example_short_circuit_decorator.py
[2023-12-03T23:27:05.061+0000] {logging_mixin.py:154} INFO - [2023-12-03T23:27:05.061+0000] {dag.py:2941} INFO - Sync 1 DAGs
[2023-12-03T23:27:05.083+0000] {logging_mixin.py:154} INFO - [2023-12-03T23:27:05.082+0000] {dag.py:3722} INFO - Setting next_dagrun for example_short_circuit_decorator to 2023-12-02T23:27:05.082704+00:00, run_after=2023-12-03T23:27:05.082704+00:00
[2023-12-03T23:27:05.107+0000] {processor.py:179} INFO - Processing /home/ubuntu/redfin/lib/python3.10/site-packages/airflow/example_dags/example_short_circuit_decorator.py took 0.083 seconds
[2023-12-03T23:27:47.444+0000] {processor.py:157} INFO - Started process (PID=5067) to work on /home/ubuntu/redfin/lib/python3.10/site-packages/airflow/example_dags/example_short_circuit_decorator.py
[2023-12-03T23:27:47.446+0000] {processor.py:829} INFO - Processing file /home/ubuntu/redfin/lib/python3.10/site-packages/airflow/example_dags/example_short_circuit_decorator.py for tasks to queue
[2023-12-03T23:27:47.446+0000] {logging_mixin.py:154} INFO - [2023-12-03T23:27:47.446+0000] {dagbag.py:536} INFO - Filling up the DagBag from /home/ubuntu/redfin/lib/python3.10/site-packages/airflow/example_dags/example_short_circuit_decorator.py
[2023-12-03T23:27:47.458+0000] {processor.py:839} INFO - DAG(s) dict_keys(['example_short_circuit_decorator']) retrieved from /home/ubuntu/redfin/lib/python3.10/site-packages/airflow/example_dags/example_short_circuit_decorator.py
[2023-12-03T23:27:47.478+0000] {logging_mixin.py:154} INFO - [2023-12-03T23:27:47.478+0000] {dag.py:2941} INFO - Sync 1 DAGs
[2023-12-03T23:27:47.499+0000] {logging_mixin.py:154} INFO - [2023-12-03T23:27:47.498+0000] {dag.py:3722} INFO - Setting next_dagrun for example_short_circuit_decorator to 2023-12-02T23:27:47.498489+00:00, run_after=2023-12-03T23:27:47.498489+00:00
[2023-12-03T23:27:47.522+0000] {processor.py:179} INFO - Processing /home/ubuntu/redfin/lib/python3.10/site-packages/airflow/example_dags/example_short_circuit_decorator.py took 0.082 seconds
[2023-12-03T23:28:33.399+0000] {processor.py:157} INFO - Started process (PID=5116) to work on /home/ubuntu/redfin/lib/python3.10/site-packages/airflow/example_dags/example_short_circuit_decorator.py
[2023-12-03T23:28:33.400+0000] {processor.py:829} INFO - Processing file /home/ubuntu/redfin/lib/python3.10/site-packages/airflow/example_dags/example_short_circuit_decorator.py for tasks to queue
[2023-12-03T23:28:33.401+0000] {logging_mixin.py:154} INFO - [2023-12-03T23:28:33.401+0000] {dagbag.py:536} INFO - Filling up the DagBag from /home/ubuntu/redfin/lib/python3.10/site-packages/airflow/example_dags/example_short_circuit_decorator.py
[2023-12-03T23:28:33.412+0000] {processor.py:839} INFO - DAG(s) dict_keys(['example_short_circuit_decorator']) retrieved from /home/ubuntu/redfin/lib/python3.10/site-packages/airflow/example_dags/example_short_circuit_decorator.py
[2023-12-03T23:28:33.433+0000] {logging_mixin.py:154} INFO - [2023-12-03T23:28:33.433+0000] {dag.py:2941} INFO - Sync 1 DAGs
[2023-12-03T23:28:33.454+0000] {logging_mixin.py:154} INFO - [2023-12-03T23:28:33.454+0000] {dag.py:3722} INFO - Setting next_dagrun for example_short_circuit_decorator to 2023-12-02T23:28:33.454102+00:00, run_after=2023-12-03T23:28:33.454102+00:00
[2023-12-03T23:28:33.478+0000] {processor.py:179} INFO - Processing /home/ubuntu/redfin/lib/python3.10/site-packages/airflow/example_dags/example_short_circuit_decorator.py took 0.083 seconds
[2023-12-03T23:29:21.224+0000] {processor.py:157} INFO - Started process (PID=5170) to work on /home/ubuntu/redfin/lib/python3.10/site-packages/airflow/example_dags/example_short_circuit_decorator.py
[2023-12-03T23:29:21.225+0000] {processor.py:829} INFO - Processing file /home/ubuntu/redfin/lib/python3.10/site-packages/airflow/example_dags/example_short_circuit_decorator.py for tasks to queue
[2023-12-03T23:29:21.226+0000] {logging_mixin.py:154} INFO - [2023-12-03T23:29:21.226+0000] {dagbag.py:536} INFO - Filling up the DagBag from /home/ubuntu/redfin/lib/python3.10/site-packages/airflow/example_dags/example_short_circuit_decorator.py
[2023-12-03T23:29:21.238+0000] {processor.py:839} INFO - DAG(s) dict_keys(['example_short_circuit_decorator']) retrieved from /home/ubuntu/redfin/lib/python3.10/site-packages/airflow/example_dags/example_short_circuit_decorator.py
[2023-12-03T23:29:21.258+0000] {logging_mixin.py:154} INFO - [2023-12-03T23:29:21.258+0000] {dag.py:2941} INFO - Sync 1 DAGs
[2023-12-03T23:29:21.280+0000] {logging_mixin.py:154} INFO - [2023-12-03T23:29:21.279+0000] {dag.py:3722} INFO - Setting next_dagrun for example_short_circuit_decorator to 2023-12-02T23:29:21.279687+00:00, run_after=2023-12-03T23:29:21.279687+00:00
[2023-12-03T23:29:21.303+0000] {processor.py:179} INFO - Processing /home/ubuntu/redfin/lib/python3.10/site-packages/airflow/example_dags/example_short_circuit_decorator.py took 0.083 seconds
[2023-12-03T23:30:09.347+0000] {processor.py:157} INFO - Started process (PID=5223) to work on /home/ubuntu/redfin/lib/python3.10/site-packages/airflow/example_dags/example_short_circuit_decorator.py
[2023-12-03T23:30:09.348+0000] {processor.py:829} INFO - Processing file /home/ubuntu/redfin/lib/python3.10/site-packages/airflow/example_dags/example_short_circuit_decorator.py for tasks to queue
[2023-12-03T23:30:09.349+0000] {logging_mixin.py:154} INFO - [2023-12-03T23:30:09.349+0000] {dagbag.py:536} INFO - Filling up the DagBag from /home/ubuntu/redfin/lib/python3.10/site-packages/airflow/example_dags/example_short_circuit_decorator.py
[2023-12-03T23:30:09.360+0000] {processor.py:839} INFO - DAG(s) dict_keys(['example_short_circuit_decorator']) retrieved from /home/ubuntu/redfin/lib/python3.10/site-packages/airflow/example_dags/example_short_circuit_decorator.py
[2023-12-03T23:30:09.381+0000] {logging_mixin.py:154} INFO - [2023-12-03T23:30:09.381+0000] {dag.py:2941} INFO - Sync 1 DAGs
[2023-12-03T23:30:09.402+0000] {logging_mixin.py:154} INFO - [2023-12-03T23:30:09.402+0000] {dag.py:3722} INFO - Setting next_dagrun for example_short_circuit_decorator to 2023-12-02T23:30:09.402285+00:00, run_after=2023-12-03T23:30:09.402285+00:00
[2023-12-03T23:30:09.424+0000] {processor.py:179} INFO - Processing /home/ubuntu/redfin/lib/python3.10/site-packages/airflow/example_dags/example_short_circuit_decorator.py took 0.081 seconds
[2023-12-03T23:30:55.165+0000] {processor.py:157} INFO - Started process (PID=5273) to work on /home/ubuntu/redfin/lib/python3.10/site-packages/airflow/example_dags/example_short_circuit_decorator.py
[2023-12-03T23:30:55.167+0000] {processor.py:829} INFO - Processing file /home/ubuntu/redfin/lib/python3.10/site-packages/airflow/example_dags/example_short_circuit_decorator.py for tasks to queue
[2023-12-03T23:30:55.168+0000] {logging_mixin.py:154} INFO - [2023-12-03T23:30:55.167+0000] {dagbag.py:536} INFO - Filling up the DagBag from /home/ubuntu/redfin/lib/python3.10/site-packages/airflow/example_dags/example_short_circuit_decorator.py
[2023-12-03T23:30:55.179+0000] {processor.py:839} INFO - DAG(s) dict_keys(['example_short_circuit_decorator']) retrieved from /home/ubuntu/redfin/lib/python3.10/site-packages/airflow/example_dags/example_short_circuit_decorator.py
[2023-12-03T23:30:55.200+0000] {logging_mixin.py:154} INFO - [2023-12-03T23:30:55.200+0000] {dag.py:2941} INFO - Sync 1 DAGs
[2023-12-03T23:30:55.224+0000] {logging_mixin.py:154} INFO - [2023-12-03T23:30:55.223+0000] {dag.py:3722} INFO - Setting next_dagrun for example_short_circuit_decorator to 2023-12-02T23:30:55.223650+00:00, run_after=2023-12-03T23:30:55.223650+00:00
[2023-12-03T23:30:55.249+0000] {processor.py:179} INFO - Processing /home/ubuntu/redfin/lib/python3.10/site-packages/airflow/example_dags/example_short_circuit_decorator.py took 0.087 seconds
[2023-12-03T23:31:42.804+0000] {processor.py:157} INFO - Started process (PID=5327) to work on /home/ubuntu/redfin/lib/python3.10/site-packages/airflow/example_dags/example_short_circuit_decorator.py
[2023-12-03T23:31:42.805+0000] {processor.py:829} INFO - Processing file /home/ubuntu/redfin/lib/python3.10/site-packages/airflow/example_dags/example_short_circuit_decorator.py for tasks to queue
[2023-12-03T23:31:42.806+0000] {logging_mixin.py:154} INFO - [2023-12-03T23:31:42.805+0000] {dagbag.py:536} INFO - Filling up the DagBag from /home/ubuntu/redfin/lib/python3.10/site-packages/airflow/example_dags/example_short_circuit_decorator.py
[2023-12-03T23:31:42.817+0000] {processor.py:839} INFO - DAG(s) dict_keys(['example_short_circuit_decorator']) retrieved from /home/ubuntu/redfin/lib/python3.10/site-packages/airflow/example_dags/example_short_circuit_decorator.py
[2023-12-03T23:31:42.837+0000] {logging_mixin.py:154} INFO - [2023-12-03T23:31:42.837+0000] {dag.py:2941} INFO - Sync 1 DAGs
[2023-12-03T23:31:42.858+0000] {logging_mixin.py:154} INFO - [2023-12-03T23:31:42.857+0000] {dag.py:3722} INFO - Setting next_dagrun for example_short_circuit_decorator to 2023-12-02T23:31:42.857549+00:00, run_after=2023-12-03T23:31:42.857549+00:00
[2023-12-03T23:31:42.880+0000] {processor.py:179} INFO - Processing /home/ubuntu/redfin/lib/python3.10/site-packages/airflow/example_dags/example_short_circuit_decorator.py took 0.080 seconds
[2023-12-03T23:32:28.612+0000] {processor.py:157} INFO - Started process (PID=5376) to work on /home/ubuntu/redfin/lib/python3.10/site-packages/airflow/example_dags/example_short_circuit_decorator.py
[2023-12-03T23:32:28.614+0000] {processor.py:829} INFO - Processing file /home/ubuntu/redfin/lib/python3.10/site-packages/airflow/example_dags/example_short_circuit_decorator.py for tasks to queue
[2023-12-03T23:32:28.615+0000] {logging_mixin.py:154} INFO - [2023-12-03T23:32:28.615+0000] {dagbag.py:536} INFO - Filling up the DagBag from /home/ubuntu/redfin/lib/python3.10/site-packages/airflow/example_dags/example_short_circuit_decorator.py
[2023-12-03T23:32:28.626+0000] {processor.py:839} INFO - DAG(s) dict_keys(['example_short_circuit_decorator']) retrieved from /home/ubuntu/redfin/lib/python3.10/site-packages/airflow/example_dags/example_short_circuit_decorator.py
[2023-12-03T23:32:28.647+0000] {logging_mixin.py:154} INFO - [2023-12-03T23:32:28.647+0000] {dag.py:2941} INFO - Sync 1 DAGs
[2023-12-03T23:32:28.670+0000] {logging_mixin.py:154} INFO - [2023-12-03T23:32:28.670+0000] {dag.py:3722} INFO - Setting next_dagrun for example_short_circuit_decorator to 2023-12-02T23:32:28.670021+00:00, run_after=2023-12-03T23:32:28.670021+00:00
[2023-12-03T23:32:28.695+0000] {processor.py:179} INFO - Processing /home/ubuntu/redfin/lib/python3.10/site-packages/airflow/example_dags/example_short_circuit_decorator.py took 0.086 seconds
[2023-12-03T23:33:11.653+0000] {processor.py:157} INFO - Started process (PID=5424) to work on /home/ubuntu/redfin/lib/python3.10/site-packages/airflow/example_dags/example_short_circuit_decorator.py
[2023-12-03T23:33:11.654+0000] {processor.py:829} INFO - Processing file /home/ubuntu/redfin/lib/python3.10/site-packages/airflow/example_dags/example_short_circuit_decorator.py for tasks to queue
[2023-12-03T23:33:11.655+0000] {logging_mixin.py:154} INFO - [2023-12-03T23:33:11.655+0000] {dagbag.py:536} INFO - Filling up the DagBag from /home/ubuntu/redfin/lib/python3.10/site-packages/airflow/example_dags/example_short_circuit_decorator.py
[2023-12-03T23:33:11.666+0000] {processor.py:839} INFO - DAG(s) dict_keys(['example_short_circuit_decorator']) retrieved from /home/ubuntu/redfin/lib/python3.10/site-packages/airflow/example_dags/example_short_circuit_decorator.py
[2023-12-03T23:33:11.687+0000] {logging_mixin.py:154} INFO - [2023-12-03T23:33:11.687+0000] {dag.py:2941} INFO - Sync 1 DAGs
[2023-12-03T23:33:11.710+0000] {logging_mixin.py:154} INFO - [2023-12-03T23:33:11.709+0000] {dag.py:3722} INFO - Setting next_dagrun for example_short_circuit_decorator to 2023-12-02T23:33:11.709657+00:00, run_after=2023-12-03T23:33:11.709657+00:00
[2023-12-03T23:33:11.733+0000] {processor.py:179} INFO - Processing /home/ubuntu/redfin/lib/python3.10/site-packages/airflow/example_dags/example_short_circuit_decorator.py took 0.084 seconds
[2023-12-03T23:33:58.026+0000] {processor.py:157} INFO - Started process (PID=5474) to work on /home/ubuntu/redfin/lib/python3.10/site-packages/airflow/example_dags/example_short_circuit_decorator.py
[2023-12-03T23:33:58.027+0000] {processor.py:829} INFO - Processing file /home/ubuntu/redfin/lib/python3.10/site-packages/airflow/example_dags/example_short_circuit_decorator.py for tasks to queue
[2023-12-03T23:33:58.028+0000] {logging_mixin.py:154} INFO - [2023-12-03T23:33:58.028+0000] {dagbag.py:536} INFO - Filling up the DagBag from /home/ubuntu/redfin/lib/python3.10/site-packages/airflow/example_dags/example_short_circuit_decorator.py
[2023-12-03T23:33:58.039+0000] {processor.py:839} INFO - DAG(s) dict_keys(['example_short_circuit_decorator']) retrieved from /home/ubuntu/redfin/lib/python3.10/site-packages/airflow/example_dags/example_short_circuit_decorator.py
[2023-12-03T23:33:58.061+0000] {logging_mixin.py:154} INFO - [2023-12-03T23:33:58.061+0000] {dag.py:2941} INFO - Sync 1 DAGs
[2023-12-03T23:33:58.085+0000] {logging_mixin.py:154} INFO - [2023-12-03T23:33:58.084+0000] {dag.py:3722} INFO - Setting next_dagrun for example_short_circuit_decorator to 2023-12-02T23:33:58.084518+00:00, run_after=2023-12-03T23:33:58.084518+00:00
[2023-12-03T23:33:58.108+0000] {processor.py:179} INFO - Processing /home/ubuntu/redfin/lib/python3.10/site-packages/airflow/example_dags/example_short_circuit_decorator.py took 0.086 seconds
[2023-12-03T23:34:47.132+0000] {processor.py:157} INFO - Started process (PID=5528) to work on /home/ubuntu/redfin/lib/python3.10/site-packages/airflow/example_dags/example_short_circuit_decorator.py
[2023-12-03T23:34:47.133+0000] {processor.py:829} INFO - Processing file /home/ubuntu/redfin/lib/python3.10/site-packages/airflow/example_dags/example_short_circuit_decorator.py for tasks to queue
[2023-12-03T23:34:47.134+0000] {logging_mixin.py:154} INFO - [2023-12-03T23:34:47.134+0000] {dagbag.py:536} INFO - Filling up the DagBag from /home/ubuntu/redfin/lib/python3.10/site-packages/airflow/example_dags/example_short_circuit_decorator.py
[2023-12-03T23:34:47.146+0000] {processor.py:839} INFO - DAG(s) dict_keys(['example_short_circuit_decorator']) retrieved from /home/ubuntu/redfin/lib/python3.10/site-packages/airflow/example_dags/example_short_circuit_decorator.py
[2023-12-03T23:34:47.167+0000] {logging_mixin.py:154} INFO - [2023-12-03T23:34:47.167+0000] {dag.py:2941} INFO - Sync 1 DAGs
[2023-12-03T23:34:47.189+0000] {logging_mixin.py:154} INFO - [2023-12-03T23:34:47.189+0000] {dag.py:3722} INFO - Setting next_dagrun for example_short_circuit_decorator to 2023-12-02T23:34:47.189257+00:00, run_after=2023-12-03T23:34:47.189257+00:00
[2023-12-03T23:34:47.212+0000] {processor.py:179} INFO - Processing /home/ubuntu/redfin/lib/python3.10/site-packages/airflow/example_dags/example_short_circuit_decorator.py took 0.084 seconds
[2023-12-03T23:35:36.494+0000] {processor.py:157} INFO - Started process (PID=5581) to work on /home/ubuntu/redfin/lib/python3.10/site-packages/airflow/example_dags/example_short_circuit_decorator.py
[2023-12-03T23:35:36.495+0000] {processor.py:829} INFO - Processing file /home/ubuntu/redfin/lib/python3.10/site-packages/airflow/example_dags/example_short_circuit_decorator.py for tasks to queue
[2023-12-03T23:35:36.496+0000] {logging_mixin.py:154} INFO - [2023-12-03T23:35:36.496+0000] {dagbag.py:536} INFO - Filling up the DagBag from /home/ubuntu/redfin/lib/python3.10/site-packages/airflow/example_dags/example_short_circuit_decorator.py
[2023-12-03T23:35:36.508+0000] {processor.py:839} INFO - DAG(s) dict_keys(['example_short_circuit_decorator']) retrieved from /home/ubuntu/redfin/lib/python3.10/site-packages/airflow/example_dags/example_short_circuit_decorator.py
[2023-12-03T23:35:36.529+0000] {logging_mixin.py:154} INFO - [2023-12-03T23:35:36.529+0000] {dag.py:2941} INFO - Sync 1 DAGs
[2023-12-03T23:35:36.552+0000] {logging_mixin.py:154} INFO - [2023-12-03T23:35:36.552+0000] {dag.py:3722} INFO - Setting next_dagrun for example_short_circuit_decorator to 2023-12-02T23:35:36.552188+00:00, run_after=2023-12-03T23:35:36.552188+00:00
[2023-12-03T23:35:36.576+0000] {processor.py:179} INFO - Processing /home/ubuntu/redfin/lib/python3.10/site-packages/airflow/example_dags/example_short_circuit_decorator.py took 0.086 seconds
[2023-12-03T23:36:27.976+0000] {processor.py:157} INFO - Started process (PID=5637) to work on /home/ubuntu/redfin/lib/python3.10/site-packages/airflow/example_dags/example_short_circuit_decorator.py
[2023-12-03T23:36:27.978+0000] {processor.py:829} INFO - Processing file /home/ubuntu/redfin/lib/python3.10/site-packages/airflow/example_dags/example_short_circuit_decorator.py for tasks to queue
[2023-12-03T23:36:27.979+0000] {logging_mixin.py:154} INFO - [2023-12-03T23:36:27.978+0000] {dagbag.py:536} INFO - Filling up the DagBag from /home/ubuntu/redfin/lib/python3.10/site-packages/airflow/example_dags/example_short_circuit_decorator.py
[2023-12-03T23:36:27.990+0000] {processor.py:839} INFO - DAG(s) dict_keys(['example_short_circuit_decorator']) retrieved from /home/ubuntu/redfin/lib/python3.10/site-packages/airflow/example_dags/example_short_circuit_decorator.py
[2023-12-03T23:36:28.011+0000] {logging_mixin.py:154} INFO - [2023-12-03T23:36:28.011+0000] {dag.py:2941} INFO - Sync 1 DAGs
[2023-12-03T23:36:28.034+0000] {logging_mixin.py:154} INFO - [2023-12-03T23:36:28.033+0000] {dag.py:3722} INFO - Setting next_dagrun for example_short_circuit_decorator to 2023-12-02T23:36:28.033435+00:00, run_after=2023-12-03T23:36:28.033435+00:00
[2023-12-03T23:36:28.059+0000] {processor.py:179} INFO - Processing /home/ubuntu/redfin/lib/python3.10/site-packages/airflow/example_dags/example_short_circuit_decorator.py took 0.087 seconds
[2023-12-03T23:37:17.542+0000] {processor.py:157} INFO - Started process (PID=5690) to work on /home/ubuntu/redfin/lib/python3.10/site-packages/airflow/example_dags/example_short_circuit_decorator.py
[2023-12-03T23:37:17.544+0000] {processor.py:829} INFO - Processing file /home/ubuntu/redfin/lib/python3.10/site-packages/airflow/example_dags/example_short_circuit_decorator.py for tasks to queue
[2023-12-03T23:37:17.544+0000] {logging_mixin.py:154} INFO - [2023-12-03T23:37:17.544+0000] {dagbag.py:536} INFO - Filling up the DagBag from /home/ubuntu/redfin/lib/python3.10/site-packages/airflow/example_dags/example_short_circuit_decorator.py
[2023-12-03T23:37:17.556+0000] {processor.py:839} INFO - DAG(s) dict_keys(['example_short_circuit_decorator']) retrieved from /home/ubuntu/redfin/lib/python3.10/site-packages/airflow/example_dags/example_short_circuit_decorator.py
[2023-12-03T23:37:17.576+0000] {logging_mixin.py:154} INFO - [2023-12-03T23:37:17.576+0000] {dag.py:2941} INFO - Sync 1 DAGs
[2023-12-03T23:37:17.598+0000] {logging_mixin.py:154} INFO - [2023-12-03T23:37:17.598+0000] {dag.py:3722} INFO - Setting next_dagrun for example_short_circuit_decorator to 2023-12-02T23:37:17.597863+00:00, run_after=2023-12-03T23:37:17.597863+00:00
[2023-12-03T23:37:17.621+0000] {processor.py:179} INFO - Processing /home/ubuntu/redfin/lib/python3.10/site-packages/airflow/example_dags/example_short_circuit_decorator.py took 0.082 seconds
[2023-12-03T23:38:01.658+0000] {processor.py:157} INFO - Started process (PID=5739) to work on /home/ubuntu/redfin/lib/python3.10/site-packages/airflow/example_dags/example_short_circuit_decorator.py
[2023-12-03T23:38:01.660+0000] {processor.py:829} INFO - Processing file /home/ubuntu/redfin/lib/python3.10/site-packages/airflow/example_dags/example_short_circuit_decorator.py for tasks to queue
[2023-12-03T23:38:01.661+0000] {logging_mixin.py:154} INFO - [2023-12-03T23:38:01.660+0000] {dagbag.py:536} INFO - Filling up the DagBag from /home/ubuntu/redfin/lib/python3.10/site-packages/airflow/example_dags/example_short_circuit_decorator.py
[2023-12-03T23:38:01.672+0000] {processor.py:839} INFO - DAG(s) dict_keys(['example_short_circuit_decorator']) retrieved from /home/ubuntu/redfin/lib/python3.10/site-packages/airflow/example_dags/example_short_circuit_decorator.py
[2023-12-03T23:38:01.693+0000] {logging_mixin.py:154} INFO - [2023-12-03T23:38:01.693+0000] {dag.py:2941} INFO - Sync 1 DAGs
[2023-12-03T23:38:01.715+0000] {logging_mixin.py:154} INFO - [2023-12-03T23:38:01.714+0000] {dag.py:3722} INFO - Setting next_dagrun for example_short_circuit_decorator to 2023-12-02T23:38:01.714477+00:00, run_after=2023-12-03T23:38:01.714477+00:00
[2023-12-03T23:38:01.738+0000] {processor.py:179} INFO - Processing /home/ubuntu/redfin/lib/python3.10/site-packages/airflow/example_dags/example_short_circuit_decorator.py took 0.084 seconds
[2023-12-03T23:38:50.596+0000] {processor.py:157} INFO - Started process (PID=5794) to work on /home/ubuntu/redfin/lib/python3.10/site-packages/airflow/example_dags/example_short_circuit_decorator.py
[2023-12-03T23:38:50.597+0000] {processor.py:829} INFO - Processing file /home/ubuntu/redfin/lib/python3.10/site-packages/airflow/example_dags/example_short_circuit_decorator.py for tasks to queue
[2023-12-03T23:38:50.598+0000] {logging_mixin.py:154} INFO - [2023-12-03T23:38:50.598+0000] {dagbag.py:536} INFO - Filling up the DagBag from /home/ubuntu/redfin/lib/python3.10/site-packages/airflow/example_dags/example_short_circuit_decorator.py
[2023-12-03T23:38:50.609+0000] {processor.py:839} INFO - DAG(s) dict_keys(['example_short_circuit_decorator']) retrieved from /home/ubuntu/redfin/lib/python3.10/site-packages/airflow/example_dags/example_short_circuit_decorator.py
[2023-12-03T23:38:50.629+0000] {logging_mixin.py:154} INFO - [2023-12-03T23:38:50.629+0000] {dag.py:2941} INFO - Sync 1 DAGs
[2023-12-03T23:38:50.650+0000] {logging_mixin.py:154} INFO - [2023-12-03T23:38:50.650+0000] {dag.py:3722} INFO - Setting next_dagrun for example_short_circuit_decorator to 2023-12-02T23:38:50.649839+00:00, run_after=2023-12-03T23:38:50.649839+00:00
[2023-12-03T23:38:50.673+0000] {processor.py:179} INFO - Processing /home/ubuntu/redfin/lib/python3.10/site-packages/airflow/example_dags/example_short_circuit_decorator.py took 0.080 seconds
[2023-12-03T23:39:36.080+0000] {processor.py:157} INFO - Started process (PID=5844) to work on /home/ubuntu/redfin/lib/python3.10/site-packages/airflow/example_dags/example_short_circuit_decorator.py
[2023-12-03T23:39:36.082+0000] {processor.py:829} INFO - Processing file /home/ubuntu/redfin/lib/python3.10/site-packages/airflow/example_dags/example_short_circuit_decorator.py for tasks to queue
[2023-12-03T23:39:36.083+0000] {logging_mixin.py:154} INFO - [2023-12-03T23:39:36.082+0000] {dagbag.py:536} INFO - Filling up the DagBag from /home/ubuntu/redfin/lib/python3.10/site-packages/airflow/example_dags/example_short_circuit_decorator.py
[2023-12-03T23:39:36.094+0000] {processor.py:839} INFO - DAG(s) dict_keys(['example_short_circuit_decorator']) retrieved from /home/ubuntu/redfin/lib/python3.10/site-packages/airflow/example_dags/example_short_circuit_decorator.py
[2023-12-03T23:39:36.115+0000] {logging_mixin.py:154} INFO - [2023-12-03T23:39:36.115+0000] {dag.py:2941} INFO - Sync 1 DAGs
[2023-12-03T23:39:36.137+0000] {logging_mixin.py:154} INFO - [2023-12-03T23:39:36.137+0000] {dag.py:3722} INFO - Setting next_dagrun for example_short_circuit_decorator to 2023-12-02T23:39:36.137031+00:00, run_after=2023-12-03T23:39:36.137031+00:00
[2023-12-03T23:39:36.160+0000] {processor.py:179} INFO - Processing /home/ubuntu/redfin/lib/python3.10/site-packages/airflow/example_dags/example_short_circuit_decorator.py took 0.083 seconds
[2023-12-03T23:40:23.417+0000] {processor.py:157} INFO - Started process (PID=5894) to work on /home/ubuntu/redfin/lib/python3.10/site-packages/airflow/example_dags/example_short_circuit_decorator.py
[2023-12-03T23:40:23.419+0000] {processor.py:829} INFO - Processing file /home/ubuntu/redfin/lib/python3.10/site-packages/airflow/example_dags/example_short_circuit_decorator.py for tasks to queue
[2023-12-03T23:40:23.419+0000] {logging_mixin.py:154} INFO - [2023-12-03T23:40:23.419+0000] {dagbag.py:536} INFO - Filling up the DagBag from /home/ubuntu/redfin/lib/python3.10/site-packages/airflow/example_dags/example_short_circuit_decorator.py
[2023-12-03T23:40:23.431+0000] {processor.py:839} INFO - DAG(s) dict_keys(['example_short_circuit_decorator']) retrieved from /home/ubuntu/redfin/lib/python3.10/site-packages/airflow/example_dags/example_short_circuit_decorator.py
[2023-12-03T23:40:23.451+0000] {logging_mixin.py:154} INFO - [2023-12-03T23:40:23.451+0000] {dag.py:2941} INFO - Sync 1 DAGs
[2023-12-03T23:40:23.473+0000] {logging_mixin.py:154} INFO - [2023-12-03T23:40:23.472+0000] {dag.py:3722} INFO - Setting next_dagrun for example_short_circuit_decorator to 2023-12-02T23:40:23.472475+00:00, run_after=2023-12-03T23:40:23.472475+00:00
[2023-12-03T23:40:23.494+0000] {processor.py:179} INFO - Processing /home/ubuntu/redfin/lib/python3.10/site-packages/airflow/example_dags/example_short_circuit_decorator.py took 0.081 seconds
[2023-12-03T23:41:13.767+0000] {processor.py:157} INFO - Started process (PID=5948) to work on /home/ubuntu/redfin/lib/python3.10/site-packages/airflow/example_dags/example_short_circuit_decorator.py
[2023-12-03T23:41:13.769+0000] {processor.py:829} INFO - Processing file /home/ubuntu/redfin/lib/python3.10/site-packages/airflow/example_dags/example_short_circuit_decorator.py for tasks to queue
[2023-12-03T23:41:13.770+0000] {logging_mixin.py:154} INFO - [2023-12-03T23:41:13.769+0000] {dagbag.py:536} INFO - Filling up the DagBag from /home/ubuntu/redfin/lib/python3.10/site-packages/airflow/example_dags/example_short_circuit_decorator.py
[2023-12-03T23:41:13.781+0000] {processor.py:839} INFO - DAG(s) dict_keys(['example_short_circuit_decorator']) retrieved from /home/ubuntu/redfin/lib/python3.10/site-packages/airflow/example_dags/example_short_circuit_decorator.py
[2023-12-03T23:41:13.802+0000] {logging_mixin.py:154} INFO - [2023-12-03T23:41:13.801+0000] {dag.py:2941} INFO - Sync 1 DAGs
[2023-12-03T23:41:13.824+0000] {logging_mixin.py:154} INFO - [2023-12-03T23:41:13.824+0000] {dag.py:3722} INFO - Setting next_dagrun for example_short_circuit_decorator to 2023-12-02T23:41:13.823795+00:00, run_after=2023-12-03T23:41:13.823795+00:00
[2023-12-03T23:41:13.846+0000] {processor.py:179} INFO - Processing /home/ubuntu/redfin/lib/python3.10/site-packages/airflow/example_dags/example_short_circuit_decorator.py took 0.082 seconds
[2023-12-03T23:41:57.416+0000] {processor.py:157} INFO - Started process (PID=5997) to work on /home/ubuntu/redfin/lib/python3.10/site-packages/airflow/example_dags/example_short_circuit_decorator.py
[2023-12-03T23:41:57.418+0000] {processor.py:829} INFO - Processing file /home/ubuntu/redfin/lib/python3.10/site-packages/airflow/example_dags/example_short_circuit_decorator.py for tasks to queue
[2023-12-03T23:41:57.419+0000] {logging_mixin.py:154} INFO - [2023-12-03T23:41:57.418+0000] {dagbag.py:536} INFO - Filling up the DagBag from /home/ubuntu/redfin/lib/python3.10/site-packages/airflow/example_dags/example_short_circuit_decorator.py
[2023-12-03T23:41:57.430+0000] {processor.py:839} INFO - DAG(s) dict_keys(['example_short_circuit_decorator']) retrieved from /home/ubuntu/redfin/lib/python3.10/site-packages/airflow/example_dags/example_short_circuit_decorator.py
[2023-12-03T23:41:57.451+0000] {logging_mixin.py:154} INFO - [2023-12-03T23:41:57.451+0000] {dag.py:2941} INFO - Sync 1 DAGs
[2023-12-03T23:41:57.474+0000] {logging_mixin.py:154} INFO - [2023-12-03T23:41:57.473+0000] {dag.py:3722} INFO - Setting next_dagrun for example_short_circuit_decorator to 2023-12-02T23:41:57.473632+00:00, run_after=2023-12-03T23:41:57.473632+00:00
[2023-12-03T23:41:57.497+0000] {processor.py:179} INFO - Processing /home/ubuntu/redfin/lib/python3.10/site-packages/airflow/example_dags/example_short_circuit_decorator.py took 0.085 seconds
[2023-12-03T23:42:46.686+0000] {processor.py:157} INFO - Started process (PID=6052) to work on /home/ubuntu/redfin/lib/python3.10/site-packages/airflow/example_dags/example_short_circuit_decorator.py
[2023-12-03T23:42:46.688+0000] {processor.py:829} INFO - Processing file /home/ubuntu/redfin/lib/python3.10/site-packages/airflow/example_dags/example_short_circuit_decorator.py for tasks to queue
[2023-12-03T23:42:46.688+0000] {logging_mixin.py:154} INFO - [2023-12-03T23:42:46.688+0000] {dagbag.py:536} INFO - Filling up the DagBag from /home/ubuntu/redfin/lib/python3.10/site-packages/airflow/example_dags/example_short_circuit_decorator.py
[2023-12-03T23:42:46.699+0000] {processor.py:839} INFO - DAG(s) dict_keys(['example_short_circuit_decorator']) retrieved from /home/ubuntu/redfin/lib/python3.10/site-packages/airflow/example_dags/example_short_circuit_decorator.py
[2023-12-03T23:42:46.720+0000] {logging_mixin.py:154} INFO - [2023-12-03T23:42:46.720+0000] {dag.py:2941} INFO - Sync 1 DAGs
[2023-12-03T23:42:46.741+0000] {logging_mixin.py:154} INFO - [2023-12-03T23:42:46.741+0000] {dag.py:3722} INFO - Setting next_dagrun for example_short_circuit_decorator to 2023-12-02T23:42:46.741409+00:00, run_after=2023-12-03T23:42:46.741409+00:00
[2023-12-03T23:42:46.764+0000] {processor.py:179} INFO - Processing /home/ubuntu/redfin/lib/python3.10/site-packages/airflow/example_dags/example_short_circuit_decorator.py took 0.081 seconds
[2023-12-03T23:43:32.088+0000] {processor.py:157} INFO - Started process (PID=6101) to work on /home/ubuntu/redfin/lib/python3.10/site-packages/airflow/example_dags/example_short_circuit_decorator.py
[2023-12-03T23:43:32.089+0000] {processor.py:829} INFO - Processing file /home/ubuntu/redfin/lib/python3.10/site-packages/airflow/example_dags/example_short_circuit_decorator.py for tasks to queue
[2023-12-03T23:43:32.090+0000] {logging_mixin.py:154} INFO - [2023-12-03T23:43:32.090+0000] {dagbag.py:536} INFO - Filling up the DagBag from /home/ubuntu/redfin/lib/python3.10/site-packages/airflow/example_dags/example_short_circuit_decorator.py
[2023-12-03T23:43:32.101+0000] {processor.py:839} INFO - DAG(s) dict_keys(['example_short_circuit_decorator']) retrieved from /home/ubuntu/redfin/lib/python3.10/site-packages/airflow/example_dags/example_short_circuit_decorator.py
[2023-12-03T23:43:32.123+0000] {logging_mixin.py:154} INFO - [2023-12-03T23:43:32.122+0000] {dag.py:2941} INFO - Sync 1 DAGs
[2023-12-03T23:43:32.144+0000] {logging_mixin.py:154} INFO - [2023-12-03T23:43:32.144+0000] {dag.py:3722} INFO - Setting next_dagrun for example_short_circuit_decorator to 2023-12-02T23:43:32.144219+00:00, run_after=2023-12-03T23:43:32.144219+00:00
[2023-12-03T23:43:32.167+0000] {processor.py:179} INFO - Processing /home/ubuntu/redfin/lib/python3.10/site-packages/airflow/example_dags/example_short_circuit_decorator.py took 0.083 seconds
[2023-12-03T23:44:20.625+0000] {processor.py:157} INFO - Started process (PID=6408) to work on /home/ubuntu/redfin/lib/python3.10/site-packages/airflow/example_dags/example_short_circuit_decorator.py
[2023-12-03T23:44:20.627+0000] {processor.py:829} INFO - Processing file /home/ubuntu/redfin/lib/python3.10/site-packages/airflow/example_dags/example_short_circuit_decorator.py for tasks to queue
[2023-12-03T23:44:20.627+0000] {logging_mixin.py:154} INFO - [2023-12-03T23:44:20.627+0000] {dagbag.py:536} INFO - Filling up the DagBag from /home/ubuntu/redfin/lib/python3.10/site-packages/airflow/example_dags/example_short_circuit_decorator.py
[2023-12-03T23:44:20.639+0000] {processor.py:839} INFO - DAG(s) dict_keys(['example_short_circuit_decorator']) retrieved from /home/ubuntu/redfin/lib/python3.10/site-packages/airflow/example_dags/example_short_circuit_decorator.py
[2023-12-03T23:44:20.660+0000] {logging_mixin.py:154} INFO - [2023-12-03T23:44:20.659+0000] {dag.py:2941} INFO - Sync 1 DAGs
[2023-12-03T23:44:20.681+0000] {logging_mixin.py:154} INFO - [2023-12-03T23:44:20.681+0000] {dag.py:3722} INFO - Setting next_dagrun for example_short_circuit_decorator to 2023-12-02T23:44:20.681156+00:00, run_after=2023-12-03T23:44:20.681156+00:00
[2023-12-03T23:44:20.703+0000] {processor.py:179} INFO - Processing /home/ubuntu/redfin/lib/python3.10/site-packages/airflow/example_dags/example_short_circuit_decorator.py took 0.082 seconds
[2023-12-03T23:45:01.481+0000] {processor.py:157} INFO - Started process (PID=6611) to work on /home/ubuntu/redfin/lib/python3.10/site-packages/airflow/example_dags/example_short_circuit_decorator.py
[2023-12-03T23:45:01.482+0000] {processor.py:829} INFO - Processing file /home/ubuntu/redfin/lib/python3.10/site-packages/airflow/example_dags/example_short_circuit_decorator.py for tasks to queue
[2023-12-03T23:45:01.483+0000] {logging_mixin.py:154} INFO - [2023-12-03T23:45:01.482+0000] {dagbag.py:536} INFO - Filling up the DagBag from /home/ubuntu/redfin/lib/python3.10/site-packages/airflow/example_dags/example_short_circuit_decorator.py
[2023-12-03T23:45:01.494+0000] {processor.py:839} INFO - DAG(s) dict_keys(['example_short_circuit_decorator']) retrieved from /home/ubuntu/redfin/lib/python3.10/site-packages/airflow/example_dags/example_short_circuit_decorator.py
[2023-12-03T23:45:01.516+0000] {logging_mixin.py:154} INFO - [2023-12-03T23:45:01.516+0000] {dag.py:2941} INFO - Sync 1 DAGs
[2023-12-03T23:45:01.539+0000] {logging_mixin.py:154} INFO - [2023-12-03T23:45:01.538+0000] {dag.py:3722} INFO - Setting next_dagrun for example_short_circuit_decorator to 2023-12-02T23:45:01.538468+00:00, run_after=2023-12-03T23:45:01.538468+00:00
[2023-12-03T23:45:01.567+0000] {processor.py:179} INFO - Processing /home/ubuntu/redfin/lib/python3.10/site-packages/airflow/example_dags/example_short_circuit_decorator.py took 0.090 seconds
[2023-12-03T23:45:49.103+0000] {processor.py:157} INFO - Started process (PID=6663) to work on /home/ubuntu/redfin/lib/python3.10/site-packages/airflow/example_dags/example_short_circuit_decorator.py
[2023-12-03T23:45:49.105+0000] {processor.py:829} INFO - Processing file /home/ubuntu/redfin/lib/python3.10/site-packages/airflow/example_dags/example_short_circuit_decorator.py for tasks to queue
[2023-12-03T23:45:49.106+0000] {logging_mixin.py:154} INFO - [2023-12-03T23:45:49.105+0000] {dagbag.py:536} INFO - Filling up the DagBag from /home/ubuntu/redfin/lib/python3.10/site-packages/airflow/example_dags/example_short_circuit_decorator.py
[2023-12-03T23:45:49.117+0000] {processor.py:839} INFO - DAG(s) dict_keys(['example_short_circuit_decorator']) retrieved from /home/ubuntu/redfin/lib/python3.10/site-packages/airflow/example_dags/example_short_circuit_decorator.py
[2023-12-03T23:45:49.137+0000] {logging_mixin.py:154} INFO - [2023-12-03T23:45:49.137+0000] {dag.py:2941} INFO - Sync 1 DAGs
[2023-12-03T23:45:49.159+0000] {logging_mixin.py:154} INFO - [2023-12-03T23:45:49.159+0000] {dag.py:3722} INFO - Setting next_dagrun for example_short_circuit_decorator to 2023-12-02T23:45:49.158755+00:00, run_after=2023-12-03T23:45:49.158755+00:00
[2023-12-03T23:45:49.181+0000] {processor.py:179} INFO - Processing /home/ubuntu/redfin/lib/python3.10/site-packages/airflow/example_dags/example_short_circuit_decorator.py took 0.081 seconds
[2023-12-03T23:46:33.574+0000] {processor.py:157} INFO - Started process (PID=6712) to work on /home/ubuntu/redfin/lib/python3.10/site-packages/airflow/example_dags/example_short_circuit_decorator.py
[2023-12-03T23:46:33.576+0000] {processor.py:829} INFO - Processing file /home/ubuntu/redfin/lib/python3.10/site-packages/airflow/example_dags/example_short_circuit_decorator.py for tasks to queue
[2023-12-03T23:46:33.577+0000] {logging_mixin.py:154} INFO - [2023-12-03T23:46:33.576+0000] {dagbag.py:536} INFO - Filling up the DagBag from /home/ubuntu/redfin/lib/python3.10/site-packages/airflow/example_dags/example_short_circuit_decorator.py
[2023-12-03T23:46:33.588+0000] {processor.py:839} INFO - DAG(s) dict_keys(['example_short_circuit_decorator']) retrieved from /home/ubuntu/redfin/lib/python3.10/site-packages/airflow/example_dags/example_short_circuit_decorator.py
[2023-12-03T23:46:33.609+0000] {logging_mixin.py:154} INFO - [2023-12-03T23:46:33.609+0000] {dag.py:2941} INFO - Sync 1 DAGs
[2023-12-03T23:46:33.632+0000] {logging_mixin.py:154} INFO - [2023-12-03T23:46:33.632+0000] {dag.py:3722} INFO - Setting next_dagrun for example_short_circuit_decorator to 2023-12-02T23:46:33.631776+00:00, run_after=2023-12-03T23:46:33.631776+00:00
[2023-12-03T23:46:33.656+0000] {processor.py:179} INFO - Processing /home/ubuntu/redfin/lib/python3.10/site-packages/airflow/example_dags/example_short_circuit_decorator.py took 0.086 seconds
[2023-12-03T23:47:22.057+0000] {processor.py:157} INFO - Started process (PID=6771) to work on /home/ubuntu/redfin/lib/python3.10/site-packages/airflow/example_dags/example_short_circuit_decorator.py
[2023-12-03T23:47:22.059+0000] {processor.py:829} INFO - Processing file /home/ubuntu/redfin/lib/python3.10/site-packages/airflow/example_dags/example_short_circuit_decorator.py for tasks to queue
[2023-12-03T23:47:22.059+0000] {logging_mixin.py:154} INFO - [2023-12-03T23:47:22.059+0000] {dagbag.py:536} INFO - Filling up the DagBag from /home/ubuntu/redfin/lib/python3.10/site-packages/airflow/example_dags/example_short_circuit_decorator.py
[2023-12-03T23:47:22.071+0000] {processor.py:839} INFO - DAG(s) dict_keys(['example_short_circuit_decorator']) retrieved from /home/ubuntu/redfin/lib/python3.10/site-packages/airflow/example_dags/example_short_circuit_decorator.py
[2023-12-03T23:47:22.091+0000] {logging_mixin.py:154} INFO - [2023-12-03T23:47:22.091+0000] {dag.py:2941} INFO - Sync 1 DAGs
[2023-12-03T23:47:22.112+0000] {logging_mixin.py:154} INFO - [2023-12-03T23:47:22.112+0000] {dag.py:3722} INFO - Setting next_dagrun for example_short_circuit_decorator to 2023-12-02T23:47:22.112037+00:00, run_after=2023-12-03T23:47:22.112037+00:00
[2023-12-03T23:47:22.135+0000] {processor.py:179} INFO - Processing /home/ubuntu/redfin/lib/python3.10/site-packages/airflow/example_dags/example_short_circuit_decorator.py took 0.082 seconds
[2023-12-03T23:48:10.721+0000] {processor.py:157} INFO - Started process (PID=6854) to work on /home/ubuntu/redfin/lib/python3.10/site-packages/airflow/example_dags/example_short_circuit_decorator.py
[2023-12-03T23:48:10.723+0000] {processor.py:829} INFO - Processing file /home/ubuntu/redfin/lib/python3.10/site-packages/airflow/example_dags/example_short_circuit_decorator.py for tasks to queue
[2023-12-03T23:48:10.724+0000] {logging_mixin.py:154} INFO - [2023-12-03T23:48:10.723+0000] {dagbag.py:536} INFO - Filling up the DagBag from /home/ubuntu/redfin/lib/python3.10/site-packages/airflow/example_dags/example_short_circuit_decorator.py
[2023-12-03T23:48:10.735+0000] {processor.py:839} INFO - DAG(s) dict_keys(['example_short_circuit_decorator']) retrieved from /home/ubuntu/redfin/lib/python3.10/site-packages/airflow/example_dags/example_short_circuit_decorator.py
[2023-12-03T23:48:10.756+0000] {logging_mixin.py:154} INFO - [2023-12-03T23:48:10.756+0000] {dag.py:2941} INFO - Sync 1 DAGs
[2023-12-03T23:48:10.778+0000] {logging_mixin.py:154} INFO - [2023-12-03T23:48:10.777+0000] {dag.py:3722} INFO - Setting next_dagrun for example_short_circuit_decorator to 2023-12-02T23:48:10.777515+00:00, run_after=2023-12-03T23:48:10.777515+00:00
[2023-12-03T23:48:10.801+0000] {processor.py:179} INFO - Processing /home/ubuntu/redfin/lib/python3.10/site-packages/airflow/example_dags/example_short_circuit_decorator.py took 0.083 seconds
[2023-12-03T23:48:59.943+0000] {processor.py:157} INFO - Started process (PID=6912) to work on /home/ubuntu/redfin/lib/python3.10/site-packages/airflow/example_dags/example_short_circuit_decorator.py
[2023-12-03T23:48:59.945+0000] {processor.py:829} INFO - Processing file /home/ubuntu/redfin/lib/python3.10/site-packages/airflow/example_dags/example_short_circuit_decorator.py for tasks to queue
[2023-12-03T23:48:59.945+0000] {logging_mixin.py:154} INFO - [2023-12-03T23:48:59.945+0000] {dagbag.py:536} INFO - Filling up the DagBag from /home/ubuntu/redfin/lib/python3.10/site-packages/airflow/example_dags/example_short_circuit_decorator.py
[2023-12-03T23:48:59.957+0000] {processor.py:839} INFO - DAG(s) dict_keys(['example_short_circuit_decorator']) retrieved from /home/ubuntu/redfin/lib/python3.10/site-packages/airflow/example_dags/example_short_circuit_decorator.py
[2023-12-03T23:48:59.978+0000] {logging_mixin.py:154} INFO - [2023-12-03T23:48:59.977+0000] {dag.py:2941} INFO - Sync 1 DAGs
[2023-12-03T23:48:59.998+0000] {logging_mixin.py:154} INFO - [2023-12-03T23:48:59.998+0000] {dag.py:3722} INFO - Setting next_dagrun for example_short_circuit_decorator to 2023-12-02T23:48:59.998396+00:00, run_after=2023-12-03T23:48:59.998396+00:00
[2023-12-03T23:49:00.021+0000] {processor.py:179} INFO - Processing /home/ubuntu/redfin/lib/python3.10/site-packages/airflow/example_dags/example_short_circuit_decorator.py took 0.082 seconds
[2023-12-03T23:49:51.458+0000] {processor.py:157} INFO - Started process (PID=6966) to work on /home/ubuntu/redfin/lib/python3.10/site-packages/airflow/example_dags/example_short_circuit_decorator.py
[2023-12-03T23:49:51.459+0000] {processor.py:829} INFO - Processing file /home/ubuntu/redfin/lib/python3.10/site-packages/airflow/example_dags/example_short_circuit_decorator.py for tasks to queue
[2023-12-03T23:49:51.460+0000] {logging_mixin.py:154} INFO - [2023-12-03T23:49:51.460+0000] {dagbag.py:536} INFO - Filling up the DagBag from /home/ubuntu/redfin/lib/python3.10/site-packages/airflow/example_dags/example_short_circuit_decorator.py
[2023-12-03T23:49:51.471+0000] {processor.py:839} INFO - DAG(s) dict_keys(['example_short_circuit_decorator']) retrieved from /home/ubuntu/redfin/lib/python3.10/site-packages/airflow/example_dags/example_short_circuit_decorator.py
[2023-12-03T23:49:51.492+0000] {logging_mixin.py:154} INFO - [2023-12-03T23:49:51.491+0000] {dag.py:2941} INFO - Sync 1 DAGs
[2023-12-03T23:49:51.513+0000] {logging_mixin.py:154} INFO - [2023-12-03T23:49:51.513+0000] {dag.py:3722} INFO - Setting next_dagrun for example_short_circuit_decorator to 2023-12-02T23:49:51.512815+00:00, run_after=2023-12-03T23:49:51.512815+00:00
[2023-12-03T23:49:51.536+0000] {processor.py:179} INFO - Processing /home/ubuntu/redfin/lib/python3.10/site-packages/airflow/example_dags/example_short_circuit_decorator.py took 0.082 seconds
[2023-12-03T23:50:38.253+0000] {processor.py:157} INFO - Started process (PID=7020) to work on /home/ubuntu/redfin/lib/python3.10/site-packages/airflow/example_dags/example_short_circuit_decorator.py
[2023-12-03T23:50:38.254+0000] {processor.py:829} INFO - Processing file /home/ubuntu/redfin/lib/python3.10/site-packages/airflow/example_dags/example_short_circuit_decorator.py for tasks to queue
[2023-12-03T23:50:38.255+0000] {logging_mixin.py:154} INFO - [2023-12-03T23:50:38.255+0000] {dagbag.py:536} INFO - Filling up the DagBag from /home/ubuntu/redfin/lib/python3.10/site-packages/airflow/example_dags/example_short_circuit_decorator.py
[2023-12-03T23:50:38.266+0000] {processor.py:839} INFO - DAG(s) dict_keys(['example_short_circuit_decorator']) retrieved from /home/ubuntu/redfin/lib/python3.10/site-packages/airflow/example_dags/example_short_circuit_decorator.py
[2023-12-03T23:50:38.287+0000] {logging_mixin.py:154} INFO - [2023-12-03T23:50:38.287+0000] {dag.py:2941} INFO - Sync 1 DAGs
[2023-12-03T23:50:38.308+0000] {logging_mixin.py:154} INFO - [2023-12-03T23:50:38.308+0000] {dag.py:3722} INFO - Setting next_dagrun for example_short_circuit_decorator to 2023-12-02T23:50:38.308475+00:00, run_after=2023-12-03T23:50:38.308475+00:00
[2023-12-03T23:50:38.332+0000] {processor.py:179} INFO - Processing /home/ubuntu/redfin/lib/python3.10/site-packages/airflow/example_dags/example_short_circuit_decorator.py took 0.082 seconds
[2023-12-03T23:51:24.662+0000] {processor.py:157} INFO - Started process (PID=7071) to work on /home/ubuntu/redfin/lib/python3.10/site-packages/airflow/example_dags/example_short_circuit_decorator.py
[2023-12-03T23:51:24.663+0000] {processor.py:829} INFO - Processing file /home/ubuntu/redfin/lib/python3.10/site-packages/airflow/example_dags/example_short_circuit_decorator.py for tasks to queue
[2023-12-03T23:51:24.664+0000] {logging_mixin.py:154} INFO - [2023-12-03T23:51:24.664+0000] {dagbag.py:536} INFO - Filling up the DagBag from /home/ubuntu/redfin/lib/python3.10/site-packages/airflow/example_dags/example_short_circuit_decorator.py
[2023-12-03T23:51:24.676+0000] {processor.py:839} INFO - DAG(s) dict_keys(['example_short_circuit_decorator']) retrieved from /home/ubuntu/redfin/lib/python3.10/site-packages/airflow/example_dags/example_short_circuit_decorator.py
[2023-12-03T23:51:24.698+0000] {logging_mixin.py:154} INFO - [2023-12-03T23:51:24.697+0000] {dag.py:2941} INFO - Sync 1 DAGs
[2023-12-03T23:51:24.720+0000] {logging_mixin.py:154} INFO - [2023-12-03T23:51:24.720+0000] {dag.py:3722} INFO - Setting next_dagrun for example_short_circuit_decorator to 2023-12-02T23:51:24.719712+00:00, run_after=2023-12-03T23:51:24.719712+00:00
[2023-12-03T23:51:24.746+0000] {processor.py:179} INFO - Processing /home/ubuntu/redfin/lib/python3.10/site-packages/airflow/example_dags/example_short_circuit_decorator.py took 0.087 seconds
[2023-12-03T23:52:15.045+0000] {processor.py:157} INFO - Started process (PID=7126) to work on /home/ubuntu/redfin/lib/python3.10/site-packages/airflow/example_dags/example_short_circuit_decorator.py
[2023-12-03T23:52:15.047+0000] {processor.py:829} INFO - Processing file /home/ubuntu/redfin/lib/python3.10/site-packages/airflow/example_dags/example_short_circuit_decorator.py for tasks to queue
[2023-12-03T23:52:15.048+0000] {logging_mixin.py:154} INFO - [2023-12-03T23:52:15.047+0000] {dagbag.py:536} INFO - Filling up the DagBag from /home/ubuntu/redfin/lib/python3.10/site-packages/airflow/example_dags/example_short_circuit_decorator.py
[2023-12-03T23:52:15.059+0000] {processor.py:839} INFO - DAG(s) dict_keys(['example_short_circuit_decorator']) retrieved from /home/ubuntu/redfin/lib/python3.10/site-packages/airflow/example_dags/example_short_circuit_decorator.py
[2023-12-03T23:52:15.080+0000] {logging_mixin.py:154} INFO - [2023-12-03T23:52:15.080+0000] {dag.py:2941} INFO - Sync 1 DAGs
[2023-12-03T23:52:15.101+0000] {logging_mixin.py:154} INFO - [2023-12-03T23:52:15.101+0000] {dag.py:3722} INFO - Setting next_dagrun for example_short_circuit_decorator to 2023-12-02T23:52:15.101278+00:00, run_after=2023-12-03T23:52:15.101278+00:00
[2023-12-03T23:52:15.124+0000] {processor.py:179} INFO - Processing /home/ubuntu/redfin/lib/python3.10/site-packages/airflow/example_dags/example_short_circuit_decorator.py took 0.083 seconds
[2023-12-03T23:53:03.908+0000] {processor.py:157} INFO - Started process (PID=7178) to work on /home/ubuntu/redfin/lib/python3.10/site-packages/airflow/example_dags/example_short_circuit_decorator.py
[2023-12-03T23:53:03.909+0000] {processor.py:829} INFO - Processing file /home/ubuntu/redfin/lib/python3.10/site-packages/airflow/example_dags/example_short_circuit_decorator.py for tasks to queue
[2023-12-03T23:53:03.910+0000] {logging_mixin.py:154} INFO - [2023-12-03T23:53:03.910+0000] {dagbag.py:536} INFO - Filling up the DagBag from /home/ubuntu/redfin/lib/python3.10/site-packages/airflow/example_dags/example_short_circuit_decorator.py
[2023-12-03T23:53:03.921+0000] {processor.py:839} INFO - DAG(s) dict_keys(['example_short_circuit_decorator']) retrieved from /home/ubuntu/redfin/lib/python3.10/site-packages/airflow/example_dags/example_short_circuit_decorator.py
[2023-12-03T23:53:03.941+0000] {logging_mixin.py:154} INFO - [2023-12-03T23:53:03.941+0000] {dag.py:2941} INFO - Sync 1 DAGs
[2023-12-03T23:53:03.962+0000] {logging_mixin.py:154} INFO - [2023-12-03T23:53:03.962+0000] {dag.py:3722} INFO - Setting next_dagrun for example_short_circuit_decorator to 2023-12-02T23:53:03.961726+00:00, run_after=2023-12-03T23:53:03.961726+00:00
[2023-12-03T23:53:03.985+0000] {processor.py:179} INFO - Processing /home/ubuntu/redfin/lib/python3.10/site-packages/airflow/example_dags/example_short_circuit_decorator.py took 0.081 seconds
[2023-12-03T23:53:52.075+0000] {processor.py:157} INFO - Started process (PID=7234) to work on /home/ubuntu/redfin/lib/python3.10/site-packages/airflow/example_dags/example_short_circuit_decorator.py
[2023-12-03T23:53:52.076+0000] {processor.py:829} INFO - Processing file /home/ubuntu/redfin/lib/python3.10/site-packages/airflow/example_dags/example_short_circuit_decorator.py for tasks to queue
[2023-12-03T23:53:52.077+0000] {logging_mixin.py:154} INFO - [2023-12-03T23:53:52.077+0000] {dagbag.py:536} INFO - Filling up the DagBag from /home/ubuntu/redfin/lib/python3.10/site-packages/airflow/example_dags/example_short_circuit_decorator.py
[2023-12-03T23:53:52.088+0000] {processor.py:839} INFO - DAG(s) dict_keys(['example_short_circuit_decorator']) retrieved from /home/ubuntu/redfin/lib/python3.10/site-packages/airflow/example_dags/example_short_circuit_decorator.py
[2023-12-03T23:53:52.108+0000] {logging_mixin.py:154} INFO - [2023-12-03T23:53:52.108+0000] {dag.py:2941} INFO - Sync 1 DAGs
[2023-12-03T23:53:52.128+0000] {logging_mixin.py:154} INFO - [2023-12-03T23:53:52.128+0000] {dag.py:3722} INFO - Setting next_dagrun for example_short_circuit_decorator to 2023-12-02T23:53:52.128185+00:00, run_after=2023-12-03T23:53:52.128185+00:00
[2023-12-03T23:53:52.151+0000] {processor.py:179} INFO - Processing /home/ubuntu/redfin/lib/python3.10/site-packages/airflow/example_dags/example_short_circuit_decorator.py took 0.079 seconds
[2023-12-03T23:54:39.677+0000] {processor.py:157} INFO - Started process (PID=7285) to work on /home/ubuntu/redfin/lib/python3.10/site-packages/airflow/example_dags/example_short_circuit_decorator.py
[2023-12-03T23:54:39.679+0000] {processor.py:829} INFO - Processing file /home/ubuntu/redfin/lib/python3.10/site-packages/airflow/example_dags/example_short_circuit_decorator.py for tasks to queue
[2023-12-03T23:54:39.680+0000] {logging_mixin.py:154} INFO - [2023-12-03T23:54:39.679+0000] {dagbag.py:536} INFO - Filling up the DagBag from /home/ubuntu/redfin/lib/python3.10/site-packages/airflow/example_dags/example_short_circuit_decorator.py
[2023-12-03T23:54:39.691+0000] {processor.py:839} INFO - DAG(s) dict_keys(['example_short_circuit_decorator']) retrieved from /home/ubuntu/redfin/lib/python3.10/site-packages/airflow/example_dags/example_short_circuit_decorator.py
[2023-12-03T23:54:39.712+0000] {logging_mixin.py:154} INFO - [2023-12-03T23:54:39.712+0000] {dag.py:2941} INFO - Sync 1 DAGs
[2023-12-03T23:54:39.735+0000] {logging_mixin.py:154} INFO - [2023-12-03T23:54:39.735+0000] {dag.py:3722} INFO - Setting next_dagrun for example_short_circuit_decorator to 2023-12-02T23:54:39.735150+00:00, run_after=2023-12-03T23:54:39.735150+00:00
[2023-12-03T23:54:39.758+0000] {processor.py:179} INFO - Processing /home/ubuntu/redfin/lib/python3.10/site-packages/airflow/example_dags/example_short_circuit_decorator.py took 0.085 seconds
[2023-12-03T23:55:27.648+0000] {processor.py:157} INFO - Started process (PID=7339) to work on /home/ubuntu/redfin/lib/python3.10/site-packages/airflow/example_dags/example_short_circuit_decorator.py
[2023-12-03T23:55:27.650+0000] {processor.py:829} INFO - Processing file /home/ubuntu/redfin/lib/python3.10/site-packages/airflow/example_dags/example_short_circuit_decorator.py for tasks to queue
[2023-12-03T23:55:27.651+0000] {logging_mixin.py:154} INFO - [2023-12-03T23:55:27.650+0000] {dagbag.py:536} INFO - Filling up the DagBag from /home/ubuntu/redfin/lib/python3.10/site-packages/airflow/example_dags/example_short_circuit_decorator.py
[2023-12-03T23:55:27.662+0000] {processor.py:839} INFO - DAG(s) dict_keys(['example_short_circuit_decorator']) retrieved from /home/ubuntu/redfin/lib/python3.10/site-packages/airflow/example_dags/example_short_circuit_decorator.py
[2023-12-03T23:55:27.683+0000] {logging_mixin.py:154} INFO - [2023-12-03T23:55:27.682+0000] {dag.py:2941} INFO - Sync 1 DAGs
[2023-12-03T23:55:27.704+0000] {logging_mixin.py:154} INFO - [2023-12-03T23:55:27.704+0000] {dag.py:3722} INFO - Setting next_dagrun for example_short_circuit_decorator to 2023-12-02T23:55:27.704086+00:00, run_after=2023-12-03T23:55:27.704086+00:00
[2023-12-03T23:55:27.729+0000] {processor.py:179} INFO - Processing /home/ubuntu/redfin/lib/python3.10/site-packages/airflow/example_dags/example_short_circuit_decorator.py took 0.085 seconds
[2023-12-03T23:56:15.369+0000] {processor.py:157} INFO - Started process (PID=7390) to work on /home/ubuntu/redfin/lib/python3.10/site-packages/airflow/example_dags/example_short_circuit_decorator.py
[2023-12-03T23:56:15.371+0000] {processor.py:829} INFO - Processing file /home/ubuntu/redfin/lib/python3.10/site-packages/airflow/example_dags/example_short_circuit_decorator.py for tasks to queue
[2023-12-03T23:56:15.372+0000] {logging_mixin.py:154} INFO - [2023-12-03T23:56:15.371+0000] {dagbag.py:536} INFO - Filling up the DagBag from /home/ubuntu/redfin/lib/python3.10/site-packages/airflow/example_dags/example_short_circuit_decorator.py
[2023-12-03T23:56:15.383+0000] {processor.py:839} INFO - DAG(s) dict_keys(['example_short_circuit_decorator']) retrieved from /home/ubuntu/redfin/lib/python3.10/site-packages/airflow/example_dags/example_short_circuit_decorator.py
[2023-12-03T23:56:15.405+0000] {logging_mixin.py:154} INFO - [2023-12-03T23:56:15.405+0000] {dag.py:2941} INFO - Sync 1 DAGs
[2023-12-03T23:56:15.428+0000] {logging_mixin.py:154} INFO - [2023-12-03T23:56:15.427+0000] {dag.py:3722} INFO - Setting next_dagrun for example_short_circuit_decorator to 2023-12-02T23:56:15.427682+00:00, run_after=2023-12-03T23:56:15.427682+00:00
[2023-12-03T23:56:15.452+0000] {processor.py:179} INFO - Processing /home/ubuntu/redfin/lib/python3.10/site-packages/airflow/example_dags/example_short_circuit_decorator.py took 0.086 seconds
[2023-12-03T23:57:05.012+0000] {processor.py:157} INFO - Started process (PID=7446) to work on /home/ubuntu/redfin/lib/python3.10/site-packages/airflow/example_dags/example_short_circuit_decorator.py
[2023-12-03T23:57:05.013+0000] {processor.py:829} INFO - Processing file /home/ubuntu/redfin/lib/python3.10/site-packages/airflow/example_dags/example_short_circuit_decorator.py for tasks to queue
[2023-12-03T23:57:05.014+0000] {logging_mixin.py:154} INFO - [2023-12-03T23:57:05.013+0000] {dagbag.py:536} INFO - Filling up the DagBag from /home/ubuntu/redfin/lib/python3.10/site-packages/airflow/example_dags/example_short_circuit_decorator.py
[2023-12-03T23:57:05.025+0000] {processor.py:839} INFO - DAG(s) dict_keys(['example_short_circuit_decorator']) retrieved from /home/ubuntu/redfin/lib/python3.10/site-packages/airflow/example_dags/example_short_circuit_decorator.py
[2023-12-03T23:57:05.045+0000] {logging_mixin.py:154} INFO - [2023-12-03T23:57:05.044+0000] {dag.py:2941} INFO - Sync 1 DAGs
[2023-12-03T23:57:05.065+0000] {logging_mixin.py:154} INFO - [2023-12-03T23:57:05.065+0000] {dag.py:3722} INFO - Setting next_dagrun for example_short_circuit_decorator to 2023-12-02T23:57:05.065521+00:00, run_after=2023-12-03T23:57:05.065521+00:00
[2023-12-03T23:57:05.088+0000] {processor.py:179} INFO - Processing /home/ubuntu/redfin/lib/python3.10/site-packages/airflow/example_dags/example_short_circuit_decorator.py took 0.080 seconds
[2023-12-03T23:57:48.613+0000] {processor.py:157} INFO - Started process (PID=7495) to work on /home/ubuntu/redfin/lib/python3.10/site-packages/airflow/example_dags/example_short_circuit_decorator.py
[2023-12-03T23:57:48.614+0000] {processor.py:829} INFO - Processing file /home/ubuntu/redfin/lib/python3.10/site-packages/airflow/example_dags/example_short_circuit_decorator.py for tasks to queue
[2023-12-03T23:57:48.615+0000] {logging_mixin.py:154} INFO - [2023-12-03T23:57:48.615+0000] {dagbag.py:536} INFO - Filling up the DagBag from /home/ubuntu/redfin/lib/python3.10/site-packages/airflow/example_dags/example_short_circuit_decorator.py
[2023-12-03T23:57:48.626+0000] {processor.py:839} INFO - DAG(s) dict_keys(['example_short_circuit_decorator']) retrieved from /home/ubuntu/redfin/lib/python3.10/site-packages/airflow/example_dags/example_short_circuit_decorator.py
[2023-12-03T23:57:48.646+0000] {logging_mixin.py:154} INFO - [2023-12-03T23:57:48.646+0000] {dag.py:2941} INFO - Sync 1 DAGs
[2023-12-03T23:57:48.667+0000] {logging_mixin.py:154} INFO - [2023-12-03T23:57:48.667+0000] {dag.py:3722} INFO - Setting next_dagrun for example_short_circuit_decorator to 2023-12-02T23:57:48.667117+00:00, run_after=2023-12-03T23:57:48.667117+00:00
[2023-12-03T23:57:48.690+0000] {processor.py:179} INFO - Processing /home/ubuntu/redfin/lib/python3.10/site-packages/airflow/example_dags/example_short_circuit_decorator.py took 0.081 seconds
[2023-12-03T23:58:31.378+0000] {processor.py:157} INFO - Started process (PID=7542) to work on /home/ubuntu/redfin/lib/python3.10/site-packages/airflow/example_dags/example_short_circuit_decorator.py
[2023-12-03T23:58:31.379+0000] {processor.py:829} INFO - Processing file /home/ubuntu/redfin/lib/python3.10/site-packages/airflow/example_dags/example_short_circuit_decorator.py for tasks to queue
[2023-12-03T23:58:31.380+0000] {logging_mixin.py:154} INFO - [2023-12-03T23:58:31.380+0000] {dagbag.py:536} INFO - Filling up the DagBag from /home/ubuntu/redfin/lib/python3.10/site-packages/airflow/example_dags/example_short_circuit_decorator.py
[2023-12-03T23:58:31.391+0000] {processor.py:839} INFO - DAG(s) dict_keys(['example_short_circuit_decorator']) retrieved from /home/ubuntu/redfin/lib/python3.10/site-packages/airflow/example_dags/example_short_circuit_decorator.py
[2023-12-03T23:58:31.413+0000] {logging_mixin.py:154} INFO - [2023-12-03T23:58:31.412+0000] {dag.py:2941} INFO - Sync 1 DAGs
[2023-12-03T23:58:31.435+0000] {logging_mixin.py:154} INFO - [2023-12-03T23:58:31.434+0000] {dag.py:3722} INFO - Setting next_dagrun for example_short_circuit_decorator to 2023-12-02T23:58:31.434621+00:00, run_after=2023-12-03T23:58:31.434621+00:00
[2023-12-03T23:58:31.458+0000] {processor.py:179} INFO - Processing /home/ubuntu/redfin/lib/python3.10/site-packages/airflow/example_dags/example_short_circuit_decorator.py took 0.084 seconds
[2023-12-03T23:59:19.468+0000] {processor.py:157} INFO - Started process (PID=7598) to work on /home/ubuntu/redfin/lib/python3.10/site-packages/airflow/example_dags/example_short_circuit_decorator.py
[2023-12-03T23:59:19.469+0000] {processor.py:829} INFO - Processing file /home/ubuntu/redfin/lib/python3.10/site-packages/airflow/example_dags/example_short_circuit_decorator.py for tasks to queue
[2023-12-03T23:59:19.470+0000] {logging_mixin.py:154} INFO - [2023-12-03T23:59:19.469+0000] {dagbag.py:536} INFO - Filling up the DagBag from /home/ubuntu/redfin/lib/python3.10/site-packages/airflow/example_dags/example_short_circuit_decorator.py
[2023-12-03T23:59:19.481+0000] {processor.py:839} INFO - DAG(s) dict_keys(['example_short_circuit_decorator']) retrieved from /home/ubuntu/redfin/lib/python3.10/site-packages/airflow/example_dags/example_short_circuit_decorator.py
[2023-12-03T23:59:19.501+0000] {logging_mixin.py:154} INFO - [2023-12-03T23:59:19.501+0000] {dag.py:2941} INFO - Sync 1 DAGs
[2023-12-03T23:59:19.522+0000] {logging_mixin.py:154} INFO - [2023-12-03T23:59:19.522+0000] {dag.py:3722} INFO - Setting next_dagrun for example_short_circuit_decorator to 2023-12-02T23:59:19.522177+00:00, run_after=2023-12-03T23:59:19.522177+00:00
[2023-12-03T23:59:19.545+0000] {processor.py:179} INFO - Processing /home/ubuntu/redfin/lib/python3.10/site-packages/airflow/example_dags/example_short_circuit_decorator.py took 0.081 seconds
