[2023-12-03T23:07:58.210+0000] {processor.py:157} INFO - Started process (PID=3760) to work on /home/ubuntu/redfin/lib/python3.10/site-packages/airflow/example_dags/example_sla_dag.py
[2023-12-03T23:07:58.211+0000] {processor.py:829} INFO - Processing file /home/ubuntu/redfin/lib/python3.10/site-packages/airflow/example_dags/example_sla_dag.py for tasks to queue
[2023-12-03T23:07:58.212+0000] {logging_mixin.py:154} INFO - [2023-12-03T23:07:58.212+0000] {dagbag.py:536} INFO - Filling up the DagBag from /home/ubuntu/redfin/lib/python3.10/site-packages/airflow/example_dags/example_sla_dag.py
[2023-12-03T23:07:58.223+0000] {processor.py:839} INFO - DAG(s) dict_keys(['example_sla_dag']) retrieved from /home/ubuntu/redfin/lib/python3.10/site-packages/airflow/example_dags/example_sla_dag.py
[2023-12-03T23:07:58.344+0000] {logging_mixin.py:154} INFO - [2023-12-03T23:07:58.343+0000] {manager.py:499} INFO - Created Permission View: %s
[2023-12-03T23:07:58.357+0000] {logging_mixin.py:154} INFO - [2023-12-03T23:07:58.357+0000] {manager.py:499} INFO - Created Permission View: %s
[2023-12-03T23:07:58.367+0000] {logging_mixin.py:154} INFO - [2023-12-03T23:07:58.366+0000] {manager.py:499} INFO - Created Permission View: %s
[2023-12-03T23:07:58.367+0000] {logging_mixin.py:154} INFO - [2023-12-03T23:07:58.367+0000] {dag.py:2941} INFO - Sync 1 DAGs
[2023-12-03T23:07:58.379+0000] {logging_mixin.py:154} INFO - [2023-12-03T23:07:58.379+0000] {dag.py:2963} INFO - Creating ORM DAG for example_sla_dag
[2023-12-03T23:07:58.393+0000] {logging_mixin.py:154} INFO - [2023-12-03T23:07:58.393+0000] {dag.py:3722} INFO - Setting next_dagrun for example_sla_dag to 2023-12-03T23:04:00+00:00, run_after=2023-12-03T23:06:00+00:00
[2023-12-03T23:07:58.415+0000] {processor.py:179} INFO - Processing /home/ubuntu/redfin/lib/python3.10/site-packages/airflow/example_dags/example_sla_dag.py took 0.209 seconds
[2023-12-03T23:08:49.494+0000] {processor.py:157} INFO - Started process (PID=3810) to work on /home/ubuntu/redfin/lib/python3.10/site-packages/airflow/example_dags/example_sla_dag.py
[2023-12-03T23:08:49.495+0000] {processor.py:829} INFO - Processing file /home/ubuntu/redfin/lib/python3.10/site-packages/airflow/example_dags/example_sla_dag.py for tasks to queue
[2023-12-03T23:08:49.496+0000] {logging_mixin.py:154} INFO - [2023-12-03T23:08:49.496+0000] {dagbag.py:536} INFO - Filling up the DagBag from /home/ubuntu/redfin/lib/python3.10/site-packages/airflow/example_dags/example_sla_dag.py
[2023-12-03T23:08:49.507+0000] {processor.py:839} INFO - DAG(s) dict_keys(['example_sla_dag']) retrieved from /home/ubuntu/redfin/lib/python3.10/site-packages/airflow/example_dags/example_sla_dag.py
[2023-12-03T23:08:49.527+0000] {logging_mixin.py:154} INFO - [2023-12-03T23:08:49.527+0000] {dag.py:2941} INFO - Sync 1 DAGs
[2023-12-03T23:08:49.554+0000] {logging_mixin.py:154} INFO - [2023-12-03T23:08:49.554+0000] {dag.py:3722} INFO - Setting next_dagrun for example_sla_dag to 2023-12-03T23:06:00+00:00, run_after=2023-12-03T23:08:00+00:00
[2023-12-03T23:08:49.582+0000] {processor.py:179} INFO - Processing /home/ubuntu/redfin/lib/python3.10/site-packages/airflow/example_dags/example_sla_dag.py took 0.092 seconds
[2023-12-03T23:09:35.130+0000] {processor.py:157} INFO - Started process (PID=3859) to work on /home/ubuntu/redfin/lib/python3.10/site-packages/airflow/example_dags/example_sla_dag.py
[2023-12-03T23:09:35.132+0000] {processor.py:829} INFO - Processing file /home/ubuntu/redfin/lib/python3.10/site-packages/airflow/example_dags/example_sla_dag.py for tasks to queue
[2023-12-03T23:09:35.133+0000] {logging_mixin.py:154} INFO - [2023-12-03T23:09:35.132+0000] {dagbag.py:536} INFO - Filling up the DagBag from /home/ubuntu/redfin/lib/python3.10/site-packages/airflow/example_dags/example_sla_dag.py
[2023-12-03T23:09:35.143+0000] {processor.py:839} INFO - DAG(s) dict_keys(['example_sla_dag']) retrieved from /home/ubuntu/redfin/lib/python3.10/site-packages/airflow/example_dags/example_sla_dag.py
[2023-12-03T23:09:35.161+0000] {logging_mixin.py:154} INFO - [2023-12-03T23:09:35.161+0000] {dag.py:2941} INFO - Sync 1 DAGs
[2023-12-03T23:09:35.187+0000] {logging_mixin.py:154} INFO - [2023-12-03T23:09:35.186+0000] {dag.py:3722} INFO - Setting next_dagrun for example_sla_dag to 2023-12-03T23:06:00+00:00, run_after=2023-12-03T23:08:00+00:00
[2023-12-03T23:09:35.210+0000] {processor.py:179} INFO - Processing /home/ubuntu/redfin/lib/python3.10/site-packages/airflow/example_dags/example_sla_dag.py took 0.084 seconds
[2023-12-03T23:10:22.130+0000] {processor.py:157} INFO - Started process (PID=3910) to work on /home/ubuntu/redfin/lib/python3.10/site-packages/airflow/example_dags/example_sla_dag.py
[2023-12-03T23:10:22.131+0000] {processor.py:829} INFO - Processing file /home/ubuntu/redfin/lib/python3.10/site-packages/airflow/example_dags/example_sla_dag.py for tasks to queue
[2023-12-03T23:10:22.132+0000] {logging_mixin.py:154} INFO - [2023-12-03T23:10:22.132+0000] {dagbag.py:536} INFO - Filling up the DagBag from /home/ubuntu/redfin/lib/python3.10/site-packages/airflow/example_dags/example_sla_dag.py
[2023-12-03T23:10:22.142+0000] {processor.py:839} INFO - DAG(s) dict_keys(['example_sla_dag']) retrieved from /home/ubuntu/redfin/lib/python3.10/site-packages/airflow/example_dags/example_sla_dag.py
[2023-12-03T23:10:22.159+0000] {logging_mixin.py:154} INFO - [2023-12-03T23:10:22.159+0000] {dag.py:2941} INFO - Sync 1 DAGs
[2023-12-03T23:10:22.184+0000] {logging_mixin.py:154} INFO - [2023-12-03T23:10:22.184+0000] {dag.py:3722} INFO - Setting next_dagrun for example_sla_dag to 2023-12-03T23:08:00+00:00, run_after=2023-12-03T23:10:00+00:00
[2023-12-03T23:10:22.206+0000] {processor.py:179} INFO - Processing /home/ubuntu/redfin/lib/python3.10/site-packages/airflow/example_dags/example_sla_dag.py took 0.080 seconds
[2023-12-03T23:11:07.570+0000] {processor.py:157} INFO - Started process (PID=3959) to work on /home/ubuntu/redfin/lib/python3.10/site-packages/airflow/example_dags/example_sla_dag.py
[2023-12-03T23:11:07.571+0000] {processor.py:829} INFO - Processing file /home/ubuntu/redfin/lib/python3.10/site-packages/airflow/example_dags/example_sla_dag.py for tasks to queue
[2023-12-03T23:11:07.572+0000] {logging_mixin.py:154} INFO - [2023-12-03T23:11:07.572+0000] {dagbag.py:536} INFO - Filling up the DagBag from /home/ubuntu/redfin/lib/python3.10/site-packages/airflow/example_dags/example_sla_dag.py
[2023-12-03T23:11:07.582+0000] {processor.py:839} INFO - DAG(s) dict_keys(['example_sla_dag']) retrieved from /home/ubuntu/redfin/lib/python3.10/site-packages/airflow/example_dags/example_sla_dag.py
[2023-12-03T23:11:07.601+0000] {logging_mixin.py:154} INFO - [2023-12-03T23:11:07.601+0000] {dag.py:2941} INFO - Sync 1 DAGs
[2023-12-03T23:11:07.626+0000] {logging_mixin.py:154} INFO - [2023-12-03T23:11:07.626+0000] {dag.py:3722} INFO - Setting next_dagrun for example_sla_dag to 2023-12-03T23:08:00+00:00, run_after=2023-12-03T23:10:00+00:00
[2023-12-03T23:11:07.649+0000] {processor.py:179} INFO - Processing /home/ubuntu/redfin/lib/python3.10/site-packages/airflow/example_dags/example_sla_dag.py took 0.083 seconds
[2023-12-03T23:11:54.839+0000] {processor.py:157} INFO - Started process (PID=4014) to work on /home/ubuntu/redfin/lib/python3.10/site-packages/airflow/example_dags/example_sla_dag.py
[2023-12-03T23:11:54.840+0000] {processor.py:829} INFO - Processing file /home/ubuntu/redfin/lib/python3.10/site-packages/airflow/example_dags/example_sla_dag.py for tasks to queue
[2023-12-03T23:11:54.841+0000] {logging_mixin.py:154} INFO - [2023-12-03T23:11:54.841+0000] {dagbag.py:536} INFO - Filling up the DagBag from /home/ubuntu/redfin/lib/python3.10/site-packages/airflow/example_dags/example_sla_dag.py
[2023-12-03T23:11:54.851+0000] {processor.py:839} INFO - DAG(s) dict_keys(['example_sla_dag']) retrieved from /home/ubuntu/redfin/lib/python3.10/site-packages/airflow/example_dags/example_sla_dag.py
[2023-12-03T23:11:54.869+0000] {logging_mixin.py:154} INFO - [2023-12-03T23:11:54.869+0000] {dag.py:2941} INFO - Sync 1 DAGs
[2023-12-03T23:11:54.894+0000] {logging_mixin.py:154} INFO - [2023-12-03T23:11:54.893+0000] {dag.py:3722} INFO - Setting next_dagrun for example_sla_dag to 2023-12-03T23:08:00+00:00, run_after=2023-12-03T23:10:00+00:00
[2023-12-03T23:11:54.915+0000] {processor.py:179} INFO - Processing /home/ubuntu/redfin/lib/python3.10/site-packages/airflow/example_dags/example_sla_dag.py took 0.080 seconds
[2023-12-03T23:12:39.553+0000] {processor.py:157} INFO - Started process (PID=4063) to work on /home/ubuntu/redfin/lib/python3.10/site-packages/airflow/example_dags/example_sla_dag.py
[2023-12-03T23:12:39.554+0000] {processor.py:829} INFO - Processing file /home/ubuntu/redfin/lib/python3.10/site-packages/airflow/example_dags/example_sla_dag.py for tasks to queue
[2023-12-03T23:12:39.555+0000] {logging_mixin.py:154} INFO - [2023-12-03T23:12:39.554+0000] {dagbag.py:536} INFO - Filling up the DagBag from /home/ubuntu/redfin/lib/python3.10/site-packages/airflow/example_dags/example_sla_dag.py
[2023-12-03T23:12:39.565+0000] {processor.py:839} INFO - DAG(s) dict_keys(['example_sla_dag']) retrieved from /home/ubuntu/redfin/lib/python3.10/site-packages/airflow/example_dags/example_sla_dag.py
[2023-12-03T23:12:39.582+0000] {logging_mixin.py:154} INFO - [2023-12-03T23:12:39.581+0000] {dag.py:2941} INFO - Sync 1 DAGs
[2023-12-03T23:12:39.606+0000] {logging_mixin.py:154} INFO - [2023-12-03T23:12:39.606+0000] {dag.py:3722} INFO - Setting next_dagrun for example_sla_dag to 2023-12-03T23:10:00+00:00, run_after=2023-12-03T23:12:00+00:00
[2023-12-03T23:12:39.627+0000] {processor.py:179} INFO - Processing /home/ubuntu/redfin/lib/python3.10/site-packages/airflow/example_dags/example_sla_dag.py took 0.078 seconds
[2023-12-03T23:13:27.271+0000] {processor.py:157} INFO - Started process (PID=4114) to work on /home/ubuntu/redfin/lib/python3.10/site-packages/airflow/example_dags/example_sla_dag.py
[2023-12-03T23:13:27.273+0000] {processor.py:829} INFO - Processing file /home/ubuntu/redfin/lib/python3.10/site-packages/airflow/example_dags/example_sla_dag.py for tasks to queue
[2023-12-03T23:13:27.274+0000] {logging_mixin.py:154} INFO - [2023-12-03T23:13:27.273+0000] {dagbag.py:536} INFO - Filling up the DagBag from /home/ubuntu/redfin/lib/python3.10/site-packages/airflow/example_dags/example_sla_dag.py
[2023-12-03T23:13:27.284+0000] {processor.py:839} INFO - DAG(s) dict_keys(['example_sla_dag']) retrieved from /home/ubuntu/redfin/lib/python3.10/site-packages/airflow/example_dags/example_sla_dag.py
[2023-12-03T23:13:27.301+0000] {logging_mixin.py:154} INFO - [2023-12-03T23:13:27.301+0000] {dag.py:2941} INFO - Sync 1 DAGs
[2023-12-03T23:13:27.326+0000] {logging_mixin.py:154} INFO - [2023-12-03T23:13:27.326+0000] {dag.py:3722} INFO - Setting next_dagrun for example_sla_dag to 2023-12-03T23:10:00+00:00, run_after=2023-12-03T23:12:00+00:00
[2023-12-03T23:13:27.347+0000] {processor.py:179} INFO - Processing /home/ubuntu/redfin/lib/python3.10/site-packages/airflow/example_dags/example_sla_dag.py took 0.080 seconds
[2023-12-03T23:14:11.667+0000] {processor.py:157} INFO - Started process (PID=4163) to work on /home/ubuntu/redfin/lib/python3.10/site-packages/airflow/example_dags/example_sla_dag.py
[2023-12-03T23:14:11.669+0000] {processor.py:829} INFO - Processing file /home/ubuntu/redfin/lib/python3.10/site-packages/airflow/example_dags/example_sla_dag.py for tasks to queue
[2023-12-03T23:14:11.670+0000] {logging_mixin.py:154} INFO - [2023-12-03T23:14:11.669+0000] {dagbag.py:536} INFO - Filling up the DagBag from /home/ubuntu/redfin/lib/python3.10/site-packages/airflow/example_dags/example_sla_dag.py
[2023-12-03T23:14:11.680+0000] {processor.py:839} INFO - DAG(s) dict_keys(['example_sla_dag']) retrieved from /home/ubuntu/redfin/lib/python3.10/site-packages/airflow/example_dags/example_sla_dag.py
[2023-12-03T23:14:11.697+0000] {logging_mixin.py:154} INFO - [2023-12-03T23:14:11.697+0000] {dag.py:2941} INFO - Sync 1 DAGs
[2023-12-03T23:14:11.722+0000] {logging_mixin.py:154} INFO - [2023-12-03T23:14:11.722+0000] {dag.py:3722} INFO - Setting next_dagrun for example_sla_dag to 2023-12-03T23:12:00+00:00, run_after=2023-12-03T23:14:00+00:00
[2023-12-03T23:14:11.745+0000] {processor.py:179} INFO - Processing /home/ubuntu/redfin/lib/python3.10/site-packages/airflow/example_dags/example_sla_dag.py took 0.081 seconds
[2023-12-03T23:15:00.583+0000] {processor.py:157} INFO - Started process (PID=4215) to work on /home/ubuntu/redfin/lib/python3.10/site-packages/airflow/example_dags/example_sla_dag.py
[2023-12-03T23:15:00.584+0000] {processor.py:829} INFO - Processing file /home/ubuntu/redfin/lib/python3.10/site-packages/airflow/example_dags/example_sla_dag.py for tasks to queue
[2023-12-03T23:15:00.585+0000] {logging_mixin.py:154} INFO - [2023-12-03T23:15:00.585+0000] {dagbag.py:536} INFO - Filling up the DagBag from /home/ubuntu/redfin/lib/python3.10/site-packages/airflow/example_dags/example_sla_dag.py
[2023-12-03T23:15:00.596+0000] {processor.py:839} INFO - DAG(s) dict_keys(['example_sla_dag']) retrieved from /home/ubuntu/redfin/lib/python3.10/site-packages/airflow/example_dags/example_sla_dag.py
[2023-12-03T23:15:00.613+0000] {logging_mixin.py:154} INFO - [2023-12-03T23:15:00.613+0000] {dag.py:2941} INFO - Sync 1 DAGs
[2023-12-03T23:15:00.638+0000] {logging_mixin.py:154} INFO - [2023-12-03T23:15:00.638+0000] {dag.py:3722} INFO - Setting next_dagrun for example_sla_dag to 2023-12-03T23:12:00+00:00, run_after=2023-12-03T23:14:00+00:00
[2023-12-03T23:15:00.661+0000] {processor.py:179} INFO - Processing /home/ubuntu/redfin/lib/python3.10/site-packages/airflow/example_dags/example_sla_dag.py took 0.082 seconds
[2023-12-03T23:15:50.888+0000] {processor.py:157} INFO - Started process (PID=4271) to work on /home/ubuntu/redfin/lib/python3.10/site-packages/airflow/example_dags/example_sla_dag.py
[2023-12-03T23:15:50.889+0000] {processor.py:829} INFO - Processing file /home/ubuntu/redfin/lib/python3.10/site-packages/airflow/example_dags/example_sla_dag.py for tasks to queue
[2023-12-03T23:15:50.890+0000] {logging_mixin.py:154} INFO - [2023-12-03T23:15:50.890+0000] {dagbag.py:536} INFO - Filling up the DagBag from /home/ubuntu/redfin/lib/python3.10/site-packages/airflow/example_dags/example_sla_dag.py
[2023-12-03T23:15:50.900+0000] {processor.py:839} INFO - DAG(s) dict_keys(['example_sla_dag']) retrieved from /home/ubuntu/redfin/lib/python3.10/site-packages/airflow/example_dags/example_sla_dag.py
[2023-12-03T23:15:50.919+0000] {logging_mixin.py:154} INFO - [2023-12-03T23:15:50.918+0000] {dag.py:2941} INFO - Sync 1 DAGs
[2023-12-03T23:15:50.943+0000] {logging_mixin.py:154} INFO - [2023-12-03T23:15:50.943+0000] {dag.py:3722} INFO - Setting next_dagrun for example_sla_dag to 2023-12-03T23:12:00+00:00, run_after=2023-12-03T23:14:00+00:00
[2023-12-03T23:15:50.965+0000] {processor.py:179} INFO - Processing /home/ubuntu/redfin/lib/python3.10/site-packages/airflow/example_dags/example_sla_dag.py took 0.081 seconds
[2023-12-03T23:16:36.997+0000] {processor.py:157} INFO - Started process (PID=4322) to work on /home/ubuntu/redfin/lib/python3.10/site-packages/airflow/example_dags/example_sla_dag.py
[2023-12-03T23:16:36.999+0000] {processor.py:829} INFO - Processing file /home/ubuntu/redfin/lib/python3.10/site-packages/airflow/example_dags/example_sla_dag.py for tasks to queue
[2023-12-03T23:16:37.000+0000] {logging_mixin.py:154} INFO - [2023-12-03T23:16:36.999+0000] {dagbag.py:536} INFO - Filling up the DagBag from /home/ubuntu/redfin/lib/python3.10/site-packages/airflow/example_dags/example_sla_dag.py
[2023-12-03T23:16:37.010+0000] {processor.py:839} INFO - DAG(s) dict_keys(['example_sla_dag']) retrieved from /home/ubuntu/redfin/lib/python3.10/site-packages/airflow/example_dags/example_sla_dag.py
[2023-12-03T23:16:37.027+0000] {logging_mixin.py:154} INFO - [2023-12-03T23:16:37.027+0000] {dag.py:2941} INFO - Sync 1 DAGs
[2023-12-03T23:16:37.052+0000] {logging_mixin.py:154} INFO - [2023-12-03T23:16:37.052+0000] {dag.py:3722} INFO - Setting next_dagrun for example_sla_dag to 2023-12-03T23:14:00+00:00, run_after=2023-12-03T23:16:00+00:00
[2023-12-03T23:16:37.076+0000] {processor.py:179} INFO - Processing /home/ubuntu/redfin/lib/python3.10/site-packages/airflow/example_dags/example_sla_dag.py took 0.082 seconds
[2023-12-03T23:17:25.133+0000] {processor.py:157} INFO - Started process (PID=4379) to work on /home/ubuntu/redfin/lib/python3.10/site-packages/airflow/example_dags/example_sla_dag.py
[2023-12-03T23:17:25.135+0000] {processor.py:829} INFO - Processing file /home/ubuntu/redfin/lib/python3.10/site-packages/airflow/example_dags/example_sla_dag.py for tasks to queue
[2023-12-03T23:17:25.136+0000] {logging_mixin.py:154} INFO - [2023-12-03T23:17:25.135+0000] {dagbag.py:536} INFO - Filling up the DagBag from /home/ubuntu/redfin/lib/python3.10/site-packages/airflow/example_dags/example_sla_dag.py
[2023-12-03T23:17:25.146+0000] {processor.py:839} INFO - DAG(s) dict_keys(['example_sla_dag']) retrieved from /home/ubuntu/redfin/lib/python3.10/site-packages/airflow/example_dags/example_sla_dag.py
[2023-12-03T23:17:25.163+0000] {logging_mixin.py:154} INFO - [2023-12-03T23:17:25.163+0000] {dag.py:2941} INFO - Sync 1 DAGs
[2023-12-03T23:17:25.188+0000] {logging_mixin.py:154} INFO - [2023-12-03T23:17:25.188+0000] {dag.py:3722} INFO - Setting next_dagrun for example_sla_dag to 2023-12-03T23:14:00+00:00, run_after=2023-12-03T23:16:00+00:00
[2023-12-03T23:17:25.211+0000] {processor.py:179} INFO - Processing /home/ubuntu/redfin/lib/python3.10/site-packages/airflow/example_dags/example_sla_dag.py took 0.081 seconds
[2023-12-03T23:18:09.936+0000] {processor.py:157} INFO - Started process (PID=4428) to work on /home/ubuntu/redfin/lib/python3.10/site-packages/airflow/example_dags/example_sla_dag.py
[2023-12-03T23:18:09.937+0000] {processor.py:829} INFO - Processing file /home/ubuntu/redfin/lib/python3.10/site-packages/airflow/example_dags/example_sla_dag.py for tasks to queue
[2023-12-03T23:18:09.938+0000] {logging_mixin.py:154} INFO - [2023-12-03T23:18:09.938+0000] {dagbag.py:536} INFO - Filling up the DagBag from /home/ubuntu/redfin/lib/python3.10/site-packages/airflow/example_dags/example_sla_dag.py
[2023-12-03T23:18:09.948+0000] {processor.py:839} INFO - DAG(s) dict_keys(['example_sla_dag']) retrieved from /home/ubuntu/redfin/lib/python3.10/site-packages/airflow/example_dags/example_sla_dag.py
[2023-12-03T23:18:09.965+0000] {logging_mixin.py:154} INFO - [2023-12-03T23:18:09.965+0000] {dag.py:2941} INFO - Sync 1 DAGs
[2023-12-03T23:18:09.990+0000] {logging_mixin.py:154} INFO - [2023-12-03T23:18:09.990+0000] {dag.py:3722} INFO - Setting next_dagrun for example_sla_dag to 2023-12-03T23:16:00+00:00, run_after=2023-12-03T23:18:00+00:00
[2023-12-03T23:18:10.013+0000] {processor.py:179} INFO - Processing /home/ubuntu/redfin/lib/python3.10/site-packages/airflow/example_dags/example_sla_dag.py took 0.081 seconds
[2023-12-03T23:18:54.113+0000] {processor.py:157} INFO - Started process (PID=4479) to work on /home/ubuntu/redfin/lib/python3.10/site-packages/airflow/example_dags/example_sla_dag.py
[2023-12-03T23:18:54.114+0000] {processor.py:829} INFO - Processing file /home/ubuntu/redfin/lib/python3.10/site-packages/airflow/example_dags/example_sla_dag.py for tasks to queue
[2023-12-03T23:18:54.115+0000] {logging_mixin.py:154} INFO - [2023-12-03T23:18:54.114+0000] {dagbag.py:536} INFO - Filling up the DagBag from /home/ubuntu/redfin/lib/python3.10/site-packages/airflow/example_dags/example_sla_dag.py
[2023-12-03T23:18:54.125+0000] {processor.py:839} INFO - DAG(s) dict_keys(['example_sla_dag']) retrieved from /home/ubuntu/redfin/lib/python3.10/site-packages/airflow/example_dags/example_sla_dag.py
[2023-12-03T23:18:54.142+0000] {logging_mixin.py:154} INFO - [2023-12-03T23:18:54.142+0000] {dag.py:2941} INFO - Sync 1 DAGs
[2023-12-03T23:18:54.167+0000] {logging_mixin.py:154} INFO - [2023-12-03T23:18:54.167+0000] {dag.py:3722} INFO - Setting next_dagrun for example_sla_dag to 2023-12-03T23:16:00+00:00, run_after=2023-12-03T23:18:00+00:00
[2023-12-03T23:18:54.194+0000] {processor.py:179} INFO - Processing /home/ubuntu/redfin/lib/python3.10/site-packages/airflow/example_dags/example_sla_dag.py took 0.085 seconds
[2023-12-03T23:19:37.231+0000] {processor.py:157} INFO - Started process (PID=4526) to work on /home/ubuntu/redfin/lib/python3.10/site-packages/airflow/example_dags/example_sla_dag.py
[2023-12-03T23:19:37.233+0000] {processor.py:829} INFO - Processing file /home/ubuntu/redfin/lib/python3.10/site-packages/airflow/example_dags/example_sla_dag.py for tasks to queue
[2023-12-03T23:19:37.234+0000] {logging_mixin.py:154} INFO - [2023-12-03T23:19:37.233+0000] {dagbag.py:536} INFO - Filling up the DagBag from /home/ubuntu/redfin/lib/python3.10/site-packages/airflow/example_dags/example_sla_dag.py
[2023-12-03T23:19:37.244+0000] {processor.py:839} INFO - DAG(s) dict_keys(['example_sla_dag']) retrieved from /home/ubuntu/redfin/lib/python3.10/site-packages/airflow/example_dags/example_sla_dag.py
[2023-12-03T23:19:37.263+0000] {logging_mixin.py:154} INFO - [2023-12-03T23:19:37.262+0000] {dag.py:2941} INFO - Sync 1 DAGs
[2023-12-03T23:19:37.289+0000] {logging_mixin.py:154} INFO - [2023-12-03T23:19:37.289+0000] {dag.py:3722} INFO - Setting next_dagrun for example_sla_dag to 2023-12-03T23:16:00+00:00, run_after=2023-12-03T23:18:00+00:00
[2023-12-03T23:19:37.313+0000] {processor.py:179} INFO - Processing /home/ubuntu/redfin/lib/python3.10/site-packages/airflow/example_dags/example_sla_dag.py took 0.085 seconds
[2023-12-03T23:20:20.523+0000] {processor.py:157} INFO - Started process (PID=4575) to work on /home/ubuntu/redfin/lib/python3.10/site-packages/airflow/example_dags/example_sla_dag.py
[2023-12-03T23:20:20.524+0000] {processor.py:829} INFO - Processing file /home/ubuntu/redfin/lib/python3.10/site-packages/airflow/example_dags/example_sla_dag.py for tasks to queue
[2023-12-03T23:20:20.525+0000] {logging_mixin.py:154} INFO - [2023-12-03T23:20:20.525+0000] {dagbag.py:536} INFO - Filling up the DagBag from /home/ubuntu/redfin/lib/python3.10/site-packages/airflow/example_dags/example_sla_dag.py
[2023-12-03T23:20:20.535+0000] {processor.py:839} INFO - DAG(s) dict_keys(['example_sla_dag']) retrieved from /home/ubuntu/redfin/lib/python3.10/site-packages/airflow/example_dags/example_sla_dag.py
[2023-12-03T23:20:20.553+0000] {logging_mixin.py:154} INFO - [2023-12-03T23:20:20.553+0000] {dag.py:2941} INFO - Sync 1 DAGs
[2023-12-03T23:20:20.577+0000] {logging_mixin.py:154} INFO - [2023-12-03T23:20:20.577+0000] {dag.py:3722} INFO - Setting next_dagrun for example_sla_dag to 2023-12-03T23:18:00+00:00, run_after=2023-12-03T23:20:00+00:00
[2023-12-03T23:20:20.599+0000] {processor.py:179} INFO - Processing /home/ubuntu/redfin/lib/python3.10/site-packages/airflow/example_dags/example_sla_dag.py took 0.079 seconds
[2023-12-03T23:21:04.235+0000] {processor.py:157} INFO - Started process (PID=4622) to work on /home/ubuntu/redfin/lib/python3.10/site-packages/airflow/example_dags/example_sla_dag.py
[2023-12-03T23:21:04.236+0000] {processor.py:829} INFO - Processing file /home/ubuntu/redfin/lib/python3.10/site-packages/airflow/example_dags/example_sla_dag.py for tasks to queue
[2023-12-03T23:21:04.237+0000] {logging_mixin.py:154} INFO - [2023-12-03T23:21:04.237+0000] {dagbag.py:536} INFO - Filling up the DagBag from /home/ubuntu/redfin/lib/python3.10/site-packages/airflow/example_dags/example_sla_dag.py
[2023-12-03T23:21:04.247+0000] {processor.py:839} INFO - DAG(s) dict_keys(['example_sla_dag']) retrieved from /home/ubuntu/redfin/lib/python3.10/site-packages/airflow/example_dags/example_sla_dag.py
[2023-12-03T23:21:04.265+0000] {logging_mixin.py:154} INFO - [2023-12-03T23:21:04.265+0000] {dag.py:2941} INFO - Sync 1 DAGs
[2023-12-03T23:21:04.290+0000] {logging_mixin.py:154} INFO - [2023-12-03T23:21:04.290+0000] {dag.py:3722} INFO - Setting next_dagrun for example_sla_dag to 2023-12-03T23:18:00+00:00, run_after=2023-12-03T23:20:00+00:00
[2023-12-03T23:21:04.312+0000] {processor.py:179} INFO - Processing /home/ubuntu/redfin/lib/python3.10/site-packages/airflow/example_dags/example_sla_dag.py took 0.081 seconds
[2023-12-03T23:21:53.759+0000] {processor.py:157} INFO - Started process (PID=4677) to work on /home/ubuntu/redfin/lib/python3.10/site-packages/airflow/example_dags/example_sla_dag.py
[2023-12-03T23:21:53.760+0000] {processor.py:829} INFO - Processing file /home/ubuntu/redfin/lib/python3.10/site-packages/airflow/example_dags/example_sla_dag.py for tasks to queue
[2023-12-03T23:21:53.761+0000] {logging_mixin.py:154} INFO - [2023-12-03T23:21:53.761+0000] {dagbag.py:536} INFO - Filling up the DagBag from /home/ubuntu/redfin/lib/python3.10/site-packages/airflow/example_dags/example_sla_dag.py
[2023-12-03T23:21:53.771+0000] {processor.py:839} INFO - DAG(s) dict_keys(['example_sla_dag']) retrieved from /home/ubuntu/redfin/lib/python3.10/site-packages/airflow/example_dags/example_sla_dag.py
[2023-12-03T23:21:53.789+0000] {logging_mixin.py:154} INFO - [2023-12-03T23:21:53.789+0000] {dag.py:2941} INFO - Sync 1 DAGs
[2023-12-03T23:21:53.814+0000] {logging_mixin.py:154} INFO - [2023-12-03T23:21:53.814+0000] {dag.py:3722} INFO - Setting next_dagrun for example_sla_dag to 2023-12-03T23:18:00+00:00, run_after=2023-12-03T23:20:00+00:00
[2023-12-03T23:21:53.837+0000] {processor.py:179} INFO - Processing /home/ubuntu/redfin/lib/python3.10/site-packages/airflow/example_dags/example_sla_dag.py took 0.082 seconds
[2023-12-03T23:22:41.665+0000] {processor.py:157} INFO - Started process (PID=4730) to work on /home/ubuntu/redfin/lib/python3.10/site-packages/airflow/example_dags/example_sla_dag.py
[2023-12-03T23:22:41.667+0000] {processor.py:829} INFO - Processing file /home/ubuntu/redfin/lib/python3.10/site-packages/airflow/example_dags/example_sla_dag.py for tasks to queue
[2023-12-03T23:22:41.668+0000] {logging_mixin.py:154} INFO - [2023-12-03T23:22:41.667+0000] {dagbag.py:536} INFO - Filling up the DagBag from /home/ubuntu/redfin/lib/python3.10/site-packages/airflow/example_dags/example_sla_dag.py
[2023-12-03T23:22:41.678+0000] {processor.py:839} INFO - DAG(s) dict_keys(['example_sla_dag']) retrieved from /home/ubuntu/redfin/lib/python3.10/site-packages/airflow/example_dags/example_sla_dag.py
[2023-12-03T23:22:41.695+0000] {logging_mixin.py:154} INFO - [2023-12-03T23:22:41.694+0000] {dag.py:2941} INFO - Sync 1 DAGs
[2023-12-03T23:22:41.719+0000] {logging_mixin.py:154} INFO - [2023-12-03T23:22:41.719+0000] {dag.py:3722} INFO - Setting next_dagrun for example_sla_dag to 2023-12-03T23:20:00+00:00, run_after=2023-12-03T23:22:00+00:00
[2023-12-03T23:22:41.741+0000] {processor.py:179} INFO - Processing /home/ubuntu/redfin/lib/python3.10/site-packages/airflow/example_dags/example_sla_dag.py took 0.079 seconds
[2023-12-03T23:23:27.537+0000] {processor.py:157} INFO - Started process (PID=4780) to work on /home/ubuntu/redfin/lib/python3.10/site-packages/airflow/example_dags/example_sla_dag.py
[2023-12-03T23:23:27.539+0000] {processor.py:829} INFO - Processing file /home/ubuntu/redfin/lib/python3.10/site-packages/airflow/example_dags/example_sla_dag.py for tasks to queue
[2023-12-03T23:23:27.540+0000] {logging_mixin.py:154} INFO - [2023-12-03T23:23:27.539+0000] {dagbag.py:536} INFO - Filling up the DagBag from /home/ubuntu/redfin/lib/python3.10/site-packages/airflow/example_dags/example_sla_dag.py
[2023-12-03T23:23:27.550+0000] {processor.py:839} INFO - DAG(s) dict_keys(['example_sla_dag']) retrieved from /home/ubuntu/redfin/lib/python3.10/site-packages/airflow/example_dags/example_sla_dag.py
[2023-12-03T23:23:27.568+0000] {logging_mixin.py:154} INFO - [2023-12-03T23:23:27.568+0000] {dag.py:2941} INFO - Sync 1 DAGs
[2023-12-03T23:23:27.593+0000] {logging_mixin.py:154} INFO - [2023-12-03T23:23:27.593+0000] {dag.py:3722} INFO - Setting next_dagrun for example_sla_dag to 2023-12-03T23:20:00+00:00, run_after=2023-12-03T23:22:00+00:00
[2023-12-03T23:23:27.616+0000] {processor.py:179} INFO - Processing /home/ubuntu/redfin/lib/python3.10/site-packages/airflow/example_dags/example_sla_dag.py took 0.082 seconds
[2023-12-03T23:24:15.512+0000] {processor.py:157} INFO - Started process (PID=4834) to work on /home/ubuntu/redfin/lib/python3.10/site-packages/airflow/example_dags/example_sla_dag.py
[2023-12-03T23:24:15.514+0000] {processor.py:829} INFO - Processing file /home/ubuntu/redfin/lib/python3.10/site-packages/airflow/example_dags/example_sla_dag.py for tasks to queue
[2023-12-03T23:24:15.514+0000] {logging_mixin.py:154} INFO - [2023-12-03T23:24:15.514+0000] {dagbag.py:536} INFO - Filling up the DagBag from /home/ubuntu/redfin/lib/python3.10/site-packages/airflow/example_dags/example_sla_dag.py
[2023-12-03T23:24:15.524+0000] {processor.py:839} INFO - DAG(s) dict_keys(['example_sla_dag']) retrieved from /home/ubuntu/redfin/lib/python3.10/site-packages/airflow/example_dags/example_sla_dag.py
[2023-12-03T23:24:15.541+0000] {logging_mixin.py:154} INFO - [2023-12-03T23:24:15.541+0000] {dag.py:2941} INFO - Sync 1 DAGs
[2023-12-03T23:24:15.565+0000] {logging_mixin.py:154} INFO - [2023-12-03T23:24:15.565+0000] {dag.py:3722} INFO - Setting next_dagrun for example_sla_dag to 2023-12-03T23:22:00+00:00, run_after=2023-12-03T23:24:00+00:00
[2023-12-03T23:24:15.587+0000] {processor.py:179} INFO - Processing /home/ubuntu/redfin/lib/python3.10/site-packages/airflow/example_dags/example_sla_dag.py took 0.079 seconds
[2023-12-03T23:25:02.193+0000] {processor.py:157} INFO - Started process (PID=4884) to work on /home/ubuntu/redfin/lib/python3.10/site-packages/airflow/example_dags/example_sla_dag.py
[2023-12-03T23:25:02.194+0000] {processor.py:829} INFO - Processing file /home/ubuntu/redfin/lib/python3.10/site-packages/airflow/example_dags/example_sla_dag.py for tasks to queue
[2023-12-03T23:25:02.195+0000] {logging_mixin.py:154} INFO - [2023-12-03T23:25:02.195+0000] {dagbag.py:536} INFO - Filling up the DagBag from /home/ubuntu/redfin/lib/python3.10/site-packages/airflow/example_dags/example_sla_dag.py
[2023-12-03T23:25:02.205+0000] {processor.py:839} INFO - DAG(s) dict_keys(['example_sla_dag']) retrieved from /home/ubuntu/redfin/lib/python3.10/site-packages/airflow/example_dags/example_sla_dag.py
[2023-12-03T23:25:02.223+0000] {logging_mixin.py:154} INFO - [2023-12-03T23:25:02.223+0000] {dag.py:2941} INFO - Sync 1 DAGs
[2023-12-03T23:25:02.249+0000] {logging_mixin.py:154} INFO - [2023-12-03T23:25:02.249+0000] {dag.py:3722} INFO - Setting next_dagrun for example_sla_dag to 2023-12-03T23:22:00+00:00, run_after=2023-12-03T23:24:00+00:00
[2023-12-03T23:25:02.271+0000] {processor.py:179} INFO - Processing /home/ubuntu/redfin/lib/python3.10/site-packages/airflow/example_dags/example_sla_dag.py took 0.082 seconds
[2023-12-03T23:25:51.214+0000] {processor.py:157} INFO - Started process (PID=4939) to work on /home/ubuntu/redfin/lib/python3.10/site-packages/airflow/example_dags/example_sla_dag.py
[2023-12-03T23:25:51.216+0000] {processor.py:829} INFO - Processing file /home/ubuntu/redfin/lib/python3.10/site-packages/airflow/example_dags/example_sla_dag.py for tasks to queue
[2023-12-03T23:25:51.217+0000] {logging_mixin.py:154} INFO - [2023-12-03T23:25:51.216+0000] {dagbag.py:536} INFO - Filling up the DagBag from /home/ubuntu/redfin/lib/python3.10/site-packages/airflow/example_dags/example_sla_dag.py
[2023-12-03T23:25:51.226+0000] {processor.py:839} INFO - DAG(s) dict_keys(['example_sla_dag']) retrieved from /home/ubuntu/redfin/lib/python3.10/site-packages/airflow/example_dags/example_sla_dag.py
[2023-12-03T23:25:51.244+0000] {logging_mixin.py:154} INFO - [2023-12-03T23:25:51.243+0000] {dag.py:2941} INFO - Sync 1 DAGs
[2023-12-03T23:25:51.269+0000] {logging_mixin.py:154} INFO - [2023-12-03T23:25:51.269+0000] {dag.py:3722} INFO - Setting next_dagrun for example_sla_dag to 2023-12-03T23:22:00+00:00, run_after=2023-12-03T23:24:00+00:00
[2023-12-03T23:25:51.291+0000] {processor.py:179} INFO - Processing /home/ubuntu/redfin/lib/python3.10/site-packages/airflow/example_dags/example_sla_dag.py took 0.081 seconds
[2023-12-03T23:26:38.404+0000] {processor.py:157} INFO - Started process (PID=4991) to work on /home/ubuntu/redfin/lib/python3.10/site-packages/airflow/example_dags/example_sla_dag.py
[2023-12-03T23:26:38.406+0000] {processor.py:829} INFO - Processing file /home/ubuntu/redfin/lib/python3.10/site-packages/airflow/example_dags/example_sla_dag.py for tasks to queue
[2023-12-03T23:26:38.407+0000] {logging_mixin.py:154} INFO - [2023-12-03T23:26:38.406+0000] {dagbag.py:536} INFO - Filling up the DagBag from /home/ubuntu/redfin/lib/python3.10/site-packages/airflow/example_dags/example_sla_dag.py
[2023-12-03T23:26:38.417+0000] {processor.py:839} INFO - DAG(s) dict_keys(['example_sla_dag']) retrieved from /home/ubuntu/redfin/lib/python3.10/site-packages/airflow/example_dags/example_sla_dag.py
[2023-12-03T23:26:38.434+0000] {logging_mixin.py:154} INFO - [2023-12-03T23:26:38.434+0000] {dag.py:2941} INFO - Sync 1 DAGs
[2023-12-03T23:26:38.458+0000] {logging_mixin.py:154} INFO - [2023-12-03T23:26:38.458+0000] {dag.py:3722} INFO - Setting next_dagrun for example_sla_dag to 2023-12-03T23:24:00+00:00, run_after=2023-12-03T23:26:00+00:00
[2023-12-03T23:26:38.481+0000] {processor.py:179} INFO - Processing /home/ubuntu/redfin/lib/python3.10/site-packages/airflow/example_dags/example_sla_dag.py took 0.080 seconds
[2023-12-03T23:27:22.618+0000] {processor.py:157} INFO - Started process (PID=5040) to work on /home/ubuntu/redfin/lib/python3.10/site-packages/airflow/example_dags/example_sla_dag.py
[2023-12-03T23:27:22.620+0000] {processor.py:829} INFO - Processing file /home/ubuntu/redfin/lib/python3.10/site-packages/airflow/example_dags/example_sla_dag.py for tasks to queue
[2023-12-03T23:27:22.621+0000] {logging_mixin.py:154} INFO - [2023-12-03T23:27:22.620+0000] {dagbag.py:536} INFO - Filling up the DagBag from /home/ubuntu/redfin/lib/python3.10/site-packages/airflow/example_dags/example_sla_dag.py
[2023-12-03T23:27:22.630+0000] {processor.py:839} INFO - DAG(s) dict_keys(['example_sla_dag']) retrieved from /home/ubuntu/redfin/lib/python3.10/site-packages/airflow/example_dags/example_sla_dag.py
[2023-12-03T23:27:22.648+0000] {logging_mixin.py:154} INFO - [2023-12-03T23:27:22.648+0000] {dag.py:2941} INFO - Sync 1 DAGs
[2023-12-03T23:27:22.672+0000] {logging_mixin.py:154} INFO - [2023-12-03T23:27:22.672+0000] {dag.py:3722} INFO - Setting next_dagrun for example_sla_dag to 2023-12-03T23:24:00+00:00, run_after=2023-12-03T23:26:00+00:00
[2023-12-03T23:27:22.696+0000] {processor.py:179} INFO - Processing /home/ubuntu/redfin/lib/python3.10/site-packages/airflow/example_dags/example_sla_dag.py took 0.081 seconds
[2023-12-03T23:28:04.249+0000] {processor.py:157} INFO - Started process (PID=5087) to work on /home/ubuntu/redfin/lib/python3.10/site-packages/airflow/example_dags/example_sla_dag.py
[2023-12-03T23:28:04.251+0000] {processor.py:829} INFO - Processing file /home/ubuntu/redfin/lib/python3.10/site-packages/airflow/example_dags/example_sla_dag.py for tasks to queue
[2023-12-03T23:28:04.252+0000] {logging_mixin.py:154} INFO - [2023-12-03T23:28:04.251+0000] {dagbag.py:536} INFO - Filling up the DagBag from /home/ubuntu/redfin/lib/python3.10/site-packages/airflow/example_dags/example_sla_dag.py
[2023-12-03T23:28:04.261+0000] {processor.py:839} INFO - DAG(s) dict_keys(['example_sla_dag']) retrieved from /home/ubuntu/redfin/lib/python3.10/site-packages/airflow/example_dags/example_sla_dag.py
[2023-12-03T23:28:04.279+0000] {logging_mixin.py:154} INFO - [2023-12-03T23:28:04.279+0000] {dag.py:2941} INFO - Sync 1 DAGs
[2023-12-03T23:28:04.304+0000] {logging_mixin.py:154} INFO - [2023-12-03T23:28:04.303+0000] {dag.py:3722} INFO - Setting next_dagrun for example_sla_dag to 2023-12-03T23:26:00+00:00, run_after=2023-12-03T23:28:00+00:00
[2023-12-03T23:28:04.326+0000] {processor.py:179} INFO - Processing /home/ubuntu/redfin/lib/python3.10/site-packages/airflow/example_dags/example_sla_dag.py took 0.081 seconds
[2023-12-03T23:28:53.125+0000] {processor.py:157} INFO - Started process (PID=5138) to work on /home/ubuntu/redfin/lib/python3.10/site-packages/airflow/example_dags/example_sla_dag.py
[2023-12-03T23:28:53.127+0000] {processor.py:829} INFO - Processing file /home/ubuntu/redfin/lib/python3.10/site-packages/airflow/example_dags/example_sla_dag.py for tasks to queue
[2023-12-03T23:28:53.128+0000] {logging_mixin.py:154} INFO - [2023-12-03T23:28:53.127+0000] {dagbag.py:536} INFO - Filling up the DagBag from /home/ubuntu/redfin/lib/python3.10/site-packages/airflow/example_dags/example_sla_dag.py
[2023-12-03T23:28:53.138+0000] {processor.py:839} INFO - DAG(s) dict_keys(['example_sla_dag']) retrieved from /home/ubuntu/redfin/lib/python3.10/site-packages/airflow/example_dags/example_sla_dag.py
[2023-12-03T23:28:53.156+0000] {logging_mixin.py:154} INFO - [2023-12-03T23:28:53.155+0000] {dag.py:2941} INFO - Sync 1 DAGs
[2023-12-03T23:28:53.180+0000] {logging_mixin.py:154} INFO - [2023-12-03T23:28:53.180+0000] {dag.py:3722} INFO - Setting next_dagrun for example_sla_dag to 2023-12-03T23:26:00+00:00, run_after=2023-12-03T23:28:00+00:00
[2023-12-03T23:28:53.203+0000] {processor.py:179} INFO - Processing /home/ubuntu/redfin/lib/python3.10/site-packages/airflow/example_dags/example_sla_dag.py took 0.081 seconds
[2023-12-03T23:29:40.984+0000] {processor.py:157} INFO - Started process (PID=5191) to work on /home/ubuntu/redfin/lib/python3.10/site-packages/airflow/example_dags/example_sla_dag.py
[2023-12-03T23:29:40.985+0000] {processor.py:829} INFO - Processing file /home/ubuntu/redfin/lib/python3.10/site-packages/airflow/example_dags/example_sla_dag.py for tasks to queue
[2023-12-03T23:29:40.986+0000] {logging_mixin.py:154} INFO - [2023-12-03T23:29:40.986+0000] {dagbag.py:536} INFO - Filling up the DagBag from /home/ubuntu/redfin/lib/python3.10/site-packages/airflow/example_dags/example_sla_dag.py
[2023-12-03T23:29:40.996+0000] {processor.py:839} INFO - DAG(s) dict_keys(['example_sla_dag']) retrieved from /home/ubuntu/redfin/lib/python3.10/site-packages/airflow/example_dags/example_sla_dag.py
[2023-12-03T23:29:41.013+0000] {logging_mixin.py:154} INFO - [2023-12-03T23:29:41.013+0000] {dag.py:2941} INFO - Sync 1 DAGs
[2023-12-03T23:29:41.038+0000] {logging_mixin.py:154} INFO - [2023-12-03T23:29:41.037+0000] {dag.py:3722} INFO - Setting next_dagrun for example_sla_dag to 2023-12-03T23:26:00+00:00, run_after=2023-12-03T23:28:00+00:00
[2023-12-03T23:29:41.062+0000] {processor.py:179} INFO - Processing /home/ubuntu/redfin/lib/python3.10/site-packages/airflow/example_dags/example_sla_dag.py took 0.081 seconds
[2023-12-03T23:30:29.416+0000] {processor.py:157} INFO - Started process (PID=5245) to work on /home/ubuntu/redfin/lib/python3.10/site-packages/airflow/example_dags/example_sla_dag.py
[2023-12-03T23:30:29.417+0000] {processor.py:829} INFO - Processing file /home/ubuntu/redfin/lib/python3.10/site-packages/airflow/example_dags/example_sla_dag.py for tasks to queue
[2023-12-03T23:30:29.418+0000] {logging_mixin.py:154} INFO - [2023-12-03T23:30:29.418+0000] {dagbag.py:536} INFO - Filling up the DagBag from /home/ubuntu/redfin/lib/python3.10/site-packages/airflow/example_dags/example_sla_dag.py
[2023-12-03T23:30:29.429+0000] {processor.py:839} INFO - DAG(s) dict_keys(['example_sla_dag']) retrieved from /home/ubuntu/redfin/lib/python3.10/site-packages/airflow/example_dags/example_sla_dag.py
[2023-12-03T23:30:29.447+0000] {logging_mixin.py:154} INFO - [2023-12-03T23:30:29.447+0000] {dag.py:2941} INFO - Sync 1 DAGs
[2023-12-03T23:30:29.473+0000] {logging_mixin.py:154} INFO - [2023-12-03T23:30:29.473+0000] {dag.py:3722} INFO - Setting next_dagrun for example_sla_dag to 2023-12-03T23:28:00+00:00, run_after=2023-12-03T23:30:00+00:00
[2023-12-03T23:30:29.498+0000] {processor.py:179} INFO - Processing /home/ubuntu/redfin/lib/python3.10/site-packages/airflow/example_dags/example_sla_dag.py took 0.086 seconds
[2023-12-03T23:31:14.087+0000] {processor.py:157} INFO - Started process (PID=5294) to work on /home/ubuntu/redfin/lib/python3.10/site-packages/airflow/example_dags/example_sla_dag.py
[2023-12-03T23:31:14.088+0000] {processor.py:829} INFO - Processing file /home/ubuntu/redfin/lib/python3.10/site-packages/airflow/example_dags/example_sla_dag.py for tasks to queue
[2023-12-03T23:31:14.089+0000] {logging_mixin.py:154} INFO - [2023-12-03T23:31:14.089+0000] {dagbag.py:536} INFO - Filling up the DagBag from /home/ubuntu/redfin/lib/python3.10/site-packages/airflow/example_dags/example_sla_dag.py
[2023-12-03T23:31:14.099+0000] {processor.py:839} INFO - DAG(s) dict_keys(['example_sla_dag']) retrieved from /home/ubuntu/redfin/lib/python3.10/site-packages/airflow/example_dags/example_sla_dag.py
[2023-12-03T23:31:14.117+0000] {logging_mixin.py:154} INFO - [2023-12-03T23:31:14.116+0000] {dag.py:2941} INFO - Sync 1 DAGs
[2023-12-03T23:31:14.142+0000] {logging_mixin.py:154} INFO - [2023-12-03T23:31:14.142+0000] {dag.py:3722} INFO - Setting next_dagrun for example_sla_dag to 2023-12-03T23:28:00+00:00, run_after=2023-12-03T23:30:00+00:00
[2023-12-03T23:31:14.163+0000] {processor.py:179} INFO - Processing /home/ubuntu/redfin/lib/python3.10/site-packages/airflow/example_dags/example_sla_dag.py took 0.080 seconds
[2023-12-03T23:32:02.361+0000] {processor.py:157} INFO - Started process (PID=5346) to work on /home/ubuntu/redfin/lib/python3.10/site-packages/airflow/example_dags/example_sla_dag.py
[2023-12-03T23:32:02.363+0000] {processor.py:829} INFO - Processing file /home/ubuntu/redfin/lib/python3.10/site-packages/airflow/example_dags/example_sla_dag.py for tasks to queue
[2023-12-03T23:32:02.364+0000] {logging_mixin.py:154} INFO - [2023-12-03T23:32:02.363+0000] {dagbag.py:536} INFO - Filling up the DagBag from /home/ubuntu/redfin/lib/python3.10/site-packages/airflow/example_dags/example_sla_dag.py
[2023-12-03T23:32:02.373+0000] {processor.py:839} INFO - DAG(s) dict_keys(['example_sla_dag']) retrieved from /home/ubuntu/redfin/lib/python3.10/site-packages/airflow/example_dags/example_sla_dag.py
[2023-12-03T23:32:02.391+0000] {logging_mixin.py:154} INFO - [2023-12-03T23:32:02.391+0000] {dag.py:2941} INFO - Sync 1 DAGs
[2023-12-03T23:32:02.415+0000] {logging_mixin.py:154} INFO - [2023-12-03T23:32:02.415+0000] {dag.py:3722} INFO - Setting next_dagrun for example_sla_dag to 2023-12-03T23:30:00+00:00, run_after=2023-12-03T23:32:00+00:00
[2023-12-03T23:32:02.438+0000] {processor.py:179} INFO - Processing /home/ubuntu/redfin/lib/python3.10/site-packages/airflow/example_dags/example_sla_dag.py took 0.081 seconds
[2023-12-03T23:32:45.895+0000] {processor.py:157} INFO - Started process (PID=5395) to work on /home/ubuntu/redfin/lib/python3.10/site-packages/airflow/example_dags/example_sla_dag.py
[2023-12-03T23:32:45.896+0000] {processor.py:829} INFO - Processing file /home/ubuntu/redfin/lib/python3.10/site-packages/airflow/example_dags/example_sla_dag.py for tasks to queue
[2023-12-03T23:32:45.897+0000] {logging_mixin.py:154} INFO - [2023-12-03T23:32:45.897+0000] {dagbag.py:536} INFO - Filling up the DagBag from /home/ubuntu/redfin/lib/python3.10/site-packages/airflow/example_dags/example_sla_dag.py
[2023-12-03T23:32:45.907+0000] {processor.py:839} INFO - DAG(s) dict_keys(['example_sla_dag']) retrieved from /home/ubuntu/redfin/lib/python3.10/site-packages/airflow/example_dags/example_sla_dag.py
[2023-12-03T23:32:45.925+0000] {logging_mixin.py:154} INFO - [2023-12-03T23:32:45.925+0000] {dag.py:2941} INFO - Sync 1 DAGs
[2023-12-03T23:32:45.950+0000] {logging_mixin.py:154} INFO - [2023-12-03T23:32:45.949+0000] {dag.py:3722} INFO - Setting next_dagrun for example_sla_dag to 2023-12-03T23:30:00+00:00, run_after=2023-12-03T23:32:00+00:00
[2023-12-03T23:32:45.971+0000] {processor.py:179} INFO - Processing /home/ubuntu/redfin/lib/python3.10/site-packages/airflow/example_dags/example_sla_dag.py took 0.080 seconds
[2023-12-03T23:33:32.265+0000] {processor.py:157} INFO - Started process (PID=5444) to work on /home/ubuntu/redfin/lib/python3.10/site-packages/airflow/example_dags/example_sla_dag.py
[2023-12-03T23:33:32.266+0000] {processor.py:829} INFO - Processing file /home/ubuntu/redfin/lib/python3.10/site-packages/airflow/example_dags/example_sla_dag.py for tasks to queue
[2023-12-03T23:33:32.267+0000] {logging_mixin.py:154} INFO - [2023-12-03T23:33:32.267+0000] {dagbag.py:536} INFO - Filling up the DagBag from /home/ubuntu/redfin/lib/python3.10/site-packages/airflow/example_dags/example_sla_dag.py
[2023-12-03T23:33:32.277+0000] {processor.py:839} INFO - DAG(s) dict_keys(['example_sla_dag']) retrieved from /home/ubuntu/redfin/lib/python3.10/site-packages/airflow/example_dags/example_sla_dag.py
[2023-12-03T23:33:32.295+0000] {logging_mixin.py:154} INFO - [2023-12-03T23:33:32.294+0000] {dag.py:2941} INFO - Sync 1 DAGs
[2023-12-03T23:33:32.319+0000] {logging_mixin.py:154} INFO - [2023-12-03T23:33:32.319+0000] {dag.py:3722} INFO - Setting next_dagrun for example_sla_dag to 2023-12-03T23:30:00+00:00, run_after=2023-12-03T23:32:00+00:00
[2023-12-03T23:33:32.341+0000] {processor.py:179} INFO - Processing /home/ubuntu/redfin/lib/python3.10/site-packages/airflow/example_dags/example_sla_dag.py took 0.080 seconds
[2023-12-03T23:34:18.629+0000] {processor.py:157} INFO - Started process (PID=5497) to work on /home/ubuntu/redfin/lib/python3.10/site-packages/airflow/example_dags/example_sla_dag.py
[2023-12-03T23:34:18.630+0000] {processor.py:829} INFO - Processing file /home/ubuntu/redfin/lib/python3.10/site-packages/airflow/example_dags/example_sla_dag.py for tasks to queue
[2023-12-03T23:34:18.631+0000] {logging_mixin.py:154} INFO - [2023-12-03T23:34:18.631+0000] {dagbag.py:536} INFO - Filling up the DagBag from /home/ubuntu/redfin/lib/python3.10/site-packages/airflow/example_dags/example_sla_dag.py
[2023-12-03T23:34:18.641+0000] {processor.py:839} INFO - DAG(s) dict_keys(['example_sla_dag']) retrieved from /home/ubuntu/redfin/lib/python3.10/site-packages/airflow/example_dags/example_sla_dag.py
[2023-12-03T23:34:18.659+0000] {logging_mixin.py:154} INFO - [2023-12-03T23:34:18.659+0000] {dag.py:2941} INFO - Sync 1 DAGs
[2023-12-03T23:34:18.684+0000] {logging_mixin.py:154} INFO - [2023-12-03T23:34:18.683+0000] {dag.py:3722} INFO - Setting next_dagrun for example_sla_dag to 2023-12-03T23:32:00+00:00, run_after=2023-12-03T23:34:00+00:00
[2023-12-03T23:34:18.706+0000] {processor.py:179} INFO - Processing /home/ubuntu/redfin/lib/python3.10/site-packages/airflow/example_dags/example_sla_dag.py took 0.081 seconds
[2023-12-03T23:35:07.742+0000] {processor.py:157} INFO - Started process (PID=5549) to work on /home/ubuntu/redfin/lib/python3.10/site-packages/airflow/example_dags/example_sla_dag.py
[2023-12-03T23:35:07.744+0000] {processor.py:829} INFO - Processing file /home/ubuntu/redfin/lib/python3.10/site-packages/airflow/example_dags/example_sla_dag.py for tasks to queue
[2023-12-03T23:35:07.744+0000] {logging_mixin.py:154} INFO - [2023-12-03T23:35:07.744+0000] {dagbag.py:536} INFO - Filling up the DagBag from /home/ubuntu/redfin/lib/python3.10/site-packages/airflow/example_dags/example_sla_dag.py
[2023-12-03T23:35:07.754+0000] {processor.py:839} INFO - DAG(s) dict_keys(['example_sla_dag']) retrieved from /home/ubuntu/redfin/lib/python3.10/site-packages/airflow/example_dags/example_sla_dag.py
[2023-12-03T23:35:07.771+0000] {logging_mixin.py:154} INFO - [2023-12-03T23:35:07.771+0000] {dag.py:2941} INFO - Sync 1 DAGs
[2023-12-03T23:35:07.795+0000] {logging_mixin.py:154} INFO - [2023-12-03T23:35:07.795+0000] {dag.py:3722} INFO - Setting next_dagrun for example_sla_dag to 2023-12-03T23:32:00+00:00, run_after=2023-12-03T23:34:00+00:00
[2023-12-03T23:35:07.816+0000] {processor.py:179} INFO - Processing /home/ubuntu/redfin/lib/python3.10/site-packages/airflow/example_dags/example_sla_dag.py took 0.077 seconds
[2023-12-03T23:35:55.975+0000] {processor.py:157} INFO - Started process (PID=5603) to work on /home/ubuntu/redfin/lib/python3.10/site-packages/airflow/example_dags/example_sla_dag.py
[2023-12-03T23:35:55.977+0000] {processor.py:829} INFO - Processing file /home/ubuntu/redfin/lib/python3.10/site-packages/airflow/example_dags/example_sla_dag.py for tasks to queue
[2023-12-03T23:35:55.978+0000] {logging_mixin.py:154} INFO - [2023-12-03T23:35:55.978+0000] {dagbag.py:536} INFO - Filling up the DagBag from /home/ubuntu/redfin/lib/python3.10/site-packages/airflow/example_dags/example_sla_dag.py
[2023-12-03T23:35:55.988+0000] {processor.py:839} INFO - DAG(s) dict_keys(['example_sla_dag']) retrieved from /home/ubuntu/redfin/lib/python3.10/site-packages/airflow/example_dags/example_sla_dag.py
[2023-12-03T23:35:56.006+0000] {logging_mixin.py:154} INFO - [2023-12-03T23:35:56.006+0000] {dag.py:2941} INFO - Sync 1 DAGs
[2023-12-03T23:35:56.031+0000] {logging_mixin.py:154} INFO - [2023-12-03T23:35:56.030+0000] {dag.py:3722} INFO - Setting next_dagrun for example_sla_dag to 2023-12-03T23:32:00+00:00, run_after=2023-12-03T23:34:00+00:00
[2023-12-03T23:35:56.058+0000] {processor.py:179} INFO - Processing /home/ubuntu/redfin/lib/python3.10/site-packages/airflow/example_dags/example_sla_dag.py took 0.086 seconds
[2023-12-03T23:36:47.367+0000] {processor.py:157} INFO - Started process (PID=5658) to work on /home/ubuntu/redfin/lib/python3.10/site-packages/airflow/example_dags/example_sla_dag.py
[2023-12-03T23:36:47.368+0000] {processor.py:829} INFO - Processing file /home/ubuntu/redfin/lib/python3.10/site-packages/airflow/example_dags/example_sla_dag.py for tasks to queue
[2023-12-03T23:36:47.369+0000] {logging_mixin.py:154} INFO - [2023-12-03T23:36:47.369+0000] {dagbag.py:536} INFO - Filling up the DagBag from /home/ubuntu/redfin/lib/python3.10/site-packages/airflow/example_dags/example_sla_dag.py
[2023-12-03T23:36:47.379+0000] {processor.py:839} INFO - DAG(s) dict_keys(['example_sla_dag']) retrieved from /home/ubuntu/redfin/lib/python3.10/site-packages/airflow/example_dags/example_sla_dag.py
[2023-12-03T23:36:47.396+0000] {logging_mixin.py:154} INFO - [2023-12-03T23:36:47.396+0000] {dag.py:2941} INFO - Sync 1 DAGs
[2023-12-03T23:36:47.421+0000] {logging_mixin.py:154} INFO - [2023-12-03T23:36:47.420+0000] {dag.py:3722} INFO - Setting next_dagrun for example_sla_dag to 2023-12-03T23:34:00+00:00, run_after=2023-12-03T23:36:00+00:00
[2023-12-03T23:36:47.442+0000] {processor.py:179} INFO - Processing /home/ubuntu/redfin/lib/python3.10/site-packages/airflow/example_dags/example_sla_dag.py took 0.078 seconds
[2023-12-03T23:37:35.548+0000] {processor.py:157} INFO - Started process (PID=5712) to work on /home/ubuntu/redfin/lib/python3.10/site-packages/airflow/example_dags/example_sla_dag.py
[2023-12-03T23:37:35.549+0000] {processor.py:829} INFO - Processing file /home/ubuntu/redfin/lib/python3.10/site-packages/airflow/example_dags/example_sla_dag.py for tasks to queue
[2023-12-03T23:37:35.550+0000] {logging_mixin.py:154} INFO - [2023-12-03T23:37:35.550+0000] {dagbag.py:536} INFO - Filling up the DagBag from /home/ubuntu/redfin/lib/python3.10/site-packages/airflow/example_dags/example_sla_dag.py
[2023-12-03T23:37:35.560+0000] {processor.py:839} INFO - DAG(s) dict_keys(['example_sla_dag']) retrieved from /home/ubuntu/redfin/lib/python3.10/site-packages/airflow/example_dags/example_sla_dag.py
[2023-12-03T23:37:35.577+0000] {logging_mixin.py:154} INFO - [2023-12-03T23:37:35.577+0000] {dag.py:2941} INFO - Sync 1 DAGs
[2023-12-03T23:37:35.601+0000] {logging_mixin.py:154} INFO - [2023-12-03T23:37:35.600+0000] {dag.py:3722} INFO - Setting next_dagrun for example_sla_dag to 2023-12-03T23:34:00+00:00, run_after=2023-12-03T23:36:00+00:00
[2023-12-03T23:37:35.623+0000] {processor.py:179} INFO - Processing /home/ubuntu/redfin/lib/python3.10/site-packages/airflow/example_dags/example_sla_dag.py took 0.079 seconds
[2023-12-03T23:38:19.896+0000] {processor.py:157} INFO - Started process (PID=5761) to work on /home/ubuntu/redfin/lib/python3.10/site-packages/airflow/example_dags/example_sla_dag.py
[2023-12-03T23:38:19.897+0000] {processor.py:829} INFO - Processing file /home/ubuntu/redfin/lib/python3.10/site-packages/airflow/example_dags/example_sla_dag.py for tasks to queue
[2023-12-03T23:38:19.898+0000] {logging_mixin.py:154} INFO - [2023-12-03T23:38:19.898+0000] {dagbag.py:536} INFO - Filling up the DagBag from /home/ubuntu/redfin/lib/python3.10/site-packages/airflow/example_dags/example_sla_dag.py
[2023-12-03T23:38:19.908+0000] {processor.py:839} INFO - DAG(s) dict_keys(['example_sla_dag']) retrieved from /home/ubuntu/redfin/lib/python3.10/site-packages/airflow/example_dags/example_sla_dag.py
[2023-12-03T23:38:19.925+0000] {logging_mixin.py:154} INFO - [2023-12-03T23:38:19.925+0000] {dag.py:2941} INFO - Sync 1 DAGs
[2023-12-03T23:38:19.950+0000] {logging_mixin.py:154} INFO - [2023-12-03T23:38:19.950+0000] {dag.py:3722} INFO - Setting next_dagrun for example_sla_dag to 2023-12-03T23:36:00+00:00, run_after=2023-12-03T23:38:00+00:00
[2023-12-03T23:38:19.972+0000] {processor.py:179} INFO - Processing /home/ubuntu/redfin/lib/python3.10/site-packages/airflow/example_dags/example_sla_dag.py took 0.080 seconds
[2023-12-03T23:39:07.370+0000] {processor.py:157} INFO - Started process (PID=5812) to work on /home/ubuntu/redfin/lib/python3.10/site-packages/airflow/example_dags/example_sla_dag.py
[2023-12-03T23:39:07.372+0000] {processor.py:829} INFO - Processing file /home/ubuntu/redfin/lib/python3.10/site-packages/airflow/example_dags/example_sla_dag.py for tasks to queue
[2023-12-03T23:39:07.373+0000] {logging_mixin.py:154} INFO - [2023-12-03T23:39:07.373+0000] {dagbag.py:536} INFO - Filling up the DagBag from /home/ubuntu/redfin/lib/python3.10/site-packages/airflow/example_dags/example_sla_dag.py
[2023-12-03T23:39:07.383+0000] {processor.py:839} INFO - DAG(s) dict_keys(['example_sla_dag']) retrieved from /home/ubuntu/redfin/lib/python3.10/site-packages/airflow/example_dags/example_sla_dag.py
[2023-12-03T23:39:07.400+0000] {logging_mixin.py:154} INFO - [2023-12-03T23:39:07.400+0000] {dag.py:2941} INFO - Sync 1 DAGs
[2023-12-03T23:39:07.424+0000] {logging_mixin.py:154} INFO - [2023-12-03T23:39:07.424+0000] {dag.py:3722} INFO - Setting next_dagrun for example_sla_dag to 2023-12-03T23:36:00+00:00, run_after=2023-12-03T23:38:00+00:00
[2023-12-03T23:39:07.446+0000] {processor.py:179} INFO - Processing /home/ubuntu/redfin/lib/python3.10/site-packages/airflow/example_dags/example_sla_dag.py took 0.079 seconds
[2023-12-03T23:39:53.828+0000] {processor.py:157} INFO - Started process (PID=5862) to work on /home/ubuntu/redfin/lib/python3.10/site-packages/airflow/example_dags/example_sla_dag.py
[2023-12-03T23:39:53.830+0000] {processor.py:829} INFO - Processing file /home/ubuntu/redfin/lib/python3.10/site-packages/airflow/example_dags/example_sla_dag.py for tasks to queue
[2023-12-03T23:39:53.831+0000] {logging_mixin.py:154} INFO - [2023-12-03T23:39:53.830+0000] {dagbag.py:536} INFO - Filling up the DagBag from /home/ubuntu/redfin/lib/python3.10/site-packages/airflow/example_dags/example_sla_dag.py
[2023-12-03T23:39:53.841+0000] {processor.py:839} INFO - DAG(s) dict_keys(['example_sla_dag']) retrieved from /home/ubuntu/redfin/lib/python3.10/site-packages/airflow/example_dags/example_sla_dag.py
[2023-12-03T23:39:53.858+0000] {logging_mixin.py:154} INFO - [2023-12-03T23:39:53.858+0000] {dag.py:2941} INFO - Sync 1 DAGs
[2023-12-03T23:39:53.883+0000] {logging_mixin.py:154} INFO - [2023-12-03T23:39:53.882+0000] {dag.py:3722} INFO - Setting next_dagrun for example_sla_dag to 2023-12-03T23:36:00+00:00, run_after=2023-12-03T23:38:00+00:00
[2023-12-03T23:39:53.904+0000] {processor.py:179} INFO - Processing /home/ubuntu/redfin/lib/python3.10/site-packages/airflow/example_dags/example_sla_dag.py took 0.079 seconds
[2023-12-03T23:40:42.332+0000] {processor.py:157} INFO - Started process (PID=5914) to work on /home/ubuntu/redfin/lib/python3.10/site-packages/airflow/example_dags/example_sla_dag.py
[2023-12-03T23:40:42.333+0000] {processor.py:829} INFO - Processing file /home/ubuntu/redfin/lib/python3.10/site-packages/airflow/example_dags/example_sla_dag.py for tasks to queue
[2023-12-03T23:40:42.334+0000] {logging_mixin.py:154} INFO - [2023-12-03T23:40:42.334+0000] {dagbag.py:536} INFO - Filling up the DagBag from /home/ubuntu/redfin/lib/python3.10/site-packages/airflow/example_dags/example_sla_dag.py
[2023-12-03T23:40:42.345+0000] {processor.py:839} INFO - DAG(s) dict_keys(['example_sla_dag']) retrieved from /home/ubuntu/redfin/lib/python3.10/site-packages/airflow/example_dags/example_sla_dag.py
[2023-12-03T23:40:42.363+0000] {logging_mixin.py:154} INFO - [2023-12-03T23:40:42.363+0000] {dag.py:2941} INFO - Sync 1 DAGs
[2023-12-03T23:40:42.388+0000] {logging_mixin.py:154} INFO - [2023-12-03T23:40:42.388+0000] {dag.py:3722} INFO - Setting next_dagrun for example_sla_dag to 2023-12-03T23:38:00+00:00, run_after=2023-12-03T23:40:00+00:00
[2023-12-03T23:40:42.411+0000] {processor.py:179} INFO - Processing /home/ubuntu/redfin/lib/python3.10/site-packages/airflow/example_dags/example_sla_dag.py took 0.083 seconds
[2023-12-03T23:41:33.751+0000] {processor.py:157} INFO - Started process (PID=5971) to work on /home/ubuntu/redfin/lib/python3.10/site-packages/airflow/example_dags/example_sla_dag.py
[2023-12-03T23:41:33.753+0000] {processor.py:829} INFO - Processing file /home/ubuntu/redfin/lib/python3.10/site-packages/airflow/example_dags/example_sla_dag.py for tasks to queue
[2023-12-03T23:41:33.753+0000] {logging_mixin.py:154} INFO - [2023-12-03T23:41:33.753+0000] {dagbag.py:536} INFO - Filling up the DagBag from /home/ubuntu/redfin/lib/python3.10/site-packages/airflow/example_dags/example_sla_dag.py
[2023-12-03T23:41:33.763+0000] {processor.py:839} INFO - DAG(s) dict_keys(['example_sla_dag']) retrieved from /home/ubuntu/redfin/lib/python3.10/site-packages/airflow/example_dags/example_sla_dag.py
[2023-12-03T23:41:33.782+0000] {logging_mixin.py:154} INFO - [2023-12-03T23:41:33.782+0000] {dag.py:2941} INFO - Sync 1 DAGs
[2023-12-03T23:41:33.808+0000] {logging_mixin.py:154} INFO - [2023-12-03T23:41:33.808+0000] {dag.py:3722} INFO - Setting next_dagrun for example_sla_dag to 2023-12-03T23:38:00+00:00, run_after=2023-12-03T23:40:00+00:00
[2023-12-03T23:41:33.831+0000] {processor.py:179} INFO - Processing /home/ubuntu/redfin/lib/python3.10/site-packages/airflow/example_dags/example_sla_dag.py took 0.083 seconds
[2023-12-03T23:42:17.824+0000] {processor.py:157} INFO - Started process (PID=6020) to work on /home/ubuntu/redfin/lib/python3.10/site-packages/airflow/example_dags/example_sla_dag.py
[2023-12-03T23:42:17.825+0000] {processor.py:829} INFO - Processing file /home/ubuntu/redfin/lib/python3.10/site-packages/airflow/example_dags/example_sla_dag.py for tasks to queue
[2023-12-03T23:42:17.826+0000] {logging_mixin.py:154} INFO - [2023-12-03T23:42:17.826+0000] {dagbag.py:536} INFO - Filling up the DagBag from /home/ubuntu/redfin/lib/python3.10/site-packages/airflow/example_dags/example_sla_dag.py
[2023-12-03T23:42:17.836+0000] {processor.py:839} INFO - DAG(s) dict_keys(['example_sla_dag']) retrieved from /home/ubuntu/redfin/lib/python3.10/site-packages/airflow/example_dags/example_sla_dag.py
[2023-12-03T23:42:17.853+0000] {logging_mixin.py:154} INFO - [2023-12-03T23:42:17.853+0000] {dag.py:2941} INFO - Sync 1 DAGs
[2023-12-03T23:42:17.878+0000] {logging_mixin.py:154} INFO - [2023-12-03T23:42:17.878+0000] {dag.py:3722} INFO - Setting next_dagrun for example_sla_dag to 2023-12-03T23:40:00+00:00, run_after=2023-12-03T23:42:00+00:00
[2023-12-03T23:42:17.900+0000] {processor.py:179} INFO - Processing /home/ubuntu/redfin/lib/python3.10/site-packages/airflow/example_dags/example_sla_dag.py took 0.079 seconds
[2023-12-03T23:43:06.395+0000] {processor.py:157} INFO - Started process (PID=6072) to work on /home/ubuntu/redfin/lib/python3.10/site-packages/airflow/example_dags/example_sla_dag.py
[2023-12-03T23:43:06.397+0000] {processor.py:829} INFO - Processing file /home/ubuntu/redfin/lib/python3.10/site-packages/airflow/example_dags/example_sla_dag.py for tasks to queue
[2023-12-03T23:43:06.398+0000] {logging_mixin.py:154} INFO - [2023-12-03T23:43:06.397+0000] {dagbag.py:536} INFO - Filling up the DagBag from /home/ubuntu/redfin/lib/python3.10/site-packages/airflow/example_dags/example_sla_dag.py
[2023-12-03T23:43:06.408+0000] {processor.py:839} INFO - DAG(s) dict_keys(['example_sla_dag']) retrieved from /home/ubuntu/redfin/lib/python3.10/site-packages/airflow/example_dags/example_sla_dag.py
[2023-12-03T23:43:06.426+0000] {logging_mixin.py:154} INFO - [2023-12-03T23:43:06.426+0000] {dag.py:2941} INFO - Sync 1 DAGs
[2023-12-03T23:43:06.450+0000] {logging_mixin.py:154} INFO - [2023-12-03T23:43:06.450+0000] {dag.py:3722} INFO - Setting next_dagrun for example_sla_dag to 2023-12-03T23:40:00+00:00, run_after=2023-12-03T23:42:00+00:00
[2023-12-03T23:43:06.472+0000] {processor.py:179} INFO - Processing /home/ubuntu/redfin/lib/python3.10/site-packages/airflow/example_dags/example_sla_dag.py took 0.081 seconds
[2023-12-03T23:43:53.620+0000] {processor.py:157} INFO - Started process (PID=6123) to work on /home/ubuntu/redfin/lib/python3.10/site-packages/airflow/example_dags/example_sla_dag.py
[2023-12-03T23:43:53.621+0000] {processor.py:829} INFO - Processing file /home/ubuntu/redfin/lib/python3.10/site-packages/airflow/example_dags/example_sla_dag.py for tasks to queue
[2023-12-03T23:43:53.622+0000] {logging_mixin.py:154} INFO - [2023-12-03T23:43:53.622+0000] {dagbag.py:536} INFO - Filling up the DagBag from /home/ubuntu/redfin/lib/python3.10/site-packages/airflow/example_dags/example_sla_dag.py
[2023-12-03T23:43:53.632+0000] {processor.py:839} INFO - DAG(s) dict_keys(['example_sla_dag']) retrieved from /home/ubuntu/redfin/lib/python3.10/site-packages/airflow/example_dags/example_sla_dag.py
[2023-12-03T23:43:53.649+0000] {logging_mixin.py:154} INFO - [2023-12-03T23:43:53.649+0000] {dag.py:2941} INFO - Sync 1 DAGs
[2023-12-03T23:43:53.674+0000] {logging_mixin.py:154} INFO - [2023-12-03T23:43:53.674+0000] {dag.py:3722} INFO - Setting next_dagrun for example_sla_dag to 2023-12-03T23:40:00+00:00, run_after=2023-12-03T23:42:00+00:00
[2023-12-03T23:43:53.697+0000] {processor.py:179} INFO - Processing /home/ubuntu/redfin/lib/python3.10/site-packages/airflow/example_dags/example_sla_dag.py took 0.080 seconds
[2023-12-03T23:44:38.128+0000] {processor.py:157} INFO - Started process (PID=6550) to work on /home/ubuntu/redfin/lib/python3.10/site-packages/airflow/example_dags/example_sla_dag.py
[2023-12-03T23:44:38.129+0000] {processor.py:829} INFO - Processing file /home/ubuntu/redfin/lib/python3.10/site-packages/airflow/example_dags/example_sla_dag.py for tasks to queue
[2023-12-03T23:44:38.130+0000] {logging_mixin.py:154} INFO - [2023-12-03T23:44:38.130+0000] {dagbag.py:536} INFO - Filling up the DagBag from /home/ubuntu/redfin/lib/python3.10/site-packages/airflow/example_dags/example_sla_dag.py
[2023-12-03T23:44:38.140+0000] {processor.py:839} INFO - DAG(s) dict_keys(['example_sla_dag']) retrieved from /home/ubuntu/redfin/lib/python3.10/site-packages/airflow/example_dags/example_sla_dag.py
[2023-12-03T23:44:38.158+0000] {logging_mixin.py:154} INFO - [2023-12-03T23:44:38.158+0000] {dag.py:2941} INFO - Sync 1 DAGs
[2023-12-03T23:44:38.183+0000] {logging_mixin.py:154} INFO - [2023-12-03T23:44:38.183+0000] {dag.py:3722} INFO - Setting next_dagrun for example_sla_dag to 2023-12-03T23:42:00+00:00, run_after=2023-12-03T23:44:00+00:00
[2023-12-03T23:44:38.214+0000] {processor.py:179} INFO - Processing /home/ubuntu/redfin/lib/python3.10/site-packages/airflow/example_dags/example_sla_dag.py took 0.090 seconds
[2023-12-03T23:45:18.091+0000] {processor.py:157} INFO - Started process (PID=6627) to work on /home/ubuntu/redfin/lib/python3.10/site-packages/airflow/example_dags/example_sla_dag.py
[2023-12-03T23:45:18.093+0000] {processor.py:829} INFO - Processing file /home/ubuntu/redfin/lib/python3.10/site-packages/airflow/example_dags/example_sla_dag.py for tasks to queue
[2023-12-03T23:45:18.094+0000] {logging_mixin.py:154} INFO - [2023-12-03T23:45:18.093+0000] {dagbag.py:536} INFO - Filling up the DagBag from /home/ubuntu/redfin/lib/python3.10/site-packages/airflow/example_dags/example_sla_dag.py
[2023-12-03T23:45:18.103+0000] {processor.py:839} INFO - DAG(s) dict_keys(['example_sla_dag']) retrieved from /home/ubuntu/redfin/lib/python3.10/site-packages/airflow/example_dags/example_sla_dag.py
[2023-12-03T23:45:18.121+0000] {logging_mixin.py:154} INFO - [2023-12-03T23:45:18.121+0000] {dag.py:2941} INFO - Sync 1 DAGs
[2023-12-03T23:45:18.145+0000] {logging_mixin.py:154} INFO - [2023-12-03T23:45:18.145+0000] {dag.py:3722} INFO - Setting next_dagrun for example_sla_dag to 2023-12-03T23:42:00+00:00, run_after=2023-12-03T23:44:00+00:00
[2023-12-03T23:45:18.169+0000] {processor.py:179} INFO - Processing /home/ubuntu/redfin/lib/python3.10/site-packages/airflow/example_dags/example_sla_dag.py took 0.081 seconds
[2023-12-03T23:46:03.298+0000] {processor.py:157} INFO - Started process (PID=6681) to work on /home/ubuntu/redfin/lib/python3.10/site-packages/airflow/example_dags/example_sla_dag.py
[2023-12-03T23:46:03.299+0000] {processor.py:829} INFO - Processing file /home/ubuntu/redfin/lib/python3.10/site-packages/airflow/example_dags/example_sla_dag.py for tasks to queue
[2023-12-03T23:46:03.300+0000] {logging_mixin.py:154} INFO - [2023-12-03T23:46:03.300+0000] {dagbag.py:536} INFO - Filling up the DagBag from /home/ubuntu/redfin/lib/python3.10/site-packages/airflow/example_dags/example_sla_dag.py
[2023-12-03T23:46:03.310+0000] {processor.py:839} INFO - DAG(s) dict_keys(['example_sla_dag']) retrieved from /home/ubuntu/redfin/lib/python3.10/site-packages/airflow/example_dags/example_sla_dag.py
[2023-12-03T23:46:03.328+0000] {logging_mixin.py:154} INFO - [2023-12-03T23:46:03.328+0000] {dag.py:2941} INFO - Sync 1 DAGs
[2023-12-03T23:46:03.353+0000] {logging_mixin.py:154} INFO - [2023-12-03T23:46:03.352+0000] {dag.py:3722} INFO - Setting next_dagrun for example_sla_dag to 2023-12-03T23:44:00+00:00, run_after=2023-12-03T23:46:00+00:00
[2023-12-03T23:46:03.375+0000] {processor.py:179} INFO - Processing /home/ubuntu/redfin/lib/python3.10/site-packages/airflow/example_dags/example_sla_dag.py took 0.081 seconds
[2023-12-03T23:46:49.755+0000] {processor.py:157} INFO - Started process (PID=6733) to work on /home/ubuntu/redfin/lib/python3.10/site-packages/airflow/example_dags/example_sla_dag.py
[2023-12-03T23:46:49.756+0000] {processor.py:829} INFO - Processing file /home/ubuntu/redfin/lib/python3.10/site-packages/airflow/example_dags/example_sla_dag.py for tasks to queue
[2023-12-03T23:46:49.757+0000] {logging_mixin.py:154} INFO - [2023-12-03T23:46:49.757+0000] {dagbag.py:536} INFO - Filling up the DagBag from /home/ubuntu/redfin/lib/python3.10/site-packages/airflow/example_dags/example_sla_dag.py
[2023-12-03T23:46:49.768+0000] {processor.py:839} INFO - DAG(s) dict_keys(['example_sla_dag']) retrieved from /home/ubuntu/redfin/lib/python3.10/site-packages/airflow/example_dags/example_sla_dag.py
[2023-12-03T23:46:49.786+0000] {logging_mixin.py:154} INFO - [2023-12-03T23:46:49.786+0000] {dag.py:2941} INFO - Sync 1 DAGs
[2023-12-03T23:46:49.811+0000] {logging_mixin.py:154} INFO - [2023-12-03T23:46:49.811+0000] {dag.py:3722} INFO - Setting next_dagrun for example_sla_dag to 2023-12-03T23:44:00+00:00, run_after=2023-12-03T23:46:00+00:00
[2023-12-03T23:46:49.835+0000] {processor.py:179} INFO - Processing /home/ubuntu/redfin/lib/python3.10/site-packages/airflow/example_dags/example_sla_dag.py took 0.084 seconds
[2023-12-03T23:47:37.971+0000] {processor.py:157} INFO - Started process (PID=6792) to work on /home/ubuntu/redfin/lib/python3.10/site-packages/airflow/example_dags/example_sla_dag.py
[2023-12-03T23:47:37.973+0000] {processor.py:829} INFO - Processing file /home/ubuntu/redfin/lib/python3.10/site-packages/airflow/example_dags/example_sla_dag.py for tasks to queue
[2023-12-03T23:47:37.974+0000] {logging_mixin.py:154} INFO - [2023-12-03T23:47:37.973+0000] {dagbag.py:536} INFO - Filling up the DagBag from /home/ubuntu/redfin/lib/python3.10/site-packages/airflow/example_dags/example_sla_dag.py
[2023-12-03T23:47:37.984+0000] {processor.py:839} INFO - DAG(s) dict_keys(['example_sla_dag']) retrieved from /home/ubuntu/redfin/lib/python3.10/site-packages/airflow/example_dags/example_sla_dag.py
[2023-12-03T23:47:38.002+0000] {logging_mixin.py:154} INFO - [2023-12-03T23:47:38.001+0000] {dag.py:2941} INFO - Sync 1 DAGs
[2023-12-03T23:47:38.025+0000] {logging_mixin.py:154} INFO - [2023-12-03T23:47:38.025+0000] {dag.py:3722} INFO - Setting next_dagrun for example_sla_dag to 2023-12-03T23:44:00+00:00, run_after=2023-12-03T23:46:00+00:00
[2023-12-03T23:47:38.053+0000] {processor.py:179} INFO - Processing /home/ubuntu/redfin/lib/python3.10/site-packages/airflow/example_dags/example_sla_dag.py took 0.085 seconds
[2023-12-03T23:48:26.650+0000] {processor.py:157} INFO - Started process (PID=6874) to work on /home/ubuntu/redfin/lib/python3.10/site-packages/airflow/example_dags/example_sla_dag.py
[2023-12-03T23:48:26.651+0000] {processor.py:829} INFO - Processing file /home/ubuntu/redfin/lib/python3.10/site-packages/airflow/example_dags/example_sla_dag.py for tasks to queue
[2023-12-03T23:48:26.652+0000] {logging_mixin.py:154} INFO - [2023-12-03T23:48:26.651+0000] {dagbag.py:536} INFO - Filling up the DagBag from /home/ubuntu/redfin/lib/python3.10/site-packages/airflow/example_dags/example_sla_dag.py
[2023-12-03T23:48:26.662+0000] {processor.py:839} INFO - DAG(s) dict_keys(['example_sla_dag']) retrieved from /home/ubuntu/redfin/lib/python3.10/site-packages/airflow/example_dags/example_sla_dag.py
[2023-12-03T23:48:26.680+0000] {logging_mixin.py:154} INFO - [2023-12-03T23:48:26.679+0000] {dag.py:2941} INFO - Sync 1 DAGs
[2023-12-03T23:48:26.705+0000] {logging_mixin.py:154} INFO - [2023-12-03T23:48:26.705+0000] {dag.py:3722} INFO - Setting next_dagrun for example_sla_dag to 2023-12-03T23:46:00+00:00, run_after=2023-12-03T23:48:00+00:00
[2023-12-03T23:48:26.728+0000] {processor.py:179} INFO - Processing /home/ubuntu/redfin/lib/python3.10/site-packages/airflow/example_dags/example_sla_dag.py took 0.082 seconds
[2023-12-03T23:49:17.367+0000] {processor.py:157} INFO - Started process (PID=6929) to work on /home/ubuntu/redfin/lib/python3.10/site-packages/airflow/example_dags/example_sla_dag.py
[2023-12-03T23:49:17.369+0000] {processor.py:829} INFO - Processing file /home/ubuntu/redfin/lib/python3.10/site-packages/airflow/example_dags/example_sla_dag.py for tasks to queue
[2023-12-03T23:49:17.369+0000] {logging_mixin.py:154} INFO - [2023-12-03T23:49:17.369+0000] {dagbag.py:536} INFO - Filling up the DagBag from /home/ubuntu/redfin/lib/python3.10/site-packages/airflow/example_dags/example_sla_dag.py
[2023-12-03T23:49:17.379+0000] {processor.py:839} INFO - DAG(s) dict_keys(['example_sla_dag']) retrieved from /home/ubuntu/redfin/lib/python3.10/site-packages/airflow/example_dags/example_sla_dag.py
[2023-12-03T23:49:17.396+0000] {logging_mixin.py:154} INFO - [2023-12-03T23:49:17.396+0000] {dag.py:2941} INFO - Sync 1 DAGs
[2023-12-03T23:49:17.420+0000] {logging_mixin.py:154} INFO - [2023-12-03T23:49:17.420+0000] {dag.py:3722} INFO - Setting next_dagrun for example_sla_dag to 2023-12-03T23:46:00+00:00, run_after=2023-12-03T23:48:00+00:00
[2023-12-03T23:49:17.442+0000] {processor.py:179} INFO - Processing /home/ubuntu/redfin/lib/python3.10/site-packages/airflow/example_dags/example_sla_dag.py took 0.079 seconds
[2023-12-03T23:50:05.801+0000] {processor.py:157} INFO - Started process (PID=6984) to work on /home/ubuntu/redfin/lib/python3.10/site-packages/airflow/example_dags/example_sla_dag.py
[2023-12-03T23:50:05.802+0000] {processor.py:829} INFO - Processing file /home/ubuntu/redfin/lib/python3.10/site-packages/airflow/example_dags/example_sla_dag.py for tasks to queue
[2023-12-03T23:50:05.803+0000] {logging_mixin.py:154} INFO - [2023-12-03T23:50:05.803+0000] {dagbag.py:536} INFO - Filling up the DagBag from /home/ubuntu/redfin/lib/python3.10/site-packages/airflow/example_dags/example_sla_dag.py
[2023-12-03T23:50:05.813+0000] {processor.py:839} INFO - DAG(s) dict_keys(['example_sla_dag']) retrieved from /home/ubuntu/redfin/lib/python3.10/site-packages/airflow/example_dags/example_sla_dag.py
[2023-12-03T23:50:05.831+0000] {logging_mixin.py:154} INFO - [2023-12-03T23:50:05.831+0000] {dag.py:2941} INFO - Sync 1 DAGs
[2023-12-03T23:50:05.856+0000] {logging_mixin.py:154} INFO - [2023-12-03T23:50:05.856+0000] {dag.py:3722} INFO - Setting next_dagrun for example_sla_dag to 2023-12-03T23:48:00+00:00, run_after=2023-12-03T23:50:00+00:00
[2023-12-03T23:50:05.877+0000] {processor.py:179} INFO - Processing /home/ubuntu/redfin/lib/python3.10/site-packages/airflow/example_dags/example_sla_dag.py took 0.080 seconds
[2023-12-03T23:50:53.716+0000] {processor.py:157} INFO - Started process (PID=7036) to work on /home/ubuntu/redfin/lib/python3.10/site-packages/airflow/example_dags/example_sla_dag.py
[2023-12-03T23:50:53.718+0000] {processor.py:829} INFO - Processing file /home/ubuntu/redfin/lib/python3.10/site-packages/airflow/example_dags/example_sla_dag.py for tasks to queue
[2023-12-03T23:50:53.718+0000] {logging_mixin.py:154} INFO - [2023-12-03T23:50:53.718+0000] {dagbag.py:536} INFO - Filling up the DagBag from /home/ubuntu/redfin/lib/python3.10/site-packages/airflow/example_dags/example_sla_dag.py
[2023-12-03T23:50:53.729+0000] {processor.py:839} INFO - DAG(s) dict_keys(['example_sla_dag']) retrieved from /home/ubuntu/redfin/lib/python3.10/site-packages/airflow/example_dags/example_sla_dag.py
[2023-12-03T23:50:53.747+0000] {logging_mixin.py:154} INFO - [2023-12-03T23:50:53.747+0000] {dag.py:2941} INFO - Sync 1 DAGs
[2023-12-03T23:50:53.773+0000] {logging_mixin.py:154} INFO - [2023-12-03T23:50:53.773+0000] {dag.py:3722} INFO - Setting next_dagrun for example_sla_dag to 2023-12-03T23:48:00+00:00, run_after=2023-12-03T23:50:00+00:00
[2023-12-03T23:50:53.795+0000] {processor.py:179} INFO - Processing /home/ubuntu/redfin/lib/python3.10/site-packages/airflow/example_dags/example_sla_dag.py took 0.083 seconds
[2023-12-03T23:51:38.966+0000] {processor.py:157} INFO - Started process (PID=7089) to work on /home/ubuntu/redfin/lib/python3.10/site-packages/airflow/example_dags/example_sla_dag.py
[2023-12-03T23:51:38.968+0000] {processor.py:829} INFO - Processing file /home/ubuntu/redfin/lib/python3.10/site-packages/airflow/example_dags/example_sla_dag.py for tasks to queue
[2023-12-03T23:51:38.968+0000] {logging_mixin.py:154} INFO - [2023-12-03T23:51:38.968+0000] {dagbag.py:536} INFO - Filling up the DagBag from /home/ubuntu/redfin/lib/python3.10/site-packages/airflow/example_dags/example_sla_dag.py
[2023-12-03T23:51:38.979+0000] {processor.py:839} INFO - DAG(s) dict_keys(['example_sla_dag']) retrieved from /home/ubuntu/redfin/lib/python3.10/site-packages/airflow/example_dags/example_sla_dag.py
[2023-12-03T23:51:38.999+0000] {logging_mixin.py:154} INFO - [2023-12-03T23:51:38.999+0000] {dag.py:2941} INFO - Sync 1 DAGs
[2023-12-03T23:51:39.027+0000] {logging_mixin.py:154} INFO - [2023-12-03T23:51:39.027+0000] {dag.py:3722} INFO - Setting next_dagrun for example_sla_dag to 2023-12-03T23:48:00+00:00, run_after=2023-12-03T23:50:00+00:00
[2023-12-03T23:51:39.052+0000] {processor.py:179} INFO - Processing /home/ubuntu/redfin/lib/python3.10/site-packages/airflow/example_dags/example_sla_dag.py took 0.089 seconds
[2023-12-03T23:52:30.597+0000] {processor.py:157} INFO - Started process (PID=7143) to work on /home/ubuntu/redfin/lib/python3.10/site-packages/airflow/example_dags/example_sla_dag.py
[2023-12-03T23:52:30.598+0000] {processor.py:829} INFO - Processing file /home/ubuntu/redfin/lib/python3.10/site-packages/airflow/example_dags/example_sla_dag.py for tasks to queue
[2023-12-03T23:52:30.599+0000] {logging_mixin.py:154} INFO - [2023-12-03T23:52:30.599+0000] {dagbag.py:536} INFO - Filling up the DagBag from /home/ubuntu/redfin/lib/python3.10/site-packages/airflow/example_dags/example_sla_dag.py
[2023-12-03T23:52:30.609+0000] {processor.py:839} INFO - DAG(s) dict_keys(['example_sla_dag']) retrieved from /home/ubuntu/redfin/lib/python3.10/site-packages/airflow/example_dags/example_sla_dag.py
[2023-12-03T23:52:30.627+0000] {logging_mixin.py:154} INFO - [2023-12-03T23:52:30.626+0000] {dag.py:2941} INFO - Sync 1 DAGs
[2023-12-03T23:52:30.652+0000] {logging_mixin.py:154} INFO - [2023-12-03T23:52:30.651+0000] {dag.py:3722} INFO - Setting next_dagrun for example_sla_dag to 2023-12-03T23:50:00+00:00, run_after=2023-12-03T23:52:00+00:00
[2023-12-03T23:52:30.674+0000] {processor.py:179} INFO - Processing /home/ubuntu/redfin/lib/python3.10/site-packages/airflow/example_dags/example_sla_dag.py took 0.081 seconds
[2023-12-03T23:53:20.643+0000] {processor.py:157} INFO - Started process (PID=7197) to work on /home/ubuntu/redfin/lib/python3.10/site-packages/airflow/example_dags/example_sla_dag.py
[2023-12-03T23:53:20.644+0000] {processor.py:829} INFO - Processing file /home/ubuntu/redfin/lib/python3.10/site-packages/airflow/example_dags/example_sla_dag.py for tasks to queue
[2023-12-03T23:53:20.645+0000] {logging_mixin.py:154} INFO - [2023-12-03T23:53:20.645+0000] {dagbag.py:536} INFO - Filling up the DagBag from /home/ubuntu/redfin/lib/python3.10/site-packages/airflow/example_dags/example_sla_dag.py
[2023-12-03T23:53:20.655+0000] {processor.py:839} INFO - DAG(s) dict_keys(['example_sla_dag']) retrieved from /home/ubuntu/redfin/lib/python3.10/site-packages/airflow/example_dags/example_sla_dag.py
[2023-12-03T23:53:20.673+0000] {logging_mixin.py:154} INFO - [2023-12-03T23:53:20.673+0000] {dag.py:2941} INFO - Sync 1 DAGs
[2023-12-03T23:53:20.699+0000] {logging_mixin.py:154} INFO - [2023-12-03T23:53:20.699+0000] {dag.py:3722} INFO - Setting next_dagrun for example_sla_dag to 2023-12-03T23:50:00+00:00, run_after=2023-12-03T23:52:00+00:00
[2023-12-03T23:53:20.723+0000] {processor.py:179} INFO - Processing /home/ubuntu/redfin/lib/python3.10/site-packages/airflow/example_dags/example_sla_dag.py took 0.084 seconds
[2023-12-03T23:54:07.224+0000] {processor.py:157} INFO - Started process (PID=7249) to work on /home/ubuntu/redfin/lib/python3.10/site-packages/airflow/example_dags/example_sla_dag.py
[2023-12-03T23:54:07.225+0000] {processor.py:829} INFO - Processing file /home/ubuntu/redfin/lib/python3.10/site-packages/airflow/example_dags/example_sla_dag.py for tasks to queue
[2023-12-03T23:54:07.226+0000] {logging_mixin.py:154} INFO - [2023-12-03T23:54:07.226+0000] {dagbag.py:536} INFO - Filling up the DagBag from /home/ubuntu/redfin/lib/python3.10/site-packages/airflow/example_dags/example_sla_dag.py
[2023-12-03T23:54:07.236+0000] {processor.py:839} INFO - DAG(s) dict_keys(['example_sla_dag']) retrieved from /home/ubuntu/redfin/lib/python3.10/site-packages/airflow/example_dags/example_sla_dag.py
[2023-12-03T23:54:07.254+0000] {logging_mixin.py:154} INFO - [2023-12-03T23:54:07.254+0000] {dag.py:2941} INFO - Sync 1 DAGs
[2023-12-03T23:54:07.278+0000] {logging_mixin.py:154} INFO - [2023-12-03T23:54:07.278+0000] {dag.py:3722} INFO - Setting next_dagrun for example_sla_dag to 2023-12-03T23:52:00+00:00, run_after=2023-12-03T23:54:00+00:00
[2023-12-03T23:54:07.301+0000] {processor.py:179} INFO - Processing /home/ubuntu/redfin/lib/python3.10/site-packages/airflow/example_dags/example_sla_dag.py took 0.081 seconds
[2023-12-03T23:54:55.487+0000] {processor.py:157} INFO - Started process (PID=7303) to work on /home/ubuntu/redfin/lib/python3.10/site-packages/airflow/example_dags/example_sla_dag.py
[2023-12-03T23:54:55.488+0000] {processor.py:829} INFO - Processing file /home/ubuntu/redfin/lib/python3.10/site-packages/airflow/example_dags/example_sla_dag.py for tasks to queue
[2023-12-03T23:54:55.489+0000] {logging_mixin.py:154} INFO - [2023-12-03T23:54:55.488+0000] {dagbag.py:536} INFO - Filling up the DagBag from /home/ubuntu/redfin/lib/python3.10/site-packages/airflow/example_dags/example_sla_dag.py
[2023-12-03T23:54:55.499+0000] {processor.py:839} INFO - DAG(s) dict_keys(['example_sla_dag']) retrieved from /home/ubuntu/redfin/lib/python3.10/site-packages/airflow/example_dags/example_sla_dag.py
[2023-12-03T23:54:55.516+0000] {logging_mixin.py:154} INFO - [2023-12-03T23:54:55.516+0000] {dag.py:2941} INFO - Sync 1 DAGs
[2023-12-03T23:54:55.542+0000] {logging_mixin.py:154} INFO - [2023-12-03T23:54:55.541+0000] {dag.py:3722} INFO - Setting next_dagrun for example_sla_dag to 2023-12-03T23:52:00+00:00, run_after=2023-12-03T23:54:00+00:00
[2023-12-03T23:54:55.564+0000] {processor.py:179} INFO - Processing /home/ubuntu/redfin/lib/python3.10/site-packages/airflow/example_dags/example_sla_dag.py took 0.081 seconds
[2023-12-03T23:55:41.955+0000] {processor.py:157} INFO - Started process (PID=7354) to work on /home/ubuntu/redfin/lib/python3.10/site-packages/airflow/example_dags/example_sla_dag.py
[2023-12-03T23:55:41.956+0000] {processor.py:829} INFO - Processing file /home/ubuntu/redfin/lib/python3.10/site-packages/airflow/example_dags/example_sla_dag.py for tasks to queue
[2023-12-03T23:55:41.957+0000] {logging_mixin.py:154} INFO - [2023-12-03T23:55:41.957+0000] {dagbag.py:536} INFO - Filling up the DagBag from /home/ubuntu/redfin/lib/python3.10/site-packages/airflow/example_dags/example_sla_dag.py
[2023-12-03T23:55:41.967+0000] {processor.py:839} INFO - DAG(s) dict_keys(['example_sla_dag']) retrieved from /home/ubuntu/redfin/lib/python3.10/site-packages/airflow/example_dags/example_sla_dag.py
[2023-12-03T23:55:41.986+0000] {logging_mixin.py:154} INFO - [2023-12-03T23:55:41.985+0000] {dag.py:2941} INFO - Sync 1 DAGs
[2023-12-03T23:55:42.010+0000] {logging_mixin.py:154} INFO - [2023-12-03T23:55:42.010+0000] {dag.py:3722} INFO - Setting next_dagrun for example_sla_dag to 2023-12-03T23:52:00+00:00, run_after=2023-12-03T23:54:00+00:00
[2023-12-03T23:55:42.032+0000] {processor.py:179} INFO - Processing /home/ubuntu/redfin/lib/python3.10/site-packages/airflow/example_dags/example_sla_dag.py took 0.081 seconds
[2023-12-03T23:56:32.929+0000] {processor.py:157} INFO - Started process (PID=7409) to work on /home/ubuntu/redfin/lib/python3.10/site-packages/airflow/example_dags/example_sla_dag.py
[2023-12-03T23:56:32.931+0000] {processor.py:829} INFO - Processing file /home/ubuntu/redfin/lib/python3.10/site-packages/airflow/example_dags/example_sla_dag.py for tasks to queue
[2023-12-03T23:56:32.932+0000] {logging_mixin.py:154} INFO - [2023-12-03T23:56:32.931+0000] {dagbag.py:536} INFO - Filling up the DagBag from /home/ubuntu/redfin/lib/python3.10/site-packages/airflow/example_dags/example_sla_dag.py
[2023-12-03T23:56:32.942+0000] {processor.py:839} INFO - DAG(s) dict_keys(['example_sla_dag']) retrieved from /home/ubuntu/redfin/lib/python3.10/site-packages/airflow/example_dags/example_sla_dag.py
[2023-12-03T23:56:32.961+0000] {logging_mixin.py:154} INFO - [2023-12-03T23:56:32.961+0000] {dag.py:2941} INFO - Sync 1 DAGs
[2023-12-03T23:56:32.986+0000] {logging_mixin.py:154} INFO - [2023-12-03T23:56:32.986+0000] {dag.py:3722} INFO - Setting next_dagrun for example_sla_dag to 2023-12-03T23:54:00+00:00, run_after=2023-12-03T23:56:00+00:00
[2023-12-03T23:56:33.009+0000] {processor.py:179} INFO - Processing /home/ubuntu/redfin/lib/python3.10/site-packages/airflow/example_dags/example_sla_dag.py took 0.084 seconds
[2023-12-03T23:57:19.988+0000] {processor.py:157} INFO - Started process (PID=7461) to work on /home/ubuntu/redfin/lib/python3.10/site-packages/airflow/example_dags/example_sla_dag.py
[2023-12-03T23:57:19.989+0000] {processor.py:829} INFO - Processing file /home/ubuntu/redfin/lib/python3.10/site-packages/airflow/example_dags/example_sla_dag.py for tasks to queue
[2023-12-03T23:57:19.990+0000] {logging_mixin.py:154} INFO - [2023-12-03T23:57:19.990+0000] {dagbag.py:536} INFO - Filling up the DagBag from /home/ubuntu/redfin/lib/python3.10/site-packages/airflow/example_dags/example_sla_dag.py
[2023-12-03T23:57:20.000+0000] {processor.py:839} INFO - DAG(s) dict_keys(['example_sla_dag']) retrieved from /home/ubuntu/redfin/lib/python3.10/site-packages/airflow/example_dags/example_sla_dag.py
[2023-12-03T23:57:20.018+0000] {logging_mixin.py:154} INFO - [2023-12-03T23:57:20.018+0000] {dag.py:2941} INFO - Sync 1 DAGs
[2023-12-03T23:57:20.043+0000] {logging_mixin.py:154} INFO - [2023-12-03T23:57:20.043+0000] {dag.py:3722} INFO - Setting next_dagrun for example_sla_dag to 2023-12-03T23:54:00+00:00, run_after=2023-12-03T23:56:00+00:00
[2023-12-03T23:57:20.065+0000] {processor.py:179} INFO - Processing /home/ubuntu/redfin/lib/python3.10/site-packages/airflow/example_dags/example_sla_dag.py took 0.080 seconds
[2023-12-03T23:58:03.122+0000] {processor.py:157} INFO - Started process (PID=7510) to work on /home/ubuntu/redfin/lib/python3.10/site-packages/airflow/example_dags/example_sla_dag.py
[2023-12-03T23:58:03.123+0000] {processor.py:829} INFO - Processing file /home/ubuntu/redfin/lib/python3.10/site-packages/airflow/example_dags/example_sla_dag.py for tasks to queue
[2023-12-03T23:58:03.124+0000] {logging_mixin.py:154} INFO - [2023-12-03T23:58:03.124+0000] {dagbag.py:536} INFO - Filling up the DagBag from /home/ubuntu/redfin/lib/python3.10/site-packages/airflow/example_dags/example_sla_dag.py
[2023-12-03T23:58:03.134+0000] {processor.py:839} INFO - DAG(s) dict_keys(['example_sla_dag']) retrieved from /home/ubuntu/redfin/lib/python3.10/site-packages/airflow/example_dags/example_sla_dag.py
[2023-12-03T23:58:03.152+0000] {logging_mixin.py:154} INFO - [2023-12-03T23:58:03.152+0000] {dag.py:2941} INFO - Sync 1 DAGs
[2023-12-03T23:58:03.176+0000] {logging_mixin.py:154} INFO - [2023-12-03T23:58:03.176+0000] {dag.py:3722} INFO - Setting next_dagrun for example_sla_dag to 2023-12-03T23:56:00+00:00, run_after=2023-12-03T23:58:00+00:00
[2023-12-03T23:58:03.200+0000] {processor.py:179} INFO - Processing /home/ubuntu/redfin/lib/python3.10/site-packages/airflow/example_dags/example_sla_dag.py took 0.081 seconds
[2023-12-03T23:58:48.531+0000] {processor.py:157} INFO - Started process (PID=7563) to work on /home/ubuntu/redfin/lib/python3.10/site-packages/airflow/example_dags/example_sla_dag.py
[2023-12-03T23:58:48.533+0000] {processor.py:829} INFO - Processing file /home/ubuntu/redfin/lib/python3.10/site-packages/airflow/example_dags/example_sla_dag.py for tasks to queue
[2023-12-03T23:58:48.534+0000] {logging_mixin.py:154} INFO - [2023-12-03T23:58:48.533+0000] {dagbag.py:536} INFO - Filling up the DagBag from /home/ubuntu/redfin/lib/python3.10/site-packages/airflow/example_dags/example_sla_dag.py
[2023-12-03T23:58:48.544+0000] {processor.py:839} INFO - DAG(s) dict_keys(['example_sla_dag']) retrieved from /home/ubuntu/redfin/lib/python3.10/site-packages/airflow/example_dags/example_sla_dag.py
[2023-12-03T23:58:48.561+0000] {logging_mixin.py:154} INFO - [2023-12-03T23:58:48.561+0000] {dag.py:2941} INFO - Sync 1 DAGs
[2023-12-03T23:58:48.586+0000] {logging_mixin.py:154} INFO - [2023-12-03T23:58:48.586+0000] {dag.py:3722} INFO - Setting next_dagrun for example_sla_dag to 2023-12-03T23:56:00+00:00, run_after=2023-12-03T23:58:00+00:00
[2023-12-03T23:58:48.608+0000] {processor.py:179} INFO - Processing /home/ubuntu/redfin/lib/python3.10/site-packages/airflow/example_dags/example_sla_dag.py took 0.080 seconds
[2023-12-03T23:59:36.072+0000] {processor.py:157} INFO - Started process (PID=7615) to work on /home/ubuntu/redfin/lib/python3.10/site-packages/airflow/example_dags/example_sla_dag.py
[2023-12-03T23:59:36.073+0000] {processor.py:829} INFO - Processing file /home/ubuntu/redfin/lib/python3.10/site-packages/airflow/example_dags/example_sla_dag.py for tasks to queue
[2023-12-03T23:59:36.074+0000] {logging_mixin.py:154} INFO - [2023-12-03T23:59:36.073+0000] {dagbag.py:536} INFO - Filling up the DagBag from /home/ubuntu/redfin/lib/python3.10/site-packages/airflow/example_dags/example_sla_dag.py
[2023-12-03T23:59:36.084+0000] {processor.py:839} INFO - DAG(s) dict_keys(['example_sla_dag']) retrieved from /home/ubuntu/redfin/lib/python3.10/site-packages/airflow/example_dags/example_sla_dag.py
[2023-12-03T23:59:36.101+0000] {logging_mixin.py:154} INFO - [2023-12-03T23:59:36.101+0000] {dag.py:2941} INFO - Sync 1 DAGs
[2023-12-03T23:59:36.126+0000] {logging_mixin.py:154} INFO - [2023-12-03T23:59:36.126+0000] {dag.py:3722} INFO - Setting next_dagrun for example_sla_dag to 2023-12-03T23:56:00+00:00, run_after=2023-12-03T23:58:00+00:00
[2023-12-03T23:59:36.149+0000] {processor.py:179} INFO - Processing /home/ubuntu/redfin/lib/python3.10/site-packages/airflow/example_dags/example_sla_dag.py took 0.081 seconds
