[2023-12-03T23:07:48.946+0000] {processor.py:157} INFO - Started process (PID=3752) to work on /home/ubuntu/redfin/lib/python3.10/site-packages/airflow/example_dags/example_task_group.py
[2023-12-03T23:07:48.947+0000] {processor.py:829} INFO - Processing file /home/ubuntu/redfin/lib/python3.10/site-packages/airflow/example_dags/example_task_group.py for tasks to queue
[2023-12-03T23:07:48.948+0000] {logging_mixin.py:154} INFO - [2023-12-03T23:07:48.948+0000] {dagbag.py:536} INFO - Filling up the DagBag from /home/ubuntu/redfin/lib/python3.10/site-packages/airflow/example_dags/example_task_group.py
[2023-12-03T23:07:48.961+0000] {processor.py:839} INFO - DAG(s) dict_keys(['example_task_group']) retrieved from /home/ubuntu/redfin/lib/python3.10/site-packages/airflow/example_dags/example_task_group.py
[2023-12-03T23:07:49.080+0000] {logging_mixin.py:154} INFO - [2023-12-03T23:07:49.080+0000] {manager.py:499} INFO - Created Permission View: %s
[2023-12-03T23:07:49.096+0000] {logging_mixin.py:154} INFO - [2023-12-03T23:07:49.096+0000] {manager.py:499} INFO - Created Permission View: %s
[2023-12-03T23:07:49.106+0000] {logging_mixin.py:154} INFO - [2023-12-03T23:07:49.106+0000] {manager.py:499} INFO - Created Permission View: %s
[2023-12-03T23:07:49.106+0000] {logging_mixin.py:154} INFO - [2023-12-03T23:07:49.106+0000] {dag.py:2941} INFO - Sync 1 DAGs
[2023-12-03T23:07:49.119+0000] {logging_mixin.py:154} INFO - [2023-12-03T23:07:49.118+0000] {dag.py:2963} INFO - Creating ORM DAG for example_task_group
[2023-12-03T23:07:49.130+0000] {logging_mixin.py:154} INFO - [2023-12-03T23:07:49.130+0000] {dag.py:3722} INFO - Setting next_dagrun for example_task_group to 2023-12-02T23:07:49.130118+00:00, run_after=2023-12-03T23:07:49.130118+00:00
[2023-12-03T23:07:49.154+0000] {processor.py:179} INFO - Processing /home/ubuntu/redfin/lib/python3.10/site-packages/airflow/example_dags/example_task_group.py took 0.212 seconds
[2023-12-03T23:08:41.488+0000] {processor.py:157} INFO - Started process (PID=3802) to work on /home/ubuntu/redfin/lib/python3.10/site-packages/airflow/example_dags/example_task_group.py
[2023-12-03T23:08:41.489+0000] {processor.py:829} INFO - Processing file /home/ubuntu/redfin/lib/python3.10/site-packages/airflow/example_dags/example_task_group.py for tasks to queue
[2023-12-03T23:08:41.490+0000] {logging_mixin.py:154} INFO - [2023-12-03T23:08:41.489+0000] {dagbag.py:536} INFO - Filling up the DagBag from /home/ubuntu/redfin/lib/python3.10/site-packages/airflow/example_dags/example_task_group.py
[2023-12-03T23:08:41.500+0000] {processor.py:839} INFO - DAG(s) dict_keys(['example_task_group']) retrieved from /home/ubuntu/redfin/lib/python3.10/site-packages/airflow/example_dags/example_task_group.py
[2023-12-03T23:08:41.521+0000] {logging_mixin.py:154} INFO - [2023-12-03T23:08:41.521+0000] {dag.py:2941} INFO - Sync 1 DAGs
[2023-12-03T23:08:41.543+0000] {logging_mixin.py:154} INFO - [2023-12-03T23:08:41.543+0000] {dag.py:3722} INFO - Setting next_dagrun for example_task_group to 2023-12-02T23:08:41.542709+00:00, run_after=2023-12-03T23:08:41.542709+00:00
[2023-12-03T23:08:41.567+0000] {processor.py:179} INFO - Processing /home/ubuntu/redfin/lib/python3.10/site-packages/airflow/example_dags/example_task_group.py took 0.083 seconds
[2023-12-03T23:09:27.696+0000] {processor.py:157} INFO - Started process (PID=3851) to work on /home/ubuntu/redfin/lib/python3.10/site-packages/airflow/example_dags/example_task_group.py
[2023-12-03T23:09:27.698+0000] {processor.py:829} INFO - Processing file /home/ubuntu/redfin/lib/python3.10/site-packages/airflow/example_dags/example_task_group.py for tasks to queue
[2023-12-03T23:09:27.699+0000] {logging_mixin.py:154} INFO - [2023-12-03T23:09:27.698+0000] {dagbag.py:536} INFO - Filling up the DagBag from /home/ubuntu/redfin/lib/python3.10/site-packages/airflow/example_dags/example_task_group.py
[2023-12-03T23:09:27.708+0000] {processor.py:839} INFO - DAG(s) dict_keys(['example_task_group']) retrieved from /home/ubuntu/redfin/lib/python3.10/site-packages/airflow/example_dags/example_task_group.py
[2023-12-03T23:09:27.727+0000] {logging_mixin.py:154} INFO - [2023-12-03T23:09:27.727+0000] {dag.py:2941} INFO - Sync 1 DAGs
[2023-12-03T23:09:27.749+0000] {logging_mixin.py:154} INFO - [2023-12-03T23:09:27.749+0000] {dag.py:3722} INFO - Setting next_dagrun for example_task_group to 2023-12-02T23:09:27.749278+00:00, run_after=2023-12-03T23:09:27.749278+00:00
[2023-12-03T23:09:27.773+0000] {processor.py:179} INFO - Processing /home/ubuntu/redfin/lib/python3.10/site-packages/airflow/example_dags/example_task_group.py took 0.081 seconds
[2023-12-03T23:10:14.222+0000] {processor.py:157} INFO - Started process (PID=3902) to work on /home/ubuntu/redfin/lib/python3.10/site-packages/airflow/example_dags/example_task_group.py
[2023-12-03T23:10:14.224+0000] {processor.py:829} INFO - Processing file /home/ubuntu/redfin/lib/python3.10/site-packages/airflow/example_dags/example_task_group.py for tasks to queue
[2023-12-03T23:10:14.225+0000] {logging_mixin.py:154} INFO - [2023-12-03T23:10:14.224+0000] {dagbag.py:536} INFO - Filling up the DagBag from /home/ubuntu/redfin/lib/python3.10/site-packages/airflow/example_dags/example_task_group.py
[2023-12-03T23:10:14.234+0000] {processor.py:839} INFO - DAG(s) dict_keys(['example_task_group']) retrieved from /home/ubuntu/redfin/lib/python3.10/site-packages/airflow/example_dags/example_task_group.py
[2023-12-03T23:10:14.254+0000] {logging_mixin.py:154} INFO - [2023-12-03T23:10:14.253+0000] {dag.py:2941} INFO - Sync 1 DAGs
[2023-12-03T23:10:14.277+0000] {logging_mixin.py:154} INFO - [2023-12-03T23:10:14.276+0000] {dag.py:3722} INFO - Setting next_dagrun for example_task_group to 2023-12-02T23:10:14.276408+00:00, run_after=2023-12-03T23:10:14.276408+00:00
[2023-12-03T23:10:14.300+0000] {processor.py:179} INFO - Processing /home/ubuntu/redfin/lib/python3.10/site-packages/airflow/example_dags/example_task_group.py took 0.081 seconds
[2023-12-03T23:10:59.183+0000] {processor.py:157} INFO - Started process (PID=3951) to work on /home/ubuntu/redfin/lib/python3.10/site-packages/airflow/example_dags/example_task_group.py
[2023-12-03T23:10:59.184+0000] {processor.py:829} INFO - Processing file /home/ubuntu/redfin/lib/python3.10/site-packages/airflow/example_dags/example_task_group.py for tasks to queue
[2023-12-03T23:10:59.185+0000] {logging_mixin.py:154} INFO - [2023-12-03T23:10:59.185+0000] {dagbag.py:536} INFO - Filling up the DagBag from /home/ubuntu/redfin/lib/python3.10/site-packages/airflow/example_dags/example_task_group.py
[2023-12-03T23:10:59.194+0000] {processor.py:839} INFO - DAG(s) dict_keys(['example_task_group']) retrieved from /home/ubuntu/redfin/lib/python3.10/site-packages/airflow/example_dags/example_task_group.py
[2023-12-03T23:10:59.213+0000] {logging_mixin.py:154} INFO - [2023-12-03T23:10:59.212+0000] {dag.py:2941} INFO - Sync 1 DAGs
[2023-12-03T23:10:59.234+0000] {logging_mixin.py:154} INFO - [2023-12-03T23:10:59.233+0000] {dag.py:3722} INFO - Setting next_dagrun for example_task_group to 2023-12-02T23:10:59.233660+00:00, run_after=2023-12-03T23:10:59.233660+00:00
[2023-12-03T23:10:59.258+0000] {processor.py:179} INFO - Processing /home/ubuntu/redfin/lib/python3.10/site-packages/airflow/example_dags/example_task_group.py took 0.079 seconds
[2023-12-03T23:11:37.861+0000] {processor.py:157} INFO - Started process (PID=3993) to work on /home/ubuntu/redfin/lib/python3.10/site-packages/airflow/example_dags/example_task_group.py
[2023-12-03T23:11:37.863+0000] {processor.py:829} INFO - Processing file /home/ubuntu/redfin/lib/python3.10/site-packages/airflow/example_dags/example_task_group.py for tasks to queue
[2023-12-03T23:11:37.864+0000] {logging_mixin.py:154} INFO - [2023-12-03T23:11:37.864+0000] {dagbag.py:536} INFO - Filling up the DagBag from /home/ubuntu/redfin/lib/python3.10/site-packages/airflow/example_dags/example_task_group.py
[2023-12-03T23:11:37.873+0000] {processor.py:839} INFO - DAG(s) dict_keys(['example_task_group']) retrieved from /home/ubuntu/redfin/lib/python3.10/site-packages/airflow/example_dags/example_task_group.py
[2023-12-03T23:11:37.892+0000] {logging_mixin.py:154} INFO - [2023-12-03T23:11:37.892+0000] {dag.py:2941} INFO - Sync 1 DAGs
[2023-12-03T23:11:37.913+0000] {logging_mixin.py:154} INFO - [2023-12-03T23:11:37.913+0000] {dag.py:3722} INFO - Setting next_dagrun for example_task_group to 2023-12-02T23:11:37.913307+00:00, run_after=2023-12-03T23:11:37.913307+00:00
[2023-12-03T23:11:37.936+0000] {processor.py:179} INFO - Processing /home/ubuntu/redfin/lib/python3.10/site-packages/airflow/example_dags/example_task_group.py took 0.078 seconds
[2023-12-03T23:12:22.749+0000] {processor.py:157} INFO - Started process (PID=4042) to work on /home/ubuntu/redfin/lib/python3.10/site-packages/airflow/example_dags/example_task_group.py
[2023-12-03T23:12:22.751+0000] {processor.py:829} INFO - Processing file /home/ubuntu/redfin/lib/python3.10/site-packages/airflow/example_dags/example_task_group.py for tasks to queue
[2023-12-03T23:12:22.751+0000] {logging_mixin.py:154} INFO - [2023-12-03T23:12:22.751+0000] {dagbag.py:536} INFO - Filling up the DagBag from /home/ubuntu/redfin/lib/python3.10/site-packages/airflow/example_dags/example_task_group.py
[2023-12-03T23:12:22.760+0000] {processor.py:839} INFO - DAG(s) dict_keys(['example_task_group']) retrieved from /home/ubuntu/redfin/lib/python3.10/site-packages/airflow/example_dags/example_task_group.py
[2023-12-03T23:12:22.780+0000] {logging_mixin.py:154} INFO - [2023-12-03T23:12:22.780+0000] {dag.py:2941} INFO - Sync 1 DAGs
[2023-12-03T23:12:22.802+0000] {logging_mixin.py:154} INFO - [2023-12-03T23:12:22.801+0000] {dag.py:3722} INFO - Setting next_dagrun for example_task_group to 2023-12-02T23:12:22.801408+00:00, run_after=2023-12-03T23:12:22.801408+00:00
[2023-12-03T23:12:22.825+0000] {processor.py:179} INFO - Processing /home/ubuntu/redfin/lib/python3.10/site-packages/airflow/example_dags/example_task_group.py took 0.080 seconds
[2023-12-03T23:13:08.696+0000] {processor.py:157} INFO - Started process (PID=4092) to work on /home/ubuntu/redfin/lib/python3.10/site-packages/airflow/example_dags/example_task_group.py
[2023-12-03T23:13:08.698+0000] {processor.py:829} INFO - Processing file /home/ubuntu/redfin/lib/python3.10/site-packages/airflow/example_dags/example_task_group.py for tasks to queue
[2023-12-03T23:13:08.699+0000] {logging_mixin.py:154} INFO - [2023-12-03T23:13:08.698+0000] {dagbag.py:536} INFO - Filling up the DagBag from /home/ubuntu/redfin/lib/python3.10/site-packages/airflow/example_dags/example_task_group.py
[2023-12-03T23:13:08.708+0000] {processor.py:839} INFO - DAG(s) dict_keys(['example_task_group']) retrieved from /home/ubuntu/redfin/lib/python3.10/site-packages/airflow/example_dags/example_task_group.py
[2023-12-03T23:13:08.727+0000] {logging_mixin.py:154} INFO - [2023-12-03T23:13:08.727+0000] {dag.py:2941} INFO - Sync 1 DAGs
[2023-12-03T23:13:08.748+0000] {logging_mixin.py:154} INFO - [2023-12-03T23:13:08.747+0000] {dag.py:3722} INFO - Setting next_dagrun for example_task_group to 2023-12-02T23:13:08.747673+00:00, run_after=2023-12-03T23:13:08.747673+00:00
[2023-12-03T23:13:08.771+0000] {processor.py:179} INFO - Processing /home/ubuntu/redfin/lib/python3.10/site-packages/airflow/example_dags/example_task_group.py took 0.078 seconds
[2023-12-03T23:13:53.440+0000] {processor.py:157} INFO - Started process (PID=4142) to work on /home/ubuntu/redfin/lib/python3.10/site-packages/airflow/example_dags/example_task_group.py
[2023-12-03T23:13:53.442+0000] {processor.py:829} INFO - Processing file /home/ubuntu/redfin/lib/python3.10/site-packages/airflow/example_dags/example_task_group.py for tasks to queue
[2023-12-03T23:13:53.443+0000] {logging_mixin.py:154} INFO - [2023-12-03T23:13:53.442+0000] {dagbag.py:536} INFO - Filling up the DagBag from /home/ubuntu/redfin/lib/python3.10/site-packages/airflow/example_dags/example_task_group.py
[2023-12-03T23:13:53.452+0000] {processor.py:839} INFO - DAG(s) dict_keys(['example_task_group']) retrieved from /home/ubuntu/redfin/lib/python3.10/site-packages/airflow/example_dags/example_task_group.py
[2023-12-03T23:13:53.471+0000] {logging_mixin.py:154} INFO - [2023-12-03T23:13:53.471+0000] {dag.py:2941} INFO - Sync 1 DAGs
[2023-12-03T23:13:53.492+0000] {logging_mixin.py:154} INFO - [2023-12-03T23:13:53.491+0000] {dag.py:3722} INFO - Setting next_dagrun for example_task_group to 2023-12-02T23:13:53.491611+00:00, run_after=2023-12-03T23:13:53.491611+00:00
[2023-12-03T23:13:53.515+0000] {processor.py:179} INFO - Processing /home/ubuntu/redfin/lib/python3.10/site-packages/airflow/example_dags/example_task_group.py took 0.078 seconds
[2023-12-03T23:14:42.192+0000] {processor.py:157} INFO - Started process (PID=4197) to work on /home/ubuntu/redfin/lib/python3.10/site-packages/airflow/example_dags/example_task_group.py
[2023-12-03T23:14:42.193+0000] {processor.py:829} INFO - Processing file /home/ubuntu/redfin/lib/python3.10/site-packages/airflow/example_dags/example_task_group.py for tasks to queue
[2023-12-03T23:14:42.194+0000] {logging_mixin.py:154} INFO - [2023-12-03T23:14:42.193+0000] {dagbag.py:536} INFO - Filling up the DagBag from /home/ubuntu/redfin/lib/python3.10/site-packages/airflow/example_dags/example_task_group.py
[2023-12-03T23:14:42.203+0000] {processor.py:839} INFO - DAG(s) dict_keys(['example_task_group']) retrieved from /home/ubuntu/redfin/lib/python3.10/site-packages/airflow/example_dags/example_task_group.py
[2023-12-03T23:14:42.223+0000] {logging_mixin.py:154} INFO - [2023-12-03T23:14:42.223+0000] {dag.py:2941} INFO - Sync 1 DAGs
[2023-12-03T23:14:42.245+0000] {logging_mixin.py:154} INFO - [2023-12-03T23:14:42.245+0000] {dag.py:3722} INFO - Setting next_dagrun for example_task_group to 2023-12-02T23:14:42.244995+00:00, run_after=2023-12-03T23:14:42.244995+00:00
[2023-12-03T23:14:42.268+0000] {processor.py:179} INFO - Processing /home/ubuntu/redfin/lib/python3.10/site-packages/airflow/example_dags/example_task_group.py took 0.080 seconds
[2023-12-03T23:15:31.700+0000] {processor.py:157} INFO - Started process (PID=4249) to work on /home/ubuntu/redfin/lib/python3.10/site-packages/airflow/example_dags/example_task_group.py
[2023-12-03T23:15:31.701+0000] {processor.py:829} INFO - Processing file /home/ubuntu/redfin/lib/python3.10/site-packages/airflow/example_dags/example_task_group.py for tasks to queue
[2023-12-03T23:15:31.702+0000] {logging_mixin.py:154} INFO - [2023-12-03T23:15:31.702+0000] {dagbag.py:536} INFO - Filling up the DagBag from /home/ubuntu/redfin/lib/python3.10/site-packages/airflow/example_dags/example_task_group.py
[2023-12-03T23:15:31.711+0000] {processor.py:839} INFO - DAG(s) dict_keys(['example_task_group']) retrieved from /home/ubuntu/redfin/lib/python3.10/site-packages/airflow/example_dags/example_task_group.py
[2023-12-03T23:15:31.730+0000] {logging_mixin.py:154} INFO - [2023-12-03T23:15:31.730+0000] {dag.py:2941} INFO - Sync 1 DAGs
[2023-12-03T23:15:31.751+0000] {logging_mixin.py:154} INFO - [2023-12-03T23:15:31.751+0000] {dag.py:3722} INFO - Setting next_dagrun for example_task_group to 2023-12-02T23:15:31.750723+00:00, run_after=2023-12-03T23:15:31.750723+00:00
[2023-12-03T23:15:31.774+0000] {processor.py:179} INFO - Processing /home/ubuntu/redfin/lib/python3.10/site-packages/airflow/example_dags/example_task_group.py took 0.078 seconds
[2023-12-03T23:16:19.507+0000] {processor.py:157} INFO - Started process (PID=4303) to work on /home/ubuntu/redfin/lib/python3.10/site-packages/airflow/example_dags/example_task_group.py
[2023-12-03T23:16:19.509+0000] {processor.py:829} INFO - Processing file /home/ubuntu/redfin/lib/python3.10/site-packages/airflow/example_dags/example_task_group.py for tasks to queue
[2023-12-03T23:16:19.510+0000] {logging_mixin.py:154} INFO - [2023-12-03T23:16:19.509+0000] {dagbag.py:536} INFO - Filling up the DagBag from /home/ubuntu/redfin/lib/python3.10/site-packages/airflow/example_dags/example_task_group.py
[2023-12-03T23:16:19.518+0000] {processor.py:839} INFO - DAG(s) dict_keys(['example_task_group']) retrieved from /home/ubuntu/redfin/lib/python3.10/site-packages/airflow/example_dags/example_task_group.py
[2023-12-03T23:16:19.537+0000] {logging_mixin.py:154} INFO - [2023-12-03T23:16:19.537+0000] {dag.py:2941} INFO - Sync 1 DAGs
[2023-12-03T23:16:19.558+0000] {logging_mixin.py:154} INFO - [2023-12-03T23:16:19.558+0000] {dag.py:3722} INFO - Setting next_dagrun for example_task_group to 2023-12-02T23:16:19.558283+00:00, run_after=2023-12-03T23:16:19.558283+00:00
[2023-12-03T23:16:19.581+0000] {processor.py:179} INFO - Processing /home/ubuntu/redfin/lib/python3.10/site-packages/airflow/example_dags/example_task_group.py took 0.077 seconds
[2023-12-03T23:17:06.158+0000] {processor.py:157} INFO - Started process (PID=4357) to work on /home/ubuntu/redfin/lib/python3.10/site-packages/airflow/example_dags/example_task_group.py
[2023-12-03T23:17:06.159+0000] {processor.py:829} INFO - Processing file /home/ubuntu/redfin/lib/python3.10/site-packages/airflow/example_dags/example_task_group.py for tasks to queue
[2023-12-03T23:17:06.160+0000] {logging_mixin.py:154} INFO - [2023-12-03T23:17:06.159+0000] {dagbag.py:536} INFO - Filling up the DagBag from /home/ubuntu/redfin/lib/python3.10/site-packages/airflow/example_dags/example_task_group.py
[2023-12-03T23:17:06.169+0000] {processor.py:839} INFO - DAG(s) dict_keys(['example_task_group']) retrieved from /home/ubuntu/redfin/lib/python3.10/site-packages/airflow/example_dags/example_task_group.py
[2023-12-03T23:17:06.188+0000] {logging_mixin.py:154} INFO - [2023-12-03T23:17:06.188+0000] {dag.py:2941} INFO - Sync 1 DAGs
[2023-12-03T23:17:06.210+0000] {logging_mixin.py:154} INFO - [2023-12-03T23:17:06.210+0000] {dag.py:3722} INFO - Setting next_dagrun for example_task_group to 2023-12-02T23:17:06.210071+00:00, run_after=2023-12-03T23:17:06.210071+00:00
[2023-12-03T23:17:06.233+0000] {processor.py:179} INFO - Processing /home/ubuntu/redfin/lib/python3.10/site-packages/airflow/example_dags/example_task_group.py took 0.079 seconds
[2023-12-03T23:17:51.898+0000] {processor.py:157} INFO - Started process (PID=4407) to work on /home/ubuntu/redfin/lib/python3.10/site-packages/airflow/example_dags/example_task_group.py
[2023-12-03T23:17:51.899+0000] {processor.py:829} INFO - Processing file /home/ubuntu/redfin/lib/python3.10/site-packages/airflow/example_dags/example_task_group.py for tasks to queue
[2023-12-03T23:17:51.900+0000] {logging_mixin.py:154} INFO - [2023-12-03T23:17:51.900+0000] {dagbag.py:536} INFO - Filling up the DagBag from /home/ubuntu/redfin/lib/python3.10/site-packages/airflow/example_dags/example_task_group.py
[2023-12-03T23:17:51.909+0000] {processor.py:839} INFO - DAG(s) dict_keys(['example_task_group']) retrieved from /home/ubuntu/redfin/lib/python3.10/site-packages/airflow/example_dags/example_task_group.py
[2023-12-03T23:17:51.928+0000] {logging_mixin.py:154} INFO - [2023-12-03T23:17:51.928+0000] {dag.py:2941} INFO - Sync 1 DAGs
[2023-12-03T23:17:51.950+0000] {logging_mixin.py:154} INFO - [2023-12-03T23:17:51.949+0000] {dag.py:3722} INFO - Setting next_dagrun for example_task_group to 2023-12-02T23:17:51.949638+00:00, run_after=2023-12-03T23:17:51.949638+00:00
[2023-12-03T23:17:51.973+0000] {processor.py:179} INFO - Processing /home/ubuntu/redfin/lib/python3.10/site-packages/airflow/example_dags/example_task_group.py took 0.079 seconds
[2023-12-03T23:18:37.287+0000] {processor.py:157} INFO - Started process (PID=4460) to work on /home/ubuntu/redfin/lib/python3.10/site-packages/airflow/example_dags/example_task_group.py
[2023-12-03T23:18:37.288+0000] {processor.py:829} INFO - Processing file /home/ubuntu/redfin/lib/python3.10/site-packages/airflow/example_dags/example_task_group.py for tasks to queue
[2023-12-03T23:18:37.289+0000] {logging_mixin.py:154} INFO - [2023-12-03T23:18:37.288+0000] {dagbag.py:536} INFO - Filling up the DagBag from /home/ubuntu/redfin/lib/python3.10/site-packages/airflow/example_dags/example_task_group.py
[2023-12-03T23:18:37.298+0000] {processor.py:839} INFO - DAG(s) dict_keys(['example_task_group']) retrieved from /home/ubuntu/redfin/lib/python3.10/site-packages/airflow/example_dags/example_task_group.py
[2023-12-03T23:18:37.317+0000] {logging_mixin.py:154} INFO - [2023-12-03T23:18:37.317+0000] {dag.py:2941} INFO - Sync 1 DAGs
[2023-12-03T23:18:37.339+0000] {logging_mixin.py:154} INFO - [2023-12-03T23:18:37.339+0000] {dag.py:3722} INFO - Setting next_dagrun for example_task_group to 2023-12-02T23:18:37.338849+00:00, run_after=2023-12-03T23:18:37.338849+00:00
[2023-12-03T23:18:37.363+0000] {processor.py:179} INFO - Processing /home/ubuntu/redfin/lib/python3.10/site-packages/airflow/example_dags/example_task_group.py took 0.080 seconds
[2023-12-03T23:19:21.086+0000] {processor.py:157} INFO - Started process (PID=4509) to work on /home/ubuntu/redfin/lib/python3.10/site-packages/airflow/example_dags/example_task_group.py
[2023-12-03T23:19:21.088+0000] {processor.py:829} INFO - Processing file /home/ubuntu/redfin/lib/python3.10/site-packages/airflow/example_dags/example_task_group.py for tasks to queue
[2023-12-03T23:19:21.089+0000] {logging_mixin.py:154} INFO - [2023-12-03T23:19:21.088+0000] {dagbag.py:536} INFO - Filling up the DagBag from /home/ubuntu/redfin/lib/python3.10/site-packages/airflow/example_dags/example_task_group.py
[2023-12-03T23:19:21.098+0000] {processor.py:839} INFO - DAG(s) dict_keys(['example_task_group']) retrieved from /home/ubuntu/redfin/lib/python3.10/site-packages/airflow/example_dags/example_task_group.py
[2023-12-03T23:19:21.117+0000] {logging_mixin.py:154} INFO - [2023-12-03T23:19:21.117+0000] {dag.py:2941} INFO - Sync 1 DAGs
[2023-12-03T23:19:21.138+0000] {logging_mixin.py:154} INFO - [2023-12-03T23:19:21.137+0000] {dag.py:3722} INFO - Setting next_dagrun for example_task_group to 2023-12-02T23:19:21.137627+00:00, run_after=2023-12-03T23:19:21.137627+00:00
[2023-12-03T23:19:21.160+0000] {processor.py:179} INFO - Processing /home/ubuntu/redfin/lib/python3.10/site-packages/airflow/example_dags/example_task_group.py took 0.078 seconds
[2023-12-03T23:20:05.161+0000] {processor.py:157} INFO - Started process (PID=4558) to work on /home/ubuntu/redfin/lib/python3.10/site-packages/airflow/example_dags/example_task_group.py
[2023-12-03T23:20:05.162+0000] {processor.py:829} INFO - Processing file /home/ubuntu/redfin/lib/python3.10/site-packages/airflow/example_dags/example_task_group.py for tasks to queue
[2023-12-03T23:20:05.163+0000] {logging_mixin.py:154} INFO - [2023-12-03T23:20:05.163+0000] {dagbag.py:536} INFO - Filling up the DagBag from /home/ubuntu/redfin/lib/python3.10/site-packages/airflow/example_dags/example_task_group.py
[2023-12-03T23:20:05.172+0000] {processor.py:839} INFO - DAG(s) dict_keys(['example_task_group']) retrieved from /home/ubuntu/redfin/lib/python3.10/site-packages/airflow/example_dags/example_task_group.py
[2023-12-03T23:20:05.191+0000] {logging_mixin.py:154} INFO - [2023-12-03T23:20:05.191+0000] {dag.py:2941} INFO - Sync 1 DAGs
[2023-12-03T23:20:05.212+0000] {logging_mixin.py:154} INFO - [2023-12-03T23:20:05.212+0000] {dag.py:3722} INFO - Setting next_dagrun for example_task_group to 2023-12-02T23:20:05.211825+00:00, run_after=2023-12-03T23:20:05.211825+00:00
[2023-12-03T23:20:05.234+0000] {processor.py:179} INFO - Processing /home/ubuntu/redfin/lib/python3.10/site-packages/airflow/example_dags/example_task_group.py took 0.077 seconds
[2023-12-03T23:20:47.732+0000] {processor.py:157} INFO - Started process (PID=4606) to work on /home/ubuntu/redfin/lib/python3.10/site-packages/airflow/example_dags/example_task_group.py
[2023-12-03T23:20:47.733+0000] {processor.py:829} INFO - Processing file /home/ubuntu/redfin/lib/python3.10/site-packages/airflow/example_dags/example_task_group.py for tasks to queue
[2023-12-03T23:20:47.734+0000] {logging_mixin.py:154} INFO - [2023-12-03T23:20:47.734+0000] {dagbag.py:536} INFO - Filling up the DagBag from /home/ubuntu/redfin/lib/python3.10/site-packages/airflow/example_dags/example_task_group.py
[2023-12-03T23:20:47.743+0000] {processor.py:839} INFO - DAG(s) dict_keys(['example_task_group']) retrieved from /home/ubuntu/redfin/lib/python3.10/site-packages/airflow/example_dags/example_task_group.py
[2023-12-03T23:20:47.762+0000] {logging_mixin.py:154} INFO - [2023-12-03T23:20:47.762+0000] {dag.py:2941} INFO - Sync 1 DAGs
[2023-12-03T23:20:47.783+0000] {logging_mixin.py:154} INFO - [2023-12-03T23:20:47.783+0000] {dag.py:3722} INFO - Setting next_dagrun for example_task_group to 2023-12-02T23:20:47.782943+00:00, run_after=2023-12-03T23:20:47.782943+00:00
[2023-12-03T23:20:47.806+0000] {processor.py:179} INFO - Processing /home/ubuntu/redfin/lib/python3.10/site-packages/airflow/example_dags/example_task_group.py took 0.078 seconds
[2023-12-03T23:21:37.683+0000] {processor.py:157} INFO - Started process (PID=4658) to work on /home/ubuntu/redfin/lib/python3.10/site-packages/airflow/example_dags/example_task_group.py
[2023-12-03T23:21:37.684+0000] {processor.py:829} INFO - Processing file /home/ubuntu/redfin/lib/python3.10/site-packages/airflow/example_dags/example_task_group.py for tasks to queue
[2023-12-03T23:21:37.685+0000] {logging_mixin.py:154} INFO - [2023-12-03T23:21:37.685+0000] {dagbag.py:536} INFO - Filling up the DagBag from /home/ubuntu/redfin/lib/python3.10/site-packages/airflow/example_dags/example_task_group.py
[2023-12-03T23:21:37.694+0000] {processor.py:839} INFO - DAG(s) dict_keys(['example_task_group']) retrieved from /home/ubuntu/redfin/lib/python3.10/site-packages/airflow/example_dags/example_task_group.py
[2023-12-03T23:21:37.713+0000] {logging_mixin.py:154} INFO - [2023-12-03T23:21:37.713+0000] {dag.py:2941} INFO - Sync 1 DAGs
[2023-12-03T23:21:37.734+0000] {logging_mixin.py:154} INFO - [2023-12-03T23:21:37.734+0000] {dag.py:3722} INFO - Setting next_dagrun for example_task_group to 2023-12-02T23:21:37.734176+00:00, run_after=2023-12-03T23:21:37.734176+00:00
[2023-12-03T23:21:37.757+0000] {processor.py:179} INFO - Processing /home/ubuntu/redfin/lib/python3.10/site-packages/airflow/example_dags/example_task_group.py took 0.078 seconds
[2023-12-03T23:22:26.844+0000] {processor.py:157} INFO - Started process (PID=4714) to work on /home/ubuntu/redfin/lib/python3.10/site-packages/airflow/example_dags/example_task_group.py
[2023-12-03T23:22:26.845+0000] {processor.py:829} INFO - Processing file /home/ubuntu/redfin/lib/python3.10/site-packages/airflow/example_dags/example_task_group.py for tasks to queue
[2023-12-03T23:22:26.846+0000] {logging_mixin.py:154} INFO - [2023-12-03T23:22:26.846+0000] {dagbag.py:536} INFO - Filling up the DagBag from /home/ubuntu/redfin/lib/python3.10/site-packages/airflow/example_dags/example_task_group.py
[2023-12-03T23:22:26.855+0000] {processor.py:839} INFO - DAG(s) dict_keys(['example_task_group']) retrieved from /home/ubuntu/redfin/lib/python3.10/site-packages/airflow/example_dags/example_task_group.py
[2023-12-03T23:22:26.875+0000] {logging_mixin.py:154} INFO - [2023-12-03T23:22:26.874+0000] {dag.py:2941} INFO - Sync 1 DAGs
[2023-12-03T23:22:26.896+0000] {logging_mixin.py:154} INFO - [2023-12-03T23:22:26.895+0000] {dag.py:3722} INFO - Setting next_dagrun for example_task_group to 2023-12-02T23:22:26.895610+00:00, run_after=2023-12-03T23:22:26.895610+00:00
[2023-12-03T23:22:26.918+0000] {processor.py:179} INFO - Processing /home/ubuntu/redfin/lib/python3.10/site-packages/airflow/example_dags/example_task_group.py took 0.078 seconds
[2023-12-03T23:23:10.913+0000] {processor.py:157} INFO - Started process (PID=4763) to work on /home/ubuntu/redfin/lib/python3.10/site-packages/airflow/example_dags/example_task_group.py
[2023-12-03T23:23:10.914+0000] {processor.py:829} INFO - Processing file /home/ubuntu/redfin/lib/python3.10/site-packages/airflow/example_dags/example_task_group.py for tasks to queue
[2023-12-03T23:23:10.915+0000] {logging_mixin.py:154} INFO - [2023-12-03T23:23:10.915+0000] {dagbag.py:536} INFO - Filling up the DagBag from /home/ubuntu/redfin/lib/python3.10/site-packages/airflow/example_dags/example_task_group.py
[2023-12-03T23:23:10.924+0000] {processor.py:839} INFO - DAG(s) dict_keys(['example_task_group']) retrieved from /home/ubuntu/redfin/lib/python3.10/site-packages/airflow/example_dags/example_task_group.py
[2023-12-03T23:23:10.944+0000] {logging_mixin.py:154} INFO - [2023-12-03T23:23:10.944+0000] {dag.py:2941} INFO - Sync 1 DAGs
[2023-12-03T23:23:10.965+0000] {logging_mixin.py:154} INFO - [2023-12-03T23:23:10.965+0000] {dag.py:3722} INFO - Setting next_dagrun for example_task_group to 2023-12-02T23:23:10.964839+00:00, run_after=2023-12-03T23:23:10.964839+00:00
[2023-12-03T23:23:10.991+0000] {processor.py:179} INFO - Processing /home/ubuntu/redfin/lib/python3.10/site-packages/airflow/example_dags/example_task_group.py took 0.082 seconds
[2023-12-03T23:23:58.743+0000] {processor.py:157} INFO - Started process (PID=4814) to work on /home/ubuntu/redfin/lib/python3.10/site-packages/airflow/example_dags/example_task_group.py
[2023-12-03T23:23:58.744+0000] {processor.py:829} INFO - Processing file /home/ubuntu/redfin/lib/python3.10/site-packages/airflow/example_dags/example_task_group.py for tasks to queue
[2023-12-03T23:23:58.745+0000] {logging_mixin.py:154} INFO - [2023-12-03T23:23:58.745+0000] {dagbag.py:536} INFO - Filling up the DagBag from /home/ubuntu/redfin/lib/python3.10/site-packages/airflow/example_dags/example_task_group.py
[2023-12-03T23:23:58.754+0000] {processor.py:839} INFO - DAG(s) dict_keys(['example_task_group']) retrieved from /home/ubuntu/redfin/lib/python3.10/site-packages/airflow/example_dags/example_task_group.py
[2023-12-03T23:23:58.773+0000] {logging_mixin.py:154} INFO - [2023-12-03T23:23:58.773+0000] {dag.py:2941} INFO - Sync 1 DAGs
[2023-12-03T23:23:58.794+0000] {logging_mixin.py:154} INFO - [2023-12-03T23:23:58.793+0000] {dag.py:3722} INFO - Setting next_dagrun for example_task_group to 2023-12-02T23:23:58.793693+00:00, run_after=2023-12-03T23:23:58.793693+00:00
[2023-12-03T23:23:58.816+0000] {processor.py:179} INFO - Processing /home/ubuntu/redfin/lib/python3.10/site-packages/airflow/example_dags/example_task_group.py took 0.077 seconds
[2023-12-03T23:24:45.015+0000] {processor.py:157} INFO - Started process (PID=4867) to work on /home/ubuntu/redfin/lib/python3.10/site-packages/airflow/example_dags/example_task_group.py
[2023-12-03T23:24:45.017+0000] {processor.py:829} INFO - Processing file /home/ubuntu/redfin/lib/python3.10/site-packages/airflow/example_dags/example_task_group.py for tasks to queue
[2023-12-03T23:24:45.018+0000] {logging_mixin.py:154} INFO - [2023-12-03T23:24:45.017+0000] {dagbag.py:536} INFO - Filling up the DagBag from /home/ubuntu/redfin/lib/python3.10/site-packages/airflow/example_dags/example_task_group.py
[2023-12-03T23:24:45.026+0000] {processor.py:839} INFO - DAG(s) dict_keys(['example_task_group']) retrieved from /home/ubuntu/redfin/lib/python3.10/site-packages/airflow/example_dags/example_task_group.py
[2023-12-03T23:24:45.045+0000] {logging_mixin.py:154} INFO - [2023-12-03T23:24:45.045+0000] {dag.py:2941} INFO - Sync 1 DAGs
[2023-12-03T23:24:45.067+0000] {logging_mixin.py:154} INFO - [2023-12-03T23:24:45.066+0000] {dag.py:3722} INFO - Setting next_dagrun for example_task_group to 2023-12-02T23:24:45.066529+00:00, run_after=2023-12-03T23:24:45.066529+00:00
[2023-12-03T23:24:45.090+0000] {processor.py:179} INFO - Processing /home/ubuntu/redfin/lib/python3.10/site-packages/airflow/example_dags/example_task_group.py took 0.078 seconds
[2023-12-03T23:25:35.675+0000] {processor.py:157} INFO - Started process (PID=4920) to work on /home/ubuntu/redfin/lib/python3.10/site-packages/airflow/example_dags/example_task_group.py
[2023-12-03T23:25:35.676+0000] {processor.py:829} INFO - Processing file /home/ubuntu/redfin/lib/python3.10/site-packages/airflow/example_dags/example_task_group.py for tasks to queue
[2023-12-03T23:25:35.677+0000] {logging_mixin.py:154} INFO - [2023-12-03T23:25:35.677+0000] {dagbag.py:536} INFO - Filling up the DagBag from /home/ubuntu/redfin/lib/python3.10/site-packages/airflow/example_dags/example_task_group.py
[2023-12-03T23:25:35.686+0000] {processor.py:839} INFO - DAG(s) dict_keys(['example_task_group']) retrieved from /home/ubuntu/redfin/lib/python3.10/site-packages/airflow/example_dags/example_task_group.py
[2023-12-03T23:25:35.707+0000] {logging_mixin.py:154} INFO - [2023-12-03T23:25:35.706+0000] {dag.py:2941} INFO - Sync 1 DAGs
[2023-12-03T23:25:35.729+0000] {logging_mixin.py:154} INFO - [2023-12-03T23:25:35.729+0000] {dag.py:3722} INFO - Setting next_dagrun for example_task_group to 2023-12-02T23:25:35.729110+00:00, run_after=2023-12-03T23:25:35.729110+00:00
[2023-12-03T23:25:35.754+0000] {processor.py:179} INFO - Processing /home/ubuntu/redfin/lib/python3.10/site-packages/airflow/example_dags/example_task_group.py took 0.083 seconds
[2023-12-03T23:26:21.643+0000] {processor.py:157} INFO - Started process (PID=4970) to work on /home/ubuntu/redfin/lib/python3.10/site-packages/airflow/example_dags/example_task_group.py
[2023-12-03T23:26:21.645+0000] {processor.py:829} INFO - Processing file /home/ubuntu/redfin/lib/python3.10/site-packages/airflow/example_dags/example_task_group.py for tasks to queue
[2023-12-03T23:26:21.646+0000] {logging_mixin.py:154} INFO - [2023-12-03T23:26:21.645+0000] {dagbag.py:536} INFO - Filling up the DagBag from /home/ubuntu/redfin/lib/python3.10/site-packages/airflow/example_dags/example_task_group.py
[2023-12-03T23:26:21.654+0000] {processor.py:839} INFO - DAG(s) dict_keys(['example_task_group']) retrieved from /home/ubuntu/redfin/lib/python3.10/site-packages/airflow/example_dags/example_task_group.py
[2023-12-03T23:26:21.673+0000] {logging_mixin.py:154} INFO - [2023-12-03T23:26:21.673+0000] {dag.py:2941} INFO - Sync 1 DAGs
[2023-12-03T23:26:21.694+0000] {logging_mixin.py:154} INFO - [2023-12-03T23:26:21.693+0000] {dag.py:3722} INFO - Setting next_dagrun for example_task_group to 2023-12-02T23:26:21.693559+00:00, run_after=2023-12-03T23:26:21.693559+00:00
[2023-12-03T23:26:21.716+0000] {processor.py:179} INFO - Processing /home/ubuntu/redfin/lib/python3.10/site-packages/airflow/example_dags/example_task_group.py took 0.077 seconds
[2023-12-03T23:27:03.874+0000] {processor.py:157} INFO - Started process (PID=5019) to work on /home/ubuntu/redfin/lib/python3.10/site-packages/airflow/example_dags/example_task_group.py
[2023-12-03T23:27:03.875+0000] {processor.py:829} INFO - Processing file /home/ubuntu/redfin/lib/python3.10/site-packages/airflow/example_dags/example_task_group.py for tasks to queue
[2023-12-03T23:27:03.876+0000] {logging_mixin.py:154} INFO - [2023-12-03T23:27:03.876+0000] {dagbag.py:536} INFO - Filling up the DagBag from /home/ubuntu/redfin/lib/python3.10/site-packages/airflow/example_dags/example_task_group.py
[2023-12-03T23:27:03.885+0000] {processor.py:839} INFO - DAG(s) dict_keys(['example_task_group']) retrieved from /home/ubuntu/redfin/lib/python3.10/site-packages/airflow/example_dags/example_task_group.py
[2023-12-03T23:27:03.904+0000] {logging_mixin.py:154} INFO - [2023-12-03T23:27:03.904+0000] {dag.py:2941} INFO - Sync 1 DAGs
[2023-12-03T23:27:03.926+0000] {logging_mixin.py:154} INFO - [2023-12-03T23:27:03.925+0000] {dag.py:3722} INFO - Setting next_dagrun for example_task_group to 2023-12-02T23:27:03.925511+00:00, run_after=2023-12-03T23:27:03.925511+00:00
[2023-12-03T23:27:03.948+0000] {processor.py:179} INFO - Processing /home/ubuntu/redfin/lib/python3.10/site-packages/airflow/example_dags/example_task_group.py took 0.078 seconds
[2023-12-03T23:27:46.301+0000] {processor.py:157} INFO - Started process (PID=5066) to work on /home/ubuntu/redfin/lib/python3.10/site-packages/airflow/example_dags/example_task_group.py
[2023-12-03T23:27:46.302+0000] {processor.py:829} INFO - Processing file /home/ubuntu/redfin/lib/python3.10/site-packages/airflow/example_dags/example_task_group.py for tasks to queue
[2023-12-03T23:27:46.303+0000] {logging_mixin.py:154} INFO - [2023-12-03T23:27:46.303+0000] {dagbag.py:536} INFO - Filling up the DagBag from /home/ubuntu/redfin/lib/python3.10/site-packages/airflow/example_dags/example_task_group.py
[2023-12-03T23:27:46.312+0000] {processor.py:839} INFO - DAG(s) dict_keys(['example_task_group']) retrieved from /home/ubuntu/redfin/lib/python3.10/site-packages/airflow/example_dags/example_task_group.py
[2023-12-03T23:27:46.332+0000] {logging_mixin.py:154} INFO - [2023-12-03T23:27:46.331+0000] {dag.py:2941} INFO - Sync 1 DAGs
[2023-12-03T23:27:46.353+0000] {logging_mixin.py:154} INFO - [2023-12-03T23:27:46.352+0000] {dag.py:3722} INFO - Setting next_dagrun for example_task_group to 2023-12-02T23:27:46.352658+00:00, run_after=2023-12-03T23:27:46.352658+00:00
[2023-12-03T23:27:46.375+0000] {processor.py:179} INFO - Processing /home/ubuntu/redfin/lib/python3.10/site-packages/airflow/example_dags/example_task_group.py took 0.078 seconds
[2023-12-03T23:28:32.592+0000] {processor.py:157} INFO - Started process (PID=5115) to work on /home/ubuntu/redfin/lib/python3.10/site-packages/airflow/example_dags/example_task_group.py
[2023-12-03T23:28:32.593+0000] {processor.py:829} INFO - Processing file /home/ubuntu/redfin/lib/python3.10/site-packages/airflow/example_dags/example_task_group.py for tasks to queue
[2023-12-03T23:28:32.594+0000] {logging_mixin.py:154} INFO - [2023-12-03T23:28:32.594+0000] {dagbag.py:536} INFO - Filling up the DagBag from /home/ubuntu/redfin/lib/python3.10/site-packages/airflow/example_dags/example_task_group.py
[2023-12-03T23:28:32.604+0000] {processor.py:839} INFO - DAG(s) dict_keys(['example_task_group']) retrieved from /home/ubuntu/redfin/lib/python3.10/site-packages/airflow/example_dags/example_task_group.py
[2023-12-03T23:28:32.624+0000] {logging_mixin.py:154} INFO - [2023-12-03T23:28:32.623+0000] {dag.py:2941} INFO - Sync 1 DAGs
[2023-12-03T23:28:32.645+0000] {logging_mixin.py:154} INFO - [2023-12-03T23:28:32.645+0000] {dag.py:3722} INFO - Setting next_dagrun for example_task_group to 2023-12-02T23:28:32.645296+00:00, run_after=2023-12-03T23:28:32.645296+00:00
[2023-12-03T23:28:32.669+0000] {processor.py:179} INFO - Processing /home/ubuntu/redfin/lib/python3.10/site-packages/airflow/example_dags/example_task_group.py took 0.081 seconds
[2023-12-03T23:29:20.083+0000] {processor.py:157} INFO - Started process (PID=5169) to work on /home/ubuntu/redfin/lib/python3.10/site-packages/airflow/example_dags/example_task_group.py
[2023-12-03T23:29:20.084+0000] {processor.py:829} INFO - Processing file /home/ubuntu/redfin/lib/python3.10/site-packages/airflow/example_dags/example_task_group.py for tasks to queue
[2023-12-03T23:29:20.085+0000] {logging_mixin.py:154} INFO - [2023-12-03T23:29:20.085+0000] {dagbag.py:536} INFO - Filling up the DagBag from /home/ubuntu/redfin/lib/python3.10/site-packages/airflow/example_dags/example_task_group.py
[2023-12-03T23:29:20.094+0000] {processor.py:839} INFO - DAG(s) dict_keys(['example_task_group']) retrieved from /home/ubuntu/redfin/lib/python3.10/site-packages/airflow/example_dags/example_task_group.py
[2023-12-03T23:29:20.113+0000] {logging_mixin.py:154} INFO - [2023-12-03T23:29:20.113+0000] {dag.py:2941} INFO - Sync 1 DAGs
[2023-12-03T23:29:20.135+0000] {logging_mixin.py:154} INFO - [2023-12-03T23:29:20.135+0000] {dag.py:3722} INFO - Setting next_dagrun for example_task_group to 2023-12-02T23:29:20.134872+00:00, run_after=2023-12-03T23:29:20.134872+00:00
[2023-12-03T23:29:20.158+0000] {processor.py:179} INFO - Processing /home/ubuntu/redfin/lib/python3.10/site-packages/airflow/example_dags/example_task_group.py took 0.079 seconds
[2023-12-03T23:30:09.187+0000] {processor.py:157} INFO - Started process (PID=5222) to work on /home/ubuntu/redfin/lib/python3.10/site-packages/airflow/example_dags/example_task_group.py
[2023-12-03T23:30:09.189+0000] {processor.py:829} INFO - Processing file /home/ubuntu/redfin/lib/python3.10/site-packages/airflow/example_dags/example_task_group.py for tasks to queue
[2023-12-03T23:30:09.190+0000] {logging_mixin.py:154} INFO - [2023-12-03T23:30:09.189+0000] {dagbag.py:536} INFO - Filling up the DagBag from /home/ubuntu/redfin/lib/python3.10/site-packages/airflow/example_dags/example_task_group.py
[2023-12-03T23:30:09.199+0000] {processor.py:839} INFO - DAG(s) dict_keys(['example_task_group']) retrieved from /home/ubuntu/redfin/lib/python3.10/site-packages/airflow/example_dags/example_task_group.py
[2023-12-03T23:30:09.219+0000] {logging_mixin.py:154} INFO - [2023-12-03T23:30:09.218+0000] {dag.py:2941} INFO - Sync 1 DAGs
[2023-12-03T23:30:09.240+0000] {logging_mixin.py:154} INFO - [2023-12-03T23:30:09.240+0000] {dag.py:3722} INFO - Setting next_dagrun for example_task_group to 2023-12-02T23:30:09.240317+00:00, run_after=2023-12-03T23:30:09.240317+00:00
[2023-12-03T23:30:09.264+0000] {processor.py:179} INFO - Processing /home/ubuntu/redfin/lib/python3.10/site-packages/airflow/example_dags/example_task_group.py took 0.080 seconds
[2023-12-03T23:30:54.023+0000] {processor.py:157} INFO - Started process (PID=5272) to work on /home/ubuntu/redfin/lib/python3.10/site-packages/airflow/example_dags/example_task_group.py
[2023-12-03T23:30:54.025+0000] {processor.py:829} INFO - Processing file /home/ubuntu/redfin/lib/python3.10/site-packages/airflow/example_dags/example_task_group.py for tasks to queue
[2023-12-03T23:30:54.026+0000] {logging_mixin.py:154} INFO - [2023-12-03T23:30:54.025+0000] {dagbag.py:536} INFO - Filling up the DagBag from /home/ubuntu/redfin/lib/python3.10/site-packages/airflow/example_dags/example_task_group.py
[2023-12-03T23:30:54.035+0000] {processor.py:839} INFO - DAG(s) dict_keys(['example_task_group']) retrieved from /home/ubuntu/redfin/lib/python3.10/site-packages/airflow/example_dags/example_task_group.py
[2023-12-03T23:30:54.055+0000] {logging_mixin.py:154} INFO - [2023-12-03T23:30:54.055+0000] {dag.py:2941} INFO - Sync 1 DAGs
[2023-12-03T23:30:54.079+0000] {logging_mixin.py:154} INFO - [2023-12-03T23:30:54.079+0000] {dag.py:3722} INFO - Setting next_dagrun for example_task_group to 2023-12-02T23:30:54.078757+00:00, run_after=2023-12-03T23:30:54.078757+00:00
[2023-12-03T23:30:54.102+0000] {processor.py:179} INFO - Processing /home/ubuntu/redfin/lib/python3.10/site-packages/airflow/example_dags/example_task_group.py took 0.083 seconds
[2023-12-03T23:31:42.415+0000] {processor.py:157} INFO - Started process (PID=5326) to work on /home/ubuntu/redfin/lib/python3.10/site-packages/airflow/example_dags/example_task_group.py
[2023-12-03T23:31:42.416+0000] {processor.py:829} INFO - Processing file /home/ubuntu/redfin/lib/python3.10/site-packages/airflow/example_dags/example_task_group.py for tasks to queue
[2023-12-03T23:31:42.417+0000] {logging_mixin.py:154} INFO - [2023-12-03T23:31:42.417+0000] {dagbag.py:536} INFO - Filling up the DagBag from /home/ubuntu/redfin/lib/python3.10/site-packages/airflow/example_dags/example_task_group.py
[2023-12-03T23:31:42.426+0000] {processor.py:839} INFO - DAG(s) dict_keys(['example_task_group']) retrieved from /home/ubuntu/redfin/lib/python3.10/site-packages/airflow/example_dags/example_task_group.py
[2023-12-03T23:31:42.445+0000] {logging_mixin.py:154} INFO - [2023-12-03T23:31:42.445+0000] {dag.py:2941} INFO - Sync 1 DAGs
[2023-12-03T23:31:42.465+0000] {logging_mixin.py:154} INFO - [2023-12-03T23:31:42.465+0000] {dag.py:3722} INFO - Setting next_dagrun for example_task_group to 2023-12-02T23:31:42.465428+00:00, run_after=2023-12-03T23:31:42.465428+00:00
[2023-12-03T23:31:42.488+0000] {processor.py:179} INFO - Processing /home/ubuntu/redfin/lib/python3.10/site-packages/airflow/example_dags/example_task_group.py took 0.076 seconds
[2023-12-03T23:32:27.470+0000] {processor.py:157} INFO - Started process (PID=5375) to work on /home/ubuntu/redfin/lib/python3.10/site-packages/airflow/example_dags/example_task_group.py
[2023-12-03T23:32:27.472+0000] {processor.py:829} INFO - Processing file /home/ubuntu/redfin/lib/python3.10/site-packages/airflow/example_dags/example_task_group.py for tasks to queue
[2023-12-03T23:32:27.473+0000] {logging_mixin.py:154} INFO - [2023-12-03T23:32:27.472+0000] {dagbag.py:536} INFO - Filling up the DagBag from /home/ubuntu/redfin/lib/python3.10/site-packages/airflow/example_dags/example_task_group.py
[2023-12-03T23:32:27.482+0000] {processor.py:839} INFO - DAG(s) dict_keys(['example_task_group']) retrieved from /home/ubuntu/redfin/lib/python3.10/site-packages/airflow/example_dags/example_task_group.py
[2023-12-03T23:32:27.501+0000] {logging_mixin.py:154} INFO - [2023-12-03T23:32:27.501+0000] {dag.py:2941} INFO - Sync 1 DAGs
[2023-12-03T23:32:27.523+0000] {logging_mixin.py:154} INFO - [2023-12-03T23:32:27.523+0000] {dag.py:3722} INFO - Setting next_dagrun for example_task_group to 2023-12-02T23:32:27.522867+00:00, run_after=2023-12-03T23:32:27.522867+00:00
[2023-12-03T23:32:27.546+0000] {processor.py:179} INFO - Processing /home/ubuntu/redfin/lib/python3.10/site-packages/airflow/example_dags/example_task_group.py took 0.079 seconds
[2023-12-03T23:33:10.499+0000] {processor.py:157} INFO - Started process (PID=5423) to work on /home/ubuntu/redfin/lib/python3.10/site-packages/airflow/example_dags/example_task_group.py
[2023-12-03T23:33:10.501+0000] {processor.py:829} INFO - Processing file /home/ubuntu/redfin/lib/python3.10/site-packages/airflow/example_dags/example_task_group.py for tasks to queue
[2023-12-03T23:33:10.502+0000] {logging_mixin.py:154} INFO - [2023-12-03T23:33:10.501+0000] {dagbag.py:536} INFO - Filling up the DagBag from /home/ubuntu/redfin/lib/python3.10/site-packages/airflow/example_dags/example_task_group.py
[2023-12-03T23:33:10.511+0000] {processor.py:839} INFO - DAG(s) dict_keys(['example_task_group']) retrieved from /home/ubuntu/redfin/lib/python3.10/site-packages/airflow/example_dags/example_task_group.py
[2023-12-03T23:33:10.530+0000] {logging_mixin.py:154} INFO - [2023-12-03T23:33:10.530+0000] {dag.py:2941} INFO - Sync 1 DAGs
[2023-12-03T23:33:10.552+0000] {logging_mixin.py:154} INFO - [2023-12-03T23:33:10.552+0000] {dag.py:3722} INFO - Setting next_dagrun for example_task_group to 2023-12-02T23:33:10.551943+00:00, run_after=2023-12-03T23:33:10.551943+00:00
[2023-12-03T23:33:10.576+0000] {processor.py:179} INFO - Processing /home/ubuntu/redfin/lib/python3.10/site-packages/airflow/example_dags/example_task_group.py took 0.080 seconds
[2023-12-03T23:33:56.872+0000] {processor.py:157} INFO - Started process (PID=5473) to work on /home/ubuntu/redfin/lib/python3.10/site-packages/airflow/example_dags/example_task_group.py
[2023-12-03T23:33:56.873+0000] {processor.py:829} INFO - Processing file /home/ubuntu/redfin/lib/python3.10/site-packages/airflow/example_dags/example_task_group.py for tasks to queue
[2023-12-03T23:33:56.874+0000] {logging_mixin.py:154} INFO - [2023-12-03T23:33:56.874+0000] {dagbag.py:536} INFO - Filling up the DagBag from /home/ubuntu/redfin/lib/python3.10/site-packages/airflow/example_dags/example_task_group.py
[2023-12-03T23:33:56.883+0000] {processor.py:839} INFO - DAG(s) dict_keys(['example_task_group']) retrieved from /home/ubuntu/redfin/lib/python3.10/site-packages/airflow/example_dags/example_task_group.py
[2023-12-03T23:33:56.903+0000] {logging_mixin.py:154} INFO - [2023-12-03T23:33:56.903+0000] {dag.py:2941} INFO - Sync 1 DAGs
[2023-12-03T23:33:56.926+0000] {logging_mixin.py:154} INFO - [2023-12-03T23:33:56.926+0000] {dag.py:3722} INFO - Setting next_dagrun for example_task_group to 2023-12-02T23:33:56.925766+00:00, run_after=2023-12-03T23:33:56.925766+00:00
[2023-12-03T23:33:56.950+0000] {processor.py:179} INFO - Processing /home/ubuntu/redfin/lib/python3.10/site-packages/airflow/example_dags/example_task_group.py took 0.082 seconds
[2023-12-03T23:34:45.990+0000] {processor.py:157} INFO - Started process (PID=5527) to work on /home/ubuntu/redfin/lib/python3.10/site-packages/airflow/example_dags/example_task_group.py
[2023-12-03T23:34:45.992+0000] {processor.py:829} INFO - Processing file /home/ubuntu/redfin/lib/python3.10/site-packages/airflow/example_dags/example_task_group.py for tasks to queue
[2023-12-03T23:34:45.993+0000] {logging_mixin.py:154} INFO - [2023-12-03T23:34:45.992+0000] {dagbag.py:536} INFO - Filling up the DagBag from /home/ubuntu/redfin/lib/python3.10/site-packages/airflow/example_dags/example_task_group.py
[2023-12-03T23:34:46.002+0000] {processor.py:839} INFO - DAG(s) dict_keys(['example_task_group']) retrieved from /home/ubuntu/redfin/lib/python3.10/site-packages/airflow/example_dags/example_task_group.py
[2023-12-03T23:34:46.022+0000] {logging_mixin.py:154} INFO - [2023-12-03T23:34:46.021+0000] {dag.py:2941} INFO - Sync 1 DAGs
[2023-12-03T23:34:46.043+0000] {logging_mixin.py:154} INFO - [2023-12-03T23:34:46.043+0000] {dag.py:3722} INFO - Setting next_dagrun for example_task_group to 2023-12-02T23:34:46.043131+00:00, run_after=2023-12-03T23:34:46.043131+00:00
[2023-12-03T23:34:46.067+0000] {processor.py:179} INFO - Processing /home/ubuntu/redfin/lib/python3.10/site-packages/airflow/example_dags/example_task_group.py took 0.080 seconds
[2023-12-03T23:35:35.344+0000] {processor.py:157} INFO - Started process (PID=5580) to work on /home/ubuntu/redfin/lib/python3.10/site-packages/airflow/example_dags/example_task_group.py
[2023-12-03T23:35:35.345+0000] {processor.py:829} INFO - Processing file /home/ubuntu/redfin/lib/python3.10/site-packages/airflow/example_dags/example_task_group.py for tasks to queue
[2023-12-03T23:35:35.346+0000] {logging_mixin.py:154} INFO - [2023-12-03T23:35:35.345+0000] {dagbag.py:536} INFO - Filling up the DagBag from /home/ubuntu/redfin/lib/python3.10/site-packages/airflow/example_dags/example_task_group.py
[2023-12-03T23:35:35.355+0000] {processor.py:839} INFO - DAG(s) dict_keys(['example_task_group']) retrieved from /home/ubuntu/redfin/lib/python3.10/site-packages/airflow/example_dags/example_task_group.py
[2023-12-03T23:35:35.374+0000] {logging_mixin.py:154} INFO - [2023-12-03T23:35:35.374+0000] {dag.py:2941} INFO - Sync 1 DAGs
[2023-12-03T23:35:35.395+0000] {logging_mixin.py:154} INFO - [2023-12-03T23:35:35.395+0000] {dag.py:3722} INFO - Setting next_dagrun for example_task_group to 2023-12-02T23:35:35.395372+00:00, run_after=2023-12-03T23:35:35.395372+00:00
[2023-12-03T23:35:35.418+0000] {processor.py:179} INFO - Processing /home/ubuntu/redfin/lib/python3.10/site-packages/airflow/example_dags/example_task_group.py took 0.079 seconds
[2023-12-03T23:36:26.825+0000] {processor.py:157} INFO - Started process (PID=5636) to work on /home/ubuntu/redfin/lib/python3.10/site-packages/airflow/example_dags/example_task_group.py
[2023-12-03T23:36:26.826+0000] {processor.py:829} INFO - Processing file /home/ubuntu/redfin/lib/python3.10/site-packages/airflow/example_dags/example_task_group.py for tasks to queue
[2023-12-03T23:36:26.827+0000] {logging_mixin.py:154} INFO - [2023-12-03T23:36:26.827+0000] {dagbag.py:536} INFO - Filling up the DagBag from /home/ubuntu/redfin/lib/python3.10/site-packages/airflow/example_dags/example_task_group.py
[2023-12-03T23:36:26.836+0000] {processor.py:839} INFO - DAG(s) dict_keys(['example_task_group']) retrieved from /home/ubuntu/redfin/lib/python3.10/site-packages/airflow/example_dags/example_task_group.py
[2023-12-03T23:36:26.855+0000] {logging_mixin.py:154} INFO - [2023-12-03T23:36:26.855+0000] {dag.py:2941} INFO - Sync 1 DAGs
[2023-12-03T23:36:26.876+0000] {logging_mixin.py:154} INFO - [2023-12-03T23:36:26.876+0000] {dag.py:3722} INFO - Setting next_dagrun for example_task_group to 2023-12-02T23:36:26.876353+00:00, run_after=2023-12-03T23:36:26.876353+00:00
[2023-12-03T23:36:26.901+0000] {processor.py:179} INFO - Processing /home/ubuntu/redfin/lib/python3.10/site-packages/airflow/example_dags/example_task_group.py took 0.080 seconds
[2023-12-03T23:37:16.400+0000] {processor.py:157} INFO - Started process (PID=5689) to work on /home/ubuntu/redfin/lib/python3.10/site-packages/airflow/example_dags/example_task_group.py
[2023-12-03T23:37:16.401+0000] {processor.py:829} INFO - Processing file /home/ubuntu/redfin/lib/python3.10/site-packages/airflow/example_dags/example_task_group.py for tasks to queue
[2023-12-03T23:37:16.402+0000] {logging_mixin.py:154} INFO - [2023-12-03T23:37:16.402+0000] {dagbag.py:536} INFO - Filling up the DagBag from /home/ubuntu/redfin/lib/python3.10/site-packages/airflow/example_dags/example_task_group.py
[2023-12-03T23:37:16.411+0000] {processor.py:839} INFO - DAG(s) dict_keys(['example_task_group']) retrieved from /home/ubuntu/redfin/lib/python3.10/site-packages/airflow/example_dags/example_task_group.py
[2023-12-03T23:37:16.430+0000] {logging_mixin.py:154} INFO - [2023-12-03T23:37:16.430+0000] {dag.py:2941} INFO - Sync 1 DAGs
[2023-12-03T23:37:16.453+0000] {logging_mixin.py:154} INFO - [2023-12-03T23:37:16.453+0000] {dag.py:3722} INFO - Setting next_dagrun for example_task_group to 2023-12-02T23:37:16.453090+00:00, run_after=2023-12-03T23:37:16.453090+00:00
[2023-12-03T23:37:16.475+0000] {processor.py:179} INFO - Processing /home/ubuntu/redfin/lib/python3.10/site-packages/airflow/example_dags/example_task_group.py took 0.079 seconds
[2023-12-03T23:38:00.515+0000] {processor.py:157} INFO - Started process (PID=5738) to work on /home/ubuntu/redfin/lib/python3.10/site-packages/airflow/example_dags/example_task_group.py
[2023-12-03T23:38:00.517+0000] {processor.py:829} INFO - Processing file /home/ubuntu/redfin/lib/python3.10/site-packages/airflow/example_dags/example_task_group.py for tasks to queue
[2023-12-03T23:38:00.517+0000] {logging_mixin.py:154} INFO - [2023-12-03T23:38:00.517+0000] {dagbag.py:536} INFO - Filling up the DagBag from /home/ubuntu/redfin/lib/python3.10/site-packages/airflow/example_dags/example_task_group.py
[2023-12-03T23:38:00.526+0000] {processor.py:839} INFO - DAG(s) dict_keys(['example_task_group']) retrieved from /home/ubuntu/redfin/lib/python3.10/site-packages/airflow/example_dags/example_task_group.py
[2023-12-03T23:38:00.546+0000] {logging_mixin.py:154} INFO - [2023-12-03T23:38:00.545+0000] {dag.py:2941} INFO - Sync 1 DAGs
[2023-12-03T23:38:00.567+0000] {logging_mixin.py:154} INFO - [2023-12-03T23:38:00.566+0000] {dag.py:3722} INFO - Setting next_dagrun for example_task_group to 2023-12-02T23:38:00.566611+00:00, run_after=2023-12-03T23:38:00.566611+00:00
[2023-12-03T23:38:00.590+0000] {processor.py:179} INFO - Processing /home/ubuntu/redfin/lib/python3.10/site-packages/airflow/example_dags/example_task_group.py took 0.078 seconds
[2023-12-03T23:38:49.454+0000] {processor.py:157} INFO - Started process (PID=5793) to work on /home/ubuntu/redfin/lib/python3.10/site-packages/airflow/example_dags/example_task_group.py
[2023-12-03T23:38:49.455+0000] {processor.py:829} INFO - Processing file /home/ubuntu/redfin/lib/python3.10/site-packages/airflow/example_dags/example_task_group.py for tasks to queue
[2023-12-03T23:38:49.456+0000] {logging_mixin.py:154} INFO - [2023-12-03T23:38:49.456+0000] {dagbag.py:536} INFO - Filling up the DagBag from /home/ubuntu/redfin/lib/python3.10/site-packages/airflow/example_dags/example_task_group.py
[2023-12-03T23:38:49.466+0000] {processor.py:839} INFO - DAG(s) dict_keys(['example_task_group']) retrieved from /home/ubuntu/redfin/lib/python3.10/site-packages/airflow/example_dags/example_task_group.py
[2023-12-03T23:38:49.486+0000] {logging_mixin.py:154} INFO - [2023-12-03T23:38:49.485+0000] {dag.py:2941} INFO - Sync 1 DAGs
[2023-12-03T23:38:49.508+0000] {logging_mixin.py:154} INFO - [2023-12-03T23:38:49.507+0000] {dag.py:3722} INFO - Setting next_dagrun for example_task_group to 2023-12-02T23:38:49.507669+00:00, run_after=2023-12-03T23:38:49.507669+00:00
[2023-12-03T23:38:49.532+0000] {processor.py:179} INFO - Processing /home/ubuntu/redfin/lib/python3.10/site-packages/airflow/example_dags/example_task_group.py took 0.081 seconds
[2023-12-03T23:39:35.804+0000] {processor.py:157} INFO - Started process (PID=5843) to work on /home/ubuntu/redfin/lib/python3.10/site-packages/airflow/example_dags/example_task_group.py
[2023-12-03T23:39:35.806+0000] {processor.py:829} INFO - Processing file /home/ubuntu/redfin/lib/python3.10/site-packages/airflow/example_dags/example_task_group.py for tasks to queue
[2023-12-03T23:39:35.807+0000] {logging_mixin.py:154} INFO - [2023-12-03T23:39:35.806+0000] {dagbag.py:536} INFO - Filling up the DagBag from /home/ubuntu/redfin/lib/python3.10/site-packages/airflow/example_dags/example_task_group.py
[2023-12-03T23:39:35.816+0000] {processor.py:839} INFO - DAG(s) dict_keys(['example_task_group']) retrieved from /home/ubuntu/redfin/lib/python3.10/site-packages/airflow/example_dags/example_task_group.py
[2023-12-03T23:39:35.835+0000] {logging_mixin.py:154} INFO - [2023-12-03T23:39:35.835+0000] {dag.py:2941} INFO - Sync 1 DAGs
[2023-12-03T23:39:35.858+0000] {logging_mixin.py:154} INFO - [2023-12-03T23:39:35.857+0000] {dag.py:3722} INFO - Setting next_dagrun for example_task_group to 2023-12-02T23:39:35.857670+00:00, run_after=2023-12-03T23:39:35.857670+00:00
[2023-12-03T23:39:35.881+0000] {processor.py:179} INFO - Processing /home/ubuntu/redfin/lib/python3.10/site-packages/airflow/example_dags/example_task_group.py took 0.080 seconds
[2023-12-03T23:40:22.276+0000] {processor.py:157} INFO - Started process (PID=5893) to work on /home/ubuntu/redfin/lib/python3.10/site-packages/airflow/example_dags/example_task_group.py
[2023-12-03T23:40:22.277+0000] {processor.py:829} INFO - Processing file /home/ubuntu/redfin/lib/python3.10/site-packages/airflow/example_dags/example_task_group.py for tasks to queue
[2023-12-03T23:40:22.278+0000] {logging_mixin.py:154} INFO - [2023-12-03T23:40:22.278+0000] {dagbag.py:536} INFO - Filling up the DagBag from /home/ubuntu/redfin/lib/python3.10/site-packages/airflow/example_dags/example_task_group.py
[2023-12-03T23:40:22.287+0000] {processor.py:839} INFO - DAG(s) dict_keys(['example_task_group']) retrieved from /home/ubuntu/redfin/lib/python3.10/site-packages/airflow/example_dags/example_task_group.py
[2023-12-03T23:40:22.307+0000] {logging_mixin.py:154} INFO - [2023-12-03T23:40:22.307+0000] {dag.py:2941} INFO - Sync 1 DAGs
[2023-12-03T23:40:22.328+0000] {logging_mixin.py:154} INFO - [2023-12-03T23:40:22.328+0000] {dag.py:3722} INFO - Setting next_dagrun for example_task_group to 2023-12-02T23:40:22.328405+00:00, run_after=2023-12-03T23:40:22.328405+00:00
[2023-12-03T23:40:22.351+0000] {processor.py:179} INFO - Processing /home/ubuntu/redfin/lib/python3.10/site-packages/airflow/example_dags/example_task_group.py took 0.079 seconds
[2023-12-03T23:41:12.625+0000] {processor.py:157} INFO - Started process (PID=5947) to work on /home/ubuntu/redfin/lib/python3.10/site-packages/airflow/example_dags/example_task_group.py
[2023-12-03T23:41:12.626+0000] {processor.py:829} INFO - Processing file /home/ubuntu/redfin/lib/python3.10/site-packages/airflow/example_dags/example_task_group.py for tasks to queue
[2023-12-03T23:41:12.627+0000] {logging_mixin.py:154} INFO - [2023-12-03T23:41:12.627+0000] {dagbag.py:536} INFO - Filling up the DagBag from /home/ubuntu/redfin/lib/python3.10/site-packages/airflow/example_dags/example_task_group.py
[2023-12-03T23:41:12.636+0000] {processor.py:839} INFO - DAG(s) dict_keys(['example_task_group']) retrieved from /home/ubuntu/redfin/lib/python3.10/site-packages/airflow/example_dags/example_task_group.py
[2023-12-03T23:41:12.656+0000] {logging_mixin.py:154} INFO - [2023-12-03T23:41:12.656+0000] {dag.py:2941} INFO - Sync 1 DAGs
[2023-12-03T23:41:12.679+0000] {logging_mixin.py:154} INFO - [2023-12-03T23:41:12.679+0000] {dag.py:3722} INFO - Setting next_dagrun for example_task_group to 2023-12-02T23:41:12.678880+00:00, run_after=2023-12-03T23:41:12.678880+00:00
[2023-12-03T23:41:12.703+0000] {processor.py:179} INFO - Processing /home/ubuntu/redfin/lib/python3.10/site-packages/airflow/example_dags/example_task_group.py took 0.082 seconds
[2023-12-03T23:41:57.221+0000] {processor.py:157} INFO - Started process (PID=5996) to work on /home/ubuntu/redfin/lib/python3.10/site-packages/airflow/example_dags/example_task_group.py
[2023-12-03T23:41:57.223+0000] {processor.py:829} INFO - Processing file /home/ubuntu/redfin/lib/python3.10/site-packages/airflow/example_dags/example_task_group.py for tasks to queue
[2023-12-03T23:41:57.224+0000] {logging_mixin.py:154} INFO - [2023-12-03T23:41:57.223+0000] {dagbag.py:536} INFO - Filling up the DagBag from /home/ubuntu/redfin/lib/python3.10/site-packages/airflow/example_dags/example_task_group.py
[2023-12-03T23:41:57.233+0000] {processor.py:839} INFO - DAG(s) dict_keys(['example_task_group']) retrieved from /home/ubuntu/redfin/lib/python3.10/site-packages/airflow/example_dags/example_task_group.py
[2023-12-03T23:41:57.253+0000] {logging_mixin.py:154} INFO - [2023-12-03T23:41:57.252+0000] {dag.py:2941} INFO - Sync 1 DAGs
[2023-12-03T23:41:57.274+0000] {logging_mixin.py:154} INFO - [2023-12-03T23:41:57.274+0000] {dag.py:3722} INFO - Setting next_dagrun for example_task_group to 2023-12-02T23:41:57.274411+00:00, run_after=2023-12-03T23:41:57.274411+00:00
[2023-12-03T23:41:57.297+0000] {processor.py:179} INFO - Processing /home/ubuntu/redfin/lib/python3.10/site-packages/airflow/example_dags/example_task_group.py took 0.080 seconds
[2023-12-03T23:42:45.544+0000] {processor.py:157} INFO - Started process (PID=6051) to work on /home/ubuntu/redfin/lib/python3.10/site-packages/airflow/example_dags/example_task_group.py
[2023-12-03T23:42:45.546+0000] {processor.py:829} INFO - Processing file /home/ubuntu/redfin/lib/python3.10/site-packages/airflow/example_dags/example_task_group.py for tasks to queue
[2023-12-03T23:42:45.547+0000] {logging_mixin.py:154} INFO - [2023-12-03T23:42:45.546+0000] {dagbag.py:536} INFO - Filling up the DagBag from /home/ubuntu/redfin/lib/python3.10/site-packages/airflow/example_dags/example_task_group.py
[2023-12-03T23:42:45.556+0000] {processor.py:839} INFO - DAG(s) dict_keys(['example_task_group']) retrieved from /home/ubuntu/redfin/lib/python3.10/site-packages/airflow/example_dags/example_task_group.py
[2023-12-03T23:42:45.574+0000] {logging_mixin.py:154} INFO - [2023-12-03T23:42:45.574+0000] {dag.py:2941} INFO - Sync 1 DAGs
[2023-12-03T23:42:45.595+0000] {logging_mixin.py:154} INFO - [2023-12-03T23:42:45.595+0000] {dag.py:3722} INFO - Setting next_dagrun for example_task_group to 2023-12-02T23:42:45.595384+00:00, run_after=2023-12-03T23:42:45.595384+00:00
[2023-12-03T23:42:45.617+0000] {processor.py:179} INFO - Processing /home/ubuntu/redfin/lib/python3.10/site-packages/airflow/example_dags/example_task_group.py took 0.077 seconds
[2023-12-03T23:43:30.947+0000] {processor.py:157} INFO - Started process (PID=6100) to work on /home/ubuntu/redfin/lib/python3.10/site-packages/airflow/example_dags/example_task_group.py
[2023-12-03T23:43:30.948+0000] {processor.py:829} INFO - Processing file /home/ubuntu/redfin/lib/python3.10/site-packages/airflow/example_dags/example_task_group.py for tasks to queue
[2023-12-03T23:43:30.949+0000] {logging_mixin.py:154} INFO - [2023-12-03T23:43:30.948+0000] {dagbag.py:536} INFO - Filling up the DagBag from /home/ubuntu/redfin/lib/python3.10/site-packages/airflow/example_dags/example_task_group.py
[2023-12-03T23:43:30.957+0000] {processor.py:839} INFO - DAG(s) dict_keys(['example_task_group']) retrieved from /home/ubuntu/redfin/lib/python3.10/site-packages/airflow/example_dags/example_task_group.py
[2023-12-03T23:43:30.977+0000] {logging_mixin.py:154} INFO - [2023-12-03T23:43:30.976+0000] {dag.py:2941} INFO - Sync 1 DAGs
[2023-12-03T23:43:30.998+0000] {logging_mixin.py:154} INFO - [2023-12-03T23:43:30.998+0000] {dag.py:3722} INFO - Setting next_dagrun for example_task_group to 2023-12-02T23:43:30.997942+00:00, run_after=2023-12-03T23:43:30.997942+00:00
[2023-12-03T23:43:31.020+0000] {processor.py:179} INFO - Processing /home/ubuntu/redfin/lib/python3.10/site-packages/airflow/example_dags/example_task_group.py took 0.077 seconds
[2023-12-03T23:44:04.719+0000] {processor.py:157} INFO - Started process (PID=6384) to work on /home/ubuntu/redfin/lib/python3.10/site-packages/airflow/example_dags/example_task_group.py
[2023-12-03T23:44:04.721+0000] {processor.py:829} INFO - Processing file /home/ubuntu/redfin/lib/python3.10/site-packages/airflow/example_dags/example_task_group.py for tasks to queue
[2023-12-03T23:44:04.722+0000] {logging_mixin.py:154} INFO - [2023-12-03T23:44:04.721+0000] {dagbag.py:536} INFO - Filling up the DagBag from /home/ubuntu/redfin/lib/python3.10/site-packages/airflow/example_dags/example_task_group.py
[2023-12-03T23:44:04.730+0000] {processor.py:839} INFO - DAG(s) dict_keys(['example_task_group']) retrieved from /home/ubuntu/redfin/lib/python3.10/site-packages/airflow/example_dags/example_task_group.py
[2023-12-03T23:44:04.750+0000] {logging_mixin.py:154} INFO - [2023-12-03T23:44:04.749+0000] {dag.py:2941} INFO - Sync 1 DAGs
[2023-12-03T23:44:04.772+0000] {logging_mixin.py:154} INFO - [2023-12-03T23:44:04.771+0000] {dag.py:3722} INFO - Setting next_dagrun for example_task_group to 2023-12-02T23:44:04.771692+00:00, run_after=2023-12-03T23:44:04.771692+00:00
[2023-12-03T23:44:04.795+0000] {processor.py:179} INFO - Processing /home/ubuntu/redfin/lib/python3.10/site-packages/airflow/example_dags/example_task_group.py took 0.079 seconds
[2023-12-03T23:44:48.323+0000] {processor.py:157} INFO - Started process (PID=6596) to work on /home/ubuntu/redfin/lib/python3.10/site-packages/airflow/example_dags/example_task_group.py
[2023-12-03T23:44:48.324+0000] {processor.py:829} INFO - Processing file /home/ubuntu/redfin/lib/python3.10/site-packages/airflow/example_dags/example_task_group.py for tasks to queue
[2023-12-03T23:44:48.325+0000] {logging_mixin.py:154} INFO - [2023-12-03T23:44:48.325+0000] {dagbag.py:536} INFO - Filling up the DagBag from /home/ubuntu/redfin/lib/python3.10/site-packages/airflow/example_dags/example_task_group.py
[2023-12-03T23:44:48.334+0000] {processor.py:839} INFO - DAG(s) dict_keys(['example_task_group']) retrieved from /home/ubuntu/redfin/lib/python3.10/site-packages/airflow/example_dags/example_task_group.py
[2023-12-03T23:44:48.353+0000] {logging_mixin.py:154} INFO - [2023-12-03T23:44:48.353+0000] {dag.py:2941} INFO - Sync 1 DAGs
[2023-12-03T23:44:48.374+0000] {logging_mixin.py:154} INFO - [2023-12-03T23:44:48.373+0000] {dag.py:3722} INFO - Setting next_dagrun for example_task_group to 2023-12-02T23:44:48.373600+00:00, run_after=2023-12-03T23:44:48.373600+00:00
[2023-12-03T23:44:48.396+0000] {processor.py:179} INFO - Processing /home/ubuntu/redfin/lib/python3.10/site-packages/airflow/example_dags/example_task_group.py took 0.076 seconds
[2023-12-03T23:45:31.460+0000] {processor.py:157} INFO - Started process (PID=6644) to work on /home/ubuntu/redfin/lib/python3.10/site-packages/airflow/example_dags/example_task_group.py
[2023-12-03T23:45:31.462+0000] {processor.py:829} INFO - Processing file /home/ubuntu/redfin/lib/python3.10/site-packages/airflow/example_dags/example_task_group.py for tasks to queue
[2023-12-03T23:45:31.462+0000] {logging_mixin.py:154} INFO - [2023-12-03T23:45:31.462+0000] {dagbag.py:536} INFO - Filling up the DagBag from /home/ubuntu/redfin/lib/python3.10/site-packages/airflow/example_dags/example_task_group.py
[2023-12-03T23:45:31.471+0000] {processor.py:839} INFO - DAG(s) dict_keys(['example_task_group']) retrieved from /home/ubuntu/redfin/lib/python3.10/site-packages/airflow/example_dags/example_task_group.py
[2023-12-03T23:45:31.492+0000] {logging_mixin.py:154} INFO - [2023-12-03T23:45:31.491+0000] {dag.py:2941} INFO - Sync 1 DAGs
[2023-12-03T23:45:31.514+0000] {logging_mixin.py:154} INFO - [2023-12-03T23:45:31.514+0000] {dag.py:3722} INFO - Setting next_dagrun for example_task_group to 2023-12-02T23:45:31.514180+00:00, run_after=2023-12-03T23:45:31.514180+00:00
[2023-12-03T23:45:31.538+0000] {processor.py:179} INFO - Processing /home/ubuntu/redfin/lib/python3.10/site-packages/airflow/example_dags/example_task_group.py took 0.081 seconds
[2023-12-03T23:46:14.749+0000] {processor.py:157} INFO - Started process (PID=6693) to work on /home/ubuntu/redfin/lib/python3.10/site-packages/airflow/example_dags/example_task_group.py
[2023-12-03T23:46:14.751+0000] {processor.py:829} INFO - Processing file /home/ubuntu/redfin/lib/python3.10/site-packages/airflow/example_dags/example_task_group.py for tasks to queue
[2023-12-03T23:46:14.752+0000] {logging_mixin.py:154} INFO - [2023-12-03T23:46:14.751+0000] {dagbag.py:536} INFO - Filling up the DagBag from /home/ubuntu/redfin/lib/python3.10/site-packages/airflow/example_dags/example_task_group.py
[2023-12-03T23:46:14.761+0000] {processor.py:839} INFO - DAG(s) dict_keys(['example_task_group']) retrieved from /home/ubuntu/redfin/lib/python3.10/site-packages/airflow/example_dags/example_task_group.py
[2023-12-03T23:46:14.780+0000] {logging_mixin.py:154} INFO - [2023-12-03T23:46:14.780+0000] {dag.py:2941} INFO - Sync 1 DAGs
[2023-12-03T23:46:14.801+0000] {logging_mixin.py:154} INFO - [2023-12-03T23:46:14.801+0000] {dag.py:3722} INFO - Setting next_dagrun for example_task_group to 2023-12-02T23:46:14.801089+00:00, run_after=2023-12-03T23:46:14.801089+00:00
[2023-12-03T23:46:14.824+0000] {processor.py:179} INFO - Processing /home/ubuntu/redfin/lib/python3.10/site-packages/airflow/example_dags/example_task_group.py took 0.079 seconds
[2023-12-03T23:47:02.339+0000] {processor.py:157} INFO - Started process (PID=6749) to work on /home/ubuntu/redfin/lib/python3.10/site-packages/airflow/example_dags/example_task_group.py
[2023-12-03T23:47:02.341+0000] {processor.py:829} INFO - Processing file /home/ubuntu/redfin/lib/python3.10/site-packages/airflow/example_dags/example_task_group.py for tasks to queue
[2023-12-03T23:47:02.342+0000] {logging_mixin.py:154} INFO - [2023-12-03T23:47:02.342+0000] {dagbag.py:536} INFO - Filling up the DagBag from /home/ubuntu/redfin/lib/python3.10/site-packages/airflow/example_dags/example_task_group.py
[2023-12-03T23:47:02.351+0000] {processor.py:839} INFO - DAG(s) dict_keys(['example_task_group']) retrieved from /home/ubuntu/redfin/lib/python3.10/site-packages/airflow/example_dags/example_task_group.py
[2023-12-03T23:47:02.371+0000] {logging_mixin.py:154} INFO - [2023-12-03T23:47:02.371+0000] {dag.py:2941} INFO - Sync 1 DAGs
[2023-12-03T23:47:02.393+0000] {logging_mixin.py:154} INFO - [2023-12-03T23:47:02.393+0000] {dag.py:3722} INFO - Setting next_dagrun for example_task_group to 2023-12-02T23:47:02.392741+00:00, run_after=2023-12-03T23:47:02.392741+00:00
[2023-12-03T23:47:02.415+0000] {processor.py:179} INFO - Processing /home/ubuntu/redfin/lib/python3.10/site-packages/airflow/example_dags/example_task_group.py took 0.080 seconds
[2023-12-03T23:47:51.726+0000] {processor.py:157} INFO - Started process (PID=6835) to work on /home/ubuntu/redfin/lib/python3.10/site-packages/airflow/example_dags/example_task_group.py
[2023-12-03T23:47:51.728+0000] {processor.py:829} INFO - Processing file /home/ubuntu/redfin/lib/python3.10/site-packages/airflow/example_dags/example_task_group.py for tasks to queue
[2023-12-03T23:47:51.729+0000] {logging_mixin.py:154} INFO - [2023-12-03T23:47:51.729+0000] {dagbag.py:536} INFO - Filling up the DagBag from /home/ubuntu/redfin/lib/python3.10/site-packages/airflow/example_dags/example_task_group.py
[2023-12-03T23:47:51.738+0000] {processor.py:839} INFO - DAG(s) dict_keys(['example_task_group']) retrieved from /home/ubuntu/redfin/lib/python3.10/site-packages/airflow/example_dags/example_task_group.py
[2023-12-03T23:47:51.757+0000] {logging_mixin.py:154} INFO - [2023-12-03T23:47:51.757+0000] {dag.py:2941} INFO - Sync 1 DAGs
[2023-12-03T23:47:51.778+0000] {logging_mixin.py:154} INFO - [2023-12-03T23:47:51.778+0000] {dag.py:3722} INFO - Setting next_dagrun for example_task_group to 2023-12-02T23:47:51.778081+00:00, run_after=2023-12-03T23:47:51.778081+00:00
[2023-12-03T23:47:51.802+0000] {processor.py:179} INFO - Processing /home/ubuntu/redfin/lib/python3.10/site-packages/airflow/example_dags/example_task_group.py took 0.080 seconds
[2023-12-03T23:48:40.487+0000] {processor.py:157} INFO - Started process (PID=6888) to work on /home/ubuntu/redfin/lib/python3.10/site-packages/airflow/example_dags/example_task_group.py
[2023-12-03T23:48:40.488+0000] {processor.py:829} INFO - Processing file /home/ubuntu/redfin/lib/python3.10/site-packages/airflow/example_dags/example_task_group.py for tasks to queue
[2023-12-03T23:48:40.489+0000] {logging_mixin.py:154} INFO - [2023-12-03T23:48:40.489+0000] {dagbag.py:536} INFO - Filling up the DagBag from /home/ubuntu/redfin/lib/python3.10/site-packages/airflow/example_dags/example_task_group.py
[2023-12-03T23:48:40.498+0000] {processor.py:839} INFO - DAG(s) dict_keys(['example_task_group']) retrieved from /home/ubuntu/redfin/lib/python3.10/site-packages/airflow/example_dags/example_task_group.py
[2023-12-03T23:48:40.518+0000] {logging_mixin.py:154} INFO - [2023-12-03T23:48:40.518+0000] {dag.py:2941} INFO - Sync 1 DAGs
[2023-12-03T23:48:40.541+0000] {logging_mixin.py:154} INFO - [2023-12-03T23:48:40.541+0000] {dag.py:3722} INFO - Setting next_dagrun for example_task_group to 2023-12-02T23:48:40.541157+00:00, run_after=2023-12-03T23:48:40.541157+00:00
[2023-12-03T23:48:40.565+0000] {processor.py:179} INFO - Processing /home/ubuntu/redfin/lib/python3.10/site-packages/airflow/example_dags/example_task_group.py took 0.081 seconds
[2023-12-03T23:49:31.994+0000] {processor.py:157} INFO - Started process (PID=6946) to work on /home/ubuntu/redfin/lib/python3.10/site-packages/airflow/example_dags/example_task_group.py
[2023-12-03T23:49:31.995+0000] {processor.py:829} INFO - Processing file /home/ubuntu/redfin/lib/python3.10/site-packages/airflow/example_dags/example_task_group.py for tasks to queue
[2023-12-03T23:49:31.996+0000] {logging_mixin.py:154} INFO - [2023-12-03T23:49:31.996+0000] {dagbag.py:536} INFO - Filling up the DagBag from /home/ubuntu/redfin/lib/python3.10/site-packages/airflow/example_dags/example_task_group.py
[2023-12-03T23:49:32.005+0000] {processor.py:839} INFO - DAG(s) dict_keys(['example_task_group']) retrieved from /home/ubuntu/redfin/lib/python3.10/site-packages/airflow/example_dags/example_task_group.py
[2023-12-03T23:49:32.024+0000] {logging_mixin.py:154} INFO - [2023-12-03T23:49:32.024+0000] {dag.py:2941} INFO - Sync 1 DAGs
[2023-12-03T23:49:32.046+0000] {logging_mixin.py:154} INFO - [2023-12-03T23:49:32.046+0000] {dag.py:3722} INFO - Setting next_dagrun for example_task_group to 2023-12-02T23:49:32.045755+00:00, run_after=2023-12-03T23:49:32.045755+00:00
[2023-12-03T23:49:32.069+0000] {processor.py:179} INFO - Processing /home/ubuntu/redfin/lib/python3.10/site-packages/airflow/example_dags/example_task_group.py took 0.079 seconds
[2023-12-03T23:50:17.950+0000] {processor.py:157} INFO - Started process (PID=6997) to work on /home/ubuntu/redfin/lib/python3.10/site-packages/airflow/example_dags/example_task_group.py
[2023-12-03T23:50:17.951+0000] {processor.py:829} INFO - Processing file /home/ubuntu/redfin/lib/python3.10/site-packages/airflow/example_dags/example_task_group.py for tasks to queue
[2023-12-03T23:50:17.952+0000] {logging_mixin.py:154} INFO - [2023-12-03T23:50:17.952+0000] {dagbag.py:536} INFO - Filling up the DagBag from /home/ubuntu/redfin/lib/python3.10/site-packages/airflow/example_dags/example_task_group.py
[2023-12-03T23:50:17.962+0000] {processor.py:839} INFO - DAG(s) dict_keys(['example_task_group']) retrieved from /home/ubuntu/redfin/lib/python3.10/site-packages/airflow/example_dags/example_task_group.py
[2023-12-03T23:50:17.983+0000] {logging_mixin.py:154} INFO - [2023-12-03T23:50:17.982+0000] {dag.py:2941} INFO - Sync 1 DAGs
[2023-12-03T23:50:18.006+0000] {logging_mixin.py:154} INFO - [2023-12-03T23:50:18.006+0000] {dag.py:3722} INFO - Setting next_dagrun for example_task_group to 2023-12-02T23:50:18.006290+00:00, run_after=2023-12-03T23:50:18.006290+00:00
[2023-12-03T23:50:18.031+0000] {processor.py:179} INFO - Processing /home/ubuntu/redfin/lib/python3.10/site-packages/airflow/example_dags/example_task_group.py took 0.085 seconds
[2023-12-03T23:51:06.671+0000] {processor.py:157} INFO - Started process (PID=7052) to work on /home/ubuntu/redfin/lib/python3.10/site-packages/airflow/example_dags/example_task_group.py
[2023-12-03T23:51:06.673+0000] {processor.py:829} INFO - Processing file /home/ubuntu/redfin/lib/python3.10/site-packages/airflow/example_dags/example_task_group.py for tasks to queue
[2023-12-03T23:51:06.673+0000] {logging_mixin.py:154} INFO - [2023-12-03T23:51:06.673+0000] {dagbag.py:536} INFO - Filling up the DagBag from /home/ubuntu/redfin/lib/python3.10/site-packages/airflow/example_dags/example_task_group.py
[2023-12-03T23:51:06.683+0000] {processor.py:839} INFO - DAG(s) dict_keys(['example_task_group']) retrieved from /home/ubuntu/redfin/lib/python3.10/site-packages/airflow/example_dags/example_task_group.py
[2023-12-03T23:51:06.703+0000] {logging_mixin.py:154} INFO - [2023-12-03T23:51:06.703+0000] {dag.py:2941} INFO - Sync 1 DAGs
[2023-12-03T23:51:06.727+0000] {logging_mixin.py:154} INFO - [2023-12-03T23:51:06.726+0000] {dag.py:3722} INFO - Setting next_dagrun for example_task_group to 2023-12-02T23:51:06.726596+00:00, run_after=2023-12-03T23:51:06.726596+00:00
[2023-12-03T23:51:06.751+0000] {processor.py:179} INFO - Processing /home/ubuntu/redfin/lib/python3.10/site-packages/airflow/example_dags/example_task_group.py took 0.084 seconds
[2023-12-03T23:51:53.156+0000] {processor.py:157} INFO - Started process (PID=7103) to work on /home/ubuntu/redfin/lib/python3.10/site-packages/airflow/example_dags/example_task_group.py
[2023-12-03T23:51:53.158+0000] {processor.py:829} INFO - Processing file /home/ubuntu/redfin/lib/python3.10/site-packages/airflow/example_dags/example_task_group.py for tasks to queue
[2023-12-03T23:51:53.159+0000] {logging_mixin.py:154} INFO - [2023-12-03T23:51:53.158+0000] {dagbag.py:536} INFO - Filling up the DagBag from /home/ubuntu/redfin/lib/python3.10/site-packages/airflow/example_dags/example_task_group.py
[2023-12-03T23:51:53.168+0000] {processor.py:839} INFO - DAG(s) dict_keys(['example_task_group']) retrieved from /home/ubuntu/redfin/lib/python3.10/site-packages/airflow/example_dags/example_task_group.py
[2023-12-03T23:51:53.187+0000] {logging_mixin.py:154} INFO - [2023-12-03T23:51:53.186+0000] {dag.py:2941} INFO - Sync 1 DAGs
[2023-12-03T23:51:53.208+0000] {logging_mixin.py:154} INFO - [2023-12-03T23:51:53.208+0000] {dag.py:3722} INFO - Setting next_dagrun for example_task_group to 2023-12-02T23:51:53.207960+00:00, run_after=2023-12-03T23:51:53.207960+00:00
[2023-12-03T23:51:53.230+0000] {processor.py:179} INFO - Processing /home/ubuntu/redfin/lib/python3.10/site-packages/airflow/example_dags/example_task_group.py took 0.077 seconds
[2023-12-03T23:52:27.895+0000] {processor.py:157} INFO - Started process (PID=7140) to work on /home/ubuntu/redfin/lib/python3.10/site-packages/airflow/example_dags/example_task_group.py
[2023-12-03T23:52:27.896+0000] {processor.py:829} INFO - Processing file /home/ubuntu/redfin/lib/python3.10/site-packages/airflow/example_dags/example_task_group.py for tasks to queue
[2023-12-03T23:52:27.897+0000] {logging_mixin.py:154} INFO - [2023-12-03T23:52:27.897+0000] {dagbag.py:536} INFO - Filling up the DagBag from /home/ubuntu/redfin/lib/python3.10/site-packages/airflow/example_dags/example_task_group.py
[2023-12-03T23:52:27.906+0000] {processor.py:839} INFO - DAG(s) dict_keys(['example_task_group']) retrieved from /home/ubuntu/redfin/lib/python3.10/site-packages/airflow/example_dags/example_task_group.py
[2023-12-03T23:52:27.926+0000] {logging_mixin.py:154} INFO - [2023-12-03T23:52:27.926+0000] {dag.py:2941} INFO - Sync 1 DAGs
[2023-12-03T23:52:27.948+0000] {logging_mixin.py:154} INFO - [2023-12-03T23:52:27.947+0000] {dag.py:3722} INFO - Setting next_dagrun for example_task_group to 2023-12-02T23:52:27.947619+00:00, run_after=2023-12-03T23:52:27.947619+00:00
[2023-12-03T23:52:27.971+0000] {processor.py:179} INFO - Processing /home/ubuntu/redfin/lib/python3.10/site-packages/airflow/example_dags/example_task_group.py took 0.080 seconds
[2023-12-03T23:53:18.028+0000] {processor.py:157} INFO - Started process (PID=7194) to work on /home/ubuntu/redfin/lib/python3.10/site-packages/airflow/example_dags/example_task_group.py
[2023-12-03T23:53:18.030+0000] {processor.py:829} INFO - Processing file /home/ubuntu/redfin/lib/python3.10/site-packages/airflow/example_dags/example_task_group.py for tasks to queue
[2023-12-03T23:53:18.031+0000] {logging_mixin.py:154} INFO - [2023-12-03T23:53:18.030+0000] {dagbag.py:536} INFO - Filling up the DagBag from /home/ubuntu/redfin/lib/python3.10/site-packages/airflow/example_dags/example_task_group.py
[2023-12-03T23:53:18.040+0000] {processor.py:839} INFO - DAG(s) dict_keys(['example_task_group']) retrieved from /home/ubuntu/redfin/lib/python3.10/site-packages/airflow/example_dags/example_task_group.py
[2023-12-03T23:53:18.058+0000] {logging_mixin.py:154} INFO - [2023-12-03T23:53:18.058+0000] {dag.py:2941} INFO - Sync 1 DAGs
[2023-12-03T23:53:18.080+0000] {logging_mixin.py:154} INFO - [2023-12-03T23:53:18.080+0000] {dag.py:3722} INFO - Setting next_dagrun for example_task_group to 2023-12-02T23:53:18.079969+00:00, run_after=2023-12-03T23:53:18.079969+00:00
[2023-12-03T23:53:18.103+0000] {processor.py:179} INFO - Processing /home/ubuntu/redfin/lib/python3.10/site-packages/airflow/example_dags/example_task_group.py took 0.078 seconds
[2023-12-03T23:54:04.390+0000] {processor.py:157} INFO - Started process (PID=7246) to work on /home/ubuntu/redfin/lib/python3.10/site-packages/airflow/example_dags/example_task_group.py
[2023-12-03T23:54:04.392+0000] {processor.py:829} INFO - Processing file /home/ubuntu/redfin/lib/python3.10/site-packages/airflow/example_dags/example_task_group.py for tasks to queue
[2023-12-03T23:54:04.393+0000] {logging_mixin.py:154} INFO - [2023-12-03T23:54:04.392+0000] {dagbag.py:536} INFO - Filling up the DagBag from /home/ubuntu/redfin/lib/python3.10/site-packages/airflow/example_dags/example_task_group.py
[2023-12-03T23:54:04.401+0000] {processor.py:839} INFO - DAG(s) dict_keys(['example_task_group']) retrieved from /home/ubuntu/redfin/lib/python3.10/site-packages/airflow/example_dags/example_task_group.py
[2023-12-03T23:54:04.421+0000] {logging_mixin.py:154} INFO - [2023-12-03T23:54:04.421+0000] {dag.py:2941} INFO - Sync 1 DAGs
[2023-12-03T23:54:04.443+0000] {logging_mixin.py:154} INFO - [2023-12-03T23:54:04.443+0000] {dag.py:3722} INFO - Setting next_dagrun for example_task_group to 2023-12-02T23:54:04.443391+00:00, run_after=2023-12-03T23:54:04.443391+00:00
[2023-12-03T23:54:04.467+0000] {processor.py:179} INFO - Processing /home/ubuntu/redfin/lib/python3.10/site-packages/airflow/example_dags/example_task_group.py took 0.081 seconds
[2023-12-03T23:54:52.633+0000] {processor.py:157} INFO - Started process (PID=7300) to work on /home/ubuntu/redfin/lib/python3.10/site-packages/airflow/example_dags/example_task_group.py
[2023-12-03T23:54:52.634+0000] {processor.py:829} INFO - Processing file /home/ubuntu/redfin/lib/python3.10/site-packages/airflow/example_dags/example_task_group.py for tasks to queue
[2023-12-03T23:54:52.635+0000] {logging_mixin.py:154} INFO - [2023-12-03T23:54:52.635+0000] {dagbag.py:536} INFO - Filling up the DagBag from /home/ubuntu/redfin/lib/python3.10/site-packages/airflow/example_dags/example_task_group.py
[2023-12-03T23:54:52.644+0000] {processor.py:839} INFO - DAG(s) dict_keys(['example_task_group']) retrieved from /home/ubuntu/redfin/lib/python3.10/site-packages/airflow/example_dags/example_task_group.py
[2023-12-03T23:54:52.664+0000] {logging_mixin.py:154} INFO - [2023-12-03T23:54:52.664+0000] {dag.py:2941} INFO - Sync 1 DAGs
[2023-12-03T23:54:52.686+0000] {logging_mixin.py:154} INFO - [2023-12-03T23:54:52.686+0000] {dag.py:3722} INFO - Setting next_dagrun for example_task_group to 2023-12-02T23:54:52.686407+00:00, run_after=2023-12-03T23:54:52.686407+00:00
[2023-12-03T23:54:52.710+0000] {processor.py:179} INFO - Processing /home/ubuntu/redfin/lib/python3.10/site-packages/airflow/example_dags/example_task_group.py took 0.081 seconds
[2023-12-03T23:55:39.366+0000] {processor.py:157} INFO - Started process (PID=7351) to work on /home/ubuntu/redfin/lib/python3.10/site-packages/airflow/example_dags/example_task_group.py
[2023-12-03T23:55:39.368+0000] {processor.py:829} INFO - Processing file /home/ubuntu/redfin/lib/python3.10/site-packages/airflow/example_dags/example_task_group.py for tasks to queue
[2023-12-03T23:55:39.369+0000] {logging_mixin.py:154} INFO - [2023-12-03T23:55:39.368+0000] {dagbag.py:536} INFO - Filling up the DagBag from /home/ubuntu/redfin/lib/python3.10/site-packages/airflow/example_dags/example_task_group.py
[2023-12-03T23:55:39.378+0000] {processor.py:839} INFO - DAG(s) dict_keys(['example_task_group']) retrieved from /home/ubuntu/redfin/lib/python3.10/site-packages/airflow/example_dags/example_task_group.py
[2023-12-03T23:55:39.397+0000] {logging_mixin.py:154} INFO - [2023-12-03T23:55:39.397+0000] {dag.py:2941} INFO - Sync 1 DAGs
[2023-12-03T23:55:39.418+0000] {logging_mixin.py:154} INFO - [2023-12-03T23:55:39.417+0000] {dag.py:3722} INFO - Setting next_dagrun for example_task_group to 2023-12-02T23:55:39.417624+00:00, run_after=2023-12-03T23:55:39.417624+00:00
[2023-12-03T23:55:39.440+0000] {processor.py:179} INFO - Processing /home/ubuntu/redfin/lib/python3.10/site-packages/airflow/example_dags/example_task_group.py took 0.078 seconds
[2023-12-03T23:56:29.498+0000] {processor.py:157} INFO - Started process (PID=7406) to work on /home/ubuntu/redfin/lib/python3.10/site-packages/airflow/example_dags/example_task_group.py
[2023-12-03T23:56:29.500+0000] {processor.py:829} INFO - Processing file /home/ubuntu/redfin/lib/python3.10/site-packages/airflow/example_dags/example_task_group.py for tasks to queue
[2023-12-03T23:56:29.501+0000] {logging_mixin.py:154} INFO - [2023-12-03T23:56:29.500+0000] {dagbag.py:536} INFO - Filling up the DagBag from /home/ubuntu/redfin/lib/python3.10/site-packages/airflow/example_dags/example_task_group.py
[2023-12-03T23:56:29.510+0000] {processor.py:839} INFO - DAG(s) dict_keys(['example_task_group']) retrieved from /home/ubuntu/redfin/lib/python3.10/site-packages/airflow/example_dags/example_task_group.py
[2023-12-03T23:56:29.530+0000] {logging_mixin.py:154} INFO - [2023-12-03T23:56:29.529+0000] {dag.py:2941} INFO - Sync 1 DAGs
[2023-12-03T23:56:29.551+0000] {logging_mixin.py:154} INFO - [2023-12-03T23:56:29.551+0000] {dag.py:3722} INFO - Setting next_dagrun for example_task_group to 2023-12-02T23:56:29.550814+00:00, run_after=2023-12-03T23:56:29.550814+00:00
[2023-12-03T23:56:29.573+0000] {processor.py:179} INFO - Processing /home/ubuntu/redfin/lib/python3.10/site-packages/airflow/example_dags/example_task_group.py took 0.079 seconds
[2023-12-03T23:57:16.564+0000] {processor.py:157} INFO - Started process (PID=7458) to work on /home/ubuntu/redfin/lib/python3.10/site-packages/airflow/example_dags/example_task_group.py
[2023-12-03T23:57:16.566+0000] {processor.py:829} INFO - Processing file /home/ubuntu/redfin/lib/python3.10/site-packages/airflow/example_dags/example_task_group.py for tasks to queue
[2023-12-03T23:57:16.566+0000] {logging_mixin.py:154} INFO - [2023-12-03T23:57:16.566+0000] {dagbag.py:536} INFO - Filling up the DagBag from /home/ubuntu/redfin/lib/python3.10/site-packages/airflow/example_dags/example_task_group.py
[2023-12-03T23:57:16.576+0000] {processor.py:839} INFO - DAG(s) dict_keys(['example_task_group']) retrieved from /home/ubuntu/redfin/lib/python3.10/site-packages/airflow/example_dags/example_task_group.py
[2023-12-03T23:57:16.595+0000] {logging_mixin.py:154} INFO - [2023-12-03T23:57:16.595+0000] {dag.py:2941} INFO - Sync 1 DAGs
[2023-12-03T23:57:16.617+0000] {logging_mixin.py:154} INFO - [2023-12-03T23:57:16.617+0000] {dag.py:3722} INFO - Setting next_dagrun for example_task_group to 2023-12-02T23:57:16.617256+00:00, run_after=2023-12-03T23:57:16.617256+00:00
[2023-12-03T23:57:16.642+0000] {processor.py:179} INFO - Processing /home/ubuntu/redfin/lib/python3.10/site-packages/airflow/example_dags/example_task_group.py took 0.081 seconds
[2023-12-03T23:58:01.091+0000] {processor.py:157} INFO - Started process (PID=7507) to work on /home/ubuntu/redfin/lib/python3.10/site-packages/airflow/example_dags/example_task_group.py
[2023-12-03T23:58:01.092+0000] {processor.py:829} INFO - Processing file /home/ubuntu/redfin/lib/python3.10/site-packages/airflow/example_dags/example_task_group.py for tasks to queue
[2023-12-03T23:58:01.093+0000] {logging_mixin.py:154} INFO - [2023-12-03T23:58:01.092+0000] {dagbag.py:536} INFO - Filling up the DagBag from /home/ubuntu/redfin/lib/python3.10/site-packages/airflow/example_dags/example_task_group.py
[2023-12-03T23:58:01.102+0000] {processor.py:839} INFO - DAG(s) dict_keys(['example_task_group']) retrieved from /home/ubuntu/redfin/lib/python3.10/site-packages/airflow/example_dags/example_task_group.py
[2023-12-03T23:58:01.122+0000] {logging_mixin.py:154} INFO - [2023-12-03T23:58:01.122+0000] {dag.py:2941} INFO - Sync 1 DAGs
[2023-12-03T23:58:01.145+0000] {logging_mixin.py:154} INFO - [2023-12-03T23:58:01.144+0000] {dag.py:3722} INFO - Setting next_dagrun for example_task_group to 2023-12-02T23:58:01.144602+00:00, run_after=2023-12-03T23:58:01.144602+00:00
[2023-12-03T23:58:01.169+0000] {processor.py:179} INFO - Processing /home/ubuntu/redfin/lib/python3.10/site-packages/airflow/example_dags/example_task_group.py took 0.082 seconds
[2023-12-03T23:58:45.244+0000] {processor.py:157} INFO - Started process (PID=7560) to work on /home/ubuntu/redfin/lib/python3.10/site-packages/airflow/example_dags/example_task_group.py
[2023-12-03T23:58:45.245+0000] {processor.py:829} INFO - Processing file /home/ubuntu/redfin/lib/python3.10/site-packages/airflow/example_dags/example_task_group.py for tasks to queue
[2023-12-03T23:58:45.246+0000] {logging_mixin.py:154} INFO - [2023-12-03T23:58:45.246+0000] {dagbag.py:536} INFO - Filling up the DagBag from /home/ubuntu/redfin/lib/python3.10/site-packages/airflow/example_dags/example_task_group.py
[2023-12-03T23:58:45.256+0000] {processor.py:839} INFO - DAG(s) dict_keys(['example_task_group']) retrieved from /home/ubuntu/redfin/lib/python3.10/site-packages/airflow/example_dags/example_task_group.py
[2023-12-03T23:58:45.276+0000] {logging_mixin.py:154} INFO - [2023-12-03T23:58:45.275+0000] {dag.py:2941} INFO - Sync 1 DAGs
[2023-12-03T23:58:45.299+0000] {logging_mixin.py:154} INFO - [2023-12-03T23:58:45.299+0000] {dag.py:3722} INFO - Setting next_dagrun for example_task_group to 2023-12-02T23:58:45.298911+00:00, run_after=2023-12-03T23:58:45.298911+00:00
[2023-12-03T23:58:45.322+0000] {processor.py:179} INFO - Processing /home/ubuntu/redfin/lib/python3.10/site-packages/airflow/example_dags/example_task_group.py took 0.082 seconds
[2023-12-03T23:59:33.203+0000] {processor.py:157} INFO - Started process (PID=7612) to work on /home/ubuntu/redfin/lib/python3.10/site-packages/airflow/example_dags/example_task_group.py
[2023-12-03T23:59:33.204+0000] {processor.py:829} INFO - Processing file /home/ubuntu/redfin/lib/python3.10/site-packages/airflow/example_dags/example_task_group.py for tasks to queue
[2023-12-03T23:59:33.205+0000] {logging_mixin.py:154} INFO - [2023-12-03T23:59:33.205+0000] {dagbag.py:536} INFO - Filling up the DagBag from /home/ubuntu/redfin/lib/python3.10/site-packages/airflow/example_dags/example_task_group.py
[2023-12-03T23:59:33.214+0000] {processor.py:839} INFO - DAG(s) dict_keys(['example_task_group']) retrieved from /home/ubuntu/redfin/lib/python3.10/site-packages/airflow/example_dags/example_task_group.py
[2023-12-03T23:59:33.233+0000] {logging_mixin.py:154} INFO - [2023-12-03T23:59:33.233+0000] {dag.py:2941} INFO - Sync 1 DAGs
[2023-12-03T23:59:33.254+0000] {logging_mixin.py:154} INFO - [2023-12-03T23:59:33.254+0000] {dag.py:3722} INFO - Setting next_dagrun for example_task_group to 2023-12-02T23:59:33.253960+00:00, run_after=2023-12-03T23:59:33.253960+00:00
[2023-12-03T23:59:33.276+0000] {processor.py:179} INFO - Processing /home/ubuntu/redfin/lib/python3.10/site-packages/airflow/example_dags/example_task_group.py took 0.077 seconds
