[2023-12-03T23:08:23.194+0000] {processor.py:157} INFO - Started process (PID=3781) to work on /home/ubuntu/redfin/lib/python3.10/site-packages/airflow/example_dags/example_branch_day_of_week_operator.py
[2023-12-03T23:08:23.195+0000] {processor.py:829} INFO - Processing file /home/ubuntu/redfin/lib/python3.10/site-packages/airflow/example_dags/example_branch_day_of_week_operator.py for tasks to queue
[2023-12-03T23:08:23.196+0000] {logging_mixin.py:154} INFO - [2023-12-03T23:08:23.196+0000] {dagbag.py:536} INFO - Filling up the DagBag from /home/ubuntu/redfin/lib/python3.10/site-packages/airflow/example_dags/example_branch_day_of_week_operator.py
[2023-12-03T23:08:23.205+0000] {processor.py:839} INFO - DAG(s) dict_keys(['example_weekday_branch_operator']) retrieved from /home/ubuntu/redfin/lib/python3.10/site-packages/airflow/example_dags/example_branch_day_of_week_operator.py
[2023-12-03T23:08:23.321+0000] {logging_mixin.py:154} INFO - [2023-12-03T23:08:23.320+0000] {manager.py:499} INFO - Created Permission View: %s
[2023-12-03T23:08:23.334+0000] {logging_mixin.py:154} INFO - [2023-12-03T23:08:23.334+0000] {manager.py:499} INFO - Created Permission View: %s
[2023-12-03T23:08:23.344+0000] {logging_mixin.py:154} INFO - [2023-12-03T23:08:23.344+0000] {manager.py:499} INFO - Created Permission View: %s
[2023-12-03T23:08:23.344+0000] {logging_mixin.py:154} INFO - [2023-12-03T23:08:23.344+0000] {dag.py:2941} INFO - Sync 1 DAGs
[2023-12-03T23:08:23.356+0000] {logging_mixin.py:154} INFO - [2023-12-03T23:08:23.355+0000] {dag.py:2963} INFO - Creating ORM DAG for example_weekday_branch_operator
[2023-12-03T23:08:23.366+0000] {logging_mixin.py:154} INFO - [2023-12-03T23:08:23.366+0000] {dag.py:3722} INFO - Setting next_dagrun for example_weekday_branch_operator to 2023-12-02T00:00:00+00:00, run_after=2023-12-03T00:00:00+00:00
[2023-12-03T23:08:23.389+0000] {processor.py:179} INFO - Processing /home/ubuntu/redfin/lib/python3.10/site-packages/airflow/example_dags/example_branch_day_of_week_operator.py took 0.199 seconds
[2023-12-03T23:09:17.965+0000] {processor.py:157} INFO - Started process (PID=3842) to work on /home/ubuntu/redfin/lib/python3.10/site-packages/airflow/example_dags/example_branch_day_of_week_operator.py
[2023-12-03T23:09:17.966+0000] {processor.py:829} INFO - Processing file /home/ubuntu/redfin/lib/python3.10/site-packages/airflow/example_dags/example_branch_day_of_week_operator.py for tasks to queue
[2023-12-03T23:09:17.967+0000] {logging_mixin.py:154} INFO - [2023-12-03T23:09:17.967+0000] {dagbag.py:536} INFO - Filling up the DagBag from /home/ubuntu/redfin/lib/python3.10/site-packages/airflow/example_dags/example_branch_day_of_week_operator.py
[2023-12-03T23:09:17.976+0000] {processor.py:839} INFO - DAG(s) dict_keys(['example_weekday_branch_operator']) retrieved from /home/ubuntu/redfin/lib/python3.10/site-packages/airflow/example_dags/example_branch_day_of_week_operator.py
[2023-12-03T23:09:17.997+0000] {logging_mixin.py:154} INFO - [2023-12-03T23:09:17.997+0000] {dag.py:2941} INFO - Sync 1 DAGs
[2023-12-03T23:09:18.021+0000] {logging_mixin.py:154} INFO - [2023-12-03T23:09:18.020+0000] {dag.py:3722} INFO - Setting next_dagrun for example_weekday_branch_operator to 2023-12-02T00:00:00+00:00, run_after=2023-12-03T00:00:00+00:00
[2023-12-03T23:09:18.043+0000] {processor.py:179} INFO - Processing /home/ubuntu/redfin/lib/python3.10/site-packages/airflow/example_dags/example_branch_day_of_week_operator.py took 0.083 seconds
[2023-12-03T23:10:05.057+0000] {processor.py:157} INFO - Started process (PID=3892) to work on /home/ubuntu/redfin/lib/python3.10/site-packages/airflow/example_dags/example_branch_day_of_week_operator.py
[2023-12-03T23:10:05.059+0000] {processor.py:829} INFO - Processing file /home/ubuntu/redfin/lib/python3.10/site-packages/airflow/example_dags/example_branch_day_of_week_operator.py for tasks to queue
[2023-12-03T23:10:05.060+0000] {logging_mixin.py:154} INFO - [2023-12-03T23:10:05.059+0000] {dagbag.py:536} INFO - Filling up the DagBag from /home/ubuntu/redfin/lib/python3.10/site-packages/airflow/example_dags/example_branch_day_of_week_operator.py
[2023-12-03T23:10:05.069+0000] {processor.py:839} INFO - DAG(s) dict_keys(['example_weekday_branch_operator']) retrieved from /home/ubuntu/redfin/lib/python3.10/site-packages/airflow/example_dags/example_branch_day_of_week_operator.py
[2023-12-03T23:10:05.089+0000] {logging_mixin.py:154} INFO - [2023-12-03T23:10:05.089+0000] {dag.py:2941} INFO - Sync 1 DAGs
[2023-12-03T23:10:05.114+0000] {logging_mixin.py:154} INFO - [2023-12-03T23:10:05.114+0000] {dag.py:3722} INFO - Setting next_dagrun for example_weekday_branch_operator to 2023-12-02T00:00:00+00:00, run_after=2023-12-03T00:00:00+00:00
[2023-12-03T23:10:05.141+0000] {processor.py:179} INFO - Processing /home/ubuntu/redfin/lib/python3.10/site-packages/airflow/example_dags/example_branch_day_of_week_operator.py took 0.087 seconds
[2023-12-03T23:10:51.324+0000] {processor.py:157} INFO - Started process (PID=3943) to work on /home/ubuntu/redfin/lib/python3.10/site-packages/airflow/example_dags/example_branch_day_of_week_operator.py
[2023-12-03T23:10:51.325+0000] {processor.py:829} INFO - Processing file /home/ubuntu/redfin/lib/python3.10/site-packages/airflow/example_dags/example_branch_day_of_week_operator.py for tasks to queue
[2023-12-03T23:10:51.326+0000] {logging_mixin.py:154} INFO - [2023-12-03T23:10:51.326+0000] {dagbag.py:536} INFO - Filling up the DagBag from /home/ubuntu/redfin/lib/python3.10/site-packages/airflow/example_dags/example_branch_day_of_week_operator.py
[2023-12-03T23:10:51.335+0000] {processor.py:839} INFO - DAG(s) dict_keys(['example_weekday_branch_operator']) retrieved from /home/ubuntu/redfin/lib/python3.10/site-packages/airflow/example_dags/example_branch_day_of_week_operator.py
[2023-12-03T23:10:51.355+0000] {logging_mixin.py:154} INFO - [2023-12-03T23:10:51.355+0000] {dag.py:2941} INFO - Sync 1 DAGs
[2023-12-03T23:10:51.378+0000] {logging_mixin.py:154} INFO - [2023-12-03T23:10:51.378+0000] {dag.py:3722} INFO - Setting next_dagrun for example_weekday_branch_operator to 2023-12-02T00:00:00+00:00, run_after=2023-12-03T00:00:00+00:00
[2023-12-03T23:10:51.401+0000] {processor.py:179} INFO - Processing /home/ubuntu/redfin/lib/python3.10/site-packages/airflow/example_dags/example_branch_day_of_week_operator.py took 0.081 seconds
[2023-12-03T23:11:39.333+0000] {processor.py:157} INFO - Started process (PID=3995) to work on /home/ubuntu/redfin/lib/python3.10/site-packages/airflow/example_dags/example_branch_day_of_week_operator.py
[2023-12-03T23:11:39.334+0000] {processor.py:829} INFO - Processing file /home/ubuntu/redfin/lib/python3.10/site-packages/airflow/example_dags/example_branch_day_of_week_operator.py for tasks to queue
[2023-12-03T23:11:39.335+0000] {logging_mixin.py:154} INFO - [2023-12-03T23:11:39.334+0000] {dagbag.py:536} INFO - Filling up the DagBag from /home/ubuntu/redfin/lib/python3.10/site-packages/airflow/example_dags/example_branch_day_of_week_operator.py
[2023-12-03T23:11:39.344+0000] {processor.py:839} INFO - DAG(s) dict_keys(['example_weekday_branch_operator']) retrieved from /home/ubuntu/redfin/lib/python3.10/site-packages/airflow/example_dags/example_branch_day_of_week_operator.py
[2023-12-03T23:11:39.363+0000] {logging_mixin.py:154} INFO - [2023-12-03T23:11:39.363+0000] {dag.py:2941} INFO - Sync 1 DAGs
[2023-12-03T23:11:39.386+0000] {logging_mixin.py:154} INFO - [2023-12-03T23:11:39.386+0000] {dag.py:3722} INFO - Setting next_dagrun for example_weekday_branch_operator to 2023-12-02T00:00:00+00:00, run_after=2023-12-03T00:00:00+00:00
[2023-12-03T23:11:39.409+0000] {processor.py:179} INFO - Processing /home/ubuntu/redfin/lib/python3.10/site-packages/airflow/example_dags/example_branch_day_of_week_operator.py took 0.080 seconds
[2023-12-03T23:12:24.448+0000] {processor.py:157} INFO - Started process (PID=4044) to work on /home/ubuntu/redfin/lib/python3.10/site-packages/airflow/example_dags/example_branch_day_of_week_operator.py
[2023-12-03T23:12:24.449+0000] {processor.py:829} INFO - Processing file /home/ubuntu/redfin/lib/python3.10/site-packages/airflow/example_dags/example_branch_day_of_week_operator.py for tasks to queue
[2023-12-03T23:12:24.450+0000] {logging_mixin.py:154} INFO - [2023-12-03T23:12:24.450+0000] {dagbag.py:536} INFO - Filling up the DagBag from /home/ubuntu/redfin/lib/python3.10/site-packages/airflow/example_dags/example_branch_day_of_week_operator.py
[2023-12-03T23:12:24.460+0000] {processor.py:839} INFO - DAG(s) dict_keys(['example_weekday_branch_operator']) retrieved from /home/ubuntu/redfin/lib/python3.10/site-packages/airflow/example_dags/example_branch_day_of_week_operator.py
[2023-12-03T23:12:24.478+0000] {logging_mixin.py:154} INFO - [2023-12-03T23:12:24.478+0000] {dag.py:2941} INFO - Sync 1 DAGs
[2023-12-03T23:12:24.501+0000] {logging_mixin.py:154} INFO - [2023-12-03T23:12:24.501+0000] {dag.py:3722} INFO - Setting next_dagrun for example_weekday_branch_operator to 2023-12-02T00:00:00+00:00, run_after=2023-12-03T00:00:00+00:00
[2023-12-03T23:12:24.523+0000] {processor.py:179} INFO - Processing /home/ubuntu/redfin/lib/python3.10/site-packages/airflow/example_dags/example_branch_day_of_week_operator.py took 0.079 seconds
[2023-12-03T23:13:10.986+0000] {processor.py:157} INFO - Started process (PID=4094) to work on /home/ubuntu/redfin/lib/python3.10/site-packages/airflow/example_dags/example_branch_day_of_week_operator.py
[2023-12-03T23:13:10.988+0000] {processor.py:829} INFO - Processing file /home/ubuntu/redfin/lib/python3.10/site-packages/airflow/example_dags/example_branch_day_of_week_operator.py for tasks to queue
[2023-12-03T23:13:10.989+0000] {logging_mixin.py:154} INFO - [2023-12-03T23:13:10.988+0000] {dagbag.py:536} INFO - Filling up the DagBag from /home/ubuntu/redfin/lib/python3.10/site-packages/airflow/example_dags/example_branch_day_of_week_operator.py
[2023-12-03T23:13:10.998+0000] {processor.py:839} INFO - DAG(s) dict_keys(['example_weekday_branch_operator']) retrieved from /home/ubuntu/redfin/lib/python3.10/site-packages/airflow/example_dags/example_branch_day_of_week_operator.py
[2023-12-03T23:13:11.019+0000] {logging_mixin.py:154} INFO - [2023-12-03T23:13:11.019+0000] {dag.py:2941} INFO - Sync 1 DAGs
[2023-12-03T23:13:11.043+0000] {logging_mixin.py:154} INFO - [2023-12-03T23:13:11.042+0000] {dag.py:3722} INFO - Setting next_dagrun for example_weekday_branch_operator to 2023-12-02T00:00:00+00:00, run_after=2023-12-03T00:00:00+00:00
[2023-12-03T23:13:11.066+0000] {processor.py:179} INFO - Processing /home/ubuntu/redfin/lib/python3.10/site-packages/airflow/example_dags/example_branch_day_of_week_operator.py took 0.084 seconds
[2023-12-03T23:13:55.381+0000] {processor.py:157} INFO - Started process (PID=4144) to work on /home/ubuntu/redfin/lib/python3.10/site-packages/airflow/example_dags/example_branch_day_of_week_operator.py
[2023-12-03T23:13:55.382+0000] {processor.py:829} INFO - Processing file /home/ubuntu/redfin/lib/python3.10/site-packages/airflow/example_dags/example_branch_day_of_week_operator.py for tasks to queue
[2023-12-03T23:13:55.383+0000] {logging_mixin.py:154} INFO - [2023-12-03T23:13:55.382+0000] {dagbag.py:536} INFO - Filling up the DagBag from /home/ubuntu/redfin/lib/python3.10/site-packages/airflow/example_dags/example_branch_day_of_week_operator.py
[2023-12-03T23:13:55.392+0000] {processor.py:839} INFO - DAG(s) dict_keys(['example_weekday_branch_operator']) retrieved from /home/ubuntu/redfin/lib/python3.10/site-packages/airflow/example_dags/example_branch_day_of_week_operator.py
[2023-12-03T23:13:55.411+0000] {logging_mixin.py:154} INFO - [2023-12-03T23:13:55.411+0000] {dag.py:2941} INFO - Sync 1 DAGs
[2023-12-03T23:13:55.433+0000] {logging_mixin.py:154} INFO - [2023-12-03T23:13:55.433+0000] {dag.py:3722} INFO - Setting next_dagrun for example_weekday_branch_operator to 2023-12-02T00:00:00+00:00, run_after=2023-12-03T00:00:00+00:00
[2023-12-03T23:13:55.455+0000] {processor.py:179} INFO - Processing /home/ubuntu/redfin/lib/python3.10/site-packages/airflow/example_dags/example_branch_day_of_week_operator.py took 0.078 seconds
[2023-12-03T23:14:44.478+0000] {processor.py:157} INFO - Started process (PID=4199) to work on /home/ubuntu/redfin/lib/python3.10/site-packages/airflow/example_dags/example_branch_day_of_week_operator.py
[2023-12-03T23:14:44.479+0000] {processor.py:829} INFO - Processing file /home/ubuntu/redfin/lib/python3.10/site-packages/airflow/example_dags/example_branch_day_of_week_operator.py for tasks to queue
[2023-12-03T23:14:44.480+0000] {logging_mixin.py:154} INFO - [2023-12-03T23:14:44.480+0000] {dagbag.py:536} INFO - Filling up the DagBag from /home/ubuntu/redfin/lib/python3.10/site-packages/airflow/example_dags/example_branch_day_of_week_operator.py
[2023-12-03T23:14:44.489+0000] {processor.py:839} INFO - DAG(s) dict_keys(['example_weekday_branch_operator']) retrieved from /home/ubuntu/redfin/lib/python3.10/site-packages/airflow/example_dags/example_branch_day_of_week_operator.py
[2023-12-03T23:14:44.510+0000] {logging_mixin.py:154} INFO - [2023-12-03T23:14:44.509+0000] {dag.py:2941} INFO - Sync 1 DAGs
[2023-12-03T23:14:44.534+0000] {logging_mixin.py:154} INFO - [2023-12-03T23:14:44.534+0000] {dag.py:3722} INFO - Setting next_dagrun for example_weekday_branch_operator to 2023-12-02T00:00:00+00:00, run_after=2023-12-03T00:00:00+00:00
[2023-12-03T23:14:44.558+0000] {processor.py:179} INFO - Processing /home/ubuntu/redfin/lib/python3.10/site-packages/airflow/example_dags/example_branch_day_of_week_operator.py took 0.084 seconds
[2023-12-03T23:15:34.161+0000] {processor.py:157} INFO - Started process (PID=4252) to work on /home/ubuntu/redfin/lib/python3.10/site-packages/airflow/example_dags/example_branch_day_of_week_operator.py
[2023-12-03T23:15:34.162+0000] {processor.py:829} INFO - Processing file /home/ubuntu/redfin/lib/python3.10/site-packages/airflow/example_dags/example_branch_day_of_week_operator.py for tasks to queue
[2023-12-03T23:15:34.163+0000] {logging_mixin.py:154} INFO - [2023-12-03T23:15:34.163+0000] {dagbag.py:536} INFO - Filling up the DagBag from /home/ubuntu/redfin/lib/python3.10/site-packages/airflow/example_dags/example_branch_day_of_week_operator.py
[2023-12-03T23:15:34.173+0000] {processor.py:839} INFO - DAG(s) dict_keys(['example_weekday_branch_operator']) retrieved from /home/ubuntu/redfin/lib/python3.10/site-packages/airflow/example_dags/example_branch_day_of_week_operator.py
[2023-12-03T23:15:34.192+0000] {logging_mixin.py:154} INFO - [2023-12-03T23:15:34.191+0000] {dag.py:2941} INFO - Sync 1 DAGs
[2023-12-03T23:15:34.214+0000] {logging_mixin.py:154} INFO - [2023-12-03T23:15:34.214+0000] {dag.py:3722} INFO - Setting next_dagrun for example_weekday_branch_operator to 2023-12-02T00:00:00+00:00, run_after=2023-12-03T00:00:00+00:00
[2023-12-03T23:15:34.238+0000] {processor.py:179} INFO - Processing /home/ubuntu/redfin/lib/python3.10/site-packages/airflow/example_dags/example_branch_day_of_week_operator.py took 0.080 seconds
[2023-12-03T23:16:23.032+0000] {processor.py:157} INFO - Started process (PID=4306) to work on /home/ubuntu/redfin/lib/python3.10/site-packages/airflow/example_dags/example_branch_day_of_week_operator.py
[2023-12-03T23:16:23.034+0000] {processor.py:829} INFO - Processing file /home/ubuntu/redfin/lib/python3.10/site-packages/airflow/example_dags/example_branch_day_of_week_operator.py for tasks to queue
[2023-12-03T23:16:23.035+0000] {logging_mixin.py:154} INFO - [2023-12-03T23:16:23.034+0000] {dagbag.py:536} INFO - Filling up the DagBag from /home/ubuntu/redfin/lib/python3.10/site-packages/airflow/example_dags/example_branch_day_of_week_operator.py
[2023-12-03T23:16:23.044+0000] {processor.py:839} INFO - DAG(s) dict_keys(['example_weekday_branch_operator']) retrieved from /home/ubuntu/redfin/lib/python3.10/site-packages/airflow/example_dags/example_branch_day_of_week_operator.py
[2023-12-03T23:16:23.064+0000] {logging_mixin.py:154} INFO - [2023-12-03T23:16:23.064+0000] {dag.py:2941} INFO - Sync 1 DAGs
[2023-12-03T23:16:23.088+0000] {logging_mixin.py:154} INFO - [2023-12-03T23:16:23.088+0000] {dag.py:3722} INFO - Setting next_dagrun for example_weekday_branch_operator to 2023-12-02T00:00:00+00:00, run_after=2023-12-03T00:00:00+00:00
[2023-12-03T23:16:23.112+0000] {processor.py:179} INFO - Processing /home/ubuntu/redfin/lib/python3.10/site-packages/airflow/example_dags/example_branch_day_of_week_operator.py took 0.083 seconds
[2023-12-03T23:17:09.683+0000] {processor.py:157} INFO - Started process (PID=4360) to work on /home/ubuntu/redfin/lib/python3.10/site-packages/airflow/example_dags/example_branch_day_of_week_operator.py
[2023-12-03T23:17:09.684+0000] {processor.py:829} INFO - Processing file /home/ubuntu/redfin/lib/python3.10/site-packages/airflow/example_dags/example_branch_day_of_week_operator.py for tasks to queue
[2023-12-03T23:17:09.685+0000] {logging_mixin.py:154} INFO - [2023-12-03T23:17:09.685+0000] {dagbag.py:536} INFO - Filling up the DagBag from /home/ubuntu/redfin/lib/python3.10/site-packages/airflow/example_dags/example_branch_day_of_week_operator.py
[2023-12-03T23:17:09.695+0000] {processor.py:839} INFO - DAG(s) dict_keys(['example_weekday_branch_operator']) retrieved from /home/ubuntu/redfin/lib/python3.10/site-packages/airflow/example_dags/example_branch_day_of_week_operator.py
[2023-12-03T23:17:09.715+0000] {logging_mixin.py:154} INFO - [2023-12-03T23:17:09.715+0000] {dag.py:2941} INFO - Sync 1 DAGs
[2023-12-03T23:17:09.740+0000] {logging_mixin.py:154} INFO - [2023-12-03T23:17:09.740+0000] {dag.py:3722} INFO - Setting next_dagrun for example_weekday_branch_operator to 2023-12-02T00:00:00+00:00, run_after=2023-12-03T00:00:00+00:00
[2023-12-03T23:17:09.764+0000] {processor.py:179} INFO - Processing /home/ubuntu/redfin/lib/python3.10/site-packages/airflow/example_dags/example_branch_day_of_week_operator.py took 0.085 seconds
[2023-12-03T23:17:55.326+0000] {processor.py:157} INFO - Started process (PID=4410) to work on /home/ubuntu/redfin/lib/python3.10/site-packages/airflow/example_dags/example_branch_day_of_week_operator.py
[2023-12-03T23:17:55.328+0000] {processor.py:829} INFO - Processing file /home/ubuntu/redfin/lib/python3.10/site-packages/airflow/example_dags/example_branch_day_of_week_operator.py for tasks to queue
[2023-12-03T23:17:55.328+0000] {logging_mixin.py:154} INFO - [2023-12-03T23:17:55.328+0000] {dagbag.py:536} INFO - Filling up the DagBag from /home/ubuntu/redfin/lib/python3.10/site-packages/airflow/example_dags/example_branch_day_of_week_operator.py
[2023-12-03T23:17:55.338+0000] {processor.py:839} INFO - DAG(s) dict_keys(['example_weekday_branch_operator']) retrieved from /home/ubuntu/redfin/lib/python3.10/site-packages/airflow/example_dags/example_branch_day_of_week_operator.py
[2023-12-03T23:17:55.357+0000] {logging_mixin.py:154} INFO - [2023-12-03T23:17:55.356+0000] {dag.py:2941} INFO - Sync 1 DAGs
[2023-12-03T23:17:55.379+0000] {logging_mixin.py:154} INFO - [2023-12-03T23:17:55.379+0000] {dag.py:3722} INFO - Setting next_dagrun for example_weekday_branch_operator to 2023-12-02T00:00:00+00:00, run_after=2023-12-03T00:00:00+00:00
[2023-12-03T23:17:55.401+0000] {processor.py:179} INFO - Processing /home/ubuntu/redfin/lib/python3.10/site-packages/airflow/example_dags/example_branch_day_of_week_operator.py took 0.079 seconds
[2023-12-03T23:18:39.907+0000] {processor.py:157} INFO - Started process (PID=4463) to work on /home/ubuntu/redfin/lib/python3.10/site-packages/airflow/example_dags/example_branch_day_of_week_operator.py
[2023-12-03T23:18:39.908+0000] {processor.py:829} INFO - Processing file /home/ubuntu/redfin/lib/python3.10/site-packages/airflow/example_dags/example_branch_day_of_week_operator.py for tasks to queue
[2023-12-03T23:18:39.909+0000] {logging_mixin.py:154} INFO - [2023-12-03T23:18:39.909+0000] {dagbag.py:536} INFO - Filling up the DagBag from /home/ubuntu/redfin/lib/python3.10/site-packages/airflow/example_dags/example_branch_day_of_week_operator.py
[2023-12-03T23:18:39.918+0000] {processor.py:839} INFO - DAG(s) dict_keys(['example_weekday_branch_operator']) retrieved from /home/ubuntu/redfin/lib/python3.10/site-packages/airflow/example_dags/example_branch_day_of_week_operator.py
[2023-12-03T23:18:39.937+0000] {logging_mixin.py:154} INFO - [2023-12-03T23:18:39.937+0000] {dag.py:2941} INFO - Sync 1 DAGs
[2023-12-03T23:18:39.960+0000] {logging_mixin.py:154} INFO - [2023-12-03T23:18:39.959+0000] {dag.py:3722} INFO - Setting next_dagrun for example_weekday_branch_operator to 2023-12-02T00:00:00+00:00, run_after=2023-12-03T00:00:00+00:00
[2023-12-03T23:18:39.982+0000] {processor.py:179} INFO - Processing /home/ubuntu/redfin/lib/python3.10/site-packages/airflow/example_dags/example_branch_day_of_week_operator.py took 0.079 seconds
[2023-12-03T23:19:25.097+0000] {processor.py:157} INFO - Started process (PID=4513) to work on /home/ubuntu/redfin/lib/python3.10/site-packages/airflow/example_dags/example_branch_day_of_week_operator.py
[2023-12-03T23:19:25.099+0000] {processor.py:829} INFO - Processing file /home/ubuntu/redfin/lib/python3.10/site-packages/airflow/example_dags/example_branch_day_of_week_operator.py for tasks to queue
[2023-12-03T23:19:25.100+0000] {logging_mixin.py:154} INFO - [2023-12-03T23:19:25.099+0000] {dagbag.py:536} INFO - Filling up the DagBag from /home/ubuntu/redfin/lib/python3.10/site-packages/airflow/example_dags/example_branch_day_of_week_operator.py
[2023-12-03T23:19:25.109+0000] {processor.py:839} INFO - DAG(s) dict_keys(['example_weekday_branch_operator']) retrieved from /home/ubuntu/redfin/lib/python3.10/site-packages/airflow/example_dags/example_branch_day_of_week_operator.py
[2023-12-03T23:19:25.128+0000] {logging_mixin.py:154} INFO - [2023-12-03T23:19:25.128+0000] {dag.py:2941} INFO - Sync 1 DAGs
[2023-12-03T23:19:25.153+0000] {logging_mixin.py:154} INFO - [2023-12-03T23:19:25.152+0000] {dag.py:3722} INFO - Setting next_dagrun for example_weekday_branch_operator to 2023-12-02T00:00:00+00:00, run_after=2023-12-03T00:00:00+00:00
[2023-12-03T23:19:25.176+0000] {processor.py:179} INFO - Processing /home/ubuntu/redfin/lib/python3.10/site-packages/airflow/example_dags/example_branch_day_of_week_operator.py took 0.082 seconds
[2023-12-03T23:20:08.907+0000] {processor.py:157} INFO - Started process (PID=4562) to work on /home/ubuntu/redfin/lib/python3.10/site-packages/airflow/example_dags/example_branch_day_of_week_operator.py
[2023-12-03T23:20:08.908+0000] {processor.py:829} INFO - Processing file /home/ubuntu/redfin/lib/python3.10/site-packages/airflow/example_dags/example_branch_day_of_week_operator.py for tasks to queue
[2023-12-03T23:20:08.909+0000] {logging_mixin.py:154} INFO - [2023-12-03T23:20:08.909+0000] {dagbag.py:536} INFO - Filling up the DagBag from /home/ubuntu/redfin/lib/python3.10/site-packages/airflow/example_dags/example_branch_day_of_week_operator.py
[2023-12-03T23:20:08.919+0000] {processor.py:839} INFO - DAG(s) dict_keys(['example_weekday_branch_operator']) retrieved from /home/ubuntu/redfin/lib/python3.10/site-packages/airflow/example_dags/example_branch_day_of_week_operator.py
[2023-12-03T23:20:08.939+0000] {logging_mixin.py:154} INFO - [2023-12-03T23:20:08.939+0000] {dag.py:2941} INFO - Sync 1 DAGs
[2023-12-03T23:20:08.964+0000] {logging_mixin.py:154} INFO - [2023-12-03T23:20:08.963+0000] {dag.py:3722} INFO - Setting next_dagrun for example_weekday_branch_operator to 2023-12-02T00:00:00+00:00, run_after=2023-12-03T00:00:00+00:00
[2023-12-03T23:20:08.987+0000] {processor.py:179} INFO - Processing /home/ubuntu/redfin/lib/python3.10/site-packages/airflow/example_dags/example_branch_day_of_week_operator.py took 0.084 seconds
[2023-12-03T23:20:52.883+0000] {processor.py:157} INFO - Started process (PID=4611) to work on /home/ubuntu/redfin/lib/python3.10/site-packages/airflow/example_dags/example_branch_day_of_week_operator.py
[2023-12-03T23:20:52.884+0000] {processor.py:829} INFO - Processing file /home/ubuntu/redfin/lib/python3.10/site-packages/airflow/example_dags/example_branch_day_of_week_operator.py for tasks to queue
[2023-12-03T23:20:52.885+0000] {logging_mixin.py:154} INFO - [2023-12-03T23:20:52.885+0000] {dagbag.py:536} INFO - Filling up the DagBag from /home/ubuntu/redfin/lib/python3.10/site-packages/airflow/example_dags/example_branch_day_of_week_operator.py
[2023-12-03T23:20:52.894+0000] {processor.py:839} INFO - DAG(s) dict_keys(['example_weekday_branch_operator']) retrieved from /home/ubuntu/redfin/lib/python3.10/site-packages/airflow/example_dags/example_branch_day_of_week_operator.py
[2023-12-03T23:20:52.913+0000] {logging_mixin.py:154} INFO - [2023-12-03T23:20:52.913+0000] {dag.py:2941} INFO - Sync 1 DAGs
[2023-12-03T23:20:52.935+0000] {logging_mixin.py:154} INFO - [2023-12-03T23:20:52.935+0000] {dag.py:3722} INFO - Setting next_dagrun for example_weekday_branch_operator to 2023-12-02T00:00:00+00:00, run_after=2023-12-03T00:00:00+00:00
[2023-12-03T23:20:52.957+0000] {processor.py:179} INFO - Processing /home/ubuntu/redfin/lib/python3.10/site-packages/airflow/example_dags/example_branch_day_of_week_operator.py took 0.078 seconds
[2023-12-03T23:21:43.457+0000] {processor.py:157} INFO - Started process (PID=4664) to work on /home/ubuntu/redfin/lib/python3.10/site-packages/airflow/example_dags/example_branch_day_of_week_operator.py
[2023-12-03T23:21:43.458+0000] {processor.py:829} INFO - Processing file /home/ubuntu/redfin/lib/python3.10/site-packages/airflow/example_dags/example_branch_day_of_week_operator.py for tasks to queue
[2023-12-03T23:21:43.459+0000] {logging_mixin.py:154} INFO - [2023-12-03T23:21:43.458+0000] {dagbag.py:536} INFO - Filling up the DagBag from /home/ubuntu/redfin/lib/python3.10/site-packages/airflow/example_dags/example_branch_day_of_week_operator.py
[2023-12-03T23:21:43.468+0000] {processor.py:839} INFO - DAG(s) dict_keys(['example_weekday_branch_operator']) retrieved from /home/ubuntu/redfin/lib/python3.10/site-packages/airflow/example_dags/example_branch_day_of_week_operator.py
[2023-12-03T23:21:43.487+0000] {logging_mixin.py:154} INFO - [2023-12-03T23:21:43.487+0000] {dag.py:2941} INFO - Sync 1 DAGs
[2023-12-03T23:21:43.510+0000] {logging_mixin.py:154} INFO - [2023-12-03T23:21:43.510+0000] {dag.py:3722} INFO - Setting next_dagrun for example_weekday_branch_operator to 2023-12-02T00:00:00+00:00, run_after=2023-12-03T00:00:00+00:00
[2023-12-03T23:21:43.533+0000] {processor.py:179} INFO - Processing /home/ubuntu/redfin/lib/python3.10/site-packages/airflow/example_dags/example_branch_day_of_week_operator.py took 0.080 seconds
[2023-12-03T23:22:32.660+0000] {processor.py:157} INFO - Started process (PID=4721) to work on /home/ubuntu/redfin/lib/python3.10/site-packages/airflow/example_dags/example_branch_day_of_week_operator.py
[2023-12-03T23:22:32.662+0000] {processor.py:829} INFO - Processing file /home/ubuntu/redfin/lib/python3.10/site-packages/airflow/example_dags/example_branch_day_of_week_operator.py for tasks to queue
[2023-12-03T23:22:32.663+0000] {logging_mixin.py:154} INFO - [2023-12-03T23:22:32.662+0000] {dagbag.py:536} INFO - Filling up the DagBag from /home/ubuntu/redfin/lib/python3.10/site-packages/airflow/example_dags/example_branch_day_of_week_operator.py
[2023-12-03T23:22:32.671+0000] {processor.py:839} INFO - DAG(s) dict_keys(['example_weekday_branch_operator']) retrieved from /home/ubuntu/redfin/lib/python3.10/site-packages/airflow/example_dags/example_branch_day_of_week_operator.py
[2023-12-03T23:22:32.690+0000] {logging_mixin.py:154} INFO - [2023-12-03T23:22:32.690+0000] {dag.py:2941} INFO - Sync 1 DAGs
[2023-12-03T23:22:32.712+0000] {logging_mixin.py:154} INFO - [2023-12-03T23:22:32.712+0000] {dag.py:3722} INFO - Setting next_dagrun for example_weekday_branch_operator to 2023-12-02T00:00:00+00:00, run_after=2023-12-03T00:00:00+00:00
[2023-12-03T23:22:32.736+0000] {processor.py:179} INFO - Processing /home/ubuntu/redfin/lib/python3.10/site-packages/airflow/example_dags/example_branch_day_of_week_operator.py took 0.079 seconds
[2023-12-03T23:23:18.374+0000] {processor.py:157} INFO - Started process (PID=4770) to work on /home/ubuntu/redfin/lib/python3.10/site-packages/airflow/example_dags/example_branch_day_of_week_operator.py
[2023-12-03T23:23:18.376+0000] {processor.py:829} INFO - Processing file /home/ubuntu/redfin/lib/python3.10/site-packages/airflow/example_dags/example_branch_day_of_week_operator.py for tasks to queue
[2023-12-03T23:23:18.377+0000] {logging_mixin.py:154} INFO - [2023-12-03T23:23:18.376+0000] {dagbag.py:536} INFO - Filling up the DagBag from /home/ubuntu/redfin/lib/python3.10/site-packages/airflow/example_dags/example_branch_day_of_week_operator.py
[2023-12-03T23:23:18.386+0000] {processor.py:839} INFO - DAG(s) dict_keys(['example_weekday_branch_operator']) retrieved from /home/ubuntu/redfin/lib/python3.10/site-packages/airflow/example_dags/example_branch_day_of_week_operator.py
[2023-12-03T23:23:18.406+0000] {logging_mixin.py:154} INFO - [2023-12-03T23:23:18.406+0000] {dag.py:2941} INFO - Sync 1 DAGs
[2023-12-03T23:23:18.430+0000] {logging_mixin.py:154} INFO - [2023-12-03T23:23:18.430+0000] {dag.py:3722} INFO - Setting next_dagrun for example_weekday_branch_operator to 2023-12-02T00:00:00+00:00, run_after=2023-12-03T00:00:00+00:00
[2023-12-03T23:23:18.456+0000] {processor.py:179} INFO - Processing /home/ubuntu/redfin/lib/python3.10/site-packages/airflow/example_dags/example_branch_day_of_week_operator.py took 0.085 seconds
[2023-12-03T23:24:06.193+0000] {processor.py:157} INFO - Started process (PID=4821) to work on /home/ubuntu/redfin/lib/python3.10/site-packages/airflow/example_dags/example_branch_day_of_week_operator.py
[2023-12-03T23:24:06.194+0000] {processor.py:829} INFO - Processing file /home/ubuntu/redfin/lib/python3.10/site-packages/airflow/example_dags/example_branch_day_of_week_operator.py for tasks to queue
[2023-12-03T23:24:06.195+0000] {logging_mixin.py:154} INFO - [2023-12-03T23:24:06.195+0000] {dagbag.py:536} INFO - Filling up the DagBag from /home/ubuntu/redfin/lib/python3.10/site-packages/airflow/example_dags/example_branch_day_of_week_operator.py
[2023-12-03T23:24:06.204+0000] {processor.py:839} INFO - DAG(s) dict_keys(['example_weekday_branch_operator']) retrieved from /home/ubuntu/redfin/lib/python3.10/site-packages/airflow/example_dags/example_branch_day_of_week_operator.py
[2023-12-03T23:24:06.224+0000] {logging_mixin.py:154} INFO - [2023-12-03T23:24:06.224+0000] {dag.py:2941} INFO - Sync 1 DAGs
[2023-12-03T23:24:06.246+0000] {logging_mixin.py:154} INFO - [2023-12-03T23:24:06.246+0000] {dag.py:3722} INFO - Setting next_dagrun for example_weekday_branch_operator to 2023-12-02T00:00:00+00:00, run_after=2023-12-03T00:00:00+00:00
[2023-12-03T23:24:06.271+0000] {processor.py:179} INFO - Processing /home/ubuntu/redfin/lib/python3.10/site-packages/airflow/example_dags/example_branch_day_of_week_operator.py took 0.082 seconds
[2023-12-03T23:24:52.189+0000] {processor.py:157} INFO - Started process (PID=4874) to work on /home/ubuntu/redfin/lib/python3.10/site-packages/airflow/example_dags/example_branch_day_of_week_operator.py
[2023-12-03T23:24:52.190+0000] {processor.py:829} INFO - Processing file /home/ubuntu/redfin/lib/python3.10/site-packages/airflow/example_dags/example_branch_day_of_week_operator.py for tasks to queue
[2023-12-03T23:24:52.191+0000] {logging_mixin.py:154} INFO - [2023-12-03T23:24:52.191+0000] {dagbag.py:536} INFO - Filling up the DagBag from /home/ubuntu/redfin/lib/python3.10/site-packages/airflow/example_dags/example_branch_day_of_week_operator.py
[2023-12-03T23:24:52.200+0000] {processor.py:839} INFO - DAG(s) dict_keys(['example_weekday_branch_operator']) retrieved from /home/ubuntu/redfin/lib/python3.10/site-packages/airflow/example_dags/example_branch_day_of_week_operator.py
[2023-12-03T23:24:52.219+0000] {logging_mixin.py:154} INFO - [2023-12-03T23:24:52.219+0000] {dag.py:2941} INFO - Sync 1 DAGs
[2023-12-03T23:24:52.241+0000] {logging_mixin.py:154} INFO - [2023-12-03T23:24:52.241+0000] {dag.py:3722} INFO - Setting next_dagrun for example_weekday_branch_operator to 2023-12-02T00:00:00+00:00, run_after=2023-12-03T00:00:00+00:00
[2023-12-03T23:24:52.263+0000] {processor.py:179} INFO - Processing /home/ubuntu/redfin/lib/python3.10/site-packages/airflow/example_dags/example_branch_day_of_week_operator.py took 0.078 seconds
[2023-12-03T23:25:42.626+0000] {processor.py:157} INFO - Started process (PID=4928) to work on /home/ubuntu/redfin/lib/python3.10/site-packages/airflow/example_dags/example_branch_day_of_week_operator.py
[2023-12-03T23:25:42.627+0000] {processor.py:829} INFO - Processing file /home/ubuntu/redfin/lib/python3.10/site-packages/airflow/example_dags/example_branch_day_of_week_operator.py for tasks to queue
[2023-12-03T23:25:42.628+0000] {logging_mixin.py:154} INFO - [2023-12-03T23:25:42.628+0000] {dagbag.py:536} INFO - Filling up the DagBag from /home/ubuntu/redfin/lib/python3.10/site-packages/airflow/example_dags/example_branch_day_of_week_operator.py
[2023-12-03T23:25:42.637+0000] {processor.py:839} INFO - DAG(s) dict_keys(['example_weekday_branch_operator']) retrieved from /home/ubuntu/redfin/lib/python3.10/site-packages/airflow/example_dags/example_branch_day_of_week_operator.py
[2023-12-03T23:25:42.658+0000] {logging_mixin.py:154} INFO - [2023-12-03T23:25:42.658+0000] {dag.py:2941} INFO - Sync 1 DAGs
[2023-12-03T23:25:42.683+0000] {logging_mixin.py:154} INFO - [2023-12-03T23:25:42.682+0000] {dag.py:3722} INFO - Setting next_dagrun for example_weekday_branch_operator to 2023-12-02T00:00:00+00:00, run_after=2023-12-03T00:00:00+00:00
[2023-12-03T23:25:42.707+0000] {processor.py:179} INFO - Processing /home/ubuntu/redfin/lib/python3.10/site-packages/airflow/example_dags/example_branch_day_of_week_operator.py took 0.085 seconds
[2023-12-03T23:26:29.763+0000] {processor.py:157} INFO - Started process (PID=4978) to work on /home/ubuntu/redfin/lib/python3.10/site-packages/airflow/example_dags/example_branch_day_of_week_operator.py
[2023-12-03T23:26:29.765+0000] {processor.py:829} INFO - Processing file /home/ubuntu/redfin/lib/python3.10/site-packages/airflow/example_dags/example_branch_day_of_week_operator.py for tasks to queue
[2023-12-03T23:26:29.766+0000] {logging_mixin.py:154} INFO - [2023-12-03T23:26:29.765+0000] {dagbag.py:536} INFO - Filling up the DagBag from /home/ubuntu/redfin/lib/python3.10/site-packages/airflow/example_dags/example_branch_day_of_week_operator.py
[2023-12-03T23:26:29.774+0000] {processor.py:839} INFO - DAG(s) dict_keys(['example_weekday_branch_operator']) retrieved from /home/ubuntu/redfin/lib/python3.10/site-packages/airflow/example_dags/example_branch_day_of_week_operator.py
[2023-12-03T23:26:29.795+0000] {logging_mixin.py:154} INFO - [2023-12-03T23:26:29.795+0000] {dag.py:2941} INFO - Sync 1 DAGs
[2023-12-03T23:26:29.820+0000] {logging_mixin.py:154} INFO - [2023-12-03T23:26:29.820+0000] {dag.py:3722} INFO - Setting next_dagrun for example_weekday_branch_operator to 2023-12-02T00:00:00+00:00, run_after=2023-12-03T00:00:00+00:00
[2023-12-03T23:26:29.846+0000] {processor.py:179} INFO - Processing /home/ubuntu/redfin/lib/python3.10/site-packages/airflow/example_dags/example_branch_day_of_week_operator.py took 0.086 seconds
[2023-12-03T23:27:12.561+0000] {processor.py:157} INFO - Started process (PID=5027) to work on /home/ubuntu/redfin/lib/python3.10/site-packages/airflow/example_dags/example_branch_day_of_week_operator.py
[2023-12-03T23:27:12.562+0000] {processor.py:829} INFO - Processing file /home/ubuntu/redfin/lib/python3.10/site-packages/airflow/example_dags/example_branch_day_of_week_operator.py for tasks to queue
[2023-12-03T23:27:12.563+0000] {logging_mixin.py:154} INFO - [2023-12-03T23:27:12.562+0000] {dagbag.py:536} INFO - Filling up the DagBag from /home/ubuntu/redfin/lib/python3.10/site-packages/airflow/example_dags/example_branch_day_of_week_operator.py
[2023-12-03T23:27:12.572+0000] {processor.py:839} INFO - DAG(s) dict_keys(['example_weekday_branch_operator']) retrieved from /home/ubuntu/redfin/lib/python3.10/site-packages/airflow/example_dags/example_branch_day_of_week_operator.py
[2023-12-03T23:27:12.592+0000] {logging_mixin.py:154} INFO - [2023-12-03T23:27:12.592+0000] {dag.py:2941} INFO - Sync 1 DAGs
[2023-12-03T23:27:12.616+0000] {logging_mixin.py:154} INFO - [2023-12-03T23:27:12.616+0000] {dag.py:3722} INFO - Setting next_dagrun for example_weekday_branch_operator to 2023-12-02T00:00:00+00:00, run_after=2023-12-03T00:00:00+00:00
[2023-12-03T23:27:12.639+0000] {processor.py:179} INFO - Processing /home/ubuntu/redfin/lib/python3.10/site-packages/airflow/example_dags/example_branch_day_of_week_operator.py took 0.083 seconds
[2023-12-03T23:27:54.612+0000] {processor.py:157} INFO - Started process (PID=5074) to work on /home/ubuntu/redfin/lib/python3.10/site-packages/airflow/example_dags/example_branch_day_of_week_operator.py
[2023-12-03T23:27:54.613+0000] {processor.py:829} INFO - Processing file /home/ubuntu/redfin/lib/python3.10/site-packages/airflow/example_dags/example_branch_day_of_week_operator.py for tasks to queue
[2023-12-03T23:27:54.614+0000] {logging_mixin.py:154} INFO - [2023-12-03T23:27:54.614+0000] {dagbag.py:536} INFO - Filling up the DagBag from /home/ubuntu/redfin/lib/python3.10/site-packages/airflow/example_dags/example_branch_day_of_week_operator.py
[2023-12-03T23:27:54.623+0000] {processor.py:839} INFO - DAG(s) dict_keys(['example_weekday_branch_operator']) retrieved from /home/ubuntu/redfin/lib/python3.10/site-packages/airflow/example_dags/example_branch_day_of_week_operator.py
[2023-12-03T23:27:54.643+0000] {logging_mixin.py:154} INFO - [2023-12-03T23:27:54.643+0000] {dag.py:2941} INFO - Sync 1 DAGs
[2023-12-03T23:27:54.666+0000] {logging_mixin.py:154} INFO - [2023-12-03T23:27:54.666+0000] {dag.py:3722} INFO - Setting next_dagrun for example_weekday_branch_operator to 2023-12-02T00:00:00+00:00, run_after=2023-12-03T00:00:00+00:00
[2023-12-03T23:27:54.691+0000] {processor.py:179} INFO - Processing /home/ubuntu/redfin/lib/python3.10/site-packages/airflow/example_dags/example_branch_day_of_week_operator.py took 0.083 seconds
[2023-12-03T23:28:39.700+0000] {processor.py:157} INFO - Started process (PID=5123) to work on /home/ubuntu/redfin/lib/python3.10/site-packages/airflow/example_dags/example_branch_day_of_week_operator.py
[2023-12-03T23:28:39.702+0000] {processor.py:829} INFO - Processing file /home/ubuntu/redfin/lib/python3.10/site-packages/airflow/example_dags/example_branch_day_of_week_operator.py for tasks to queue
[2023-12-03T23:28:39.703+0000] {logging_mixin.py:154} INFO - [2023-12-03T23:28:39.702+0000] {dagbag.py:536} INFO - Filling up the DagBag from /home/ubuntu/redfin/lib/python3.10/site-packages/airflow/example_dags/example_branch_day_of_week_operator.py
[2023-12-03T23:28:39.711+0000] {processor.py:839} INFO - DAG(s) dict_keys(['example_weekday_branch_operator']) retrieved from /home/ubuntu/redfin/lib/python3.10/site-packages/airflow/example_dags/example_branch_day_of_week_operator.py
[2023-12-03T23:28:39.730+0000] {logging_mixin.py:154} INFO - [2023-12-03T23:28:39.730+0000] {dag.py:2941} INFO - Sync 1 DAGs
[2023-12-03T23:28:39.754+0000] {logging_mixin.py:154} INFO - [2023-12-03T23:28:39.753+0000] {dag.py:3722} INFO - Setting next_dagrun for example_weekday_branch_operator to 2023-12-02T00:00:00+00:00, run_after=2023-12-03T00:00:00+00:00
[2023-12-03T23:28:39.777+0000] {processor.py:179} INFO - Processing /home/ubuntu/redfin/lib/python3.10/site-packages/airflow/example_dags/example_branch_day_of_week_operator.py took 0.080 seconds
[2023-12-03T23:29:28.233+0000] {processor.py:157} INFO - Started process (PID=5177) to work on /home/ubuntu/redfin/lib/python3.10/site-packages/airflow/example_dags/example_branch_day_of_week_operator.py
[2023-12-03T23:29:28.234+0000] {processor.py:829} INFO - Processing file /home/ubuntu/redfin/lib/python3.10/site-packages/airflow/example_dags/example_branch_day_of_week_operator.py for tasks to queue
[2023-12-03T23:29:28.235+0000] {logging_mixin.py:154} INFO - [2023-12-03T23:29:28.235+0000] {dagbag.py:536} INFO - Filling up the DagBag from /home/ubuntu/redfin/lib/python3.10/site-packages/airflow/example_dags/example_branch_day_of_week_operator.py
[2023-12-03T23:29:28.244+0000] {processor.py:839} INFO - DAG(s) dict_keys(['example_weekday_branch_operator']) retrieved from /home/ubuntu/redfin/lib/python3.10/site-packages/airflow/example_dags/example_branch_day_of_week_operator.py
[2023-12-03T23:29:28.263+0000] {logging_mixin.py:154} INFO - [2023-12-03T23:29:28.263+0000] {dag.py:2941} INFO - Sync 1 DAGs
[2023-12-03T23:29:28.285+0000] {logging_mixin.py:154} INFO - [2023-12-03T23:29:28.285+0000] {dag.py:3722} INFO - Setting next_dagrun for example_weekday_branch_operator to 2023-12-02T00:00:00+00:00, run_after=2023-12-03T00:00:00+00:00
[2023-12-03T23:29:28.308+0000] {processor.py:179} INFO - Processing /home/ubuntu/redfin/lib/python3.10/site-packages/airflow/example_dags/example_branch_day_of_week_operator.py took 0.079 seconds
[2023-12-03T23:30:16.891+0000] {processor.py:157} INFO - Started process (PID=5230) to work on /home/ubuntu/redfin/lib/python3.10/site-packages/airflow/example_dags/example_branch_day_of_week_operator.py
[2023-12-03T23:30:16.893+0000] {processor.py:829} INFO - Processing file /home/ubuntu/redfin/lib/python3.10/site-packages/airflow/example_dags/example_branch_day_of_week_operator.py for tasks to queue
[2023-12-03T23:30:16.894+0000] {logging_mixin.py:154} INFO - [2023-12-03T23:30:16.893+0000] {dagbag.py:536} INFO - Filling up the DagBag from /home/ubuntu/redfin/lib/python3.10/site-packages/airflow/example_dags/example_branch_day_of_week_operator.py
[2023-12-03T23:30:16.903+0000] {processor.py:839} INFO - DAG(s) dict_keys(['example_weekday_branch_operator']) retrieved from /home/ubuntu/redfin/lib/python3.10/site-packages/airflow/example_dags/example_branch_day_of_week_operator.py
[2023-12-03T23:30:16.924+0000] {logging_mixin.py:154} INFO - [2023-12-03T23:30:16.924+0000] {dag.py:2941} INFO - Sync 1 DAGs
[2023-12-03T23:30:16.949+0000] {logging_mixin.py:154} INFO - [2023-12-03T23:30:16.949+0000] {dag.py:3722} INFO - Setting next_dagrun for example_weekday_branch_operator to 2023-12-02T00:00:00+00:00, run_after=2023-12-03T00:00:00+00:00
[2023-12-03T23:30:16.973+0000] {processor.py:179} INFO - Processing /home/ubuntu/redfin/lib/python3.10/site-packages/airflow/example_dags/example_branch_day_of_week_operator.py took 0.086 seconds
[2023-12-03T23:31:02.139+0000] {processor.py:157} INFO - Started process (PID=5280) to work on /home/ubuntu/redfin/lib/python3.10/site-packages/airflow/example_dags/example_branch_day_of_week_operator.py
[2023-12-03T23:31:02.141+0000] {processor.py:829} INFO - Processing file /home/ubuntu/redfin/lib/python3.10/site-packages/airflow/example_dags/example_branch_day_of_week_operator.py for tasks to queue
[2023-12-03T23:31:02.142+0000] {logging_mixin.py:154} INFO - [2023-12-03T23:31:02.141+0000] {dagbag.py:536} INFO - Filling up the DagBag from /home/ubuntu/redfin/lib/python3.10/site-packages/airflow/example_dags/example_branch_day_of_week_operator.py
[2023-12-03T23:31:02.151+0000] {processor.py:839} INFO - DAG(s) dict_keys(['example_weekday_branch_operator']) retrieved from /home/ubuntu/redfin/lib/python3.10/site-packages/airflow/example_dags/example_branch_day_of_week_operator.py
[2023-12-03T23:31:02.172+0000] {logging_mixin.py:154} INFO - [2023-12-03T23:31:02.171+0000] {dag.py:2941} INFO - Sync 1 DAGs
[2023-12-03T23:31:02.196+0000] {logging_mixin.py:154} INFO - [2023-12-03T23:31:02.196+0000] {dag.py:3722} INFO - Setting next_dagrun for example_weekday_branch_operator to 2023-12-02T00:00:00+00:00, run_after=2023-12-03T00:00:00+00:00
[2023-12-03T23:31:02.218+0000] {processor.py:179} INFO - Processing /home/ubuntu/redfin/lib/python3.10/site-packages/airflow/example_dags/example_branch_day_of_week_operator.py took 0.083 seconds
[2023-12-03T23:31:49.931+0000] {processor.py:157} INFO - Started process (PID=5334) to work on /home/ubuntu/redfin/lib/python3.10/site-packages/airflow/example_dags/example_branch_day_of_week_operator.py
[2023-12-03T23:31:49.933+0000] {processor.py:829} INFO - Processing file /home/ubuntu/redfin/lib/python3.10/site-packages/airflow/example_dags/example_branch_day_of_week_operator.py for tasks to queue
[2023-12-03T23:31:49.934+0000] {logging_mixin.py:154} INFO - [2023-12-03T23:31:49.933+0000] {dagbag.py:536} INFO - Filling up the DagBag from /home/ubuntu/redfin/lib/python3.10/site-packages/airflow/example_dags/example_branch_day_of_week_operator.py
[2023-12-03T23:31:49.943+0000] {processor.py:839} INFO - DAG(s) dict_keys(['example_weekday_branch_operator']) retrieved from /home/ubuntu/redfin/lib/python3.10/site-packages/airflow/example_dags/example_branch_day_of_week_operator.py
[2023-12-03T23:31:49.963+0000] {logging_mixin.py:154} INFO - [2023-12-03T23:31:49.962+0000] {dag.py:2941} INFO - Sync 1 DAGs
[2023-12-03T23:31:49.986+0000] {logging_mixin.py:154} INFO - [2023-12-03T23:31:49.985+0000] {dag.py:3722} INFO - Setting next_dagrun for example_weekday_branch_operator to 2023-12-02T00:00:00+00:00, run_after=2023-12-03T00:00:00+00:00
[2023-12-03T23:31:50.008+0000] {processor.py:179} INFO - Processing /home/ubuntu/redfin/lib/python3.10/site-packages/airflow/example_dags/example_branch_day_of_week_operator.py took 0.081 seconds
[2023-12-03T23:32:35.592+0000] {processor.py:157} INFO - Started process (PID=5383) to work on /home/ubuntu/redfin/lib/python3.10/site-packages/airflow/example_dags/example_branch_day_of_week_operator.py
[2023-12-03T23:32:35.593+0000] {processor.py:829} INFO - Processing file /home/ubuntu/redfin/lib/python3.10/site-packages/airflow/example_dags/example_branch_day_of_week_operator.py for tasks to queue
[2023-12-03T23:32:35.594+0000] {logging_mixin.py:154} INFO - [2023-12-03T23:32:35.594+0000] {dagbag.py:536} INFO - Filling up the DagBag from /home/ubuntu/redfin/lib/python3.10/site-packages/airflow/example_dags/example_branch_day_of_week_operator.py
[2023-12-03T23:32:35.603+0000] {processor.py:839} INFO - DAG(s) dict_keys(['example_weekday_branch_operator']) retrieved from /home/ubuntu/redfin/lib/python3.10/site-packages/airflow/example_dags/example_branch_day_of_week_operator.py
[2023-12-03T23:32:35.622+0000] {logging_mixin.py:154} INFO - [2023-12-03T23:32:35.622+0000] {dag.py:2941} INFO - Sync 1 DAGs
[2023-12-03T23:32:35.646+0000] {logging_mixin.py:154} INFO - [2023-12-03T23:32:35.646+0000] {dag.py:3722} INFO - Setting next_dagrun for example_weekday_branch_operator to 2023-12-02T00:00:00+00:00, run_after=2023-12-03T00:00:00+00:00
[2023-12-03T23:32:35.668+0000] {processor.py:179} INFO - Processing /home/ubuntu/redfin/lib/python3.10/site-packages/airflow/example_dags/example_branch_day_of_week_operator.py took 0.080 seconds
[2023-12-03T23:33:19.189+0000] {processor.py:157} INFO - Started process (PID=5431) to work on /home/ubuntu/redfin/lib/python3.10/site-packages/airflow/example_dags/example_branch_day_of_week_operator.py
[2023-12-03T23:33:19.190+0000] {processor.py:829} INFO - Processing file /home/ubuntu/redfin/lib/python3.10/site-packages/airflow/example_dags/example_branch_day_of_week_operator.py for tasks to queue
[2023-12-03T23:33:19.191+0000] {logging_mixin.py:154} INFO - [2023-12-03T23:33:19.191+0000] {dagbag.py:536} INFO - Filling up the DagBag from /home/ubuntu/redfin/lib/python3.10/site-packages/airflow/example_dags/example_branch_day_of_week_operator.py
[2023-12-03T23:33:19.200+0000] {processor.py:839} INFO - DAG(s) dict_keys(['example_weekday_branch_operator']) retrieved from /home/ubuntu/redfin/lib/python3.10/site-packages/airflow/example_dags/example_branch_day_of_week_operator.py
[2023-12-03T23:33:19.219+0000] {logging_mixin.py:154} INFO - [2023-12-03T23:33:19.219+0000] {dag.py:2941} INFO - Sync 1 DAGs
[2023-12-03T23:33:19.241+0000] {logging_mixin.py:154} INFO - [2023-12-03T23:33:19.241+0000] {dag.py:3722} INFO - Setting next_dagrun for example_weekday_branch_operator to 2023-12-02T00:00:00+00:00, run_after=2023-12-03T00:00:00+00:00
[2023-12-03T23:33:19.263+0000] {processor.py:179} INFO - Processing /home/ubuntu/redfin/lib/python3.10/site-packages/airflow/example_dags/example_branch_day_of_week_operator.py took 0.078 seconds
[2023-12-03T23:34:05.560+0000] {processor.py:157} INFO - Started process (PID=5481) to work on /home/ubuntu/redfin/lib/python3.10/site-packages/airflow/example_dags/example_branch_day_of_week_operator.py
[2023-12-03T23:34:05.562+0000] {processor.py:829} INFO - Processing file /home/ubuntu/redfin/lib/python3.10/site-packages/airflow/example_dags/example_branch_day_of_week_operator.py for tasks to queue
[2023-12-03T23:34:05.563+0000] {logging_mixin.py:154} INFO - [2023-12-03T23:34:05.562+0000] {dagbag.py:536} INFO - Filling up the DagBag from /home/ubuntu/redfin/lib/python3.10/site-packages/airflow/example_dags/example_branch_day_of_week_operator.py
[2023-12-03T23:34:05.571+0000] {processor.py:839} INFO - DAG(s) dict_keys(['example_weekday_branch_operator']) retrieved from /home/ubuntu/redfin/lib/python3.10/site-packages/airflow/example_dags/example_branch_day_of_week_operator.py
[2023-12-03T23:34:05.590+0000] {logging_mixin.py:154} INFO - [2023-12-03T23:34:05.590+0000] {dag.py:2941} INFO - Sync 1 DAGs
[2023-12-03T23:34:05.613+0000] {logging_mixin.py:154} INFO - [2023-12-03T23:34:05.613+0000] {dag.py:3722} INFO - Setting next_dagrun for example_weekday_branch_operator to 2023-12-02T00:00:00+00:00, run_after=2023-12-03T00:00:00+00:00
[2023-12-03T23:34:05.636+0000] {processor.py:179} INFO - Processing /home/ubuntu/redfin/lib/python3.10/site-packages/airflow/example_dags/example_branch_day_of_week_operator.py took 0.080 seconds
[2023-12-03T23:34:53.761+0000] {processor.py:157} INFO - Started process (PID=5535) to work on /home/ubuntu/redfin/lib/python3.10/site-packages/airflow/example_dags/example_branch_day_of_week_operator.py
[2023-12-03T23:34:53.762+0000] {processor.py:829} INFO - Processing file /home/ubuntu/redfin/lib/python3.10/site-packages/airflow/example_dags/example_branch_day_of_week_operator.py for tasks to queue
[2023-12-03T23:34:53.763+0000] {logging_mixin.py:154} INFO - [2023-12-03T23:34:53.763+0000] {dagbag.py:536} INFO - Filling up the DagBag from /home/ubuntu/redfin/lib/python3.10/site-packages/airflow/example_dags/example_branch_day_of_week_operator.py
[2023-12-03T23:34:53.772+0000] {processor.py:839} INFO - DAG(s) dict_keys(['example_weekday_branch_operator']) retrieved from /home/ubuntu/redfin/lib/python3.10/site-packages/airflow/example_dags/example_branch_day_of_week_operator.py
[2023-12-03T23:34:53.791+0000] {logging_mixin.py:154} INFO - [2023-12-03T23:34:53.791+0000] {dag.py:2941} INFO - Sync 1 DAGs
[2023-12-03T23:34:53.813+0000] {logging_mixin.py:154} INFO - [2023-12-03T23:34:53.813+0000] {dag.py:3722} INFO - Setting next_dagrun for example_weekday_branch_operator to 2023-12-02T00:00:00+00:00, run_after=2023-12-03T00:00:00+00:00
[2023-12-03T23:34:53.836+0000] {processor.py:179} INFO - Processing /home/ubuntu/redfin/lib/python3.10/site-packages/airflow/example_dags/example_branch_day_of_week_operator.py took 0.079 seconds
[2023-12-03T23:35:42.887+0000] {processor.py:157} INFO - Started process (PID=5588) to work on /home/ubuntu/redfin/lib/python3.10/site-packages/airflow/example_dags/example_branch_day_of_week_operator.py
[2023-12-03T23:35:42.888+0000] {processor.py:829} INFO - Processing file /home/ubuntu/redfin/lib/python3.10/site-packages/airflow/example_dags/example_branch_day_of_week_operator.py for tasks to queue
[2023-12-03T23:35:42.889+0000] {logging_mixin.py:154} INFO - [2023-12-03T23:35:42.889+0000] {dagbag.py:536} INFO - Filling up the DagBag from /home/ubuntu/redfin/lib/python3.10/site-packages/airflow/example_dags/example_branch_day_of_week_operator.py
[2023-12-03T23:35:42.898+0000] {processor.py:839} INFO - DAG(s) dict_keys(['example_weekday_branch_operator']) retrieved from /home/ubuntu/redfin/lib/python3.10/site-packages/airflow/example_dags/example_branch_day_of_week_operator.py
[2023-12-03T23:35:42.918+0000] {logging_mixin.py:154} INFO - [2023-12-03T23:35:42.918+0000] {dag.py:2941} INFO - Sync 1 DAGs
[2023-12-03T23:35:42.941+0000] {logging_mixin.py:154} INFO - [2023-12-03T23:35:42.941+0000] {dag.py:3722} INFO - Setting next_dagrun for example_weekday_branch_operator to 2023-12-02T00:00:00+00:00, run_after=2023-12-03T00:00:00+00:00
[2023-12-03T23:35:42.965+0000] {processor.py:179} INFO - Processing /home/ubuntu/redfin/lib/python3.10/site-packages/airflow/example_dags/example_branch_day_of_week_operator.py took 0.081 seconds
[2023-12-03T23:36:34.683+0000] {processor.py:157} INFO - Started process (PID=5644) to work on /home/ubuntu/redfin/lib/python3.10/site-packages/airflow/example_dags/example_branch_day_of_week_operator.py
[2023-12-03T23:36:34.684+0000] {processor.py:829} INFO - Processing file /home/ubuntu/redfin/lib/python3.10/site-packages/airflow/example_dags/example_branch_day_of_week_operator.py for tasks to queue
[2023-12-03T23:36:34.685+0000] {logging_mixin.py:154} INFO - [2023-12-03T23:36:34.685+0000] {dagbag.py:536} INFO - Filling up the DagBag from /home/ubuntu/redfin/lib/python3.10/site-packages/airflow/example_dags/example_branch_day_of_week_operator.py
[2023-12-03T23:36:34.693+0000] {processor.py:839} INFO - DAG(s) dict_keys(['example_weekday_branch_operator']) retrieved from /home/ubuntu/redfin/lib/python3.10/site-packages/airflow/example_dags/example_branch_day_of_week_operator.py
[2023-12-03T23:36:34.713+0000] {logging_mixin.py:154} INFO - [2023-12-03T23:36:34.712+0000] {dag.py:2941} INFO - Sync 1 DAGs
[2023-12-03T23:36:34.735+0000] {logging_mixin.py:154} INFO - [2023-12-03T23:36:34.734+0000] {dag.py:3722} INFO - Setting next_dagrun for example_weekday_branch_operator to 2023-12-02T00:00:00+00:00, run_after=2023-12-03T00:00:00+00:00
[2023-12-03T23:36:34.758+0000] {processor.py:179} INFO - Processing /home/ubuntu/redfin/lib/python3.10/site-packages/airflow/example_dags/example_branch_day_of_week_operator.py took 0.078 seconds
[2023-12-03T23:37:23.962+0000] {processor.py:157} INFO - Started process (PID=5697) to work on /home/ubuntu/redfin/lib/python3.10/site-packages/airflow/example_dags/example_branch_day_of_week_operator.py
[2023-12-03T23:37:23.964+0000] {processor.py:829} INFO - Processing file /home/ubuntu/redfin/lib/python3.10/site-packages/airflow/example_dags/example_branch_day_of_week_operator.py for tasks to queue
[2023-12-03T23:37:23.965+0000] {logging_mixin.py:154} INFO - [2023-12-03T23:37:23.964+0000] {dagbag.py:536} INFO - Filling up the DagBag from /home/ubuntu/redfin/lib/python3.10/site-packages/airflow/example_dags/example_branch_day_of_week_operator.py
[2023-12-03T23:37:23.973+0000] {processor.py:839} INFO - DAG(s) dict_keys(['example_weekday_branch_operator']) retrieved from /home/ubuntu/redfin/lib/python3.10/site-packages/airflow/example_dags/example_branch_day_of_week_operator.py
[2023-12-03T23:37:23.993+0000] {logging_mixin.py:154} INFO - [2023-12-03T23:37:23.992+0000] {dag.py:2941} INFO - Sync 1 DAGs
[2023-12-03T23:37:24.015+0000] {logging_mixin.py:154} INFO - [2023-12-03T23:37:24.015+0000] {dag.py:3722} INFO - Setting next_dagrun for example_weekday_branch_operator to 2023-12-02T00:00:00+00:00, run_after=2023-12-03T00:00:00+00:00
[2023-12-03T23:37:24.037+0000] {processor.py:179} INFO - Processing /home/ubuntu/redfin/lib/python3.10/site-packages/airflow/example_dags/example_branch_day_of_week_operator.py took 0.078 seconds
[2023-12-03T23:38:08.365+0000] {processor.py:157} INFO - Started process (PID=5746) to work on /home/ubuntu/redfin/lib/python3.10/site-packages/airflow/example_dags/example_branch_day_of_week_operator.py
[2023-12-03T23:38:08.366+0000] {processor.py:829} INFO - Processing file /home/ubuntu/redfin/lib/python3.10/site-packages/airflow/example_dags/example_branch_day_of_week_operator.py for tasks to queue
[2023-12-03T23:38:08.367+0000] {logging_mixin.py:154} INFO - [2023-12-03T23:38:08.366+0000] {dagbag.py:536} INFO - Filling up the DagBag from /home/ubuntu/redfin/lib/python3.10/site-packages/airflow/example_dags/example_branch_day_of_week_operator.py
[2023-12-03T23:38:08.375+0000] {processor.py:839} INFO - DAG(s) dict_keys(['example_weekday_branch_operator']) retrieved from /home/ubuntu/redfin/lib/python3.10/site-packages/airflow/example_dags/example_branch_day_of_week_operator.py
[2023-12-03T23:38:08.395+0000] {logging_mixin.py:154} INFO - [2023-12-03T23:38:08.395+0000] {dag.py:2941} INFO - Sync 1 DAGs
[2023-12-03T23:38:08.418+0000] {logging_mixin.py:154} INFO - [2023-12-03T23:38:08.418+0000] {dag.py:3722} INFO - Setting next_dagrun for example_weekday_branch_operator to 2023-12-02T00:00:00+00:00, run_after=2023-12-03T00:00:00+00:00
[2023-12-03T23:38:08.442+0000] {processor.py:179} INFO - Processing /home/ubuntu/redfin/lib/python3.10/site-packages/airflow/example_dags/example_branch_day_of_week_operator.py took 0.081 seconds
[2023-12-03T23:38:55.917+0000] {processor.py:157} INFO - Started process (PID=5801) to work on /home/ubuntu/redfin/lib/python3.10/site-packages/airflow/example_dags/example_branch_day_of_week_operator.py
[2023-12-03T23:38:55.918+0000] {processor.py:829} INFO - Processing file /home/ubuntu/redfin/lib/python3.10/site-packages/airflow/example_dags/example_branch_day_of_week_operator.py for tasks to queue
[2023-12-03T23:38:55.919+0000] {logging_mixin.py:154} INFO - [2023-12-03T23:38:55.919+0000] {dagbag.py:536} INFO - Filling up the DagBag from /home/ubuntu/redfin/lib/python3.10/site-packages/airflow/example_dags/example_branch_day_of_week_operator.py
[2023-12-03T23:38:55.928+0000] {processor.py:839} INFO - DAG(s) dict_keys(['example_weekday_branch_operator']) retrieved from /home/ubuntu/redfin/lib/python3.10/site-packages/airflow/example_dags/example_branch_day_of_week_operator.py
[2023-12-03T23:38:55.948+0000] {logging_mixin.py:154} INFO - [2023-12-03T23:38:55.948+0000] {dag.py:2941} INFO - Sync 1 DAGs
[2023-12-03T23:38:55.971+0000] {logging_mixin.py:154} INFO - [2023-12-03T23:38:55.971+0000] {dag.py:3722} INFO - Setting next_dagrun for example_weekday_branch_operator to 2023-12-02T00:00:00+00:00, run_after=2023-12-03T00:00:00+00:00
[2023-12-03T23:38:55.999+0000] {processor.py:179} INFO - Processing /home/ubuntu/redfin/lib/python3.10/site-packages/airflow/example_dags/example_branch_day_of_week_operator.py took 0.086 seconds
[2023-12-03T23:39:43.523+0000] {processor.py:157} INFO - Started process (PID=5851) to work on /home/ubuntu/redfin/lib/python3.10/site-packages/airflow/example_dags/example_branch_day_of_week_operator.py
[2023-12-03T23:39:43.524+0000] {processor.py:829} INFO - Processing file /home/ubuntu/redfin/lib/python3.10/site-packages/airflow/example_dags/example_branch_day_of_week_operator.py for tasks to queue
[2023-12-03T23:39:43.525+0000] {logging_mixin.py:154} INFO - [2023-12-03T23:39:43.525+0000] {dagbag.py:536} INFO - Filling up the DagBag from /home/ubuntu/redfin/lib/python3.10/site-packages/airflow/example_dags/example_branch_day_of_week_operator.py
[2023-12-03T23:39:43.534+0000] {processor.py:839} INFO - DAG(s) dict_keys(['example_weekday_branch_operator']) retrieved from /home/ubuntu/redfin/lib/python3.10/site-packages/airflow/example_dags/example_branch_day_of_week_operator.py
[2023-12-03T23:39:43.553+0000] {logging_mixin.py:154} INFO - [2023-12-03T23:39:43.553+0000] {dag.py:2941} INFO - Sync 1 DAGs
[2023-12-03T23:39:43.578+0000] {logging_mixin.py:154} INFO - [2023-12-03T23:39:43.578+0000] {dag.py:3722} INFO - Setting next_dagrun for example_weekday_branch_operator to 2023-12-02T00:00:00+00:00, run_after=2023-12-03T00:00:00+00:00
[2023-12-03T23:39:43.609+0000] {processor.py:179} INFO - Processing /home/ubuntu/redfin/lib/python3.10/site-packages/airflow/example_dags/example_branch_day_of_week_operator.py took 0.091 seconds
[2023-12-03T23:40:29.719+0000] {processor.py:157} INFO - Started process (PID=5901) to work on /home/ubuntu/redfin/lib/python3.10/site-packages/airflow/example_dags/example_branch_day_of_week_operator.py
[2023-12-03T23:40:29.721+0000] {processor.py:829} INFO - Processing file /home/ubuntu/redfin/lib/python3.10/site-packages/airflow/example_dags/example_branch_day_of_week_operator.py for tasks to queue
[2023-12-03T23:40:29.722+0000] {logging_mixin.py:154} INFO - [2023-12-03T23:40:29.721+0000] {dagbag.py:536} INFO - Filling up the DagBag from /home/ubuntu/redfin/lib/python3.10/site-packages/airflow/example_dags/example_branch_day_of_week_operator.py
[2023-12-03T23:40:29.730+0000] {processor.py:839} INFO - DAG(s) dict_keys(['example_weekday_branch_operator']) retrieved from /home/ubuntu/redfin/lib/python3.10/site-packages/airflow/example_dags/example_branch_day_of_week_operator.py
[2023-12-03T23:40:29.750+0000] {logging_mixin.py:154} INFO - [2023-12-03T23:40:29.750+0000] {dag.py:2941} INFO - Sync 1 DAGs
[2023-12-03T23:40:29.774+0000] {logging_mixin.py:154} INFO - [2023-12-03T23:40:29.774+0000] {dag.py:3722} INFO - Setting next_dagrun for example_weekday_branch_operator to 2023-12-02T00:00:00+00:00, run_after=2023-12-03T00:00:00+00:00
[2023-12-03T23:40:29.795+0000] {processor.py:179} INFO - Processing /home/ubuntu/redfin/lib/python3.10/site-packages/airflow/example_dags/example_branch_day_of_week_operator.py took 0.079 seconds
[2023-12-03T23:41:21.165+0000] {processor.py:157} INFO - Started process (PID=5955) to work on /home/ubuntu/redfin/lib/python3.10/site-packages/airflow/example_dags/example_branch_day_of_week_operator.py
[2023-12-03T23:41:21.167+0000] {processor.py:829} INFO - Processing file /home/ubuntu/redfin/lib/python3.10/site-packages/airflow/example_dags/example_branch_day_of_week_operator.py for tasks to queue
[2023-12-03T23:41:21.168+0000] {logging_mixin.py:154} INFO - [2023-12-03T23:41:21.167+0000] {dagbag.py:536} INFO - Filling up the DagBag from /home/ubuntu/redfin/lib/python3.10/site-packages/airflow/example_dags/example_branch_day_of_week_operator.py
[2023-12-03T23:41:21.177+0000] {processor.py:839} INFO - DAG(s) dict_keys(['example_weekday_branch_operator']) retrieved from /home/ubuntu/redfin/lib/python3.10/site-packages/airflow/example_dags/example_branch_day_of_week_operator.py
[2023-12-03T23:41:21.197+0000] {logging_mixin.py:154} INFO - [2023-12-03T23:41:21.197+0000] {dag.py:2941} INFO - Sync 1 DAGs
[2023-12-03T23:41:21.222+0000] {logging_mixin.py:154} INFO - [2023-12-03T23:41:21.222+0000] {dag.py:3722} INFO - Setting next_dagrun for example_weekday_branch_operator to 2023-12-02T00:00:00+00:00, run_after=2023-12-03T00:00:00+00:00
[2023-12-03T23:41:21.244+0000] {processor.py:179} INFO - Processing /home/ubuntu/redfin/lib/python3.10/site-packages/airflow/example_dags/example_branch_day_of_week_operator.py took 0.083 seconds
[2023-12-03T23:42:04.758+0000] {processor.py:157} INFO - Started process (PID=6004) to work on /home/ubuntu/redfin/lib/python3.10/site-packages/airflow/example_dags/example_branch_day_of_week_operator.py
[2023-12-03T23:42:04.759+0000] {processor.py:829} INFO - Processing file /home/ubuntu/redfin/lib/python3.10/site-packages/airflow/example_dags/example_branch_day_of_week_operator.py for tasks to queue
[2023-12-03T23:42:04.760+0000] {logging_mixin.py:154} INFO - [2023-12-03T23:42:04.760+0000] {dagbag.py:536} INFO - Filling up the DagBag from /home/ubuntu/redfin/lib/python3.10/site-packages/airflow/example_dags/example_branch_day_of_week_operator.py
[2023-12-03T23:42:04.769+0000] {processor.py:839} INFO - DAG(s) dict_keys(['example_weekday_branch_operator']) retrieved from /home/ubuntu/redfin/lib/python3.10/site-packages/airflow/example_dags/example_branch_day_of_week_operator.py
[2023-12-03T23:42:04.789+0000] {logging_mixin.py:154} INFO - [2023-12-03T23:42:04.789+0000] {dag.py:2941} INFO - Sync 1 DAGs
[2023-12-03T23:42:04.812+0000] {logging_mixin.py:154} INFO - [2023-12-03T23:42:04.812+0000] {dag.py:3722} INFO - Setting next_dagrun for example_weekday_branch_operator to 2023-12-02T00:00:00+00:00, run_after=2023-12-03T00:00:00+00:00
[2023-12-03T23:42:04.835+0000] {processor.py:179} INFO - Processing /home/ubuntu/redfin/lib/python3.10/site-packages/airflow/example_dags/example_branch_day_of_week_operator.py took 0.081 seconds
[2023-12-03T23:42:53.803+0000] {processor.py:157} INFO - Started process (PID=6059) to work on /home/ubuntu/redfin/lib/python3.10/site-packages/airflow/example_dags/example_branch_day_of_week_operator.py
[2023-12-03T23:42:53.805+0000] {processor.py:829} INFO - Processing file /home/ubuntu/redfin/lib/python3.10/site-packages/airflow/example_dags/example_branch_day_of_week_operator.py for tasks to queue
[2023-12-03T23:42:53.806+0000] {logging_mixin.py:154} INFO - [2023-12-03T23:42:53.805+0000] {dagbag.py:536} INFO - Filling up the DagBag from /home/ubuntu/redfin/lib/python3.10/site-packages/airflow/example_dags/example_branch_day_of_week_operator.py
[2023-12-03T23:42:53.815+0000] {processor.py:839} INFO - DAG(s) dict_keys(['example_weekday_branch_operator']) retrieved from /home/ubuntu/redfin/lib/python3.10/site-packages/airflow/example_dags/example_branch_day_of_week_operator.py
[2023-12-03T23:42:53.835+0000] {logging_mixin.py:154} INFO - [2023-12-03T23:42:53.834+0000] {dag.py:2941} INFO - Sync 1 DAGs
[2023-12-03T23:42:53.859+0000] {logging_mixin.py:154} INFO - [2023-12-03T23:42:53.858+0000] {dag.py:3722} INFO - Setting next_dagrun for example_weekday_branch_operator to 2023-12-02T00:00:00+00:00, run_after=2023-12-03T00:00:00+00:00
[2023-12-03T23:42:53.881+0000] {processor.py:179} INFO - Processing /home/ubuntu/redfin/lib/python3.10/site-packages/airflow/example_dags/example_branch_day_of_week_operator.py took 0.082 seconds
[2023-12-03T23:43:38.958+0000] {processor.py:157} INFO - Started process (PID=6108) to work on /home/ubuntu/redfin/lib/python3.10/site-packages/airflow/example_dags/example_branch_day_of_week_operator.py
[2023-12-03T23:43:38.959+0000] {processor.py:829} INFO - Processing file /home/ubuntu/redfin/lib/python3.10/site-packages/airflow/example_dags/example_branch_day_of_week_operator.py for tasks to queue
[2023-12-03T23:43:38.960+0000] {logging_mixin.py:154} INFO - [2023-12-03T23:43:38.960+0000] {dagbag.py:536} INFO - Filling up the DagBag from /home/ubuntu/redfin/lib/python3.10/site-packages/airflow/example_dags/example_branch_day_of_week_operator.py
[2023-12-03T23:43:38.969+0000] {processor.py:839} INFO - DAG(s) dict_keys(['example_weekday_branch_operator']) retrieved from /home/ubuntu/redfin/lib/python3.10/site-packages/airflow/example_dags/example_branch_day_of_week_operator.py
[2023-12-03T23:43:38.989+0000] {logging_mixin.py:154} INFO - [2023-12-03T23:43:38.989+0000] {dag.py:2941} INFO - Sync 1 DAGs
[2023-12-03T23:43:39.012+0000] {logging_mixin.py:154} INFO - [2023-12-03T23:43:39.012+0000] {dag.py:3722} INFO - Setting next_dagrun for example_weekday_branch_operator to 2023-12-02T00:00:00+00:00, run_after=2023-12-03T00:00:00+00:00
[2023-12-03T23:43:39.035+0000] {processor.py:179} INFO - Processing /home/ubuntu/redfin/lib/python3.10/site-packages/airflow/example_dags/example_branch_day_of_week_operator.py took 0.081 seconds
[2023-12-03T23:44:27.826+0000] {processor.py:157} INFO - Started process (PID=6415) to work on /home/ubuntu/redfin/lib/python3.10/site-packages/airflow/example_dags/example_branch_day_of_week_operator.py
[2023-12-03T23:44:27.828+0000] {processor.py:829} INFO - Processing file /home/ubuntu/redfin/lib/python3.10/site-packages/airflow/example_dags/example_branch_day_of_week_operator.py for tasks to queue
[2023-12-03T23:44:27.829+0000] {logging_mixin.py:154} INFO - [2023-12-03T23:44:27.828+0000] {dagbag.py:536} INFO - Filling up the DagBag from /home/ubuntu/redfin/lib/python3.10/site-packages/airflow/example_dags/example_branch_day_of_week_operator.py
[2023-12-03T23:44:27.838+0000] {processor.py:839} INFO - DAG(s) dict_keys(['example_weekday_branch_operator']) retrieved from /home/ubuntu/redfin/lib/python3.10/site-packages/airflow/example_dags/example_branch_day_of_week_operator.py
[2023-12-03T23:44:27.858+0000] {logging_mixin.py:154} INFO - [2023-12-03T23:44:27.857+0000] {dag.py:2941} INFO - Sync 1 DAGs
[2023-12-03T23:44:27.881+0000] {logging_mixin.py:154} INFO - [2023-12-03T23:44:27.881+0000] {dag.py:3722} INFO - Setting next_dagrun for example_weekday_branch_operator to 2023-12-02T00:00:00+00:00, run_after=2023-12-03T00:00:00+00:00
[2023-12-03T23:44:27.904+0000] {processor.py:179} INFO - Processing /home/ubuntu/redfin/lib/python3.10/site-packages/airflow/example_dags/example_branch_day_of_week_operator.py took 0.081 seconds
[2023-12-03T23:45:10.171+0000] {processor.py:157} INFO - Started process (PID=6619) to work on /home/ubuntu/redfin/lib/python3.10/site-packages/airflow/example_dags/example_branch_day_of_week_operator.py
[2023-12-03T23:45:10.173+0000] {processor.py:829} INFO - Processing file /home/ubuntu/redfin/lib/python3.10/site-packages/airflow/example_dags/example_branch_day_of_week_operator.py for tasks to queue
[2023-12-03T23:45:10.174+0000] {logging_mixin.py:154} INFO - [2023-12-03T23:45:10.173+0000] {dagbag.py:536} INFO - Filling up the DagBag from /home/ubuntu/redfin/lib/python3.10/site-packages/airflow/example_dags/example_branch_day_of_week_operator.py
[2023-12-03T23:45:10.183+0000] {processor.py:839} INFO - DAG(s) dict_keys(['example_weekday_branch_operator']) retrieved from /home/ubuntu/redfin/lib/python3.10/site-packages/airflow/example_dags/example_branch_day_of_week_operator.py
[2023-12-03T23:45:10.202+0000] {logging_mixin.py:154} INFO - [2023-12-03T23:45:10.202+0000] {dag.py:2941} INFO - Sync 1 DAGs
[2023-12-03T23:45:10.225+0000] {logging_mixin.py:154} INFO - [2023-12-03T23:45:10.225+0000] {dag.py:3722} INFO - Setting next_dagrun for example_weekday_branch_operator to 2023-12-02T00:00:00+00:00, run_after=2023-12-03T00:00:00+00:00
[2023-12-03T23:45:10.249+0000] {processor.py:179} INFO - Processing /home/ubuntu/redfin/lib/python3.10/site-packages/airflow/example_dags/example_branch_day_of_week_operator.py took 0.081 seconds
[2023-12-03T23:45:57.674+0000] {processor.py:157} INFO - Started process (PID=6671) to work on /home/ubuntu/redfin/lib/python3.10/site-packages/airflow/example_dags/example_branch_day_of_week_operator.py
[2023-12-03T23:45:57.676+0000] {processor.py:829} INFO - Processing file /home/ubuntu/redfin/lib/python3.10/site-packages/airflow/example_dags/example_branch_day_of_week_operator.py for tasks to queue
[2023-12-03T23:45:57.677+0000] {logging_mixin.py:154} INFO - [2023-12-03T23:45:57.676+0000] {dagbag.py:536} INFO - Filling up the DagBag from /home/ubuntu/redfin/lib/python3.10/site-packages/airflow/example_dags/example_branch_day_of_week_operator.py
[2023-12-03T23:45:57.685+0000] {processor.py:839} INFO - DAG(s) dict_keys(['example_weekday_branch_operator']) retrieved from /home/ubuntu/redfin/lib/python3.10/site-packages/airflow/example_dags/example_branch_day_of_week_operator.py
[2023-12-03T23:45:57.705+0000] {logging_mixin.py:154} INFO - [2023-12-03T23:45:57.705+0000] {dag.py:2941} INFO - Sync 1 DAGs
[2023-12-03T23:45:57.730+0000] {logging_mixin.py:154} INFO - [2023-12-03T23:45:57.730+0000] {dag.py:3722} INFO - Setting next_dagrun for example_weekday_branch_operator to 2023-12-02T00:00:00+00:00, run_after=2023-12-03T00:00:00+00:00
[2023-12-03T23:45:57.754+0000] {processor.py:179} INFO - Processing /home/ubuntu/redfin/lib/python3.10/site-packages/airflow/example_dags/example_branch_day_of_week_operator.py took 0.083 seconds
[2023-12-03T23:46:41.521+0000] {processor.py:157} INFO - Started process (PID=6721) to work on /home/ubuntu/redfin/lib/python3.10/site-packages/airflow/example_dags/example_branch_day_of_week_operator.py
[2023-12-03T23:46:41.523+0000] {processor.py:829} INFO - Processing file /home/ubuntu/redfin/lib/python3.10/site-packages/airflow/example_dags/example_branch_day_of_week_operator.py for tasks to queue
[2023-12-03T23:46:41.524+0000] {logging_mixin.py:154} INFO - [2023-12-03T23:46:41.523+0000] {dagbag.py:536} INFO - Filling up the DagBag from /home/ubuntu/redfin/lib/python3.10/site-packages/airflow/example_dags/example_branch_day_of_week_operator.py
[2023-12-03T23:46:41.533+0000] {processor.py:839} INFO - DAG(s) dict_keys(['example_weekday_branch_operator']) retrieved from /home/ubuntu/redfin/lib/python3.10/site-packages/airflow/example_dags/example_branch_day_of_week_operator.py
[2023-12-03T23:46:41.553+0000] {logging_mixin.py:154} INFO - [2023-12-03T23:46:41.553+0000] {dag.py:2941} INFO - Sync 1 DAGs
[2023-12-03T23:46:41.576+0000] {logging_mixin.py:154} INFO - [2023-12-03T23:46:41.576+0000] {dag.py:3722} INFO - Setting next_dagrun for example_weekday_branch_operator to 2023-12-02T00:00:00+00:00, run_after=2023-12-03T00:00:00+00:00
[2023-12-03T23:46:41.599+0000] {processor.py:179} INFO - Processing /home/ubuntu/redfin/lib/python3.10/site-packages/airflow/example_dags/example_branch_day_of_week_operator.py took 0.081 seconds
[2023-12-03T23:47:30.736+0000] {processor.py:157} INFO - Started process (PID=6780) to work on /home/ubuntu/redfin/lib/python3.10/site-packages/airflow/example_dags/example_branch_day_of_week_operator.py
[2023-12-03T23:47:30.738+0000] {processor.py:829} INFO - Processing file /home/ubuntu/redfin/lib/python3.10/site-packages/airflow/example_dags/example_branch_day_of_week_operator.py for tasks to queue
[2023-12-03T23:47:30.739+0000] {logging_mixin.py:154} INFO - [2023-12-03T23:47:30.738+0000] {dagbag.py:536} INFO - Filling up the DagBag from /home/ubuntu/redfin/lib/python3.10/site-packages/airflow/example_dags/example_branch_day_of_week_operator.py
[2023-12-03T23:47:30.747+0000] {processor.py:839} INFO - DAG(s) dict_keys(['example_weekday_branch_operator']) retrieved from /home/ubuntu/redfin/lib/python3.10/site-packages/airflow/example_dags/example_branch_day_of_week_operator.py
[2023-12-03T23:47:30.767+0000] {logging_mixin.py:154} INFO - [2023-12-03T23:47:30.767+0000] {dag.py:2941} INFO - Sync 1 DAGs
[2023-12-03T23:47:30.790+0000] {logging_mixin.py:154} INFO - [2023-12-03T23:47:30.790+0000] {dag.py:3722} INFO - Setting next_dagrun for example_weekday_branch_operator to 2023-12-02T00:00:00+00:00, run_after=2023-12-03T00:00:00+00:00
[2023-12-03T23:47:30.814+0000] {processor.py:179} INFO - Processing /home/ubuntu/redfin/lib/python3.10/site-packages/airflow/example_dags/example_branch_day_of_week_operator.py took 0.081 seconds
[2023-12-03T23:48:17.591+0000] {processor.py:157} INFO - Started process (PID=6863) to work on /home/ubuntu/redfin/lib/python3.10/site-packages/airflow/example_dags/example_branch_day_of_week_operator.py
[2023-12-03T23:48:17.592+0000] {processor.py:829} INFO - Processing file /home/ubuntu/redfin/lib/python3.10/site-packages/airflow/example_dags/example_branch_day_of_week_operator.py for tasks to queue
[2023-12-03T23:48:17.593+0000] {logging_mixin.py:154} INFO - [2023-12-03T23:48:17.593+0000] {dagbag.py:536} INFO - Filling up the DagBag from /home/ubuntu/redfin/lib/python3.10/site-packages/airflow/example_dags/example_branch_day_of_week_operator.py
[2023-12-03T23:48:17.602+0000] {processor.py:839} INFO - DAG(s) dict_keys(['example_weekday_branch_operator']) retrieved from /home/ubuntu/redfin/lib/python3.10/site-packages/airflow/example_dags/example_branch_day_of_week_operator.py
[2023-12-03T23:48:17.621+0000] {logging_mixin.py:154} INFO - [2023-12-03T23:48:17.621+0000] {dag.py:2941} INFO - Sync 1 DAGs
[2023-12-03T23:48:17.644+0000] {logging_mixin.py:154} INFO - [2023-12-03T23:48:17.644+0000] {dag.py:3722} INFO - Setting next_dagrun for example_weekday_branch_operator to 2023-12-02T00:00:00+00:00, run_after=2023-12-03T00:00:00+00:00
[2023-12-03T23:48:17.672+0000] {processor.py:179} INFO - Processing /home/ubuntu/redfin/lib/python3.10/site-packages/airflow/example_dags/example_branch_day_of_week_operator.py took 0.085 seconds
[2023-12-03T23:49:08.466+0000] {processor.py:157} INFO - Started process (PID=6920) to work on /home/ubuntu/redfin/lib/python3.10/site-packages/airflow/example_dags/example_branch_day_of_week_operator.py
[2023-12-03T23:49:08.468+0000] {processor.py:829} INFO - Processing file /home/ubuntu/redfin/lib/python3.10/site-packages/airflow/example_dags/example_branch_day_of_week_operator.py for tasks to queue
[2023-12-03T23:49:08.469+0000] {logging_mixin.py:154} INFO - [2023-12-03T23:49:08.468+0000] {dagbag.py:536} INFO - Filling up the DagBag from /home/ubuntu/redfin/lib/python3.10/site-packages/airflow/example_dags/example_branch_day_of_week_operator.py
[2023-12-03T23:49:08.477+0000] {processor.py:839} INFO - DAG(s) dict_keys(['example_weekday_branch_operator']) retrieved from /home/ubuntu/redfin/lib/python3.10/site-packages/airflow/example_dags/example_branch_day_of_week_operator.py
[2023-12-03T23:49:08.497+0000] {logging_mixin.py:154} INFO - [2023-12-03T23:49:08.496+0000] {dag.py:2941} INFO - Sync 1 DAGs
[2023-12-03T23:49:08.519+0000] {logging_mixin.py:154} INFO - [2023-12-03T23:49:08.519+0000] {dag.py:3722} INFO - Setting next_dagrun for example_weekday_branch_operator to 2023-12-02T00:00:00+00:00, run_after=2023-12-03T00:00:00+00:00
[2023-12-03T23:49:08.542+0000] {processor.py:179} INFO - Processing /home/ubuntu/redfin/lib/python3.10/site-packages/airflow/example_dags/example_branch_day_of_week_operator.py took 0.080 seconds
[2023-12-03T23:49:59.188+0000] {processor.py:157} INFO - Started process (PID=6974) to work on /home/ubuntu/redfin/lib/python3.10/site-packages/airflow/example_dags/example_branch_day_of_week_operator.py
[2023-12-03T23:49:59.189+0000] {processor.py:829} INFO - Processing file /home/ubuntu/redfin/lib/python3.10/site-packages/airflow/example_dags/example_branch_day_of_week_operator.py for tasks to queue
[2023-12-03T23:49:59.190+0000] {logging_mixin.py:154} INFO - [2023-12-03T23:49:59.190+0000] {dagbag.py:536} INFO - Filling up the DagBag from /home/ubuntu/redfin/lib/python3.10/site-packages/airflow/example_dags/example_branch_day_of_week_operator.py
[2023-12-03T23:49:59.199+0000] {processor.py:839} INFO - DAG(s) dict_keys(['example_weekday_branch_operator']) retrieved from /home/ubuntu/redfin/lib/python3.10/site-packages/airflow/example_dags/example_branch_day_of_week_operator.py
[2023-12-03T23:49:59.218+0000] {logging_mixin.py:154} INFO - [2023-12-03T23:49:59.218+0000] {dag.py:2941} INFO - Sync 1 DAGs
[2023-12-03T23:49:59.240+0000] {logging_mixin.py:154} INFO - [2023-12-03T23:49:59.240+0000] {dag.py:3722} INFO - Setting next_dagrun for example_weekday_branch_operator to 2023-12-02T00:00:00+00:00, run_after=2023-12-03T00:00:00+00:00
[2023-12-03T23:49:59.264+0000] {processor.py:179} INFO - Processing /home/ubuntu/redfin/lib/python3.10/site-packages/airflow/example_dags/example_branch_day_of_week_operator.py took 0.080 seconds
[2023-12-03T23:50:45.790+0000] {processor.py:157} INFO - Started process (PID=7028) to work on /home/ubuntu/redfin/lib/python3.10/site-packages/airflow/example_dags/example_branch_day_of_week_operator.py
[2023-12-03T23:50:45.792+0000] {processor.py:829} INFO - Processing file /home/ubuntu/redfin/lib/python3.10/site-packages/airflow/example_dags/example_branch_day_of_week_operator.py for tasks to queue
[2023-12-03T23:50:45.792+0000] {logging_mixin.py:154} INFO - [2023-12-03T23:50:45.792+0000] {dagbag.py:536} INFO - Filling up the DagBag from /home/ubuntu/redfin/lib/python3.10/site-packages/airflow/example_dags/example_branch_day_of_week_operator.py
[2023-12-03T23:50:45.801+0000] {processor.py:839} INFO - DAG(s) dict_keys(['example_weekday_branch_operator']) retrieved from /home/ubuntu/redfin/lib/python3.10/site-packages/airflow/example_dags/example_branch_day_of_week_operator.py
[2023-12-03T23:50:45.822+0000] {logging_mixin.py:154} INFO - [2023-12-03T23:50:45.821+0000] {dag.py:2941} INFO - Sync 1 DAGs
[2023-12-03T23:50:45.845+0000] {logging_mixin.py:154} INFO - [2023-12-03T23:50:45.844+0000] {dag.py:3722} INFO - Setting next_dagrun for example_weekday_branch_operator to 2023-12-02T00:00:00+00:00, run_after=2023-12-03T00:00:00+00:00
[2023-12-03T23:50:45.868+0000] {processor.py:179} INFO - Processing /home/ubuntu/redfin/lib/python3.10/site-packages/airflow/example_dags/example_branch_day_of_week_operator.py took 0.081 seconds
[2023-12-03T23:51:33.337+0000] {processor.py:157} INFO - Started process (PID=7079) to work on /home/ubuntu/redfin/lib/python3.10/site-packages/airflow/example_dags/example_branch_day_of_week_operator.py
[2023-12-03T23:51:33.339+0000] {processor.py:829} INFO - Processing file /home/ubuntu/redfin/lib/python3.10/site-packages/airflow/example_dags/example_branch_day_of_week_operator.py for tasks to queue
[2023-12-03T23:51:33.340+0000] {logging_mixin.py:154} INFO - [2023-12-03T23:51:33.339+0000] {dagbag.py:536} INFO - Filling up the DagBag from /home/ubuntu/redfin/lib/python3.10/site-packages/airflow/example_dags/example_branch_day_of_week_operator.py
[2023-12-03T23:51:33.349+0000] {processor.py:839} INFO - DAG(s) dict_keys(['example_weekday_branch_operator']) retrieved from /home/ubuntu/redfin/lib/python3.10/site-packages/airflow/example_dags/example_branch_day_of_week_operator.py
[2023-12-03T23:51:33.368+0000] {logging_mixin.py:154} INFO - [2023-12-03T23:51:33.368+0000] {dag.py:2941} INFO - Sync 1 DAGs
[2023-12-03T23:51:33.391+0000] {logging_mixin.py:154} INFO - [2023-12-03T23:51:33.391+0000] {dag.py:3722} INFO - Setting next_dagrun for example_weekday_branch_operator to 2023-12-02T00:00:00+00:00, run_after=2023-12-03T00:00:00+00:00
[2023-12-03T23:51:33.413+0000] {processor.py:179} INFO - Processing /home/ubuntu/redfin/lib/python3.10/site-packages/airflow/example_dags/example_branch_day_of_week_operator.py took 0.079 seconds
[2023-12-03T23:52:22.589+0000] {processor.py:157} INFO - Started process (PID=7134) to work on /home/ubuntu/redfin/lib/python3.10/site-packages/airflow/example_dags/example_branch_day_of_week_operator.py
[2023-12-03T23:52:22.590+0000] {processor.py:829} INFO - Processing file /home/ubuntu/redfin/lib/python3.10/site-packages/airflow/example_dags/example_branch_day_of_week_operator.py for tasks to queue
[2023-12-03T23:52:22.591+0000] {logging_mixin.py:154} INFO - [2023-12-03T23:52:22.591+0000] {dagbag.py:536} INFO - Filling up the DagBag from /home/ubuntu/redfin/lib/python3.10/site-packages/airflow/example_dags/example_branch_day_of_week_operator.py
[2023-12-03T23:52:22.600+0000] {processor.py:839} INFO - DAG(s) dict_keys(['example_weekday_branch_operator']) retrieved from /home/ubuntu/redfin/lib/python3.10/site-packages/airflow/example_dags/example_branch_day_of_week_operator.py
[2023-12-03T23:52:22.619+0000] {logging_mixin.py:154} INFO - [2023-12-03T23:52:22.619+0000] {dag.py:2941} INFO - Sync 1 DAGs
[2023-12-03T23:52:22.642+0000] {logging_mixin.py:154} INFO - [2023-12-03T23:52:22.642+0000] {dag.py:3722} INFO - Setting next_dagrun for example_weekday_branch_operator to 2023-12-02T00:00:00+00:00, run_after=2023-12-03T00:00:00+00:00
[2023-12-03T23:52:22.666+0000] {processor.py:179} INFO - Processing /home/ubuntu/redfin/lib/python3.10/site-packages/airflow/example_dags/example_branch_day_of_week_operator.py took 0.081 seconds
[2023-12-03T23:53:11.796+0000] {processor.py:157} INFO - Started process (PID=7186) to work on /home/ubuntu/redfin/lib/python3.10/site-packages/airflow/example_dags/example_branch_day_of_week_operator.py
[2023-12-03T23:53:11.797+0000] {processor.py:829} INFO - Processing file /home/ubuntu/redfin/lib/python3.10/site-packages/airflow/example_dags/example_branch_day_of_week_operator.py for tasks to queue
[2023-12-03T23:53:11.798+0000] {logging_mixin.py:154} INFO - [2023-12-03T23:53:11.797+0000] {dagbag.py:536} INFO - Filling up the DagBag from /home/ubuntu/redfin/lib/python3.10/site-packages/airflow/example_dags/example_branch_day_of_week_operator.py
[2023-12-03T23:53:11.806+0000] {processor.py:839} INFO - DAG(s) dict_keys(['example_weekday_branch_operator']) retrieved from /home/ubuntu/redfin/lib/python3.10/site-packages/airflow/example_dags/example_branch_day_of_week_operator.py
[2023-12-03T23:53:11.826+0000] {logging_mixin.py:154} INFO - [2023-12-03T23:53:11.826+0000] {dag.py:2941} INFO - Sync 1 DAGs
[2023-12-03T23:53:11.849+0000] {logging_mixin.py:154} INFO - [2023-12-03T23:53:11.849+0000] {dag.py:3722} INFO - Setting next_dagrun for example_weekday_branch_operator to 2023-12-02T00:00:00+00:00, run_after=2023-12-03T00:00:00+00:00
[2023-12-03T23:53:11.872+0000] {processor.py:179} INFO - Processing /home/ubuntu/redfin/lib/python3.10/site-packages/airflow/example_dags/example_branch_day_of_week_operator.py took 0.081 seconds
[2023-12-03T23:54:00.337+0000] {processor.py:157} INFO - Started process (PID=7242) to work on /home/ubuntu/redfin/lib/python3.10/site-packages/airflow/example_dags/example_branch_day_of_week_operator.py
[2023-12-03T23:54:00.339+0000] {processor.py:829} INFO - Processing file /home/ubuntu/redfin/lib/python3.10/site-packages/airflow/example_dags/example_branch_day_of_week_operator.py for tasks to queue
[2023-12-03T23:54:00.340+0000] {logging_mixin.py:154} INFO - [2023-12-03T23:54:00.339+0000] {dagbag.py:536} INFO - Filling up the DagBag from /home/ubuntu/redfin/lib/python3.10/site-packages/airflow/example_dags/example_branch_day_of_week_operator.py
[2023-12-03T23:54:00.349+0000] {processor.py:839} INFO - DAG(s) dict_keys(['example_weekday_branch_operator']) retrieved from /home/ubuntu/redfin/lib/python3.10/site-packages/airflow/example_dags/example_branch_day_of_week_operator.py
[2023-12-03T23:54:00.370+0000] {logging_mixin.py:154} INFO - [2023-12-03T23:54:00.369+0000] {dag.py:2941} INFO - Sync 1 DAGs
[2023-12-03T23:54:00.394+0000] {logging_mixin.py:154} INFO - [2023-12-03T23:54:00.394+0000] {dag.py:3722} INFO - Setting next_dagrun for example_weekday_branch_operator to 2023-12-02T00:00:00+00:00, run_after=2023-12-03T00:00:00+00:00
[2023-12-03T23:54:00.419+0000] {processor.py:179} INFO - Processing /home/ubuntu/redfin/lib/python3.10/site-packages/airflow/example_dags/example_branch_day_of_week_operator.py took 0.086 seconds
[2023-12-03T23:54:48.366+0000] {processor.py:157} INFO - Started process (PID=7293) to work on /home/ubuntu/redfin/lib/python3.10/site-packages/airflow/example_dags/example_branch_day_of_week_operator.py
[2023-12-03T23:54:48.367+0000] {processor.py:829} INFO - Processing file /home/ubuntu/redfin/lib/python3.10/site-packages/airflow/example_dags/example_branch_day_of_week_operator.py for tasks to queue
[2023-12-03T23:54:48.368+0000] {logging_mixin.py:154} INFO - [2023-12-03T23:54:48.368+0000] {dagbag.py:536} INFO - Filling up the DagBag from /home/ubuntu/redfin/lib/python3.10/site-packages/airflow/example_dags/example_branch_day_of_week_operator.py
[2023-12-03T23:54:48.377+0000] {processor.py:839} INFO - DAG(s) dict_keys(['example_weekday_branch_operator']) retrieved from /home/ubuntu/redfin/lib/python3.10/site-packages/airflow/example_dags/example_branch_day_of_week_operator.py
[2023-12-03T23:54:48.397+0000] {logging_mixin.py:154} INFO - [2023-12-03T23:54:48.397+0000] {dag.py:2941} INFO - Sync 1 DAGs
[2023-12-03T23:54:48.421+0000] {logging_mixin.py:154} INFO - [2023-12-03T23:54:48.421+0000] {dag.py:3722} INFO - Setting next_dagrun for example_weekday_branch_operator to 2023-12-02T00:00:00+00:00, run_after=2023-12-03T00:00:00+00:00
[2023-12-03T23:54:48.446+0000] {processor.py:179} INFO - Processing /home/ubuntu/redfin/lib/python3.10/site-packages/airflow/example_dags/example_branch_day_of_week_operator.py took 0.084 seconds
[2023-12-03T23:55:36.329+0000] {processor.py:157} INFO - Started process (PID=7347) to work on /home/ubuntu/redfin/lib/python3.10/site-packages/airflow/example_dags/example_branch_day_of_week_operator.py
[2023-12-03T23:55:36.331+0000] {processor.py:829} INFO - Processing file /home/ubuntu/redfin/lib/python3.10/site-packages/airflow/example_dags/example_branch_day_of_week_operator.py for tasks to queue
[2023-12-03T23:55:36.332+0000] {logging_mixin.py:154} INFO - [2023-12-03T23:55:36.331+0000] {dagbag.py:536} INFO - Filling up the DagBag from /home/ubuntu/redfin/lib/python3.10/site-packages/airflow/example_dags/example_branch_day_of_week_operator.py
[2023-12-03T23:55:36.341+0000] {processor.py:839} INFO - DAG(s) dict_keys(['example_weekday_branch_operator']) retrieved from /home/ubuntu/redfin/lib/python3.10/site-packages/airflow/example_dags/example_branch_day_of_week_operator.py
[2023-12-03T23:55:36.361+0000] {logging_mixin.py:154} INFO - [2023-12-03T23:55:36.361+0000] {dag.py:2941} INFO - Sync 1 DAGs
[2023-12-03T23:55:36.385+0000] {logging_mixin.py:154} INFO - [2023-12-03T23:55:36.385+0000] {dag.py:3722} INFO - Setting next_dagrun for example_weekday_branch_operator to 2023-12-02T00:00:00+00:00, run_after=2023-12-03T00:00:00+00:00
[2023-12-03T23:55:36.410+0000] {processor.py:179} INFO - Processing /home/ubuntu/redfin/lib/python3.10/site-packages/airflow/example_dags/example_branch_day_of_week_operator.py took 0.085 seconds
[2023-12-03T23:56:23.263+0000] {processor.py:157} INFO - Started process (PID=7398) to work on /home/ubuntu/redfin/lib/python3.10/site-packages/airflow/example_dags/example_branch_day_of_week_operator.py
[2023-12-03T23:56:23.265+0000] {processor.py:829} INFO - Processing file /home/ubuntu/redfin/lib/python3.10/site-packages/airflow/example_dags/example_branch_day_of_week_operator.py for tasks to queue
[2023-12-03T23:56:23.266+0000] {logging_mixin.py:154} INFO - [2023-12-03T23:56:23.265+0000] {dagbag.py:536} INFO - Filling up the DagBag from /home/ubuntu/redfin/lib/python3.10/site-packages/airflow/example_dags/example_branch_day_of_week_operator.py
[2023-12-03T23:56:23.274+0000] {processor.py:839} INFO - DAG(s) dict_keys(['example_weekday_branch_operator']) retrieved from /home/ubuntu/redfin/lib/python3.10/site-packages/airflow/example_dags/example_branch_day_of_week_operator.py
[2023-12-03T23:56:23.294+0000] {logging_mixin.py:154} INFO - [2023-12-03T23:56:23.294+0000] {dag.py:2941} INFO - Sync 1 DAGs
[2023-12-03T23:56:23.317+0000] {logging_mixin.py:154} INFO - [2023-12-03T23:56:23.317+0000] {dag.py:3722} INFO - Setting next_dagrun for example_weekday_branch_operator to 2023-12-02T00:00:00+00:00, run_after=2023-12-03T00:00:00+00:00
[2023-12-03T23:56:23.339+0000] {processor.py:179} INFO - Processing /home/ubuntu/redfin/lib/python3.10/site-packages/airflow/example_dags/example_branch_day_of_week_operator.py took 0.079 seconds
[2023-12-03T23:57:12.300+0000] {processor.py:157} INFO - Started process (PID=7454) to work on /home/ubuntu/redfin/lib/python3.10/site-packages/airflow/example_dags/example_branch_day_of_week_operator.py
[2023-12-03T23:57:12.302+0000] {processor.py:829} INFO - Processing file /home/ubuntu/redfin/lib/python3.10/site-packages/airflow/example_dags/example_branch_day_of_week_operator.py for tasks to queue
[2023-12-03T23:57:12.303+0000] {logging_mixin.py:154} INFO - [2023-12-03T23:57:12.302+0000] {dagbag.py:536} INFO - Filling up the DagBag from /home/ubuntu/redfin/lib/python3.10/site-packages/airflow/example_dags/example_branch_day_of_week_operator.py
[2023-12-03T23:57:12.311+0000] {processor.py:839} INFO - DAG(s) dict_keys(['example_weekday_branch_operator']) retrieved from /home/ubuntu/redfin/lib/python3.10/site-packages/airflow/example_dags/example_branch_day_of_week_operator.py
[2023-12-03T23:57:12.331+0000] {logging_mixin.py:154} INFO - [2023-12-03T23:57:12.331+0000] {dag.py:2941} INFO - Sync 1 DAGs
[2023-12-03T23:57:12.355+0000] {logging_mixin.py:154} INFO - [2023-12-03T23:57:12.355+0000] {dag.py:3722} INFO - Setting next_dagrun for example_weekday_branch_operator to 2023-12-02T00:00:00+00:00, run_after=2023-12-03T00:00:00+00:00
[2023-12-03T23:57:12.378+0000] {processor.py:179} INFO - Processing /home/ubuntu/redfin/lib/python3.10/site-packages/airflow/example_dags/example_branch_day_of_week_operator.py took 0.082 seconds
[2023-12-03T23:57:56.510+0000] {processor.py:157} INFO - Started process (PID=7503) to work on /home/ubuntu/redfin/lib/python3.10/site-packages/airflow/example_dags/example_branch_day_of_week_operator.py
[2023-12-03T23:57:56.512+0000] {processor.py:829} INFO - Processing file /home/ubuntu/redfin/lib/python3.10/site-packages/airflow/example_dags/example_branch_day_of_week_operator.py for tasks to queue
[2023-12-03T23:57:56.513+0000] {logging_mixin.py:154} INFO - [2023-12-03T23:57:56.512+0000] {dagbag.py:536} INFO - Filling up the DagBag from /home/ubuntu/redfin/lib/python3.10/site-packages/airflow/example_dags/example_branch_day_of_week_operator.py
[2023-12-03T23:57:56.521+0000] {processor.py:839} INFO - DAG(s) dict_keys(['example_weekday_branch_operator']) retrieved from /home/ubuntu/redfin/lib/python3.10/site-packages/airflow/example_dags/example_branch_day_of_week_operator.py
[2023-12-03T23:57:56.541+0000] {logging_mixin.py:154} INFO - [2023-12-03T23:57:56.541+0000] {dag.py:2941} INFO - Sync 1 DAGs
[2023-12-03T23:57:56.564+0000] {logging_mixin.py:154} INFO - [2023-12-03T23:57:56.563+0000] {dag.py:3722} INFO - Setting next_dagrun for example_weekday_branch_operator to 2023-12-02T00:00:00+00:00, run_after=2023-12-03T00:00:00+00:00
[2023-12-03T23:57:56.587+0000] {processor.py:179} INFO - Processing /home/ubuntu/redfin/lib/python3.10/site-packages/airflow/example_dags/example_branch_day_of_week_operator.py took 0.081 seconds
[2023-12-03T23:58:40.803+0000] {processor.py:157} INFO - Started process (PID=7552) to work on /home/ubuntu/redfin/lib/python3.10/site-packages/airflow/example_dags/example_branch_day_of_week_operator.py
[2023-12-03T23:58:40.805+0000] {processor.py:829} INFO - Processing file /home/ubuntu/redfin/lib/python3.10/site-packages/airflow/example_dags/example_branch_day_of_week_operator.py for tasks to queue
[2023-12-03T23:58:40.806+0000] {logging_mixin.py:154} INFO - [2023-12-03T23:58:40.805+0000] {dagbag.py:536} INFO - Filling up the DagBag from /home/ubuntu/redfin/lib/python3.10/site-packages/airflow/example_dags/example_branch_day_of_week_operator.py
[2023-12-03T23:58:40.815+0000] {processor.py:839} INFO - DAG(s) dict_keys(['example_weekday_branch_operator']) retrieved from /home/ubuntu/redfin/lib/python3.10/site-packages/airflow/example_dags/example_branch_day_of_week_operator.py
[2023-12-03T23:58:40.836+0000] {logging_mixin.py:154} INFO - [2023-12-03T23:58:40.835+0000] {dag.py:2941} INFO - Sync 1 DAGs
[2023-12-03T23:58:40.860+0000] {logging_mixin.py:154} INFO - [2023-12-03T23:58:40.860+0000] {dag.py:3722} INFO - Setting next_dagrun for example_weekday_branch_operator to 2023-12-02T00:00:00+00:00, run_after=2023-12-03T00:00:00+00:00
[2023-12-03T23:58:40.886+0000] {processor.py:179} INFO - Processing /home/ubuntu/redfin/lib/python3.10/site-packages/airflow/example_dags/example_branch_day_of_week_operator.py took 0.086 seconds
[2023-12-03T23:59:28.626+0000] {processor.py:157} INFO - Started process (PID=7608) to work on /home/ubuntu/redfin/lib/python3.10/site-packages/airflow/example_dags/example_branch_day_of_week_operator.py
[2023-12-03T23:59:28.627+0000] {processor.py:829} INFO - Processing file /home/ubuntu/redfin/lib/python3.10/site-packages/airflow/example_dags/example_branch_day_of_week_operator.py for tasks to queue
[2023-12-03T23:59:28.628+0000] {logging_mixin.py:154} INFO - [2023-12-03T23:59:28.628+0000] {dagbag.py:536} INFO - Filling up the DagBag from /home/ubuntu/redfin/lib/python3.10/site-packages/airflow/example_dags/example_branch_day_of_week_operator.py
[2023-12-03T23:59:28.637+0000] {processor.py:839} INFO - DAG(s) dict_keys(['example_weekday_branch_operator']) retrieved from /home/ubuntu/redfin/lib/python3.10/site-packages/airflow/example_dags/example_branch_day_of_week_operator.py
[2023-12-03T23:59:28.656+0000] {logging_mixin.py:154} INFO - [2023-12-03T23:59:28.656+0000] {dag.py:2941} INFO - Sync 1 DAGs
[2023-12-03T23:59:28.679+0000] {logging_mixin.py:154} INFO - [2023-12-03T23:59:28.679+0000] {dag.py:3722} INFO - Setting next_dagrun for example_weekday_branch_operator to 2023-12-02T00:00:00+00:00, run_after=2023-12-03T00:00:00+00:00
[2023-12-03T23:59:28.701+0000] {processor.py:179} INFO - Processing /home/ubuntu/redfin/lib/python3.10/site-packages/airflow/example_dags/example_branch_day_of_week_operator.py took 0.078 seconds
