[2023-12-03T23:08:25.889+0000] {processor.py:157} INFO - Started process (PID=3783) to work on /home/ubuntu/redfin/lib/python3.10/site-packages/airflow/example_dags/example_branch_operator_decorator.py
[2023-12-03T23:08:25.890+0000] {processor.py:829} INFO - Processing file /home/ubuntu/redfin/lib/python3.10/site-packages/airflow/example_dags/example_branch_operator_decorator.py for tasks to queue
[2023-12-03T23:08:25.891+0000] {logging_mixin.py:154} INFO - [2023-12-03T23:08:25.891+0000] {dagbag.py:536} INFO - Filling up the DagBag from /home/ubuntu/redfin/lib/python3.10/site-packages/airflow/example_dags/example_branch_operator_decorator.py
[2023-12-03T23:08:25.903+0000] {processor.py:839} INFO - DAG(s) dict_keys(['example_branch_python_operator_decorator']) retrieved from /home/ubuntu/redfin/lib/python3.10/site-packages/airflow/example_dags/example_branch_operator_decorator.py
[2023-12-03T23:08:26.020+0000] {logging_mixin.py:154} INFO - [2023-12-03T23:08:26.020+0000] {manager.py:499} INFO - Created Permission View: %s
[2023-12-03T23:08:26.033+0000] {logging_mixin.py:154} INFO - [2023-12-03T23:08:26.033+0000] {manager.py:499} INFO - Created Permission View: %s
[2023-12-03T23:08:26.042+0000] {logging_mixin.py:154} INFO - [2023-12-03T23:08:26.042+0000] {manager.py:499} INFO - Created Permission View: %s
[2023-12-03T23:08:26.043+0000] {logging_mixin.py:154} INFO - [2023-12-03T23:08:26.043+0000] {dag.py:2941} INFO - Sync 1 DAGs
[2023-12-03T23:08:26.056+0000] {logging_mixin.py:154} INFO - [2023-12-03T23:08:26.055+0000] {dag.py:2963} INFO - Creating ORM DAG for example_branch_python_operator_decorator
[2023-12-03T23:08:26.067+0000] {logging_mixin.py:154} INFO - [2023-12-03T23:08:26.067+0000] {dag.py:3722} INFO - Setting next_dagrun for example_branch_python_operator_decorator to 2023-12-02T00:00:00+00:00, run_after=2023-12-03T00:00:00+00:00
[2023-12-03T23:08:26.090+0000] {processor.py:179} INFO - Processing /home/ubuntu/redfin/lib/python3.10/site-packages/airflow/example_dags/example_branch_operator_decorator.py took 0.205 seconds
[2023-12-03T23:09:20.251+0000] {processor.py:157} INFO - Started process (PID=3844) to work on /home/ubuntu/redfin/lib/python3.10/site-packages/airflow/example_dags/example_branch_operator_decorator.py
[2023-12-03T23:09:20.253+0000] {processor.py:829} INFO - Processing file /home/ubuntu/redfin/lib/python3.10/site-packages/airflow/example_dags/example_branch_operator_decorator.py for tasks to queue
[2023-12-03T23:09:20.254+0000] {logging_mixin.py:154} INFO - [2023-12-03T23:09:20.253+0000] {dagbag.py:536} INFO - Filling up the DagBag from /home/ubuntu/redfin/lib/python3.10/site-packages/airflow/example_dags/example_branch_operator_decorator.py
[2023-12-03T23:09:20.266+0000] {processor.py:839} INFO - DAG(s) dict_keys(['example_branch_python_operator_decorator']) retrieved from /home/ubuntu/redfin/lib/python3.10/site-packages/airflow/example_dags/example_branch_operator_decorator.py
[2023-12-03T23:09:20.287+0000] {logging_mixin.py:154} INFO - [2023-12-03T23:09:20.287+0000] {dag.py:2941} INFO - Sync 1 DAGs
[2023-12-03T23:09:20.310+0000] {logging_mixin.py:154} INFO - [2023-12-03T23:09:20.310+0000] {dag.py:3722} INFO - Setting next_dagrun for example_branch_python_operator_decorator to 2023-12-02T00:00:00+00:00, run_after=2023-12-03T00:00:00+00:00
[2023-12-03T23:09:20.333+0000] {processor.py:179} INFO - Processing /home/ubuntu/redfin/lib/python3.10/site-packages/airflow/example_dags/example_branch_operator_decorator.py took 0.086 seconds
[2023-12-03T23:10:06.774+0000] {processor.py:157} INFO - Started process (PID=3894) to work on /home/ubuntu/redfin/lib/python3.10/site-packages/airflow/example_dags/example_branch_operator_decorator.py
[2023-12-03T23:10:06.775+0000] {processor.py:829} INFO - Processing file /home/ubuntu/redfin/lib/python3.10/site-packages/airflow/example_dags/example_branch_operator_decorator.py for tasks to queue
[2023-12-03T23:10:06.776+0000] {logging_mixin.py:154} INFO - [2023-12-03T23:10:06.775+0000] {dagbag.py:536} INFO - Filling up the DagBag from /home/ubuntu/redfin/lib/python3.10/site-packages/airflow/example_dags/example_branch_operator_decorator.py
[2023-12-03T23:10:06.788+0000] {processor.py:839} INFO - DAG(s) dict_keys(['example_branch_python_operator_decorator']) retrieved from /home/ubuntu/redfin/lib/python3.10/site-packages/airflow/example_dags/example_branch_operator_decorator.py
[2023-12-03T23:10:06.809+0000] {logging_mixin.py:154} INFO - [2023-12-03T23:10:06.809+0000] {dag.py:2941} INFO - Sync 1 DAGs
[2023-12-03T23:10:06.833+0000] {logging_mixin.py:154} INFO - [2023-12-03T23:10:06.833+0000] {dag.py:3722} INFO - Setting next_dagrun for example_branch_python_operator_decorator to 2023-12-02T00:00:00+00:00, run_after=2023-12-03T00:00:00+00:00
[2023-12-03T23:10:06.857+0000] {processor.py:179} INFO - Processing /home/ubuntu/redfin/lib/python3.10/site-packages/airflow/example_dags/example_branch_operator_decorator.py took 0.087 seconds
[2023-12-03T23:10:53.039+0000] {processor.py:157} INFO - Started process (PID=3945) to work on /home/ubuntu/redfin/lib/python3.10/site-packages/airflow/example_dags/example_branch_operator_decorator.py
[2023-12-03T23:10:53.040+0000] {processor.py:829} INFO - Processing file /home/ubuntu/redfin/lib/python3.10/site-packages/airflow/example_dags/example_branch_operator_decorator.py for tasks to queue
[2023-12-03T23:10:53.041+0000] {logging_mixin.py:154} INFO - [2023-12-03T23:10:53.041+0000] {dagbag.py:536} INFO - Filling up the DagBag from /home/ubuntu/redfin/lib/python3.10/site-packages/airflow/example_dags/example_branch_operator_decorator.py
[2023-12-03T23:10:53.053+0000] {processor.py:839} INFO - DAG(s) dict_keys(['example_branch_python_operator_decorator']) retrieved from /home/ubuntu/redfin/lib/python3.10/site-packages/airflow/example_dags/example_branch_operator_decorator.py
[2023-12-03T23:10:53.074+0000] {logging_mixin.py:154} INFO - [2023-12-03T23:10:53.074+0000] {dag.py:2941} INFO - Sync 1 DAGs
[2023-12-03T23:10:53.097+0000] {logging_mixin.py:154} INFO - [2023-12-03T23:10:53.097+0000] {dag.py:3722} INFO - Setting next_dagrun for example_branch_python_operator_decorator to 2023-12-02T00:00:00+00:00, run_after=2023-12-03T00:00:00+00:00
[2023-12-03T23:10:53.120+0000] {processor.py:179} INFO - Processing /home/ubuntu/redfin/lib/python3.10/site-packages/airflow/example_dags/example_branch_operator_decorator.py took 0.085 seconds
[2023-12-03T23:11:40.904+0000] {processor.py:157} INFO - Started process (PID=3997) to work on /home/ubuntu/redfin/lib/python3.10/site-packages/airflow/example_dags/example_branch_operator_decorator.py
[2023-12-03T23:11:40.906+0000] {processor.py:829} INFO - Processing file /home/ubuntu/redfin/lib/python3.10/site-packages/airflow/example_dags/example_branch_operator_decorator.py for tasks to queue
[2023-12-03T23:11:40.907+0000] {logging_mixin.py:154} INFO - [2023-12-03T23:11:40.906+0000] {dagbag.py:536} INFO - Filling up the DagBag from /home/ubuntu/redfin/lib/python3.10/site-packages/airflow/example_dags/example_branch_operator_decorator.py
[2023-12-03T23:11:40.918+0000] {processor.py:839} INFO - DAG(s) dict_keys(['example_branch_python_operator_decorator']) retrieved from /home/ubuntu/redfin/lib/python3.10/site-packages/airflow/example_dags/example_branch_operator_decorator.py
[2023-12-03T23:11:40.938+0000] {logging_mixin.py:154} INFO - [2023-12-03T23:11:40.938+0000] {dag.py:2941} INFO - Sync 1 DAGs
[2023-12-03T23:11:40.961+0000] {logging_mixin.py:154} INFO - [2023-12-03T23:11:40.961+0000] {dag.py:3722} INFO - Setting next_dagrun for example_branch_python_operator_decorator to 2023-12-02T00:00:00+00:00, run_after=2023-12-03T00:00:00+00:00
[2023-12-03T23:11:40.985+0000] {processor.py:179} INFO - Processing /home/ubuntu/redfin/lib/python3.10/site-packages/airflow/example_dags/example_branch_operator_decorator.py took 0.084 seconds
[2023-12-03T23:12:26.739+0000] {processor.py:157} INFO - Started process (PID=4046) to work on /home/ubuntu/redfin/lib/python3.10/site-packages/airflow/example_dags/example_branch_operator_decorator.py
[2023-12-03T23:12:26.740+0000] {processor.py:829} INFO - Processing file /home/ubuntu/redfin/lib/python3.10/site-packages/airflow/example_dags/example_branch_operator_decorator.py for tasks to queue
[2023-12-03T23:12:26.741+0000] {logging_mixin.py:154} INFO - [2023-12-03T23:12:26.741+0000] {dagbag.py:536} INFO - Filling up the DagBag from /home/ubuntu/redfin/lib/python3.10/site-packages/airflow/example_dags/example_branch_operator_decorator.py
[2023-12-03T23:12:26.753+0000] {processor.py:839} INFO - DAG(s) dict_keys(['example_branch_python_operator_decorator']) retrieved from /home/ubuntu/redfin/lib/python3.10/site-packages/airflow/example_dags/example_branch_operator_decorator.py
[2023-12-03T23:12:26.774+0000] {logging_mixin.py:154} INFO - [2023-12-03T23:12:26.774+0000] {dag.py:2941} INFO - Sync 1 DAGs
[2023-12-03T23:12:26.796+0000] {logging_mixin.py:154} INFO - [2023-12-03T23:12:26.796+0000] {dag.py:3722} INFO - Setting next_dagrun for example_branch_python_operator_decorator to 2023-12-02T00:00:00+00:00, run_after=2023-12-03T00:00:00+00:00
[2023-12-03T23:12:26.818+0000] {processor.py:179} INFO - Processing /home/ubuntu/redfin/lib/python3.10/site-packages/airflow/example_dags/example_branch_operator_decorator.py took 0.083 seconds
[2023-12-03T23:13:13.283+0000] {processor.py:157} INFO - Started process (PID=4096) to work on /home/ubuntu/redfin/lib/python3.10/site-packages/airflow/example_dags/example_branch_operator_decorator.py
[2023-12-03T23:13:13.285+0000] {processor.py:829} INFO - Processing file /home/ubuntu/redfin/lib/python3.10/site-packages/airflow/example_dags/example_branch_operator_decorator.py for tasks to queue
[2023-12-03T23:13:13.286+0000] {logging_mixin.py:154} INFO - [2023-12-03T23:13:13.285+0000] {dagbag.py:536} INFO - Filling up the DagBag from /home/ubuntu/redfin/lib/python3.10/site-packages/airflow/example_dags/example_branch_operator_decorator.py
[2023-12-03T23:13:13.298+0000] {processor.py:839} INFO - DAG(s) dict_keys(['example_branch_python_operator_decorator']) retrieved from /home/ubuntu/redfin/lib/python3.10/site-packages/airflow/example_dags/example_branch_operator_decorator.py
[2023-12-03T23:13:13.318+0000] {logging_mixin.py:154} INFO - [2023-12-03T23:13:13.318+0000] {dag.py:2941} INFO - Sync 1 DAGs
[2023-12-03T23:13:13.341+0000] {logging_mixin.py:154} INFO - [2023-12-03T23:13:13.341+0000] {dag.py:3722} INFO - Setting next_dagrun for example_branch_python_operator_decorator to 2023-12-02T00:00:00+00:00, run_after=2023-12-03T00:00:00+00:00
[2023-12-03T23:13:13.364+0000] {processor.py:179} INFO - Processing /home/ubuntu/redfin/lib/python3.10/site-packages/airflow/example_dags/example_branch_operator_decorator.py took 0.084 seconds
[2023-12-03T23:13:57.664+0000] {processor.py:157} INFO - Started process (PID=4146) to work on /home/ubuntu/redfin/lib/python3.10/site-packages/airflow/example_dags/example_branch_operator_decorator.py
[2023-12-03T23:13:57.665+0000] {processor.py:829} INFO - Processing file /home/ubuntu/redfin/lib/python3.10/site-packages/airflow/example_dags/example_branch_operator_decorator.py for tasks to queue
[2023-12-03T23:13:57.666+0000] {logging_mixin.py:154} INFO - [2023-12-03T23:13:57.666+0000] {dagbag.py:536} INFO - Filling up the DagBag from /home/ubuntu/redfin/lib/python3.10/site-packages/airflow/example_dags/example_branch_operator_decorator.py
[2023-12-03T23:13:57.679+0000] {processor.py:839} INFO - DAG(s) dict_keys(['example_branch_python_operator_decorator']) retrieved from /home/ubuntu/redfin/lib/python3.10/site-packages/airflow/example_dags/example_branch_operator_decorator.py
[2023-12-03T23:13:57.700+0000] {logging_mixin.py:154} INFO - [2023-12-03T23:13:57.700+0000] {dag.py:2941} INFO - Sync 1 DAGs
[2023-12-03T23:13:57.725+0000] {logging_mixin.py:154} INFO - [2023-12-03T23:13:57.725+0000] {dag.py:3722} INFO - Setting next_dagrun for example_branch_python_operator_decorator to 2023-12-02T00:00:00+00:00, run_after=2023-12-03T00:00:00+00:00
[2023-12-03T23:13:57.750+0000] {processor.py:179} INFO - Processing /home/ubuntu/redfin/lib/python3.10/site-packages/airflow/example_dags/example_branch_operator_decorator.py took 0.090 seconds
[2023-12-03T23:14:46.278+0000] {processor.py:157} INFO - Started process (PID=4201) to work on /home/ubuntu/redfin/lib/python3.10/site-packages/airflow/example_dags/example_branch_operator_decorator.py
[2023-12-03T23:14:46.280+0000] {processor.py:829} INFO - Processing file /home/ubuntu/redfin/lib/python3.10/site-packages/airflow/example_dags/example_branch_operator_decorator.py for tasks to queue
[2023-12-03T23:14:46.281+0000] {logging_mixin.py:154} INFO - [2023-12-03T23:14:46.280+0000] {dagbag.py:536} INFO - Filling up the DagBag from /home/ubuntu/redfin/lib/python3.10/site-packages/airflow/example_dags/example_branch_operator_decorator.py
[2023-12-03T23:14:46.292+0000] {processor.py:839} INFO - DAG(s) dict_keys(['example_branch_python_operator_decorator']) retrieved from /home/ubuntu/redfin/lib/python3.10/site-packages/airflow/example_dags/example_branch_operator_decorator.py
[2023-12-03T23:14:46.312+0000] {logging_mixin.py:154} INFO - [2023-12-03T23:14:46.312+0000] {dag.py:2941} INFO - Sync 1 DAGs
[2023-12-03T23:14:46.335+0000] {logging_mixin.py:154} INFO - [2023-12-03T23:14:46.334+0000] {dag.py:3722} INFO - Setting next_dagrun for example_branch_python_operator_decorator to 2023-12-02T00:00:00+00:00, run_after=2023-12-03T00:00:00+00:00
[2023-12-03T23:14:46.356+0000] {processor.py:179} INFO - Processing /home/ubuntu/redfin/lib/python3.10/site-packages/airflow/example_dags/example_branch_operator_decorator.py took 0.081 seconds
[2023-12-03T23:15:36.007+0000] {processor.py:157} INFO - Started process (PID=4254) to work on /home/ubuntu/redfin/lib/python3.10/site-packages/airflow/example_dags/example_branch_operator_decorator.py
[2023-12-03T23:15:36.009+0000] {processor.py:829} INFO - Processing file /home/ubuntu/redfin/lib/python3.10/site-packages/airflow/example_dags/example_branch_operator_decorator.py for tasks to queue
[2023-12-03T23:15:36.010+0000] {logging_mixin.py:154} INFO - [2023-12-03T23:15:36.009+0000] {dagbag.py:536} INFO - Filling up the DagBag from /home/ubuntu/redfin/lib/python3.10/site-packages/airflow/example_dags/example_branch_operator_decorator.py
[2023-12-03T23:15:36.021+0000] {processor.py:839} INFO - DAG(s) dict_keys(['example_branch_python_operator_decorator']) retrieved from /home/ubuntu/redfin/lib/python3.10/site-packages/airflow/example_dags/example_branch_operator_decorator.py
[2023-12-03T23:15:36.042+0000] {logging_mixin.py:154} INFO - [2023-12-03T23:15:36.042+0000] {dag.py:2941} INFO - Sync 1 DAGs
[2023-12-03T23:15:36.065+0000] {logging_mixin.py:154} INFO - [2023-12-03T23:15:36.064+0000] {dag.py:3722} INFO - Setting next_dagrun for example_branch_python_operator_decorator to 2023-12-02T00:00:00+00:00, run_after=2023-12-03T00:00:00+00:00
[2023-12-03T23:15:36.088+0000] {processor.py:179} INFO - Processing /home/ubuntu/redfin/lib/python3.10/site-packages/airflow/example_dags/example_branch_operator_decorator.py took 0.085 seconds
[2023-12-03T23:16:24.137+0000] {processor.py:157} INFO - Started process (PID=4308) to work on /home/ubuntu/redfin/lib/python3.10/site-packages/airflow/example_dags/example_branch_operator_decorator.py
[2023-12-03T23:16:24.138+0000] {processor.py:829} INFO - Processing file /home/ubuntu/redfin/lib/python3.10/site-packages/airflow/example_dags/example_branch_operator_decorator.py for tasks to queue
[2023-12-03T23:16:24.139+0000] {logging_mixin.py:154} INFO - [2023-12-03T23:16:24.139+0000] {dagbag.py:536} INFO - Filling up the DagBag from /home/ubuntu/redfin/lib/python3.10/site-packages/airflow/example_dags/example_branch_operator_decorator.py
[2023-12-03T23:16:24.152+0000] {processor.py:839} INFO - DAG(s) dict_keys(['example_branch_python_operator_decorator']) retrieved from /home/ubuntu/redfin/lib/python3.10/site-packages/airflow/example_dags/example_branch_operator_decorator.py
[2023-12-03T23:16:24.174+0000] {logging_mixin.py:154} INFO - [2023-12-03T23:16:24.174+0000] {dag.py:2941} INFO - Sync 1 DAGs
[2023-12-03T23:16:24.199+0000] {logging_mixin.py:154} INFO - [2023-12-03T23:16:24.199+0000] {dag.py:3722} INFO - Setting next_dagrun for example_branch_python_operator_decorator to 2023-12-02T00:00:00+00:00, run_after=2023-12-03T00:00:00+00:00
[2023-12-03T23:16:24.223+0000] {processor.py:179} INFO - Processing /home/ubuntu/redfin/lib/python3.10/site-packages/airflow/example_dags/example_branch_operator_decorator.py took 0.091 seconds
[2023-12-03T23:17:11.136+0000] {processor.py:157} INFO - Started process (PID=4362) to work on /home/ubuntu/redfin/lib/python3.10/site-packages/airflow/example_dags/example_branch_operator_decorator.py
[2023-12-03T23:17:11.137+0000] {processor.py:829} INFO - Processing file /home/ubuntu/redfin/lib/python3.10/site-packages/airflow/example_dags/example_branch_operator_decorator.py for tasks to queue
[2023-12-03T23:17:11.138+0000] {logging_mixin.py:154} INFO - [2023-12-03T23:17:11.138+0000] {dagbag.py:536} INFO - Filling up the DagBag from /home/ubuntu/redfin/lib/python3.10/site-packages/airflow/example_dags/example_branch_operator_decorator.py
[2023-12-03T23:17:11.151+0000] {processor.py:839} INFO - DAG(s) dict_keys(['example_branch_python_operator_decorator']) retrieved from /home/ubuntu/redfin/lib/python3.10/site-packages/airflow/example_dags/example_branch_operator_decorator.py
[2023-12-03T23:17:11.172+0000] {logging_mixin.py:154} INFO - [2023-12-03T23:17:11.172+0000] {dag.py:2941} INFO - Sync 1 DAGs
[2023-12-03T23:17:11.197+0000] {logging_mixin.py:154} INFO - [2023-12-03T23:17:11.196+0000] {dag.py:3722} INFO - Setting next_dagrun for example_branch_python_operator_decorator to 2023-12-02T00:00:00+00:00, run_after=2023-12-03T00:00:00+00:00
[2023-12-03T23:17:11.219+0000] {processor.py:179} INFO - Processing /home/ubuntu/redfin/lib/python3.10/site-packages/airflow/example_dags/example_branch_operator_decorator.py took 0.087 seconds
[2023-12-03T23:17:55.897+0000] {processor.py:157} INFO - Started process (PID=4412) to work on /home/ubuntu/redfin/lib/python3.10/site-packages/airflow/example_dags/example_branch_operator_decorator.py
[2023-12-03T23:17:55.898+0000] {processor.py:829} INFO - Processing file /home/ubuntu/redfin/lib/python3.10/site-packages/airflow/example_dags/example_branch_operator_decorator.py for tasks to queue
[2023-12-03T23:17:55.899+0000] {logging_mixin.py:154} INFO - [2023-12-03T23:17:55.899+0000] {dagbag.py:536} INFO - Filling up the DagBag from /home/ubuntu/redfin/lib/python3.10/site-packages/airflow/example_dags/example_branch_operator_decorator.py
[2023-12-03T23:17:55.912+0000] {processor.py:839} INFO - DAG(s) dict_keys(['example_branch_python_operator_decorator']) retrieved from /home/ubuntu/redfin/lib/python3.10/site-packages/airflow/example_dags/example_branch_operator_decorator.py
[2023-12-03T23:17:55.933+0000] {logging_mixin.py:154} INFO - [2023-12-03T23:17:55.932+0000] {dag.py:2941} INFO - Sync 1 DAGs
[2023-12-03T23:17:55.957+0000] {logging_mixin.py:154} INFO - [2023-12-03T23:17:55.956+0000] {dag.py:3722} INFO - Setting next_dagrun for example_branch_python_operator_decorator to 2023-12-02T00:00:00+00:00, run_after=2023-12-03T00:00:00+00:00
[2023-12-03T23:17:55.979+0000] {processor.py:179} INFO - Processing /home/ubuntu/redfin/lib/python3.10/site-packages/airflow/example_dags/example_branch_operator_decorator.py took 0.087 seconds
[2023-12-03T23:18:42.104+0000] {processor.py:157} INFO - Started process (PID=4465) to work on /home/ubuntu/redfin/lib/python3.10/site-packages/airflow/example_dags/example_branch_operator_decorator.py
[2023-12-03T23:18:42.105+0000] {processor.py:829} INFO - Processing file /home/ubuntu/redfin/lib/python3.10/site-packages/airflow/example_dags/example_branch_operator_decorator.py for tasks to queue
[2023-12-03T23:18:42.106+0000] {logging_mixin.py:154} INFO - [2023-12-03T23:18:42.105+0000] {dagbag.py:536} INFO - Filling up the DagBag from /home/ubuntu/redfin/lib/python3.10/site-packages/airflow/example_dags/example_branch_operator_decorator.py
[2023-12-03T23:18:42.118+0000] {processor.py:839} INFO - DAG(s) dict_keys(['example_branch_python_operator_decorator']) retrieved from /home/ubuntu/redfin/lib/python3.10/site-packages/airflow/example_dags/example_branch_operator_decorator.py
[2023-12-03T23:18:42.139+0000] {logging_mixin.py:154} INFO - [2023-12-03T23:18:42.138+0000] {dag.py:2941} INFO - Sync 1 DAGs
[2023-12-03T23:18:42.162+0000] {logging_mixin.py:154} INFO - [2023-12-03T23:18:42.162+0000] {dag.py:3722} INFO - Setting next_dagrun for example_branch_python_operator_decorator to 2023-12-02T00:00:00+00:00, run_after=2023-12-03T00:00:00+00:00
[2023-12-03T23:18:42.184+0000] {processor.py:179} INFO - Processing /home/ubuntu/redfin/lib/python3.10/site-packages/airflow/example_dags/example_branch_operator_decorator.py took 0.085 seconds
[2023-12-03T23:19:27.088+0000] {processor.py:157} INFO - Started process (PID=4515) to work on /home/ubuntu/redfin/lib/python3.10/site-packages/airflow/example_dags/example_branch_operator_decorator.py
[2023-12-03T23:19:27.089+0000] {processor.py:829} INFO - Processing file /home/ubuntu/redfin/lib/python3.10/site-packages/airflow/example_dags/example_branch_operator_decorator.py for tasks to queue
[2023-12-03T23:19:27.090+0000] {logging_mixin.py:154} INFO - [2023-12-03T23:19:27.090+0000] {dagbag.py:536} INFO - Filling up the DagBag from /home/ubuntu/redfin/lib/python3.10/site-packages/airflow/example_dags/example_branch_operator_decorator.py
[2023-12-03T23:19:27.102+0000] {processor.py:839} INFO - DAG(s) dict_keys(['example_branch_python_operator_decorator']) retrieved from /home/ubuntu/redfin/lib/python3.10/site-packages/airflow/example_dags/example_branch_operator_decorator.py
[2023-12-03T23:19:27.124+0000] {logging_mixin.py:154} INFO - [2023-12-03T23:19:27.123+0000] {dag.py:2941} INFO - Sync 1 DAGs
[2023-12-03T23:19:27.146+0000] {logging_mixin.py:154} INFO - [2023-12-03T23:19:27.146+0000] {dag.py:3722} INFO - Setting next_dagrun for example_branch_python_operator_decorator to 2023-12-02T00:00:00+00:00, run_after=2023-12-03T00:00:00+00:00
[2023-12-03T23:19:27.169+0000] {processor.py:179} INFO - Processing /home/ubuntu/redfin/lib/python3.10/site-packages/airflow/example_dags/example_branch_operator_decorator.py took 0.084 seconds
[2023-12-03T23:20:10.312+0000] {processor.py:157} INFO - Started process (PID=4564) to work on /home/ubuntu/redfin/lib/python3.10/site-packages/airflow/example_dags/example_branch_operator_decorator.py
[2023-12-03T23:20:10.313+0000] {processor.py:829} INFO - Processing file /home/ubuntu/redfin/lib/python3.10/site-packages/airflow/example_dags/example_branch_operator_decorator.py for tasks to queue
[2023-12-03T23:20:10.314+0000] {logging_mixin.py:154} INFO - [2023-12-03T23:20:10.313+0000] {dagbag.py:536} INFO - Filling up the DagBag from /home/ubuntu/redfin/lib/python3.10/site-packages/airflow/example_dags/example_branch_operator_decorator.py
[2023-12-03T23:20:10.326+0000] {processor.py:839} INFO - DAG(s) dict_keys(['example_branch_python_operator_decorator']) retrieved from /home/ubuntu/redfin/lib/python3.10/site-packages/airflow/example_dags/example_branch_operator_decorator.py
[2023-12-03T23:20:10.347+0000] {logging_mixin.py:154} INFO - [2023-12-03T23:20:10.346+0000] {dag.py:2941} INFO - Sync 1 DAGs
[2023-12-03T23:20:10.370+0000] {logging_mixin.py:154} INFO - [2023-12-03T23:20:10.370+0000] {dag.py:3722} INFO - Setting next_dagrun for example_branch_python_operator_decorator to 2023-12-02T00:00:00+00:00, run_after=2023-12-03T00:00:00+00:00
[2023-12-03T23:20:10.392+0000] {processor.py:179} INFO - Processing /home/ubuntu/redfin/lib/python3.10/site-packages/airflow/example_dags/example_branch_operator_decorator.py took 0.084 seconds
[2023-12-03T23:20:55.166+0000] {processor.py:157} INFO - Started process (PID=4613) to work on /home/ubuntu/redfin/lib/python3.10/site-packages/airflow/example_dags/example_branch_operator_decorator.py
[2023-12-03T23:20:55.167+0000] {processor.py:829} INFO - Processing file /home/ubuntu/redfin/lib/python3.10/site-packages/airflow/example_dags/example_branch_operator_decorator.py for tasks to queue
[2023-12-03T23:20:55.168+0000] {logging_mixin.py:154} INFO - [2023-12-03T23:20:55.168+0000] {dagbag.py:536} INFO - Filling up the DagBag from /home/ubuntu/redfin/lib/python3.10/site-packages/airflow/example_dags/example_branch_operator_decorator.py
[2023-12-03T23:20:55.180+0000] {processor.py:839} INFO - DAG(s) dict_keys(['example_branch_python_operator_decorator']) retrieved from /home/ubuntu/redfin/lib/python3.10/site-packages/airflow/example_dags/example_branch_operator_decorator.py
[2023-12-03T23:20:55.200+0000] {logging_mixin.py:154} INFO - [2023-12-03T23:20:55.200+0000] {dag.py:2941} INFO - Sync 1 DAGs
[2023-12-03T23:20:55.222+0000] {logging_mixin.py:154} INFO - [2023-12-03T23:20:55.222+0000] {dag.py:3722} INFO - Setting next_dagrun for example_branch_python_operator_decorator to 2023-12-02T00:00:00+00:00, run_after=2023-12-03T00:00:00+00:00
[2023-12-03T23:20:55.245+0000] {processor.py:179} INFO - Processing /home/ubuntu/redfin/lib/python3.10/site-packages/airflow/example_dags/example_branch_operator_decorator.py took 0.082 seconds
[2023-12-03T23:21:45.097+0000] {processor.py:157} INFO - Started process (PID=4666) to work on /home/ubuntu/redfin/lib/python3.10/site-packages/airflow/example_dags/example_branch_operator_decorator.py
[2023-12-03T23:21:45.099+0000] {processor.py:829} INFO - Processing file /home/ubuntu/redfin/lib/python3.10/site-packages/airflow/example_dags/example_branch_operator_decorator.py for tasks to queue
[2023-12-03T23:21:45.100+0000] {logging_mixin.py:154} INFO - [2023-12-03T23:21:45.099+0000] {dagbag.py:536} INFO - Filling up the DagBag from /home/ubuntu/redfin/lib/python3.10/site-packages/airflow/example_dags/example_branch_operator_decorator.py
[2023-12-03T23:21:45.112+0000] {processor.py:839} INFO - DAG(s) dict_keys(['example_branch_python_operator_decorator']) retrieved from /home/ubuntu/redfin/lib/python3.10/site-packages/airflow/example_dags/example_branch_operator_decorator.py
[2023-12-03T23:21:45.132+0000] {logging_mixin.py:154} INFO - [2023-12-03T23:21:45.132+0000] {dag.py:2941} INFO - Sync 1 DAGs
[2023-12-03T23:21:45.155+0000] {logging_mixin.py:154} INFO - [2023-12-03T23:21:45.155+0000] {dag.py:3722} INFO - Setting next_dagrun for example_branch_python_operator_decorator to 2023-12-02T00:00:00+00:00, run_after=2023-12-03T00:00:00+00:00
[2023-12-03T23:21:45.178+0000] {processor.py:179} INFO - Processing /home/ubuntu/redfin/lib/python3.10/site-packages/airflow/example_dags/example_branch_operator_decorator.py took 0.085 seconds
[2023-12-03T23:22:34.854+0000] {processor.py:157} INFO - Started process (PID=4723) to work on /home/ubuntu/redfin/lib/python3.10/site-packages/airflow/example_dags/example_branch_operator_decorator.py
[2023-12-03T23:22:34.856+0000] {processor.py:829} INFO - Processing file /home/ubuntu/redfin/lib/python3.10/site-packages/airflow/example_dags/example_branch_operator_decorator.py for tasks to queue
[2023-12-03T23:22:34.857+0000] {logging_mixin.py:154} INFO - [2023-12-03T23:22:34.856+0000] {dagbag.py:536} INFO - Filling up the DagBag from /home/ubuntu/redfin/lib/python3.10/site-packages/airflow/example_dags/example_branch_operator_decorator.py
[2023-12-03T23:22:34.868+0000] {processor.py:839} INFO - DAG(s) dict_keys(['example_branch_python_operator_decorator']) retrieved from /home/ubuntu/redfin/lib/python3.10/site-packages/airflow/example_dags/example_branch_operator_decorator.py
[2023-12-03T23:22:34.888+0000] {logging_mixin.py:154} INFO - [2023-12-03T23:22:34.888+0000] {dag.py:2941} INFO - Sync 1 DAGs
[2023-12-03T23:22:34.910+0000] {logging_mixin.py:154} INFO - [2023-12-03T23:22:34.910+0000] {dag.py:3722} INFO - Setting next_dagrun for example_branch_python_operator_decorator to 2023-12-02T00:00:00+00:00, run_after=2023-12-03T00:00:00+00:00
[2023-12-03T23:22:34.933+0000] {processor.py:179} INFO - Processing /home/ubuntu/redfin/lib/python3.10/site-packages/airflow/example_dags/example_branch_operator_decorator.py took 0.083 seconds
[2023-12-03T23:23:20.657+0000] {processor.py:157} INFO - Started process (PID=4772) to work on /home/ubuntu/redfin/lib/python3.10/site-packages/airflow/example_dags/example_branch_operator_decorator.py
[2023-12-03T23:23:20.658+0000] {processor.py:829} INFO - Processing file /home/ubuntu/redfin/lib/python3.10/site-packages/airflow/example_dags/example_branch_operator_decorator.py for tasks to queue
[2023-12-03T23:23:20.659+0000] {logging_mixin.py:154} INFO - [2023-12-03T23:23:20.659+0000] {dagbag.py:536} INFO - Filling up the DagBag from /home/ubuntu/redfin/lib/python3.10/site-packages/airflow/example_dags/example_branch_operator_decorator.py
[2023-12-03T23:23:20.671+0000] {processor.py:839} INFO - DAG(s) dict_keys(['example_branch_python_operator_decorator']) retrieved from /home/ubuntu/redfin/lib/python3.10/site-packages/airflow/example_dags/example_branch_operator_decorator.py
[2023-12-03T23:23:20.691+0000] {logging_mixin.py:154} INFO - [2023-12-03T23:23:20.691+0000] {dag.py:2941} INFO - Sync 1 DAGs
[2023-12-03T23:23:20.714+0000] {logging_mixin.py:154} INFO - [2023-12-03T23:23:20.714+0000] {dag.py:3722} INFO - Setting next_dagrun for example_branch_python_operator_decorator to 2023-12-02T00:00:00+00:00, run_after=2023-12-03T00:00:00+00:00
[2023-12-03T23:23:20.738+0000] {processor.py:179} INFO - Processing /home/ubuntu/redfin/lib/python3.10/site-packages/airflow/example_dags/example_branch_operator_decorator.py took 0.085 seconds
[2023-12-03T23:24:07.809+0000] {processor.py:157} INFO - Started process (PID=4823) to work on /home/ubuntu/redfin/lib/python3.10/site-packages/airflow/example_dags/example_branch_operator_decorator.py
[2023-12-03T23:24:07.811+0000] {processor.py:829} INFO - Processing file /home/ubuntu/redfin/lib/python3.10/site-packages/airflow/example_dags/example_branch_operator_decorator.py for tasks to queue
[2023-12-03T23:24:07.812+0000] {logging_mixin.py:154} INFO - [2023-12-03T23:24:07.811+0000] {dagbag.py:536} INFO - Filling up the DagBag from /home/ubuntu/redfin/lib/python3.10/site-packages/airflow/example_dags/example_branch_operator_decorator.py
[2023-12-03T23:24:07.824+0000] {processor.py:839} INFO - DAG(s) dict_keys(['example_branch_python_operator_decorator']) retrieved from /home/ubuntu/redfin/lib/python3.10/site-packages/airflow/example_dags/example_branch_operator_decorator.py
[2023-12-03T23:24:07.845+0000] {logging_mixin.py:154} INFO - [2023-12-03T23:24:07.844+0000] {dag.py:2941} INFO - Sync 1 DAGs
[2023-12-03T23:24:07.869+0000] {logging_mixin.py:154} INFO - [2023-12-03T23:24:07.868+0000] {dag.py:3722} INFO - Setting next_dagrun for example_branch_python_operator_decorator to 2023-12-02T00:00:00+00:00, run_after=2023-12-03T00:00:00+00:00
[2023-12-03T23:24:07.892+0000] {processor.py:179} INFO - Processing /home/ubuntu/redfin/lib/python3.10/site-packages/airflow/example_dags/example_branch_operator_decorator.py took 0.086 seconds
[2023-12-03T23:24:54.165+0000] {processor.py:157} INFO - Started process (PID=4876) to work on /home/ubuntu/redfin/lib/python3.10/site-packages/airflow/example_dags/example_branch_operator_decorator.py
[2023-12-03T23:24:54.166+0000] {processor.py:829} INFO - Processing file /home/ubuntu/redfin/lib/python3.10/site-packages/airflow/example_dags/example_branch_operator_decorator.py for tasks to queue
[2023-12-03T23:24:54.167+0000] {logging_mixin.py:154} INFO - [2023-12-03T23:24:54.167+0000] {dagbag.py:536} INFO - Filling up the DagBag from /home/ubuntu/redfin/lib/python3.10/site-packages/airflow/example_dags/example_branch_operator_decorator.py
[2023-12-03T23:24:54.178+0000] {processor.py:839} INFO - DAG(s) dict_keys(['example_branch_python_operator_decorator']) retrieved from /home/ubuntu/redfin/lib/python3.10/site-packages/airflow/example_dags/example_branch_operator_decorator.py
[2023-12-03T23:24:54.199+0000] {logging_mixin.py:154} INFO - [2023-12-03T23:24:54.199+0000] {dag.py:2941} INFO - Sync 1 DAGs
[2023-12-03T23:24:54.221+0000] {logging_mixin.py:154} INFO - [2023-12-03T23:24:54.221+0000] {dag.py:3722} INFO - Setting next_dagrun for example_branch_python_operator_decorator to 2023-12-02T00:00:00+00:00, run_after=2023-12-03T00:00:00+00:00
[2023-12-03T23:24:54.244+0000] {processor.py:179} INFO - Processing /home/ubuntu/redfin/lib/python3.10/site-packages/airflow/example_dags/example_branch_operator_decorator.py took 0.083 seconds
[2023-12-03T23:25:44.915+0000] {processor.py:157} INFO - Started process (PID=4930) to work on /home/ubuntu/redfin/lib/python3.10/site-packages/airflow/example_dags/example_branch_operator_decorator.py
[2023-12-03T23:25:44.917+0000] {processor.py:829} INFO - Processing file /home/ubuntu/redfin/lib/python3.10/site-packages/airflow/example_dags/example_branch_operator_decorator.py for tasks to queue
[2023-12-03T23:25:44.918+0000] {logging_mixin.py:154} INFO - [2023-12-03T23:25:44.917+0000] {dagbag.py:536} INFO - Filling up the DagBag from /home/ubuntu/redfin/lib/python3.10/site-packages/airflow/example_dags/example_branch_operator_decorator.py
[2023-12-03T23:25:44.929+0000] {processor.py:839} INFO - DAG(s) dict_keys(['example_branch_python_operator_decorator']) retrieved from /home/ubuntu/redfin/lib/python3.10/site-packages/airflow/example_dags/example_branch_operator_decorator.py
[2023-12-03T23:25:44.950+0000] {logging_mixin.py:154} INFO - [2023-12-03T23:25:44.949+0000] {dag.py:2941} INFO - Sync 1 DAGs
[2023-12-03T23:25:44.973+0000] {logging_mixin.py:154} INFO - [2023-12-03T23:25:44.972+0000] {dag.py:3722} INFO - Setting next_dagrun for example_branch_python_operator_decorator to 2023-12-02T00:00:00+00:00, run_after=2023-12-03T00:00:00+00:00
[2023-12-03T23:25:44.997+0000] {processor.py:179} INFO - Processing /home/ubuntu/redfin/lib/python3.10/site-packages/airflow/example_dags/example_branch_operator_decorator.py took 0.086 seconds
[2023-12-03T23:26:32.047+0000] {processor.py:157} INFO - Started process (PID=4980) to work on /home/ubuntu/redfin/lib/python3.10/site-packages/airflow/example_dags/example_branch_operator_decorator.py
[2023-12-03T23:26:32.049+0000] {processor.py:829} INFO - Processing file /home/ubuntu/redfin/lib/python3.10/site-packages/airflow/example_dags/example_branch_operator_decorator.py for tasks to queue
[2023-12-03T23:26:32.050+0000] {logging_mixin.py:154} INFO - [2023-12-03T23:26:32.049+0000] {dagbag.py:536} INFO - Filling up the DagBag from /home/ubuntu/redfin/lib/python3.10/site-packages/airflow/example_dags/example_branch_operator_decorator.py
[2023-12-03T23:26:32.061+0000] {processor.py:839} INFO - DAG(s) dict_keys(['example_branch_python_operator_decorator']) retrieved from /home/ubuntu/redfin/lib/python3.10/site-packages/airflow/example_dags/example_branch_operator_decorator.py
[2023-12-03T23:26:32.082+0000] {logging_mixin.py:154} INFO - [2023-12-03T23:26:32.082+0000] {dag.py:2941} INFO - Sync 1 DAGs
[2023-12-03T23:26:32.114+0000] {logging_mixin.py:154} INFO - [2023-12-03T23:26:32.113+0000] {dag.py:3722} INFO - Setting next_dagrun for example_branch_python_operator_decorator to 2023-12-02T00:00:00+00:00, run_after=2023-12-03T00:00:00+00:00
[2023-12-03T23:26:32.138+0000] {processor.py:179} INFO - Processing /home/ubuntu/redfin/lib/python3.10/site-packages/airflow/example_dags/example_branch_operator_decorator.py took 0.094 seconds
[2023-12-03T23:27:14.027+0000] {processor.py:157} INFO - Started process (PID=5029) to work on /home/ubuntu/redfin/lib/python3.10/site-packages/airflow/example_dags/example_branch_operator_decorator.py
[2023-12-03T23:27:14.028+0000] {processor.py:829} INFO - Processing file /home/ubuntu/redfin/lib/python3.10/site-packages/airflow/example_dags/example_branch_operator_decorator.py for tasks to queue
[2023-12-03T23:27:14.029+0000] {logging_mixin.py:154} INFO - [2023-12-03T23:27:14.029+0000] {dagbag.py:536} INFO - Filling up the DagBag from /home/ubuntu/redfin/lib/python3.10/site-packages/airflow/example_dags/example_branch_operator_decorator.py
[2023-12-03T23:27:14.041+0000] {processor.py:839} INFO - DAG(s) dict_keys(['example_branch_python_operator_decorator']) retrieved from /home/ubuntu/redfin/lib/python3.10/site-packages/airflow/example_dags/example_branch_operator_decorator.py
[2023-12-03T23:27:14.061+0000] {logging_mixin.py:154} INFO - [2023-12-03T23:27:14.061+0000] {dag.py:2941} INFO - Sync 1 DAGs
[2023-12-03T23:27:14.084+0000] {logging_mixin.py:154} INFO - [2023-12-03T23:27:14.084+0000] {dag.py:3722} INFO - Setting next_dagrun for example_branch_python_operator_decorator to 2023-12-02T00:00:00+00:00, run_after=2023-12-03T00:00:00+00:00
[2023-12-03T23:27:14.106+0000] {processor.py:179} INFO - Processing /home/ubuntu/redfin/lib/python3.10/site-packages/airflow/example_dags/example_branch_operator_decorator.py took 0.083 seconds
[2023-12-03T23:28:10.857+0000] {processor.py:157} INFO - Started process (PID=5094) to work on /home/ubuntu/redfin/lib/python3.10/site-packages/airflow/example_dags/example_branch_operator_decorator.py
[2023-12-03T23:28:10.859+0000] {processor.py:829} INFO - Processing file /home/ubuntu/redfin/lib/python3.10/site-packages/airflow/example_dags/example_branch_operator_decorator.py for tasks to queue
[2023-12-03T23:28:10.860+0000] {logging_mixin.py:154} INFO - [2023-12-03T23:28:10.859+0000] {dagbag.py:536} INFO - Filling up the DagBag from /home/ubuntu/redfin/lib/python3.10/site-packages/airflow/example_dags/example_branch_operator_decorator.py
[2023-12-03T23:28:10.871+0000] {processor.py:839} INFO - DAG(s) dict_keys(['example_branch_python_operator_decorator']) retrieved from /home/ubuntu/redfin/lib/python3.10/site-packages/airflow/example_dags/example_branch_operator_decorator.py
[2023-12-03T23:28:10.891+0000] {logging_mixin.py:154} INFO - [2023-12-03T23:28:10.891+0000] {dag.py:2941} INFO - Sync 1 DAGs
[2023-12-03T23:28:10.914+0000] {logging_mixin.py:154} INFO - [2023-12-03T23:28:10.914+0000] {dag.py:3722} INFO - Setting next_dagrun for example_branch_python_operator_decorator to 2023-12-02T00:00:00+00:00, run_after=2023-12-03T00:00:00+00:00
[2023-12-03T23:28:10.937+0000] {processor.py:179} INFO - Processing /home/ubuntu/redfin/lib/python3.10/site-packages/airflow/example_dags/example_branch_operator_decorator.py took 0.083 seconds
[2023-12-03T23:28:59.417+0000] {processor.py:157} INFO - Started process (PID=5145) to work on /home/ubuntu/redfin/lib/python3.10/site-packages/airflow/example_dags/example_branch_operator_decorator.py
[2023-12-03T23:28:59.418+0000] {processor.py:829} INFO - Processing file /home/ubuntu/redfin/lib/python3.10/site-packages/airflow/example_dags/example_branch_operator_decorator.py for tasks to queue
[2023-12-03T23:28:59.419+0000] {logging_mixin.py:154} INFO - [2023-12-03T23:28:59.419+0000] {dagbag.py:536} INFO - Filling up the DagBag from /home/ubuntu/redfin/lib/python3.10/site-packages/airflow/example_dags/example_branch_operator_decorator.py
[2023-12-03T23:28:59.431+0000] {processor.py:839} INFO - DAG(s) dict_keys(['example_branch_python_operator_decorator']) retrieved from /home/ubuntu/redfin/lib/python3.10/site-packages/airflow/example_dags/example_branch_operator_decorator.py
[2023-12-03T23:28:59.451+0000] {logging_mixin.py:154} INFO - [2023-12-03T23:28:59.451+0000] {dag.py:2941} INFO - Sync 1 DAGs
[2023-12-03T23:28:59.474+0000] {logging_mixin.py:154} INFO - [2023-12-03T23:28:59.474+0000] {dag.py:3722} INFO - Setting next_dagrun for example_branch_python_operator_decorator to 2023-12-02T00:00:00+00:00, run_after=2023-12-03T00:00:00+00:00
[2023-12-03T23:28:59.496+0000] {processor.py:179} INFO - Processing /home/ubuntu/redfin/lib/python3.10/site-packages/airflow/example_dags/example_branch_operator_decorator.py took 0.083 seconds
[2023-12-03T23:29:47.657+0000] {processor.py:157} INFO - Started process (PID=5198) to work on /home/ubuntu/redfin/lib/python3.10/site-packages/airflow/example_dags/example_branch_operator_decorator.py
[2023-12-03T23:29:47.658+0000] {processor.py:829} INFO - Processing file /home/ubuntu/redfin/lib/python3.10/site-packages/airflow/example_dags/example_branch_operator_decorator.py for tasks to queue
[2023-12-03T23:29:47.659+0000] {logging_mixin.py:154} INFO - [2023-12-03T23:29:47.658+0000] {dagbag.py:536} INFO - Filling up the DagBag from /home/ubuntu/redfin/lib/python3.10/site-packages/airflow/example_dags/example_branch_operator_decorator.py
[2023-12-03T23:29:47.671+0000] {processor.py:839} INFO - DAG(s) dict_keys(['example_branch_python_operator_decorator']) retrieved from /home/ubuntu/redfin/lib/python3.10/site-packages/airflow/example_dags/example_branch_operator_decorator.py
[2023-12-03T23:29:47.693+0000] {logging_mixin.py:154} INFO - [2023-12-03T23:29:47.692+0000] {dag.py:2941} INFO - Sync 1 DAGs
[2023-12-03T23:29:47.717+0000] {logging_mixin.py:154} INFO - [2023-12-03T23:29:47.717+0000] {dag.py:3722} INFO - Setting next_dagrun for example_branch_python_operator_decorator to 2023-12-02T00:00:00+00:00, run_after=2023-12-03T00:00:00+00:00
[2023-12-03T23:29:47.740+0000] {processor.py:179} INFO - Processing /home/ubuntu/redfin/lib/python3.10/site-packages/airflow/example_dags/example_branch_operator_decorator.py took 0.087 seconds
[2023-12-03T23:30:35.137+0000] {processor.py:157} INFO - Started process (PID=5252) to work on /home/ubuntu/redfin/lib/python3.10/site-packages/airflow/example_dags/example_branch_operator_decorator.py
[2023-12-03T23:30:35.138+0000] {processor.py:829} INFO - Processing file /home/ubuntu/redfin/lib/python3.10/site-packages/airflow/example_dags/example_branch_operator_decorator.py for tasks to queue
[2023-12-03T23:30:35.139+0000] {logging_mixin.py:154} INFO - [2023-12-03T23:30:35.139+0000] {dagbag.py:536} INFO - Filling up the DagBag from /home/ubuntu/redfin/lib/python3.10/site-packages/airflow/example_dags/example_branch_operator_decorator.py
[2023-12-03T23:30:35.151+0000] {processor.py:839} INFO - DAG(s) dict_keys(['example_branch_python_operator_decorator']) retrieved from /home/ubuntu/redfin/lib/python3.10/site-packages/airflow/example_dags/example_branch_operator_decorator.py
[2023-12-03T23:30:35.172+0000] {logging_mixin.py:154} INFO - [2023-12-03T23:30:35.172+0000] {dag.py:2941} INFO - Sync 1 DAGs
[2023-12-03T23:30:35.197+0000] {logging_mixin.py:154} INFO - [2023-12-03T23:30:35.196+0000] {dag.py:3722} INFO - Setting next_dagrun for example_branch_python_operator_decorator to 2023-12-02T00:00:00+00:00, run_after=2023-12-03T00:00:00+00:00
[2023-12-03T23:30:35.219+0000] {processor.py:179} INFO - Processing /home/ubuntu/redfin/lib/python3.10/site-packages/airflow/example_dags/example_branch_operator_decorator.py took 0.086 seconds
[2023-12-03T23:31:20.438+0000] {processor.py:157} INFO - Started process (PID=5301) to work on /home/ubuntu/redfin/lib/python3.10/site-packages/airflow/example_dags/example_branch_operator_decorator.py
[2023-12-03T23:31:20.439+0000] {processor.py:829} INFO - Processing file /home/ubuntu/redfin/lib/python3.10/site-packages/airflow/example_dags/example_branch_operator_decorator.py for tasks to queue
[2023-12-03T23:31:20.440+0000] {logging_mixin.py:154} INFO - [2023-12-03T23:31:20.440+0000] {dagbag.py:536} INFO - Filling up the DagBag from /home/ubuntu/redfin/lib/python3.10/site-packages/airflow/example_dags/example_branch_operator_decorator.py
[2023-12-03T23:31:20.452+0000] {processor.py:839} INFO - DAG(s) dict_keys(['example_branch_python_operator_decorator']) retrieved from /home/ubuntu/redfin/lib/python3.10/site-packages/airflow/example_dags/example_branch_operator_decorator.py
[2023-12-03T23:31:20.474+0000] {logging_mixin.py:154} INFO - [2023-12-03T23:31:20.473+0000] {dag.py:2941} INFO - Sync 1 DAGs
[2023-12-03T23:31:20.498+0000] {logging_mixin.py:154} INFO - [2023-12-03T23:31:20.498+0000] {dag.py:3722} INFO - Setting next_dagrun for example_branch_python_operator_decorator to 2023-12-02T00:00:00+00:00, run_after=2023-12-03T00:00:00+00:00
[2023-12-03T23:31:20.522+0000] {processor.py:179} INFO - Processing /home/ubuntu/redfin/lib/python3.10/site-packages/airflow/example_dags/example_branch_operator_decorator.py took 0.087 seconds
[2023-12-03T23:32:08.575+0000] {processor.py:157} INFO - Started process (PID=5353) to work on /home/ubuntu/redfin/lib/python3.10/site-packages/airflow/example_dags/example_branch_operator_decorator.py
[2023-12-03T23:32:08.576+0000] {processor.py:829} INFO - Processing file /home/ubuntu/redfin/lib/python3.10/site-packages/airflow/example_dags/example_branch_operator_decorator.py for tasks to queue
[2023-12-03T23:32:08.577+0000] {logging_mixin.py:154} INFO - [2023-12-03T23:32:08.577+0000] {dagbag.py:536} INFO - Filling up the DagBag from /home/ubuntu/redfin/lib/python3.10/site-packages/airflow/example_dags/example_branch_operator_decorator.py
[2023-12-03T23:32:08.589+0000] {processor.py:839} INFO - DAG(s) dict_keys(['example_branch_python_operator_decorator']) retrieved from /home/ubuntu/redfin/lib/python3.10/site-packages/airflow/example_dags/example_branch_operator_decorator.py
[2023-12-03T23:32:08.609+0000] {logging_mixin.py:154} INFO - [2023-12-03T23:32:08.608+0000] {dag.py:2941} INFO - Sync 1 DAGs
[2023-12-03T23:32:08.631+0000] {logging_mixin.py:154} INFO - [2023-12-03T23:32:08.631+0000] {dag.py:3722} INFO - Setting next_dagrun for example_branch_python_operator_decorator to 2023-12-02T00:00:00+00:00, run_after=2023-12-03T00:00:00+00:00
[2023-12-03T23:32:08.655+0000] {processor.py:179} INFO - Processing /home/ubuntu/redfin/lib/python3.10/site-packages/airflow/example_dags/example_branch_operator_decorator.py took 0.083 seconds
[2023-12-03T23:32:52.448+0000] {processor.py:157} INFO - Started process (PID=5402) to work on /home/ubuntu/redfin/lib/python3.10/site-packages/airflow/example_dags/example_branch_operator_decorator.py
[2023-12-03T23:32:52.449+0000] {processor.py:829} INFO - Processing file /home/ubuntu/redfin/lib/python3.10/site-packages/airflow/example_dags/example_branch_operator_decorator.py for tasks to queue
[2023-12-03T23:32:52.450+0000] {logging_mixin.py:154} INFO - [2023-12-03T23:32:52.450+0000] {dagbag.py:536} INFO - Filling up the DagBag from /home/ubuntu/redfin/lib/python3.10/site-packages/airflow/example_dags/example_branch_operator_decorator.py
[2023-12-03T23:32:52.462+0000] {processor.py:839} INFO - DAG(s) dict_keys(['example_branch_python_operator_decorator']) retrieved from /home/ubuntu/redfin/lib/python3.10/site-packages/airflow/example_dags/example_branch_operator_decorator.py
[2023-12-03T23:32:52.482+0000] {logging_mixin.py:154} INFO - [2023-12-03T23:32:52.482+0000] {dag.py:2941} INFO - Sync 1 DAGs
[2023-12-03T23:32:52.504+0000] {logging_mixin.py:154} INFO - [2023-12-03T23:32:52.504+0000] {dag.py:3722} INFO - Setting next_dagrun for example_branch_python_operator_decorator to 2023-12-02T00:00:00+00:00, run_after=2023-12-03T00:00:00+00:00
[2023-12-03T23:32:52.526+0000] {processor.py:179} INFO - Processing /home/ubuntu/redfin/lib/python3.10/site-packages/airflow/example_dags/example_branch_operator_decorator.py took 0.082 seconds
[2023-12-03T23:33:38.950+0000] {processor.py:157} INFO - Started process (PID=5451) to work on /home/ubuntu/redfin/lib/python3.10/site-packages/airflow/example_dags/example_branch_operator_decorator.py
[2023-12-03T23:33:38.952+0000] {processor.py:829} INFO - Processing file /home/ubuntu/redfin/lib/python3.10/site-packages/airflow/example_dags/example_branch_operator_decorator.py for tasks to queue
[2023-12-03T23:33:38.952+0000] {logging_mixin.py:154} INFO - [2023-12-03T23:33:38.952+0000] {dagbag.py:536} INFO - Filling up the DagBag from /home/ubuntu/redfin/lib/python3.10/site-packages/airflow/example_dags/example_branch_operator_decorator.py
[2023-12-03T23:33:38.964+0000] {processor.py:839} INFO - DAG(s) dict_keys(['example_branch_python_operator_decorator']) retrieved from /home/ubuntu/redfin/lib/python3.10/site-packages/airflow/example_dags/example_branch_operator_decorator.py
[2023-12-03T23:33:38.985+0000] {logging_mixin.py:154} INFO - [2023-12-03T23:33:38.985+0000] {dag.py:2941} INFO - Sync 1 DAGs
[2023-12-03T23:33:39.008+0000] {logging_mixin.py:154} INFO - [2023-12-03T23:33:39.008+0000] {dag.py:3722} INFO - Setting next_dagrun for example_branch_python_operator_decorator to 2023-12-02T00:00:00+00:00, run_after=2023-12-03T00:00:00+00:00
[2023-12-03T23:33:39.032+0000] {processor.py:179} INFO - Processing /home/ubuntu/redfin/lib/python3.10/site-packages/airflow/example_dags/example_branch_operator_decorator.py took 0.086 seconds
[2023-12-03T23:34:24.922+0000] {processor.py:157} INFO - Started process (PID=5504) to work on /home/ubuntu/redfin/lib/python3.10/site-packages/airflow/example_dags/example_branch_operator_decorator.py
[2023-12-03T23:34:24.923+0000] {processor.py:829} INFO - Processing file /home/ubuntu/redfin/lib/python3.10/site-packages/airflow/example_dags/example_branch_operator_decorator.py for tasks to queue
[2023-12-03T23:34:24.924+0000] {logging_mixin.py:154} INFO - [2023-12-03T23:34:24.924+0000] {dagbag.py:536} INFO - Filling up the DagBag from /home/ubuntu/redfin/lib/python3.10/site-packages/airflow/example_dags/example_branch_operator_decorator.py
[2023-12-03T23:34:24.936+0000] {processor.py:839} INFO - DAG(s) dict_keys(['example_branch_python_operator_decorator']) retrieved from /home/ubuntu/redfin/lib/python3.10/site-packages/airflow/example_dags/example_branch_operator_decorator.py
[2023-12-03T23:34:24.957+0000] {logging_mixin.py:154} INFO - [2023-12-03T23:34:24.956+0000] {dag.py:2941} INFO - Sync 1 DAGs
[2023-12-03T23:34:24.979+0000] {logging_mixin.py:154} INFO - [2023-12-03T23:34:24.979+0000] {dag.py:3722} INFO - Setting next_dagrun for example_branch_python_operator_decorator to 2023-12-02T00:00:00+00:00, run_after=2023-12-03T00:00:00+00:00
[2023-12-03T23:34:25.001+0000] {processor.py:179} INFO - Processing /home/ubuntu/redfin/lib/python3.10/site-packages/airflow/example_dags/example_branch_operator_decorator.py took 0.083 seconds
[2023-12-03T23:35:14.609+0000] {processor.py:157} INFO - Started process (PID=5556) to work on /home/ubuntu/redfin/lib/python3.10/site-packages/airflow/example_dags/example_branch_operator_decorator.py
[2023-12-03T23:35:14.610+0000] {processor.py:829} INFO - Processing file /home/ubuntu/redfin/lib/python3.10/site-packages/airflow/example_dags/example_branch_operator_decorator.py for tasks to queue
[2023-12-03T23:35:14.611+0000] {logging_mixin.py:154} INFO - [2023-12-03T23:35:14.611+0000] {dagbag.py:536} INFO - Filling up the DagBag from /home/ubuntu/redfin/lib/python3.10/site-packages/airflow/example_dags/example_branch_operator_decorator.py
[2023-12-03T23:35:14.623+0000] {processor.py:839} INFO - DAG(s) dict_keys(['example_branch_python_operator_decorator']) retrieved from /home/ubuntu/redfin/lib/python3.10/site-packages/airflow/example_dags/example_branch_operator_decorator.py
[2023-12-03T23:35:14.644+0000] {logging_mixin.py:154} INFO - [2023-12-03T23:35:14.644+0000] {dag.py:2941} INFO - Sync 1 DAGs
[2023-12-03T23:35:14.667+0000] {logging_mixin.py:154} INFO - [2023-12-03T23:35:14.667+0000] {dag.py:3722} INFO - Setting next_dagrun for example_branch_python_operator_decorator to 2023-12-02T00:00:00+00:00, run_after=2023-12-03T00:00:00+00:00
[2023-12-03T23:35:14.700+0000] {processor.py:179} INFO - Processing /home/ubuntu/redfin/lib/python3.10/site-packages/airflow/example_dags/example_branch_operator_decorator.py took 0.095 seconds
[2023-12-03T23:36:03.181+0000] {processor.py:157} INFO - Started process (PID=5611) to work on /home/ubuntu/redfin/lib/python3.10/site-packages/airflow/example_dags/example_branch_operator_decorator.py
[2023-12-03T23:36:03.183+0000] {processor.py:829} INFO - Processing file /home/ubuntu/redfin/lib/python3.10/site-packages/airflow/example_dags/example_branch_operator_decorator.py for tasks to queue
[2023-12-03T23:36:03.184+0000] {logging_mixin.py:154} INFO - [2023-12-03T23:36:03.183+0000] {dagbag.py:536} INFO - Filling up the DagBag from /home/ubuntu/redfin/lib/python3.10/site-packages/airflow/example_dags/example_branch_operator_decorator.py
[2023-12-03T23:36:03.196+0000] {processor.py:839} INFO - DAG(s) dict_keys(['example_branch_python_operator_decorator']) retrieved from /home/ubuntu/redfin/lib/python3.10/site-packages/airflow/example_dags/example_branch_operator_decorator.py
[2023-12-03T23:36:03.217+0000] {logging_mixin.py:154} INFO - [2023-12-03T23:36:03.216+0000] {dag.py:2941} INFO - Sync 1 DAGs
[2023-12-03T23:36:03.239+0000] {logging_mixin.py:154} INFO - [2023-12-03T23:36:03.239+0000] {dag.py:3722} INFO - Setting next_dagrun for example_branch_python_operator_decorator to 2023-12-02T00:00:00+00:00, run_after=2023-12-03T00:00:00+00:00
[2023-12-03T23:36:03.261+0000] {processor.py:179} INFO - Processing /home/ubuntu/redfin/lib/python3.10/site-packages/airflow/example_dags/example_branch_operator_decorator.py took 0.084 seconds
[2023-12-03T23:36:54.970+0000] {processor.py:157} INFO - Started process (PID=5666) to work on /home/ubuntu/redfin/lib/python3.10/site-packages/airflow/example_dags/example_branch_operator_decorator.py
[2023-12-03T23:36:54.972+0000] {processor.py:829} INFO - Processing file /home/ubuntu/redfin/lib/python3.10/site-packages/airflow/example_dags/example_branch_operator_decorator.py for tasks to queue
[2023-12-03T23:36:54.973+0000] {logging_mixin.py:154} INFO - [2023-12-03T23:36:54.972+0000] {dagbag.py:536} INFO - Filling up the DagBag from /home/ubuntu/redfin/lib/python3.10/site-packages/airflow/example_dags/example_branch_operator_decorator.py
[2023-12-03T23:36:54.984+0000] {processor.py:839} INFO - DAG(s) dict_keys(['example_branch_python_operator_decorator']) retrieved from /home/ubuntu/redfin/lib/python3.10/site-packages/airflow/example_dags/example_branch_operator_decorator.py
[2023-12-03T23:36:55.005+0000] {logging_mixin.py:154} INFO - [2023-12-03T23:36:55.005+0000] {dag.py:2941} INFO - Sync 1 DAGs
[2023-12-03T23:36:55.029+0000] {logging_mixin.py:154} INFO - [2023-12-03T23:36:55.029+0000] {dag.py:3722} INFO - Setting next_dagrun for example_branch_python_operator_decorator to 2023-12-02T00:00:00+00:00, run_after=2023-12-03T00:00:00+00:00
[2023-12-03T23:36:55.052+0000] {processor.py:179} INFO - Processing /home/ubuntu/redfin/lib/python3.10/site-packages/airflow/example_dags/example_branch_operator_decorator.py took 0.086 seconds
[2023-12-03T23:37:42.642+0000] {processor.py:157} INFO - Started process (PID=5720) to work on /home/ubuntu/redfin/lib/python3.10/site-packages/airflow/example_dags/example_branch_operator_decorator.py
[2023-12-03T23:37:42.644+0000] {processor.py:829} INFO - Processing file /home/ubuntu/redfin/lib/python3.10/site-packages/airflow/example_dags/example_branch_operator_decorator.py for tasks to queue
[2023-12-03T23:37:42.645+0000] {logging_mixin.py:154} INFO - [2023-12-03T23:37:42.644+0000] {dagbag.py:536} INFO - Filling up the DagBag from /home/ubuntu/redfin/lib/python3.10/site-packages/airflow/example_dags/example_branch_operator_decorator.py
[2023-12-03T23:37:42.656+0000] {processor.py:839} INFO - DAG(s) dict_keys(['example_branch_python_operator_decorator']) retrieved from /home/ubuntu/redfin/lib/python3.10/site-packages/airflow/example_dags/example_branch_operator_decorator.py
[2023-12-03T23:37:42.677+0000] {logging_mixin.py:154} INFO - [2023-12-03T23:37:42.677+0000] {dag.py:2941} INFO - Sync 1 DAGs
[2023-12-03T23:37:42.701+0000] {logging_mixin.py:154} INFO - [2023-12-03T23:37:42.700+0000] {dag.py:3722} INFO - Setting next_dagrun for example_branch_python_operator_decorator to 2023-12-02T00:00:00+00:00, run_after=2023-12-03T00:00:00+00:00
[2023-12-03T23:37:42.727+0000] {processor.py:179} INFO - Processing /home/ubuntu/redfin/lib/python3.10/site-packages/airflow/example_dags/example_branch_operator_decorator.py took 0.089 seconds
[2023-12-03T23:38:28.490+0000] {processor.py:157} INFO - Started process (PID=5769) to work on /home/ubuntu/redfin/lib/python3.10/site-packages/airflow/example_dags/example_branch_operator_decorator.py
[2023-12-03T23:38:28.491+0000] {processor.py:829} INFO - Processing file /home/ubuntu/redfin/lib/python3.10/site-packages/airflow/example_dags/example_branch_operator_decorator.py for tasks to queue
[2023-12-03T23:38:28.492+0000] {logging_mixin.py:154} INFO - [2023-12-03T23:38:28.491+0000] {dagbag.py:536} INFO - Filling up the DagBag from /home/ubuntu/redfin/lib/python3.10/site-packages/airflow/example_dags/example_branch_operator_decorator.py
[2023-12-03T23:38:28.504+0000] {processor.py:839} INFO - DAG(s) dict_keys(['example_branch_python_operator_decorator']) retrieved from /home/ubuntu/redfin/lib/python3.10/site-packages/airflow/example_dags/example_branch_operator_decorator.py
[2023-12-03T23:38:28.525+0000] {logging_mixin.py:154} INFO - [2023-12-03T23:38:28.525+0000] {dag.py:2941} INFO - Sync 1 DAGs
[2023-12-03T23:38:28.549+0000] {logging_mixin.py:154} INFO - [2023-12-03T23:38:28.548+0000] {dag.py:3722} INFO - Setting next_dagrun for example_branch_python_operator_decorator to 2023-12-02T00:00:00+00:00, run_after=2023-12-03T00:00:00+00:00
[2023-12-03T23:38:28.572+0000] {processor.py:179} INFO - Processing /home/ubuntu/redfin/lib/python3.10/site-packages/airflow/example_dags/example_branch_operator_decorator.py took 0.086 seconds
[2023-12-03T23:39:15.791+0000] {processor.py:157} INFO - Started process (PID=5820) to work on /home/ubuntu/redfin/lib/python3.10/site-packages/airflow/example_dags/example_branch_operator_decorator.py
[2023-12-03T23:39:15.792+0000] {processor.py:829} INFO - Processing file /home/ubuntu/redfin/lib/python3.10/site-packages/airflow/example_dags/example_branch_operator_decorator.py for tasks to queue
[2023-12-03T23:39:15.793+0000] {logging_mixin.py:154} INFO - [2023-12-03T23:39:15.793+0000] {dagbag.py:536} INFO - Filling up the DagBag from /home/ubuntu/redfin/lib/python3.10/site-packages/airflow/example_dags/example_branch_operator_decorator.py
[2023-12-03T23:39:15.806+0000] {processor.py:839} INFO - DAG(s) dict_keys(['example_branch_python_operator_decorator']) retrieved from /home/ubuntu/redfin/lib/python3.10/site-packages/airflow/example_dags/example_branch_operator_decorator.py
[2023-12-03T23:39:15.828+0000] {logging_mixin.py:154} INFO - [2023-12-03T23:39:15.828+0000] {dag.py:2941} INFO - Sync 1 DAGs
[2023-12-03T23:39:15.851+0000] {logging_mixin.py:154} INFO - [2023-12-03T23:39:15.851+0000] {dag.py:3722} INFO - Setting next_dagrun for example_branch_python_operator_decorator to 2023-12-02T00:00:00+00:00, run_after=2023-12-03T00:00:00+00:00
[2023-12-03T23:39:15.875+0000] {processor.py:179} INFO - Processing /home/ubuntu/redfin/lib/python3.10/site-packages/airflow/example_dags/example_branch_operator_decorator.py took 0.088 seconds
[2023-12-03T23:40:01.262+0000] {processor.py:157} INFO - Started process (PID=5870) to work on /home/ubuntu/redfin/lib/python3.10/site-packages/airflow/example_dags/example_branch_operator_decorator.py
[2023-12-03T23:40:01.263+0000] {processor.py:829} INFO - Processing file /home/ubuntu/redfin/lib/python3.10/site-packages/airflow/example_dags/example_branch_operator_decorator.py for tasks to queue
[2023-12-03T23:40:01.264+0000] {logging_mixin.py:154} INFO - [2023-12-03T23:40:01.264+0000] {dagbag.py:536} INFO - Filling up the DagBag from /home/ubuntu/redfin/lib/python3.10/site-packages/airflow/example_dags/example_branch_operator_decorator.py
[2023-12-03T23:40:01.276+0000] {processor.py:839} INFO - DAG(s) dict_keys(['example_branch_python_operator_decorator']) retrieved from /home/ubuntu/redfin/lib/python3.10/site-packages/airflow/example_dags/example_branch_operator_decorator.py
[2023-12-03T23:40:01.298+0000] {logging_mixin.py:154} INFO - [2023-12-03T23:40:01.297+0000] {dag.py:2941} INFO - Sync 1 DAGs
[2023-12-03T23:40:01.321+0000] {logging_mixin.py:154} INFO - [2023-12-03T23:40:01.320+0000] {dag.py:3722} INFO - Setting next_dagrun for example_branch_python_operator_decorator to 2023-12-02T00:00:00+00:00, run_after=2023-12-03T00:00:00+00:00
[2023-12-03T23:40:01.343+0000] {processor.py:179} INFO - Processing /home/ubuntu/redfin/lib/python3.10/site-packages/airflow/example_dags/example_branch_operator_decorator.py took 0.085 seconds
[2023-12-03T23:40:50.327+0000] {processor.py:157} INFO - Started process (PID=5922) to work on /home/ubuntu/redfin/lib/python3.10/site-packages/airflow/example_dags/example_branch_operator_decorator.py
[2023-12-03T23:40:50.329+0000] {processor.py:829} INFO - Processing file /home/ubuntu/redfin/lib/python3.10/site-packages/airflow/example_dags/example_branch_operator_decorator.py for tasks to queue
[2023-12-03T23:40:50.330+0000] {logging_mixin.py:154} INFO - [2023-12-03T23:40:50.329+0000] {dagbag.py:536} INFO - Filling up the DagBag from /home/ubuntu/redfin/lib/python3.10/site-packages/airflow/example_dags/example_branch_operator_decorator.py
[2023-12-03T23:40:50.341+0000] {processor.py:839} INFO - DAG(s) dict_keys(['example_branch_python_operator_decorator']) retrieved from /home/ubuntu/redfin/lib/python3.10/site-packages/airflow/example_dags/example_branch_operator_decorator.py
[2023-12-03T23:40:50.362+0000] {logging_mixin.py:154} INFO - [2023-12-03T23:40:50.361+0000] {dag.py:2941} INFO - Sync 1 DAGs
[2023-12-03T23:40:50.384+0000] {logging_mixin.py:154} INFO - [2023-12-03T23:40:50.384+0000] {dag.py:3722} INFO - Setting next_dagrun for example_branch_python_operator_decorator to 2023-12-02T00:00:00+00:00, run_after=2023-12-03T00:00:00+00:00
[2023-12-03T23:40:50.407+0000] {processor.py:179} INFO - Processing /home/ubuntu/redfin/lib/python3.10/site-packages/airflow/example_dags/example_branch_operator_decorator.py took 0.083 seconds
[2023-12-03T23:41:40.616+0000] {processor.py:157} INFO - Started process (PID=5979) to work on /home/ubuntu/redfin/lib/python3.10/site-packages/airflow/example_dags/example_branch_operator_decorator.py
[2023-12-03T23:41:40.617+0000] {processor.py:829} INFO - Processing file /home/ubuntu/redfin/lib/python3.10/site-packages/airflow/example_dags/example_branch_operator_decorator.py for tasks to queue
[2023-12-03T23:41:40.618+0000] {logging_mixin.py:154} INFO - [2023-12-03T23:41:40.618+0000] {dagbag.py:536} INFO - Filling up the DagBag from /home/ubuntu/redfin/lib/python3.10/site-packages/airflow/example_dags/example_branch_operator_decorator.py
[2023-12-03T23:41:40.630+0000] {processor.py:839} INFO - DAG(s) dict_keys(['example_branch_python_operator_decorator']) retrieved from /home/ubuntu/redfin/lib/python3.10/site-packages/airflow/example_dags/example_branch_operator_decorator.py
[2023-12-03T23:41:40.652+0000] {logging_mixin.py:154} INFO - [2023-12-03T23:41:40.652+0000] {dag.py:2941} INFO - Sync 1 DAGs
[2023-12-03T23:41:40.676+0000] {logging_mixin.py:154} INFO - [2023-12-03T23:41:40.676+0000] {dag.py:3722} INFO - Setting next_dagrun for example_branch_python_operator_decorator to 2023-12-02T00:00:00+00:00, run_after=2023-12-03T00:00:00+00:00
[2023-12-03T23:41:40.698+0000] {processor.py:179} INFO - Processing /home/ubuntu/redfin/lib/python3.10/site-packages/airflow/example_dags/example_branch_operator_decorator.py took 0.086 seconds
[2023-12-03T23:42:42.090+0000] {processor.py:157} INFO - Started process (PID=6044) to work on /home/ubuntu/redfin/lib/python3.10/site-packages/airflow/example_dags/example_branch_operator_decorator.py
[2023-12-03T23:42:42.092+0000] {processor.py:829} INFO - Processing file /home/ubuntu/redfin/lib/python3.10/site-packages/airflow/example_dags/example_branch_operator_decorator.py for tasks to queue
[2023-12-03T23:42:42.092+0000] {logging_mixin.py:154} INFO - [2023-12-03T23:42:42.092+0000] {dagbag.py:536} INFO - Filling up the DagBag from /home/ubuntu/redfin/lib/python3.10/site-packages/airflow/example_dags/example_branch_operator_decorator.py
[2023-12-03T23:42:42.104+0000] {processor.py:839} INFO - DAG(s) dict_keys(['example_branch_python_operator_decorator']) retrieved from /home/ubuntu/redfin/lib/python3.10/site-packages/airflow/example_dags/example_branch_operator_decorator.py
[2023-12-03T23:42:42.124+0000] {logging_mixin.py:154} INFO - [2023-12-03T23:42:42.124+0000] {dag.py:2941} INFO - Sync 1 DAGs
[2023-12-03T23:42:42.148+0000] {logging_mixin.py:154} INFO - [2023-12-03T23:42:42.147+0000] {dag.py:3722} INFO - Setting next_dagrun for example_branch_python_operator_decorator to 2023-12-02T00:00:00+00:00, run_after=2023-12-03T00:00:00+00:00
[2023-12-03T23:42:42.169+0000] {processor.py:179} INFO - Processing /home/ubuntu/redfin/lib/python3.10/site-packages/airflow/example_dags/example_branch_operator_decorator.py took 0.082 seconds
[2023-12-03T23:43:27.105+0000] {processor.py:157} INFO - Started process (PID=6094) to work on /home/ubuntu/redfin/lib/python3.10/site-packages/airflow/example_dags/example_branch_operator_decorator.py
[2023-12-03T23:43:27.106+0000] {processor.py:829} INFO - Processing file /home/ubuntu/redfin/lib/python3.10/site-packages/airflow/example_dags/example_branch_operator_decorator.py for tasks to queue
[2023-12-03T23:43:27.107+0000] {logging_mixin.py:154} INFO - [2023-12-03T23:43:27.107+0000] {dagbag.py:536} INFO - Filling up the DagBag from /home/ubuntu/redfin/lib/python3.10/site-packages/airflow/example_dags/example_branch_operator_decorator.py
[2023-12-03T23:43:27.119+0000] {processor.py:839} INFO - DAG(s) dict_keys(['example_branch_python_operator_decorator']) retrieved from /home/ubuntu/redfin/lib/python3.10/site-packages/airflow/example_dags/example_branch_operator_decorator.py
[2023-12-03T23:43:27.139+0000] {logging_mixin.py:154} INFO - [2023-12-03T23:43:27.139+0000] {dag.py:2941} INFO - Sync 1 DAGs
[2023-12-03T23:43:27.161+0000] {logging_mixin.py:154} INFO - [2023-12-03T23:43:27.161+0000] {dag.py:3722} INFO - Setting next_dagrun for example_branch_python_operator_decorator to 2023-12-02T00:00:00+00:00, run_after=2023-12-03T00:00:00+00:00
[2023-12-03T23:43:27.184+0000] {processor.py:179} INFO - Processing /home/ubuntu/redfin/lib/python3.10/site-packages/airflow/example_dags/example_branch_operator_decorator.py took 0.083 seconds
[2023-12-03T23:44:16.276+0000] {processor.py:157} INFO - Started process (PID=6403) to work on /home/ubuntu/redfin/lib/python3.10/site-packages/airflow/example_dags/example_branch_operator_decorator.py
[2023-12-03T23:44:16.277+0000] {processor.py:829} INFO - Processing file /home/ubuntu/redfin/lib/python3.10/site-packages/airflow/example_dags/example_branch_operator_decorator.py for tasks to queue
[2023-12-03T23:44:16.278+0000] {logging_mixin.py:154} INFO - [2023-12-03T23:44:16.278+0000] {dagbag.py:536} INFO - Filling up the DagBag from /home/ubuntu/redfin/lib/python3.10/site-packages/airflow/example_dags/example_branch_operator_decorator.py
[2023-12-03T23:44:16.290+0000] {processor.py:839} INFO - DAG(s) dict_keys(['example_branch_python_operator_decorator']) retrieved from /home/ubuntu/redfin/lib/python3.10/site-packages/airflow/example_dags/example_branch_operator_decorator.py
[2023-12-03T23:44:16.310+0000] {logging_mixin.py:154} INFO - [2023-12-03T23:44:16.310+0000] {dag.py:2941} INFO - Sync 1 DAGs
[2023-12-03T23:44:16.333+0000] {logging_mixin.py:154} INFO - [2023-12-03T23:44:16.333+0000] {dag.py:3722} INFO - Setting next_dagrun for example_branch_python_operator_decorator to 2023-12-02T00:00:00+00:00, run_after=2023-12-03T00:00:00+00:00
[2023-12-03T23:44:16.356+0000] {processor.py:179} INFO - Processing /home/ubuntu/redfin/lib/python3.10/site-packages/airflow/example_dags/example_branch_operator_decorator.py took 0.083 seconds
[2023-12-03T23:45:11.270+0000] {processor.py:157} INFO - Started process (PID=6620) to work on /home/ubuntu/redfin/lib/python3.10/site-packages/airflow/example_dags/example_branch_operator_decorator.py
[2023-12-03T23:45:11.271+0000] {processor.py:829} INFO - Processing file /home/ubuntu/redfin/lib/python3.10/site-packages/airflow/example_dags/example_branch_operator_decorator.py for tasks to queue
[2023-12-03T23:45:11.272+0000] {logging_mixin.py:154} INFO - [2023-12-03T23:45:11.272+0000] {dagbag.py:536} INFO - Filling up the DagBag from /home/ubuntu/redfin/lib/python3.10/site-packages/airflow/example_dags/example_branch_operator_decorator.py
[2023-12-03T23:45:11.284+0000] {processor.py:839} INFO - DAG(s) dict_keys(['example_branch_python_operator_decorator']) retrieved from /home/ubuntu/redfin/lib/python3.10/site-packages/airflow/example_dags/example_branch_operator_decorator.py
[2023-12-03T23:45:11.304+0000] {logging_mixin.py:154} INFO - [2023-12-03T23:45:11.304+0000] {dag.py:2941} INFO - Sync 1 DAGs
[2023-12-03T23:45:11.327+0000] {logging_mixin.py:154} INFO - [2023-12-03T23:45:11.327+0000] {dag.py:3722} INFO - Setting next_dagrun for example_branch_python_operator_decorator to 2023-12-02T00:00:00+00:00, run_after=2023-12-03T00:00:00+00:00
[2023-12-03T23:45:11.351+0000] {processor.py:179} INFO - Processing /home/ubuntu/redfin/lib/python3.10/site-packages/airflow/example_dags/example_branch_operator_decorator.py took 0.085 seconds
[2023-12-03T23:45:58.146+0000] {processor.py:157} INFO - Started process (PID=6672) to work on /home/ubuntu/redfin/lib/python3.10/site-packages/airflow/example_dags/example_branch_operator_decorator.py
[2023-12-03T23:45:58.147+0000] {processor.py:829} INFO - Processing file /home/ubuntu/redfin/lib/python3.10/site-packages/airflow/example_dags/example_branch_operator_decorator.py for tasks to queue
[2023-12-03T23:45:58.148+0000] {logging_mixin.py:154} INFO - [2023-12-03T23:45:58.148+0000] {dagbag.py:536} INFO - Filling up the DagBag from /home/ubuntu/redfin/lib/python3.10/site-packages/airflow/example_dags/example_branch_operator_decorator.py
[2023-12-03T23:45:58.161+0000] {processor.py:839} INFO - DAG(s) dict_keys(['example_branch_python_operator_decorator']) retrieved from /home/ubuntu/redfin/lib/python3.10/site-packages/airflow/example_dags/example_branch_operator_decorator.py
[2023-12-03T23:45:58.183+0000] {logging_mixin.py:154} INFO - [2023-12-03T23:45:58.183+0000] {dag.py:2941} INFO - Sync 1 DAGs
[2023-12-03T23:45:58.208+0000] {logging_mixin.py:154} INFO - [2023-12-03T23:45:58.208+0000] {dag.py:3722} INFO - Setting next_dagrun for example_branch_python_operator_decorator to 2023-12-02T00:00:00+00:00, run_after=2023-12-03T00:00:00+00:00
[2023-12-03T23:45:58.233+0000] {processor.py:179} INFO - Processing /home/ubuntu/redfin/lib/python3.10/site-packages/airflow/example_dags/example_branch_operator_decorator.py took 0.092 seconds
[2023-12-03T23:46:42.574+0000] {processor.py:157} INFO - Started process (PID=6722) to work on /home/ubuntu/redfin/lib/python3.10/site-packages/airflow/example_dags/example_branch_operator_decorator.py
[2023-12-03T23:46:42.576+0000] {processor.py:829} INFO - Processing file /home/ubuntu/redfin/lib/python3.10/site-packages/airflow/example_dags/example_branch_operator_decorator.py for tasks to queue
[2023-12-03T23:46:42.577+0000] {logging_mixin.py:154} INFO - [2023-12-03T23:46:42.576+0000] {dagbag.py:536} INFO - Filling up the DagBag from /home/ubuntu/redfin/lib/python3.10/site-packages/airflow/example_dags/example_branch_operator_decorator.py
[2023-12-03T23:46:42.588+0000] {processor.py:839} INFO - DAG(s) dict_keys(['example_branch_python_operator_decorator']) retrieved from /home/ubuntu/redfin/lib/python3.10/site-packages/airflow/example_dags/example_branch_operator_decorator.py
[2023-12-03T23:46:42.608+0000] {logging_mixin.py:154} INFO - [2023-12-03T23:46:42.608+0000] {dag.py:2941} INFO - Sync 1 DAGs
[2023-12-03T23:46:42.630+0000] {logging_mixin.py:154} INFO - [2023-12-03T23:46:42.630+0000] {dag.py:3722} INFO - Setting next_dagrun for example_branch_python_operator_decorator to 2023-12-02T00:00:00+00:00, run_after=2023-12-03T00:00:00+00:00
[2023-12-03T23:46:42.655+0000] {processor.py:179} INFO - Processing /home/ubuntu/redfin/lib/python3.10/site-packages/airflow/example_dags/example_branch_operator_decorator.py took 0.084 seconds
[2023-12-03T23:47:31.209+0000] {processor.py:157} INFO - Started process (PID=6781) to work on /home/ubuntu/redfin/lib/python3.10/site-packages/airflow/example_dags/example_branch_operator_decorator.py
[2023-12-03T23:47:31.210+0000] {processor.py:829} INFO - Processing file /home/ubuntu/redfin/lib/python3.10/site-packages/airflow/example_dags/example_branch_operator_decorator.py for tasks to queue
[2023-12-03T23:47:31.211+0000] {logging_mixin.py:154} INFO - [2023-12-03T23:47:31.211+0000] {dagbag.py:536} INFO - Filling up the DagBag from /home/ubuntu/redfin/lib/python3.10/site-packages/airflow/example_dags/example_branch_operator_decorator.py
[2023-12-03T23:47:31.223+0000] {processor.py:839} INFO - DAG(s) dict_keys(['example_branch_python_operator_decorator']) retrieved from /home/ubuntu/redfin/lib/python3.10/site-packages/airflow/example_dags/example_branch_operator_decorator.py
[2023-12-03T23:47:31.245+0000] {logging_mixin.py:154} INFO - [2023-12-03T23:47:31.244+0000] {dag.py:2941} INFO - Sync 1 DAGs
[2023-12-03T23:47:31.268+0000] {logging_mixin.py:154} INFO - [2023-12-03T23:47:31.267+0000] {dag.py:3722} INFO - Setting next_dagrun for example_branch_python_operator_decorator to 2023-12-02T00:00:00+00:00, run_after=2023-12-03T00:00:00+00:00
[2023-12-03T23:47:31.291+0000] {processor.py:179} INFO - Processing /home/ubuntu/redfin/lib/python3.10/site-packages/airflow/example_dags/example_branch_operator_decorator.py took 0.086 seconds
[2023-12-03T23:48:18.741+0000] {processor.py:157} INFO - Started process (PID=6864) to work on /home/ubuntu/redfin/lib/python3.10/site-packages/airflow/example_dags/example_branch_operator_decorator.py
[2023-12-03T23:48:18.743+0000] {processor.py:829} INFO - Processing file /home/ubuntu/redfin/lib/python3.10/site-packages/airflow/example_dags/example_branch_operator_decorator.py for tasks to queue
[2023-12-03T23:48:18.744+0000] {logging_mixin.py:154} INFO - [2023-12-03T23:48:18.743+0000] {dagbag.py:536} INFO - Filling up the DagBag from /home/ubuntu/redfin/lib/python3.10/site-packages/airflow/example_dags/example_branch_operator_decorator.py
[2023-12-03T23:48:18.756+0000] {processor.py:839} INFO - DAG(s) dict_keys(['example_branch_python_operator_decorator']) retrieved from /home/ubuntu/redfin/lib/python3.10/site-packages/airflow/example_dags/example_branch_operator_decorator.py
[2023-12-03T23:48:18.777+0000] {logging_mixin.py:154} INFO - [2023-12-03T23:48:18.777+0000] {dag.py:2941} INFO - Sync 1 DAGs
[2023-12-03T23:48:18.800+0000] {logging_mixin.py:154} INFO - [2023-12-03T23:48:18.800+0000] {dag.py:3722} INFO - Setting next_dagrun for example_branch_python_operator_decorator to 2023-12-02T00:00:00+00:00, run_after=2023-12-03T00:00:00+00:00
[2023-12-03T23:48:18.825+0000] {processor.py:179} INFO - Processing /home/ubuntu/redfin/lib/python3.10/site-packages/airflow/example_dags/example_branch_operator_decorator.py took 0.087 seconds
[2023-12-03T23:49:09.093+0000] {processor.py:157} INFO - Started process (PID=6921) to work on /home/ubuntu/redfin/lib/python3.10/site-packages/airflow/example_dags/example_branch_operator_decorator.py
[2023-12-03T23:49:09.095+0000] {processor.py:829} INFO - Processing file /home/ubuntu/redfin/lib/python3.10/site-packages/airflow/example_dags/example_branch_operator_decorator.py for tasks to queue
[2023-12-03T23:49:09.096+0000] {logging_mixin.py:154} INFO - [2023-12-03T23:49:09.095+0000] {dagbag.py:536} INFO - Filling up the DagBag from /home/ubuntu/redfin/lib/python3.10/site-packages/airflow/example_dags/example_branch_operator_decorator.py
[2023-12-03T23:49:09.109+0000] {processor.py:839} INFO - DAG(s) dict_keys(['example_branch_python_operator_decorator']) retrieved from /home/ubuntu/redfin/lib/python3.10/site-packages/airflow/example_dags/example_branch_operator_decorator.py
[2023-12-03T23:49:09.131+0000] {logging_mixin.py:154} INFO - [2023-12-03T23:49:09.131+0000] {dag.py:2941} INFO - Sync 1 DAGs
[2023-12-03T23:49:09.155+0000] {logging_mixin.py:154} INFO - [2023-12-03T23:49:09.155+0000] {dag.py:3722} INFO - Setting next_dagrun for example_branch_python_operator_decorator to 2023-12-02T00:00:00+00:00, run_after=2023-12-03T00:00:00+00:00
[2023-12-03T23:49:09.180+0000] {processor.py:179} INFO - Processing /home/ubuntu/redfin/lib/python3.10/site-packages/airflow/example_dags/example_branch_operator_decorator.py took 0.090 seconds
[2023-12-03T23:50:00.330+0000] {processor.py:157} INFO - Started process (PID=6975) to work on /home/ubuntu/redfin/lib/python3.10/site-packages/airflow/example_dags/example_branch_operator_decorator.py
[2023-12-03T23:50:00.332+0000] {processor.py:829} INFO - Processing file /home/ubuntu/redfin/lib/python3.10/site-packages/airflow/example_dags/example_branch_operator_decorator.py for tasks to queue
[2023-12-03T23:50:00.333+0000] {logging_mixin.py:154} INFO - [2023-12-03T23:50:00.332+0000] {dagbag.py:536} INFO - Filling up the DagBag from /home/ubuntu/redfin/lib/python3.10/site-packages/airflow/example_dags/example_branch_operator_decorator.py
[2023-12-03T23:50:00.345+0000] {processor.py:839} INFO - DAG(s) dict_keys(['example_branch_python_operator_decorator']) retrieved from /home/ubuntu/redfin/lib/python3.10/site-packages/airflow/example_dags/example_branch_operator_decorator.py
[2023-12-03T23:50:00.366+0000] {logging_mixin.py:154} INFO - [2023-12-03T23:50:00.366+0000] {dag.py:2941} INFO - Sync 1 DAGs
[2023-12-03T23:50:00.390+0000] {logging_mixin.py:154} INFO - [2023-12-03T23:50:00.390+0000] {dag.py:3722} INFO - Setting next_dagrun for example_branch_python_operator_decorator to 2023-12-02T00:00:00+00:00, run_after=2023-12-03T00:00:00+00:00
[2023-12-03T23:50:00.414+0000] {processor.py:179} INFO - Processing /home/ubuntu/redfin/lib/python3.10/site-packages/airflow/example_dags/example_branch_operator_decorator.py took 0.088 seconds
[2023-12-03T23:50:46.381+0000] {processor.py:157} INFO - Started process (PID=7029) to work on /home/ubuntu/redfin/lib/python3.10/site-packages/airflow/example_dags/example_branch_operator_decorator.py
[2023-12-03T23:50:46.382+0000] {processor.py:829} INFO - Processing file /home/ubuntu/redfin/lib/python3.10/site-packages/airflow/example_dags/example_branch_operator_decorator.py for tasks to queue
[2023-12-03T23:50:46.383+0000] {logging_mixin.py:154} INFO - [2023-12-03T23:50:46.383+0000] {dagbag.py:536} INFO - Filling up the DagBag from /home/ubuntu/redfin/lib/python3.10/site-packages/airflow/example_dags/example_branch_operator_decorator.py
[2023-12-03T23:50:46.395+0000] {processor.py:839} INFO - DAG(s) dict_keys(['example_branch_python_operator_decorator']) retrieved from /home/ubuntu/redfin/lib/python3.10/site-packages/airflow/example_dags/example_branch_operator_decorator.py
[2023-12-03T23:50:46.416+0000] {logging_mixin.py:154} INFO - [2023-12-03T23:50:46.416+0000] {dag.py:2941} INFO - Sync 1 DAGs
[2023-12-03T23:50:46.439+0000] {logging_mixin.py:154} INFO - [2023-12-03T23:50:46.439+0000] {dag.py:3722} INFO - Setting next_dagrun for example_branch_python_operator_decorator to 2023-12-02T00:00:00+00:00, run_after=2023-12-03T00:00:00+00:00
[2023-12-03T23:50:46.462+0000] {processor.py:179} INFO - Processing /home/ubuntu/redfin/lib/python3.10/site-packages/airflow/example_dags/example_branch_operator_decorator.py took 0.085 seconds
[2023-12-03T23:51:33.811+0000] {processor.py:157} INFO - Started process (PID=7080) to work on /home/ubuntu/redfin/lib/python3.10/site-packages/airflow/example_dags/example_branch_operator_decorator.py
[2023-12-03T23:51:33.813+0000] {processor.py:829} INFO - Processing file /home/ubuntu/redfin/lib/python3.10/site-packages/airflow/example_dags/example_branch_operator_decorator.py for tasks to queue
[2023-12-03T23:51:33.814+0000] {logging_mixin.py:154} INFO - [2023-12-03T23:51:33.813+0000] {dagbag.py:536} INFO - Filling up the DagBag from /home/ubuntu/redfin/lib/python3.10/site-packages/airflow/example_dags/example_branch_operator_decorator.py
[2023-12-03T23:51:33.825+0000] {processor.py:839} INFO - DAG(s) dict_keys(['example_branch_python_operator_decorator']) retrieved from /home/ubuntu/redfin/lib/python3.10/site-packages/airflow/example_dags/example_branch_operator_decorator.py
[2023-12-03T23:51:33.845+0000] {logging_mixin.py:154} INFO - [2023-12-03T23:51:33.845+0000] {dag.py:2941} INFO - Sync 1 DAGs
[2023-12-03T23:51:33.868+0000] {logging_mixin.py:154} INFO - [2023-12-03T23:51:33.868+0000] {dag.py:3722} INFO - Setting next_dagrun for example_branch_python_operator_decorator to 2023-12-02T00:00:00+00:00, run_after=2023-12-03T00:00:00+00:00
[2023-12-03T23:51:33.890+0000] {processor.py:179} INFO - Processing /home/ubuntu/redfin/lib/python3.10/site-packages/airflow/example_dags/example_branch_operator_decorator.py took 0.082 seconds
[2023-12-03T23:52:23.730+0000] {processor.py:157} INFO - Started process (PID=7135) to work on /home/ubuntu/redfin/lib/python3.10/site-packages/airflow/example_dags/example_branch_operator_decorator.py
[2023-12-03T23:52:23.732+0000] {processor.py:829} INFO - Processing file /home/ubuntu/redfin/lib/python3.10/site-packages/airflow/example_dags/example_branch_operator_decorator.py for tasks to queue
[2023-12-03T23:52:23.733+0000] {logging_mixin.py:154} INFO - [2023-12-03T23:52:23.732+0000] {dagbag.py:536} INFO - Filling up the DagBag from /home/ubuntu/redfin/lib/python3.10/site-packages/airflow/example_dags/example_branch_operator_decorator.py
[2023-12-03T23:52:23.744+0000] {processor.py:839} INFO - DAG(s) dict_keys(['example_branch_python_operator_decorator']) retrieved from /home/ubuntu/redfin/lib/python3.10/site-packages/airflow/example_dags/example_branch_operator_decorator.py
[2023-12-03T23:52:23.765+0000] {logging_mixin.py:154} INFO - [2023-12-03T23:52:23.765+0000] {dag.py:2941} INFO - Sync 1 DAGs
[2023-12-03T23:52:23.789+0000] {logging_mixin.py:154} INFO - [2023-12-03T23:52:23.788+0000] {dag.py:3722} INFO - Setting next_dagrun for example_branch_python_operator_decorator to 2023-12-02T00:00:00+00:00, run_after=2023-12-03T00:00:00+00:00
[2023-12-03T23:52:23.813+0000] {processor.py:179} INFO - Processing /home/ubuntu/redfin/lib/python3.10/site-packages/airflow/example_dags/example_branch_operator_decorator.py took 0.086 seconds
[2023-12-03T23:53:12.949+0000] {processor.py:157} INFO - Started process (PID=7187) to work on /home/ubuntu/redfin/lib/python3.10/site-packages/airflow/example_dags/example_branch_operator_decorator.py
[2023-12-03T23:53:12.951+0000] {processor.py:829} INFO - Processing file /home/ubuntu/redfin/lib/python3.10/site-packages/airflow/example_dags/example_branch_operator_decorator.py for tasks to queue
[2023-12-03T23:53:12.952+0000] {logging_mixin.py:154} INFO - [2023-12-03T23:53:12.951+0000] {dagbag.py:536} INFO - Filling up the DagBag from /home/ubuntu/redfin/lib/python3.10/site-packages/airflow/example_dags/example_branch_operator_decorator.py
[2023-12-03T23:53:12.964+0000] {processor.py:839} INFO - DAG(s) dict_keys(['example_branch_python_operator_decorator']) retrieved from /home/ubuntu/redfin/lib/python3.10/site-packages/airflow/example_dags/example_branch_operator_decorator.py
[2023-12-03T23:53:12.985+0000] {logging_mixin.py:154} INFO - [2023-12-03T23:53:12.984+0000] {dag.py:2941} INFO - Sync 1 DAGs
[2023-12-03T23:53:13.009+0000] {logging_mixin.py:154} INFO - [2023-12-03T23:53:13.009+0000] {dag.py:3722} INFO - Setting next_dagrun for example_branch_python_operator_decorator to 2023-12-02T00:00:00+00:00, run_after=2023-12-03T00:00:00+00:00
[2023-12-03T23:53:13.032+0000] {processor.py:179} INFO - Processing /home/ubuntu/redfin/lib/python3.10/site-packages/airflow/example_dags/example_branch_operator_decorator.py took 0.086 seconds
[2023-12-03T23:54:01.479+0000] {processor.py:157} INFO - Started process (PID=7243) to work on /home/ubuntu/redfin/lib/python3.10/site-packages/airflow/example_dags/example_branch_operator_decorator.py
[2023-12-03T23:54:01.481+0000] {processor.py:829} INFO - Processing file /home/ubuntu/redfin/lib/python3.10/site-packages/airflow/example_dags/example_branch_operator_decorator.py for tasks to queue
[2023-12-03T23:54:01.482+0000] {logging_mixin.py:154} INFO - [2023-12-03T23:54:01.481+0000] {dagbag.py:536} INFO - Filling up the DagBag from /home/ubuntu/redfin/lib/python3.10/site-packages/airflow/example_dags/example_branch_operator_decorator.py
[2023-12-03T23:54:01.495+0000] {processor.py:839} INFO - DAG(s) dict_keys(['example_branch_python_operator_decorator']) retrieved from /home/ubuntu/redfin/lib/python3.10/site-packages/airflow/example_dags/example_branch_operator_decorator.py
[2023-12-03T23:54:01.517+0000] {logging_mixin.py:154} INFO - [2023-12-03T23:54:01.516+0000] {dag.py:2941} INFO - Sync 1 DAGs
[2023-12-03T23:54:01.542+0000] {logging_mixin.py:154} INFO - [2023-12-03T23:54:01.542+0000] {dag.py:3722} INFO - Setting next_dagrun for example_branch_python_operator_decorator to 2023-12-02T00:00:00+00:00, run_after=2023-12-03T00:00:00+00:00
[2023-12-03T23:54:01.567+0000] {processor.py:179} INFO - Processing /home/ubuntu/redfin/lib/python3.10/site-packages/airflow/example_dags/example_branch_operator_decorator.py took 0.092 seconds
[2023-12-03T23:54:49.508+0000] {processor.py:157} INFO - Started process (PID=7294) to work on /home/ubuntu/redfin/lib/python3.10/site-packages/airflow/example_dags/example_branch_operator_decorator.py
[2023-12-03T23:54:49.509+0000] {processor.py:829} INFO - Processing file /home/ubuntu/redfin/lib/python3.10/site-packages/airflow/example_dags/example_branch_operator_decorator.py for tasks to queue
[2023-12-03T23:54:49.510+0000] {logging_mixin.py:154} INFO - [2023-12-03T23:54:49.510+0000] {dagbag.py:536} INFO - Filling up the DagBag from /home/ubuntu/redfin/lib/python3.10/site-packages/airflow/example_dags/example_branch_operator_decorator.py
[2023-12-03T23:54:49.522+0000] {processor.py:839} INFO - DAG(s) dict_keys(['example_branch_python_operator_decorator']) retrieved from /home/ubuntu/redfin/lib/python3.10/site-packages/airflow/example_dags/example_branch_operator_decorator.py
[2023-12-03T23:54:49.544+0000] {logging_mixin.py:154} INFO - [2023-12-03T23:54:49.544+0000] {dag.py:2941} INFO - Sync 1 DAGs
[2023-12-03T23:54:49.568+0000] {logging_mixin.py:154} INFO - [2023-12-03T23:54:49.568+0000] {dag.py:3722} INFO - Setting next_dagrun for example_branch_python_operator_decorator to 2023-12-02T00:00:00+00:00, run_after=2023-12-03T00:00:00+00:00
[2023-12-03T23:54:49.591+0000] {processor.py:179} INFO - Processing /home/ubuntu/redfin/lib/python3.10/site-packages/airflow/example_dags/example_branch_operator_decorator.py took 0.087 seconds
[2023-12-03T23:55:36.799+0000] {processor.py:157} INFO - Started process (PID=7348) to work on /home/ubuntu/redfin/lib/python3.10/site-packages/airflow/example_dags/example_branch_operator_decorator.py
[2023-12-03T23:55:36.800+0000] {processor.py:829} INFO - Processing file /home/ubuntu/redfin/lib/python3.10/site-packages/airflow/example_dags/example_branch_operator_decorator.py for tasks to queue
[2023-12-03T23:55:36.801+0000] {logging_mixin.py:154} INFO - [2023-12-03T23:55:36.801+0000] {dagbag.py:536} INFO - Filling up the DagBag from /home/ubuntu/redfin/lib/python3.10/site-packages/airflow/example_dags/example_branch_operator_decorator.py
[2023-12-03T23:55:36.813+0000] {processor.py:839} INFO - DAG(s) dict_keys(['example_branch_python_operator_decorator']) retrieved from /home/ubuntu/redfin/lib/python3.10/site-packages/airflow/example_dags/example_branch_operator_decorator.py
[2023-12-03T23:55:36.834+0000] {logging_mixin.py:154} INFO - [2023-12-03T23:55:36.834+0000] {dag.py:2941} INFO - Sync 1 DAGs
[2023-12-03T23:55:36.858+0000] {logging_mixin.py:154} INFO - [2023-12-03T23:55:36.857+0000] {dag.py:3722} INFO - Setting next_dagrun for example_branch_python_operator_decorator to 2023-12-02T00:00:00+00:00, run_after=2023-12-03T00:00:00+00:00
[2023-12-03T23:55:36.881+0000] {processor.py:179} INFO - Processing /home/ubuntu/redfin/lib/python3.10/site-packages/airflow/example_dags/example_branch_operator_decorator.py took 0.086 seconds
[2023-12-03T23:56:24.417+0000] {processor.py:157} INFO - Started process (PID=7399) to work on /home/ubuntu/redfin/lib/python3.10/site-packages/airflow/example_dags/example_branch_operator_decorator.py
[2023-12-03T23:56:24.419+0000] {processor.py:829} INFO - Processing file /home/ubuntu/redfin/lib/python3.10/site-packages/airflow/example_dags/example_branch_operator_decorator.py for tasks to queue
[2023-12-03T23:56:24.420+0000] {logging_mixin.py:154} INFO - [2023-12-03T23:56:24.419+0000] {dagbag.py:536} INFO - Filling up the DagBag from /home/ubuntu/redfin/lib/python3.10/site-packages/airflow/example_dags/example_branch_operator_decorator.py
[2023-12-03T23:56:24.432+0000] {processor.py:839} INFO - DAG(s) dict_keys(['example_branch_python_operator_decorator']) retrieved from /home/ubuntu/redfin/lib/python3.10/site-packages/airflow/example_dags/example_branch_operator_decorator.py
[2023-12-03T23:56:24.453+0000] {logging_mixin.py:154} INFO - [2023-12-03T23:56:24.453+0000] {dag.py:2941} INFO - Sync 1 DAGs
[2023-12-03T23:56:24.476+0000] {logging_mixin.py:154} INFO - [2023-12-03T23:56:24.476+0000] {dag.py:3722} INFO - Setting next_dagrun for example_branch_python_operator_decorator to 2023-12-02T00:00:00+00:00, run_after=2023-12-03T00:00:00+00:00
[2023-12-03T23:56:24.499+0000] {processor.py:179} INFO - Processing /home/ubuntu/redfin/lib/python3.10/site-packages/airflow/example_dags/example_branch_operator_decorator.py took 0.085 seconds
[2023-12-03T23:57:13.445+0000] {processor.py:157} INFO - Started process (PID=7455) to work on /home/ubuntu/redfin/lib/python3.10/site-packages/airflow/example_dags/example_branch_operator_decorator.py
[2023-12-03T23:57:13.446+0000] {processor.py:829} INFO - Processing file /home/ubuntu/redfin/lib/python3.10/site-packages/airflow/example_dags/example_branch_operator_decorator.py for tasks to queue
[2023-12-03T23:57:13.447+0000] {logging_mixin.py:154} INFO - [2023-12-03T23:57:13.447+0000] {dagbag.py:536} INFO - Filling up the DagBag from /home/ubuntu/redfin/lib/python3.10/site-packages/airflow/example_dags/example_branch_operator_decorator.py
[2023-12-03T23:57:13.459+0000] {processor.py:839} INFO - DAG(s) dict_keys(['example_branch_python_operator_decorator']) retrieved from /home/ubuntu/redfin/lib/python3.10/site-packages/airflow/example_dags/example_branch_operator_decorator.py
[2023-12-03T23:57:13.479+0000] {logging_mixin.py:154} INFO - [2023-12-03T23:57:13.479+0000] {dag.py:2941} INFO - Sync 1 DAGs
[2023-12-03T23:57:13.502+0000] {logging_mixin.py:154} INFO - [2023-12-03T23:57:13.501+0000] {dag.py:3722} INFO - Setting next_dagrun for example_branch_python_operator_decorator to 2023-12-02T00:00:00+00:00, run_after=2023-12-03T00:00:00+00:00
[2023-12-03T23:57:13.525+0000] {processor.py:179} INFO - Processing /home/ubuntu/redfin/lib/python3.10/site-packages/airflow/example_dags/example_branch_operator_decorator.py took 0.084 seconds
[2023-12-03T23:57:57.663+0000] {processor.py:157} INFO - Started process (PID=7504) to work on /home/ubuntu/redfin/lib/python3.10/site-packages/airflow/example_dags/example_branch_operator_decorator.py
[2023-12-03T23:57:57.665+0000] {processor.py:829} INFO - Processing file /home/ubuntu/redfin/lib/python3.10/site-packages/airflow/example_dags/example_branch_operator_decorator.py for tasks to queue
[2023-12-03T23:57:57.666+0000] {logging_mixin.py:154} INFO - [2023-12-03T23:57:57.665+0000] {dagbag.py:536} INFO - Filling up the DagBag from /home/ubuntu/redfin/lib/python3.10/site-packages/airflow/example_dags/example_branch_operator_decorator.py
[2023-12-03T23:57:57.677+0000] {processor.py:839} INFO - DAG(s) dict_keys(['example_branch_python_operator_decorator']) retrieved from /home/ubuntu/redfin/lib/python3.10/site-packages/airflow/example_dags/example_branch_operator_decorator.py
[2023-12-03T23:57:57.698+0000] {logging_mixin.py:154} INFO - [2023-12-03T23:57:57.698+0000] {dag.py:2941} INFO - Sync 1 DAGs
[2023-12-03T23:57:57.721+0000] {logging_mixin.py:154} INFO - [2023-12-03T23:57:57.721+0000] {dag.py:3722} INFO - Setting next_dagrun for example_branch_python_operator_decorator to 2023-12-02T00:00:00+00:00, run_after=2023-12-03T00:00:00+00:00
[2023-12-03T23:57:57.745+0000] {processor.py:179} INFO - Processing /home/ubuntu/redfin/lib/python3.10/site-packages/airflow/example_dags/example_branch_operator_decorator.py took 0.086 seconds
[2023-12-03T23:58:54.803+0000] {processor.py:157} INFO - Started process (PID=7570) to work on /home/ubuntu/redfin/lib/python3.10/site-packages/airflow/example_dags/example_branch_operator_decorator.py
[2023-12-03T23:58:54.804+0000] {processor.py:829} INFO - Processing file /home/ubuntu/redfin/lib/python3.10/site-packages/airflow/example_dags/example_branch_operator_decorator.py for tasks to queue
[2023-12-03T23:58:54.805+0000] {logging_mixin.py:154} INFO - [2023-12-03T23:58:54.805+0000] {dagbag.py:536} INFO - Filling up the DagBag from /home/ubuntu/redfin/lib/python3.10/site-packages/airflow/example_dags/example_branch_operator_decorator.py
[2023-12-03T23:58:54.817+0000] {processor.py:839} INFO - DAG(s) dict_keys(['example_branch_python_operator_decorator']) retrieved from /home/ubuntu/redfin/lib/python3.10/site-packages/airflow/example_dags/example_branch_operator_decorator.py
[2023-12-03T23:58:54.838+0000] {logging_mixin.py:154} INFO - [2023-12-03T23:58:54.838+0000] {dag.py:2941} INFO - Sync 1 DAGs
[2023-12-03T23:58:54.862+0000] {logging_mixin.py:154} INFO - [2023-12-03T23:58:54.862+0000] {dag.py:3722} INFO - Setting next_dagrun for example_branch_python_operator_decorator to 2023-12-02T00:00:00+00:00, run_after=2023-12-03T00:00:00+00:00
[2023-12-03T23:58:54.885+0000] {processor.py:179} INFO - Processing /home/ubuntu/redfin/lib/python3.10/site-packages/airflow/example_dags/example_branch_operator_decorator.py took 0.086 seconds
[2023-12-03T23:59:42.526+0000] {processor.py:157} INFO - Started process (PID=7623) to work on /home/ubuntu/redfin/lib/python3.10/site-packages/airflow/example_dags/example_branch_operator_decorator.py
[2023-12-03T23:59:42.528+0000] {processor.py:829} INFO - Processing file /home/ubuntu/redfin/lib/python3.10/site-packages/airflow/example_dags/example_branch_operator_decorator.py for tasks to queue
[2023-12-03T23:59:42.529+0000] {logging_mixin.py:154} INFO - [2023-12-03T23:59:42.528+0000] {dagbag.py:536} INFO - Filling up the DagBag from /home/ubuntu/redfin/lib/python3.10/site-packages/airflow/example_dags/example_branch_operator_decorator.py
[2023-12-03T23:59:42.541+0000] {processor.py:839} INFO - DAG(s) dict_keys(['example_branch_python_operator_decorator']) retrieved from /home/ubuntu/redfin/lib/python3.10/site-packages/airflow/example_dags/example_branch_operator_decorator.py
[2023-12-03T23:59:42.561+0000] {logging_mixin.py:154} INFO - [2023-12-03T23:59:42.561+0000] {dag.py:2941} INFO - Sync 1 DAGs
[2023-12-03T23:59:42.584+0000] {logging_mixin.py:154} INFO - [2023-12-03T23:59:42.584+0000] {dag.py:3722} INFO - Setting next_dagrun for example_branch_python_operator_decorator to 2023-12-02T00:00:00+00:00, run_after=2023-12-03T00:00:00+00:00
[2023-12-03T23:59:42.607+0000] {processor.py:179} INFO - Processing /home/ubuntu/redfin/lib/python3.10/site-packages/airflow/example_dags/example_branch_operator_decorator.py took 0.084 seconds
