[2023-12-03T23:08:11.310+0000] {processor.py:157} INFO - Started process (PID=3772) to work on /home/ubuntu/redfin/lib/python3.10/site-packages/airflow/example_dags/example_params_ui_tutorial.py
[2023-12-03T23:08:11.311+0000] {processor.py:829} INFO - Processing file /home/ubuntu/redfin/lib/python3.10/site-packages/airflow/example_dags/example_params_ui_tutorial.py for tasks to queue
[2023-12-03T23:08:11.312+0000] {logging_mixin.py:154} INFO - [2023-12-03T23:08:11.311+0000] {dagbag.py:536} INFO - Filling up the DagBag from /home/ubuntu/redfin/lib/python3.10/site-packages/airflow/example_dags/example_params_ui_tutorial.py
[2023-12-03T23:08:11.346+0000] {processor.py:839} INFO - DAG(s) dict_keys(['example_params_ui_tutorial']) retrieved from /home/ubuntu/redfin/lib/python3.10/site-packages/airflow/example_dags/example_params_ui_tutorial.py
[2023-12-03T23:08:11.496+0000] {logging_mixin.py:154} INFO - [2023-12-03T23:08:11.496+0000] {manager.py:499} INFO - Created Permission View: %s
[2023-12-03T23:08:11.511+0000] {logging_mixin.py:154} INFO - [2023-12-03T23:08:11.510+0000] {manager.py:499} INFO - Created Permission View: %s
[2023-12-03T23:08:11.521+0000] {logging_mixin.py:154} INFO - [2023-12-03T23:08:11.521+0000] {manager.py:499} INFO - Created Permission View: %s
[2023-12-03T23:08:11.522+0000] {logging_mixin.py:154} INFO - [2023-12-03T23:08:11.521+0000] {dag.py:2941} INFO - Sync 1 DAGs
[2023-12-03T23:08:11.534+0000] {logging_mixin.py:154} INFO - [2023-12-03T23:08:11.534+0000] {dag.py:2963} INFO - Creating ORM DAG for example_params_ui_tutorial
[2023-12-03T23:08:11.535+0000] {logging_mixin.py:154} INFO - [2023-12-03T23:08:11.535+0000] {dag.py:3722} INFO - Setting next_dagrun for example_params_ui_tutorial to None, run_after=None
[2023-12-03T23:08:11.560+0000] {processor.py:179} INFO - Processing /home/ubuntu/redfin/lib/python3.10/site-packages/airflow/example_dags/example_params_ui_tutorial.py took 0.254 seconds
[2023-12-03T23:09:00.842+0000] {processor.py:157} INFO - Started process (PID=3821) to work on /home/ubuntu/redfin/lib/python3.10/site-packages/airflow/example_dags/example_params_ui_tutorial.py
[2023-12-03T23:09:00.843+0000] {processor.py:829} INFO - Processing file /home/ubuntu/redfin/lib/python3.10/site-packages/airflow/example_dags/example_params_ui_tutorial.py for tasks to queue
[2023-12-03T23:09:00.844+0000] {logging_mixin.py:154} INFO - [2023-12-03T23:09:00.844+0000] {dagbag.py:536} INFO - Filling up the DagBag from /home/ubuntu/redfin/lib/python3.10/site-packages/airflow/example_dags/example_params_ui_tutorial.py
[2023-12-03T23:09:00.877+0000] {processor.py:839} INFO - DAG(s) dict_keys(['example_params_ui_tutorial']) retrieved from /home/ubuntu/redfin/lib/python3.10/site-packages/airflow/example_dags/example_params_ui_tutorial.py
[2023-12-03T23:09:00.928+0000] {logging_mixin.py:154} INFO - [2023-12-03T23:09:00.928+0000] {dag.py:2941} INFO - Sync 1 DAGs
[2023-12-03T23:09:00.940+0000] {logging_mixin.py:154} INFO - [2023-12-03T23:09:00.940+0000] {dag.py:3722} INFO - Setting next_dagrun for example_params_ui_tutorial to None, run_after=None
[2023-12-03T23:09:00.963+0000] {processor.py:179} INFO - Processing /home/ubuntu/redfin/lib/python3.10/site-packages/airflow/example_dags/example_params_ui_tutorial.py took 0.125 seconds
[2023-12-03T23:09:47.022+0000] {processor.py:157} INFO - Started process (PID=3872) to work on /home/ubuntu/redfin/lib/python3.10/site-packages/airflow/example_dags/example_params_ui_tutorial.py
[2023-12-03T23:09:47.024+0000] {processor.py:829} INFO - Processing file /home/ubuntu/redfin/lib/python3.10/site-packages/airflow/example_dags/example_params_ui_tutorial.py for tasks to queue
[2023-12-03T23:09:47.025+0000] {logging_mixin.py:154} INFO - [2023-12-03T23:09:47.024+0000] {dagbag.py:536} INFO - Filling up the DagBag from /home/ubuntu/redfin/lib/python3.10/site-packages/airflow/example_dags/example_params_ui_tutorial.py
[2023-12-03T23:09:47.058+0000] {processor.py:839} INFO - DAG(s) dict_keys(['example_params_ui_tutorial']) retrieved from /home/ubuntu/redfin/lib/python3.10/site-packages/airflow/example_dags/example_params_ui_tutorial.py
[2023-12-03T23:09:47.109+0000] {logging_mixin.py:154} INFO - [2023-12-03T23:09:47.109+0000] {dag.py:2941} INFO - Sync 1 DAGs
[2023-12-03T23:09:47.123+0000] {logging_mixin.py:154} INFO - [2023-12-03T23:09:47.123+0000] {dag.py:3722} INFO - Setting next_dagrun for example_params_ui_tutorial to None, run_after=None
[2023-12-03T23:09:47.146+0000] {processor.py:179} INFO - Processing /home/ubuntu/redfin/lib/python3.10/site-packages/airflow/example_dags/example_params_ui_tutorial.py took 0.127 seconds
[2023-12-03T23:10:35.725+0000] {processor.py:157} INFO - Started process (PID=3926) to work on /home/ubuntu/redfin/lib/python3.10/site-packages/airflow/example_dags/example_params_ui_tutorial.py
[2023-12-03T23:10:35.726+0000] {processor.py:829} INFO - Processing file /home/ubuntu/redfin/lib/python3.10/site-packages/airflow/example_dags/example_params_ui_tutorial.py for tasks to queue
[2023-12-03T23:10:35.727+0000] {logging_mixin.py:154} INFO - [2023-12-03T23:10:35.727+0000] {dagbag.py:536} INFO - Filling up the DagBag from /home/ubuntu/redfin/lib/python3.10/site-packages/airflow/example_dags/example_params_ui_tutorial.py
[2023-12-03T23:10:35.761+0000] {processor.py:839} INFO - DAG(s) dict_keys(['example_params_ui_tutorial']) retrieved from /home/ubuntu/redfin/lib/python3.10/site-packages/airflow/example_dags/example_params_ui_tutorial.py
[2023-12-03T23:10:35.812+0000] {logging_mixin.py:154} INFO - [2023-12-03T23:10:35.811+0000] {dag.py:2941} INFO - Sync 1 DAGs
[2023-12-03T23:10:35.824+0000] {logging_mixin.py:154} INFO - [2023-12-03T23:10:35.824+0000] {dag.py:3722} INFO - Setting next_dagrun for example_params_ui_tutorial to None, run_after=None
[2023-12-03T23:10:35.847+0000] {processor.py:179} INFO - Processing /home/ubuntu/redfin/lib/python3.10/site-packages/airflow/example_dags/example_params_ui_tutorial.py took 0.126 seconds
[2023-12-03T23:11:21.758+0000] {processor.py:157} INFO - Started process (PID=3976) to work on /home/ubuntu/redfin/lib/python3.10/site-packages/airflow/example_dags/example_params_ui_tutorial.py
[2023-12-03T23:11:21.759+0000] {processor.py:829} INFO - Processing file /home/ubuntu/redfin/lib/python3.10/site-packages/airflow/example_dags/example_params_ui_tutorial.py for tasks to queue
[2023-12-03T23:11:21.760+0000] {logging_mixin.py:154} INFO - [2023-12-03T23:11:21.760+0000] {dagbag.py:536} INFO - Filling up the DagBag from /home/ubuntu/redfin/lib/python3.10/site-packages/airflow/example_dags/example_params_ui_tutorial.py
[2023-12-03T23:11:21.793+0000] {processor.py:839} INFO - DAG(s) dict_keys(['example_params_ui_tutorial']) retrieved from /home/ubuntu/redfin/lib/python3.10/site-packages/airflow/example_dags/example_params_ui_tutorial.py
[2023-12-03T23:11:21.844+0000] {logging_mixin.py:154} INFO - [2023-12-03T23:11:21.844+0000] {dag.py:2941} INFO - Sync 1 DAGs
[2023-12-03T23:11:21.857+0000] {logging_mixin.py:154} INFO - [2023-12-03T23:11:21.857+0000] {dag.py:3722} INFO - Setting next_dagrun for example_params_ui_tutorial to None, run_after=None
[2023-12-03T23:11:21.879+0000] {processor.py:179} INFO - Processing /home/ubuntu/redfin/lib/python3.10/site-packages/airflow/example_dags/example_params_ui_tutorial.py took 0.125 seconds
[2023-12-03T23:12:07.435+0000] {processor.py:157} INFO - Started process (PID=4026) to work on /home/ubuntu/redfin/lib/python3.10/site-packages/airflow/example_dags/example_params_ui_tutorial.py
[2023-12-03T23:12:07.436+0000] {processor.py:829} INFO - Processing file /home/ubuntu/redfin/lib/python3.10/site-packages/airflow/example_dags/example_params_ui_tutorial.py for tasks to queue
[2023-12-03T23:12:07.437+0000] {logging_mixin.py:154} INFO - [2023-12-03T23:12:07.436+0000] {dagbag.py:536} INFO - Filling up the DagBag from /home/ubuntu/redfin/lib/python3.10/site-packages/airflow/example_dags/example_params_ui_tutorial.py
[2023-12-03T23:12:07.469+0000] {processor.py:839} INFO - DAG(s) dict_keys(['example_params_ui_tutorial']) retrieved from /home/ubuntu/redfin/lib/python3.10/site-packages/airflow/example_dags/example_params_ui_tutorial.py
[2023-12-03T23:12:07.521+0000] {logging_mixin.py:154} INFO - [2023-12-03T23:12:07.521+0000] {dag.py:2941} INFO - Sync 1 DAGs
[2023-12-03T23:12:07.533+0000] {logging_mixin.py:154} INFO - [2023-12-03T23:12:07.533+0000] {dag.py:3722} INFO - Setting next_dagrun for example_params_ui_tutorial to None, run_after=None
[2023-12-03T23:12:07.556+0000] {processor.py:179} INFO - Processing /home/ubuntu/redfin/lib/python3.10/site-packages/airflow/example_dags/example_params_ui_tutorial.py took 0.125 seconds
[2023-12-03T23:12:51.349+0000] {processor.py:157} INFO - Started process (PID=4075) to work on /home/ubuntu/redfin/lib/python3.10/site-packages/airflow/example_dags/example_params_ui_tutorial.py
[2023-12-03T23:12:51.350+0000] {processor.py:829} INFO - Processing file /home/ubuntu/redfin/lib/python3.10/site-packages/airflow/example_dags/example_params_ui_tutorial.py for tasks to queue
[2023-12-03T23:12:51.351+0000] {logging_mixin.py:154} INFO - [2023-12-03T23:12:51.351+0000] {dagbag.py:536} INFO - Filling up the DagBag from /home/ubuntu/redfin/lib/python3.10/site-packages/airflow/example_dags/example_params_ui_tutorial.py
[2023-12-03T23:12:51.384+0000] {processor.py:839} INFO - DAG(s) dict_keys(['example_params_ui_tutorial']) retrieved from /home/ubuntu/redfin/lib/python3.10/site-packages/airflow/example_dags/example_params_ui_tutorial.py
[2023-12-03T23:12:51.435+0000] {logging_mixin.py:154} INFO - [2023-12-03T23:12:51.434+0000] {dag.py:2941} INFO - Sync 1 DAGs
[2023-12-03T23:12:51.447+0000] {logging_mixin.py:154} INFO - [2023-12-03T23:12:51.447+0000] {dag.py:3722} INFO - Setting next_dagrun for example_params_ui_tutorial to None, run_after=None
[2023-12-03T23:12:51.469+0000] {processor.py:179} INFO - Processing /home/ubuntu/redfin/lib/python3.10/site-packages/airflow/example_dags/example_params_ui_tutorial.py took 0.124 seconds
[2023-12-03T23:13:38.989+0000] {processor.py:157} INFO - Started process (PID=4128) to work on /home/ubuntu/redfin/lib/python3.10/site-packages/airflow/example_dags/example_params_ui_tutorial.py
[2023-12-03T23:13:38.991+0000] {processor.py:829} INFO - Processing file /home/ubuntu/redfin/lib/python3.10/site-packages/airflow/example_dags/example_params_ui_tutorial.py for tasks to queue
[2023-12-03T23:13:38.992+0000] {logging_mixin.py:154} INFO - [2023-12-03T23:13:38.991+0000] {dagbag.py:536} INFO - Filling up the DagBag from /home/ubuntu/redfin/lib/python3.10/site-packages/airflow/example_dags/example_params_ui_tutorial.py
[2023-12-03T23:13:39.026+0000] {processor.py:839} INFO - DAG(s) dict_keys(['example_params_ui_tutorial']) retrieved from /home/ubuntu/redfin/lib/python3.10/site-packages/airflow/example_dags/example_params_ui_tutorial.py
[2023-12-03T23:13:39.077+0000] {logging_mixin.py:154} INFO - [2023-12-03T23:13:39.077+0000] {dag.py:2941} INFO - Sync 1 DAGs
[2023-12-03T23:13:39.090+0000] {logging_mixin.py:154} INFO - [2023-12-03T23:13:39.090+0000] {dag.py:3722} INFO - Setting next_dagrun for example_params_ui_tutorial to None, run_after=None
[2023-12-03T23:13:39.112+0000] {processor.py:179} INFO - Processing /home/ubuntu/redfin/lib/python3.10/site-packages/airflow/example_dags/example_params_ui_tutorial.py took 0.127 seconds
[2023-12-03T23:14:26.821+0000] {processor.py:157} INFO - Started process (PID=4178) to work on /home/ubuntu/redfin/lib/python3.10/site-packages/airflow/example_dags/example_params_ui_tutorial.py
[2023-12-03T23:14:26.823+0000] {processor.py:829} INFO - Processing file /home/ubuntu/redfin/lib/python3.10/site-packages/airflow/example_dags/example_params_ui_tutorial.py for tasks to queue
[2023-12-03T23:14:26.824+0000] {logging_mixin.py:154} INFO - [2023-12-03T23:14:26.824+0000] {dagbag.py:536} INFO - Filling up the DagBag from /home/ubuntu/redfin/lib/python3.10/site-packages/airflow/example_dags/example_params_ui_tutorial.py
[2023-12-03T23:14:26.858+0000] {processor.py:839} INFO - DAG(s) dict_keys(['example_params_ui_tutorial']) retrieved from /home/ubuntu/redfin/lib/python3.10/site-packages/airflow/example_dags/example_params_ui_tutorial.py
[2023-12-03T23:14:26.911+0000] {logging_mixin.py:154} INFO - [2023-12-03T23:14:26.910+0000] {dag.py:2941} INFO - Sync 1 DAGs
[2023-12-03T23:14:26.923+0000] {logging_mixin.py:154} INFO - [2023-12-03T23:14:26.923+0000] {dag.py:3722} INFO - Setting next_dagrun for example_params_ui_tutorial to None, run_after=None
[2023-12-03T23:14:26.951+0000] {processor.py:179} INFO - Processing /home/ubuntu/redfin/lib/python3.10/site-packages/airflow/example_dags/example_params_ui_tutorial.py took 0.133 seconds
[2023-12-03T23:15:16.040+0000] {processor.py:157} INFO - Started process (PID=4233) to work on /home/ubuntu/redfin/lib/python3.10/site-packages/airflow/example_dags/example_params_ui_tutorial.py
[2023-12-03T23:15:16.041+0000] {processor.py:829} INFO - Processing file /home/ubuntu/redfin/lib/python3.10/site-packages/airflow/example_dags/example_params_ui_tutorial.py for tasks to queue
[2023-12-03T23:15:16.042+0000] {logging_mixin.py:154} INFO - [2023-12-03T23:15:16.042+0000] {dagbag.py:536} INFO - Filling up the DagBag from /home/ubuntu/redfin/lib/python3.10/site-packages/airflow/example_dags/example_params_ui_tutorial.py
[2023-12-03T23:15:16.076+0000] {processor.py:839} INFO - DAG(s) dict_keys(['example_params_ui_tutorial']) retrieved from /home/ubuntu/redfin/lib/python3.10/site-packages/airflow/example_dags/example_params_ui_tutorial.py
[2023-12-03T23:15:16.128+0000] {logging_mixin.py:154} INFO - [2023-12-03T23:15:16.128+0000] {dag.py:2941} INFO - Sync 1 DAGs
[2023-12-03T23:15:16.141+0000] {logging_mixin.py:154} INFO - [2023-12-03T23:15:16.140+0000] {dag.py:3722} INFO - Setting next_dagrun for example_params_ui_tutorial to None, run_after=None
[2023-12-03T23:15:16.163+0000] {processor.py:179} INFO - Processing /home/ubuntu/redfin/lib/python3.10/site-packages/airflow/example_dags/example_params_ui_tutorial.py took 0.127 seconds
[2023-12-03T23:16:03.448+0000] {processor.py:157} INFO - Started process (PID=4285) to work on /home/ubuntu/redfin/lib/python3.10/site-packages/airflow/example_dags/example_params_ui_tutorial.py
[2023-12-03T23:16:03.449+0000] {processor.py:829} INFO - Processing file /home/ubuntu/redfin/lib/python3.10/site-packages/airflow/example_dags/example_params_ui_tutorial.py for tasks to queue
[2023-12-03T23:16:03.450+0000] {logging_mixin.py:154} INFO - [2023-12-03T23:16:03.449+0000] {dagbag.py:536} INFO - Filling up the DagBag from /home/ubuntu/redfin/lib/python3.10/site-packages/airflow/example_dags/example_params_ui_tutorial.py
[2023-12-03T23:16:03.483+0000] {processor.py:839} INFO - DAG(s) dict_keys(['example_params_ui_tutorial']) retrieved from /home/ubuntu/redfin/lib/python3.10/site-packages/airflow/example_dags/example_params_ui_tutorial.py
[2023-12-03T23:16:03.534+0000] {logging_mixin.py:154} INFO - [2023-12-03T23:16:03.534+0000] {dag.py:2941} INFO - Sync 1 DAGs
[2023-12-03T23:16:03.547+0000] {logging_mixin.py:154} INFO - [2023-12-03T23:16:03.547+0000] {dag.py:3722} INFO - Setting next_dagrun for example_params_ui_tutorial to None, run_after=None
[2023-12-03T23:16:03.570+0000] {processor.py:179} INFO - Processing /home/ubuntu/redfin/lib/python3.10/site-packages/airflow/example_dags/example_params_ui_tutorial.py took 0.126 seconds
[2023-12-03T23:16:51.566+0000] {processor.py:157} INFO - Started process (PID=4339) to work on /home/ubuntu/redfin/lib/python3.10/site-packages/airflow/example_dags/example_params_ui_tutorial.py
[2023-12-03T23:16:51.568+0000] {processor.py:829} INFO - Processing file /home/ubuntu/redfin/lib/python3.10/site-packages/airflow/example_dags/example_params_ui_tutorial.py for tasks to queue
[2023-12-03T23:16:51.569+0000] {logging_mixin.py:154} INFO - [2023-12-03T23:16:51.568+0000] {dagbag.py:536} INFO - Filling up the DagBag from /home/ubuntu/redfin/lib/python3.10/site-packages/airflow/example_dags/example_params_ui_tutorial.py
[2023-12-03T23:16:51.603+0000] {processor.py:839} INFO - DAG(s) dict_keys(['example_params_ui_tutorial']) retrieved from /home/ubuntu/redfin/lib/python3.10/site-packages/airflow/example_dags/example_params_ui_tutorial.py
[2023-12-03T23:16:51.656+0000] {logging_mixin.py:154} INFO - [2023-12-03T23:16:51.656+0000] {dag.py:2941} INFO - Sync 1 DAGs
[2023-12-03T23:16:51.669+0000] {logging_mixin.py:154} INFO - [2023-12-03T23:16:51.669+0000] {dag.py:3722} INFO - Setting next_dagrun for example_params_ui_tutorial to None, run_after=None
[2023-12-03T23:16:51.693+0000] {processor.py:179} INFO - Processing /home/ubuntu/redfin/lib/python3.10/site-packages/airflow/example_dags/example_params_ui_tutorial.py took 0.130 seconds
[2023-12-03T23:17:36.152+0000] {processor.py:157} INFO - Started process (PID=4392) to work on /home/ubuntu/redfin/lib/python3.10/site-packages/airflow/example_dags/example_params_ui_tutorial.py
[2023-12-03T23:17:36.153+0000] {processor.py:829} INFO - Processing file /home/ubuntu/redfin/lib/python3.10/site-packages/airflow/example_dags/example_params_ui_tutorial.py for tasks to queue
[2023-12-03T23:17:36.154+0000] {logging_mixin.py:154} INFO - [2023-12-03T23:17:36.153+0000] {dagbag.py:536} INFO - Filling up the DagBag from /home/ubuntu/redfin/lib/python3.10/site-packages/airflow/example_dags/example_params_ui_tutorial.py
[2023-12-03T23:17:36.187+0000] {processor.py:839} INFO - DAG(s) dict_keys(['example_params_ui_tutorial']) retrieved from /home/ubuntu/redfin/lib/python3.10/site-packages/airflow/example_dags/example_params_ui_tutorial.py
[2023-12-03T23:17:36.238+0000] {logging_mixin.py:154} INFO - [2023-12-03T23:17:36.237+0000] {dag.py:2941} INFO - Sync 1 DAGs
[2023-12-03T23:17:36.250+0000] {logging_mixin.py:154} INFO - [2023-12-03T23:17:36.250+0000] {dag.py:3722} INFO - Setting next_dagrun for example_params_ui_tutorial to None, run_after=None
[2023-12-03T23:17:36.273+0000] {processor.py:179} INFO - Processing /home/ubuntu/redfin/lib/python3.10/site-packages/airflow/example_dags/example_params_ui_tutorial.py took 0.125 seconds
[2023-12-03T23:18:23.113+0000] {processor.py:157} INFO - Started process (PID=4442) to work on /home/ubuntu/redfin/lib/python3.10/site-packages/airflow/example_dags/example_params_ui_tutorial.py
[2023-12-03T23:18:23.114+0000] {processor.py:829} INFO - Processing file /home/ubuntu/redfin/lib/python3.10/site-packages/airflow/example_dags/example_params_ui_tutorial.py for tasks to queue
[2023-12-03T23:18:23.115+0000] {logging_mixin.py:154} INFO - [2023-12-03T23:18:23.115+0000] {dagbag.py:536} INFO - Filling up the DagBag from /home/ubuntu/redfin/lib/python3.10/site-packages/airflow/example_dags/example_params_ui_tutorial.py
[2023-12-03T23:18:23.148+0000] {processor.py:839} INFO - DAG(s) dict_keys(['example_params_ui_tutorial']) retrieved from /home/ubuntu/redfin/lib/python3.10/site-packages/airflow/example_dags/example_params_ui_tutorial.py
[2023-12-03T23:18:23.198+0000] {logging_mixin.py:154} INFO - [2023-12-03T23:18:23.198+0000] {dag.py:2941} INFO - Sync 1 DAGs
[2023-12-03T23:18:23.211+0000] {logging_mixin.py:154} INFO - [2023-12-03T23:18:23.211+0000] {dag.py:3722} INFO - Setting next_dagrun for example_params_ui_tutorial to None, run_after=None
[2023-12-03T23:18:23.235+0000] {processor.py:179} INFO - Processing /home/ubuntu/redfin/lib/python3.10/site-packages/airflow/example_dags/example_params_ui_tutorial.py took 0.126 seconds
[2023-12-03T23:19:06.701+0000] {processor.py:157} INFO - Started process (PID=4492) to work on /home/ubuntu/redfin/lib/python3.10/site-packages/airflow/example_dags/example_params_ui_tutorial.py
[2023-12-03T23:19:06.703+0000] {processor.py:829} INFO - Processing file /home/ubuntu/redfin/lib/python3.10/site-packages/airflow/example_dags/example_params_ui_tutorial.py for tasks to queue
[2023-12-03T23:19:06.703+0000] {logging_mixin.py:154} INFO - [2023-12-03T23:19:06.703+0000] {dagbag.py:536} INFO - Filling up the DagBag from /home/ubuntu/redfin/lib/python3.10/site-packages/airflow/example_dags/example_params_ui_tutorial.py
[2023-12-03T23:19:06.736+0000] {processor.py:839} INFO - DAG(s) dict_keys(['example_params_ui_tutorial']) retrieved from /home/ubuntu/redfin/lib/python3.10/site-packages/airflow/example_dags/example_params_ui_tutorial.py
[2023-12-03T23:19:06.787+0000] {logging_mixin.py:154} INFO - [2023-12-03T23:19:06.786+0000] {dag.py:2941} INFO - Sync 1 DAGs
[2023-12-03T23:19:06.799+0000] {logging_mixin.py:154} INFO - [2023-12-03T23:19:06.799+0000] {dag.py:3722} INFO - Setting next_dagrun for example_params_ui_tutorial to None, run_after=None
[2023-12-03T23:19:06.821+0000] {processor.py:179} INFO - Processing /home/ubuntu/redfin/lib/python3.10/site-packages/airflow/example_dags/example_params_ui_tutorial.py took 0.124 seconds
[2023-12-03T23:19:52.002+0000] {processor.py:157} INFO - Started process (PID=4541) to work on /home/ubuntu/redfin/lib/python3.10/site-packages/airflow/example_dags/example_params_ui_tutorial.py
[2023-12-03T23:19:52.003+0000] {processor.py:829} INFO - Processing file /home/ubuntu/redfin/lib/python3.10/site-packages/airflow/example_dags/example_params_ui_tutorial.py for tasks to queue
[2023-12-03T23:19:52.004+0000] {logging_mixin.py:154} INFO - [2023-12-03T23:19:52.004+0000] {dagbag.py:536} INFO - Filling up the DagBag from /home/ubuntu/redfin/lib/python3.10/site-packages/airflow/example_dags/example_params_ui_tutorial.py
[2023-12-03T23:19:52.037+0000] {processor.py:839} INFO - DAG(s) dict_keys(['example_params_ui_tutorial']) retrieved from /home/ubuntu/redfin/lib/python3.10/site-packages/airflow/example_dags/example_params_ui_tutorial.py
[2023-12-03T23:19:52.088+0000] {logging_mixin.py:154} INFO - [2023-12-03T23:19:52.087+0000] {dag.py:2941} INFO - Sync 1 DAGs
[2023-12-03T23:19:52.100+0000] {logging_mixin.py:154} INFO - [2023-12-03T23:19:52.100+0000] {dag.py:3722} INFO - Setting next_dagrun for example_params_ui_tutorial to None, run_after=None
[2023-12-03T23:19:52.124+0000] {processor.py:179} INFO - Processing /home/ubuntu/redfin/lib/python3.10/site-packages/airflow/example_dags/example_params_ui_tutorial.py took 0.126 seconds
[2023-12-03T23:20:34.258+0000] {processor.py:157} INFO - Started process (PID=4589) to work on /home/ubuntu/redfin/lib/python3.10/site-packages/airflow/example_dags/example_params_ui_tutorial.py
[2023-12-03T23:20:34.260+0000] {processor.py:829} INFO - Processing file /home/ubuntu/redfin/lib/python3.10/site-packages/airflow/example_dags/example_params_ui_tutorial.py for tasks to queue
[2023-12-03T23:20:34.261+0000] {logging_mixin.py:154} INFO - [2023-12-03T23:20:34.260+0000] {dagbag.py:536} INFO - Filling up the DagBag from /home/ubuntu/redfin/lib/python3.10/site-packages/airflow/example_dags/example_params_ui_tutorial.py
[2023-12-03T23:20:34.295+0000] {processor.py:839} INFO - DAG(s) dict_keys(['example_params_ui_tutorial']) retrieved from /home/ubuntu/redfin/lib/python3.10/site-packages/airflow/example_dags/example_params_ui_tutorial.py
[2023-12-03T23:20:34.347+0000] {logging_mixin.py:154} INFO - [2023-12-03T23:20:34.346+0000] {dag.py:2941} INFO - Sync 1 DAGs
[2023-12-03T23:20:34.359+0000] {logging_mixin.py:154} INFO - [2023-12-03T23:20:34.359+0000] {dag.py:3722} INFO - Setting next_dagrun for example_params_ui_tutorial to None, run_after=None
[2023-12-03T23:20:34.383+0000] {processor.py:179} INFO - Processing /home/ubuntu/redfin/lib/python3.10/site-packages/airflow/example_dags/example_params_ui_tutorial.py took 0.129 seconds
[2023-12-03T23:21:19.946+0000] {processor.py:157} INFO - Started process (PID=4641) to work on /home/ubuntu/redfin/lib/python3.10/site-packages/airflow/example_dags/example_params_ui_tutorial.py
[2023-12-03T23:21:19.947+0000] {processor.py:829} INFO - Processing file /home/ubuntu/redfin/lib/python3.10/site-packages/airflow/example_dags/example_params_ui_tutorial.py for tasks to queue
[2023-12-03T23:21:19.948+0000] {logging_mixin.py:154} INFO - [2023-12-03T23:21:19.947+0000] {dagbag.py:536} INFO - Filling up the DagBag from /home/ubuntu/redfin/lib/python3.10/site-packages/airflow/example_dags/example_params_ui_tutorial.py
[2023-12-03T23:21:19.980+0000] {processor.py:839} INFO - DAG(s) dict_keys(['example_params_ui_tutorial']) retrieved from /home/ubuntu/redfin/lib/python3.10/site-packages/airflow/example_dags/example_params_ui_tutorial.py
[2023-12-03T23:21:20.031+0000] {logging_mixin.py:154} INFO - [2023-12-03T23:21:20.031+0000] {dag.py:2941} INFO - Sync 1 DAGs
[2023-12-03T23:21:20.044+0000] {logging_mixin.py:154} INFO - [2023-12-03T23:21:20.044+0000] {dag.py:3722} INFO - Setting next_dagrun for example_params_ui_tutorial to None, run_after=None
[2023-12-03T23:21:20.067+0000] {processor.py:179} INFO - Processing /home/ubuntu/redfin/lib/python3.10/site-packages/airflow/example_dags/example_params_ui_tutorial.py took 0.125 seconds
[2023-12-03T23:22:09.586+0000] {processor.py:157} INFO - Started process (PID=4695) to work on /home/ubuntu/redfin/lib/python3.10/site-packages/airflow/example_dags/example_params_ui_tutorial.py
[2023-12-03T23:22:09.587+0000] {processor.py:829} INFO - Processing file /home/ubuntu/redfin/lib/python3.10/site-packages/airflow/example_dags/example_params_ui_tutorial.py for tasks to queue
[2023-12-03T23:22:09.588+0000] {logging_mixin.py:154} INFO - [2023-12-03T23:22:09.588+0000] {dagbag.py:536} INFO - Filling up the DagBag from /home/ubuntu/redfin/lib/python3.10/site-packages/airflow/example_dags/example_params_ui_tutorial.py
[2023-12-03T23:22:09.621+0000] {processor.py:839} INFO - DAG(s) dict_keys(['example_params_ui_tutorial']) retrieved from /home/ubuntu/redfin/lib/python3.10/site-packages/airflow/example_dags/example_params_ui_tutorial.py
[2023-12-03T23:22:09.673+0000] {logging_mixin.py:154} INFO - [2023-12-03T23:22:09.673+0000] {dag.py:2941} INFO - Sync 1 DAGs
[2023-12-03T23:22:09.686+0000] {logging_mixin.py:154} INFO - [2023-12-03T23:22:09.686+0000] {dag.py:3722} INFO - Setting next_dagrun for example_params_ui_tutorial to None, run_after=None
[2023-12-03T23:22:09.708+0000] {processor.py:179} INFO - Processing /home/ubuntu/redfin/lib/python3.10/site-packages/airflow/example_dags/example_params_ui_tutorial.py took 0.126 seconds
[2023-12-03T23:22:57.754+0000] {processor.py:157} INFO - Started process (PID=4749) to work on /home/ubuntu/redfin/lib/python3.10/site-packages/airflow/example_dags/example_params_ui_tutorial.py
[2023-12-03T23:22:57.756+0000] {processor.py:829} INFO - Processing file /home/ubuntu/redfin/lib/python3.10/site-packages/airflow/example_dags/example_params_ui_tutorial.py for tasks to queue
[2023-12-03T23:22:57.757+0000] {logging_mixin.py:154} INFO - [2023-12-03T23:22:57.756+0000] {dagbag.py:536} INFO - Filling up the DagBag from /home/ubuntu/redfin/lib/python3.10/site-packages/airflow/example_dags/example_params_ui_tutorial.py
[2023-12-03T23:22:57.790+0000] {processor.py:839} INFO - DAG(s) dict_keys(['example_params_ui_tutorial']) retrieved from /home/ubuntu/redfin/lib/python3.10/site-packages/airflow/example_dags/example_params_ui_tutorial.py
[2023-12-03T23:22:57.840+0000] {logging_mixin.py:154} INFO - [2023-12-03T23:22:57.840+0000] {dag.py:2941} INFO - Sync 1 DAGs
[2023-12-03T23:22:57.852+0000] {logging_mixin.py:154} INFO - [2023-12-03T23:22:57.852+0000] {dag.py:3722} INFO - Setting next_dagrun for example_params_ui_tutorial to None, run_after=None
[2023-12-03T23:22:57.874+0000] {processor.py:179} INFO - Processing /home/ubuntu/redfin/lib/python3.10/site-packages/airflow/example_dags/example_params_ui_tutorial.py took 0.124 seconds
[2023-12-03T23:23:43.291+0000] {processor.py:157} INFO - Started process (PID=4799) to work on /home/ubuntu/redfin/lib/python3.10/site-packages/airflow/example_dags/example_params_ui_tutorial.py
[2023-12-03T23:23:43.293+0000] {processor.py:829} INFO - Processing file /home/ubuntu/redfin/lib/python3.10/site-packages/airflow/example_dags/example_params_ui_tutorial.py for tasks to queue
[2023-12-03T23:23:43.294+0000] {logging_mixin.py:154} INFO - [2023-12-03T23:23:43.293+0000] {dagbag.py:536} INFO - Filling up the DagBag from /home/ubuntu/redfin/lib/python3.10/site-packages/airflow/example_dags/example_params_ui_tutorial.py
[2023-12-03T23:23:43.327+0000] {processor.py:839} INFO - DAG(s) dict_keys(['example_params_ui_tutorial']) retrieved from /home/ubuntu/redfin/lib/python3.10/site-packages/airflow/example_dags/example_params_ui_tutorial.py
[2023-12-03T23:23:43.378+0000] {logging_mixin.py:154} INFO - [2023-12-03T23:23:43.377+0000] {dag.py:2941} INFO - Sync 1 DAGs
[2023-12-03T23:23:43.390+0000] {logging_mixin.py:154} INFO - [2023-12-03T23:23:43.390+0000] {dag.py:3722} INFO - Setting next_dagrun for example_params_ui_tutorial to None, run_after=None
[2023-12-03T23:23:43.412+0000] {processor.py:179} INFO - Processing /home/ubuntu/redfin/lib/python3.10/site-packages/airflow/example_dags/example_params_ui_tutorial.py took 0.124 seconds
[2023-12-03T23:24:30.657+0000] {processor.py:157} INFO - Started process (PID=4850) to work on /home/ubuntu/redfin/lib/python3.10/site-packages/airflow/example_dags/example_params_ui_tutorial.py
[2023-12-03T23:24:30.659+0000] {processor.py:829} INFO - Processing file /home/ubuntu/redfin/lib/python3.10/site-packages/airflow/example_dags/example_params_ui_tutorial.py for tasks to queue
[2023-12-03T23:24:30.660+0000] {logging_mixin.py:154} INFO - [2023-12-03T23:24:30.659+0000] {dagbag.py:536} INFO - Filling up the DagBag from /home/ubuntu/redfin/lib/python3.10/site-packages/airflow/example_dags/example_params_ui_tutorial.py
[2023-12-03T23:24:30.692+0000] {processor.py:839} INFO - DAG(s) dict_keys(['example_params_ui_tutorial']) retrieved from /home/ubuntu/redfin/lib/python3.10/site-packages/airflow/example_dags/example_params_ui_tutorial.py
[2023-12-03T23:24:30.743+0000] {logging_mixin.py:154} INFO - [2023-12-03T23:24:30.743+0000] {dag.py:2941} INFO - Sync 1 DAGs
[2023-12-03T23:24:30.756+0000] {logging_mixin.py:154} INFO - [2023-12-03T23:24:30.756+0000] {dag.py:3722} INFO - Setting next_dagrun for example_params_ui_tutorial to None, run_after=None
[2023-12-03T23:24:30.779+0000] {processor.py:179} INFO - Processing /home/ubuntu/redfin/lib/python3.10/site-packages/airflow/example_dags/example_params_ui_tutorial.py took 0.125 seconds
[2023-12-03T23:25:20.022+0000] {processor.py:157} INFO - Started process (PID=4905) to work on /home/ubuntu/redfin/lib/python3.10/site-packages/airflow/example_dags/example_params_ui_tutorial.py
[2023-12-03T23:25:20.023+0000] {processor.py:829} INFO - Processing file /home/ubuntu/redfin/lib/python3.10/site-packages/airflow/example_dags/example_params_ui_tutorial.py for tasks to queue
[2023-12-03T23:25:20.024+0000] {logging_mixin.py:154} INFO - [2023-12-03T23:25:20.023+0000] {dagbag.py:536} INFO - Filling up the DagBag from /home/ubuntu/redfin/lib/python3.10/site-packages/airflow/example_dags/example_params_ui_tutorial.py
[2023-12-03T23:25:20.059+0000] {processor.py:839} INFO - DAG(s) dict_keys(['example_params_ui_tutorial']) retrieved from /home/ubuntu/redfin/lib/python3.10/site-packages/airflow/example_dags/example_params_ui_tutorial.py
[2023-12-03T23:25:20.112+0000] {logging_mixin.py:154} INFO - [2023-12-03T23:25:20.112+0000] {dag.py:2941} INFO - Sync 1 DAGs
[2023-12-03T23:25:20.125+0000] {logging_mixin.py:154} INFO - [2023-12-03T23:25:20.125+0000] {dag.py:3722} INFO - Setting next_dagrun for example_params_ui_tutorial to None, run_after=None
[2023-12-03T23:25:20.149+0000] {processor.py:179} INFO - Processing /home/ubuntu/redfin/lib/python3.10/site-packages/airflow/example_dags/example_params_ui_tutorial.py took 0.131 seconds
[2023-12-03T23:26:06.670+0000] {processor.py:157} INFO - Started process (PID=4956) to work on /home/ubuntu/redfin/lib/python3.10/site-packages/airflow/example_dags/example_params_ui_tutorial.py
[2023-12-03T23:26:06.672+0000] {processor.py:829} INFO - Processing file /home/ubuntu/redfin/lib/python3.10/site-packages/airflow/example_dags/example_params_ui_tutorial.py for tasks to queue
[2023-12-03T23:26:06.672+0000] {logging_mixin.py:154} INFO - [2023-12-03T23:26:06.672+0000] {dagbag.py:536} INFO - Filling up the DagBag from /home/ubuntu/redfin/lib/python3.10/site-packages/airflow/example_dags/example_params_ui_tutorial.py
[2023-12-03T23:26:06.705+0000] {processor.py:839} INFO - DAG(s) dict_keys(['example_params_ui_tutorial']) retrieved from /home/ubuntu/redfin/lib/python3.10/site-packages/airflow/example_dags/example_params_ui_tutorial.py
[2023-12-03T23:26:06.756+0000] {logging_mixin.py:154} INFO - [2023-12-03T23:26:06.756+0000] {dag.py:2941} INFO - Sync 1 DAGs
[2023-12-03T23:26:06.769+0000] {logging_mixin.py:154} INFO - [2023-12-03T23:26:06.769+0000] {dag.py:3722} INFO - Setting next_dagrun for example_params_ui_tutorial to None, run_after=None
[2023-12-03T23:26:06.791+0000] {processor.py:179} INFO - Processing /home/ubuntu/redfin/lib/python3.10/site-packages/airflow/example_dags/example_params_ui_tutorial.py took 0.124 seconds
[2023-12-03T23:26:53.471+0000] {processor.py:157} INFO - Started process (PID=5007) to work on /home/ubuntu/redfin/lib/python3.10/site-packages/airflow/example_dags/example_params_ui_tutorial.py
[2023-12-03T23:26:53.473+0000] {processor.py:829} INFO - Processing file /home/ubuntu/redfin/lib/python3.10/site-packages/airflow/example_dags/example_params_ui_tutorial.py for tasks to queue
[2023-12-03T23:26:53.474+0000] {logging_mixin.py:154} INFO - [2023-12-03T23:26:53.473+0000] {dagbag.py:536} INFO - Filling up the DagBag from /home/ubuntu/redfin/lib/python3.10/site-packages/airflow/example_dags/example_params_ui_tutorial.py
[2023-12-03T23:26:53.506+0000] {processor.py:839} INFO - DAG(s) dict_keys(['example_params_ui_tutorial']) retrieved from /home/ubuntu/redfin/lib/python3.10/site-packages/airflow/example_dags/example_params_ui_tutorial.py
[2023-12-03T23:26:53.556+0000] {logging_mixin.py:154} INFO - [2023-12-03T23:26:53.556+0000] {dag.py:2941} INFO - Sync 1 DAGs
[2023-12-03T23:26:53.569+0000] {logging_mixin.py:154} INFO - [2023-12-03T23:26:53.569+0000] {dag.py:3722} INFO - Setting next_dagrun for example_params_ui_tutorial to None, run_after=None
[2023-12-03T23:26:53.591+0000] {processor.py:179} INFO - Processing /home/ubuntu/redfin/lib/python3.10/site-packages/airflow/example_dags/example_params_ui_tutorial.py took 0.124 seconds
[2023-12-03T23:27:34.636+0000] {processor.py:157} INFO - Started process (PID=5054) to work on /home/ubuntu/redfin/lib/python3.10/site-packages/airflow/example_dags/example_params_ui_tutorial.py
[2023-12-03T23:27:34.637+0000] {processor.py:829} INFO - Processing file /home/ubuntu/redfin/lib/python3.10/site-packages/airflow/example_dags/example_params_ui_tutorial.py for tasks to queue
[2023-12-03T23:27:34.638+0000] {logging_mixin.py:154} INFO - [2023-12-03T23:27:34.638+0000] {dagbag.py:536} INFO - Filling up the DagBag from /home/ubuntu/redfin/lib/python3.10/site-packages/airflow/example_dags/example_params_ui_tutorial.py
[2023-12-03T23:27:34.672+0000] {processor.py:839} INFO - DAG(s) dict_keys(['example_params_ui_tutorial']) retrieved from /home/ubuntu/redfin/lib/python3.10/site-packages/airflow/example_dags/example_params_ui_tutorial.py
[2023-12-03T23:27:34.724+0000] {logging_mixin.py:154} INFO - [2023-12-03T23:27:34.724+0000] {dag.py:2941} INFO - Sync 1 DAGs
[2023-12-03T23:27:34.737+0000] {logging_mixin.py:154} INFO - [2023-12-03T23:27:34.736+0000] {dag.py:3722} INFO - Setting next_dagrun for example_params_ui_tutorial to None, run_after=None
[2023-12-03T23:27:34.759+0000] {processor.py:179} INFO - Processing /home/ubuntu/redfin/lib/python3.10/site-packages/airflow/example_dags/example_params_ui_tutorial.py took 0.127 seconds
[2023-12-03T23:28:20.541+0000] {processor.py:157} INFO - Started process (PID=5103) to work on /home/ubuntu/redfin/lib/python3.10/site-packages/airflow/example_dags/example_params_ui_tutorial.py
[2023-12-03T23:28:20.542+0000] {processor.py:829} INFO - Processing file /home/ubuntu/redfin/lib/python3.10/site-packages/airflow/example_dags/example_params_ui_tutorial.py for tasks to queue
[2023-12-03T23:28:20.543+0000] {logging_mixin.py:154} INFO - [2023-12-03T23:28:20.542+0000] {dagbag.py:536} INFO - Filling up the DagBag from /home/ubuntu/redfin/lib/python3.10/site-packages/airflow/example_dags/example_params_ui_tutorial.py
[2023-12-03T23:28:20.577+0000] {processor.py:839} INFO - DAG(s) dict_keys(['example_params_ui_tutorial']) retrieved from /home/ubuntu/redfin/lib/python3.10/site-packages/airflow/example_dags/example_params_ui_tutorial.py
[2023-12-03T23:28:20.629+0000] {logging_mixin.py:154} INFO - [2023-12-03T23:28:20.629+0000] {dag.py:2941} INFO - Sync 1 DAGs
[2023-12-03T23:28:20.642+0000] {logging_mixin.py:154} INFO - [2023-12-03T23:28:20.642+0000] {dag.py:3722} INFO - Setting next_dagrun for example_params_ui_tutorial to None, run_after=None
[2023-12-03T23:28:20.665+0000] {processor.py:179} INFO - Processing /home/ubuntu/redfin/lib/python3.10/site-packages/airflow/example_dags/example_params_ui_tutorial.py took 0.128 seconds
[2023-12-03T23:29:07.430+0000] {processor.py:157} INFO - Started process (PID=5154) to work on /home/ubuntu/redfin/lib/python3.10/site-packages/airflow/example_dags/example_params_ui_tutorial.py
[2023-12-03T23:29:07.431+0000] {processor.py:829} INFO - Processing file /home/ubuntu/redfin/lib/python3.10/site-packages/airflow/example_dags/example_params_ui_tutorial.py for tasks to queue
[2023-12-03T23:29:07.432+0000] {logging_mixin.py:154} INFO - [2023-12-03T23:29:07.431+0000] {dagbag.py:536} INFO - Filling up the DagBag from /home/ubuntu/redfin/lib/python3.10/site-packages/airflow/example_dags/example_params_ui_tutorial.py
[2023-12-03T23:29:07.465+0000] {processor.py:839} INFO - DAG(s) dict_keys(['example_params_ui_tutorial']) retrieved from /home/ubuntu/redfin/lib/python3.10/site-packages/airflow/example_dags/example_params_ui_tutorial.py
[2023-12-03T23:29:07.515+0000] {logging_mixin.py:154} INFO - [2023-12-03T23:29:07.515+0000] {dag.py:2941} INFO - Sync 1 DAGs
[2023-12-03T23:29:07.528+0000] {logging_mixin.py:154} INFO - [2023-12-03T23:29:07.528+0000] {dag.py:3722} INFO - Setting next_dagrun for example_params_ui_tutorial to None, run_after=None
[2023-12-03T23:29:07.552+0000] {processor.py:179} INFO - Processing /home/ubuntu/redfin/lib/python3.10/site-packages/airflow/example_dags/example_params_ui_tutorial.py took 0.126 seconds
[2023-12-03T23:29:56.657+0000] {processor.py:157} INFO - Started process (PID=5210) to work on /home/ubuntu/redfin/lib/python3.10/site-packages/airflow/example_dags/example_params_ui_tutorial.py
[2023-12-03T23:29:56.659+0000] {processor.py:829} INFO - Processing file /home/ubuntu/redfin/lib/python3.10/site-packages/airflow/example_dags/example_params_ui_tutorial.py for tasks to queue
[2023-12-03T23:29:56.660+0000] {logging_mixin.py:154} INFO - [2023-12-03T23:29:56.659+0000] {dagbag.py:536} INFO - Filling up the DagBag from /home/ubuntu/redfin/lib/python3.10/site-packages/airflow/example_dags/example_params_ui_tutorial.py
[2023-12-03T23:29:56.694+0000] {processor.py:839} INFO - DAG(s) dict_keys(['example_params_ui_tutorial']) retrieved from /home/ubuntu/redfin/lib/python3.10/site-packages/airflow/example_dags/example_params_ui_tutorial.py
[2023-12-03T23:29:56.747+0000] {logging_mixin.py:154} INFO - [2023-12-03T23:29:56.747+0000] {dag.py:2941} INFO - Sync 1 DAGs
[2023-12-03T23:29:56.760+0000] {logging_mixin.py:154} INFO - [2023-12-03T23:29:56.760+0000] {dag.py:3722} INFO - Setting next_dagrun for example_params_ui_tutorial to None, run_after=None
[2023-12-03T23:29:56.784+0000] {processor.py:179} INFO - Processing /home/ubuntu/redfin/lib/python3.10/site-packages/airflow/example_dags/example_params_ui_tutorial.py took 0.131 seconds
[2023-12-03T23:30:43.721+0000] {processor.py:157} INFO - Started process (PID=5261) to work on /home/ubuntu/redfin/lib/python3.10/site-packages/airflow/example_dags/example_params_ui_tutorial.py
[2023-12-03T23:30:43.723+0000] {processor.py:829} INFO - Processing file /home/ubuntu/redfin/lib/python3.10/site-packages/airflow/example_dags/example_params_ui_tutorial.py for tasks to queue
[2023-12-03T23:30:43.724+0000] {logging_mixin.py:154} INFO - [2023-12-03T23:30:43.723+0000] {dagbag.py:536} INFO - Filling up the DagBag from /home/ubuntu/redfin/lib/python3.10/site-packages/airflow/example_dags/example_params_ui_tutorial.py
[2023-12-03T23:30:43.758+0000] {processor.py:839} INFO - DAG(s) dict_keys(['example_params_ui_tutorial']) retrieved from /home/ubuntu/redfin/lib/python3.10/site-packages/airflow/example_dags/example_params_ui_tutorial.py
[2023-12-03T23:30:43.811+0000] {logging_mixin.py:154} INFO - [2023-12-03T23:30:43.810+0000] {dag.py:2941} INFO - Sync 1 DAGs
[2023-12-03T23:30:43.824+0000] {logging_mixin.py:154} INFO - [2023-12-03T23:30:43.824+0000] {dag.py:3722} INFO - Setting next_dagrun for example_params_ui_tutorial to None, run_after=None
[2023-12-03T23:30:43.849+0000] {processor.py:179} INFO - Processing /home/ubuntu/redfin/lib/python3.10/site-packages/airflow/example_dags/example_params_ui_tutorial.py took 0.131 seconds
[2023-12-03T23:31:30.283+0000] {processor.py:157} INFO - Started process (PID=5311) to work on /home/ubuntu/redfin/lib/python3.10/site-packages/airflow/example_dags/example_params_ui_tutorial.py
[2023-12-03T23:31:30.284+0000] {processor.py:829} INFO - Processing file /home/ubuntu/redfin/lib/python3.10/site-packages/airflow/example_dags/example_params_ui_tutorial.py for tasks to queue
[2023-12-03T23:31:30.285+0000] {logging_mixin.py:154} INFO - [2023-12-03T23:31:30.285+0000] {dagbag.py:536} INFO - Filling up the DagBag from /home/ubuntu/redfin/lib/python3.10/site-packages/airflow/example_dags/example_params_ui_tutorial.py
[2023-12-03T23:31:30.319+0000] {processor.py:839} INFO - DAG(s) dict_keys(['example_params_ui_tutorial']) retrieved from /home/ubuntu/redfin/lib/python3.10/site-packages/airflow/example_dags/example_params_ui_tutorial.py
[2023-12-03T23:31:30.372+0000] {logging_mixin.py:154} INFO - [2023-12-03T23:31:30.372+0000] {dag.py:2941} INFO - Sync 1 DAGs
[2023-12-03T23:31:30.386+0000] {logging_mixin.py:154} INFO - [2023-12-03T23:31:30.385+0000] {dag.py:3722} INFO - Setting next_dagrun for example_params_ui_tutorial to None, run_after=None
[2023-12-03T23:31:30.410+0000] {processor.py:179} INFO - Processing /home/ubuntu/redfin/lib/python3.10/site-packages/airflow/example_dags/example_params_ui_tutorial.py took 0.131 seconds
[2023-12-03T23:32:17.164+0000] {processor.py:157} INFO - Started process (PID=5364) to work on /home/ubuntu/redfin/lib/python3.10/site-packages/airflow/example_dags/example_params_ui_tutorial.py
[2023-12-03T23:32:17.165+0000] {processor.py:829} INFO - Processing file /home/ubuntu/redfin/lib/python3.10/site-packages/airflow/example_dags/example_params_ui_tutorial.py for tasks to queue
[2023-12-03T23:32:17.166+0000] {logging_mixin.py:154} INFO - [2023-12-03T23:32:17.166+0000] {dagbag.py:536} INFO - Filling up the DagBag from /home/ubuntu/redfin/lib/python3.10/site-packages/airflow/example_dags/example_params_ui_tutorial.py
[2023-12-03T23:32:17.200+0000] {processor.py:839} INFO - DAG(s) dict_keys(['example_params_ui_tutorial']) retrieved from /home/ubuntu/redfin/lib/python3.10/site-packages/airflow/example_dags/example_params_ui_tutorial.py
[2023-12-03T23:32:17.250+0000] {logging_mixin.py:154} INFO - [2023-12-03T23:32:17.249+0000] {dag.py:2941} INFO - Sync 1 DAGs
[2023-12-03T23:32:17.262+0000] {logging_mixin.py:154} INFO - [2023-12-03T23:32:17.262+0000] {dag.py:3722} INFO - Setting next_dagrun for example_params_ui_tutorial to None, run_after=None
[2023-12-03T23:32:17.290+0000] {processor.py:179} INFO - Processing /home/ubuntu/redfin/lib/python3.10/site-packages/airflow/example_dags/example_params_ui_tutorial.py took 0.130 seconds
[2023-12-03T23:33:01.353+0000] {processor.py:157} INFO - Started process (PID=5413) to work on /home/ubuntu/redfin/lib/python3.10/site-packages/airflow/example_dags/example_params_ui_tutorial.py
[2023-12-03T23:33:01.354+0000] {processor.py:829} INFO - Processing file /home/ubuntu/redfin/lib/python3.10/site-packages/airflow/example_dags/example_params_ui_tutorial.py for tasks to queue
[2023-12-03T23:33:01.355+0000] {logging_mixin.py:154} INFO - [2023-12-03T23:33:01.355+0000] {dagbag.py:536} INFO - Filling up the DagBag from /home/ubuntu/redfin/lib/python3.10/site-packages/airflow/example_dags/example_params_ui_tutorial.py
[2023-12-03T23:33:01.389+0000] {processor.py:839} INFO - DAG(s) dict_keys(['example_params_ui_tutorial']) retrieved from /home/ubuntu/redfin/lib/python3.10/site-packages/airflow/example_dags/example_params_ui_tutorial.py
[2023-12-03T23:33:01.440+0000] {logging_mixin.py:154} INFO - [2023-12-03T23:33:01.440+0000] {dag.py:2941} INFO - Sync 1 DAGs
[2023-12-03T23:33:01.453+0000] {logging_mixin.py:154} INFO - [2023-12-03T23:33:01.453+0000] {dag.py:3722} INFO - Setting next_dagrun for example_params_ui_tutorial to None, run_after=None
[2023-12-03T23:33:01.476+0000] {processor.py:179} INFO - Processing /home/ubuntu/redfin/lib/python3.10/site-packages/airflow/example_dags/example_params_ui_tutorial.py took 0.127 seconds
[2023-12-03T23:33:47.717+0000] {processor.py:157} INFO - Started process (PID=5463) to work on /home/ubuntu/redfin/lib/python3.10/site-packages/airflow/example_dags/example_params_ui_tutorial.py
[2023-12-03T23:33:47.719+0000] {processor.py:829} INFO - Processing file /home/ubuntu/redfin/lib/python3.10/site-packages/airflow/example_dags/example_params_ui_tutorial.py for tasks to queue
[2023-12-03T23:33:47.719+0000] {logging_mixin.py:154} INFO - [2023-12-03T23:33:47.719+0000] {dagbag.py:536} INFO - Filling up the DagBag from /home/ubuntu/redfin/lib/python3.10/site-packages/airflow/example_dags/example_params_ui_tutorial.py
[2023-12-03T23:33:47.753+0000] {processor.py:839} INFO - DAG(s) dict_keys(['example_params_ui_tutorial']) retrieved from /home/ubuntu/redfin/lib/python3.10/site-packages/airflow/example_dags/example_params_ui_tutorial.py
[2023-12-03T23:33:47.803+0000] {logging_mixin.py:154} INFO - [2023-12-03T23:33:47.803+0000] {dag.py:2941} INFO - Sync 1 DAGs
[2023-12-03T23:33:47.816+0000] {logging_mixin.py:154} INFO - [2023-12-03T23:33:47.816+0000] {dag.py:3722} INFO - Setting next_dagrun for example_params_ui_tutorial to None, run_after=None
[2023-12-03T23:33:47.840+0000] {processor.py:179} INFO - Processing /home/ubuntu/redfin/lib/python3.10/site-packages/airflow/example_dags/example_params_ui_tutorial.py took 0.126 seconds
[2023-12-03T23:34:35.224+0000] {processor.py:157} INFO - Started process (PID=5514) to work on /home/ubuntu/redfin/lib/python3.10/site-packages/airflow/example_dags/example_params_ui_tutorial.py
[2023-12-03T23:34:35.226+0000] {processor.py:829} INFO - Processing file /home/ubuntu/redfin/lib/python3.10/site-packages/airflow/example_dags/example_params_ui_tutorial.py for tasks to queue
[2023-12-03T23:34:35.226+0000] {logging_mixin.py:154} INFO - [2023-12-03T23:34:35.226+0000] {dagbag.py:536} INFO - Filling up the DagBag from /home/ubuntu/redfin/lib/python3.10/site-packages/airflow/example_dags/example_params_ui_tutorial.py
[2023-12-03T23:34:35.259+0000] {processor.py:839} INFO - DAG(s) dict_keys(['example_params_ui_tutorial']) retrieved from /home/ubuntu/redfin/lib/python3.10/site-packages/airflow/example_dags/example_params_ui_tutorial.py
[2023-12-03T23:34:35.310+0000] {logging_mixin.py:154} INFO - [2023-12-03T23:34:35.310+0000] {dag.py:2941} INFO - Sync 1 DAGs
[2023-12-03T23:34:35.322+0000] {logging_mixin.py:154} INFO - [2023-12-03T23:34:35.322+0000] {dag.py:3722} INFO - Setting next_dagrun for example_params_ui_tutorial to None, run_after=None
[2023-12-03T23:34:35.345+0000] {processor.py:179} INFO - Processing /home/ubuntu/redfin/lib/python3.10/site-packages/airflow/example_dags/example_params_ui_tutorial.py took 0.124 seconds
[2023-12-03T23:35:24.841+0000] {processor.py:157} INFO - Started process (PID=5569) to work on /home/ubuntu/redfin/lib/python3.10/site-packages/airflow/example_dags/example_params_ui_tutorial.py
[2023-12-03T23:35:24.843+0000] {processor.py:829} INFO - Processing file /home/ubuntu/redfin/lib/python3.10/site-packages/airflow/example_dags/example_params_ui_tutorial.py for tasks to queue
[2023-12-03T23:35:24.844+0000] {logging_mixin.py:154} INFO - [2023-12-03T23:35:24.843+0000] {dagbag.py:536} INFO - Filling up the DagBag from /home/ubuntu/redfin/lib/python3.10/site-packages/airflow/example_dags/example_params_ui_tutorial.py
[2023-12-03T23:35:24.878+0000] {processor.py:839} INFO - DAG(s) dict_keys(['example_params_ui_tutorial']) retrieved from /home/ubuntu/redfin/lib/python3.10/site-packages/airflow/example_dags/example_params_ui_tutorial.py
[2023-12-03T23:35:24.931+0000] {logging_mixin.py:154} INFO - [2023-12-03T23:35:24.930+0000] {dag.py:2941} INFO - Sync 1 DAGs
[2023-12-03T23:35:24.944+0000] {logging_mixin.py:154} INFO - [2023-12-03T23:35:24.944+0000] {dag.py:3722} INFO - Setting next_dagrun for example_params_ui_tutorial to None, run_after=None
[2023-12-03T23:35:24.967+0000] {processor.py:179} INFO - Processing /home/ubuntu/redfin/lib/python3.10/site-packages/airflow/example_dags/example_params_ui_tutorial.py took 0.129 seconds
[2023-12-03T23:36:14.470+0000] {processor.py:157} INFO - Started process (PID=5622) to work on /home/ubuntu/redfin/lib/python3.10/site-packages/airflow/example_dags/example_params_ui_tutorial.py
[2023-12-03T23:36:14.471+0000] {processor.py:829} INFO - Processing file /home/ubuntu/redfin/lib/python3.10/site-packages/airflow/example_dags/example_params_ui_tutorial.py for tasks to queue
[2023-12-03T23:36:14.472+0000] {logging_mixin.py:154} INFO - [2023-12-03T23:36:14.471+0000] {dagbag.py:536} INFO - Filling up the DagBag from /home/ubuntu/redfin/lib/python3.10/site-packages/airflow/example_dags/example_params_ui_tutorial.py
[2023-12-03T23:36:14.506+0000] {processor.py:839} INFO - DAG(s) dict_keys(['example_params_ui_tutorial']) retrieved from /home/ubuntu/redfin/lib/python3.10/site-packages/airflow/example_dags/example_params_ui_tutorial.py
[2023-12-03T23:36:14.557+0000] {logging_mixin.py:154} INFO - [2023-12-03T23:36:14.557+0000] {dag.py:2941} INFO - Sync 1 DAGs
[2023-12-03T23:36:14.569+0000] {logging_mixin.py:154} INFO - [2023-12-03T23:36:14.569+0000] {dag.py:3722} INFO - Setting next_dagrun for example_params_ui_tutorial to None, run_after=None
[2023-12-03T23:36:14.596+0000] {processor.py:179} INFO - Processing /home/ubuntu/redfin/lib/python3.10/site-packages/airflow/example_dags/example_params_ui_tutorial.py took 0.131 seconds
[2023-12-03T23:37:05.115+0000] {processor.py:157} INFO - Started process (PID=5678) to work on /home/ubuntu/redfin/lib/python3.10/site-packages/airflow/example_dags/example_params_ui_tutorial.py
[2023-12-03T23:37:05.116+0000] {processor.py:829} INFO - Processing file /home/ubuntu/redfin/lib/python3.10/site-packages/airflow/example_dags/example_params_ui_tutorial.py for tasks to queue
[2023-12-03T23:37:05.117+0000] {logging_mixin.py:154} INFO - [2023-12-03T23:37:05.117+0000] {dagbag.py:536} INFO - Filling up the DagBag from /home/ubuntu/redfin/lib/python3.10/site-packages/airflow/example_dags/example_params_ui_tutorial.py
[2023-12-03T23:37:05.150+0000] {processor.py:839} INFO - DAG(s) dict_keys(['example_params_ui_tutorial']) retrieved from /home/ubuntu/redfin/lib/python3.10/site-packages/airflow/example_dags/example_params_ui_tutorial.py
[2023-12-03T23:37:05.200+0000] {logging_mixin.py:154} INFO - [2023-12-03T23:37:05.200+0000] {dag.py:2941} INFO - Sync 1 DAGs
[2023-12-03T23:37:05.212+0000] {logging_mixin.py:154} INFO - [2023-12-03T23:37:05.212+0000] {dag.py:3722} INFO - Setting next_dagrun for example_params_ui_tutorial to None, run_after=None
[2023-12-03T23:37:05.235+0000] {processor.py:179} INFO - Processing /home/ubuntu/redfin/lib/python3.10/site-packages/airflow/example_dags/example_params_ui_tutorial.py took 0.124 seconds
[2023-12-03T23:37:51.515+0000] {processor.py:157} INFO - Started process (PID=5729) to work on /home/ubuntu/redfin/lib/python3.10/site-packages/airflow/example_dags/example_params_ui_tutorial.py
[2023-12-03T23:37:51.516+0000] {processor.py:829} INFO - Processing file /home/ubuntu/redfin/lib/python3.10/site-packages/airflow/example_dags/example_params_ui_tutorial.py for tasks to queue
[2023-12-03T23:37:51.517+0000] {logging_mixin.py:154} INFO - [2023-12-03T23:37:51.517+0000] {dagbag.py:536} INFO - Filling up the DagBag from /home/ubuntu/redfin/lib/python3.10/site-packages/airflow/example_dags/example_params_ui_tutorial.py
[2023-12-03T23:37:51.552+0000] {processor.py:839} INFO - DAG(s) dict_keys(['example_params_ui_tutorial']) retrieved from /home/ubuntu/redfin/lib/python3.10/site-packages/airflow/example_dags/example_params_ui_tutorial.py
[2023-12-03T23:37:51.604+0000] {logging_mixin.py:154} INFO - [2023-12-03T23:37:51.604+0000] {dag.py:2941} INFO - Sync 1 DAGs
[2023-12-03T23:37:51.617+0000] {logging_mixin.py:154} INFO - [2023-12-03T23:37:51.616+0000] {dag.py:3722} INFO - Setting next_dagrun for example_params_ui_tutorial to None, run_after=None
[2023-12-03T23:37:51.639+0000] {processor.py:179} INFO - Processing /home/ubuntu/redfin/lib/python3.10/site-packages/airflow/example_dags/example_params_ui_tutorial.py took 0.128 seconds
[2023-12-03T23:38:39.622+0000] {processor.py:157} INFO - Started process (PID=5780) to work on /home/ubuntu/redfin/lib/python3.10/site-packages/airflow/example_dags/example_params_ui_tutorial.py
[2023-12-03T23:38:39.624+0000] {processor.py:829} INFO - Processing file /home/ubuntu/redfin/lib/python3.10/site-packages/airflow/example_dags/example_params_ui_tutorial.py for tasks to queue
[2023-12-03T23:38:39.625+0000] {logging_mixin.py:154} INFO - [2023-12-03T23:38:39.625+0000] {dagbag.py:536} INFO - Filling up the DagBag from /home/ubuntu/redfin/lib/python3.10/site-packages/airflow/example_dags/example_params_ui_tutorial.py
[2023-12-03T23:38:39.658+0000] {processor.py:839} INFO - DAG(s) dict_keys(['example_params_ui_tutorial']) retrieved from /home/ubuntu/redfin/lib/python3.10/site-packages/airflow/example_dags/example_params_ui_tutorial.py
[2023-12-03T23:38:39.709+0000] {logging_mixin.py:154} INFO - [2023-12-03T23:38:39.708+0000] {dag.py:2941} INFO - Sync 1 DAGs
[2023-12-03T23:38:39.721+0000] {logging_mixin.py:154} INFO - [2023-12-03T23:38:39.721+0000] {dag.py:3722} INFO - Setting next_dagrun for example_params_ui_tutorial to None, run_after=None
[2023-12-03T23:38:39.743+0000] {processor.py:179} INFO - Processing /home/ubuntu/redfin/lib/python3.10/site-packages/airflow/example_dags/example_params_ui_tutorial.py took 0.124 seconds
[2023-12-03T23:39:25.262+0000] {processor.py:157} INFO - Started process (PID=5830) to work on /home/ubuntu/redfin/lib/python3.10/site-packages/airflow/example_dags/example_params_ui_tutorial.py
[2023-12-03T23:39:25.264+0000] {processor.py:829} INFO - Processing file /home/ubuntu/redfin/lib/python3.10/site-packages/airflow/example_dags/example_params_ui_tutorial.py for tasks to queue
[2023-12-03T23:39:25.264+0000] {logging_mixin.py:154} INFO - [2023-12-03T23:39:25.264+0000] {dagbag.py:536} INFO - Filling up the DagBag from /home/ubuntu/redfin/lib/python3.10/site-packages/airflow/example_dags/example_params_ui_tutorial.py
[2023-12-03T23:39:25.297+0000] {processor.py:839} INFO - DAG(s) dict_keys(['example_params_ui_tutorial']) retrieved from /home/ubuntu/redfin/lib/python3.10/site-packages/airflow/example_dags/example_params_ui_tutorial.py
[2023-12-03T23:39:25.347+0000] {logging_mixin.py:154} INFO - [2023-12-03T23:39:25.347+0000] {dag.py:2941} INFO - Sync 1 DAGs
[2023-12-03T23:39:25.359+0000] {logging_mixin.py:154} INFO - [2023-12-03T23:39:25.359+0000] {dag.py:3722} INFO - Setting next_dagrun for example_params_ui_tutorial to None, run_after=None
[2023-12-03T23:39:25.383+0000] {processor.py:179} INFO - Processing /home/ubuntu/redfin/lib/python3.10/site-packages/airflow/example_dags/example_params_ui_tutorial.py took 0.125 seconds
[2023-12-03T23:40:10.800+0000] {processor.py:157} INFO - Started process (PID=5880) to work on /home/ubuntu/redfin/lib/python3.10/site-packages/airflow/example_dags/example_params_ui_tutorial.py
[2023-12-03T23:40:10.802+0000] {processor.py:829} INFO - Processing file /home/ubuntu/redfin/lib/python3.10/site-packages/airflow/example_dags/example_params_ui_tutorial.py for tasks to queue
[2023-12-03T23:40:10.802+0000] {logging_mixin.py:154} INFO - [2023-12-03T23:40:10.802+0000] {dagbag.py:536} INFO - Filling up the DagBag from /home/ubuntu/redfin/lib/python3.10/site-packages/airflow/example_dags/example_params_ui_tutorial.py
[2023-12-03T23:40:10.835+0000] {processor.py:839} INFO - DAG(s) dict_keys(['example_params_ui_tutorial']) retrieved from /home/ubuntu/redfin/lib/python3.10/site-packages/airflow/example_dags/example_params_ui_tutorial.py
[2023-12-03T23:40:10.887+0000] {logging_mixin.py:154} INFO - [2023-12-03T23:40:10.887+0000] {dag.py:2941} INFO - Sync 1 DAGs
[2023-12-03T23:40:10.900+0000] {logging_mixin.py:154} INFO - [2023-12-03T23:40:10.899+0000] {dag.py:3722} INFO - Setting next_dagrun for example_params_ui_tutorial to None, run_after=None
[2023-12-03T23:40:10.923+0000] {processor.py:179} INFO - Processing /home/ubuntu/redfin/lib/python3.10/site-packages/airflow/example_dags/example_params_ui_tutorial.py took 0.126 seconds
[2023-12-03T23:41:01.704+0000] {processor.py:157} INFO - Started process (PID=5936) to work on /home/ubuntu/redfin/lib/python3.10/site-packages/airflow/example_dags/example_params_ui_tutorial.py
[2023-12-03T23:41:01.705+0000] {processor.py:829} INFO - Processing file /home/ubuntu/redfin/lib/python3.10/site-packages/airflow/example_dags/example_params_ui_tutorial.py for tasks to queue
[2023-12-03T23:41:01.706+0000] {logging_mixin.py:154} INFO - [2023-12-03T23:41:01.706+0000] {dagbag.py:536} INFO - Filling up the DagBag from /home/ubuntu/redfin/lib/python3.10/site-packages/airflow/example_dags/example_params_ui_tutorial.py
[2023-12-03T23:41:01.741+0000] {processor.py:839} INFO - DAG(s) dict_keys(['example_params_ui_tutorial']) retrieved from /home/ubuntu/redfin/lib/python3.10/site-packages/airflow/example_dags/example_params_ui_tutorial.py
[2023-12-03T23:41:01.794+0000] {logging_mixin.py:154} INFO - [2023-12-03T23:41:01.794+0000] {dag.py:2941} INFO - Sync 1 DAGs
[2023-12-03T23:41:01.807+0000] {logging_mixin.py:154} INFO - [2023-12-03T23:41:01.807+0000] {dag.py:3722} INFO - Setting next_dagrun for example_params_ui_tutorial to None, run_after=None
[2023-12-03T23:41:01.831+0000] {processor.py:179} INFO - Processing /home/ubuntu/redfin/lib/python3.10/site-packages/airflow/example_dags/example_params_ui_tutorial.py took 0.131 seconds
[2023-12-03T23:41:48.057+0000] {processor.py:157} INFO - Started process (PID=5987) to work on /home/ubuntu/redfin/lib/python3.10/site-packages/airflow/example_dags/example_params_ui_tutorial.py
[2023-12-03T23:41:48.059+0000] {processor.py:829} INFO - Processing file /home/ubuntu/redfin/lib/python3.10/site-packages/airflow/example_dags/example_params_ui_tutorial.py for tasks to queue
[2023-12-03T23:41:48.060+0000] {logging_mixin.py:154} INFO - [2023-12-03T23:41:48.059+0000] {dagbag.py:536} INFO - Filling up the DagBag from /home/ubuntu/redfin/lib/python3.10/site-packages/airflow/example_dags/example_params_ui_tutorial.py
[2023-12-03T23:41:48.093+0000] {processor.py:839} INFO - DAG(s) dict_keys(['example_params_ui_tutorial']) retrieved from /home/ubuntu/redfin/lib/python3.10/site-packages/airflow/example_dags/example_params_ui_tutorial.py
[2023-12-03T23:41:48.143+0000] {logging_mixin.py:154} INFO - [2023-12-03T23:41:48.143+0000] {dag.py:2941} INFO - Sync 1 DAGs
[2023-12-03T23:41:48.156+0000] {logging_mixin.py:154} INFO - [2023-12-03T23:41:48.156+0000] {dag.py:3722} INFO - Setting next_dagrun for example_params_ui_tutorial to None, run_after=None
[2023-12-03T23:41:48.178+0000] {processor.py:179} INFO - Processing /home/ubuntu/redfin/lib/python3.10/site-packages/airflow/example_dags/example_params_ui_tutorial.py took 0.124 seconds
[2023-12-03T23:42:35.562+0000] {processor.py:157} INFO - Started process (PID=6037) to work on /home/ubuntu/redfin/lib/python3.10/site-packages/airflow/example_dags/example_params_ui_tutorial.py
[2023-12-03T23:42:35.563+0000] {processor.py:829} INFO - Processing file /home/ubuntu/redfin/lib/python3.10/site-packages/airflow/example_dags/example_params_ui_tutorial.py for tasks to queue
[2023-12-03T23:42:35.564+0000] {logging_mixin.py:154} INFO - [2023-12-03T23:42:35.564+0000] {dagbag.py:536} INFO - Filling up the DagBag from /home/ubuntu/redfin/lib/python3.10/site-packages/airflow/example_dags/example_params_ui_tutorial.py
[2023-12-03T23:42:35.597+0000] {processor.py:839} INFO - DAG(s) dict_keys(['example_params_ui_tutorial']) retrieved from /home/ubuntu/redfin/lib/python3.10/site-packages/airflow/example_dags/example_params_ui_tutorial.py
[2023-12-03T23:42:35.647+0000] {logging_mixin.py:154} INFO - [2023-12-03T23:42:35.647+0000] {dag.py:2941} INFO - Sync 1 DAGs
[2023-12-03T23:42:35.660+0000] {logging_mixin.py:154} INFO - [2023-12-03T23:42:35.660+0000] {dag.py:3722} INFO - Setting next_dagrun for example_params_ui_tutorial to None, run_after=None
[2023-12-03T23:42:35.683+0000] {processor.py:179} INFO - Processing /home/ubuntu/redfin/lib/python3.10/site-packages/airflow/example_dags/example_params_ui_tutorial.py took 0.125 seconds
[2023-12-03T23:43:19.558+0000] {processor.py:157} INFO - Started process (PID=6087) to work on /home/ubuntu/redfin/lib/python3.10/site-packages/airflow/example_dags/example_params_ui_tutorial.py
[2023-12-03T23:43:19.560+0000] {processor.py:829} INFO - Processing file /home/ubuntu/redfin/lib/python3.10/site-packages/airflow/example_dags/example_params_ui_tutorial.py for tasks to queue
[2023-12-03T23:43:19.561+0000] {logging_mixin.py:154} INFO - [2023-12-03T23:43:19.560+0000] {dagbag.py:536} INFO - Filling up the DagBag from /home/ubuntu/redfin/lib/python3.10/site-packages/airflow/example_dags/example_params_ui_tutorial.py
[2023-12-03T23:43:19.594+0000] {processor.py:839} INFO - DAG(s) dict_keys(['example_params_ui_tutorial']) retrieved from /home/ubuntu/redfin/lib/python3.10/site-packages/airflow/example_dags/example_params_ui_tutorial.py
[2023-12-03T23:43:19.645+0000] {logging_mixin.py:154} INFO - [2023-12-03T23:43:19.645+0000] {dag.py:2941} INFO - Sync 1 DAGs
[2023-12-03T23:43:19.658+0000] {logging_mixin.py:154} INFO - [2023-12-03T23:43:19.658+0000] {dag.py:3722} INFO - Setting next_dagrun for example_params_ui_tutorial to None, run_after=None
[2023-12-03T23:43:19.681+0000] {processor.py:179} INFO - Processing /home/ubuntu/redfin/lib/python3.10/site-packages/airflow/example_dags/example_params_ui_tutorial.py took 0.126 seconds
[2023-12-03T23:44:09.872+0000] {processor.py:157} INFO - Started process (PID=6396) to work on /home/ubuntu/redfin/lib/python3.10/site-packages/airflow/example_dags/example_params_ui_tutorial.py
[2023-12-03T23:44:09.873+0000] {processor.py:829} INFO - Processing file /home/ubuntu/redfin/lib/python3.10/site-packages/airflow/example_dags/example_params_ui_tutorial.py for tasks to queue
[2023-12-03T23:44:09.874+0000] {logging_mixin.py:154} INFO - [2023-12-03T23:44:09.874+0000] {dagbag.py:536} INFO - Filling up the DagBag from /home/ubuntu/redfin/lib/python3.10/site-packages/airflow/example_dags/example_params_ui_tutorial.py
[2023-12-03T23:44:09.908+0000] {processor.py:839} INFO - DAG(s) dict_keys(['example_params_ui_tutorial']) retrieved from /home/ubuntu/redfin/lib/python3.10/site-packages/airflow/example_dags/example_params_ui_tutorial.py
[2023-12-03T23:44:09.960+0000] {logging_mixin.py:154} INFO - [2023-12-03T23:44:09.959+0000] {dag.py:2941} INFO - Sync 1 DAGs
[2023-12-03T23:44:09.973+0000] {logging_mixin.py:154} INFO - [2023-12-03T23:44:09.972+0000] {dag.py:3722} INFO - Setting next_dagrun for example_params_ui_tutorial to None, run_after=None
[2023-12-03T23:44:09.996+0000] {processor.py:179} INFO - Processing /home/ubuntu/redfin/lib/python3.10/site-packages/airflow/example_dags/example_params_ui_tutorial.py took 0.128 seconds
[2023-12-03T23:44:52.331+0000] {processor.py:157} INFO - Started process (PID=6601) to work on /home/ubuntu/redfin/lib/python3.10/site-packages/airflow/example_dags/example_params_ui_tutorial.py
[2023-12-03T23:44:52.333+0000] {processor.py:829} INFO - Processing file /home/ubuntu/redfin/lib/python3.10/site-packages/airflow/example_dags/example_params_ui_tutorial.py for tasks to queue
[2023-12-03T23:44:52.333+0000] {logging_mixin.py:154} INFO - [2023-12-03T23:44:52.333+0000] {dagbag.py:536} INFO - Filling up the DagBag from /home/ubuntu/redfin/lib/python3.10/site-packages/airflow/example_dags/example_params_ui_tutorial.py
[2023-12-03T23:44:52.366+0000] {processor.py:839} INFO - DAG(s) dict_keys(['example_params_ui_tutorial']) retrieved from /home/ubuntu/redfin/lib/python3.10/site-packages/airflow/example_dags/example_params_ui_tutorial.py
[2023-12-03T23:44:52.417+0000] {logging_mixin.py:154} INFO - [2023-12-03T23:44:52.416+0000] {dag.py:2941} INFO - Sync 1 DAGs
[2023-12-03T23:44:52.429+0000] {logging_mixin.py:154} INFO - [2023-12-03T23:44:52.429+0000] {dag.py:3722} INFO - Setting next_dagrun for example_params_ui_tutorial to None, run_after=None
[2023-12-03T23:44:52.451+0000] {processor.py:179} INFO - Processing /home/ubuntu/redfin/lib/python3.10/site-packages/airflow/example_dags/example_params_ui_tutorial.py took 0.123 seconds
[2023-12-03T23:45:37.548+0000] {processor.py:157} INFO - Started process (PID=6650) to work on /home/ubuntu/redfin/lib/python3.10/site-packages/airflow/example_dags/example_params_ui_tutorial.py
[2023-12-03T23:45:37.550+0000] {processor.py:829} INFO - Processing file /home/ubuntu/redfin/lib/python3.10/site-packages/airflow/example_dags/example_params_ui_tutorial.py for tasks to queue
[2023-12-03T23:45:37.551+0000] {logging_mixin.py:154} INFO - [2023-12-03T23:45:37.550+0000] {dagbag.py:536} INFO - Filling up the DagBag from /home/ubuntu/redfin/lib/python3.10/site-packages/airflow/example_dags/example_params_ui_tutorial.py
[2023-12-03T23:45:37.584+0000] {processor.py:839} INFO - DAG(s) dict_keys(['example_params_ui_tutorial']) retrieved from /home/ubuntu/redfin/lib/python3.10/site-packages/airflow/example_dags/example_params_ui_tutorial.py
[2023-12-03T23:45:37.635+0000] {logging_mixin.py:154} INFO - [2023-12-03T23:45:37.635+0000] {dag.py:2941} INFO - Sync 1 DAGs
[2023-12-03T23:45:37.649+0000] {logging_mixin.py:154} INFO - [2023-12-03T23:45:37.649+0000] {dag.py:3722} INFO - Setting next_dagrun for example_params_ui_tutorial to None, run_after=None
[2023-12-03T23:45:37.672+0000] {processor.py:179} INFO - Processing /home/ubuntu/redfin/lib/python3.10/site-packages/airflow/example_dags/example_params_ui_tutorial.py took 0.128 seconds
[2023-12-03T23:46:21.043+0000] {processor.py:157} INFO - Started process (PID=6699) to work on /home/ubuntu/redfin/lib/python3.10/site-packages/airflow/example_dags/example_params_ui_tutorial.py
[2023-12-03T23:46:21.045+0000] {processor.py:829} INFO - Processing file /home/ubuntu/redfin/lib/python3.10/site-packages/airflow/example_dags/example_params_ui_tutorial.py for tasks to queue
[2023-12-03T23:46:21.045+0000] {logging_mixin.py:154} INFO - [2023-12-03T23:46:21.045+0000] {dagbag.py:536} INFO - Filling up the DagBag from /home/ubuntu/redfin/lib/python3.10/site-packages/airflow/example_dags/example_params_ui_tutorial.py
[2023-12-03T23:46:21.078+0000] {processor.py:839} INFO - DAG(s) dict_keys(['example_params_ui_tutorial']) retrieved from /home/ubuntu/redfin/lib/python3.10/site-packages/airflow/example_dags/example_params_ui_tutorial.py
[2023-12-03T23:46:21.128+0000] {logging_mixin.py:154} INFO - [2023-12-03T23:46:21.128+0000] {dag.py:2941} INFO - Sync 1 DAGs
[2023-12-03T23:46:21.141+0000] {logging_mixin.py:154} INFO - [2023-12-03T23:46:21.140+0000] {dag.py:3722} INFO - Setting next_dagrun for example_params_ui_tutorial to None, run_after=None
[2023-12-03T23:46:21.163+0000] {processor.py:179} INFO - Processing /home/ubuntu/redfin/lib/python3.10/site-packages/airflow/example_dags/example_params_ui_tutorial.py took 0.123 seconds
[2023-12-03T23:47:08.644+0000] {processor.py:157} INFO - Started process (PID=6755) to work on /home/ubuntu/redfin/lib/python3.10/site-packages/airflow/example_dags/example_params_ui_tutorial.py
[2023-12-03T23:47:08.645+0000] {processor.py:829} INFO - Processing file /home/ubuntu/redfin/lib/python3.10/site-packages/airflow/example_dags/example_params_ui_tutorial.py for tasks to queue
[2023-12-03T23:47:08.646+0000] {logging_mixin.py:154} INFO - [2023-12-03T23:47:08.646+0000] {dagbag.py:536} INFO - Filling up the DagBag from /home/ubuntu/redfin/lib/python3.10/site-packages/airflow/example_dags/example_params_ui_tutorial.py
[2023-12-03T23:47:08.679+0000] {processor.py:839} INFO - DAG(s) dict_keys(['example_params_ui_tutorial']) retrieved from /home/ubuntu/redfin/lib/python3.10/site-packages/airflow/example_dags/example_params_ui_tutorial.py
[2023-12-03T23:47:08.729+0000] {logging_mixin.py:154} INFO - [2023-12-03T23:47:08.729+0000] {dag.py:2941} INFO - Sync 1 DAGs
[2023-12-03T23:47:08.742+0000] {logging_mixin.py:154} INFO - [2023-12-03T23:47:08.742+0000] {dag.py:3722} INFO - Setting next_dagrun for example_params_ui_tutorial to None, run_after=None
[2023-12-03T23:47:08.764+0000] {processor.py:179} INFO - Processing /home/ubuntu/redfin/lib/python3.10/site-packages/airflow/example_dags/example_params_ui_tutorial.py took 0.124 seconds
[2023-12-03T23:47:58.040+0000] {processor.py:157} INFO - Started process (PID=6841) to work on /home/ubuntu/redfin/lib/python3.10/site-packages/airflow/example_dags/example_params_ui_tutorial.py
[2023-12-03T23:47:58.042+0000] {processor.py:829} INFO - Processing file /home/ubuntu/redfin/lib/python3.10/site-packages/airflow/example_dags/example_params_ui_tutorial.py for tasks to queue
[2023-12-03T23:47:58.042+0000] {logging_mixin.py:154} INFO - [2023-12-03T23:47:58.042+0000] {dagbag.py:536} INFO - Filling up the DagBag from /home/ubuntu/redfin/lib/python3.10/site-packages/airflow/example_dags/example_params_ui_tutorial.py
[2023-12-03T23:47:58.076+0000] {processor.py:839} INFO - DAG(s) dict_keys(['example_params_ui_tutorial']) retrieved from /home/ubuntu/redfin/lib/python3.10/site-packages/airflow/example_dags/example_params_ui_tutorial.py
[2023-12-03T23:47:58.127+0000] {logging_mixin.py:154} INFO - [2023-12-03T23:47:58.127+0000] {dag.py:2941} INFO - Sync 1 DAGs
[2023-12-03T23:47:58.140+0000] {logging_mixin.py:154} INFO - [2023-12-03T23:47:58.139+0000] {dag.py:3722} INFO - Setting next_dagrun for example_params_ui_tutorial to None, run_after=None
[2023-12-03T23:47:58.163+0000] {processor.py:179} INFO - Processing /home/ubuntu/redfin/lib/python3.10/site-packages/airflow/example_dags/example_params_ui_tutorial.py took 0.127 seconds
[2023-12-03T23:48:45.798+0000] {processor.py:157} INFO - Started process (PID=6895) to work on /home/ubuntu/redfin/lib/python3.10/site-packages/airflow/example_dags/example_params_ui_tutorial.py
[2023-12-03T23:48:45.799+0000] {processor.py:829} INFO - Processing file /home/ubuntu/redfin/lib/python3.10/site-packages/airflow/example_dags/example_params_ui_tutorial.py for tasks to queue
[2023-12-03T23:48:45.800+0000] {logging_mixin.py:154} INFO - [2023-12-03T23:48:45.800+0000] {dagbag.py:536} INFO - Filling up the DagBag from /home/ubuntu/redfin/lib/python3.10/site-packages/airflow/example_dags/example_params_ui_tutorial.py
[2023-12-03T23:48:45.836+0000] {processor.py:839} INFO - DAG(s) dict_keys(['example_params_ui_tutorial']) retrieved from /home/ubuntu/redfin/lib/python3.10/site-packages/airflow/example_dags/example_params_ui_tutorial.py
[2023-12-03T23:48:45.889+0000] {logging_mixin.py:154} INFO - [2023-12-03T23:48:45.889+0000] {dag.py:2941} INFO - Sync 1 DAGs
[2023-12-03T23:48:45.903+0000] {logging_mixin.py:154} INFO - [2023-12-03T23:48:45.902+0000] {dag.py:3722} INFO - Setting next_dagrun for example_params_ui_tutorial to None, run_after=None
[2023-12-03T23:48:45.926+0000] {processor.py:179} INFO - Processing /home/ubuntu/redfin/lib/python3.10/site-packages/airflow/example_dags/example_params_ui_tutorial.py took 0.132 seconds
[2023-12-03T23:49:37.658+0000] {processor.py:157} INFO - Started process (PID=6952) to work on /home/ubuntu/redfin/lib/python3.10/site-packages/airflow/example_dags/example_params_ui_tutorial.py
[2023-12-03T23:49:37.660+0000] {processor.py:829} INFO - Processing file /home/ubuntu/redfin/lib/python3.10/site-packages/airflow/example_dags/example_params_ui_tutorial.py for tasks to queue
[2023-12-03T23:49:37.661+0000] {logging_mixin.py:154} INFO - [2023-12-03T23:49:37.660+0000] {dagbag.py:536} INFO - Filling up the DagBag from /home/ubuntu/redfin/lib/python3.10/site-packages/airflow/example_dags/example_params_ui_tutorial.py
[2023-12-03T23:49:37.694+0000] {processor.py:839} INFO - DAG(s) dict_keys(['example_params_ui_tutorial']) retrieved from /home/ubuntu/redfin/lib/python3.10/site-packages/airflow/example_dags/example_params_ui_tutorial.py
[2023-12-03T23:49:37.746+0000] {logging_mixin.py:154} INFO - [2023-12-03T23:49:37.745+0000] {dag.py:2941} INFO - Sync 1 DAGs
[2023-12-03T23:49:37.758+0000] {logging_mixin.py:154} INFO - [2023-12-03T23:49:37.758+0000] {dag.py:3722} INFO - Setting next_dagrun for example_params_ui_tutorial to None, run_after=None
[2023-12-03T23:49:37.781+0000] {processor.py:179} INFO - Processing /home/ubuntu/redfin/lib/python3.10/site-packages/airflow/example_dags/example_params_ui_tutorial.py took 0.127 seconds
[2023-12-03T23:50:24.015+0000] {processor.py:157} INFO - Started process (PID=7003) to work on /home/ubuntu/redfin/lib/python3.10/site-packages/airflow/example_dags/example_params_ui_tutorial.py
[2023-12-03T23:50:24.017+0000] {processor.py:829} INFO - Processing file /home/ubuntu/redfin/lib/python3.10/site-packages/airflow/example_dags/example_params_ui_tutorial.py for tasks to queue
[2023-12-03T23:50:24.018+0000] {logging_mixin.py:154} INFO - [2023-12-03T23:50:24.017+0000] {dagbag.py:536} INFO - Filling up the DagBag from /home/ubuntu/redfin/lib/python3.10/site-packages/airflow/example_dags/example_params_ui_tutorial.py
[2023-12-03T23:50:24.052+0000] {processor.py:839} INFO - DAG(s) dict_keys(['example_params_ui_tutorial']) retrieved from /home/ubuntu/redfin/lib/python3.10/site-packages/airflow/example_dags/example_params_ui_tutorial.py
[2023-12-03T23:50:24.104+0000] {logging_mixin.py:154} INFO - [2023-12-03T23:50:24.104+0000] {dag.py:2941} INFO - Sync 1 DAGs
[2023-12-03T23:50:24.117+0000] {logging_mixin.py:154} INFO - [2023-12-03T23:50:24.117+0000] {dag.py:3722} INFO - Setting next_dagrun for example_params_ui_tutorial to None, run_after=None
[2023-12-03T23:50:24.140+0000] {processor.py:179} INFO - Processing /home/ubuntu/redfin/lib/python3.10/site-packages/airflow/example_dags/example_params_ui_tutorial.py took 0.129 seconds
[2023-12-03T23:51:12.650+0000] {processor.py:157} INFO - Started process (PID=7058) to work on /home/ubuntu/redfin/lib/python3.10/site-packages/airflow/example_dags/example_params_ui_tutorial.py
[2023-12-03T23:51:12.652+0000] {processor.py:829} INFO - Processing file /home/ubuntu/redfin/lib/python3.10/site-packages/airflow/example_dags/example_params_ui_tutorial.py for tasks to queue
[2023-12-03T23:51:12.653+0000] {logging_mixin.py:154} INFO - [2023-12-03T23:51:12.653+0000] {dagbag.py:536} INFO - Filling up the DagBag from /home/ubuntu/redfin/lib/python3.10/site-packages/airflow/example_dags/example_params_ui_tutorial.py
[2023-12-03T23:51:12.686+0000] {processor.py:839} INFO - DAG(s) dict_keys(['example_params_ui_tutorial']) retrieved from /home/ubuntu/redfin/lib/python3.10/site-packages/airflow/example_dags/example_params_ui_tutorial.py
[2023-12-03T23:51:12.737+0000] {logging_mixin.py:154} INFO - [2023-12-03T23:51:12.737+0000] {dag.py:2941} INFO - Sync 1 DAGs
[2023-12-03T23:51:12.750+0000] {logging_mixin.py:154} INFO - [2023-12-03T23:51:12.749+0000] {dag.py:3722} INFO - Setting next_dagrun for example_params_ui_tutorial to None, run_after=None
[2023-12-03T23:51:12.772+0000] {processor.py:179} INFO - Processing /home/ubuntu/redfin/lib/python3.10/site-packages/airflow/example_dags/example_params_ui_tutorial.py took 0.126 seconds
[2023-12-03T23:51:59.453+0000] {processor.py:157} INFO - Started process (PID=7109) to work on /home/ubuntu/redfin/lib/python3.10/site-packages/airflow/example_dags/example_params_ui_tutorial.py
[2023-12-03T23:51:59.454+0000] {processor.py:829} INFO - Processing file /home/ubuntu/redfin/lib/python3.10/site-packages/airflow/example_dags/example_params_ui_tutorial.py for tasks to queue
[2023-12-03T23:51:59.455+0000] {logging_mixin.py:154} INFO - [2023-12-03T23:51:59.455+0000] {dagbag.py:536} INFO - Filling up the DagBag from /home/ubuntu/redfin/lib/python3.10/site-packages/airflow/example_dags/example_params_ui_tutorial.py
[2023-12-03T23:51:59.488+0000] {processor.py:839} INFO - DAG(s) dict_keys(['example_params_ui_tutorial']) retrieved from /home/ubuntu/redfin/lib/python3.10/site-packages/airflow/example_dags/example_params_ui_tutorial.py
[2023-12-03T23:51:59.539+0000] {logging_mixin.py:154} INFO - [2023-12-03T23:51:59.539+0000] {dag.py:2941} INFO - Sync 1 DAGs
[2023-12-03T23:51:59.552+0000] {logging_mixin.py:154} INFO - [2023-12-03T23:51:59.552+0000] {dag.py:3722} INFO - Setting next_dagrun for example_params_ui_tutorial to None, run_after=None
[2023-12-03T23:51:59.574+0000] {processor.py:179} INFO - Processing /home/ubuntu/redfin/lib/python3.10/site-packages/airflow/example_dags/example_params_ui_tutorial.py took 0.125 seconds
[2023-12-03T23:52:50.255+0000] {processor.py:157} INFO - Started process (PID=7165) to work on /home/ubuntu/redfin/lib/python3.10/site-packages/airflow/example_dags/example_params_ui_tutorial.py
[2023-12-03T23:52:50.256+0000] {processor.py:829} INFO - Processing file /home/ubuntu/redfin/lib/python3.10/site-packages/airflow/example_dags/example_params_ui_tutorial.py for tasks to queue
[2023-12-03T23:52:50.257+0000] {logging_mixin.py:154} INFO - [2023-12-03T23:52:50.256+0000] {dagbag.py:536} INFO - Filling up the DagBag from /home/ubuntu/redfin/lib/python3.10/site-packages/airflow/example_dags/example_params_ui_tutorial.py
[2023-12-03T23:52:50.290+0000] {processor.py:839} INFO - DAG(s) dict_keys(['example_params_ui_tutorial']) retrieved from /home/ubuntu/redfin/lib/python3.10/site-packages/airflow/example_dags/example_params_ui_tutorial.py
[2023-12-03T23:52:50.341+0000] {logging_mixin.py:154} INFO - [2023-12-03T23:52:50.341+0000] {dag.py:2941} INFO - Sync 1 DAGs
[2023-12-03T23:52:50.354+0000] {logging_mixin.py:154} INFO - [2023-12-03T23:52:50.354+0000] {dag.py:3722} INFO - Setting next_dagrun for example_params_ui_tutorial to None, run_after=None
[2023-12-03T23:52:50.377+0000] {processor.py:179} INFO - Processing /home/ubuntu/redfin/lib/python3.10/site-packages/airflow/example_dags/example_params_ui_tutorial.py took 0.127 seconds
[2023-12-03T23:53:39.123+0000] {processor.py:157} INFO - Started process (PID=7219) to work on /home/ubuntu/redfin/lib/python3.10/site-packages/airflow/example_dags/example_params_ui_tutorial.py
[2023-12-03T23:53:39.125+0000] {processor.py:829} INFO - Processing file /home/ubuntu/redfin/lib/python3.10/site-packages/airflow/example_dags/example_params_ui_tutorial.py for tasks to queue
[2023-12-03T23:53:39.126+0000] {logging_mixin.py:154} INFO - [2023-12-03T23:53:39.125+0000] {dagbag.py:536} INFO - Filling up the DagBag from /home/ubuntu/redfin/lib/python3.10/site-packages/airflow/example_dags/example_params_ui_tutorial.py
[2023-12-03T23:53:39.160+0000] {processor.py:839} INFO - DAG(s) dict_keys(['example_params_ui_tutorial']) retrieved from /home/ubuntu/redfin/lib/python3.10/site-packages/airflow/example_dags/example_params_ui_tutorial.py
[2023-12-03T23:53:39.212+0000] {logging_mixin.py:154} INFO - [2023-12-03T23:53:39.211+0000] {dag.py:2941} INFO - Sync 1 DAGs
[2023-12-03T23:53:39.225+0000] {logging_mixin.py:154} INFO - [2023-12-03T23:53:39.224+0000] {dag.py:3722} INFO - Setting next_dagrun for example_params_ui_tutorial to None, run_after=None
[2023-12-03T23:53:39.249+0000] {processor.py:179} INFO - Processing /home/ubuntu/redfin/lib/python3.10/site-packages/airflow/example_dags/example_params_ui_tutorial.py took 0.130 seconds
[2023-12-03T23:54:27.660+0000] {processor.py:157} INFO - Started process (PID=7272) to work on /home/ubuntu/redfin/lib/python3.10/site-packages/airflow/example_dags/example_params_ui_tutorial.py
[2023-12-03T23:54:27.662+0000] {processor.py:829} INFO - Processing file /home/ubuntu/redfin/lib/python3.10/site-packages/airflow/example_dags/example_params_ui_tutorial.py for tasks to queue
[2023-12-03T23:54:27.663+0000] {logging_mixin.py:154} INFO - [2023-12-03T23:54:27.663+0000] {dagbag.py:536} INFO - Filling up the DagBag from /home/ubuntu/redfin/lib/python3.10/site-packages/airflow/example_dags/example_params_ui_tutorial.py
[2023-12-03T23:54:27.696+0000] {processor.py:839} INFO - DAG(s) dict_keys(['example_params_ui_tutorial']) retrieved from /home/ubuntu/redfin/lib/python3.10/site-packages/airflow/example_dags/example_params_ui_tutorial.py
[2023-12-03T23:54:27.747+0000] {logging_mixin.py:154} INFO - [2023-12-03T23:54:27.747+0000] {dag.py:2941} INFO - Sync 1 DAGs
[2023-12-03T23:54:27.760+0000] {logging_mixin.py:154} INFO - [2023-12-03T23:54:27.760+0000] {dag.py:3722} INFO - Setting next_dagrun for example_params_ui_tutorial to None, run_after=None
[2023-12-03T23:54:27.784+0000] {processor.py:179} INFO - Processing /home/ubuntu/redfin/lib/python3.10/site-packages/airflow/example_dags/example_params_ui_tutorial.py took 0.127 seconds
[2023-12-03T23:55:15.623+0000] {processor.py:157} INFO - Started process (PID=7324) to work on /home/ubuntu/redfin/lib/python3.10/site-packages/airflow/example_dags/example_params_ui_tutorial.py
[2023-12-03T23:55:15.624+0000] {processor.py:829} INFO - Processing file /home/ubuntu/redfin/lib/python3.10/site-packages/airflow/example_dags/example_params_ui_tutorial.py for tasks to queue
[2023-12-03T23:55:15.625+0000] {logging_mixin.py:154} INFO - [2023-12-03T23:55:15.625+0000] {dagbag.py:536} INFO - Filling up the DagBag from /home/ubuntu/redfin/lib/python3.10/site-packages/airflow/example_dags/example_params_ui_tutorial.py
[2023-12-03T23:55:15.659+0000] {processor.py:839} INFO - DAG(s) dict_keys(['example_params_ui_tutorial']) retrieved from /home/ubuntu/redfin/lib/python3.10/site-packages/airflow/example_dags/example_params_ui_tutorial.py
[2023-12-03T23:55:15.711+0000] {logging_mixin.py:154} INFO - [2023-12-03T23:55:15.710+0000] {dag.py:2941} INFO - Sync 1 DAGs
[2023-12-03T23:55:15.724+0000] {logging_mixin.py:154} INFO - [2023-12-03T23:55:15.724+0000] {dag.py:3722} INFO - Setting next_dagrun for example_params_ui_tutorial to None, run_after=None
[2023-12-03T23:55:15.748+0000] {processor.py:179} INFO - Processing /home/ubuntu/redfin/lib/python3.10/site-packages/airflow/example_dags/example_params_ui_tutorial.py took 0.129 seconds
[2023-12-03T23:56:02.565+0000] {processor.py:157} INFO - Started process (PID=7377) to work on /home/ubuntu/redfin/lib/python3.10/site-packages/airflow/example_dags/example_params_ui_tutorial.py
[2023-12-03T23:56:02.567+0000] {processor.py:829} INFO - Processing file /home/ubuntu/redfin/lib/python3.10/site-packages/airflow/example_dags/example_params_ui_tutorial.py for tasks to queue
[2023-12-03T23:56:02.568+0000] {logging_mixin.py:154} INFO - [2023-12-03T23:56:02.567+0000] {dagbag.py:536} INFO - Filling up the DagBag from /home/ubuntu/redfin/lib/python3.10/site-packages/airflow/example_dags/example_params_ui_tutorial.py
[2023-12-03T23:56:02.601+0000] {processor.py:839} INFO - DAG(s) dict_keys(['example_params_ui_tutorial']) retrieved from /home/ubuntu/redfin/lib/python3.10/site-packages/airflow/example_dags/example_params_ui_tutorial.py
[2023-12-03T23:56:02.652+0000] {logging_mixin.py:154} INFO - [2023-12-03T23:56:02.652+0000] {dag.py:2941} INFO - Sync 1 DAGs
[2023-12-03T23:56:02.666+0000] {logging_mixin.py:154} INFO - [2023-12-03T23:56:02.666+0000] {dag.py:3722} INFO - Setting next_dagrun for example_params_ui_tutorial to None, run_after=None
[2023-12-03T23:56:02.692+0000] {processor.py:179} INFO - Processing /home/ubuntu/redfin/lib/python3.10/site-packages/airflow/example_dags/example_params_ui_tutorial.py took 0.131 seconds
[2023-12-03T23:56:53.219+0000] {processor.py:157} INFO - Started process (PID=7431) to work on /home/ubuntu/redfin/lib/python3.10/site-packages/airflow/example_dags/example_params_ui_tutorial.py
[2023-12-03T23:56:53.220+0000] {processor.py:829} INFO - Processing file /home/ubuntu/redfin/lib/python3.10/site-packages/airflow/example_dags/example_params_ui_tutorial.py for tasks to queue
[2023-12-03T23:56:53.221+0000] {logging_mixin.py:154} INFO - [2023-12-03T23:56:53.221+0000] {dagbag.py:536} INFO - Filling up the DagBag from /home/ubuntu/redfin/lib/python3.10/site-packages/airflow/example_dags/example_params_ui_tutorial.py
[2023-12-03T23:56:53.254+0000] {processor.py:839} INFO - DAG(s) dict_keys(['example_params_ui_tutorial']) retrieved from /home/ubuntu/redfin/lib/python3.10/site-packages/airflow/example_dags/example_params_ui_tutorial.py
[2023-12-03T23:56:53.305+0000] {logging_mixin.py:154} INFO - [2023-12-03T23:56:53.304+0000] {dag.py:2941} INFO - Sync 1 DAGs
[2023-12-03T23:56:53.317+0000] {logging_mixin.py:154} INFO - [2023-12-03T23:56:53.317+0000] {dag.py:3722} INFO - Setting next_dagrun for example_params_ui_tutorial to None, run_after=None
[2023-12-03T23:56:53.340+0000] {processor.py:179} INFO - Processing /home/ubuntu/redfin/lib/python3.10/site-packages/airflow/example_dags/example_params_ui_tutorial.py took 0.125 seconds
[2023-12-03T23:57:38.992+0000] {processor.py:157} INFO - Started process (PID=7484) to work on /home/ubuntu/redfin/lib/python3.10/site-packages/airflow/example_dags/example_params_ui_tutorial.py
[2023-12-03T23:57:38.993+0000] {processor.py:829} INFO - Processing file /home/ubuntu/redfin/lib/python3.10/site-packages/airflow/example_dags/example_params_ui_tutorial.py for tasks to queue
[2023-12-03T23:57:38.994+0000] {logging_mixin.py:154} INFO - [2023-12-03T23:57:38.994+0000] {dagbag.py:536} INFO - Filling up the DagBag from /home/ubuntu/redfin/lib/python3.10/site-packages/airflow/example_dags/example_params_ui_tutorial.py
[2023-12-03T23:57:39.027+0000] {processor.py:839} INFO - DAG(s) dict_keys(['example_params_ui_tutorial']) retrieved from /home/ubuntu/redfin/lib/python3.10/site-packages/airflow/example_dags/example_params_ui_tutorial.py
[2023-12-03T23:57:39.078+0000] {logging_mixin.py:154} INFO - [2023-12-03T23:57:39.078+0000] {dag.py:2941} INFO - Sync 1 DAGs
[2023-12-03T23:57:39.090+0000] {logging_mixin.py:154} INFO - [2023-12-03T23:57:39.090+0000] {dag.py:3722} INFO - Setting next_dagrun for example_params_ui_tutorial to None, run_after=None
[2023-12-03T23:57:39.113+0000] {processor.py:179} INFO - Processing /home/ubuntu/redfin/lib/python3.10/site-packages/airflow/example_dags/example_params_ui_tutorial.py took 0.125 seconds
[2023-12-03T23:58:22.302+0000] {processor.py:157} INFO - Started process (PID=7532) to work on /home/ubuntu/redfin/lib/python3.10/site-packages/airflow/example_dags/example_params_ui_tutorial.py
[2023-12-03T23:58:22.303+0000] {processor.py:829} INFO - Processing file /home/ubuntu/redfin/lib/python3.10/site-packages/airflow/example_dags/example_params_ui_tutorial.py for tasks to queue
[2023-12-03T23:58:22.304+0000] {logging_mixin.py:154} INFO - [2023-12-03T23:58:22.304+0000] {dagbag.py:536} INFO - Filling up the DagBag from /home/ubuntu/redfin/lib/python3.10/site-packages/airflow/example_dags/example_params_ui_tutorial.py
[2023-12-03T23:58:22.338+0000] {processor.py:839} INFO - DAG(s) dict_keys(['example_params_ui_tutorial']) retrieved from /home/ubuntu/redfin/lib/python3.10/site-packages/airflow/example_dags/example_params_ui_tutorial.py
[2023-12-03T23:58:22.390+0000] {logging_mixin.py:154} INFO - [2023-12-03T23:58:22.390+0000] {dag.py:2941} INFO - Sync 1 DAGs
[2023-12-03T23:58:22.403+0000] {logging_mixin.py:154} INFO - [2023-12-03T23:58:22.402+0000] {dag.py:3722} INFO - Setting next_dagrun for example_params_ui_tutorial to None, run_after=None
[2023-12-03T23:58:22.426+0000] {processor.py:179} INFO - Processing /home/ubuntu/redfin/lib/python3.10/site-packages/airflow/example_dags/example_params_ui_tutorial.py took 0.128 seconds
[2023-12-03T23:59:09.064+0000] {processor.py:157} INFO - Started process (PID=7585) to work on /home/ubuntu/redfin/lib/python3.10/site-packages/airflow/example_dags/example_params_ui_tutorial.py
[2023-12-03T23:59:09.065+0000] {processor.py:829} INFO - Processing file /home/ubuntu/redfin/lib/python3.10/site-packages/airflow/example_dags/example_params_ui_tutorial.py for tasks to queue
[2023-12-03T23:59:09.066+0000] {logging_mixin.py:154} INFO - [2023-12-03T23:59:09.066+0000] {dagbag.py:536} INFO - Filling up the DagBag from /home/ubuntu/redfin/lib/python3.10/site-packages/airflow/example_dags/example_params_ui_tutorial.py
[2023-12-03T23:59:09.100+0000] {processor.py:839} INFO - DAG(s) dict_keys(['example_params_ui_tutorial']) retrieved from /home/ubuntu/redfin/lib/python3.10/site-packages/airflow/example_dags/example_params_ui_tutorial.py
[2023-12-03T23:59:09.154+0000] {logging_mixin.py:154} INFO - [2023-12-03T23:59:09.154+0000] {dag.py:2941} INFO - Sync 1 DAGs
[2023-12-03T23:59:09.167+0000] {logging_mixin.py:154} INFO - [2023-12-03T23:59:09.167+0000] {dag.py:3722} INFO - Setting next_dagrun for example_params_ui_tutorial to None, run_after=None
[2023-12-03T23:59:09.191+0000] {processor.py:179} INFO - Processing /home/ubuntu/redfin/lib/python3.10/site-packages/airflow/example_dags/example_params_ui_tutorial.py took 0.131 seconds
[2023-12-03T23:59:55.215+0000] {processor.py:157} INFO - Started process (PID=7637) to work on /home/ubuntu/redfin/lib/python3.10/site-packages/airflow/example_dags/example_params_ui_tutorial.py
[2023-12-03T23:59:55.216+0000] {processor.py:829} INFO - Processing file /home/ubuntu/redfin/lib/python3.10/site-packages/airflow/example_dags/example_params_ui_tutorial.py for tasks to queue
[2023-12-03T23:59:55.217+0000] {logging_mixin.py:154} INFO - [2023-12-03T23:59:55.217+0000] {dagbag.py:536} INFO - Filling up the DagBag from /home/ubuntu/redfin/lib/python3.10/site-packages/airflow/example_dags/example_params_ui_tutorial.py
[2023-12-03T23:59:55.250+0000] {processor.py:839} INFO - DAG(s) dict_keys(['example_params_ui_tutorial']) retrieved from /home/ubuntu/redfin/lib/python3.10/site-packages/airflow/example_dags/example_params_ui_tutorial.py
[2023-12-03T23:59:55.301+0000] {logging_mixin.py:154} INFO - [2023-12-03T23:59:55.300+0000] {dag.py:2941} INFO - Sync 1 DAGs
[2023-12-03T23:59:55.313+0000] {logging_mixin.py:154} INFO - [2023-12-03T23:59:55.313+0000] {dag.py:3722} INFO - Setting next_dagrun for example_params_ui_tutorial to None, run_after=None
[2023-12-03T23:59:55.336+0000] {processor.py:179} INFO - Processing /home/ubuntu/redfin/lib/python3.10/site-packages/airflow/example_dags/example_params_ui_tutorial.py took 0.125 seconds
