[2023-12-03T23:08:20.608+0000] {processor.py:157} INFO - Started process (PID=3779) to work on /home/ubuntu/redfin/lib/python3.10/site-packages/airflow/example_dags/example_params_trigger_ui.py
[2023-12-03T23:08:20.609+0000] {processor.py:829} INFO - Processing file /home/ubuntu/redfin/lib/python3.10/site-packages/airflow/example_dags/example_params_trigger_ui.py for tasks to queue
[2023-12-03T23:08:20.609+0000] {logging_mixin.py:154} INFO - [2023-12-03T23:08:20.609+0000] {dagbag.py:536} INFO - Filling up the DagBag from /home/ubuntu/redfin/lib/python3.10/site-packages/airflow/example_dags/example_params_trigger_ui.py
[2023-12-03T23:08:20.629+0000] {processor.py:839} INFO - DAG(s) dict_keys(['example_params_trigger_ui']) retrieved from /home/ubuntu/redfin/lib/python3.10/site-packages/airflow/example_dags/example_params_trigger_ui.py
[2023-12-03T23:08:20.773+0000] {logging_mixin.py:154} INFO - [2023-12-03T23:08:20.772+0000] {manager.py:499} INFO - Created Permission View: %s
[2023-12-03T23:08:20.785+0000] {logging_mixin.py:154} INFO - [2023-12-03T23:08:20.785+0000] {manager.py:499} INFO - Created Permission View: %s
[2023-12-03T23:08:20.794+0000] {logging_mixin.py:154} INFO - [2023-12-03T23:08:20.794+0000] {manager.py:499} INFO - Created Permission View: %s
[2023-12-03T23:08:20.795+0000] {logging_mixin.py:154} INFO - [2023-12-03T23:08:20.795+0000] {dag.py:2941} INFO - Sync 1 DAGs
[2023-12-03T23:08:20.806+0000] {logging_mixin.py:154} INFO - [2023-12-03T23:08:20.806+0000] {dag.py:2963} INFO - Creating ORM DAG for example_params_trigger_ui
[2023-12-03T23:08:20.807+0000] {logging_mixin.py:154} INFO - [2023-12-03T23:08:20.807+0000] {dag.py:3722} INFO - Setting next_dagrun for example_params_trigger_ui to None, run_after=None
[2023-12-03T23:08:20.833+0000] {processor.py:179} INFO - Processing /home/ubuntu/redfin/lib/python3.10/site-packages/airflow/example_dags/example_params_trigger_ui.py took 0.229 seconds
[2023-12-03T23:09:07.390+0000] {processor.py:157} INFO - Started process (PID=3828) to work on /home/ubuntu/redfin/lib/python3.10/site-packages/airflow/example_dags/example_params_trigger_ui.py
[2023-12-03T23:09:07.392+0000] {processor.py:829} INFO - Processing file /home/ubuntu/redfin/lib/python3.10/site-packages/airflow/example_dags/example_params_trigger_ui.py for tasks to queue
[2023-12-03T23:09:07.393+0000] {logging_mixin.py:154} INFO - [2023-12-03T23:09:07.392+0000] {dagbag.py:536} INFO - Filling up the DagBag from /home/ubuntu/redfin/lib/python3.10/site-packages/airflow/example_dags/example_params_trigger_ui.py
[2023-12-03T23:09:07.412+0000] {processor.py:839} INFO - DAG(s) dict_keys(['example_params_trigger_ui']) retrieved from /home/ubuntu/redfin/lib/python3.10/site-packages/airflow/example_dags/example_params_trigger_ui.py
[2023-12-03T23:09:07.458+0000] {logging_mixin.py:154} INFO - [2023-12-03T23:09:07.458+0000] {dag.py:2941} INFO - Sync 1 DAGs
[2023-12-03T23:09:07.471+0000] {logging_mixin.py:154} INFO - [2023-12-03T23:09:07.470+0000] {dag.py:3722} INFO - Setting next_dagrun for example_params_trigger_ui to None, run_after=None
[2023-12-03T23:09:07.494+0000] {processor.py:179} INFO - Processing /home/ubuntu/redfin/lib/python3.10/site-packages/airflow/example_dags/example_params_trigger_ui.py took 0.107 seconds
[2023-12-03T23:09:54.174+0000] {processor.py:157} INFO - Started process (PID=3879) to work on /home/ubuntu/redfin/lib/python3.10/site-packages/airflow/example_dags/example_params_trigger_ui.py
[2023-12-03T23:09:54.175+0000] {processor.py:829} INFO - Processing file /home/ubuntu/redfin/lib/python3.10/site-packages/airflow/example_dags/example_params_trigger_ui.py for tasks to queue
[2023-12-03T23:09:54.176+0000] {logging_mixin.py:154} INFO - [2023-12-03T23:09:54.176+0000] {dagbag.py:536} INFO - Filling up the DagBag from /home/ubuntu/redfin/lib/python3.10/site-packages/airflow/example_dags/example_params_trigger_ui.py
[2023-12-03T23:09:54.195+0000] {processor.py:839} INFO - DAG(s) dict_keys(['example_params_trigger_ui']) retrieved from /home/ubuntu/redfin/lib/python3.10/site-packages/airflow/example_dags/example_params_trigger_ui.py
[2023-12-03T23:09:54.242+0000] {logging_mixin.py:154} INFO - [2023-12-03T23:09:54.242+0000] {dag.py:2941} INFO - Sync 1 DAGs
[2023-12-03T23:09:54.255+0000] {logging_mixin.py:154} INFO - [2023-12-03T23:09:54.255+0000] {dag.py:3722} INFO - Setting next_dagrun for example_params_trigger_ui to None, run_after=None
[2023-12-03T23:09:54.277+0000] {processor.py:179} INFO - Processing /home/ubuntu/redfin/lib/python3.10/site-packages/airflow/example_dags/example_params_trigger_ui.py took 0.107 seconds
[2023-12-03T23:10:41.267+0000] {processor.py:157} INFO - Started process (PID=3933) to work on /home/ubuntu/redfin/lib/python3.10/site-packages/airflow/example_dags/example_params_trigger_ui.py
[2023-12-03T23:10:41.269+0000] {processor.py:829} INFO - Processing file /home/ubuntu/redfin/lib/python3.10/site-packages/airflow/example_dags/example_params_trigger_ui.py for tasks to queue
[2023-12-03T23:10:41.270+0000] {logging_mixin.py:154} INFO - [2023-12-03T23:10:41.269+0000] {dagbag.py:536} INFO - Filling up the DagBag from /home/ubuntu/redfin/lib/python3.10/site-packages/airflow/example_dags/example_params_trigger_ui.py
[2023-12-03T23:10:41.289+0000] {processor.py:839} INFO - DAG(s) dict_keys(['example_params_trigger_ui']) retrieved from /home/ubuntu/redfin/lib/python3.10/site-packages/airflow/example_dags/example_params_trigger_ui.py
[2023-12-03T23:10:41.338+0000] {logging_mixin.py:154} INFO - [2023-12-03T23:10:41.338+0000] {dag.py:2941} INFO - Sync 1 DAGs
[2023-12-03T23:10:41.351+0000] {logging_mixin.py:154} INFO - [2023-12-03T23:10:41.351+0000] {dag.py:3722} INFO - Setting next_dagrun for example_params_trigger_ui to None, run_after=None
[2023-12-03T23:10:41.377+0000] {processor.py:179} INFO - Processing /home/ubuntu/redfin/lib/python3.10/site-packages/airflow/example_dags/example_params_trigger_ui.py took 0.114 seconds
[2023-12-03T23:11:29.022+0000] {processor.py:157} INFO - Started process (PID=3983) to work on /home/ubuntu/redfin/lib/python3.10/site-packages/airflow/example_dags/example_params_trigger_ui.py
[2023-12-03T23:11:29.024+0000] {processor.py:829} INFO - Processing file /home/ubuntu/redfin/lib/python3.10/site-packages/airflow/example_dags/example_params_trigger_ui.py for tasks to queue
[2023-12-03T23:11:29.025+0000] {logging_mixin.py:154} INFO - [2023-12-03T23:11:29.024+0000] {dagbag.py:536} INFO - Filling up the DagBag from /home/ubuntu/redfin/lib/python3.10/site-packages/airflow/example_dags/example_params_trigger_ui.py
[2023-12-03T23:11:29.046+0000] {processor.py:839} INFO - DAG(s) dict_keys(['example_params_trigger_ui']) retrieved from /home/ubuntu/redfin/lib/python3.10/site-packages/airflow/example_dags/example_params_trigger_ui.py
[2023-12-03T23:11:29.096+0000] {logging_mixin.py:154} INFO - [2023-12-03T23:11:29.096+0000] {dag.py:2941} INFO - Sync 1 DAGs
[2023-12-03T23:11:29.109+0000] {logging_mixin.py:154} INFO - [2023-12-03T23:11:29.109+0000] {dag.py:3722} INFO - Setting next_dagrun for example_params_trigger_ui to None, run_after=None
[2023-12-03T23:11:29.134+0000] {processor.py:179} INFO - Processing /home/ubuntu/redfin/lib/python3.10/site-packages/airflow/example_dags/example_params_trigger_ui.py took 0.115 seconds
[2023-12-03T23:12:14.831+0000] {processor.py:157} INFO - Started process (PID=4033) to work on /home/ubuntu/redfin/lib/python3.10/site-packages/airflow/example_dags/example_params_trigger_ui.py
[2023-12-03T23:12:14.833+0000] {processor.py:829} INFO - Processing file /home/ubuntu/redfin/lib/python3.10/site-packages/airflow/example_dags/example_params_trigger_ui.py for tasks to queue
[2023-12-03T23:12:14.834+0000] {logging_mixin.py:154} INFO - [2023-12-03T23:12:14.833+0000] {dagbag.py:536} INFO - Filling up the DagBag from /home/ubuntu/redfin/lib/python3.10/site-packages/airflow/example_dags/example_params_trigger_ui.py
[2023-12-03T23:12:14.853+0000] {processor.py:839} INFO - DAG(s) dict_keys(['example_params_trigger_ui']) retrieved from /home/ubuntu/redfin/lib/python3.10/site-packages/airflow/example_dags/example_params_trigger_ui.py
[2023-12-03T23:12:14.901+0000] {logging_mixin.py:154} INFO - [2023-12-03T23:12:14.901+0000] {dag.py:2941} INFO - Sync 1 DAGs
[2023-12-03T23:12:14.914+0000] {logging_mixin.py:154} INFO - [2023-12-03T23:12:14.913+0000] {dag.py:3722} INFO - Setting next_dagrun for example_params_trigger_ui to None, run_after=None
[2023-12-03T23:12:14.936+0000] {processor.py:179} INFO - Processing /home/ubuntu/redfin/lib/python3.10/site-packages/airflow/example_dags/example_params_trigger_ui.py took 0.109 seconds
[2023-12-03T23:12:58.997+0000] {processor.py:157} INFO - Started process (PID=4082) to work on /home/ubuntu/redfin/lib/python3.10/site-packages/airflow/example_dags/example_params_trigger_ui.py
[2023-12-03T23:12:58.998+0000] {processor.py:829} INFO - Processing file /home/ubuntu/redfin/lib/python3.10/site-packages/airflow/example_dags/example_params_trigger_ui.py for tasks to queue
[2023-12-03T23:12:58.999+0000] {logging_mixin.py:154} INFO - [2023-12-03T23:12:58.999+0000] {dagbag.py:536} INFO - Filling up the DagBag from /home/ubuntu/redfin/lib/python3.10/site-packages/airflow/example_dags/example_params_trigger_ui.py
[2023-12-03T23:12:59.019+0000] {processor.py:839} INFO - DAG(s) dict_keys(['example_params_trigger_ui']) retrieved from /home/ubuntu/redfin/lib/python3.10/site-packages/airflow/example_dags/example_params_trigger_ui.py
[2023-12-03T23:12:59.066+0000] {logging_mixin.py:154} INFO - [2023-12-03T23:12:59.066+0000] {dag.py:2941} INFO - Sync 1 DAGs
[2023-12-03T23:12:59.079+0000] {logging_mixin.py:154} INFO - [2023-12-03T23:12:59.078+0000] {dag.py:3722} INFO - Setting next_dagrun for example_params_trigger_ui to None, run_after=None
[2023-12-03T23:12:59.100+0000] {processor.py:179} INFO - Processing /home/ubuntu/redfin/lib/python3.10/site-packages/airflow/example_dags/example_params_trigger_ui.py took 0.107 seconds
[2023-12-03T23:13:46.674+0000] {processor.py:157} INFO - Started process (PID=4135) to work on /home/ubuntu/redfin/lib/python3.10/site-packages/airflow/example_dags/example_params_trigger_ui.py
[2023-12-03T23:13:46.676+0000] {processor.py:829} INFO - Processing file /home/ubuntu/redfin/lib/python3.10/site-packages/airflow/example_dags/example_params_trigger_ui.py for tasks to queue
[2023-12-03T23:13:46.677+0000] {logging_mixin.py:154} INFO - [2023-12-03T23:13:46.676+0000] {dagbag.py:536} INFO - Filling up the DagBag from /home/ubuntu/redfin/lib/python3.10/site-packages/airflow/example_dags/example_params_trigger_ui.py
[2023-12-03T23:13:46.696+0000] {processor.py:839} INFO - DAG(s) dict_keys(['example_params_trigger_ui']) retrieved from /home/ubuntu/redfin/lib/python3.10/site-packages/airflow/example_dags/example_params_trigger_ui.py
[2023-12-03T23:13:46.743+0000] {logging_mixin.py:154} INFO - [2023-12-03T23:13:46.742+0000] {dag.py:2941} INFO - Sync 1 DAGs
[2023-12-03T23:13:46.755+0000] {logging_mixin.py:154} INFO - [2023-12-03T23:13:46.755+0000] {dag.py:3722} INFO - Setting next_dagrun for example_params_trigger_ui to None, run_after=None
[2023-12-03T23:13:46.778+0000] {processor.py:179} INFO - Processing /home/ubuntu/redfin/lib/python3.10/site-packages/airflow/example_dags/example_params_trigger_ui.py took 0.107 seconds
[2023-12-03T23:14:34.334+0000] {processor.py:157} INFO - Started process (PID=4185) to work on /home/ubuntu/redfin/lib/python3.10/site-packages/airflow/example_dags/example_params_trigger_ui.py
[2023-12-03T23:14:34.335+0000] {processor.py:829} INFO - Processing file /home/ubuntu/redfin/lib/python3.10/site-packages/airflow/example_dags/example_params_trigger_ui.py for tasks to queue
[2023-12-03T23:14:34.336+0000] {logging_mixin.py:154} INFO - [2023-12-03T23:14:34.336+0000] {dagbag.py:536} INFO - Filling up the DagBag from /home/ubuntu/redfin/lib/python3.10/site-packages/airflow/example_dags/example_params_trigger_ui.py
[2023-12-03T23:14:34.357+0000] {processor.py:839} INFO - DAG(s) dict_keys(['example_params_trigger_ui']) retrieved from /home/ubuntu/redfin/lib/python3.10/site-packages/airflow/example_dags/example_params_trigger_ui.py
[2023-12-03T23:14:34.406+0000] {logging_mixin.py:154} INFO - [2023-12-03T23:14:34.405+0000] {dag.py:2941} INFO - Sync 1 DAGs
[2023-12-03T23:14:34.419+0000] {logging_mixin.py:154} INFO - [2023-12-03T23:14:34.419+0000] {dag.py:3722} INFO - Setting next_dagrun for example_params_trigger_ui to None, run_after=None
[2023-12-03T23:14:34.442+0000] {processor.py:179} INFO - Processing /home/ubuntu/redfin/lib/python3.10/site-packages/airflow/example_dags/example_params_trigger_ui.py took 0.112 seconds
[2023-12-03T23:15:22.769+0000] {processor.py:157} INFO - Started process (PID=4240) to work on /home/ubuntu/redfin/lib/python3.10/site-packages/airflow/example_dags/example_params_trigger_ui.py
[2023-12-03T23:15:22.770+0000] {processor.py:829} INFO - Processing file /home/ubuntu/redfin/lib/python3.10/site-packages/airflow/example_dags/example_params_trigger_ui.py for tasks to queue
[2023-12-03T23:15:22.771+0000] {logging_mixin.py:154} INFO - [2023-12-03T23:15:22.771+0000] {dagbag.py:536} INFO - Filling up the DagBag from /home/ubuntu/redfin/lib/python3.10/site-packages/airflow/example_dags/example_params_trigger_ui.py
[2023-12-03T23:15:22.790+0000] {processor.py:839} INFO - DAG(s) dict_keys(['example_params_trigger_ui']) retrieved from /home/ubuntu/redfin/lib/python3.10/site-packages/airflow/example_dags/example_params_trigger_ui.py
[2023-12-03T23:15:22.837+0000] {logging_mixin.py:154} INFO - [2023-12-03T23:15:22.837+0000] {dag.py:2941} INFO - Sync 1 DAGs
[2023-12-03T23:15:22.849+0000] {logging_mixin.py:154} INFO - [2023-12-03T23:15:22.849+0000] {dag.py:3722} INFO - Setting next_dagrun for example_params_trigger_ui to None, run_after=None
[2023-12-03T23:15:22.876+0000] {processor.py:179} INFO - Processing /home/ubuntu/redfin/lib/python3.10/site-packages/airflow/example_dags/example_params_trigger_ui.py took 0.111 seconds
[2023-12-03T23:16:11.601+0000] {processor.py:157} INFO - Started process (PID=4292) to work on /home/ubuntu/redfin/lib/python3.10/site-packages/airflow/example_dags/example_params_trigger_ui.py
[2023-12-03T23:16:11.602+0000] {processor.py:829} INFO - Processing file /home/ubuntu/redfin/lib/python3.10/site-packages/airflow/example_dags/example_params_trigger_ui.py for tasks to queue
[2023-12-03T23:16:11.603+0000] {logging_mixin.py:154} INFO - [2023-12-03T23:16:11.603+0000] {dagbag.py:536} INFO - Filling up the DagBag from /home/ubuntu/redfin/lib/python3.10/site-packages/airflow/example_dags/example_params_trigger_ui.py
[2023-12-03T23:16:11.623+0000] {processor.py:839} INFO - DAG(s) dict_keys(['example_params_trigger_ui']) retrieved from /home/ubuntu/redfin/lib/python3.10/site-packages/airflow/example_dags/example_params_trigger_ui.py
[2023-12-03T23:16:11.671+0000] {logging_mixin.py:154} INFO - [2023-12-03T23:16:11.671+0000] {dag.py:2941} INFO - Sync 1 DAGs
[2023-12-03T23:16:11.684+0000] {logging_mixin.py:154} INFO - [2023-12-03T23:16:11.684+0000] {dag.py:3722} INFO - Setting next_dagrun for example_params_trigger_ui to None, run_after=None
[2023-12-03T23:16:11.706+0000] {processor.py:179} INFO - Processing /home/ubuntu/redfin/lib/python3.10/site-packages/airflow/example_dags/example_params_trigger_ui.py took 0.109 seconds
[2023-12-03T23:16:58.281+0000] {processor.py:157} INFO - Started process (PID=4346) to work on /home/ubuntu/redfin/lib/python3.10/site-packages/airflow/example_dags/example_params_trigger_ui.py
[2023-12-03T23:16:58.282+0000] {processor.py:829} INFO - Processing file /home/ubuntu/redfin/lib/python3.10/site-packages/airflow/example_dags/example_params_trigger_ui.py for tasks to queue
[2023-12-03T23:16:58.283+0000] {logging_mixin.py:154} INFO - [2023-12-03T23:16:58.283+0000] {dagbag.py:536} INFO - Filling up the DagBag from /home/ubuntu/redfin/lib/python3.10/site-packages/airflow/example_dags/example_params_trigger_ui.py
[2023-12-03T23:16:58.303+0000] {processor.py:839} INFO - DAG(s) dict_keys(['example_params_trigger_ui']) retrieved from /home/ubuntu/redfin/lib/python3.10/site-packages/airflow/example_dags/example_params_trigger_ui.py
[2023-12-03T23:16:58.351+0000] {logging_mixin.py:154} INFO - [2023-12-03T23:16:58.350+0000] {dag.py:2941} INFO - Sync 1 DAGs
[2023-12-03T23:16:58.364+0000] {logging_mixin.py:154} INFO - [2023-12-03T23:16:58.364+0000] {dag.py:3722} INFO - Setting next_dagrun for example_params_trigger_ui to None, run_after=None
[2023-12-03T23:16:58.389+0000] {processor.py:179} INFO - Processing /home/ubuntu/redfin/lib/python3.10/site-packages/airflow/example_dags/example_params_trigger_ui.py took 0.112 seconds
[2023-12-03T23:17:43.816+0000] {processor.py:157} INFO - Started process (PID=4399) to work on /home/ubuntu/redfin/lib/python3.10/site-packages/airflow/example_dags/example_params_trigger_ui.py
[2023-12-03T23:17:43.818+0000] {processor.py:829} INFO - Processing file /home/ubuntu/redfin/lib/python3.10/site-packages/airflow/example_dags/example_params_trigger_ui.py for tasks to queue
[2023-12-03T23:17:43.819+0000] {logging_mixin.py:154} INFO - [2023-12-03T23:17:43.818+0000] {dagbag.py:536} INFO - Filling up the DagBag from /home/ubuntu/redfin/lib/python3.10/site-packages/airflow/example_dags/example_params_trigger_ui.py
[2023-12-03T23:17:43.838+0000] {processor.py:839} INFO - DAG(s) dict_keys(['example_params_trigger_ui']) retrieved from /home/ubuntu/redfin/lib/python3.10/site-packages/airflow/example_dags/example_params_trigger_ui.py
[2023-12-03T23:17:43.886+0000] {logging_mixin.py:154} INFO - [2023-12-03T23:17:43.886+0000] {dag.py:2941} INFO - Sync 1 DAGs
[2023-12-03T23:17:43.898+0000] {logging_mixin.py:154} INFO - [2023-12-03T23:17:43.898+0000] {dag.py:3722} INFO - Setting next_dagrun for example_params_trigger_ui to None, run_after=None
[2023-12-03T23:17:43.922+0000] {processor.py:179} INFO - Processing /home/ubuntu/redfin/lib/python3.10/site-packages/airflow/example_dags/example_params_trigger_ui.py took 0.109 seconds
[2023-12-03T23:18:29.505+0000] {processor.py:157} INFO - Started process (PID=4449) to work on /home/ubuntu/redfin/lib/python3.10/site-packages/airflow/example_dags/example_params_trigger_ui.py
[2023-12-03T23:18:29.507+0000] {processor.py:829} INFO - Processing file /home/ubuntu/redfin/lib/python3.10/site-packages/airflow/example_dags/example_params_trigger_ui.py for tasks to queue
[2023-12-03T23:18:29.508+0000] {logging_mixin.py:154} INFO - [2023-12-03T23:18:29.507+0000] {dagbag.py:536} INFO - Filling up the DagBag from /home/ubuntu/redfin/lib/python3.10/site-packages/airflow/example_dags/example_params_trigger_ui.py
[2023-12-03T23:18:29.528+0000] {processor.py:839} INFO - DAG(s) dict_keys(['example_params_trigger_ui']) retrieved from /home/ubuntu/redfin/lib/python3.10/site-packages/airflow/example_dags/example_params_trigger_ui.py
[2023-12-03T23:18:29.575+0000] {logging_mixin.py:154} INFO - [2023-12-03T23:18:29.575+0000] {dag.py:2941} INFO - Sync 1 DAGs
[2023-12-03T23:18:29.589+0000] {logging_mixin.py:154} INFO - [2023-12-03T23:18:29.589+0000] {dag.py:3722} INFO - Setting next_dagrun for example_params_trigger_ui to None, run_after=None
[2023-12-03T23:18:29.611+0000] {processor.py:179} INFO - Processing /home/ubuntu/redfin/lib/python3.10/site-packages/airflow/example_dags/example_params_trigger_ui.py took 0.110 seconds
[2023-12-03T23:19:13.544+0000] {processor.py:157} INFO - Started process (PID=4499) to work on /home/ubuntu/redfin/lib/python3.10/site-packages/airflow/example_dags/example_params_trigger_ui.py
[2023-12-03T23:19:13.545+0000] {processor.py:829} INFO - Processing file /home/ubuntu/redfin/lib/python3.10/site-packages/airflow/example_dags/example_params_trigger_ui.py for tasks to queue
[2023-12-03T23:19:13.546+0000] {logging_mixin.py:154} INFO - [2023-12-03T23:19:13.545+0000] {dagbag.py:536} INFO - Filling up the DagBag from /home/ubuntu/redfin/lib/python3.10/site-packages/airflow/example_dags/example_params_trigger_ui.py
[2023-12-03T23:19:13.565+0000] {processor.py:839} INFO - DAG(s) dict_keys(['example_params_trigger_ui']) retrieved from /home/ubuntu/redfin/lib/python3.10/site-packages/airflow/example_dags/example_params_trigger_ui.py
[2023-12-03T23:19:13.612+0000] {logging_mixin.py:154} INFO - [2023-12-03T23:19:13.612+0000] {dag.py:2941} INFO - Sync 1 DAGs
[2023-12-03T23:19:13.624+0000] {logging_mixin.py:154} INFO - [2023-12-03T23:19:13.624+0000] {dag.py:3722} INFO - Setting next_dagrun for example_params_trigger_ui to None, run_after=None
[2023-12-03T23:19:13.647+0000] {processor.py:179} INFO - Processing /home/ubuntu/redfin/lib/python3.10/site-packages/airflow/example_dags/example_params_trigger_ui.py took 0.107 seconds
[2023-12-03T23:19:57.836+0000] {processor.py:157} INFO - Started process (PID=4548) to work on /home/ubuntu/redfin/lib/python3.10/site-packages/airflow/example_dags/example_params_trigger_ui.py
[2023-12-03T23:19:57.838+0000] {processor.py:829} INFO - Processing file /home/ubuntu/redfin/lib/python3.10/site-packages/airflow/example_dags/example_params_trigger_ui.py for tasks to queue
[2023-12-03T23:19:57.838+0000] {logging_mixin.py:154} INFO - [2023-12-03T23:19:57.838+0000] {dagbag.py:536} INFO - Filling up the DagBag from /home/ubuntu/redfin/lib/python3.10/site-packages/airflow/example_dags/example_params_trigger_ui.py
[2023-12-03T23:19:57.858+0000] {processor.py:839} INFO - DAG(s) dict_keys(['example_params_trigger_ui']) retrieved from /home/ubuntu/redfin/lib/python3.10/site-packages/airflow/example_dags/example_params_trigger_ui.py
[2023-12-03T23:19:57.904+0000] {logging_mixin.py:154} INFO - [2023-12-03T23:19:57.904+0000] {dag.py:2941} INFO - Sync 1 DAGs
[2023-12-03T23:19:57.917+0000] {logging_mixin.py:154} INFO - [2023-12-03T23:19:57.917+0000] {dag.py:3722} INFO - Setting next_dagrun for example_params_trigger_ui to None, run_after=None
[2023-12-03T23:19:57.940+0000] {processor.py:179} INFO - Processing /home/ubuntu/redfin/lib/python3.10/site-packages/airflow/example_dags/example_params_trigger_ui.py took 0.107 seconds
[2023-12-03T23:20:50.755+0000] {processor.py:157} INFO - Started process (PID=4609) to work on /home/ubuntu/redfin/lib/python3.10/site-packages/airflow/example_dags/example_params_trigger_ui.py
[2023-12-03T23:20:50.756+0000] {processor.py:829} INFO - Processing file /home/ubuntu/redfin/lib/python3.10/site-packages/airflow/example_dags/example_params_trigger_ui.py for tasks to queue
[2023-12-03T23:20:50.757+0000] {logging_mixin.py:154} INFO - [2023-12-03T23:20:50.757+0000] {dagbag.py:536} INFO - Filling up the DagBag from /home/ubuntu/redfin/lib/python3.10/site-packages/airflow/example_dags/example_params_trigger_ui.py
[2023-12-03T23:20:50.776+0000] {processor.py:839} INFO - DAG(s) dict_keys(['example_params_trigger_ui']) retrieved from /home/ubuntu/redfin/lib/python3.10/site-packages/airflow/example_dags/example_params_trigger_ui.py
[2023-12-03T23:20:50.824+0000] {logging_mixin.py:154} INFO - [2023-12-03T23:20:50.823+0000] {dag.py:2941} INFO - Sync 1 DAGs
[2023-12-03T23:20:50.837+0000] {logging_mixin.py:154} INFO - [2023-12-03T23:20:50.837+0000] {dag.py:3722} INFO - Setting next_dagrun for example_params_trigger_ui to None, run_after=None
[2023-12-03T23:20:50.860+0000] {processor.py:179} INFO - Processing /home/ubuntu/redfin/lib/python3.10/site-packages/airflow/example_dags/example_params_trigger_ui.py took 0.109 seconds
[2023-12-03T23:21:41.342+0000] {processor.py:157} INFO - Started process (PID=4662) to work on /home/ubuntu/redfin/lib/python3.10/site-packages/airflow/example_dags/example_params_trigger_ui.py
[2023-12-03T23:21:41.343+0000] {processor.py:829} INFO - Processing file /home/ubuntu/redfin/lib/python3.10/site-packages/airflow/example_dags/example_params_trigger_ui.py for tasks to queue
[2023-12-03T23:21:41.344+0000] {logging_mixin.py:154} INFO - [2023-12-03T23:21:41.344+0000] {dagbag.py:536} INFO - Filling up the DagBag from /home/ubuntu/redfin/lib/python3.10/site-packages/airflow/example_dags/example_params_trigger_ui.py
[2023-12-03T23:21:41.363+0000] {processor.py:839} INFO - DAG(s) dict_keys(['example_params_trigger_ui']) retrieved from /home/ubuntu/redfin/lib/python3.10/site-packages/airflow/example_dags/example_params_trigger_ui.py
[2023-12-03T23:21:41.410+0000] {logging_mixin.py:154} INFO - [2023-12-03T23:21:41.409+0000] {dag.py:2941} INFO - Sync 1 DAGs
[2023-12-03T23:21:41.422+0000] {logging_mixin.py:154} INFO - [2023-12-03T23:21:41.422+0000] {dag.py:3722} INFO - Setting next_dagrun for example_params_trigger_ui to None, run_after=None
[2023-12-03T23:21:41.444+0000] {processor.py:179} INFO - Processing /home/ubuntu/redfin/lib/python3.10/site-packages/airflow/example_dags/example_params_trigger_ui.py took 0.106 seconds
[2023-12-03T23:22:30.275+0000] {processor.py:157} INFO - Started process (PID=4719) to work on /home/ubuntu/redfin/lib/python3.10/site-packages/airflow/example_dags/example_params_trigger_ui.py
[2023-12-03T23:22:30.277+0000] {processor.py:829} INFO - Processing file /home/ubuntu/redfin/lib/python3.10/site-packages/airflow/example_dags/example_params_trigger_ui.py for tasks to queue
[2023-12-03T23:22:30.278+0000] {logging_mixin.py:154} INFO - [2023-12-03T23:22:30.277+0000] {dagbag.py:536} INFO - Filling up the DagBag from /home/ubuntu/redfin/lib/python3.10/site-packages/airflow/example_dags/example_params_trigger_ui.py
[2023-12-03T23:22:30.296+0000] {processor.py:839} INFO - DAG(s) dict_keys(['example_params_trigger_ui']) retrieved from /home/ubuntu/redfin/lib/python3.10/site-packages/airflow/example_dags/example_params_trigger_ui.py
[2023-12-03T23:22:30.343+0000] {logging_mixin.py:154} INFO - [2023-12-03T23:22:30.343+0000] {dag.py:2941} INFO - Sync 1 DAGs
[2023-12-03T23:22:30.355+0000] {logging_mixin.py:154} INFO - [2023-12-03T23:22:30.355+0000] {dag.py:3722} INFO - Setting next_dagrun for example_params_trigger_ui to None, run_after=None
[2023-12-03T23:22:30.387+0000] {processor.py:179} INFO - Processing /home/ubuntu/redfin/lib/python3.10/site-packages/airflow/example_dags/example_params_trigger_ui.py took 0.116 seconds
[2023-12-03T23:23:15.981+0000] {processor.py:157} INFO - Started process (PID=4768) to work on /home/ubuntu/redfin/lib/python3.10/site-packages/airflow/example_dags/example_params_trigger_ui.py
[2023-12-03T23:23:15.982+0000] {processor.py:829} INFO - Processing file /home/ubuntu/redfin/lib/python3.10/site-packages/airflow/example_dags/example_params_trigger_ui.py for tasks to queue
[2023-12-03T23:23:15.983+0000] {logging_mixin.py:154} INFO - [2023-12-03T23:23:15.983+0000] {dagbag.py:536} INFO - Filling up the DagBag from /home/ubuntu/redfin/lib/python3.10/site-packages/airflow/example_dags/example_params_trigger_ui.py
[2023-12-03T23:23:16.002+0000] {processor.py:839} INFO - DAG(s) dict_keys(['example_params_trigger_ui']) retrieved from /home/ubuntu/redfin/lib/python3.10/site-packages/airflow/example_dags/example_params_trigger_ui.py
[2023-12-03T23:23:16.049+0000] {logging_mixin.py:154} INFO - [2023-12-03T23:23:16.048+0000] {dag.py:2941} INFO - Sync 1 DAGs
[2023-12-03T23:23:16.061+0000] {logging_mixin.py:154} INFO - [2023-12-03T23:23:16.061+0000] {dag.py:3722} INFO - Setting next_dagrun for example_params_trigger_ui to None, run_after=None
[2023-12-03T23:23:16.084+0000] {processor.py:179} INFO - Processing /home/ubuntu/redfin/lib/python3.10/site-packages/airflow/example_dags/example_params_trigger_ui.py took 0.107 seconds
[2023-12-03T23:24:03.811+0000] {processor.py:157} INFO - Started process (PID=4819) to work on /home/ubuntu/redfin/lib/python3.10/site-packages/airflow/example_dags/example_params_trigger_ui.py
[2023-12-03T23:24:03.812+0000] {processor.py:829} INFO - Processing file /home/ubuntu/redfin/lib/python3.10/site-packages/airflow/example_dags/example_params_trigger_ui.py for tasks to queue
[2023-12-03T23:24:03.813+0000] {logging_mixin.py:154} INFO - [2023-12-03T23:24:03.813+0000] {dagbag.py:536} INFO - Filling up the DagBag from /home/ubuntu/redfin/lib/python3.10/site-packages/airflow/example_dags/example_params_trigger_ui.py
[2023-12-03T23:24:03.832+0000] {processor.py:839} INFO - DAG(s) dict_keys(['example_params_trigger_ui']) retrieved from /home/ubuntu/redfin/lib/python3.10/site-packages/airflow/example_dags/example_params_trigger_ui.py
[2023-12-03T23:24:03.878+0000] {logging_mixin.py:154} INFO - [2023-12-03T23:24:03.878+0000] {dag.py:2941} INFO - Sync 1 DAGs
[2023-12-03T23:24:03.890+0000] {logging_mixin.py:154} INFO - [2023-12-03T23:24:03.890+0000] {dag.py:3722} INFO - Setting next_dagrun for example_params_trigger_ui to None, run_after=None
[2023-12-03T23:24:03.913+0000] {processor.py:179} INFO - Processing /home/ubuntu/redfin/lib/python3.10/site-packages/airflow/example_dags/example_params_trigger_ui.py took 0.106 seconds
[2023-12-03T23:24:50.166+0000] {processor.py:157} INFO - Started process (PID=4872) to work on /home/ubuntu/redfin/lib/python3.10/site-packages/airflow/example_dags/example_params_trigger_ui.py
[2023-12-03T23:24:50.167+0000] {processor.py:829} INFO - Processing file /home/ubuntu/redfin/lib/python3.10/site-packages/airflow/example_dags/example_params_trigger_ui.py for tasks to queue
[2023-12-03T23:24:50.168+0000] {logging_mixin.py:154} INFO - [2023-12-03T23:24:50.168+0000] {dagbag.py:536} INFO - Filling up the DagBag from /home/ubuntu/redfin/lib/python3.10/site-packages/airflow/example_dags/example_params_trigger_ui.py
[2023-12-03T23:24:50.188+0000] {processor.py:839} INFO - DAG(s) dict_keys(['example_params_trigger_ui']) retrieved from /home/ubuntu/redfin/lib/python3.10/site-packages/airflow/example_dags/example_params_trigger_ui.py
[2023-12-03T23:24:50.236+0000] {logging_mixin.py:154} INFO - [2023-12-03T23:24:50.235+0000] {dag.py:2941} INFO - Sync 1 DAGs
[2023-12-03T23:24:50.248+0000] {logging_mixin.py:154} INFO - [2023-12-03T23:24:50.248+0000] {dag.py:3722} INFO - Setting next_dagrun for example_params_trigger_ui to None, run_after=None
[2023-12-03T23:24:50.272+0000] {processor.py:179} INFO - Processing /home/ubuntu/redfin/lib/python3.10/site-packages/airflow/example_dags/example_params_trigger_ui.py took 0.109 seconds
[2023-12-03T23:25:40.828+0000] {processor.py:157} INFO - Started process (PID=4926) to work on /home/ubuntu/redfin/lib/python3.10/site-packages/airflow/example_dags/example_params_trigger_ui.py
[2023-12-03T23:25:40.829+0000] {processor.py:829} INFO - Processing file /home/ubuntu/redfin/lib/python3.10/site-packages/airflow/example_dags/example_params_trigger_ui.py for tasks to queue
[2023-12-03T23:25:40.830+0000] {logging_mixin.py:154} INFO - [2023-12-03T23:25:40.830+0000] {dagbag.py:536} INFO - Filling up the DagBag from /home/ubuntu/redfin/lib/python3.10/site-packages/airflow/example_dags/example_params_trigger_ui.py
[2023-12-03T23:25:40.849+0000] {processor.py:839} INFO - DAG(s) dict_keys(['example_params_trigger_ui']) retrieved from /home/ubuntu/redfin/lib/python3.10/site-packages/airflow/example_dags/example_params_trigger_ui.py
[2023-12-03T23:25:40.897+0000] {logging_mixin.py:154} INFO - [2023-12-03T23:25:40.897+0000] {dag.py:2941} INFO - Sync 1 DAGs
[2023-12-03T23:25:40.911+0000] {logging_mixin.py:154} INFO - [2023-12-03T23:25:40.911+0000] {dag.py:3722} INFO - Setting next_dagrun for example_params_trigger_ui to None, run_after=None
[2023-12-03T23:25:40.935+0000] {processor.py:179} INFO - Processing /home/ubuntu/redfin/lib/python3.10/site-packages/airflow/example_dags/example_params_trigger_ui.py took 0.111 seconds
[2023-12-03T23:26:27.371+0000] {processor.py:157} INFO - Started process (PID=4976) to work on /home/ubuntu/redfin/lib/python3.10/site-packages/airflow/example_dags/example_params_trigger_ui.py
[2023-12-03T23:26:27.373+0000] {processor.py:829} INFO - Processing file /home/ubuntu/redfin/lib/python3.10/site-packages/airflow/example_dags/example_params_trigger_ui.py for tasks to queue
[2023-12-03T23:26:27.374+0000] {logging_mixin.py:154} INFO - [2023-12-03T23:26:27.373+0000] {dagbag.py:536} INFO - Filling up the DagBag from /home/ubuntu/redfin/lib/python3.10/site-packages/airflow/example_dags/example_params_trigger_ui.py
[2023-12-03T23:26:27.393+0000] {processor.py:839} INFO - DAG(s) dict_keys(['example_params_trigger_ui']) retrieved from /home/ubuntu/redfin/lib/python3.10/site-packages/airflow/example_dags/example_params_trigger_ui.py
[2023-12-03T23:26:27.440+0000] {logging_mixin.py:154} INFO - [2023-12-03T23:26:27.440+0000] {dag.py:2941} INFO - Sync 1 DAGs
[2023-12-03T23:26:27.452+0000] {logging_mixin.py:154} INFO - [2023-12-03T23:26:27.452+0000] {dag.py:3722} INFO - Setting next_dagrun for example_params_trigger_ui to None, run_after=None
[2023-12-03T23:26:27.475+0000] {processor.py:179} INFO - Processing /home/ubuntu/redfin/lib/python3.10/site-packages/airflow/example_dags/example_params_trigger_ui.py took 0.107 seconds
[2023-12-03T23:27:10.178+0000] {processor.py:157} INFO - Started process (PID=5025) to work on /home/ubuntu/redfin/lib/python3.10/site-packages/airflow/example_dags/example_params_trigger_ui.py
[2023-12-03T23:27:10.179+0000] {processor.py:829} INFO - Processing file /home/ubuntu/redfin/lib/python3.10/site-packages/airflow/example_dags/example_params_trigger_ui.py for tasks to queue
[2023-12-03T23:27:10.180+0000] {logging_mixin.py:154} INFO - [2023-12-03T23:27:10.180+0000] {dagbag.py:536} INFO - Filling up the DagBag from /home/ubuntu/redfin/lib/python3.10/site-packages/airflow/example_dags/example_params_trigger_ui.py
[2023-12-03T23:27:10.200+0000] {processor.py:839} INFO - DAG(s) dict_keys(['example_params_trigger_ui']) retrieved from /home/ubuntu/redfin/lib/python3.10/site-packages/airflow/example_dags/example_params_trigger_ui.py
[2023-12-03T23:27:10.249+0000] {logging_mixin.py:154} INFO - [2023-12-03T23:27:10.248+0000] {dag.py:2941} INFO - Sync 1 DAGs
[2023-12-03T23:27:10.261+0000] {logging_mixin.py:154} INFO - [2023-12-03T23:27:10.261+0000] {dag.py:3722} INFO - Setting next_dagrun for example_params_trigger_ui to None, run_after=None
[2023-12-03T23:27:10.284+0000] {processor.py:179} INFO - Processing /home/ubuntu/redfin/lib/python3.10/site-packages/airflow/example_dags/example_params_trigger_ui.py took 0.110 seconds
[2023-12-03T23:27:52.543+0000] {processor.py:157} INFO - Started process (PID=5072) to work on /home/ubuntu/redfin/lib/python3.10/site-packages/airflow/example_dags/example_params_trigger_ui.py
[2023-12-03T23:27:52.544+0000] {processor.py:829} INFO - Processing file /home/ubuntu/redfin/lib/python3.10/site-packages/airflow/example_dags/example_params_trigger_ui.py for tasks to queue
[2023-12-03T23:27:52.545+0000] {logging_mixin.py:154} INFO - [2023-12-03T23:27:52.545+0000] {dagbag.py:536} INFO - Filling up the DagBag from /home/ubuntu/redfin/lib/python3.10/site-packages/airflow/example_dags/example_params_trigger_ui.py
[2023-12-03T23:27:52.564+0000] {processor.py:839} INFO - DAG(s) dict_keys(['example_params_trigger_ui']) retrieved from /home/ubuntu/redfin/lib/python3.10/site-packages/airflow/example_dags/example_params_trigger_ui.py
[2023-12-03T23:27:52.611+0000] {logging_mixin.py:154} INFO - [2023-12-03T23:27:52.611+0000] {dag.py:2941} INFO - Sync 1 DAGs
[2023-12-03T23:27:52.624+0000] {logging_mixin.py:154} INFO - [2023-12-03T23:27:52.623+0000] {dag.py:3722} INFO - Setting next_dagrun for example_params_trigger_ui to None, run_after=None
[2023-12-03T23:27:52.650+0000] {processor.py:179} INFO - Processing /home/ubuntu/redfin/lib/python3.10/site-packages/airflow/example_dags/example_params_trigger_ui.py took 0.111 seconds
[2023-12-03T23:28:37.741+0000] {processor.py:157} INFO - Started process (PID=5121) to work on /home/ubuntu/redfin/lib/python3.10/site-packages/airflow/example_dags/example_params_trigger_ui.py
[2023-12-03T23:28:37.742+0000] {processor.py:829} INFO - Processing file /home/ubuntu/redfin/lib/python3.10/site-packages/airflow/example_dags/example_params_trigger_ui.py for tasks to queue
[2023-12-03T23:28:37.743+0000] {logging_mixin.py:154} INFO - [2023-12-03T23:28:37.743+0000] {dagbag.py:536} INFO - Filling up the DagBag from /home/ubuntu/redfin/lib/python3.10/site-packages/airflow/example_dags/example_params_trigger_ui.py
[2023-12-03T23:28:37.763+0000] {processor.py:839} INFO - DAG(s) dict_keys(['example_params_trigger_ui']) retrieved from /home/ubuntu/redfin/lib/python3.10/site-packages/airflow/example_dags/example_params_trigger_ui.py
[2023-12-03T23:28:37.812+0000] {logging_mixin.py:154} INFO - [2023-12-03T23:28:37.812+0000] {dag.py:2941} INFO - Sync 1 DAGs
[2023-12-03T23:28:37.825+0000] {logging_mixin.py:154} INFO - [2023-12-03T23:28:37.825+0000] {dag.py:3722} INFO - Setting next_dagrun for example_params_trigger_ui to None, run_after=None
[2023-12-03T23:28:37.848+0000] {processor.py:179} INFO - Processing /home/ubuntu/redfin/lib/python3.10/site-packages/airflow/example_dags/example_params_trigger_ui.py took 0.110 seconds
[2023-12-03T23:29:26.255+0000] {processor.py:157} INFO - Started process (PID=5175) to work on /home/ubuntu/redfin/lib/python3.10/site-packages/airflow/example_dags/example_params_trigger_ui.py
[2023-12-03T23:29:26.256+0000] {processor.py:829} INFO - Processing file /home/ubuntu/redfin/lib/python3.10/site-packages/airflow/example_dags/example_params_trigger_ui.py for tasks to queue
[2023-12-03T23:29:26.257+0000] {logging_mixin.py:154} INFO - [2023-12-03T23:29:26.257+0000] {dagbag.py:536} INFO - Filling up the DagBag from /home/ubuntu/redfin/lib/python3.10/site-packages/airflow/example_dags/example_params_trigger_ui.py
[2023-12-03T23:29:26.276+0000] {processor.py:839} INFO - DAG(s) dict_keys(['example_params_trigger_ui']) retrieved from /home/ubuntu/redfin/lib/python3.10/site-packages/airflow/example_dags/example_params_trigger_ui.py
[2023-12-03T23:29:26.324+0000] {logging_mixin.py:154} INFO - [2023-12-03T23:29:26.323+0000] {dag.py:2941} INFO - Sync 1 DAGs
[2023-12-03T23:29:26.336+0000] {logging_mixin.py:154} INFO - [2023-12-03T23:29:26.336+0000] {dag.py:3722} INFO - Setting next_dagrun for example_params_trigger_ui to None, run_after=None
[2023-12-03T23:29:26.359+0000] {processor.py:179} INFO - Processing /home/ubuntu/redfin/lib/python3.10/site-packages/airflow/example_dags/example_params_trigger_ui.py took 0.108 seconds
[2023-12-03T23:30:14.499+0000] {processor.py:157} INFO - Started process (PID=5228) to work on /home/ubuntu/redfin/lib/python3.10/site-packages/airflow/example_dags/example_params_trigger_ui.py
[2023-12-03T23:30:14.500+0000] {processor.py:829} INFO - Processing file /home/ubuntu/redfin/lib/python3.10/site-packages/airflow/example_dags/example_params_trigger_ui.py for tasks to queue
[2023-12-03T23:30:14.501+0000] {logging_mixin.py:154} INFO - [2023-12-03T23:30:14.501+0000] {dagbag.py:536} INFO - Filling up the DagBag from /home/ubuntu/redfin/lib/python3.10/site-packages/airflow/example_dags/example_params_trigger_ui.py
[2023-12-03T23:30:14.520+0000] {processor.py:839} INFO - DAG(s) dict_keys(['example_params_trigger_ui']) retrieved from /home/ubuntu/redfin/lib/python3.10/site-packages/airflow/example_dags/example_params_trigger_ui.py
[2023-12-03T23:30:14.566+0000] {logging_mixin.py:154} INFO - [2023-12-03T23:30:14.566+0000] {dag.py:2941} INFO - Sync 1 DAGs
[2023-12-03T23:30:14.578+0000] {logging_mixin.py:154} INFO - [2023-12-03T23:30:14.578+0000] {dag.py:3722} INFO - Setting next_dagrun for example_params_trigger_ui to None, run_after=None
[2023-12-03T23:30:14.601+0000] {processor.py:179} INFO - Processing /home/ubuntu/redfin/lib/python3.10/site-packages/airflow/example_dags/example_params_trigger_ui.py took 0.105 seconds
[2023-12-03T23:30:59.849+0000] {processor.py:157} INFO - Started process (PID=5278) to work on /home/ubuntu/redfin/lib/python3.10/site-packages/airflow/example_dags/example_params_trigger_ui.py
[2023-12-03T23:30:59.850+0000] {processor.py:829} INFO - Processing file /home/ubuntu/redfin/lib/python3.10/site-packages/airflow/example_dags/example_params_trigger_ui.py for tasks to queue
[2023-12-03T23:30:59.851+0000] {logging_mixin.py:154} INFO - [2023-12-03T23:30:59.851+0000] {dagbag.py:536} INFO - Filling up the DagBag from /home/ubuntu/redfin/lib/python3.10/site-packages/airflow/example_dags/example_params_trigger_ui.py
[2023-12-03T23:30:59.870+0000] {processor.py:839} INFO - DAG(s) dict_keys(['example_params_trigger_ui']) retrieved from /home/ubuntu/redfin/lib/python3.10/site-packages/airflow/example_dags/example_params_trigger_ui.py
[2023-12-03T23:30:59.918+0000] {logging_mixin.py:154} INFO - [2023-12-03T23:30:59.918+0000] {dag.py:2941} INFO - Sync 1 DAGs
[2023-12-03T23:30:59.933+0000] {logging_mixin.py:154} INFO - [2023-12-03T23:30:59.932+0000] {dag.py:3722} INFO - Setting next_dagrun for example_params_trigger_ui to None, run_after=None
[2023-12-03T23:30:59.959+0000] {processor.py:179} INFO - Processing /home/ubuntu/redfin/lib/python3.10/site-packages/airflow/example_dags/example_params_trigger_ui.py took 0.114 seconds
[2023-12-03T23:31:47.954+0000] {processor.py:157} INFO - Started process (PID=5332) to work on /home/ubuntu/redfin/lib/python3.10/site-packages/airflow/example_dags/example_params_trigger_ui.py
[2023-12-03T23:31:47.956+0000] {processor.py:829} INFO - Processing file /home/ubuntu/redfin/lib/python3.10/site-packages/airflow/example_dags/example_params_trigger_ui.py for tasks to queue
[2023-12-03T23:31:47.957+0000] {logging_mixin.py:154} INFO - [2023-12-03T23:31:47.956+0000] {dagbag.py:536} INFO - Filling up the DagBag from /home/ubuntu/redfin/lib/python3.10/site-packages/airflow/example_dags/example_params_trigger_ui.py
[2023-12-03T23:31:47.976+0000] {processor.py:839} INFO - DAG(s) dict_keys(['example_params_trigger_ui']) retrieved from /home/ubuntu/redfin/lib/python3.10/site-packages/airflow/example_dags/example_params_trigger_ui.py
[2023-12-03T23:31:48.022+0000] {logging_mixin.py:154} INFO - [2023-12-03T23:31:48.022+0000] {dag.py:2941} INFO - Sync 1 DAGs
[2023-12-03T23:31:48.034+0000] {logging_mixin.py:154} INFO - [2023-12-03T23:31:48.034+0000] {dag.py:3722} INFO - Setting next_dagrun for example_params_trigger_ui to None, run_after=None
[2023-12-03T23:31:48.057+0000] {processor.py:179} INFO - Processing /home/ubuntu/redfin/lib/python3.10/site-packages/airflow/example_dags/example_params_trigger_ui.py took 0.106 seconds
[2023-12-03T23:32:33.295+0000] {processor.py:157} INFO - Started process (PID=5381) to work on /home/ubuntu/redfin/lib/python3.10/site-packages/airflow/example_dags/example_params_trigger_ui.py
[2023-12-03T23:32:33.296+0000] {processor.py:829} INFO - Processing file /home/ubuntu/redfin/lib/python3.10/site-packages/airflow/example_dags/example_params_trigger_ui.py for tasks to queue
[2023-12-03T23:32:33.297+0000] {logging_mixin.py:154} INFO - [2023-12-03T23:32:33.297+0000] {dagbag.py:536} INFO - Filling up the DagBag from /home/ubuntu/redfin/lib/python3.10/site-packages/airflow/example_dags/example_params_trigger_ui.py
[2023-12-03T23:32:33.316+0000] {processor.py:839} INFO - DAG(s) dict_keys(['example_params_trigger_ui']) retrieved from /home/ubuntu/redfin/lib/python3.10/site-packages/airflow/example_dags/example_params_trigger_ui.py
[2023-12-03T23:32:33.363+0000] {logging_mixin.py:154} INFO - [2023-12-03T23:32:33.362+0000] {dag.py:2941} INFO - Sync 1 DAGs
[2023-12-03T23:32:33.376+0000] {logging_mixin.py:154} INFO - [2023-12-03T23:32:33.376+0000] {dag.py:3722} INFO - Setting next_dagrun for example_params_trigger_ui to None, run_after=None
[2023-12-03T23:32:33.398+0000] {processor.py:179} INFO - Processing /home/ubuntu/redfin/lib/python3.10/site-packages/airflow/example_dags/example_params_trigger_ui.py took 0.107 seconds
[2023-12-03T23:33:16.804+0000] {processor.py:157} INFO - Started process (PID=5429) to work on /home/ubuntu/redfin/lib/python3.10/site-packages/airflow/example_dags/example_params_trigger_ui.py
[2023-12-03T23:33:16.805+0000] {processor.py:829} INFO - Processing file /home/ubuntu/redfin/lib/python3.10/site-packages/airflow/example_dags/example_params_trigger_ui.py for tasks to queue
[2023-12-03T23:33:16.806+0000] {logging_mixin.py:154} INFO - [2023-12-03T23:33:16.806+0000] {dagbag.py:536} INFO - Filling up the DagBag from /home/ubuntu/redfin/lib/python3.10/site-packages/airflow/example_dags/example_params_trigger_ui.py
[2023-12-03T23:33:16.825+0000] {processor.py:839} INFO - DAG(s) dict_keys(['example_params_trigger_ui']) retrieved from /home/ubuntu/redfin/lib/python3.10/site-packages/airflow/example_dags/example_params_trigger_ui.py
[2023-12-03T23:33:16.872+0000] {logging_mixin.py:154} INFO - [2023-12-03T23:33:16.871+0000] {dag.py:2941} INFO - Sync 1 DAGs
[2023-12-03T23:33:16.884+0000] {logging_mixin.py:154} INFO - [2023-12-03T23:33:16.884+0000] {dag.py:3722} INFO - Setting next_dagrun for example_params_trigger_ui to None, run_after=None
[2023-12-03T23:33:16.906+0000] {processor.py:179} INFO - Processing /home/ubuntu/redfin/lib/python3.10/site-packages/airflow/example_dags/example_params_trigger_ui.py took 0.106 seconds
[2023-12-03T23:34:03.177+0000] {processor.py:157} INFO - Started process (PID=5479) to work on /home/ubuntu/redfin/lib/python3.10/site-packages/airflow/example_dags/example_params_trigger_ui.py
[2023-12-03T23:34:03.179+0000] {processor.py:829} INFO - Processing file /home/ubuntu/redfin/lib/python3.10/site-packages/airflow/example_dags/example_params_trigger_ui.py for tasks to queue
[2023-12-03T23:34:03.180+0000] {logging_mixin.py:154} INFO - [2023-12-03T23:34:03.179+0000] {dagbag.py:536} INFO - Filling up the DagBag from /home/ubuntu/redfin/lib/python3.10/site-packages/airflow/example_dags/example_params_trigger_ui.py
[2023-12-03T23:34:03.199+0000] {processor.py:839} INFO - DAG(s) dict_keys(['example_params_trigger_ui']) retrieved from /home/ubuntu/redfin/lib/python3.10/site-packages/airflow/example_dags/example_params_trigger_ui.py
[2023-12-03T23:34:03.246+0000] {logging_mixin.py:154} INFO - [2023-12-03T23:34:03.246+0000] {dag.py:2941} INFO - Sync 1 DAGs
[2023-12-03T23:34:03.259+0000] {logging_mixin.py:154} INFO - [2023-12-03T23:34:03.258+0000] {dag.py:3722} INFO - Setting next_dagrun for example_params_trigger_ui to None, run_after=None
[2023-12-03T23:34:03.281+0000] {processor.py:179} INFO - Processing /home/ubuntu/redfin/lib/python3.10/site-packages/airflow/example_dags/example_params_trigger_ui.py took 0.107 seconds
[2023-12-03T23:34:52.197+0000] {processor.py:157} INFO - Started process (PID=5533) to work on /home/ubuntu/redfin/lib/python3.10/site-packages/airflow/example_dags/example_params_trigger_ui.py
[2023-12-03T23:34:52.198+0000] {processor.py:829} INFO - Processing file /home/ubuntu/redfin/lib/python3.10/site-packages/airflow/example_dags/example_params_trigger_ui.py for tasks to queue
[2023-12-03T23:34:52.199+0000] {logging_mixin.py:154} INFO - [2023-12-03T23:34:52.198+0000] {dagbag.py:536} INFO - Filling up the DagBag from /home/ubuntu/redfin/lib/python3.10/site-packages/airflow/example_dags/example_params_trigger_ui.py
[2023-12-03T23:34:52.218+0000] {processor.py:839} INFO - DAG(s) dict_keys(['example_params_trigger_ui']) retrieved from /home/ubuntu/redfin/lib/python3.10/site-packages/airflow/example_dags/example_params_trigger_ui.py
[2023-12-03T23:34:52.263+0000] {logging_mixin.py:154} INFO - [2023-12-03T23:34:52.263+0000] {dag.py:2941} INFO - Sync 1 DAGs
[2023-12-03T23:34:52.276+0000] {logging_mixin.py:154} INFO - [2023-12-03T23:34:52.276+0000] {dag.py:3722} INFO - Setting next_dagrun for example_params_trigger_ui to None, run_after=None
[2023-12-03T23:34:52.299+0000] {processor.py:179} INFO - Processing /home/ubuntu/redfin/lib/python3.10/site-packages/airflow/example_dags/example_params_trigger_ui.py took 0.105 seconds
[2023-12-03T23:35:40.494+0000] {processor.py:157} INFO - Started process (PID=5586) to work on /home/ubuntu/redfin/lib/python3.10/site-packages/airflow/example_dags/example_params_trigger_ui.py
[2023-12-03T23:35:40.496+0000] {processor.py:829} INFO - Processing file /home/ubuntu/redfin/lib/python3.10/site-packages/airflow/example_dags/example_params_trigger_ui.py for tasks to queue
[2023-12-03T23:35:40.496+0000] {logging_mixin.py:154} INFO - [2023-12-03T23:35:40.496+0000] {dagbag.py:536} INFO - Filling up the DagBag from /home/ubuntu/redfin/lib/python3.10/site-packages/airflow/example_dags/example_params_trigger_ui.py
[2023-12-03T23:35:40.516+0000] {processor.py:839} INFO - DAG(s) dict_keys(['example_params_trigger_ui']) retrieved from /home/ubuntu/redfin/lib/python3.10/site-packages/airflow/example_dags/example_params_trigger_ui.py
[2023-12-03T23:35:40.564+0000] {logging_mixin.py:154} INFO - [2023-12-03T23:35:40.564+0000] {dag.py:2941} INFO - Sync 1 DAGs
[2023-12-03T23:35:40.577+0000] {logging_mixin.py:154} INFO - [2023-12-03T23:35:40.577+0000] {dag.py:3722} INFO - Setting next_dagrun for example_params_trigger_ui to None, run_after=None
[2023-12-03T23:35:40.600+0000] {processor.py:179} INFO - Processing /home/ubuntu/redfin/lib/python3.10/site-packages/airflow/example_dags/example_params_trigger_ui.py took 0.110 seconds
[2023-12-03T23:36:33.129+0000] {processor.py:157} INFO - Started process (PID=5642) to work on /home/ubuntu/redfin/lib/python3.10/site-packages/airflow/example_dags/example_params_trigger_ui.py
[2023-12-03T23:36:33.130+0000] {processor.py:829} INFO - Processing file /home/ubuntu/redfin/lib/python3.10/site-packages/airflow/example_dags/example_params_trigger_ui.py for tasks to queue
[2023-12-03T23:36:33.131+0000] {logging_mixin.py:154} INFO - [2023-12-03T23:36:33.131+0000] {dagbag.py:536} INFO - Filling up the DagBag from /home/ubuntu/redfin/lib/python3.10/site-packages/airflow/example_dags/example_params_trigger_ui.py
[2023-12-03T23:36:33.150+0000] {processor.py:839} INFO - DAG(s) dict_keys(['example_params_trigger_ui']) retrieved from /home/ubuntu/redfin/lib/python3.10/site-packages/airflow/example_dags/example_params_trigger_ui.py
[2023-12-03T23:36:33.197+0000] {logging_mixin.py:154} INFO - [2023-12-03T23:36:33.197+0000] {dag.py:2941} INFO - Sync 1 DAGs
[2023-12-03T23:36:33.210+0000] {logging_mixin.py:154} INFO - [2023-12-03T23:36:33.210+0000] {dag.py:3722} INFO - Setting next_dagrun for example_params_trigger_ui to None, run_after=None
[2023-12-03T23:36:33.233+0000] {processor.py:179} INFO - Processing /home/ubuntu/redfin/lib/python3.10/site-packages/airflow/example_dags/example_params_trigger_ui.py took 0.109 seconds
[2023-12-03T23:37:22.942+0000] {processor.py:157} INFO - Started process (PID=5695) to work on /home/ubuntu/redfin/lib/python3.10/site-packages/airflow/example_dags/example_params_trigger_ui.py
[2023-12-03T23:37:22.943+0000] {processor.py:829} INFO - Processing file /home/ubuntu/redfin/lib/python3.10/site-packages/airflow/example_dags/example_params_trigger_ui.py for tasks to queue
[2023-12-03T23:37:22.944+0000] {logging_mixin.py:154} INFO - [2023-12-03T23:37:22.943+0000] {dagbag.py:536} INFO - Filling up the DagBag from /home/ubuntu/redfin/lib/python3.10/site-packages/airflow/example_dags/example_params_trigger_ui.py
[2023-12-03T23:37:22.963+0000] {processor.py:839} INFO - DAG(s) dict_keys(['example_params_trigger_ui']) retrieved from /home/ubuntu/redfin/lib/python3.10/site-packages/airflow/example_dags/example_params_trigger_ui.py
[2023-12-03T23:37:23.009+0000] {logging_mixin.py:154} INFO - [2023-12-03T23:37:23.009+0000] {dag.py:2941} INFO - Sync 1 DAGs
[2023-12-03T23:37:23.022+0000] {logging_mixin.py:154} INFO - [2023-12-03T23:37:23.022+0000] {dag.py:3722} INFO - Setting next_dagrun for example_params_trigger_ui to None, run_after=None
[2023-12-03T23:37:23.044+0000] {processor.py:179} INFO - Processing /home/ubuntu/redfin/lib/python3.10/site-packages/airflow/example_dags/example_params_trigger_ui.py took 0.106 seconds
[2023-12-03T23:38:05.980+0000] {processor.py:157} INFO - Started process (PID=5744) to work on /home/ubuntu/redfin/lib/python3.10/site-packages/airflow/example_dags/example_params_trigger_ui.py
[2023-12-03T23:38:05.982+0000] {processor.py:829} INFO - Processing file /home/ubuntu/redfin/lib/python3.10/site-packages/airflow/example_dags/example_params_trigger_ui.py for tasks to queue
[2023-12-03T23:38:05.982+0000] {logging_mixin.py:154} INFO - [2023-12-03T23:38:05.982+0000] {dagbag.py:536} INFO - Filling up the DagBag from /home/ubuntu/redfin/lib/python3.10/site-packages/airflow/example_dags/example_params_trigger_ui.py
[2023-12-03T23:38:06.001+0000] {processor.py:839} INFO - DAG(s) dict_keys(['example_params_trigger_ui']) retrieved from /home/ubuntu/redfin/lib/python3.10/site-packages/airflow/example_dags/example_params_trigger_ui.py
[2023-12-03T23:38:06.049+0000] {logging_mixin.py:154} INFO - [2023-12-03T23:38:06.048+0000] {dag.py:2941} INFO - Sync 1 DAGs
[2023-12-03T23:38:06.062+0000] {logging_mixin.py:154} INFO - [2023-12-03T23:38:06.061+0000] {dag.py:3722} INFO - Setting next_dagrun for example_params_trigger_ui to None, run_after=None
[2023-12-03T23:38:06.086+0000] {processor.py:179} INFO - Processing /home/ubuntu/redfin/lib/python3.10/site-packages/airflow/example_dags/example_params_trigger_ui.py took 0.109 seconds
[2023-12-03T23:38:54.868+0000] {processor.py:157} INFO - Started process (PID=5799) to work on /home/ubuntu/redfin/lib/python3.10/site-packages/airflow/example_dags/example_params_trigger_ui.py
[2023-12-03T23:38:54.869+0000] {processor.py:829} INFO - Processing file /home/ubuntu/redfin/lib/python3.10/site-packages/airflow/example_dags/example_params_trigger_ui.py for tasks to queue
[2023-12-03T23:38:54.870+0000] {logging_mixin.py:154} INFO - [2023-12-03T23:38:54.870+0000] {dagbag.py:536} INFO - Filling up the DagBag from /home/ubuntu/redfin/lib/python3.10/site-packages/airflow/example_dags/example_params_trigger_ui.py
[2023-12-03T23:38:54.890+0000] {processor.py:839} INFO - DAG(s) dict_keys(['example_params_trigger_ui']) retrieved from /home/ubuntu/redfin/lib/python3.10/site-packages/airflow/example_dags/example_params_trigger_ui.py
[2023-12-03T23:38:54.939+0000] {logging_mixin.py:154} INFO - [2023-12-03T23:38:54.939+0000] {dag.py:2941} INFO - Sync 1 DAGs
[2023-12-03T23:38:54.953+0000] {logging_mixin.py:154} INFO - [2023-12-03T23:38:54.952+0000] {dag.py:3722} INFO - Setting next_dagrun for example_params_trigger_ui to None, run_after=None
[2023-12-03T23:38:54.977+0000] {processor.py:179} INFO - Processing /home/ubuntu/redfin/lib/python3.10/site-packages/airflow/example_dags/example_params_trigger_ui.py took 0.113 seconds
[2023-12-03T23:39:41.656+0000] {processor.py:157} INFO - Started process (PID=5849) to work on /home/ubuntu/redfin/lib/python3.10/site-packages/airflow/example_dags/example_params_trigger_ui.py
[2023-12-03T23:39:41.657+0000] {processor.py:829} INFO - Processing file /home/ubuntu/redfin/lib/python3.10/site-packages/airflow/example_dags/example_params_trigger_ui.py for tasks to queue
[2023-12-03T23:39:41.658+0000] {logging_mixin.py:154} INFO - [2023-12-03T23:39:41.658+0000] {dagbag.py:536} INFO - Filling up the DagBag from /home/ubuntu/redfin/lib/python3.10/site-packages/airflow/example_dags/example_params_trigger_ui.py
[2023-12-03T23:39:41.678+0000] {processor.py:839} INFO - DAG(s) dict_keys(['example_params_trigger_ui']) retrieved from /home/ubuntu/redfin/lib/python3.10/site-packages/airflow/example_dags/example_params_trigger_ui.py
[2023-12-03T23:39:41.725+0000] {logging_mixin.py:154} INFO - [2023-12-03T23:39:41.725+0000] {dag.py:2941} INFO - Sync 1 DAGs
[2023-12-03T23:39:41.739+0000] {logging_mixin.py:154} INFO - [2023-12-03T23:39:41.738+0000] {dag.py:3722} INFO - Setting next_dagrun for example_params_trigger_ui to None, run_after=None
[2023-12-03T23:39:41.761+0000] {processor.py:179} INFO - Processing /home/ubuntu/redfin/lib/python3.10/site-packages/airflow/example_dags/example_params_trigger_ui.py took 0.110 seconds
[2023-12-03T23:40:27.950+0000] {processor.py:157} INFO - Started process (PID=5899) to work on /home/ubuntu/redfin/lib/python3.10/site-packages/airflow/example_dags/example_params_trigger_ui.py
[2023-12-03T23:40:27.952+0000] {processor.py:829} INFO - Processing file /home/ubuntu/redfin/lib/python3.10/site-packages/airflow/example_dags/example_params_trigger_ui.py for tasks to queue
[2023-12-03T23:40:27.953+0000] {logging_mixin.py:154} INFO - [2023-12-03T23:40:27.952+0000] {dagbag.py:536} INFO - Filling up the DagBag from /home/ubuntu/redfin/lib/python3.10/site-packages/airflow/example_dags/example_params_trigger_ui.py
[2023-12-03T23:40:27.973+0000] {processor.py:839} INFO - DAG(s) dict_keys(['example_params_trigger_ui']) retrieved from /home/ubuntu/redfin/lib/python3.10/site-packages/airflow/example_dags/example_params_trigger_ui.py
[2023-12-03T23:40:28.023+0000] {logging_mixin.py:154} INFO - [2023-12-03T23:40:28.023+0000] {dag.py:2941} INFO - Sync 1 DAGs
[2023-12-03T23:40:28.036+0000] {logging_mixin.py:154} INFO - [2023-12-03T23:40:28.036+0000] {dag.py:3722} INFO - Setting next_dagrun for example_params_trigger_ui to None, run_after=None
[2023-12-03T23:40:28.059+0000] {processor.py:179} INFO - Processing /home/ubuntu/redfin/lib/python3.10/site-packages/airflow/example_dags/example_params_trigger_ui.py took 0.112 seconds
[2023-12-03T23:41:18.770+0000] {processor.py:157} INFO - Started process (PID=5953) to work on /home/ubuntu/redfin/lib/python3.10/site-packages/airflow/example_dags/example_params_trigger_ui.py
[2023-12-03T23:41:18.771+0000] {processor.py:829} INFO - Processing file /home/ubuntu/redfin/lib/python3.10/site-packages/airflow/example_dags/example_params_trigger_ui.py for tasks to queue
[2023-12-03T23:41:18.772+0000] {logging_mixin.py:154} INFO - [2023-12-03T23:41:18.772+0000] {dagbag.py:536} INFO - Filling up the DagBag from /home/ubuntu/redfin/lib/python3.10/site-packages/airflow/example_dags/example_params_trigger_ui.py
[2023-12-03T23:41:18.791+0000] {processor.py:839} INFO - DAG(s) dict_keys(['example_params_trigger_ui']) retrieved from /home/ubuntu/redfin/lib/python3.10/site-packages/airflow/example_dags/example_params_trigger_ui.py
[2023-12-03T23:41:18.837+0000] {logging_mixin.py:154} INFO - [2023-12-03T23:41:18.837+0000] {dag.py:2941} INFO - Sync 1 DAGs
[2023-12-03T23:41:18.851+0000] {logging_mixin.py:154} INFO - [2023-12-03T23:41:18.851+0000] {dag.py:3722} INFO - Setting next_dagrun for example_params_trigger_ui to None, run_after=None
[2023-12-03T23:41:18.873+0000] {processor.py:179} INFO - Processing /home/ubuntu/redfin/lib/python3.10/site-packages/airflow/example_dags/example_params_trigger_ui.py took 0.108 seconds
[2023-12-03T23:42:02.374+0000] {processor.py:157} INFO - Started process (PID=6002) to work on /home/ubuntu/redfin/lib/python3.10/site-packages/airflow/example_dags/example_params_trigger_ui.py
[2023-12-03T23:42:02.375+0000] {processor.py:829} INFO - Processing file /home/ubuntu/redfin/lib/python3.10/site-packages/airflow/example_dags/example_params_trigger_ui.py for tasks to queue
[2023-12-03T23:42:02.376+0000] {logging_mixin.py:154} INFO - [2023-12-03T23:42:02.376+0000] {dagbag.py:536} INFO - Filling up the DagBag from /home/ubuntu/redfin/lib/python3.10/site-packages/airflow/example_dags/example_params_trigger_ui.py
[2023-12-03T23:42:02.395+0000] {processor.py:839} INFO - DAG(s) dict_keys(['example_params_trigger_ui']) retrieved from /home/ubuntu/redfin/lib/python3.10/site-packages/airflow/example_dags/example_params_trigger_ui.py
[2023-12-03T23:42:02.443+0000] {logging_mixin.py:154} INFO - [2023-12-03T23:42:02.442+0000] {dag.py:2941} INFO - Sync 1 DAGs
[2023-12-03T23:42:02.455+0000] {logging_mixin.py:154} INFO - [2023-12-03T23:42:02.455+0000] {dag.py:3722} INFO - Setting next_dagrun for example_params_trigger_ui to None, run_after=None
[2023-12-03T23:42:02.478+0000] {processor.py:179} INFO - Processing /home/ubuntu/redfin/lib/python3.10/site-packages/airflow/example_dags/example_params_trigger_ui.py took 0.108 seconds
[2023-12-03T23:42:51.410+0000] {processor.py:157} INFO - Started process (PID=6057) to work on /home/ubuntu/redfin/lib/python3.10/site-packages/airflow/example_dags/example_params_trigger_ui.py
[2023-12-03T23:42:51.412+0000] {processor.py:829} INFO - Processing file /home/ubuntu/redfin/lib/python3.10/site-packages/airflow/example_dags/example_params_trigger_ui.py for tasks to queue
[2023-12-03T23:42:51.412+0000] {logging_mixin.py:154} INFO - [2023-12-03T23:42:51.412+0000] {dagbag.py:536} INFO - Filling up the DagBag from /home/ubuntu/redfin/lib/python3.10/site-packages/airflow/example_dags/example_params_trigger_ui.py
[2023-12-03T23:42:51.431+0000] {processor.py:839} INFO - DAG(s) dict_keys(['example_params_trigger_ui']) retrieved from /home/ubuntu/redfin/lib/python3.10/site-packages/airflow/example_dags/example_params_trigger_ui.py
[2023-12-03T23:42:51.478+0000] {logging_mixin.py:154} INFO - [2023-12-03T23:42:51.478+0000] {dag.py:2941} INFO - Sync 1 DAGs
[2023-12-03T23:42:51.491+0000] {logging_mixin.py:154} INFO - [2023-12-03T23:42:51.490+0000] {dag.py:3722} INFO - Setting next_dagrun for example_params_trigger_ui to None, run_after=None
[2023-12-03T23:42:51.513+0000] {processor.py:179} INFO - Processing /home/ubuntu/redfin/lib/python3.10/site-packages/airflow/example_dags/example_params_trigger_ui.py took 0.106 seconds
[2023-12-03T23:43:37.242+0000] {processor.py:157} INFO - Started process (PID=6106) to work on /home/ubuntu/redfin/lib/python3.10/site-packages/airflow/example_dags/example_params_trigger_ui.py
[2023-12-03T23:43:37.244+0000] {processor.py:829} INFO - Processing file /home/ubuntu/redfin/lib/python3.10/site-packages/airflow/example_dags/example_params_trigger_ui.py for tasks to queue
[2023-12-03T23:43:37.244+0000] {logging_mixin.py:154} INFO - [2023-12-03T23:43:37.244+0000] {dagbag.py:536} INFO - Filling up the DagBag from /home/ubuntu/redfin/lib/python3.10/site-packages/airflow/example_dags/example_params_trigger_ui.py
[2023-12-03T23:43:37.264+0000] {processor.py:839} INFO - DAG(s) dict_keys(['example_params_trigger_ui']) retrieved from /home/ubuntu/redfin/lib/python3.10/site-packages/airflow/example_dags/example_params_trigger_ui.py
[2023-12-03T23:43:37.311+0000] {logging_mixin.py:154} INFO - [2023-12-03T23:43:37.311+0000] {dag.py:2941} INFO - Sync 1 DAGs
[2023-12-03T23:43:37.323+0000] {logging_mixin.py:154} INFO - [2023-12-03T23:43:37.323+0000] {dag.py:3722} INFO - Setting next_dagrun for example_params_trigger_ui to None, run_after=None
[2023-12-03T23:43:37.346+0000] {processor.py:179} INFO - Processing /home/ubuntu/redfin/lib/python3.10/site-packages/airflow/example_dags/example_params_trigger_ui.py took 0.107 seconds
[2023-12-03T23:44:25.434+0000] {processor.py:157} INFO - Started process (PID=6413) to work on /home/ubuntu/redfin/lib/python3.10/site-packages/airflow/example_dags/example_params_trigger_ui.py
[2023-12-03T23:44:25.436+0000] {processor.py:829} INFO - Processing file /home/ubuntu/redfin/lib/python3.10/site-packages/airflow/example_dags/example_params_trigger_ui.py for tasks to queue
[2023-12-03T23:44:25.436+0000] {logging_mixin.py:154} INFO - [2023-12-03T23:44:25.436+0000] {dagbag.py:536} INFO - Filling up the DagBag from /home/ubuntu/redfin/lib/python3.10/site-packages/airflow/example_dags/example_params_trigger_ui.py
[2023-12-03T23:44:25.456+0000] {processor.py:839} INFO - DAG(s) dict_keys(['example_params_trigger_ui']) retrieved from /home/ubuntu/redfin/lib/python3.10/site-packages/airflow/example_dags/example_params_trigger_ui.py
[2023-12-03T23:44:25.503+0000] {logging_mixin.py:154} INFO - [2023-12-03T23:44:25.503+0000] {dag.py:2941} INFO - Sync 1 DAGs
[2023-12-03T23:44:25.515+0000] {logging_mixin.py:154} INFO - [2023-12-03T23:44:25.515+0000] {dag.py:3722} INFO - Setting next_dagrun for example_params_trigger_ui to None, run_after=None
[2023-12-03T23:44:25.538+0000] {processor.py:179} INFO - Processing /home/ubuntu/redfin/lib/python3.10/site-packages/airflow/example_dags/example_params_trigger_ui.py took 0.108 seconds
[2023-12-03T23:45:07.787+0000] {processor.py:157} INFO - Started process (PID=6617) to work on /home/ubuntu/redfin/lib/python3.10/site-packages/airflow/example_dags/example_params_trigger_ui.py
[2023-12-03T23:45:07.789+0000] {processor.py:829} INFO - Processing file /home/ubuntu/redfin/lib/python3.10/site-packages/airflow/example_dags/example_params_trigger_ui.py for tasks to queue
[2023-12-03T23:45:07.790+0000] {logging_mixin.py:154} INFO - [2023-12-03T23:45:07.790+0000] {dagbag.py:536} INFO - Filling up the DagBag from /home/ubuntu/redfin/lib/python3.10/site-packages/airflow/example_dags/example_params_trigger_ui.py
[2023-12-03T23:45:07.809+0000] {processor.py:839} INFO - DAG(s) dict_keys(['example_params_trigger_ui']) retrieved from /home/ubuntu/redfin/lib/python3.10/site-packages/airflow/example_dags/example_params_trigger_ui.py
[2023-12-03T23:45:07.856+0000] {logging_mixin.py:154} INFO - [2023-12-03T23:45:07.856+0000] {dag.py:2941} INFO - Sync 1 DAGs
[2023-12-03T23:45:07.869+0000] {logging_mixin.py:154} INFO - [2023-12-03T23:45:07.869+0000] {dag.py:3722} INFO - Setting next_dagrun for example_params_trigger_ui to None, run_after=None
[2023-12-03T23:45:07.891+0000] {processor.py:179} INFO - Processing /home/ubuntu/redfin/lib/python3.10/site-packages/airflow/example_dags/example_params_trigger_ui.py took 0.108 seconds
[2023-12-03T23:45:55.289+0000] {processor.py:157} INFO - Started process (PID=6669) to work on /home/ubuntu/redfin/lib/python3.10/site-packages/airflow/example_dags/example_params_trigger_ui.py
[2023-12-03T23:45:55.290+0000] {processor.py:829} INFO - Processing file /home/ubuntu/redfin/lib/python3.10/site-packages/airflow/example_dags/example_params_trigger_ui.py for tasks to queue
[2023-12-03T23:45:55.291+0000] {logging_mixin.py:154} INFO - [2023-12-03T23:45:55.291+0000] {dagbag.py:536} INFO - Filling up the DagBag from /home/ubuntu/redfin/lib/python3.10/site-packages/airflow/example_dags/example_params_trigger_ui.py
[2023-12-03T23:45:55.311+0000] {processor.py:839} INFO - DAG(s) dict_keys(['example_params_trigger_ui']) retrieved from /home/ubuntu/redfin/lib/python3.10/site-packages/airflow/example_dags/example_params_trigger_ui.py
[2023-12-03T23:45:55.360+0000] {logging_mixin.py:154} INFO - [2023-12-03T23:45:55.360+0000] {dag.py:2941} INFO - Sync 1 DAGs
[2023-12-03T23:45:55.373+0000] {logging_mixin.py:154} INFO - [2023-12-03T23:45:55.373+0000] {dag.py:3722} INFO - Setting next_dagrun for example_params_trigger_ui to None, run_after=None
[2023-12-03T23:45:55.400+0000] {processor.py:179} INFO - Processing /home/ubuntu/redfin/lib/python3.10/site-packages/airflow/example_dags/example_params_trigger_ui.py took 0.115 seconds
[2023-12-03T23:46:39.355+0000] {processor.py:157} INFO - Started process (PID=6719) to work on /home/ubuntu/redfin/lib/python3.10/site-packages/airflow/example_dags/example_params_trigger_ui.py
[2023-12-03T23:46:39.356+0000] {processor.py:829} INFO - Processing file /home/ubuntu/redfin/lib/python3.10/site-packages/airflow/example_dags/example_params_trigger_ui.py for tasks to queue
[2023-12-03T23:46:39.357+0000] {logging_mixin.py:154} INFO - [2023-12-03T23:46:39.357+0000] {dagbag.py:536} INFO - Filling up the DagBag from /home/ubuntu/redfin/lib/python3.10/site-packages/airflow/example_dags/example_params_trigger_ui.py
[2023-12-03T23:46:39.377+0000] {processor.py:839} INFO - DAG(s) dict_keys(['example_params_trigger_ui']) retrieved from /home/ubuntu/redfin/lib/python3.10/site-packages/airflow/example_dags/example_params_trigger_ui.py
[2023-12-03T23:46:39.425+0000] {logging_mixin.py:154} INFO - [2023-12-03T23:46:39.425+0000] {dag.py:2941} INFO - Sync 1 DAGs
[2023-12-03T23:46:39.438+0000] {logging_mixin.py:154} INFO - [2023-12-03T23:46:39.438+0000] {dag.py:3722} INFO - Setting next_dagrun for example_params_trigger_ui to None, run_after=None
[2023-12-03T23:46:39.461+0000] {processor.py:179} INFO - Processing /home/ubuntu/redfin/lib/python3.10/site-packages/airflow/example_dags/example_params_trigger_ui.py took 0.110 seconds
[2023-12-03T23:47:28.352+0000] {processor.py:157} INFO - Started process (PID=6778) to work on /home/ubuntu/redfin/lib/python3.10/site-packages/airflow/example_dags/example_params_trigger_ui.py
[2023-12-03T23:47:28.354+0000] {processor.py:829} INFO - Processing file /home/ubuntu/redfin/lib/python3.10/site-packages/airflow/example_dags/example_params_trigger_ui.py for tasks to queue
[2023-12-03T23:47:28.355+0000] {logging_mixin.py:154} INFO - [2023-12-03T23:47:28.355+0000] {dagbag.py:536} INFO - Filling up the DagBag from /home/ubuntu/redfin/lib/python3.10/site-packages/airflow/example_dags/example_params_trigger_ui.py
[2023-12-03T23:47:28.375+0000] {processor.py:839} INFO - DAG(s) dict_keys(['example_params_trigger_ui']) retrieved from /home/ubuntu/redfin/lib/python3.10/site-packages/airflow/example_dags/example_params_trigger_ui.py
[2023-12-03T23:47:28.424+0000] {logging_mixin.py:154} INFO - [2023-12-03T23:47:28.424+0000] {dag.py:2941} INFO - Sync 1 DAGs
[2023-12-03T23:47:28.437+0000] {logging_mixin.py:154} INFO - [2023-12-03T23:47:28.437+0000] {dag.py:3722} INFO - Setting next_dagrun for example_params_trigger_ui to None, run_after=None
[2023-12-03T23:47:28.461+0000] {processor.py:179} INFO - Processing /home/ubuntu/redfin/lib/python3.10/site-packages/airflow/example_dags/example_params_trigger_ui.py took 0.113 seconds
[2023-12-03T23:48:16.506+0000] {processor.py:157} INFO - Started process (PID=6860) to work on /home/ubuntu/redfin/lib/python3.10/site-packages/airflow/example_dags/example_params_trigger_ui.py
[2023-12-03T23:48:16.507+0000] {processor.py:829} INFO - Processing file /home/ubuntu/redfin/lib/python3.10/site-packages/airflow/example_dags/example_params_trigger_ui.py for tasks to queue
[2023-12-03T23:48:16.508+0000] {logging_mixin.py:154} INFO - [2023-12-03T23:48:16.508+0000] {dagbag.py:536} INFO - Filling up the DagBag from /home/ubuntu/redfin/lib/python3.10/site-packages/airflow/example_dags/example_params_trigger_ui.py
[2023-12-03T23:48:16.527+0000] {processor.py:839} INFO - DAG(s) dict_keys(['example_params_trigger_ui']) retrieved from /home/ubuntu/redfin/lib/python3.10/site-packages/airflow/example_dags/example_params_trigger_ui.py
[2023-12-03T23:48:16.574+0000] {logging_mixin.py:154} INFO - [2023-12-03T23:48:16.574+0000] {dag.py:2941} INFO - Sync 1 DAGs
[2023-12-03T23:48:16.586+0000] {logging_mixin.py:154} INFO - [2023-12-03T23:48:16.586+0000] {dag.py:3722} INFO - Setting next_dagrun for example_params_trigger_ui to None, run_after=None
[2023-12-03T23:48:16.610+0000] {processor.py:179} INFO - Processing /home/ubuntu/redfin/lib/python3.10/site-packages/airflow/example_dags/example_params_trigger_ui.py took 0.108 seconds
[2023-12-03T23:49:06.082+0000] {processor.py:157} INFO - Started process (PID=6918) to work on /home/ubuntu/redfin/lib/python3.10/site-packages/airflow/example_dags/example_params_trigger_ui.py
[2023-12-03T23:49:06.084+0000] {processor.py:829} INFO - Processing file /home/ubuntu/redfin/lib/python3.10/site-packages/airflow/example_dags/example_params_trigger_ui.py for tasks to queue
[2023-12-03T23:49:06.085+0000] {logging_mixin.py:154} INFO - [2023-12-03T23:49:06.084+0000] {dagbag.py:536} INFO - Filling up the DagBag from /home/ubuntu/redfin/lib/python3.10/site-packages/airflow/example_dags/example_params_trigger_ui.py
[2023-12-03T23:49:06.104+0000] {processor.py:839} INFO - DAG(s) dict_keys(['example_params_trigger_ui']) retrieved from /home/ubuntu/redfin/lib/python3.10/site-packages/airflow/example_dags/example_params_trigger_ui.py
[2023-12-03T23:49:06.151+0000] {logging_mixin.py:154} INFO - [2023-12-03T23:49:06.151+0000] {dag.py:2941} INFO - Sync 1 DAGs
[2023-12-03T23:49:06.164+0000] {logging_mixin.py:154} INFO - [2023-12-03T23:49:06.164+0000] {dag.py:3722} INFO - Setting next_dagrun for example_params_trigger_ui to None, run_after=None
[2023-12-03T23:49:06.187+0000] {processor.py:179} INFO - Processing /home/ubuntu/redfin/lib/python3.10/site-packages/airflow/example_dags/example_params_trigger_ui.py took 0.108 seconds
[2023-12-03T23:49:56.802+0000] {processor.py:157} INFO - Started process (PID=6972) to work on /home/ubuntu/redfin/lib/python3.10/site-packages/airflow/example_dags/example_params_trigger_ui.py
[2023-12-03T23:49:56.803+0000] {processor.py:829} INFO - Processing file /home/ubuntu/redfin/lib/python3.10/site-packages/airflow/example_dags/example_params_trigger_ui.py for tasks to queue
[2023-12-03T23:49:56.804+0000] {logging_mixin.py:154} INFO - [2023-12-03T23:49:56.804+0000] {dagbag.py:536} INFO - Filling up the DagBag from /home/ubuntu/redfin/lib/python3.10/site-packages/airflow/example_dags/example_params_trigger_ui.py
[2023-12-03T23:49:56.824+0000] {processor.py:839} INFO - DAG(s) dict_keys(['example_params_trigger_ui']) retrieved from /home/ubuntu/redfin/lib/python3.10/site-packages/airflow/example_dags/example_params_trigger_ui.py
[2023-12-03T23:49:56.871+0000] {logging_mixin.py:154} INFO - [2023-12-03T23:49:56.871+0000] {dag.py:2941} INFO - Sync 1 DAGs
[2023-12-03T23:49:56.884+0000] {logging_mixin.py:154} INFO - [2023-12-03T23:49:56.884+0000] {dag.py:3722} INFO - Setting next_dagrun for example_params_trigger_ui to None, run_after=None
[2023-12-03T23:49:56.909+0000] {processor.py:179} INFO - Processing /home/ubuntu/redfin/lib/python3.10/site-packages/airflow/example_dags/example_params_trigger_ui.py took 0.110 seconds
[2023-12-03T23:50:43.407+0000] {processor.py:157} INFO - Started process (PID=7026) to work on /home/ubuntu/redfin/lib/python3.10/site-packages/airflow/example_dags/example_params_trigger_ui.py
[2023-12-03T23:50:43.408+0000] {processor.py:829} INFO - Processing file /home/ubuntu/redfin/lib/python3.10/site-packages/airflow/example_dags/example_params_trigger_ui.py for tasks to queue
[2023-12-03T23:50:43.409+0000] {logging_mixin.py:154} INFO - [2023-12-03T23:50:43.409+0000] {dagbag.py:536} INFO - Filling up the DagBag from /home/ubuntu/redfin/lib/python3.10/site-packages/airflow/example_dags/example_params_trigger_ui.py
[2023-12-03T23:50:43.429+0000] {processor.py:839} INFO - DAG(s) dict_keys(['example_params_trigger_ui']) retrieved from /home/ubuntu/redfin/lib/python3.10/site-packages/airflow/example_dags/example_params_trigger_ui.py
[2023-12-03T23:50:43.477+0000] {logging_mixin.py:154} INFO - [2023-12-03T23:50:43.477+0000] {dag.py:2941} INFO - Sync 1 DAGs
[2023-12-03T23:50:43.490+0000] {logging_mixin.py:154} INFO - [2023-12-03T23:50:43.489+0000] {dag.py:3722} INFO - Setting next_dagrun for example_params_trigger_ui to None, run_after=None
[2023-12-03T23:50:43.512+0000] {processor.py:179} INFO - Processing /home/ubuntu/redfin/lib/python3.10/site-packages/airflow/example_dags/example_params_trigger_ui.py took 0.109 seconds
[2023-12-03T23:51:30.955+0000] {processor.py:157} INFO - Started process (PID=7077) to work on /home/ubuntu/redfin/lib/python3.10/site-packages/airflow/example_dags/example_params_trigger_ui.py
[2023-12-03T23:51:30.956+0000] {processor.py:829} INFO - Processing file /home/ubuntu/redfin/lib/python3.10/site-packages/airflow/example_dags/example_params_trigger_ui.py for tasks to queue
[2023-12-03T23:51:30.957+0000] {logging_mixin.py:154} INFO - [2023-12-03T23:51:30.957+0000] {dagbag.py:536} INFO - Filling up the DagBag from /home/ubuntu/redfin/lib/python3.10/site-packages/airflow/example_dags/example_params_trigger_ui.py
[2023-12-03T23:51:30.977+0000] {processor.py:839} INFO - DAG(s) dict_keys(['example_params_trigger_ui']) retrieved from /home/ubuntu/redfin/lib/python3.10/site-packages/airflow/example_dags/example_params_trigger_ui.py
[2023-12-03T23:51:31.025+0000] {logging_mixin.py:154} INFO - [2023-12-03T23:51:31.025+0000] {dag.py:2941} INFO - Sync 1 DAGs
[2023-12-03T23:51:31.038+0000] {logging_mixin.py:154} INFO - [2023-12-03T23:51:31.038+0000] {dag.py:3722} INFO - Setting next_dagrun for example_params_trigger_ui to None, run_after=None
[2023-12-03T23:51:31.062+0000] {processor.py:179} INFO - Processing /home/ubuntu/redfin/lib/python3.10/site-packages/airflow/example_dags/example_params_trigger_ui.py took 0.111 seconds
[2023-12-03T23:52:20.196+0000] {processor.py:157} INFO - Started process (PID=7132) to work on /home/ubuntu/redfin/lib/python3.10/site-packages/airflow/example_dags/example_params_trigger_ui.py
[2023-12-03T23:52:20.198+0000] {processor.py:829} INFO - Processing file /home/ubuntu/redfin/lib/python3.10/site-packages/airflow/example_dags/example_params_trigger_ui.py for tasks to queue
[2023-12-03T23:52:20.199+0000] {logging_mixin.py:154} INFO - [2023-12-03T23:52:20.198+0000] {dagbag.py:536} INFO - Filling up the DagBag from /home/ubuntu/redfin/lib/python3.10/site-packages/airflow/example_dags/example_params_trigger_ui.py
[2023-12-03T23:52:20.218+0000] {processor.py:839} INFO - DAG(s) dict_keys(['example_params_trigger_ui']) retrieved from /home/ubuntu/redfin/lib/python3.10/site-packages/airflow/example_dags/example_params_trigger_ui.py
[2023-12-03T23:52:20.266+0000] {logging_mixin.py:154} INFO - [2023-12-03T23:52:20.265+0000] {dag.py:2941} INFO - Sync 1 DAGs
[2023-12-03T23:52:20.279+0000] {logging_mixin.py:154} INFO - [2023-12-03T23:52:20.278+0000] {dag.py:3722} INFO - Setting next_dagrun for example_params_trigger_ui to None, run_after=None
[2023-12-03T23:52:20.304+0000] {processor.py:179} INFO - Processing /home/ubuntu/redfin/lib/python3.10/site-packages/airflow/example_dags/example_params_trigger_ui.py took 0.112 seconds
[2023-12-03T23:53:09.616+0000] {processor.py:157} INFO - Started process (PID=7184) to work on /home/ubuntu/redfin/lib/python3.10/site-packages/airflow/example_dags/example_params_trigger_ui.py
[2023-12-03T23:53:09.618+0000] {processor.py:829} INFO - Processing file /home/ubuntu/redfin/lib/python3.10/site-packages/airflow/example_dags/example_params_trigger_ui.py for tasks to queue
[2023-12-03T23:53:09.619+0000] {logging_mixin.py:154} INFO - [2023-12-03T23:53:09.618+0000] {dagbag.py:536} INFO - Filling up the DagBag from /home/ubuntu/redfin/lib/python3.10/site-packages/airflow/example_dags/example_params_trigger_ui.py
[2023-12-03T23:53:09.638+0000] {processor.py:839} INFO - DAG(s) dict_keys(['example_params_trigger_ui']) retrieved from /home/ubuntu/redfin/lib/python3.10/site-packages/airflow/example_dags/example_params_trigger_ui.py
[2023-12-03T23:53:09.686+0000] {logging_mixin.py:154} INFO - [2023-12-03T23:53:09.685+0000] {dag.py:2941} INFO - Sync 1 DAGs
[2023-12-03T23:53:09.699+0000] {logging_mixin.py:154} INFO - [2023-12-03T23:53:09.699+0000] {dag.py:3722} INFO - Setting next_dagrun for example_params_trigger_ui to None, run_after=None
[2023-12-03T23:53:09.721+0000] {processor.py:179} INFO - Processing /home/ubuntu/redfin/lib/python3.10/site-packages/airflow/example_dags/example_params_trigger_ui.py took 0.109 seconds
[2023-12-03T23:53:57.986+0000] {processor.py:157} INFO - Started process (PID=7240) to work on /home/ubuntu/redfin/lib/python3.10/site-packages/airflow/example_dags/example_params_trigger_ui.py
[2023-12-03T23:53:57.988+0000] {processor.py:829} INFO - Processing file /home/ubuntu/redfin/lib/python3.10/site-packages/airflow/example_dags/example_params_trigger_ui.py for tasks to queue
[2023-12-03T23:53:57.989+0000] {logging_mixin.py:154} INFO - [2023-12-03T23:53:57.989+0000] {dagbag.py:536} INFO - Filling up the DagBag from /home/ubuntu/redfin/lib/python3.10/site-packages/airflow/example_dags/example_params_trigger_ui.py
[2023-12-03T23:53:58.009+0000] {processor.py:839} INFO - DAG(s) dict_keys(['example_params_trigger_ui']) retrieved from /home/ubuntu/redfin/lib/python3.10/site-packages/airflow/example_dags/example_params_trigger_ui.py
[2023-12-03T23:53:58.056+0000] {logging_mixin.py:154} INFO - [2023-12-03T23:53:58.056+0000] {dag.py:2941} INFO - Sync 1 DAGs
[2023-12-03T23:53:58.069+0000] {logging_mixin.py:154} INFO - [2023-12-03T23:53:58.069+0000] {dag.py:3722} INFO - Setting next_dagrun for example_params_trigger_ui to None, run_after=None
[2023-12-03T23:53:58.092+0000] {processor.py:179} INFO - Processing /home/ubuntu/redfin/lib/python3.10/site-packages/airflow/example_dags/example_params_trigger_ui.py took 0.110 seconds
[2023-12-03T23:54:45.982+0000] {processor.py:157} INFO - Started process (PID=7291) to work on /home/ubuntu/redfin/lib/python3.10/site-packages/airflow/example_dags/example_params_trigger_ui.py
[2023-12-03T23:54:45.983+0000] {processor.py:829} INFO - Processing file /home/ubuntu/redfin/lib/python3.10/site-packages/airflow/example_dags/example_params_trigger_ui.py for tasks to queue
[2023-12-03T23:54:45.984+0000] {logging_mixin.py:154} INFO - [2023-12-03T23:54:45.984+0000] {dagbag.py:536} INFO - Filling up the DagBag from /home/ubuntu/redfin/lib/python3.10/site-packages/airflow/example_dags/example_params_trigger_ui.py
[2023-12-03T23:54:46.003+0000] {processor.py:839} INFO - DAG(s) dict_keys(['example_params_trigger_ui']) retrieved from /home/ubuntu/redfin/lib/python3.10/site-packages/airflow/example_dags/example_params_trigger_ui.py
[2023-12-03T23:54:46.050+0000] {logging_mixin.py:154} INFO - [2023-12-03T23:54:46.050+0000] {dag.py:2941} INFO - Sync 1 DAGs
[2023-12-03T23:54:46.063+0000] {logging_mixin.py:154} INFO - [2023-12-03T23:54:46.063+0000] {dag.py:3722} INFO - Setting next_dagrun for example_params_trigger_ui to None, run_after=None
[2023-12-03T23:54:46.086+0000] {processor.py:179} INFO - Processing /home/ubuntu/redfin/lib/python3.10/site-packages/airflow/example_dags/example_params_trigger_ui.py took 0.108 seconds
[2023-12-03T23:55:33.944+0000] {processor.py:157} INFO - Started process (PID=7345) to work on /home/ubuntu/redfin/lib/python3.10/site-packages/airflow/example_dags/example_params_trigger_ui.py
[2023-12-03T23:55:33.945+0000] {processor.py:829} INFO - Processing file /home/ubuntu/redfin/lib/python3.10/site-packages/airflow/example_dags/example_params_trigger_ui.py for tasks to queue
[2023-12-03T23:55:33.946+0000] {logging_mixin.py:154} INFO - [2023-12-03T23:55:33.946+0000] {dagbag.py:536} INFO - Filling up the DagBag from /home/ubuntu/redfin/lib/python3.10/site-packages/airflow/example_dags/example_params_trigger_ui.py
[2023-12-03T23:55:33.965+0000] {processor.py:839} INFO - DAG(s) dict_keys(['example_params_trigger_ui']) retrieved from /home/ubuntu/redfin/lib/python3.10/site-packages/airflow/example_dags/example_params_trigger_ui.py
[2023-12-03T23:55:34.013+0000] {logging_mixin.py:154} INFO - [2023-12-03T23:55:34.013+0000] {dag.py:2941} INFO - Sync 1 DAGs
[2023-12-03T23:55:34.026+0000] {logging_mixin.py:154} INFO - [2023-12-03T23:55:34.026+0000] {dag.py:3722} INFO - Setting next_dagrun for example_params_trigger_ui to None, run_after=None
[2023-12-03T23:55:34.051+0000] {processor.py:179} INFO - Processing /home/ubuntu/redfin/lib/python3.10/site-packages/airflow/example_dags/example_params_trigger_ui.py took 0.111 seconds
[2023-12-03T23:56:21.658+0000] {processor.py:157} INFO - Started process (PID=7396) to work on /home/ubuntu/redfin/lib/python3.10/site-packages/airflow/example_dags/example_params_trigger_ui.py
[2023-12-03T23:56:21.660+0000] {processor.py:829} INFO - Processing file /home/ubuntu/redfin/lib/python3.10/site-packages/airflow/example_dags/example_params_trigger_ui.py for tasks to queue
[2023-12-03T23:56:21.661+0000] {logging_mixin.py:154} INFO - [2023-12-03T23:56:21.660+0000] {dagbag.py:536} INFO - Filling up the DagBag from /home/ubuntu/redfin/lib/python3.10/site-packages/airflow/example_dags/example_params_trigger_ui.py
[2023-12-03T23:56:21.680+0000] {processor.py:839} INFO - DAG(s) dict_keys(['example_params_trigger_ui']) retrieved from /home/ubuntu/redfin/lib/python3.10/site-packages/airflow/example_dags/example_params_trigger_ui.py
[2023-12-03T23:56:21.727+0000] {logging_mixin.py:154} INFO - [2023-12-03T23:56:21.727+0000] {dag.py:2941} INFO - Sync 1 DAGs
[2023-12-03T23:56:21.739+0000] {logging_mixin.py:154} INFO - [2023-12-03T23:56:21.739+0000] {dag.py:3722} INFO - Setting next_dagrun for example_params_trigger_ui to None, run_after=None
[2023-12-03T23:56:21.763+0000] {processor.py:179} INFO - Processing /home/ubuntu/redfin/lib/python3.10/site-packages/airflow/example_dags/example_params_trigger_ui.py took 0.108 seconds
[2023-12-03T23:57:10.163+0000] {processor.py:157} INFO - Started process (PID=7452) to work on /home/ubuntu/redfin/lib/python3.10/site-packages/airflow/example_dags/example_params_trigger_ui.py
[2023-12-03T23:57:10.165+0000] {processor.py:829} INFO - Processing file /home/ubuntu/redfin/lib/python3.10/site-packages/airflow/example_dags/example_params_trigger_ui.py for tasks to queue
[2023-12-03T23:57:10.166+0000] {logging_mixin.py:154} INFO - [2023-12-03T23:57:10.165+0000] {dagbag.py:536} INFO - Filling up the DagBag from /home/ubuntu/redfin/lib/python3.10/site-packages/airflow/example_dags/example_params_trigger_ui.py
[2023-12-03T23:57:10.186+0000] {processor.py:839} INFO - DAG(s) dict_keys(['example_params_trigger_ui']) retrieved from /home/ubuntu/redfin/lib/python3.10/site-packages/airflow/example_dags/example_params_trigger_ui.py
[2023-12-03T23:57:10.235+0000] {logging_mixin.py:154} INFO - [2023-12-03T23:57:10.235+0000] {dag.py:2941} INFO - Sync 1 DAGs
[2023-12-03T23:57:10.248+0000] {logging_mixin.py:154} INFO - [2023-12-03T23:57:10.248+0000] {dag.py:3722} INFO - Setting next_dagrun for example_params_trigger_ui to None, run_after=None
[2023-12-03T23:57:10.273+0000] {processor.py:179} INFO - Processing /home/ubuntu/redfin/lib/python3.10/site-packages/airflow/example_dags/example_params_trigger_ui.py took 0.113 seconds
[2023-12-03T23:57:54.123+0000] {processor.py:157} INFO - Started process (PID=7501) to work on /home/ubuntu/redfin/lib/python3.10/site-packages/airflow/example_dags/example_params_trigger_ui.py
[2023-12-03T23:57:54.125+0000] {processor.py:829} INFO - Processing file /home/ubuntu/redfin/lib/python3.10/site-packages/airflow/example_dags/example_params_trigger_ui.py for tasks to queue
[2023-12-03T23:57:54.125+0000] {logging_mixin.py:154} INFO - [2023-12-03T23:57:54.125+0000] {dagbag.py:536} INFO - Filling up the DagBag from /home/ubuntu/redfin/lib/python3.10/site-packages/airflow/example_dags/example_params_trigger_ui.py
[2023-12-03T23:57:54.145+0000] {processor.py:839} INFO - DAG(s) dict_keys(['example_params_trigger_ui']) retrieved from /home/ubuntu/redfin/lib/python3.10/site-packages/airflow/example_dags/example_params_trigger_ui.py
[2023-12-03T23:57:54.192+0000] {logging_mixin.py:154} INFO - [2023-12-03T23:57:54.192+0000] {dag.py:2941} INFO - Sync 1 DAGs
[2023-12-03T23:57:54.205+0000] {logging_mixin.py:154} INFO - [2023-12-03T23:57:54.205+0000] {dag.py:3722} INFO - Setting next_dagrun for example_params_trigger_ui to None, run_after=None
[2023-12-03T23:57:54.228+0000] {processor.py:179} INFO - Processing /home/ubuntu/redfin/lib/python3.10/site-packages/airflow/example_dags/example_params_trigger_ui.py took 0.108 seconds
[2023-12-03T23:58:39.379+0000] {processor.py:157} INFO - Started process (PID=7550) to work on /home/ubuntu/redfin/lib/python3.10/site-packages/airflow/example_dags/example_params_trigger_ui.py
[2023-12-03T23:58:39.380+0000] {processor.py:829} INFO - Processing file /home/ubuntu/redfin/lib/python3.10/site-packages/airflow/example_dags/example_params_trigger_ui.py for tasks to queue
[2023-12-03T23:58:39.381+0000] {logging_mixin.py:154} INFO - [2023-12-03T23:58:39.381+0000] {dagbag.py:536} INFO - Filling up the DagBag from /home/ubuntu/redfin/lib/python3.10/site-packages/airflow/example_dags/example_params_trigger_ui.py
[2023-12-03T23:58:39.402+0000] {processor.py:839} INFO - DAG(s) dict_keys(['example_params_trigger_ui']) retrieved from /home/ubuntu/redfin/lib/python3.10/site-packages/airflow/example_dags/example_params_trigger_ui.py
[2023-12-03T23:58:39.451+0000] {logging_mixin.py:154} INFO - [2023-12-03T23:58:39.451+0000] {dag.py:2941} INFO - Sync 1 DAGs
[2023-12-03T23:58:39.465+0000] {logging_mixin.py:154} INFO - [2023-12-03T23:58:39.464+0000] {dag.py:3722} INFO - Setting next_dagrun for example_params_trigger_ui to None, run_after=None
[2023-12-03T23:58:39.490+0000] {processor.py:179} INFO - Processing /home/ubuntu/redfin/lib/python3.10/site-packages/airflow/example_dags/example_params_trigger_ui.py took 0.115 seconds
[2023-12-03T23:59:26.241+0000] {processor.py:157} INFO - Started process (PID=7606) to work on /home/ubuntu/redfin/lib/python3.10/site-packages/airflow/example_dags/example_params_trigger_ui.py
[2023-12-03T23:59:26.242+0000] {processor.py:829} INFO - Processing file /home/ubuntu/redfin/lib/python3.10/site-packages/airflow/example_dags/example_params_trigger_ui.py for tasks to queue
[2023-12-03T23:59:26.243+0000] {logging_mixin.py:154} INFO - [2023-12-03T23:59:26.243+0000] {dagbag.py:536} INFO - Filling up the DagBag from /home/ubuntu/redfin/lib/python3.10/site-packages/airflow/example_dags/example_params_trigger_ui.py
[2023-12-03T23:59:26.263+0000] {processor.py:839} INFO - DAG(s) dict_keys(['example_params_trigger_ui']) retrieved from /home/ubuntu/redfin/lib/python3.10/site-packages/airflow/example_dags/example_params_trigger_ui.py
[2023-12-03T23:59:26.311+0000] {logging_mixin.py:154} INFO - [2023-12-03T23:59:26.310+0000] {dag.py:2941} INFO - Sync 1 DAGs
[2023-12-03T23:59:26.324+0000] {logging_mixin.py:154} INFO - [2023-12-03T23:59:26.323+0000] {dag.py:3722} INFO - Setting next_dagrun for example_params_trigger_ui to None, run_after=None
[2023-12-03T23:59:26.348+0000] {processor.py:179} INFO - Processing /home/ubuntu/redfin/lib/python3.10/site-packages/airflow/example_dags/example_params_trigger_ui.py took 0.111 seconds
