[2023-12-03T23:08:31.082+0000] {processor.py:157} INFO - Started process (PID=3787) to work on /home/ubuntu/redfin/lib/python3.10/site-packages/airflow/example_dags/example_branch_labels.py
[2023-12-03T23:08:31.083+0000] {processor.py:829} INFO - Processing file /home/ubuntu/redfin/lib/python3.10/site-packages/airflow/example_dags/example_branch_labels.py for tasks to queue
[2023-12-03T23:08:31.084+0000] {logging_mixin.py:154} INFO - [2023-12-03T23:08:31.083+0000] {dagbag.py:536} INFO - Filling up the DagBag from /home/ubuntu/redfin/lib/python3.10/site-packages/airflow/example_dags/example_branch_labels.py
[2023-12-03T23:08:31.093+0000] {processor.py:839} INFO - DAG(s) dict_keys(['example_branch_labels']) retrieved from /home/ubuntu/redfin/lib/python3.10/site-packages/airflow/example_dags/example_branch_labels.py
[2023-12-03T23:08:31.211+0000] {logging_mixin.py:154} INFO - [2023-12-03T23:08:31.211+0000] {manager.py:499} INFO - Created Permission View: %s
[2023-12-03T23:08:31.226+0000] {logging_mixin.py:154} INFO - [2023-12-03T23:08:31.226+0000] {manager.py:499} INFO - Created Permission View: %s
[2023-12-03T23:08:31.236+0000] {logging_mixin.py:154} INFO - [2023-12-03T23:08:31.236+0000] {manager.py:499} INFO - Created Permission View: %s
[2023-12-03T23:08:31.237+0000] {logging_mixin.py:154} INFO - [2023-12-03T23:08:31.236+0000] {dag.py:2941} INFO - Sync 1 DAGs
[2023-12-03T23:08:31.248+0000] {logging_mixin.py:154} INFO - [2023-12-03T23:08:31.248+0000] {dag.py:2963} INFO - Creating ORM DAG for example_branch_labels
[2023-12-03T23:08:31.260+0000] {logging_mixin.py:154} INFO - [2023-12-03T23:08:31.260+0000] {dag.py:3722} INFO - Setting next_dagrun for example_branch_labels to 2023-12-02T00:00:00+00:00, run_after=2023-12-03T00:00:00+00:00
[2023-12-03T23:08:31.283+0000] {processor.py:179} INFO - Processing /home/ubuntu/redfin/lib/python3.10/site-packages/airflow/example_dags/example_branch_labels.py took 0.205 seconds
[2023-12-03T23:09:24.921+0000] {processor.py:157} INFO - Started process (PID=3848) to work on /home/ubuntu/redfin/lib/python3.10/site-packages/airflow/example_dags/example_branch_labels.py
[2023-12-03T23:09:24.922+0000] {processor.py:829} INFO - Processing file /home/ubuntu/redfin/lib/python3.10/site-packages/airflow/example_dags/example_branch_labels.py for tasks to queue
[2023-12-03T23:09:24.923+0000] {logging_mixin.py:154} INFO - [2023-12-03T23:09:24.923+0000] {dagbag.py:536} INFO - Filling up the DagBag from /home/ubuntu/redfin/lib/python3.10/site-packages/airflow/example_dags/example_branch_labels.py
[2023-12-03T23:09:24.932+0000] {processor.py:839} INFO - DAG(s) dict_keys(['example_branch_labels']) retrieved from /home/ubuntu/redfin/lib/python3.10/site-packages/airflow/example_dags/example_branch_labels.py
[2023-12-03T23:09:24.953+0000] {logging_mixin.py:154} INFO - [2023-12-03T23:09:24.953+0000] {dag.py:2941} INFO - Sync 1 DAGs
[2023-12-03T23:09:24.979+0000] {logging_mixin.py:154} INFO - [2023-12-03T23:09:24.979+0000] {dag.py:3722} INFO - Setting next_dagrun for example_branch_labels to 2023-12-02T00:00:00+00:00, run_after=2023-12-03T00:00:00+00:00
[2023-12-03T23:09:25.004+0000] {processor.py:179} INFO - Processing /home/ubuntu/redfin/lib/python3.10/site-packages/airflow/example_dags/example_branch_labels.py took 0.087 seconds
[2023-12-03T23:10:09.704+0000] {processor.py:157} INFO - Started process (PID=3898) to work on /home/ubuntu/redfin/lib/python3.10/site-packages/airflow/example_dags/example_branch_labels.py
[2023-12-03T23:10:09.705+0000] {processor.py:829} INFO - Processing file /home/ubuntu/redfin/lib/python3.10/site-packages/airflow/example_dags/example_branch_labels.py for tasks to queue
[2023-12-03T23:10:09.706+0000] {logging_mixin.py:154} INFO - [2023-12-03T23:10:09.706+0000] {dagbag.py:536} INFO - Filling up the DagBag from /home/ubuntu/redfin/lib/python3.10/site-packages/airflow/example_dags/example_branch_labels.py
[2023-12-03T23:10:09.715+0000] {processor.py:839} INFO - DAG(s) dict_keys(['example_branch_labels']) retrieved from /home/ubuntu/redfin/lib/python3.10/site-packages/airflow/example_dags/example_branch_labels.py
[2023-12-03T23:10:09.735+0000] {logging_mixin.py:154} INFO - [2023-12-03T23:10:09.734+0000] {dag.py:2941} INFO - Sync 1 DAGs
[2023-12-03T23:10:09.757+0000] {logging_mixin.py:154} INFO - [2023-12-03T23:10:09.757+0000] {dag.py:3722} INFO - Setting next_dagrun for example_branch_labels to 2023-12-02T00:00:00+00:00, run_after=2023-12-03T00:00:00+00:00
[2023-12-03T23:10:09.779+0000] {processor.py:179} INFO - Processing /home/ubuntu/redfin/lib/python3.10/site-packages/airflow/example_dags/example_branch_labels.py took 0.079 seconds
[2023-12-03T23:10:57.715+0000] {processor.py:157} INFO - Started process (PID=3949) to work on /home/ubuntu/redfin/lib/python3.10/site-packages/airflow/example_dags/example_branch_labels.py
[2023-12-03T23:10:57.716+0000] {processor.py:829} INFO - Processing file /home/ubuntu/redfin/lib/python3.10/site-packages/airflow/example_dags/example_branch_labels.py for tasks to queue
[2023-12-03T23:10:57.717+0000] {logging_mixin.py:154} INFO - [2023-12-03T23:10:57.717+0000] {dagbag.py:536} INFO - Filling up the DagBag from /home/ubuntu/redfin/lib/python3.10/site-packages/airflow/example_dags/example_branch_labels.py
[2023-12-03T23:10:57.726+0000] {processor.py:839} INFO - DAG(s) dict_keys(['example_branch_labels']) retrieved from /home/ubuntu/redfin/lib/python3.10/site-packages/airflow/example_dags/example_branch_labels.py
[2023-12-03T23:10:57.746+0000] {logging_mixin.py:154} INFO - [2023-12-03T23:10:57.746+0000] {dag.py:2941} INFO - Sync 1 DAGs
[2023-12-03T23:10:57.770+0000] {logging_mixin.py:154} INFO - [2023-12-03T23:10:57.770+0000] {dag.py:3722} INFO - Setting next_dagrun for example_branch_labels to 2023-12-02T00:00:00+00:00, run_after=2023-12-03T00:00:00+00:00
[2023-12-03T23:10:57.794+0000] {processor.py:179} INFO - Processing /home/ubuntu/redfin/lib/python3.10/site-packages/airflow/example_dags/example_branch_labels.py took 0.083 seconds
[2023-12-03T23:11:45.586+0000] {processor.py:157} INFO - Started process (PID=4001) to work on /home/ubuntu/redfin/lib/python3.10/site-packages/airflow/example_dags/example_branch_labels.py
[2023-12-03T23:11:45.588+0000] {processor.py:829} INFO - Processing file /home/ubuntu/redfin/lib/python3.10/site-packages/airflow/example_dags/example_branch_labels.py for tasks to queue
[2023-12-03T23:11:45.589+0000] {logging_mixin.py:154} INFO - [2023-12-03T23:11:45.588+0000] {dagbag.py:536} INFO - Filling up the DagBag from /home/ubuntu/redfin/lib/python3.10/site-packages/airflow/example_dags/example_branch_labels.py
[2023-12-03T23:11:45.597+0000] {processor.py:839} INFO - DAG(s) dict_keys(['example_branch_labels']) retrieved from /home/ubuntu/redfin/lib/python3.10/site-packages/airflow/example_dags/example_branch_labels.py
[2023-12-03T23:11:45.618+0000] {logging_mixin.py:154} INFO - [2023-12-03T23:11:45.617+0000] {dag.py:2941} INFO - Sync 1 DAGs
[2023-12-03T23:11:45.641+0000] {logging_mixin.py:154} INFO - [2023-12-03T23:11:45.641+0000] {dag.py:3722} INFO - Setting next_dagrun for example_branch_labels to 2023-12-02T00:00:00+00:00, run_after=2023-12-03T00:00:00+00:00
[2023-12-03T23:11:45.664+0000] {processor.py:179} INFO - Processing /home/ubuntu/redfin/lib/python3.10/site-packages/airflow/example_dags/example_branch_labels.py took 0.082 seconds
[2023-12-03T23:12:30.447+0000] {processor.py:157} INFO - Started process (PID=4050) to work on /home/ubuntu/redfin/lib/python3.10/site-packages/airflow/example_dags/example_branch_labels.py
[2023-12-03T23:12:30.448+0000] {processor.py:829} INFO - Processing file /home/ubuntu/redfin/lib/python3.10/site-packages/airflow/example_dags/example_branch_labels.py for tasks to queue
[2023-12-03T23:12:30.449+0000] {logging_mixin.py:154} INFO - [2023-12-03T23:12:30.449+0000] {dagbag.py:536} INFO - Filling up the DagBag from /home/ubuntu/redfin/lib/python3.10/site-packages/airflow/example_dags/example_branch_labels.py
[2023-12-03T23:12:30.458+0000] {processor.py:839} INFO - DAG(s) dict_keys(['example_branch_labels']) retrieved from /home/ubuntu/redfin/lib/python3.10/site-packages/airflow/example_dags/example_branch_labels.py
[2023-12-03T23:12:30.479+0000] {logging_mixin.py:154} INFO - [2023-12-03T23:12:30.478+0000] {dag.py:2941} INFO - Sync 1 DAGs
[2023-12-03T23:12:30.503+0000] {logging_mixin.py:154} INFO - [2023-12-03T23:12:30.503+0000] {dag.py:3722} INFO - Setting next_dagrun for example_branch_labels to 2023-12-02T00:00:00+00:00, run_after=2023-12-03T00:00:00+00:00
[2023-12-03T23:12:30.525+0000] {processor.py:179} INFO - Processing /home/ubuntu/redfin/lib/python3.10/site-packages/airflow/example_dags/example_branch_labels.py took 0.082 seconds
[2023-12-03T23:13:17.283+0000] {processor.py:157} INFO - Started process (PID=4100) to work on /home/ubuntu/redfin/lib/python3.10/site-packages/airflow/example_dags/example_branch_labels.py
[2023-12-03T23:13:17.284+0000] {processor.py:829} INFO - Processing file /home/ubuntu/redfin/lib/python3.10/site-packages/airflow/example_dags/example_branch_labels.py for tasks to queue
[2023-12-03T23:13:17.285+0000] {logging_mixin.py:154} INFO - [2023-12-03T23:13:17.285+0000] {dagbag.py:536} INFO - Filling up the DagBag from /home/ubuntu/redfin/lib/python3.10/site-packages/airflow/example_dags/example_branch_labels.py
[2023-12-03T23:13:17.294+0000] {processor.py:839} INFO - DAG(s) dict_keys(['example_branch_labels']) retrieved from /home/ubuntu/redfin/lib/python3.10/site-packages/airflow/example_dags/example_branch_labels.py
[2023-12-03T23:13:17.315+0000] {logging_mixin.py:154} INFO - [2023-12-03T23:13:17.314+0000] {dag.py:2941} INFO - Sync 1 DAGs
[2023-12-03T23:13:17.338+0000] {logging_mixin.py:154} INFO - [2023-12-03T23:13:17.338+0000] {dag.py:3722} INFO - Setting next_dagrun for example_branch_labels to 2023-12-02T00:00:00+00:00, run_after=2023-12-03T00:00:00+00:00
[2023-12-03T23:13:17.360+0000] {processor.py:179} INFO - Processing /home/ubuntu/redfin/lib/python3.10/site-packages/airflow/example_dags/example_branch_labels.py took 0.081 seconds
[2023-12-03T23:14:01.595+0000] {processor.py:157} INFO - Started process (PID=4150) to work on /home/ubuntu/redfin/lib/python3.10/site-packages/airflow/example_dags/example_branch_labels.py
[2023-12-03T23:14:01.597+0000] {processor.py:829} INFO - Processing file /home/ubuntu/redfin/lib/python3.10/site-packages/airflow/example_dags/example_branch_labels.py for tasks to queue
[2023-12-03T23:14:01.598+0000] {logging_mixin.py:154} INFO - [2023-12-03T23:14:01.597+0000] {dagbag.py:536} INFO - Filling up the DagBag from /home/ubuntu/redfin/lib/python3.10/site-packages/airflow/example_dags/example_branch_labels.py
[2023-12-03T23:14:01.606+0000] {processor.py:839} INFO - DAG(s) dict_keys(['example_branch_labels']) retrieved from /home/ubuntu/redfin/lib/python3.10/site-packages/airflow/example_dags/example_branch_labels.py
[2023-12-03T23:14:01.627+0000] {logging_mixin.py:154} INFO - [2023-12-03T23:14:01.626+0000] {dag.py:2941} INFO - Sync 1 DAGs
[2023-12-03T23:14:01.651+0000] {logging_mixin.py:154} INFO - [2023-12-03T23:14:01.650+0000] {dag.py:3722} INFO - Setting next_dagrun for example_branch_labels to 2023-12-02T00:00:00+00:00, run_after=2023-12-03T00:00:00+00:00
[2023-12-03T23:14:01.675+0000] {processor.py:179} INFO - Processing /home/ubuntu/redfin/lib/python3.10/site-packages/airflow/example_dags/example_branch_labels.py took 0.083 seconds
[2023-12-03T23:14:50.278+0000] {processor.py:157} INFO - Started process (PID=4205) to work on /home/ubuntu/redfin/lib/python3.10/site-packages/airflow/example_dags/example_branch_labels.py
[2023-12-03T23:14:50.279+0000] {processor.py:829} INFO - Processing file /home/ubuntu/redfin/lib/python3.10/site-packages/airflow/example_dags/example_branch_labels.py for tasks to queue
[2023-12-03T23:14:50.280+0000] {logging_mixin.py:154} INFO - [2023-12-03T23:14:50.279+0000] {dagbag.py:536} INFO - Filling up the DagBag from /home/ubuntu/redfin/lib/python3.10/site-packages/airflow/example_dags/example_branch_labels.py
[2023-12-03T23:14:50.288+0000] {processor.py:839} INFO - DAG(s) dict_keys(['example_branch_labels']) retrieved from /home/ubuntu/redfin/lib/python3.10/site-packages/airflow/example_dags/example_branch_labels.py
[2023-12-03T23:14:50.308+0000] {logging_mixin.py:154} INFO - [2023-12-03T23:14:50.308+0000] {dag.py:2941} INFO - Sync 1 DAGs
[2023-12-03T23:14:50.331+0000] {logging_mixin.py:154} INFO - [2023-12-03T23:14:50.331+0000] {dag.py:3722} INFO - Setting next_dagrun for example_branch_labels to 2023-12-02T00:00:00+00:00, run_after=2023-12-03T00:00:00+00:00
[2023-12-03T23:14:50.353+0000] {processor.py:179} INFO - Processing /home/ubuntu/redfin/lib/python3.10/site-packages/airflow/example_dags/example_branch_labels.py took 0.079 seconds
[2023-12-03T23:15:40.159+0000] {processor.py:157} INFO - Started process (PID=4258) to work on /home/ubuntu/redfin/lib/python3.10/site-packages/airflow/example_dags/example_branch_labels.py
[2023-12-03T23:15:40.160+0000] {processor.py:829} INFO - Processing file /home/ubuntu/redfin/lib/python3.10/site-packages/airflow/example_dags/example_branch_labels.py for tasks to queue
[2023-12-03T23:15:40.161+0000] {logging_mixin.py:154} INFO - [2023-12-03T23:15:40.161+0000] {dagbag.py:536} INFO - Filling up the DagBag from /home/ubuntu/redfin/lib/python3.10/site-packages/airflow/example_dags/example_branch_labels.py
[2023-12-03T23:15:40.170+0000] {processor.py:839} INFO - DAG(s) dict_keys(['example_branch_labels']) retrieved from /home/ubuntu/redfin/lib/python3.10/site-packages/airflow/example_dags/example_branch_labels.py
[2023-12-03T23:15:40.189+0000] {logging_mixin.py:154} INFO - [2023-12-03T23:15:40.188+0000] {dag.py:2941} INFO - Sync 1 DAGs
[2023-12-03T23:15:40.211+0000] {logging_mixin.py:154} INFO - [2023-12-03T23:15:40.211+0000] {dag.py:3722} INFO - Setting next_dagrun for example_branch_labels to 2023-12-02T00:00:00+00:00, run_after=2023-12-03T00:00:00+00:00
[2023-12-03T23:15:40.233+0000] {processor.py:179} INFO - Processing /home/ubuntu/redfin/lib/python3.10/site-packages/airflow/example_dags/example_branch_labels.py took 0.077 seconds
[2023-12-03T23:16:27.888+0000] {processor.py:157} INFO - Started process (PID=4312) to work on /home/ubuntu/redfin/lib/python3.10/site-packages/airflow/example_dags/example_branch_labels.py
[2023-12-03T23:16:27.890+0000] {processor.py:829} INFO - Processing file /home/ubuntu/redfin/lib/python3.10/site-packages/airflow/example_dags/example_branch_labels.py for tasks to queue
[2023-12-03T23:16:27.890+0000] {logging_mixin.py:154} INFO - [2023-12-03T23:16:27.890+0000] {dagbag.py:536} INFO - Filling up the DagBag from /home/ubuntu/redfin/lib/python3.10/site-packages/airflow/example_dags/example_branch_labels.py
[2023-12-03T23:16:27.899+0000] {processor.py:839} INFO - DAG(s) dict_keys(['example_branch_labels']) retrieved from /home/ubuntu/redfin/lib/python3.10/site-packages/airflow/example_dags/example_branch_labels.py
[2023-12-03T23:16:27.919+0000] {logging_mixin.py:154} INFO - [2023-12-03T23:16:27.919+0000] {dag.py:2941} INFO - Sync 1 DAGs
[2023-12-03T23:16:27.943+0000] {logging_mixin.py:154} INFO - [2023-12-03T23:16:27.942+0000] {dag.py:3722} INFO - Setting next_dagrun for example_branch_labels to 2023-12-02T00:00:00+00:00, run_after=2023-12-03T00:00:00+00:00
[2023-12-03T23:16:27.965+0000] {processor.py:179} INFO - Processing /home/ubuntu/redfin/lib/python3.10/site-packages/airflow/example_dags/example_branch_labels.py took 0.080 seconds
[2023-12-03T23:17:14.832+0000] {processor.py:157} INFO - Started process (PID=4366) to work on /home/ubuntu/redfin/lib/python3.10/site-packages/airflow/example_dags/example_branch_labels.py
[2023-12-03T23:17:14.833+0000] {processor.py:829} INFO - Processing file /home/ubuntu/redfin/lib/python3.10/site-packages/airflow/example_dags/example_branch_labels.py for tasks to queue
[2023-12-03T23:17:14.834+0000] {logging_mixin.py:154} INFO - [2023-12-03T23:17:14.834+0000] {dagbag.py:536} INFO - Filling up the DagBag from /home/ubuntu/redfin/lib/python3.10/site-packages/airflow/example_dags/example_branch_labels.py
[2023-12-03T23:17:14.843+0000] {processor.py:839} INFO - DAG(s) dict_keys(['example_branch_labels']) retrieved from /home/ubuntu/redfin/lib/python3.10/site-packages/airflow/example_dags/example_branch_labels.py
[2023-12-03T23:17:14.863+0000] {logging_mixin.py:154} INFO - [2023-12-03T23:17:14.863+0000] {dag.py:2941} INFO - Sync 1 DAGs
[2023-12-03T23:17:14.886+0000] {logging_mixin.py:154} INFO - [2023-12-03T23:17:14.886+0000] {dag.py:3722} INFO - Setting next_dagrun for example_branch_labels to 2023-12-02T00:00:00+00:00, run_after=2023-12-03T00:00:00+00:00
[2023-12-03T23:17:14.909+0000] {processor.py:179} INFO - Processing /home/ubuntu/redfin/lib/python3.10/site-packages/airflow/example_dags/example_branch_labels.py took 0.081 seconds
[2023-12-03T23:18:00.100+0000] {processor.py:157} INFO - Started process (PID=4416) to work on /home/ubuntu/redfin/lib/python3.10/site-packages/airflow/example_dags/example_branch_labels.py
[2023-12-03T23:18:00.102+0000] {processor.py:829} INFO - Processing file /home/ubuntu/redfin/lib/python3.10/site-packages/airflow/example_dags/example_branch_labels.py for tasks to queue
[2023-12-03T23:18:00.103+0000] {logging_mixin.py:154} INFO - [2023-12-03T23:18:00.102+0000] {dagbag.py:536} INFO - Filling up the DagBag from /home/ubuntu/redfin/lib/python3.10/site-packages/airflow/example_dags/example_branch_labels.py
[2023-12-03T23:18:00.111+0000] {processor.py:839} INFO - DAG(s) dict_keys(['example_branch_labels']) retrieved from /home/ubuntu/redfin/lib/python3.10/site-packages/airflow/example_dags/example_branch_labels.py
[2023-12-03T23:18:00.131+0000] {logging_mixin.py:154} INFO - [2023-12-03T23:18:00.131+0000] {dag.py:2941} INFO - Sync 1 DAGs
[2023-12-03T23:18:00.154+0000] {logging_mixin.py:154} INFO - [2023-12-03T23:18:00.154+0000] {dag.py:3722} INFO - Setting next_dagrun for example_branch_labels to 2023-12-02T00:00:00+00:00, run_after=2023-12-03T00:00:00+00:00
[2023-12-03T23:18:00.177+0000] {processor.py:179} INFO - Processing /home/ubuntu/redfin/lib/python3.10/site-packages/airflow/example_dags/example_branch_labels.py took 0.080 seconds
[2023-12-03T23:18:46.096+0000] {processor.py:157} INFO - Started process (PID=4470) to work on /home/ubuntu/redfin/lib/python3.10/site-packages/airflow/example_dags/example_branch_labels.py
[2023-12-03T23:18:46.097+0000] {processor.py:829} INFO - Processing file /home/ubuntu/redfin/lib/python3.10/site-packages/airflow/example_dags/example_branch_labels.py for tasks to queue
[2023-12-03T23:18:46.098+0000] {logging_mixin.py:154} INFO - [2023-12-03T23:18:46.097+0000] {dagbag.py:536} INFO - Filling up the DagBag from /home/ubuntu/redfin/lib/python3.10/site-packages/airflow/example_dags/example_branch_labels.py
[2023-12-03T23:18:46.107+0000] {processor.py:839} INFO - DAG(s) dict_keys(['example_branch_labels']) retrieved from /home/ubuntu/redfin/lib/python3.10/site-packages/airflow/example_dags/example_branch_labels.py
[2023-12-03T23:18:46.127+0000] {logging_mixin.py:154} INFO - [2023-12-03T23:18:46.127+0000] {dag.py:2941} INFO - Sync 1 DAGs
[2023-12-03T23:18:46.150+0000] {logging_mixin.py:154} INFO - [2023-12-03T23:18:46.150+0000] {dag.py:3722} INFO - Setting next_dagrun for example_branch_labels to 2023-12-02T00:00:00+00:00, run_after=2023-12-03T00:00:00+00:00
[2023-12-03T23:18:46.172+0000] {processor.py:179} INFO - Processing /home/ubuntu/redfin/lib/python3.10/site-packages/airflow/example_dags/example_branch_labels.py took 0.081 seconds
[2023-12-03T23:19:43.836+0000] {processor.py:157} INFO - Started process (PID=4533) to work on /home/ubuntu/redfin/lib/python3.10/site-packages/airflow/example_dags/example_branch_labels.py
[2023-12-03T23:19:43.838+0000] {processor.py:829} INFO - Processing file /home/ubuntu/redfin/lib/python3.10/site-packages/airflow/example_dags/example_branch_labels.py for tasks to queue
[2023-12-03T23:19:43.839+0000] {logging_mixin.py:154} INFO - [2023-12-03T23:19:43.838+0000] {dagbag.py:536} INFO - Filling up the DagBag from /home/ubuntu/redfin/lib/python3.10/site-packages/airflow/example_dags/example_branch_labels.py
[2023-12-03T23:19:43.848+0000] {processor.py:839} INFO - DAG(s) dict_keys(['example_branch_labels']) retrieved from /home/ubuntu/redfin/lib/python3.10/site-packages/airflow/example_dags/example_branch_labels.py
[2023-12-03T23:19:43.868+0000] {logging_mixin.py:154} INFO - [2023-12-03T23:19:43.867+0000] {dag.py:2941} INFO - Sync 1 DAGs
[2023-12-03T23:19:43.890+0000] {logging_mixin.py:154} INFO - [2023-12-03T23:19:43.890+0000] {dag.py:3722} INFO - Setting next_dagrun for example_branch_labels to 2023-12-02T00:00:00+00:00, run_after=2023-12-03T00:00:00+00:00
[2023-12-03T23:19:43.911+0000] {processor.py:179} INFO - Processing /home/ubuntu/redfin/lib/python3.10/site-packages/airflow/example_dags/example_branch_labels.py took 0.079 seconds
[2023-12-03T23:20:40.513+0000] {processor.py:157} INFO - Started process (PID=4596) to work on /home/ubuntu/redfin/lib/python3.10/site-packages/airflow/example_dags/example_branch_labels.py
[2023-12-03T23:20:40.515+0000] {processor.py:829} INFO - Processing file /home/ubuntu/redfin/lib/python3.10/site-packages/airflow/example_dags/example_branch_labels.py for tasks to queue
[2023-12-03T23:20:40.516+0000] {logging_mixin.py:154} INFO - [2023-12-03T23:20:40.515+0000] {dagbag.py:536} INFO - Filling up the DagBag from /home/ubuntu/redfin/lib/python3.10/site-packages/airflow/example_dags/example_branch_labels.py
[2023-12-03T23:20:40.525+0000] {processor.py:839} INFO - DAG(s) dict_keys(['example_branch_labels']) retrieved from /home/ubuntu/redfin/lib/python3.10/site-packages/airflow/example_dags/example_branch_labels.py
[2023-12-03T23:20:40.546+0000] {logging_mixin.py:154} INFO - [2023-12-03T23:20:40.546+0000] {dag.py:2941} INFO - Sync 1 DAGs
[2023-12-03T23:20:40.570+0000] {logging_mixin.py:154} INFO - [2023-12-03T23:20:40.570+0000] {dag.py:3722} INFO - Setting next_dagrun for example_branch_labels to 2023-12-02T00:00:00+00:00, run_after=2023-12-03T00:00:00+00:00
[2023-12-03T23:20:40.595+0000] {processor.py:179} INFO - Processing /home/ubuntu/redfin/lib/python3.10/site-packages/airflow/example_dags/example_branch_labels.py took 0.086 seconds
[2023-12-03T23:21:28.002+0000] {processor.py:157} INFO - Started process (PID=4649) to work on /home/ubuntu/redfin/lib/python3.10/site-packages/airflow/example_dags/example_branch_labels.py
[2023-12-03T23:21:28.003+0000] {processor.py:829} INFO - Processing file /home/ubuntu/redfin/lib/python3.10/site-packages/airflow/example_dags/example_branch_labels.py for tasks to queue
[2023-12-03T23:21:28.004+0000] {logging_mixin.py:154} INFO - [2023-12-03T23:21:28.004+0000] {dagbag.py:536} INFO - Filling up the DagBag from /home/ubuntu/redfin/lib/python3.10/site-packages/airflow/example_dags/example_branch_labels.py
[2023-12-03T23:21:28.013+0000] {processor.py:839} INFO - DAG(s) dict_keys(['example_branch_labels']) retrieved from /home/ubuntu/redfin/lib/python3.10/site-packages/airflow/example_dags/example_branch_labels.py
[2023-12-03T23:21:28.033+0000] {logging_mixin.py:154} INFO - [2023-12-03T23:21:28.032+0000] {dag.py:2941} INFO - Sync 1 DAGs
[2023-12-03T23:21:28.057+0000] {logging_mixin.py:154} INFO - [2023-12-03T23:21:28.057+0000] {dag.py:3722} INFO - Setting next_dagrun for example_branch_labels to 2023-12-02T00:00:00+00:00, run_after=2023-12-03T00:00:00+00:00
[2023-12-03T23:21:28.081+0000] {processor.py:179} INFO - Processing /home/ubuntu/redfin/lib/python3.10/site-packages/airflow/example_dags/example_branch_labels.py took 0.083 seconds
[2023-12-03T23:22:18.928+0000] {processor.py:157} INFO - Started process (PID=4703) to work on /home/ubuntu/redfin/lib/python3.10/site-packages/airflow/example_dags/example_branch_labels.py
[2023-12-03T23:22:18.930+0000] {processor.py:829} INFO - Processing file /home/ubuntu/redfin/lib/python3.10/site-packages/airflow/example_dags/example_branch_labels.py for tasks to queue
[2023-12-03T23:22:18.931+0000] {logging_mixin.py:154} INFO - [2023-12-03T23:22:18.931+0000] {dagbag.py:536} INFO - Filling up the DagBag from /home/ubuntu/redfin/lib/python3.10/site-packages/airflow/example_dags/example_branch_labels.py
[2023-12-03T23:22:18.940+0000] {processor.py:839} INFO - DAG(s) dict_keys(['example_branch_labels']) retrieved from /home/ubuntu/redfin/lib/python3.10/site-packages/airflow/example_dags/example_branch_labels.py
[2023-12-03T23:22:18.959+0000] {logging_mixin.py:154} INFO - [2023-12-03T23:22:18.959+0000] {dag.py:2941} INFO - Sync 1 DAGs
[2023-12-03T23:22:18.982+0000] {logging_mixin.py:154} INFO - [2023-12-03T23:22:18.982+0000] {dag.py:3722} INFO - Setting next_dagrun for example_branch_labels to 2023-12-02T00:00:00+00:00, run_after=2023-12-03T00:00:00+00:00
[2023-12-03T23:22:19.005+0000] {processor.py:179} INFO - Processing /home/ubuntu/redfin/lib/python3.10/site-packages/airflow/example_dags/example_branch_labels.py took 0.080 seconds
[2023-12-03T23:23:05.476+0000] {processor.py:157} INFO - Started process (PID=4757) to work on /home/ubuntu/redfin/lib/python3.10/site-packages/airflow/example_dags/example_branch_labels.py
[2023-12-03T23:23:05.478+0000] {processor.py:829} INFO - Processing file /home/ubuntu/redfin/lib/python3.10/site-packages/airflow/example_dags/example_branch_labels.py for tasks to queue
[2023-12-03T23:23:05.479+0000] {logging_mixin.py:154} INFO - [2023-12-03T23:23:05.478+0000] {dagbag.py:536} INFO - Filling up the DagBag from /home/ubuntu/redfin/lib/python3.10/site-packages/airflow/example_dags/example_branch_labels.py
[2023-12-03T23:23:05.487+0000] {processor.py:839} INFO - DAG(s) dict_keys(['example_branch_labels']) retrieved from /home/ubuntu/redfin/lib/python3.10/site-packages/airflow/example_dags/example_branch_labels.py
[2023-12-03T23:23:05.507+0000] {logging_mixin.py:154} INFO - [2023-12-03T23:23:05.506+0000] {dag.py:2941} INFO - Sync 1 DAGs
[2023-12-03T23:23:05.529+0000] {logging_mixin.py:154} INFO - [2023-12-03T23:23:05.529+0000] {dag.py:3722} INFO - Setting next_dagrun for example_branch_labels to 2023-12-02T00:00:00+00:00, run_after=2023-12-03T00:00:00+00:00
[2023-12-03T23:23:05.551+0000] {processor.py:179} INFO - Processing /home/ubuntu/redfin/lib/python3.10/site-packages/airflow/example_dags/example_branch_labels.py took 0.078 seconds
[2023-12-03T23:23:51.412+0000] {processor.py:157} INFO - Started process (PID=4807) to work on /home/ubuntu/redfin/lib/python3.10/site-packages/airflow/example_dags/example_branch_labels.py
[2023-12-03T23:23:51.413+0000] {processor.py:829} INFO - Processing file /home/ubuntu/redfin/lib/python3.10/site-packages/airflow/example_dags/example_branch_labels.py for tasks to queue
[2023-12-03T23:23:51.414+0000] {logging_mixin.py:154} INFO - [2023-12-03T23:23:51.414+0000] {dagbag.py:536} INFO - Filling up the DagBag from /home/ubuntu/redfin/lib/python3.10/site-packages/airflow/example_dags/example_branch_labels.py
[2023-12-03T23:23:51.423+0000] {processor.py:839} INFO - DAG(s) dict_keys(['example_branch_labels']) retrieved from /home/ubuntu/redfin/lib/python3.10/site-packages/airflow/example_dags/example_branch_labels.py
[2023-12-03T23:23:51.443+0000] {logging_mixin.py:154} INFO - [2023-12-03T23:23:51.443+0000] {dag.py:2941} INFO - Sync 1 DAGs
[2023-12-03T23:23:51.466+0000] {logging_mixin.py:154} INFO - [2023-12-03T23:23:51.465+0000] {dag.py:3722} INFO - Setting next_dagrun for example_branch_labels to 2023-12-02T00:00:00+00:00, run_after=2023-12-03T00:00:00+00:00
[2023-12-03T23:23:51.489+0000] {processor.py:179} INFO - Processing /home/ubuntu/redfin/lib/python3.10/site-packages/airflow/example_dags/example_branch_labels.py took 0.080 seconds
[2023-12-03T23:24:38.714+0000] {processor.py:157} INFO - Started process (PID=4858) to work on /home/ubuntu/redfin/lib/python3.10/site-packages/airflow/example_dags/example_branch_labels.py
[2023-12-03T23:24:38.715+0000] {processor.py:829} INFO - Processing file /home/ubuntu/redfin/lib/python3.10/site-packages/airflow/example_dags/example_branch_labels.py for tasks to queue
[2023-12-03T23:24:38.716+0000] {logging_mixin.py:154} INFO - [2023-12-03T23:24:38.716+0000] {dagbag.py:536} INFO - Filling up the DagBag from /home/ubuntu/redfin/lib/python3.10/site-packages/airflow/example_dags/example_branch_labels.py
[2023-12-03T23:24:38.725+0000] {processor.py:839} INFO - DAG(s) dict_keys(['example_branch_labels']) retrieved from /home/ubuntu/redfin/lib/python3.10/site-packages/airflow/example_dags/example_branch_labels.py
[2023-12-03T23:24:38.745+0000] {logging_mixin.py:154} INFO - [2023-12-03T23:24:38.744+0000] {dag.py:2941} INFO - Sync 1 DAGs
[2023-12-03T23:24:38.768+0000] {logging_mixin.py:154} INFO - [2023-12-03T23:24:38.767+0000] {dag.py:3722} INFO - Setting next_dagrun for example_branch_labels to 2023-12-02T00:00:00+00:00, run_after=2023-12-03T00:00:00+00:00
[2023-12-03T23:24:38.790+0000] {processor.py:179} INFO - Processing /home/ubuntu/redfin/lib/python3.10/site-packages/airflow/example_dags/example_branch_labels.py took 0.080 seconds
[2023-12-03T23:25:28.809+0000] {processor.py:157} INFO - Started process (PID=4913) to work on /home/ubuntu/redfin/lib/python3.10/site-packages/airflow/example_dags/example_branch_labels.py
[2023-12-03T23:25:28.810+0000] {processor.py:829} INFO - Processing file /home/ubuntu/redfin/lib/python3.10/site-packages/airflow/example_dags/example_branch_labels.py for tasks to queue
[2023-12-03T23:25:28.811+0000] {logging_mixin.py:154} INFO - [2023-12-03T23:25:28.811+0000] {dagbag.py:536} INFO - Filling up the DagBag from /home/ubuntu/redfin/lib/python3.10/site-packages/airflow/example_dags/example_branch_labels.py
[2023-12-03T23:25:28.820+0000] {processor.py:839} INFO - DAG(s) dict_keys(['example_branch_labels']) retrieved from /home/ubuntu/redfin/lib/python3.10/site-packages/airflow/example_dags/example_branch_labels.py
[2023-12-03T23:25:28.840+0000] {logging_mixin.py:154} INFO - [2023-12-03T23:25:28.840+0000] {dag.py:2941} INFO - Sync 1 DAGs
[2023-12-03T23:25:28.863+0000] {logging_mixin.py:154} INFO - [2023-12-03T23:25:28.863+0000] {dag.py:3722} INFO - Setting next_dagrun for example_branch_labels to 2023-12-02T00:00:00+00:00, run_after=2023-12-03T00:00:00+00:00
[2023-12-03T23:25:28.886+0000] {processor.py:179} INFO - Processing /home/ubuntu/redfin/lib/python3.10/site-packages/airflow/example_dags/example_branch_labels.py took 0.081 seconds
[2023-12-03T23:26:15.346+0000] {processor.py:157} INFO - Started process (PID=4964) to work on /home/ubuntu/redfin/lib/python3.10/site-packages/airflow/example_dags/example_branch_labels.py
[2023-12-03T23:26:15.347+0000] {processor.py:829} INFO - Processing file /home/ubuntu/redfin/lib/python3.10/site-packages/airflow/example_dags/example_branch_labels.py for tasks to queue
[2023-12-03T23:26:15.348+0000] {logging_mixin.py:154} INFO - [2023-12-03T23:26:15.348+0000] {dagbag.py:536} INFO - Filling up the DagBag from /home/ubuntu/redfin/lib/python3.10/site-packages/airflow/example_dags/example_branch_labels.py
[2023-12-03T23:26:15.356+0000] {processor.py:839} INFO - DAG(s) dict_keys(['example_branch_labels']) retrieved from /home/ubuntu/redfin/lib/python3.10/site-packages/airflow/example_dags/example_branch_labels.py
[2023-12-03T23:26:15.375+0000] {logging_mixin.py:154} INFO - [2023-12-03T23:26:15.375+0000] {dag.py:2941} INFO - Sync 1 DAGs
[2023-12-03T23:26:15.397+0000] {logging_mixin.py:154} INFO - [2023-12-03T23:26:15.397+0000] {dag.py:3722} INFO - Setting next_dagrun for example_branch_labels to 2023-12-02T00:00:00+00:00, run_after=2023-12-03T00:00:00+00:00
[2023-12-03T23:26:15.419+0000] {processor.py:179} INFO - Processing /home/ubuntu/redfin/lib/python3.10/site-packages/airflow/example_dags/example_branch_labels.py took 0.077 seconds
[2023-12-03T23:27:01.016+0000] {processor.py:157} INFO - Started process (PID=5015) to work on /home/ubuntu/redfin/lib/python3.10/site-packages/airflow/example_dags/example_branch_labels.py
[2023-12-03T23:27:01.017+0000] {processor.py:829} INFO - Processing file /home/ubuntu/redfin/lib/python3.10/site-packages/airflow/example_dags/example_branch_labels.py for tasks to queue
[2023-12-03T23:27:01.018+0000] {logging_mixin.py:154} INFO - [2023-12-03T23:27:01.017+0000] {dagbag.py:536} INFO - Filling up the DagBag from /home/ubuntu/redfin/lib/python3.10/site-packages/airflow/example_dags/example_branch_labels.py
[2023-12-03T23:27:01.027+0000] {processor.py:839} INFO - DAG(s) dict_keys(['example_branch_labels']) retrieved from /home/ubuntu/redfin/lib/python3.10/site-packages/airflow/example_dags/example_branch_labels.py
[2023-12-03T23:27:01.047+0000] {logging_mixin.py:154} INFO - [2023-12-03T23:27:01.047+0000] {dag.py:2941} INFO - Sync 1 DAGs
[2023-12-03T23:27:01.072+0000] {logging_mixin.py:154} INFO - [2023-12-03T23:27:01.071+0000] {dag.py:3722} INFO - Setting next_dagrun for example_branch_labels to 2023-12-02T00:00:00+00:00, run_after=2023-12-03T00:00:00+00:00
[2023-12-03T23:27:01.094+0000] {processor.py:179} INFO - Processing /home/ubuntu/redfin/lib/python3.10/site-packages/airflow/example_dags/example_branch_labels.py took 0.082 seconds
[2023-12-03T23:27:56.552+0000] {processor.py:157} INFO - Started process (PID=5076) to work on /home/ubuntu/redfin/lib/python3.10/site-packages/airflow/example_dags/example_branch_labels.py
[2023-12-03T23:27:56.553+0000] {processor.py:829} INFO - Processing file /home/ubuntu/redfin/lib/python3.10/site-packages/airflow/example_dags/example_branch_labels.py for tasks to queue
[2023-12-03T23:27:56.554+0000] {logging_mixin.py:154} INFO - [2023-12-03T23:27:56.553+0000] {dagbag.py:536} INFO - Filling up the DagBag from /home/ubuntu/redfin/lib/python3.10/site-packages/airflow/example_dags/example_branch_labels.py
[2023-12-03T23:27:56.562+0000] {processor.py:839} INFO - DAG(s) dict_keys(['example_branch_labels']) retrieved from /home/ubuntu/redfin/lib/python3.10/site-packages/airflow/example_dags/example_branch_labels.py
[2023-12-03T23:27:56.582+0000] {logging_mixin.py:154} INFO - [2023-12-03T23:27:56.582+0000] {dag.py:2941} INFO - Sync 1 DAGs
[2023-12-03T23:27:56.605+0000] {logging_mixin.py:154} INFO - [2023-12-03T23:27:56.604+0000] {dag.py:3722} INFO - Setting next_dagrun for example_branch_labels to 2023-12-02T00:00:00+00:00, run_after=2023-12-03T00:00:00+00:00
[2023-12-03T23:27:56.628+0000] {processor.py:179} INFO - Processing /home/ubuntu/redfin/lib/python3.10/site-packages/airflow/example_dags/example_branch_labels.py took 0.079 seconds
[2023-12-03T23:28:42.891+0000] {processor.py:157} INFO - Started process (PID=5126) to work on /home/ubuntu/redfin/lib/python3.10/site-packages/airflow/example_dags/example_branch_labels.py
[2023-12-03T23:28:42.892+0000] {processor.py:829} INFO - Processing file /home/ubuntu/redfin/lib/python3.10/site-packages/airflow/example_dags/example_branch_labels.py for tasks to queue
[2023-12-03T23:28:42.893+0000] {logging_mixin.py:154} INFO - [2023-12-03T23:28:42.893+0000] {dagbag.py:536} INFO - Filling up the DagBag from /home/ubuntu/redfin/lib/python3.10/site-packages/airflow/example_dags/example_branch_labels.py
[2023-12-03T23:28:42.902+0000] {processor.py:839} INFO - DAG(s) dict_keys(['example_branch_labels']) retrieved from /home/ubuntu/redfin/lib/python3.10/site-packages/airflow/example_dags/example_branch_labels.py
[2023-12-03T23:28:42.922+0000] {logging_mixin.py:154} INFO - [2023-12-03T23:28:42.921+0000] {dag.py:2941} INFO - Sync 1 DAGs
[2023-12-03T23:28:42.944+0000] {logging_mixin.py:154} INFO - [2023-12-03T23:28:42.944+0000] {dag.py:3722} INFO - Setting next_dagrun for example_branch_labels to 2023-12-02T00:00:00+00:00, run_after=2023-12-03T00:00:00+00:00
[2023-12-03T23:28:42.965+0000] {processor.py:179} INFO - Processing /home/ubuntu/redfin/lib/python3.10/site-packages/airflow/example_dags/example_branch_labels.py took 0.078 seconds
[2023-12-03T23:29:31.671+0000] {processor.py:157} INFO - Started process (PID=5180) to work on /home/ubuntu/redfin/lib/python3.10/site-packages/airflow/example_dags/example_branch_labels.py
[2023-12-03T23:29:31.673+0000] {processor.py:829} INFO - Processing file /home/ubuntu/redfin/lib/python3.10/site-packages/airflow/example_dags/example_branch_labels.py for tasks to queue
[2023-12-03T23:29:31.674+0000] {logging_mixin.py:154} INFO - [2023-12-03T23:29:31.673+0000] {dagbag.py:536} INFO - Filling up the DagBag from /home/ubuntu/redfin/lib/python3.10/site-packages/airflow/example_dags/example_branch_labels.py
[2023-12-03T23:29:31.682+0000] {processor.py:839} INFO - DAG(s) dict_keys(['example_branch_labels']) retrieved from /home/ubuntu/redfin/lib/python3.10/site-packages/airflow/example_dags/example_branch_labels.py
[2023-12-03T23:29:31.702+0000] {logging_mixin.py:154} INFO - [2023-12-03T23:29:31.702+0000] {dag.py:2941} INFO - Sync 1 DAGs
[2023-12-03T23:29:31.725+0000] {logging_mixin.py:154} INFO - [2023-12-03T23:29:31.724+0000] {dag.py:3722} INFO - Setting next_dagrun for example_branch_labels to 2023-12-02T00:00:00+00:00, run_after=2023-12-03T00:00:00+00:00
[2023-12-03T23:29:31.747+0000] {processor.py:179} INFO - Processing /home/ubuntu/redfin/lib/python3.10/site-packages/airflow/example_dags/example_branch_labels.py took 0.079 seconds
[2023-12-03T23:30:19.330+0000] {processor.py:157} INFO - Started process (PID=5233) to work on /home/ubuntu/redfin/lib/python3.10/site-packages/airflow/example_dags/example_branch_labels.py
[2023-12-03T23:30:19.331+0000] {processor.py:829} INFO - Processing file /home/ubuntu/redfin/lib/python3.10/site-packages/airflow/example_dags/example_branch_labels.py for tasks to queue
[2023-12-03T23:30:19.332+0000] {logging_mixin.py:154} INFO - [2023-12-03T23:30:19.332+0000] {dagbag.py:536} INFO - Filling up the DagBag from /home/ubuntu/redfin/lib/python3.10/site-packages/airflow/example_dags/example_branch_labels.py
[2023-12-03T23:30:19.341+0000] {processor.py:839} INFO - DAG(s) dict_keys(['example_branch_labels']) retrieved from /home/ubuntu/redfin/lib/python3.10/site-packages/airflow/example_dags/example_branch_labels.py
[2023-12-03T23:30:19.361+0000] {logging_mixin.py:154} INFO - [2023-12-03T23:30:19.361+0000] {dag.py:2941} INFO - Sync 1 DAGs
[2023-12-03T23:30:19.384+0000] {logging_mixin.py:154} INFO - [2023-12-03T23:30:19.384+0000] {dag.py:3722} INFO - Setting next_dagrun for example_branch_labels to 2023-12-02T00:00:00+00:00, run_after=2023-12-03T00:00:00+00:00
[2023-12-03T23:30:19.408+0000] {processor.py:179} INFO - Processing /home/ubuntu/redfin/lib/python3.10/site-packages/airflow/example_dags/example_branch_labels.py took 0.081 seconds
[2023-12-03T23:31:05.294+0000] {processor.py:157} INFO - Started process (PID=5283) to work on /home/ubuntu/redfin/lib/python3.10/site-packages/airflow/example_dags/example_branch_labels.py
[2023-12-03T23:31:05.295+0000] {processor.py:829} INFO - Processing file /home/ubuntu/redfin/lib/python3.10/site-packages/airflow/example_dags/example_branch_labels.py for tasks to queue
[2023-12-03T23:31:05.296+0000] {logging_mixin.py:154} INFO - [2023-12-03T23:31:05.296+0000] {dagbag.py:536} INFO - Filling up the DagBag from /home/ubuntu/redfin/lib/python3.10/site-packages/airflow/example_dags/example_branch_labels.py
[2023-12-03T23:31:05.305+0000] {processor.py:839} INFO - DAG(s) dict_keys(['example_branch_labels']) retrieved from /home/ubuntu/redfin/lib/python3.10/site-packages/airflow/example_dags/example_branch_labels.py
[2023-12-03T23:31:05.324+0000] {logging_mixin.py:154} INFO - [2023-12-03T23:31:05.323+0000] {dag.py:2941} INFO - Sync 1 DAGs
[2023-12-03T23:31:05.346+0000] {logging_mixin.py:154} INFO - [2023-12-03T23:31:05.346+0000] {dag.py:3722} INFO - Setting next_dagrun for example_branch_labels to 2023-12-02T00:00:00+00:00, run_after=2023-12-03T00:00:00+00:00
[2023-12-03T23:31:05.368+0000] {processor.py:179} INFO - Processing /home/ubuntu/redfin/lib/python3.10/site-packages/airflow/example_dags/example_branch_labels.py took 0.077 seconds
[2023-12-03T23:31:53.121+0000] {processor.py:157} INFO - Started process (PID=5337) to work on /home/ubuntu/redfin/lib/python3.10/site-packages/airflow/example_dags/example_branch_labels.py
[2023-12-03T23:31:53.122+0000] {processor.py:829} INFO - Processing file /home/ubuntu/redfin/lib/python3.10/site-packages/airflow/example_dags/example_branch_labels.py for tasks to queue
[2023-12-03T23:31:53.123+0000] {logging_mixin.py:154} INFO - [2023-12-03T23:31:53.123+0000] {dagbag.py:536} INFO - Filling up the DagBag from /home/ubuntu/redfin/lib/python3.10/site-packages/airflow/example_dags/example_branch_labels.py
[2023-12-03T23:31:53.132+0000] {processor.py:839} INFO - DAG(s) dict_keys(['example_branch_labels']) retrieved from /home/ubuntu/redfin/lib/python3.10/site-packages/airflow/example_dags/example_branch_labels.py
[2023-12-03T23:31:53.152+0000] {logging_mixin.py:154} INFO - [2023-12-03T23:31:53.152+0000] {dag.py:2941} INFO - Sync 1 DAGs
[2023-12-03T23:31:53.175+0000] {logging_mixin.py:154} INFO - [2023-12-03T23:31:53.175+0000] {dag.py:3722} INFO - Setting next_dagrun for example_branch_labels to 2023-12-02T00:00:00+00:00, run_after=2023-12-03T00:00:00+00:00
[2023-12-03T23:31:53.199+0000] {processor.py:179} INFO - Processing /home/ubuntu/redfin/lib/python3.10/site-packages/airflow/example_dags/example_branch_labels.py took 0.082 seconds
[2023-12-03T23:32:38.583+0000] {processor.py:157} INFO - Started process (PID=5386) to work on /home/ubuntu/redfin/lib/python3.10/site-packages/airflow/example_dags/example_branch_labels.py
[2023-12-03T23:32:38.584+0000] {processor.py:829} INFO - Processing file /home/ubuntu/redfin/lib/python3.10/site-packages/airflow/example_dags/example_branch_labels.py for tasks to queue
[2023-12-03T23:32:38.585+0000] {logging_mixin.py:154} INFO - [2023-12-03T23:32:38.585+0000] {dagbag.py:536} INFO - Filling up the DagBag from /home/ubuntu/redfin/lib/python3.10/site-packages/airflow/example_dags/example_branch_labels.py
[2023-12-03T23:32:38.594+0000] {processor.py:839} INFO - DAG(s) dict_keys(['example_branch_labels']) retrieved from /home/ubuntu/redfin/lib/python3.10/site-packages/airflow/example_dags/example_branch_labels.py
[2023-12-03T23:32:38.613+0000] {logging_mixin.py:154} INFO - [2023-12-03T23:32:38.613+0000] {dag.py:2941} INFO - Sync 1 DAGs
[2023-12-03T23:32:38.636+0000] {logging_mixin.py:154} INFO - [2023-12-03T23:32:38.636+0000] {dag.py:3722} INFO - Setting next_dagrun for example_branch_labels to 2023-12-02T00:00:00+00:00, run_after=2023-12-03T00:00:00+00:00
[2023-12-03T23:32:38.659+0000] {processor.py:179} INFO - Processing /home/ubuntu/redfin/lib/python3.10/site-packages/airflow/example_dags/example_branch_labels.py took 0.080 seconds
[2023-12-03T23:33:22.845+0000] {processor.py:157} INFO - Started process (PID=5435) to work on /home/ubuntu/redfin/lib/python3.10/site-packages/airflow/example_dags/example_branch_labels.py
[2023-12-03T23:33:22.847+0000] {processor.py:829} INFO - Processing file /home/ubuntu/redfin/lib/python3.10/site-packages/airflow/example_dags/example_branch_labels.py for tasks to queue
[2023-12-03T23:33:22.848+0000] {logging_mixin.py:154} INFO - [2023-12-03T23:33:22.847+0000] {dagbag.py:536} INFO - Filling up the DagBag from /home/ubuntu/redfin/lib/python3.10/site-packages/airflow/example_dags/example_branch_labels.py
[2023-12-03T23:33:22.857+0000] {processor.py:839} INFO - DAG(s) dict_keys(['example_branch_labels']) retrieved from /home/ubuntu/redfin/lib/python3.10/site-packages/airflow/example_dags/example_branch_labels.py
[2023-12-03T23:33:22.877+0000] {logging_mixin.py:154} INFO - [2023-12-03T23:33:22.877+0000] {dag.py:2941} INFO - Sync 1 DAGs
[2023-12-03T23:33:22.900+0000] {logging_mixin.py:154} INFO - [2023-12-03T23:33:22.900+0000] {dag.py:3722} INFO - Setting next_dagrun for example_branch_labels to 2023-12-02T00:00:00+00:00, run_after=2023-12-03T00:00:00+00:00
[2023-12-03T23:33:22.922+0000] {processor.py:179} INFO - Processing /home/ubuntu/redfin/lib/python3.10/site-packages/airflow/example_dags/example_branch_labels.py took 0.081 seconds
[2023-12-03T23:34:09.471+0000] {processor.py:157} INFO - Started process (PID=5485) to work on /home/ubuntu/redfin/lib/python3.10/site-packages/airflow/example_dags/example_branch_labels.py
[2023-12-03T23:34:09.473+0000] {processor.py:829} INFO - Processing file /home/ubuntu/redfin/lib/python3.10/site-packages/airflow/example_dags/example_branch_labels.py for tasks to queue
[2023-12-03T23:34:09.473+0000] {logging_mixin.py:154} INFO - [2023-12-03T23:34:09.473+0000] {dagbag.py:536} INFO - Filling up the DagBag from /home/ubuntu/redfin/lib/python3.10/site-packages/airflow/example_dags/example_branch_labels.py
[2023-12-03T23:34:09.482+0000] {processor.py:839} INFO - DAG(s) dict_keys(['example_branch_labels']) retrieved from /home/ubuntu/redfin/lib/python3.10/site-packages/airflow/example_dags/example_branch_labels.py
[2023-12-03T23:34:09.502+0000] {logging_mixin.py:154} INFO - [2023-12-03T23:34:09.501+0000] {dag.py:2941} INFO - Sync 1 DAGs
[2023-12-03T23:34:09.525+0000] {logging_mixin.py:154} INFO - [2023-12-03T23:34:09.524+0000] {dag.py:3722} INFO - Setting next_dagrun for example_branch_labels to 2023-12-02T00:00:00+00:00, run_after=2023-12-03T00:00:00+00:00
[2023-12-03T23:34:09.547+0000] {processor.py:179} INFO - Processing /home/ubuntu/redfin/lib/python3.10/site-packages/airflow/example_dags/example_branch_labels.py took 0.079 seconds
[2023-12-03T23:34:57.436+0000] {processor.py:157} INFO - Started process (PID=5539) to work on /home/ubuntu/redfin/lib/python3.10/site-packages/airflow/example_dags/example_branch_labels.py
[2023-12-03T23:34:57.437+0000] {processor.py:829} INFO - Processing file /home/ubuntu/redfin/lib/python3.10/site-packages/airflow/example_dags/example_branch_labels.py for tasks to queue
[2023-12-03T23:34:57.438+0000] {logging_mixin.py:154} INFO - [2023-12-03T23:34:57.438+0000] {dagbag.py:536} INFO - Filling up the DagBag from /home/ubuntu/redfin/lib/python3.10/site-packages/airflow/example_dags/example_branch_labels.py
[2023-12-03T23:34:57.447+0000] {processor.py:839} INFO - DAG(s) dict_keys(['example_branch_labels']) retrieved from /home/ubuntu/redfin/lib/python3.10/site-packages/airflow/example_dags/example_branch_labels.py
[2023-12-03T23:34:57.466+0000] {logging_mixin.py:154} INFO - [2023-12-03T23:34:57.466+0000] {dag.py:2941} INFO - Sync 1 DAGs
[2023-12-03T23:34:57.488+0000] {logging_mixin.py:154} INFO - [2023-12-03T23:34:57.488+0000] {dag.py:3722} INFO - Setting next_dagrun for example_branch_labels to 2023-12-02T00:00:00+00:00, run_after=2023-12-03T00:00:00+00:00
[2023-12-03T23:34:57.511+0000] {processor.py:179} INFO - Processing /home/ubuntu/redfin/lib/python3.10/site-packages/airflow/example_dags/example_branch_labels.py took 0.079 seconds
[2023-12-03T23:35:46.896+0000] {processor.py:157} INFO - Started process (PID=5592) to work on /home/ubuntu/redfin/lib/python3.10/site-packages/airflow/example_dags/example_branch_labels.py
[2023-12-03T23:35:46.898+0000] {processor.py:829} INFO - Processing file /home/ubuntu/redfin/lib/python3.10/site-packages/airflow/example_dags/example_branch_labels.py for tasks to queue
[2023-12-03T23:35:46.899+0000] {logging_mixin.py:154} INFO - [2023-12-03T23:35:46.898+0000] {dagbag.py:536} INFO - Filling up the DagBag from /home/ubuntu/redfin/lib/python3.10/site-packages/airflow/example_dags/example_branch_labels.py
[2023-12-03T23:35:46.908+0000] {processor.py:839} INFO - DAG(s) dict_keys(['example_branch_labels']) retrieved from /home/ubuntu/redfin/lib/python3.10/site-packages/airflow/example_dags/example_branch_labels.py
[2023-12-03T23:35:46.929+0000] {logging_mixin.py:154} INFO - [2023-12-03T23:35:46.928+0000] {dag.py:2941} INFO - Sync 1 DAGs
[2023-12-03T23:35:46.953+0000] {logging_mixin.py:154} INFO - [2023-12-03T23:35:46.953+0000] {dag.py:3722} INFO - Setting next_dagrun for example_branch_labels to 2023-12-02T00:00:00+00:00, run_after=2023-12-03T00:00:00+00:00
[2023-12-03T23:35:46.977+0000] {processor.py:179} INFO - Processing /home/ubuntu/redfin/lib/python3.10/site-packages/airflow/example_dags/example_branch_labels.py took 0.085 seconds
[2023-12-03T23:36:38.537+0000] {processor.py:157} INFO - Started process (PID=5648) to work on /home/ubuntu/redfin/lib/python3.10/site-packages/airflow/example_dags/example_branch_labels.py
[2023-12-03T23:36:38.538+0000] {processor.py:829} INFO - Processing file /home/ubuntu/redfin/lib/python3.10/site-packages/airflow/example_dags/example_branch_labels.py for tasks to queue
[2023-12-03T23:36:38.539+0000] {logging_mixin.py:154} INFO - [2023-12-03T23:36:38.538+0000] {dagbag.py:536} INFO - Filling up the DagBag from /home/ubuntu/redfin/lib/python3.10/site-packages/airflow/example_dags/example_branch_labels.py
[2023-12-03T23:36:38.547+0000] {processor.py:839} INFO - DAG(s) dict_keys(['example_branch_labels']) retrieved from /home/ubuntu/redfin/lib/python3.10/site-packages/airflow/example_dags/example_branch_labels.py
[2023-12-03T23:36:38.567+0000] {logging_mixin.py:154} INFO - [2023-12-03T23:36:38.566+0000] {dag.py:2941} INFO - Sync 1 DAGs
[2023-12-03T23:36:38.589+0000] {logging_mixin.py:154} INFO - [2023-12-03T23:36:38.589+0000] {dag.py:3722} INFO - Setting next_dagrun for example_branch_labels to 2023-12-02T00:00:00+00:00, run_after=2023-12-03T00:00:00+00:00
[2023-12-03T23:36:38.611+0000] {processor.py:179} INFO - Processing /home/ubuntu/redfin/lib/python3.10/site-packages/airflow/example_dags/example_branch_labels.py took 0.078 seconds
[2023-12-03T23:37:27.687+0000] {processor.py:157} INFO - Started process (PID=5701) to work on /home/ubuntu/redfin/lib/python3.10/site-packages/airflow/example_dags/example_branch_labels.py
[2023-12-03T23:37:27.689+0000] {processor.py:829} INFO - Processing file /home/ubuntu/redfin/lib/python3.10/site-packages/airflow/example_dags/example_branch_labels.py for tasks to queue
[2023-12-03T23:37:27.689+0000] {logging_mixin.py:154} INFO - [2023-12-03T23:37:27.689+0000] {dagbag.py:536} INFO - Filling up the DagBag from /home/ubuntu/redfin/lib/python3.10/site-packages/airflow/example_dags/example_branch_labels.py
[2023-12-03T23:37:27.698+0000] {processor.py:839} INFO - DAG(s) dict_keys(['example_branch_labels']) retrieved from /home/ubuntu/redfin/lib/python3.10/site-packages/airflow/example_dags/example_branch_labels.py
[2023-12-03T23:37:27.718+0000] {logging_mixin.py:154} INFO - [2023-12-03T23:37:27.718+0000] {dag.py:2941} INFO - Sync 1 DAGs
[2023-12-03T23:37:27.740+0000] {logging_mixin.py:154} INFO - [2023-12-03T23:37:27.740+0000] {dag.py:3722} INFO - Setting next_dagrun for example_branch_labels to 2023-12-02T00:00:00+00:00, run_after=2023-12-03T00:00:00+00:00
[2023-12-03T23:37:27.761+0000] {processor.py:179} INFO - Processing /home/ubuntu/redfin/lib/python3.10/site-packages/airflow/example_dags/example_branch_labels.py took 0.078 seconds
[2023-12-03T23:38:11.961+0000] {processor.py:157} INFO - Started process (PID=5750) to work on /home/ubuntu/redfin/lib/python3.10/site-packages/airflow/example_dags/example_branch_labels.py
[2023-12-03T23:38:11.962+0000] {processor.py:829} INFO - Processing file /home/ubuntu/redfin/lib/python3.10/site-packages/airflow/example_dags/example_branch_labels.py for tasks to queue
[2023-12-03T23:38:11.963+0000] {logging_mixin.py:154} INFO - [2023-12-03T23:38:11.963+0000] {dagbag.py:536} INFO - Filling up the DagBag from /home/ubuntu/redfin/lib/python3.10/site-packages/airflow/example_dags/example_branch_labels.py
[2023-12-03T23:38:11.972+0000] {processor.py:839} INFO - DAG(s) dict_keys(['example_branch_labels']) retrieved from /home/ubuntu/redfin/lib/python3.10/site-packages/airflow/example_dags/example_branch_labels.py
[2023-12-03T23:38:11.992+0000] {logging_mixin.py:154} INFO - [2023-12-03T23:38:11.991+0000] {dag.py:2941} INFO - Sync 1 DAGs
[2023-12-03T23:38:12.014+0000] {logging_mixin.py:154} INFO - [2023-12-03T23:38:12.014+0000] {dag.py:3722} INFO - Setting next_dagrun for example_branch_labels to 2023-12-02T00:00:00+00:00, run_after=2023-12-03T00:00:00+00:00
[2023-12-03T23:38:12.037+0000] {processor.py:179} INFO - Processing /home/ubuntu/redfin/lib/python3.10/site-packages/airflow/example_dags/example_branch_labels.py took 0.080 seconds
[2023-12-03T23:39:00.494+0000] {processor.py:157} INFO - Started process (PID=5805) to work on /home/ubuntu/redfin/lib/python3.10/site-packages/airflow/example_dags/example_branch_labels.py
[2023-12-03T23:39:00.495+0000] {processor.py:829} INFO - Processing file /home/ubuntu/redfin/lib/python3.10/site-packages/airflow/example_dags/example_branch_labels.py for tasks to queue
[2023-12-03T23:39:00.496+0000] {logging_mixin.py:154} INFO - [2023-12-03T23:39:00.496+0000] {dagbag.py:536} INFO - Filling up the DagBag from /home/ubuntu/redfin/lib/python3.10/site-packages/airflow/example_dags/example_branch_labels.py
[2023-12-03T23:39:00.505+0000] {processor.py:839} INFO - DAG(s) dict_keys(['example_branch_labels']) retrieved from /home/ubuntu/redfin/lib/python3.10/site-packages/airflow/example_dags/example_branch_labels.py
[2023-12-03T23:39:00.525+0000] {logging_mixin.py:154} INFO - [2023-12-03T23:39:00.524+0000] {dag.py:2941} INFO - Sync 1 DAGs
[2023-12-03T23:39:00.547+0000] {logging_mixin.py:154} INFO - [2023-12-03T23:39:00.547+0000] {dag.py:3722} INFO - Setting next_dagrun for example_branch_labels to 2023-12-02T00:00:00+00:00, run_after=2023-12-03T00:00:00+00:00
[2023-12-03T23:39:00.569+0000] {processor.py:179} INFO - Processing /home/ubuntu/redfin/lib/python3.10/site-packages/airflow/example_dags/example_branch_labels.py took 0.079 seconds
[2023-12-03T23:39:47.368+0000] {processor.py:157} INFO - Started process (PID=5855) to work on /home/ubuntu/redfin/lib/python3.10/site-packages/airflow/example_dags/example_branch_labels.py
[2023-12-03T23:39:47.370+0000] {processor.py:829} INFO - Processing file /home/ubuntu/redfin/lib/python3.10/site-packages/airflow/example_dags/example_branch_labels.py for tasks to queue
[2023-12-03T23:39:47.370+0000] {logging_mixin.py:154} INFO - [2023-12-03T23:39:47.370+0000] {dagbag.py:536} INFO - Filling up the DagBag from /home/ubuntu/redfin/lib/python3.10/site-packages/airflow/example_dags/example_branch_labels.py
[2023-12-03T23:39:47.379+0000] {processor.py:839} INFO - DAG(s) dict_keys(['example_branch_labels']) retrieved from /home/ubuntu/redfin/lib/python3.10/site-packages/airflow/example_dags/example_branch_labels.py
[2023-12-03T23:39:47.400+0000] {logging_mixin.py:154} INFO - [2023-12-03T23:39:47.400+0000] {dag.py:2941} INFO - Sync 1 DAGs
[2023-12-03T23:39:47.423+0000] {logging_mixin.py:154} INFO - [2023-12-03T23:39:47.423+0000] {dag.py:3722} INFO - Setting next_dagrun for example_branch_labels to 2023-12-02T00:00:00+00:00, run_after=2023-12-03T00:00:00+00:00
[2023-12-03T23:39:47.445+0000] {processor.py:179} INFO - Processing /home/ubuntu/redfin/lib/python3.10/site-packages/airflow/example_dags/example_branch_labels.py took 0.081 seconds
[2023-12-03T23:40:33.718+0000] {processor.py:157} INFO - Started process (PID=5905) to work on /home/ubuntu/redfin/lib/python3.10/site-packages/airflow/example_dags/example_branch_labels.py
[2023-12-03T23:40:33.720+0000] {processor.py:829} INFO - Processing file /home/ubuntu/redfin/lib/python3.10/site-packages/airflow/example_dags/example_branch_labels.py for tasks to queue
[2023-12-03T23:40:33.721+0000] {logging_mixin.py:154} INFO - [2023-12-03T23:40:33.720+0000] {dagbag.py:536} INFO - Filling up the DagBag from /home/ubuntu/redfin/lib/python3.10/site-packages/airflow/example_dags/example_branch_labels.py
[2023-12-03T23:40:33.729+0000] {processor.py:839} INFO - DAG(s) dict_keys(['example_branch_labels']) retrieved from /home/ubuntu/redfin/lib/python3.10/site-packages/airflow/example_dags/example_branch_labels.py
[2023-12-03T23:40:33.750+0000] {logging_mixin.py:154} INFO - [2023-12-03T23:40:33.750+0000] {dag.py:2941} INFO - Sync 1 DAGs
[2023-12-03T23:40:33.773+0000] {logging_mixin.py:154} INFO - [2023-12-03T23:40:33.773+0000] {dag.py:3722} INFO - Setting next_dagrun for example_branch_labels to 2023-12-02T00:00:00+00:00, run_after=2023-12-03T00:00:00+00:00
[2023-12-03T23:40:33.797+0000] {processor.py:179} INFO - Processing /home/ubuntu/redfin/lib/python3.10/site-packages/airflow/example_dags/example_branch_labels.py took 0.082 seconds
[2023-12-03T23:41:25.164+0000] {processor.py:157} INFO - Started process (PID=5959) to work on /home/ubuntu/redfin/lib/python3.10/site-packages/airflow/example_dags/example_branch_labels.py
[2023-12-03T23:41:25.166+0000] {processor.py:829} INFO - Processing file /home/ubuntu/redfin/lib/python3.10/site-packages/airflow/example_dags/example_branch_labels.py for tasks to queue
[2023-12-03T23:41:25.166+0000] {logging_mixin.py:154} INFO - [2023-12-03T23:41:25.166+0000] {dagbag.py:536} INFO - Filling up the DagBag from /home/ubuntu/redfin/lib/python3.10/site-packages/airflow/example_dags/example_branch_labels.py
[2023-12-03T23:41:25.175+0000] {processor.py:839} INFO - DAG(s) dict_keys(['example_branch_labels']) retrieved from /home/ubuntu/redfin/lib/python3.10/site-packages/airflow/example_dags/example_branch_labels.py
[2023-12-03T23:41:25.194+0000] {logging_mixin.py:154} INFO - [2023-12-03T23:41:25.194+0000] {dag.py:2941} INFO - Sync 1 DAGs
[2023-12-03T23:41:25.217+0000] {logging_mixin.py:154} INFO - [2023-12-03T23:41:25.216+0000] {dag.py:3722} INFO - Setting next_dagrun for example_branch_labels to 2023-12-02T00:00:00+00:00, run_after=2023-12-03T00:00:00+00:00
[2023-12-03T23:41:25.238+0000] {processor.py:179} INFO - Processing /home/ubuntu/redfin/lib/python3.10/site-packages/airflow/example_dags/example_branch_labels.py took 0.077 seconds
[2023-12-03T23:42:08.546+0000] {processor.py:157} INFO - Started process (PID=6008) to work on /home/ubuntu/redfin/lib/python3.10/site-packages/airflow/example_dags/example_branch_labels.py
[2023-12-03T23:42:08.548+0000] {processor.py:829} INFO - Processing file /home/ubuntu/redfin/lib/python3.10/site-packages/airflow/example_dags/example_branch_labels.py for tasks to queue
[2023-12-03T23:42:08.548+0000] {logging_mixin.py:154} INFO - [2023-12-03T23:42:08.548+0000] {dagbag.py:536} INFO - Filling up the DagBag from /home/ubuntu/redfin/lib/python3.10/site-packages/airflow/example_dags/example_branch_labels.py
[2023-12-03T23:42:08.558+0000] {processor.py:839} INFO - DAG(s) dict_keys(['example_branch_labels']) retrieved from /home/ubuntu/redfin/lib/python3.10/site-packages/airflow/example_dags/example_branch_labels.py
[2023-12-03T23:42:08.578+0000] {logging_mixin.py:154} INFO - [2023-12-03T23:42:08.578+0000] {dag.py:2941} INFO - Sync 1 DAGs
[2023-12-03T23:42:08.601+0000] {logging_mixin.py:154} INFO - [2023-12-03T23:42:08.601+0000] {dag.py:3722} INFO - Setting next_dagrun for example_branch_labels to 2023-12-02T00:00:00+00:00, run_after=2023-12-03T00:00:00+00:00
[2023-12-03T23:42:08.622+0000] {processor.py:179} INFO - Processing /home/ubuntu/redfin/lib/python3.10/site-packages/airflow/example_dags/example_branch_labels.py took 0.080 seconds
[2023-12-03T23:42:57.803+0000] {processor.py:157} INFO - Started process (PID=6063) to work on /home/ubuntu/redfin/lib/python3.10/site-packages/airflow/example_dags/example_branch_labels.py
[2023-12-03T23:42:57.804+0000] {processor.py:829} INFO - Processing file /home/ubuntu/redfin/lib/python3.10/site-packages/airflow/example_dags/example_branch_labels.py for tasks to queue
[2023-12-03T23:42:57.805+0000] {logging_mixin.py:154} INFO - [2023-12-03T23:42:57.805+0000] {dagbag.py:536} INFO - Filling up the DagBag from /home/ubuntu/redfin/lib/python3.10/site-packages/airflow/example_dags/example_branch_labels.py
[2023-12-03T23:42:57.814+0000] {processor.py:839} INFO - DAG(s) dict_keys(['example_branch_labels']) retrieved from /home/ubuntu/redfin/lib/python3.10/site-packages/airflow/example_dags/example_branch_labels.py
[2023-12-03T23:42:57.834+0000] {logging_mixin.py:154} INFO - [2023-12-03T23:42:57.834+0000] {dag.py:2941} INFO - Sync 1 DAGs
[2023-12-03T23:42:57.857+0000] {logging_mixin.py:154} INFO - [2023-12-03T23:42:57.857+0000] {dag.py:3722} INFO - Setting next_dagrun for example_branch_labels to 2023-12-02T00:00:00+00:00, run_after=2023-12-03T00:00:00+00:00
[2023-12-03T23:42:57.880+0000] {processor.py:179} INFO - Processing /home/ubuntu/redfin/lib/python3.10/site-packages/airflow/example_dags/example_branch_labels.py took 0.080 seconds
[2023-12-03T23:43:43.375+0000] {processor.py:157} INFO - Started process (PID=6112) to work on /home/ubuntu/redfin/lib/python3.10/site-packages/airflow/example_dags/example_branch_labels.py
[2023-12-03T23:43:43.377+0000] {processor.py:829} INFO - Processing file /home/ubuntu/redfin/lib/python3.10/site-packages/airflow/example_dags/example_branch_labels.py for tasks to queue
[2023-12-03T23:43:43.377+0000] {logging_mixin.py:154} INFO - [2023-12-03T23:43:43.377+0000] {dagbag.py:536} INFO - Filling up the DagBag from /home/ubuntu/redfin/lib/python3.10/site-packages/airflow/example_dags/example_branch_labels.py
[2023-12-03T23:43:43.386+0000] {processor.py:839} INFO - DAG(s) dict_keys(['example_branch_labels']) retrieved from /home/ubuntu/redfin/lib/python3.10/site-packages/airflow/example_dags/example_branch_labels.py
[2023-12-03T23:43:43.406+0000] {logging_mixin.py:154} INFO - [2023-12-03T23:43:43.406+0000] {dag.py:2941} INFO - Sync 1 DAGs
[2023-12-03T23:43:43.429+0000] {logging_mixin.py:154} INFO - [2023-12-03T23:43:43.429+0000] {dag.py:3722} INFO - Setting next_dagrun for example_branch_labels to 2023-12-02T00:00:00+00:00, run_after=2023-12-03T00:00:00+00:00
[2023-12-03T23:43:43.451+0000] {processor.py:179} INFO - Processing /home/ubuntu/redfin/lib/python3.10/site-packages/airflow/example_dags/example_branch_labels.py took 0.080 seconds
[2023-12-03T23:44:30.684+0000] {processor.py:157} INFO - Started process (PID=6419) to work on /home/ubuntu/redfin/lib/python3.10/site-packages/airflow/example_dags/example_branch_labels.py
[2023-12-03T23:44:30.685+0000] {processor.py:829} INFO - Processing file /home/ubuntu/redfin/lib/python3.10/site-packages/airflow/example_dags/example_branch_labels.py for tasks to queue
[2023-12-03T23:44:30.686+0000] {logging_mixin.py:154} INFO - [2023-12-03T23:44:30.685+0000] {dagbag.py:536} INFO - Filling up the DagBag from /home/ubuntu/redfin/lib/python3.10/site-packages/airflow/example_dags/example_branch_labels.py
[2023-12-03T23:44:30.694+0000] {processor.py:839} INFO - DAG(s) dict_keys(['example_branch_labels']) retrieved from /home/ubuntu/redfin/lib/python3.10/site-packages/airflow/example_dags/example_branch_labels.py
[2023-12-03T23:44:30.715+0000] {logging_mixin.py:154} INFO - [2023-12-03T23:44:30.715+0000] {dag.py:2941} INFO - Sync 1 DAGs
[2023-12-03T23:44:30.738+0000] {logging_mixin.py:154} INFO - [2023-12-03T23:44:30.738+0000] {dag.py:3722} INFO - Setting next_dagrun for example_branch_labels to 2023-12-02T00:00:00+00:00, run_after=2023-12-03T00:00:00+00:00
[2023-12-03T23:44:30.760+0000] {processor.py:179} INFO - Processing /home/ubuntu/redfin/lib/python3.10/site-packages/airflow/example_dags/example_branch_labels.py took 0.080 seconds
[2023-12-03T23:45:27.243+0000] {processor.py:157} INFO - Started process (PID=6637) to work on /home/ubuntu/redfin/lib/python3.10/site-packages/airflow/example_dags/example_branch_labels.py
[2023-12-03T23:45:27.244+0000] {processor.py:829} INFO - Processing file /home/ubuntu/redfin/lib/python3.10/site-packages/airflow/example_dags/example_branch_labels.py for tasks to queue
[2023-12-03T23:45:27.245+0000] {logging_mixin.py:154} INFO - [2023-12-03T23:45:27.245+0000] {dagbag.py:536} INFO - Filling up the DagBag from /home/ubuntu/redfin/lib/python3.10/site-packages/airflow/example_dags/example_branch_labels.py
[2023-12-03T23:45:27.255+0000] {processor.py:839} INFO - DAG(s) dict_keys(['example_branch_labels']) retrieved from /home/ubuntu/redfin/lib/python3.10/site-packages/airflow/example_dags/example_branch_labels.py
[2023-12-03T23:45:27.276+0000] {logging_mixin.py:154} INFO - [2023-12-03T23:45:27.275+0000] {dag.py:2941} INFO - Sync 1 DAGs
[2023-12-03T23:45:27.300+0000] {logging_mixin.py:154} INFO - [2023-12-03T23:45:27.299+0000] {dag.py:3722} INFO - Setting next_dagrun for example_branch_labels to 2023-12-02T00:00:00+00:00, run_after=2023-12-03T00:00:00+00:00
[2023-12-03T23:45:27.325+0000] {processor.py:179} INFO - Processing /home/ubuntu/redfin/lib/python3.10/site-packages/airflow/example_dags/example_branch_labels.py took 0.085 seconds
[2023-12-03T23:46:12.138+0000] {processor.py:157} INFO - Started process (PID=6690) to work on /home/ubuntu/redfin/lib/python3.10/site-packages/airflow/example_dags/example_branch_labels.py
[2023-12-03T23:46:12.140+0000] {processor.py:829} INFO - Processing file /home/ubuntu/redfin/lib/python3.10/site-packages/airflow/example_dags/example_branch_labels.py for tasks to queue
[2023-12-03T23:46:12.141+0000] {logging_mixin.py:154} INFO - [2023-12-03T23:46:12.140+0000] {dagbag.py:536} INFO - Filling up the DagBag from /home/ubuntu/redfin/lib/python3.10/site-packages/airflow/example_dags/example_branch_labels.py
[2023-12-03T23:46:12.149+0000] {processor.py:839} INFO - DAG(s) dict_keys(['example_branch_labels']) retrieved from /home/ubuntu/redfin/lib/python3.10/site-packages/airflow/example_dags/example_branch_labels.py
[2023-12-03T23:46:12.168+0000] {logging_mixin.py:154} INFO - [2023-12-03T23:46:12.168+0000] {dag.py:2941} INFO - Sync 1 DAGs
[2023-12-03T23:46:12.191+0000] {logging_mixin.py:154} INFO - [2023-12-03T23:46:12.190+0000] {dag.py:3722} INFO - Setting next_dagrun for example_branch_labels to 2023-12-02T00:00:00+00:00, run_after=2023-12-03T00:00:00+00:00
[2023-12-03T23:46:12.213+0000] {processor.py:179} INFO - Processing /home/ubuntu/redfin/lib/python3.10/site-packages/airflow/example_dags/example_branch_labels.py took 0.079 seconds
[2023-12-03T23:46:59.588+0000] {processor.py:157} INFO - Started process (PID=6742) to work on /home/ubuntu/redfin/lib/python3.10/site-packages/airflow/example_dags/example_branch_labels.py
[2023-12-03T23:46:59.589+0000] {processor.py:829} INFO - Processing file /home/ubuntu/redfin/lib/python3.10/site-packages/airflow/example_dags/example_branch_labels.py for tasks to queue
[2023-12-03T23:46:59.590+0000] {logging_mixin.py:154} INFO - [2023-12-03T23:46:59.590+0000] {dagbag.py:536} INFO - Filling up the DagBag from /home/ubuntu/redfin/lib/python3.10/site-packages/airflow/example_dags/example_branch_labels.py
[2023-12-03T23:46:59.599+0000] {processor.py:839} INFO - DAG(s) dict_keys(['example_branch_labels']) retrieved from /home/ubuntu/redfin/lib/python3.10/site-packages/airflow/example_dags/example_branch_labels.py
[2023-12-03T23:46:59.620+0000] {logging_mixin.py:154} INFO - [2023-12-03T23:46:59.619+0000] {dag.py:2941} INFO - Sync 1 DAGs
[2023-12-03T23:46:59.643+0000] {logging_mixin.py:154} INFO - [2023-12-03T23:46:59.643+0000] {dag.py:3722} INFO - Setting next_dagrun for example_branch_labels to 2023-12-02T00:00:00+00:00, run_after=2023-12-03T00:00:00+00:00
[2023-12-03T23:46:59.667+0000] {processor.py:179} INFO - Processing /home/ubuntu/redfin/lib/python3.10/site-packages/airflow/example_dags/example_branch_labels.py took 0.083 seconds
[2023-12-03T23:47:46.628+0000] {processor.py:157} INFO - Started process (PID=6813) to work on /home/ubuntu/redfin/lib/python3.10/site-packages/airflow/example_dags/example_branch_labels.py
[2023-12-03T23:47:46.630+0000] {processor.py:829} INFO - Processing file /home/ubuntu/redfin/lib/python3.10/site-packages/airflow/example_dags/example_branch_labels.py for tasks to queue
[2023-12-03T23:47:46.631+0000] {logging_mixin.py:154} INFO - [2023-12-03T23:47:46.630+0000] {dagbag.py:536} INFO - Filling up the DagBag from /home/ubuntu/redfin/lib/python3.10/site-packages/airflow/example_dags/example_branch_labels.py
[2023-12-03T23:47:46.640+0000] {processor.py:839} INFO - DAG(s) dict_keys(['example_branch_labels']) retrieved from /home/ubuntu/redfin/lib/python3.10/site-packages/airflow/example_dags/example_branch_labels.py
[2023-12-03T23:47:46.661+0000] {logging_mixin.py:154} INFO - [2023-12-03T23:47:46.661+0000] {dag.py:2941} INFO - Sync 1 DAGs
[2023-12-03T23:47:46.685+0000] {logging_mixin.py:154} INFO - [2023-12-03T23:47:46.685+0000] {dag.py:3722} INFO - Setting next_dagrun for example_branch_labels to 2023-12-02T00:00:00+00:00, run_after=2023-12-03T00:00:00+00:00
[2023-12-03T23:47:46.711+0000] {processor.py:179} INFO - Processing /home/ubuntu/redfin/lib/python3.10/site-packages/airflow/example_dags/example_branch_labels.py took 0.087 seconds
[2023-12-03T23:48:35.652+0000] {processor.py:157} INFO - Started process (PID=6883) to work on /home/ubuntu/redfin/lib/python3.10/site-packages/airflow/example_dags/example_branch_labels.py
[2023-12-03T23:48:35.653+0000] {processor.py:829} INFO - Processing file /home/ubuntu/redfin/lib/python3.10/site-packages/airflow/example_dags/example_branch_labels.py for tasks to queue
[2023-12-03T23:48:35.654+0000] {logging_mixin.py:154} INFO - [2023-12-03T23:48:35.654+0000] {dagbag.py:536} INFO - Filling up the DagBag from /home/ubuntu/redfin/lib/python3.10/site-packages/airflow/example_dags/example_branch_labels.py
[2023-12-03T23:48:35.663+0000] {processor.py:839} INFO - DAG(s) dict_keys(['example_branch_labels']) retrieved from /home/ubuntu/redfin/lib/python3.10/site-packages/airflow/example_dags/example_branch_labels.py
[2023-12-03T23:48:35.684+0000] {logging_mixin.py:154} INFO - [2023-12-03T23:48:35.684+0000] {dag.py:2941} INFO - Sync 1 DAGs
[2023-12-03T23:48:35.708+0000] {logging_mixin.py:154} INFO - [2023-12-03T23:48:35.708+0000] {dag.py:3722} INFO - Setting next_dagrun for example_branch_labels to 2023-12-02T00:00:00+00:00, run_after=2023-12-03T00:00:00+00:00
[2023-12-03T23:48:35.731+0000] {processor.py:179} INFO - Processing /home/ubuntu/redfin/lib/python3.10/site-packages/airflow/example_dags/example_branch_labels.py took 0.083 seconds
[2023-12-03T23:49:26.370+0000] {processor.py:157} INFO - Started process (PID=6938) to work on /home/ubuntu/redfin/lib/python3.10/site-packages/airflow/example_dags/example_branch_labels.py
[2023-12-03T23:49:26.372+0000] {processor.py:829} INFO - Processing file /home/ubuntu/redfin/lib/python3.10/site-packages/airflow/example_dags/example_branch_labels.py for tasks to queue
[2023-12-03T23:49:26.373+0000] {logging_mixin.py:154} INFO - [2023-12-03T23:49:26.372+0000] {dagbag.py:536} INFO - Filling up the DagBag from /home/ubuntu/redfin/lib/python3.10/site-packages/airflow/example_dags/example_branch_labels.py
[2023-12-03T23:49:26.382+0000] {processor.py:839} INFO - DAG(s) dict_keys(['example_branch_labels']) retrieved from /home/ubuntu/redfin/lib/python3.10/site-packages/airflow/example_dags/example_branch_labels.py
[2023-12-03T23:49:26.402+0000] {logging_mixin.py:154} INFO - [2023-12-03T23:49:26.401+0000] {dag.py:2941} INFO - Sync 1 DAGs
[2023-12-03T23:49:26.424+0000] {logging_mixin.py:154} INFO - [2023-12-03T23:49:26.424+0000] {dag.py:3722} INFO - Setting next_dagrun for example_branch_labels to 2023-12-02T00:00:00+00:00, run_after=2023-12-03T00:00:00+00:00
[2023-12-03T23:49:26.447+0000] {processor.py:179} INFO - Processing /home/ubuntu/redfin/lib/python3.10/site-packages/airflow/example_dags/example_branch_labels.py took 0.080 seconds
[2023-12-03T23:50:14.848+0000] {processor.py:157} INFO - Started process (PID=6993) to work on /home/ubuntu/redfin/lib/python3.10/site-packages/airflow/example_dags/example_branch_labels.py
[2023-12-03T23:50:14.850+0000] {processor.py:829} INFO - Processing file /home/ubuntu/redfin/lib/python3.10/site-packages/airflow/example_dags/example_branch_labels.py for tasks to queue
[2023-12-03T23:50:14.851+0000] {logging_mixin.py:154} INFO - [2023-12-03T23:50:14.850+0000] {dagbag.py:536} INFO - Filling up the DagBag from /home/ubuntu/redfin/lib/python3.10/site-packages/airflow/example_dags/example_branch_labels.py
[2023-12-03T23:50:14.859+0000] {processor.py:839} INFO - DAG(s) dict_keys(['example_branch_labels']) retrieved from /home/ubuntu/redfin/lib/python3.10/site-packages/airflow/example_dags/example_branch_labels.py
[2023-12-03T23:50:14.878+0000] {logging_mixin.py:154} INFO - [2023-12-03T23:50:14.878+0000] {dag.py:2941} INFO - Sync 1 DAGs
[2023-12-03T23:50:14.901+0000] {logging_mixin.py:154} INFO - [2023-12-03T23:50:14.901+0000] {dag.py:3722} INFO - Setting next_dagrun for example_branch_labels to 2023-12-02T00:00:00+00:00, run_after=2023-12-03T00:00:00+00:00
[2023-12-03T23:50:14.922+0000] {processor.py:179} INFO - Processing /home/ubuntu/redfin/lib/python3.10/site-packages/airflow/example_dags/example_branch_labels.py took 0.078 seconds
[2023-12-03T23:51:02.822+0000] {processor.py:157} INFO - Started process (PID=7045) to work on /home/ubuntu/redfin/lib/python3.10/site-packages/airflow/example_dags/example_branch_labels.py
[2023-12-03T23:51:02.824+0000] {processor.py:829} INFO - Processing file /home/ubuntu/redfin/lib/python3.10/site-packages/airflow/example_dags/example_branch_labels.py for tasks to queue
[2023-12-03T23:51:02.825+0000] {logging_mixin.py:154} INFO - [2023-12-03T23:51:02.824+0000] {dagbag.py:536} INFO - Filling up the DagBag from /home/ubuntu/redfin/lib/python3.10/site-packages/airflow/example_dags/example_branch_labels.py
[2023-12-03T23:51:02.833+0000] {processor.py:839} INFO - DAG(s) dict_keys(['example_branch_labels']) retrieved from /home/ubuntu/redfin/lib/python3.10/site-packages/airflow/example_dags/example_branch_labels.py
[2023-12-03T23:51:02.852+0000] {logging_mixin.py:154} INFO - [2023-12-03T23:51:02.852+0000] {dag.py:2941} INFO - Sync 1 DAGs
[2023-12-03T23:51:02.874+0000] {logging_mixin.py:154} INFO - [2023-12-03T23:51:02.874+0000] {dag.py:3722} INFO - Setting next_dagrun for example_branch_labels to 2023-12-02T00:00:00+00:00, run_after=2023-12-03T00:00:00+00:00
[2023-12-03T23:51:02.895+0000] {processor.py:179} INFO - Processing /home/ubuntu/redfin/lib/python3.10/site-packages/airflow/example_dags/example_branch_labels.py took 0.076 seconds
[2023-12-03T23:51:48.482+0000] {processor.py:157} INFO - Started process (PID=7098) to work on /home/ubuntu/redfin/lib/python3.10/site-packages/airflow/example_dags/example_branch_labels.py
[2023-12-03T23:51:48.484+0000] {processor.py:829} INFO - Processing file /home/ubuntu/redfin/lib/python3.10/site-packages/airflow/example_dags/example_branch_labels.py for tasks to queue
[2023-12-03T23:51:48.485+0000] {logging_mixin.py:154} INFO - [2023-12-03T23:51:48.484+0000] {dagbag.py:536} INFO - Filling up the DagBag from /home/ubuntu/redfin/lib/python3.10/site-packages/airflow/example_dags/example_branch_labels.py
[2023-12-03T23:51:48.493+0000] {processor.py:839} INFO - DAG(s) dict_keys(['example_branch_labels']) retrieved from /home/ubuntu/redfin/lib/python3.10/site-packages/airflow/example_dags/example_branch_labels.py
[2023-12-03T23:51:48.513+0000] {logging_mixin.py:154} INFO - [2023-12-03T23:51:48.513+0000] {dag.py:2941} INFO - Sync 1 DAGs
[2023-12-03T23:51:48.536+0000] {logging_mixin.py:154} INFO - [2023-12-03T23:51:48.536+0000] {dag.py:3722} INFO - Setting next_dagrun for example_branch_labels to 2023-12-02T00:00:00+00:00, run_after=2023-12-03T00:00:00+00:00
[2023-12-03T23:51:48.558+0000] {processor.py:179} INFO - Processing /home/ubuntu/redfin/lib/python3.10/site-packages/airflow/example_dags/example_branch_labels.py took 0.080 seconds
[2023-12-03T23:52:40.899+0000] {processor.py:157} INFO - Started process (PID=7153) to work on /home/ubuntu/redfin/lib/python3.10/site-packages/airflow/example_dags/example_branch_labels.py
[2023-12-03T23:52:40.900+0000] {processor.py:829} INFO - Processing file /home/ubuntu/redfin/lib/python3.10/site-packages/airflow/example_dags/example_branch_labels.py for tasks to queue
[2023-12-03T23:52:40.901+0000] {logging_mixin.py:154} INFO - [2023-12-03T23:52:40.901+0000] {dagbag.py:536} INFO - Filling up the DagBag from /home/ubuntu/redfin/lib/python3.10/site-packages/airflow/example_dags/example_branch_labels.py
[2023-12-03T23:52:40.910+0000] {processor.py:839} INFO - DAG(s) dict_keys(['example_branch_labels']) retrieved from /home/ubuntu/redfin/lib/python3.10/site-packages/airflow/example_dags/example_branch_labels.py
[2023-12-03T23:52:40.930+0000] {logging_mixin.py:154} INFO - [2023-12-03T23:52:40.929+0000] {dag.py:2941} INFO - Sync 1 DAGs
[2023-12-03T23:52:40.953+0000] {logging_mixin.py:154} INFO - [2023-12-03T23:52:40.952+0000] {dag.py:3722} INFO - Setting next_dagrun for example_branch_labels to 2023-12-02T00:00:00+00:00, run_after=2023-12-03T00:00:00+00:00
[2023-12-03T23:52:40.975+0000] {processor.py:179} INFO - Processing /home/ubuntu/redfin/lib/python3.10/site-packages/airflow/example_dags/example_branch_labels.py took 0.080 seconds
[2023-12-03T23:53:29.905+0000] {processor.py:157} INFO - Started process (PID=7207) to work on /home/ubuntu/redfin/lib/python3.10/site-packages/airflow/example_dags/example_branch_labels.py
[2023-12-03T23:53:29.907+0000] {processor.py:829} INFO - Processing file /home/ubuntu/redfin/lib/python3.10/site-packages/airflow/example_dags/example_branch_labels.py for tasks to queue
[2023-12-03T23:53:29.908+0000] {logging_mixin.py:154} INFO - [2023-12-03T23:53:29.907+0000] {dagbag.py:536} INFO - Filling up the DagBag from /home/ubuntu/redfin/lib/python3.10/site-packages/airflow/example_dags/example_branch_labels.py
[2023-12-03T23:53:29.917+0000] {processor.py:839} INFO - DAG(s) dict_keys(['example_branch_labels']) retrieved from /home/ubuntu/redfin/lib/python3.10/site-packages/airflow/example_dags/example_branch_labels.py
[2023-12-03T23:53:29.937+0000] {logging_mixin.py:154} INFO - [2023-12-03T23:53:29.936+0000] {dag.py:2941} INFO - Sync 1 DAGs
[2023-12-03T23:53:29.960+0000] {logging_mixin.py:154} INFO - [2023-12-03T23:53:29.960+0000] {dag.py:3722} INFO - Setting next_dagrun for example_branch_labels to 2023-12-02T00:00:00+00:00, run_after=2023-12-03T00:00:00+00:00
[2023-12-03T23:53:29.983+0000] {processor.py:179} INFO - Processing /home/ubuntu/redfin/lib/python3.10/site-packages/airflow/example_dags/example_branch_labels.py took 0.081 seconds
[2023-12-03T23:54:18.094+0000] {processor.py:157} INFO - Started process (PID=7259) to work on /home/ubuntu/redfin/lib/python3.10/site-packages/airflow/example_dags/example_branch_labels.py
[2023-12-03T23:54:18.096+0000] {processor.py:829} INFO - Processing file /home/ubuntu/redfin/lib/python3.10/site-packages/airflow/example_dags/example_branch_labels.py for tasks to queue
[2023-12-03T23:54:18.097+0000] {logging_mixin.py:154} INFO - [2023-12-03T23:54:18.096+0000] {dagbag.py:536} INFO - Filling up the DagBag from /home/ubuntu/redfin/lib/python3.10/site-packages/airflow/example_dags/example_branch_labels.py
[2023-12-03T23:54:18.105+0000] {processor.py:839} INFO - DAG(s) dict_keys(['example_branch_labels']) retrieved from /home/ubuntu/redfin/lib/python3.10/site-packages/airflow/example_dags/example_branch_labels.py
[2023-12-03T23:54:18.125+0000] {logging_mixin.py:154} INFO - [2023-12-03T23:54:18.124+0000] {dag.py:2941} INFO - Sync 1 DAGs
[2023-12-03T23:54:18.147+0000] {logging_mixin.py:154} INFO - [2023-12-03T23:54:18.147+0000] {dag.py:3722} INFO - Setting next_dagrun for example_branch_labels to 2023-12-02T00:00:00+00:00, run_after=2023-12-03T00:00:00+00:00
[2023-12-03T23:54:18.169+0000] {processor.py:179} INFO - Processing /home/ubuntu/redfin/lib/python3.10/site-packages/airflow/example_dags/example_branch_labels.py took 0.079 seconds
[2023-12-03T23:55:05.228+0000] {processor.py:157} INFO - Started process (PID=7313) to work on /home/ubuntu/redfin/lib/python3.10/site-packages/airflow/example_dags/example_branch_labels.py
[2023-12-03T23:55:05.229+0000] {processor.py:829} INFO - Processing file /home/ubuntu/redfin/lib/python3.10/site-packages/airflow/example_dags/example_branch_labels.py for tasks to queue
[2023-12-03T23:55:05.230+0000] {logging_mixin.py:154} INFO - [2023-12-03T23:55:05.230+0000] {dagbag.py:536} INFO - Filling up the DagBag from /home/ubuntu/redfin/lib/python3.10/site-packages/airflow/example_dags/example_branch_labels.py
[2023-12-03T23:55:05.239+0000] {processor.py:839} INFO - DAG(s) dict_keys(['example_branch_labels']) retrieved from /home/ubuntu/redfin/lib/python3.10/site-packages/airflow/example_dags/example_branch_labels.py
[2023-12-03T23:55:05.259+0000] {logging_mixin.py:154} INFO - [2023-12-03T23:55:05.259+0000] {dag.py:2941} INFO - Sync 1 DAGs
[2023-12-03T23:55:05.282+0000] {logging_mixin.py:154} INFO - [2023-12-03T23:55:05.282+0000] {dag.py:3722} INFO - Setting next_dagrun for example_branch_labels to 2023-12-02T00:00:00+00:00, run_after=2023-12-03T00:00:00+00:00
[2023-12-03T23:55:05.304+0000] {processor.py:179} INFO - Processing /home/ubuntu/redfin/lib/python3.10/site-packages/airflow/example_dags/example_branch_labels.py took 0.079 seconds
[2023-12-03T23:55:52.259+0000] {processor.py:157} INFO - Started process (PID=7364) to work on /home/ubuntu/redfin/lib/python3.10/site-packages/airflow/example_dags/example_branch_labels.py
[2023-12-03T23:55:52.261+0000] {processor.py:829} INFO - Processing file /home/ubuntu/redfin/lib/python3.10/site-packages/airflow/example_dags/example_branch_labels.py for tasks to queue
[2023-12-03T23:55:52.262+0000] {logging_mixin.py:154} INFO - [2023-12-03T23:55:52.262+0000] {dagbag.py:536} INFO - Filling up the DagBag from /home/ubuntu/redfin/lib/python3.10/site-packages/airflow/example_dags/example_branch_labels.py
[2023-12-03T23:55:52.271+0000] {processor.py:839} INFO - DAG(s) dict_keys(['example_branch_labels']) retrieved from /home/ubuntu/redfin/lib/python3.10/site-packages/airflow/example_dags/example_branch_labels.py
[2023-12-03T23:55:52.292+0000] {logging_mixin.py:154} INFO - [2023-12-03T23:55:52.291+0000] {dag.py:2941} INFO - Sync 1 DAGs
[2023-12-03T23:55:52.314+0000] {logging_mixin.py:154} INFO - [2023-12-03T23:55:52.314+0000] {dag.py:3722} INFO - Setting next_dagrun for example_branch_labels to 2023-12-02T00:00:00+00:00, run_after=2023-12-03T00:00:00+00:00
[2023-12-03T23:55:52.337+0000] {processor.py:179} INFO - Processing /home/ubuntu/redfin/lib/python3.10/site-packages/airflow/example_dags/example_branch_labels.py took 0.081 seconds
[2023-12-03T23:56:41.929+0000] {processor.py:157} INFO - Started process (PID=7420) to work on /home/ubuntu/redfin/lib/python3.10/site-packages/airflow/example_dags/example_branch_labels.py
[2023-12-03T23:56:41.930+0000] {processor.py:829} INFO - Processing file /home/ubuntu/redfin/lib/python3.10/site-packages/airflow/example_dags/example_branch_labels.py for tasks to queue
[2023-12-03T23:56:41.931+0000] {logging_mixin.py:154} INFO - [2023-12-03T23:56:41.931+0000] {dagbag.py:536} INFO - Filling up the DagBag from /home/ubuntu/redfin/lib/python3.10/site-packages/airflow/example_dags/example_branch_labels.py
[2023-12-03T23:56:41.940+0000] {processor.py:839} INFO - DAG(s) dict_keys(['example_branch_labels']) retrieved from /home/ubuntu/redfin/lib/python3.10/site-packages/airflow/example_dags/example_branch_labels.py
[2023-12-03T23:56:41.960+0000] {logging_mixin.py:154} INFO - [2023-12-03T23:56:41.960+0000] {dag.py:2941} INFO - Sync 1 DAGs
[2023-12-03T23:56:41.983+0000] {logging_mixin.py:154} INFO - [2023-12-03T23:56:41.982+0000] {dag.py:3722} INFO - Setting next_dagrun for example_branch_labels to 2023-12-02T00:00:00+00:00, run_after=2023-12-03T00:00:00+00:00
[2023-12-03T23:56:42.006+0000] {processor.py:179} INFO - Processing /home/ubuntu/redfin/lib/python3.10/site-packages/airflow/example_dags/example_branch_labels.py took 0.081 seconds
[2023-12-03T23:57:29.153+0000] {processor.py:157} INFO - Started process (PID=7471) to work on /home/ubuntu/redfin/lib/python3.10/site-packages/airflow/example_dags/example_branch_labels.py
[2023-12-03T23:57:29.155+0000] {processor.py:829} INFO - Processing file /home/ubuntu/redfin/lib/python3.10/site-packages/airflow/example_dags/example_branch_labels.py for tasks to queue
[2023-12-03T23:57:29.156+0000] {logging_mixin.py:154} INFO - [2023-12-03T23:57:29.155+0000] {dagbag.py:536} INFO - Filling up the DagBag from /home/ubuntu/redfin/lib/python3.10/site-packages/airflow/example_dags/example_branch_labels.py
[2023-12-03T23:57:29.165+0000] {processor.py:839} INFO - DAG(s) dict_keys(['example_branch_labels']) retrieved from /home/ubuntu/redfin/lib/python3.10/site-packages/airflow/example_dags/example_branch_labels.py
[2023-12-03T23:57:29.186+0000] {logging_mixin.py:154} INFO - [2023-12-03T23:57:29.185+0000] {dag.py:2941} INFO - Sync 1 DAGs
[2023-12-03T23:57:29.210+0000] {logging_mixin.py:154} INFO - [2023-12-03T23:57:29.210+0000] {dag.py:3722} INFO - Setting next_dagrun for example_branch_labels to 2023-12-02T00:00:00+00:00, run_after=2023-12-03T00:00:00+00:00
[2023-12-03T23:57:29.234+0000] {processor.py:179} INFO - Processing /home/ubuntu/redfin/lib/python3.10/site-packages/airflow/example_dags/example_branch_labels.py took 0.084 seconds
[2023-12-03T23:58:25.660+0000] {processor.py:157} INFO - Started process (PID=7537) to work on /home/ubuntu/redfin/lib/python3.10/site-packages/airflow/example_dags/example_branch_labels.py
[2023-12-03T23:58:25.661+0000] {processor.py:829} INFO - Processing file /home/ubuntu/redfin/lib/python3.10/site-packages/airflow/example_dags/example_branch_labels.py for tasks to queue
[2023-12-03T23:58:25.662+0000] {logging_mixin.py:154} INFO - [2023-12-03T23:58:25.662+0000] {dagbag.py:536} INFO - Filling up the DagBag from /home/ubuntu/redfin/lib/python3.10/site-packages/airflow/example_dags/example_branch_labels.py
[2023-12-03T23:58:25.670+0000] {processor.py:839} INFO - DAG(s) dict_keys(['example_branch_labels']) retrieved from /home/ubuntu/redfin/lib/python3.10/site-packages/airflow/example_dags/example_branch_labels.py
[2023-12-03T23:58:25.690+0000] {logging_mixin.py:154} INFO - [2023-12-03T23:58:25.690+0000] {dag.py:2941} INFO - Sync 1 DAGs
[2023-12-03T23:58:25.713+0000] {logging_mixin.py:154} INFO - [2023-12-03T23:58:25.713+0000] {dag.py:3722} INFO - Setting next_dagrun for example_branch_labels to 2023-12-02T00:00:00+00:00, run_after=2023-12-03T00:00:00+00:00
[2023-12-03T23:58:25.735+0000] {processor.py:179} INFO - Processing /home/ubuntu/redfin/lib/python3.10/site-packages/airflow/example_dags/example_branch_labels.py took 0.079 seconds
[2023-12-03T23:59:13.377+0000] {processor.py:157} INFO - Started process (PID=7589) to work on /home/ubuntu/redfin/lib/python3.10/site-packages/airflow/example_dags/example_branch_labels.py
[2023-12-03T23:59:13.378+0000] {processor.py:829} INFO - Processing file /home/ubuntu/redfin/lib/python3.10/site-packages/airflow/example_dags/example_branch_labels.py for tasks to queue
[2023-12-03T23:59:13.379+0000] {logging_mixin.py:154} INFO - [2023-12-03T23:59:13.379+0000] {dagbag.py:536} INFO - Filling up the DagBag from /home/ubuntu/redfin/lib/python3.10/site-packages/airflow/example_dags/example_branch_labels.py
[2023-12-03T23:59:13.388+0000] {processor.py:839} INFO - DAG(s) dict_keys(['example_branch_labels']) retrieved from /home/ubuntu/redfin/lib/python3.10/site-packages/airflow/example_dags/example_branch_labels.py
[2023-12-03T23:59:13.407+0000] {logging_mixin.py:154} INFO - [2023-12-03T23:59:13.407+0000] {dag.py:2941} INFO - Sync 1 DAGs
[2023-12-03T23:59:13.430+0000] {logging_mixin.py:154} INFO - [2023-12-03T23:59:13.429+0000] {dag.py:3722} INFO - Setting next_dagrun for example_branch_labels to 2023-12-02T00:00:00+00:00, run_after=2023-12-03T00:00:00+00:00
[2023-12-03T23:59:13.452+0000] {processor.py:179} INFO - Processing /home/ubuntu/redfin/lib/python3.10/site-packages/airflow/example_dags/example_branch_labels.py took 0.079 seconds
[2023-12-03T23:59:58.968+0000] {processor.py:157} INFO - Started process (PID=7641) to work on /home/ubuntu/redfin/lib/python3.10/site-packages/airflow/example_dags/example_branch_labels.py
[2023-12-03T23:59:58.969+0000] {processor.py:829} INFO - Processing file /home/ubuntu/redfin/lib/python3.10/site-packages/airflow/example_dags/example_branch_labels.py for tasks to queue
[2023-12-03T23:59:58.970+0000] {logging_mixin.py:154} INFO - [2023-12-03T23:59:58.970+0000] {dagbag.py:536} INFO - Filling up the DagBag from /home/ubuntu/redfin/lib/python3.10/site-packages/airflow/example_dags/example_branch_labels.py
[2023-12-03T23:59:58.978+0000] {processor.py:839} INFO - DAG(s) dict_keys(['example_branch_labels']) retrieved from /home/ubuntu/redfin/lib/python3.10/site-packages/airflow/example_dags/example_branch_labels.py
[2023-12-03T23:59:58.998+0000] {logging_mixin.py:154} INFO - [2023-12-03T23:59:58.998+0000] {dag.py:2941} INFO - Sync 1 DAGs
[2023-12-03T23:59:59.020+0000] {logging_mixin.py:154} INFO - [2023-12-03T23:59:59.020+0000] {dag.py:3722} INFO - Setting next_dagrun for example_branch_labels to 2023-12-02T00:00:00+00:00, run_after=2023-12-03T00:00:00+00:00
[2023-12-03T23:59:59.043+0000] {processor.py:179} INFO - Processing /home/ubuntu/redfin/lib/python3.10/site-packages/airflow/example_dags/example_branch_labels.py took 0.079 seconds
