[2023-12-03T23:08:24.547+0000] {processor.py:157} INFO - Started process (PID=3782) to work on /home/ubuntu/redfin/lib/python3.10/site-packages/airflow/example_dags/example_branch_python_dop_operator_3.py
[2023-12-03T23:08:24.548+0000] {processor.py:829} INFO - Processing file /home/ubuntu/redfin/lib/python3.10/site-packages/airflow/example_dags/example_branch_python_dop_operator_3.py for tasks to queue
[2023-12-03T23:08:24.549+0000] {logging_mixin.py:154} INFO - [2023-12-03T23:08:24.549+0000] {dagbag.py:536} INFO - Filling up the DagBag from /home/ubuntu/redfin/lib/python3.10/site-packages/airflow/example_dags/example_branch_python_dop_operator_3.py
[2023-12-03T23:08:24.560+0000] {processor.py:839} INFO - DAG(s) dict_keys(['example_branch_dop_operator_v3']) retrieved from /home/ubuntu/redfin/lib/python3.10/site-packages/airflow/example_dags/example_branch_python_dop_operator_3.py
[2023-12-03T23:08:24.677+0000] {logging_mixin.py:154} INFO - [2023-12-03T23:08:24.677+0000] {manager.py:499} INFO - Created Permission View: %s
[2023-12-03T23:08:24.691+0000] {logging_mixin.py:154} INFO - [2023-12-03T23:08:24.691+0000] {manager.py:499} INFO - Created Permission View: %s
[2023-12-03T23:08:24.702+0000] {logging_mixin.py:154} INFO - [2023-12-03T23:08:24.701+0000] {manager.py:499} INFO - Created Permission View: %s
[2023-12-03T23:08:24.702+0000] {logging_mixin.py:154} INFO - [2023-12-03T23:08:24.702+0000] {dag.py:2941} INFO - Sync 1 DAGs
[2023-12-03T23:08:24.714+0000] {logging_mixin.py:154} INFO - [2023-12-03T23:08:24.714+0000] {dag.py:2963} INFO - Creating ORM DAG for example_branch_dop_operator_v3
[2023-12-03T23:08:24.729+0000] {logging_mixin.py:154} INFO - [2023-12-03T23:08:24.729+0000] {dag.py:3722} INFO - Setting next_dagrun for example_branch_dop_operator_v3 to 2023-12-03T23:07:00+00:00, run_after=2023-12-03T23:08:00+00:00
[2023-12-03T23:08:24.754+0000] {processor.py:179} INFO - Processing /home/ubuntu/redfin/lib/python3.10/site-packages/airflow/example_dags/example_branch_python_dop_operator_3.py took 0.210 seconds
[2023-12-03T23:09:19.109+0000] {processor.py:157} INFO - Started process (PID=3843) to work on /home/ubuntu/redfin/lib/python3.10/site-packages/airflow/example_dags/example_branch_python_dop_operator_3.py
[2023-12-03T23:09:19.111+0000] {processor.py:829} INFO - Processing file /home/ubuntu/redfin/lib/python3.10/site-packages/airflow/example_dags/example_branch_python_dop_operator_3.py for tasks to queue
[2023-12-03T23:09:19.112+0000] {logging_mixin.py:154} INFO - [2023-12-03T23:09:19.111+0000] {dagbag.py:536} INFO - Filling up the DagBag from /home/ubuntu/redfin/lib/python3.10/site-packages/airflow/example_dags/example_branch_python_dop_operator_3.py
[2023-12-03T23:09:19.122+0000] {processor.py:839} INFO - DAG(s) dict_keys(['example_branch_dop_operator_v3']) retrieved from /home/ubuntu/redfin/lib/python3.10/site-packages/airflow/example_dags/example_branch_python_dop_operator_3.py
[2023-12-03T23:09:19.141+0000] {logging_mixin.py:154} INFO - [2023-12-03T23:09:19.141+0000] {dag.py:2941} INFO - Sync 1 DAGs
[2023-12-03T23:09:19.168+0000] {logging_mixin.py:154} INFO - [2023-12-03T23:09:19.167+0000] {dag.py:3722} INFO - Setting next_dagrun for example_branch_dop_operator_v3 to 2023-12-03T23:08:00+00:00, run_after=2023-12-03T23:09:00+00:00
[2023-12-03T23:09:19.192+0000] {processor.py:179} INFO - Processing /home/ubuntu/redfin/lib/python3.10/site-packages/airflow/example_dags/example_branch_python_dop_operator_3.py took 0.086 seconds
[2023-12-03T23:10:06.199+0000] {processor.py:157} INFO - Started process (PID=3893) to work on /home/ubuntu/redfin/lib/python3.10/site-packages/airflow/example_dags/example_branch_python_dop_operator_3.py
[2023-12-03T23:10:06.200+0000] {processor.py:829} INFO - Processing file /home/ubuntu/redfin/lib/python3.10/site-packages/airflow/example_dags/example_branch_python_dop_operator_3.py for tasks to queue
[2023-12-03T23:10:06.201+0000] {logging_mixin.py:154} INFO - [2023-12-03T23:10:06.201+0000] {dagbag.py:536} INFO - Filling up the DagBag from /home/ubuntu/redfin/lib/python3.10/site-packages/airflow/example_dags/example_branch_python_dop_operator_3.py
[2023-12-03T23:10:06.212+0000] {processor.py:839} INFO - DAG(s) dict_keys(['example_branch_dop_operator_v3']) retrieved from /home/ubuntu/redfin/lib/python3.10/site-packages/airflow/example_dags/example_branch_python_dop_operator_3.py
[2023-12-03T23:10:06.230+0000] {logging_mixin.py:154} INFO - [2023-12-03T23:10:06.230+0000] {dag.py:2941} INFO - Sync 1 DAGs
[2023-12-03T23:10:06.257+0000] {logging_mixin.py:154} INFO - [2023-12-03T23:10:06.257+0000] {dag.py:3722} INFO - Setting next_dagrun for example_branch_dop_operator_v3 to 2023-12-03T23:09:00+00:00, run_after=2023-12-03T23:10:00+00:00
[2023-12-03T23:10:06.280+0000] {processor.py:179} INFO - Processing /home/ubuntu/redfin/lib/python3.10/site-packages/airflow/example_dags/example_branch_python_dop_operator_3.py took 0.085 seconds
[2023-12-03T23:10:52.426+0000] {processor.py:157} INFO - Started process (PID=3944) to work on /home/ubuntu/redfin/lib/python3.10/site-packages/airflow/example_dags/example_branch_python_dop_operator_3.py
[2023-12-03T23:10:52.427+0000] {processor.py:829} INFO - Processing file /home/ubuntu/redfin/lib/python3.10/site-packages/airflow/example_dags/example_branch_python_dop_operator_3.py for tasks to queue
[2023-12-03T23:10:52.428+0000] {logging_mixin.py:154} INFO - [2023-12-03T23:10:52.427+0000] {dagbag.py:536} INFO - Filling up the DagBag from /home/ubuntu/redfin/lib/python3.10/site-packages/airflow/example_dags/example_branch_python_dop_operator_3.py
[2023-12-03T23:10:52.438+0000] {processor.py:839} INFO - DAG(s) dict_keys(['example_branch_dop_operator_v3']) retrieved from /home/ubuntu/redfin/lib/python3.10/site-packages/airflow/example_dags/example_branch_python_dop_operator_3.py
[2023-12-03T23:10:52.456+0000] {logging_mixin.py:154} INFO - [2023-12-03T23:10:52.455+0000] {dag.py:2941} INFO - Sync 1 DAGs
[2023-12-03T23:10:52.481+0000] {logging_mixin.py:154} INFO - [2023-12-03T23:10:52.481+0000] {dag.py:3722} INFO - Setting next_dagrun for example_branch_dop_operator_v3 to 2023-12-03T23:09:00+00:00, run_after=2023-12-03T23:10:00+00:00
[2023-12-03T23:10:52.503+0000] {processor.py:179} INFO - Processing /home/ubuntu/redfin/lib/python3.10/site-packages/airflow/example_dags/example_branch_python_dop_operator_3.py took 0.081 seconds
[2023-12-03T23:11:39.758+0000] {processor.py:157} INFO - Started process (PID=3996) to work on /home/ubuntu/redfin/lib/python3.10/site-packages/airflow/example_dags/example_branch_python_dop_operator_3.py
[2023-12-03T23:11:39.760+0000] {processor.py:829} INFO - Processing file /home/ubuntu/redfin/lib/python3.10/site-packages/airflow/example_dags/example_branch_python_dop_operator_3.py for tasks to queue
[2023-12-03T23:11:39.761+0000] {logging_mixin.py:154} INFO - [2023-12-03T23:11:39.760+0000] {dagbag.py:536} INFO - Filling up the DagBag from /home/ubuntu/redfin/lib/python3.10/site-packages/airflow/example_dags/example_branch_python_dop_operator_3.py
[2023-12-03T23:11:39.772+0000] {processor.py:839} INFO - DAG(s) dict_keys(['example_branch_dop_operator_v3']) retrieved from /home/ubuntu/redfin/lib/python3.10/site-packages/airflow/example_dags/example_branch_python_dop_operator_3.py
[2023-12-03T23:11:39.791+0000] {logging_mixin.py:154} INFO - [2023-12-03T23:11:39.791+0000] {dag.py:2941} INFO - Sync 1 DAGs
[2023-12-03T23:11:39.819+0000] {logging_mixin.py:154} INFO - [2023-12-03T23:11:39.819+0000] {dag.py:3722} INFO - Setting next_dagrun for example_branch_dop_operator_v3 to 2023-12-03T23:10:00+00:00, run_after=2023-12-03T23:11:00+00:00
[2023-12-03T23:11:39.844+0000] {processor.py:179} INFO - Processing /home/ubuntu/redfin/lib/python3.10/site-packages/airflow/example_dags/example_branch_python_dop_operator_3.py took 0.090 seconds
[2023-12-03T23:12:25.589+0000] {processor.py:157} INFO - Started process (PID=4045) to work on /home/ubuntu/redfin/lib/python3.10/site-packages/airflow/example_dags/example_branch_python_dop_operator_3.py
[2023-12-03T23:12:25.590+0000] {processor.py:829} INFO - Processing file /home/ubuntu/redfin/lib/python3.10/site-packages/airflow/example_dags/example_branch_python_dop_operator_3.py for tasks to queue
[2023-12-03T23:12:25.591+0000] {logging_mixin.py:154} INFO - [2023-12-03T23:12:25.590+0000] {dagbag.py:536} INFO - Filling up the DagBag from /home/ubuntu/redfin/lib/python3.10/site-packages/airflow/example_dags/example_branch_python_dop_operator_3.py
[2023-12-03T23:12:25.601+0000] {processor.py:839} INFO - DAG(s) dict_keys(['example_branch_dop_operator_v3']) retrieved from /home/ubuntu/redfin/lib/python3.10/site-packages/airflow/example_dags/example_branch_python_dop_operator_3.py
[2023-12-03T23:12:25.619+0000] {logging_mixin.py:154} INFO - [2023-12-03T23:12:25.619+0000] {dag.py:2941} INFO - Sync 1 DAGs
[2023-12-03T23:12:25.644+0000] {logging_mixin.py:154} INFO - [2023-12-03T23:12:25.644+0000] {dag.py:3722} INFO - Setting next_dagrun for example_branch_dop_operator_v3 to 2023-12-03T23:11:00+00:00, run_after=2023-12-03T23:12:00+00:00
[2023-12-03T23:12:25.667+0000] {processor.py:179} INFO - Processing /home/ubuntu/redfin/lib/python3.10/site-packages/airflow/example_dags/example_branch_python_dop_operator_3.py took 0.082 seconds
[2023-12-03T23:13:12.131+0000] {processor.py:157} INFO - Started process (PID=4095) to work on /home/ubuntu/redfin/lib/python3.10/site-packages/airflow/example_dags/example_branch_python_dop_operator_3.py
[2023-12-03T23:13:12.132+0000] {processor.py:829} INFO - Processing file /home/ubuntu/redfin/lib/python3.10/site-packages/airflow/example_dags/example_branch_python_dop_operator_3.py for tasks to queue
[2023-12-03T23:13:12.133+0000] {logging_mixin.py:154} INFO - [2023-12-03T23:13:12.133+0000] {dagbag.py:536} INFO - Filling up the DagBag from /home/ubuntu/redfin/lib/python3.10/site-packages/airflow/example_dags/example_branch_python_dop_operator_3.py
[2023-12-03T23:13:12.144+0000] {processor.py:839} INFO - DAG(s) dict_keys(['example_branch_dop_operator_v3']) retrieved from /home/ubuntu/redfin/lib/python3.10/site-packages/airflow/example_dags/example_branch_python_dop_operator_3.py
[2023-12-03T23:13:12.163+0000] {logging_mixin.py:154} INFO - [2023-12-03T23:13:12.163+0000] {dag.py:2941} INFO - Sync 1 DAGs
[2023-12-03T23:13:12.190+0000] {logging_mixin.py:154} INFO - [2023-12-03T23:13:12.190+0000] {dag.py:3722} INFO - Setting next_dagrun for example_branch_dop_operator_v3 to 2023-12-03T23:12:00+00:00, run_after=2023-12-03T23:13:00+00:00
[2023-12-03T23:13:12.214+0000] {processor.py:179} INFO - Processing /home/ubuntu/redfin/lib/python3.10/site-packages/airflow/example_dags/example_branch_python_dop_operator_3.py took 0.088 seconds
[2023-12-03T23:13:56.522+0000] {processor.py:157} INFO - Started process (PID=4145) to work on /home/ubuntu/redfin/lib/python3.10/site-packages/airflow/example_dags/example_branch_python_dop_operator_3.py
[2023-12-03T23:13:56.524+0000] {processor.py:829} INFO - Processing file /home/ubuntu/redfin/lib/python3.10/site-packages/airflow/example_dags/example_branch_python_dop_operator_3.py for tasks to queue
[2023-12-03T23:13:56.525+0000] {logging_mixin.py:154} INFO - [2023-12-03T23:13:56.524+0000] {dagbag.py:536} INFO - Filling up the DagBag from /home/ubuntu/redfin/lib/python3.10/site-packages/airflow/example_dags/example_branch_python_dop_operator_3.py
[2023-12-03T23:13:56.535+0000] {processor.py:839} INFO - DAG(s) dict_keys(['example_branch_dop_operator_v3']) retrieved from /home/ubuntu/redfin/lib/python3.10/site-packages/airflow/example_dags/example_branch_python_dop_operator_3.py
[2023-12-03T23:13:56.554+0000] {logging_mixin.py:154} INFO - [2023-12-03T23:13:56.553+0000] {dag.py:2941} INFO - Sync 1 DAGs
[2023-12-03T23:13:56.580+0000] {logging_mixin.py:154} INFO - [2023-12-03T23:13:56.580+0000] {dag.py:3722} INFO - Setting next_dagrun for example_branch_dop_operator_v3 to 2023-12-03T23:12:00+00:00, run_after=2023-12-03T23:13:00+00:00
[2023-12-03T23:13:56.604+0000] {processor.py:179} INFO - Processing /home/ubuntu/redfin/lib/python3.10/site-packages/airflow/example_dags/example_branch_python_dop_operator_3.py took 0.085 seconds
[2023-12-03T23:14:45.129+0000] {processor.py:157} INFO - Started process (PID=4200) to work on /home/ubuntu/redfin/lib/python3.10/site-packages/airflow/example_dags/example_branch_python_dop_operator_3.py
[2023-12-03T23:14:45.130+0000] {processor.py:829} INFO - Processing file /home/ubuntu/redfin/lib/python3.10/site-packages/airflow/example_dags/example_branch_python_dop_operator_3.py for tasks to queue
[2023-12-03T23:14:45.131+0000] {logging_mixin.py:154} INFO - [2023-12-03T23:14:45.131+0000] {dagbag.py:536} INFO - Filling up the DagBag from /home/ubuntu/redfin/lib/python3.10/site-packages/airflow/example_dags/example_branch_python_dop_operator_3.py
[2023-12-03T23:14:45.142+0000] {processor.py:839} INFO - DAG(s) dict_keys(['example_branch_dop_operator_v3']) retrieved from /home/ubuntu/redfin/lib/python3.10/site-packages/airflow/example_dags/example_branch_python_dop_operator_3.py
[2023-12-03T23:14:45.161+0000] {logging_mixin.py:154} INFO - [2023-12-03T23:14:45.160+0000] {dag.py:2941} INFO - Sync 1 DAGs
[2023-12-03T23:14:45.188+0000] {logging_mixin.py:154} INFO - [2023-12-03T23:14:45.187+0000] {dag.py:3722} INFO - Setting next_dagrun for example_branch_dop_operator_v3 to 2023-12-03T23:13:00+00:00, run_after=2023-12-03T23:14:00+00:00
[2023-12-03T23:14:45.211+0000] {processor.py:179} INFO - Processing /home/ubuntu/redfin/lib/python3.10/site-packages/airflow/example_dags/example_branch_python_dop_operator_3.py took 0.086 seconds
[2023-12-03T23:15:35.301+0000] {processor.py:157} INFO - Started process (PID=4253) to work on /home/ubuntu/redfin/lib/python3.10/site-packages/airflow/example_dags/example_branch_python_dop_operator_3.py
[2023-12-03T23:15:35.302+0000] {processor.py:829} INFO - Processing file /home/ubuntu/redfin/lib/python3.10/site-packages/airflow/example_dags/example_branch_python_dop_operator_3.py for tasks to queue
[2023-12-03T23:15:35.303+0000] {logging_mixin.py:154} INFO - [2023-12-03T23:15:35.303+0000] {dagbag.py:536} INFO - Filling up the DagBag from /home/ubuntu/redfin/lib/python3.10/site-packages/airflow/example_dags/example_branch_python_dop_operator_3.py
[2023-12-03T23:15:35.313+0000] {processor.py:839} INFO - DAG(s) dict_keys(['example_branch_dop_operator_v3']) retrieved from /home/ubuntu/redfin/lib/python3.10/site-packages/airflow/example_dags/example_branch_python_dop_operator_3.py
[2023-12-03T23:15:35.330+0000] {logging_mixin.py:154} INFO - [2023-12-03T23:15:35.330+0000] {dag.py:2941} INFO - Sync 1 DAGs
[2023-12-03T23:15:35.355+0000] {logging_mixin.py:154} INFO - [2023-12-03T23:15:35.355+0000] {dag.py:3722} INFO - Setting next_dagrun for example_branch_dop_operator_v3 to 2023-12-03T23:14:00+00:00, run_after=2023-12-03T23:15:00+00:00
[2023-12-03T23:15:35.382+0000] {processor.py:179} INFO - Processing /home/ubuntu/redfin/lib/python3.10/site-packages/airflow/example_dags/example_branch_python_dop_operator_3.py took 0.084 seconds
[2023-12-03T23:16:23.507+0000] {processor.py:157} INFO - Started process (PID=4307) to work on /home/ubuntu/redfin/lib/python3.10/site-packages/airflow/example_dags/example_branch_python_dop_operator_3.py
[2023-12-03T23:16:23.509+0000] {processor.py:829} INFO - Processing file /home/ubuntu/redfin/lib/python3.10/site-packages/airflow/example_dags/example_branch_python_dop_operator_3.py for tasks to queue
[2023-12-03T23:16:23.510+0000] {logging_mixin.py:154} INFO - [2023-12-03T23:16:23.509+0000] {dagbag.py:536} INFO - Filling up the DagBag from /home/ubuntu/redfin/lib/python3.10/site-packages/airflow/example_dags/example_branch_python_dop_operator_3.py
[2023-12-03T23:16:23.520+0000] {processor.py:839} INFO - DAG(s) dict_keys(['example_branch_dop_operator_v3']) retrieved from /home/ubuntu/redfin/lib/python3.10/site-packages/airflow/example_dags/example_branch_python_dop_operator_3.py
[2023-12-03T23:16:23.539+0000] {logging_mixin.py:154} INFO - [2023-12-03T23:16:23.539+0000] {dag.py:2941} INFO - Sync 1 DAGs
[2023-12-03T23:16:23.565+0000] {logging_mixin.py:154} INFO - [2023-12-03T23:16:23.565+0000] {dag.py:3722} INFO - Setting next_dagrun for example_branch_dop_operator_v3 to 2023-12-03T23:15:00+00:00, run_after=2023-12-03T23:16:00+00:00
[2023-12-03T23:16:23.589+0000] {processor.py:179} INFO - Processing /home/ubuntu/redfin/lib/python3.10/site-packages/airflow/example_dags/example_branch_python_dop_operator_3.py took 0.085 seconds
[2023-12-03T23:17:10.833+0000] {processor.py:157} INFO - Started process (PID=4361) to work on /home/ubuntu/redfin/lib/python3.10/site-packages/airflow/example_dags/example_branch_python_dop_operator_3.py
[2023-12-03T23:17:10.835+0000] {processor.py:829} INFO - Processing file /home/ubuntu/redfin/lib/python3.10/site-packages/airflow/example_dags/example_branch_python_dop_operator_3.py for tasks to queue
[2023-12-03T23:17:10.836+0000] {logging_mixin.py:154} INFO - [2023-12-03T23:17:10.835+0000] {dagbag.py:536} INFO - Filling up the DagBag from /home/ubuntu/redfin/lib/python3.10/site-packages/airflow/example_dags/example_branch_python_dop_operator_3.py
[2023-12-03T23:17:10.847+0000] {processor.py:839} INFO - DAG(s) dict_keys(['example_branch_dop_operator_v3']) retrieved from /home/ubuntu/redfin/lib/python3.10/site-packages/airflow/example_dags/example_branch_python_dop_operator_3.py
[2023-12-03T23:17:10.866+0000] {logging_mixin.py:154} INFO - [2023-12-03T23:17:10.866+0000] {dag.py:2941} INFO - Sync 1 DAGs
[2023-12-03T23:17:10.894+0000] {logging_mixin.py:154} INFO - [2023-12-03T23:17:10.894+0000] {dag.py:3722} INFO - Setting next_dagrun for example_branch_dop_operator_v3 to 2023-12-03T23:16:00+00:00, run_after=2023-12-03T23:17:00+00:00
[2023-12-03T23:17:10.918+0000] {processor.py:179} INFO - Processing /home/ubuntu/redfin/lib/python3.10/site-packages/airflow/example_dags/example_branch_python_dop_operator_3.py took 0.088 seconds
[2023-12-03T23:17:55.743+0000] {processor.py:157} INFO - Started process (PID=4411) to work on /home/ubuntu/redfin/lib/python3.10/site-packages/airflow/example_dags/example_branch_python_dop_operator_3.py
[2023-12-03T23:17:55.744+0000] {processor.py:829} INFO - Processing file /home/ubuntu/redfin/lib/python3.10/site-packages/airflow/example_dags/example_branch_python_dop_operator_3.py for tasks to queue
[2023-12-03T23:17:55.745+0000] {logging_mixin.py:154} INFO - [2023-12-03T23:17:55.744+0000] {dagbag.py:536} INFO - Filling up the DagBag from /home/ubuntu/redfin/lib/python3.10/site-packages/airflow/example_dags/example_branch_python_dop_operator_3.py
[2023-12-03T23:17:55.755+0000] {processor.py:839} INFO - DAG(s) dict_keys(['example_branch_dop_operator_v3']) retrieved from /home/ubuntu/redfin/lib/python3.10/site-packages/airflow/example_dags/example_branch_python_dop_operator_3.py
[2023-12-03T23:17:55.774+0000] {logging_mixin.py:154} INFO - [2023-12-03T23:17:55.774+0000] {dag.py:2941} INFO - Sync 1 DAGs
[2023-12-03T23:17:55.802+0000] {logging_mixin.py:154} INFO - [2023-12-03T23:17:55.802+0000] {dag.py:3722} INFO - Setting next_dagrun for example_branch_dop_operator_v3 to 2023-12-03T23:16:00+00:00, run_after=2023-12-03T23:17:00+00:00
[2023-12-03T23:17:55.824+0000] {processor.py:179} INFO - Processing /home/ubuntu/redfin/lib/python3.10/site-packages/airflow/example_dags/example_branch_python_dop_operator_3.py took 0.086 seconds
[2023-12-03T23:18:41.048+0000] {processor.py:157} INFO - Started process (PID=4464) to work on /home/ubuntu/redfin/lib/python3.10/site-packages/airflow/example_dags/example_branch_python_dop_operator_3.py
[2023-12-03T23:18:41.050+0000] {processor.py:829} INFO - Processing file /home/ubuntu/redfin/lib/python3.10/site-packages/airflow/example_dags/example_branch_python_dop_operator_3.py for tasks to queue
[2023-12-03T23:18:41.051+0000] {logging_mixin.py:154} INFO - [2023-12-03T23:18:41.050+0000] {dagbag.py:536} INFO - Filling up the DagBag from /home/ubuntu/redfin/lib/python3.10/site-packages/airflow/example_dags/example_branch_python_dop_operator_3.py
[2023-12-03T23:18:41.061+0000] {processor.py:839} INFO - DAG(s) dict_keys(['example_branch_dop_operator_v3']) retrieved from /home/ubuntu/redfin/lib/python3.10/site-packages/airflow/example_dags/example_branch_python_dop_operator_3.py
[2023-12-03T23:18:41.079+0000] {logging_mixin.py:154} INFO - [2023-12-03T23:18:41.079+0000] {dag.py:2941} INFO - Sync 1 DAGs
[2023-12-03T23:18:41.105+0000] {logging_mixin.py:154} INFO - [2023-12-03T23:18:41.105+0000] {dag.py:3722} INFO - Setting next_dagrun for example_branch_dop_operator_v3 to 2023-12-03T23:17:00+00:00, run_after=2023-12-03T23:18:00+00:00
[2023-12-03T23:18:41.127+0000] {processor.py:179} INFO - Processing /home/ubuntu/redfin/lib/python3.10/site-packages/airflow/example_dags/example_branch_python_dop_operator_3.py took 0.082 seconds
[2023-12-03T23:19:26.239+0000] {processor.py:157} INFO - Started process (PID=4514) to work on /home/ubuntu/redfin/lib/python3.10/site-packages/airflow/example_dags/example_branch_python_dop_operator_3.py
[2023-12-03T23:19:26.241+0000] {processor.py:829} INFO - Processing file /home/ubuntu/redfin/lib/python3.10/site-packages/airflow/example_dags/example_branch_python_dop_operator_3.py for tasks to queue
[2023-12-03T23:19:26.242+0000] {logging_mixin.py:154} INFO - [2023-12-03T23:19:26.241+0000] {dagbag.py:536} INFO - Filling up the DagBag from /home/ubuntu/redfin/lib/python3.10/site-packages/airflow/example_dags/example_branch_python_dop_operator_3.py
[2023-12-03T23:19:26.252+0000] {processor.py:839} INFO - DAG(s) dict_keys(['example_branch_dop_operator_v3']) retrieved from /home/ubuntu/redfin/lib/python3.10/site-packages/airflow/example_dags/example_branch_python_dop_operator_3.py
[2023-12-03T23:19:26.271+0000] {logging_mixin.py:154} INFO - [2023-12-03T23:19:26.270+0000] {dag.py:2941} INFO - Sync 1 DAGs
[2023-12-03T23:19:26.297+0000] {logging_mixin.py:154} INFO - [2023-12-03T23:19:26.296+0000] {dag.py:3722} INFO - Setting next_dagrun for example_branch_dop_operator_v3 to 2023-12-03T23:18:00+00:00, run_after=2023-12-03T23:19:00+00:00
[2023-12-03T23:19:26.320+0000] {processor.py:179} INFO - Processing /home/ubuntu/redfin/lib/python3.10/site-packages/airflow/example_dags/example_branch_python_dop_operator_3.py took 0.085 seconds
[2023-12-03T23:20:10.049+0000] {processor.py:157} INFO - Started process (PID=4563) to work on /home/ubuntu/redfin/lib/python3.10/site-packages/airflow/example_dags/example_branch_python_dop_operator_3.py
[2023-12-03T23:20:10.051+0000] {processor.py:829} INFO - Processing file /home/ubuntu/redfin/lib/python3.10/site-packages/airflow/example_dags/example_branch_python_dop_operator_3.py for tasks to queue
[2023-12-03T23:20:10.052+0000] {logging_mixin.py:154} INFO - [2023-12-03T23:20:10.051+0000] {dagbag.py:536} INFO - Filling up the DagBag from /home/ubuntu/redfin/lib/python3.10/site-packages/airflow/example_dags/example_branch_python_dop_operator_3.py
[2023-12-03T23:20:10.062+0000] {processor.py:839} INFO - DAG(s) dict_keys(['example_branch_dop_operator_v3']) retrieved from /home/ubuntu/redfin/lib/python3.10/site-packages/airflow/example_dags/example_branch_python_dop_operator_3.py
[2023-12-03T23:20:10.081+0000] {logging_mixin.py:154} INFO - [2023-12-03T23:20:10.081+0000] {dag.py:2941} INFO - Sync 1 DAGs
[2023-12-03T23:20:10.108+0000] {logging_mixin.py:154} INFO - [2023-12-03T23:20:10.108+0000] {dag.py:3722} INFO - Setting next_dagrun for example_branch_dop_operator_v3 to 2023-12-03T23:19:00+00:00, run_after=2023-12-03T23:20:00+00:00
[2023-12-03T23:20:10.130+0000] {processor.py:179} INFO - Processing /home/ubuntu/redfin/lib/python3.10/site-packages/airflow/example_dags/example_branch_python_dop_operator_3.py took 0.084 seconds
[2023-12-03T23:20:54.024+0000] {processor.py:157} INFO - Started process (PID=4612) to work on /home/ubuntu/redfin/lib/python3.10/site-packages/airflow/example_dags/example_branch_python_dop_operator_3.py
[2023-12-03T23:20:54.026+0000] {processor.py:829} INFO - Processing file /home/ubuntu/redfin/lib/python3.10/site-packages/airflow/example_dags/example_branch_python_dop_operator_3.py for tasks to queue
[2023-12-03T23:20:54.026+0000] {logging_mixin.py:154} INFO - [2023-12-03T23:20:54.026+0000] {dagbag.py:536} INFO - Filling up the DagBag from /home/ubuntu/redfin/lib/python3.10/site-packages/airflow/example_dags/example_branch_python_dop_operator_3.py
[2023-12-03T23:20:54.037+0000] {processor.py:839} INFO - DAG(s) dict_keys(['example_branch_dop_operator_v3']) retrieved from /home/ubuntu/redfin/lib/python3.10/site-packages/airflow/example_dags/example_branch_python_dop_operator_3.py
[2023-12-03T23:20:54.055+0000] {logging_mixin.py:154} INFO - [2023-12-03T23:20:54.055+0000] {dag.py:2941} INFO - Sync 1 DAGs
[2023-12-03T23:20:54.082+0000] {logging_mixin.py:154} INFO - [2023-12-03T23:20:54.082+0000] {dag.py:3722} INFO - Setting next_dagrun for example_branch_dop_operator_v3 to 2023-12-03T23:19:00+00:00, run_after=2023-12-03T23:20:00+00:00
[2023-12-03T23:20:54.106+0000] {processor.py:179} INFO - Processing /home/ubuntu/redfin/lib/python3.10/site-packages/airflow/example_dags/example_branch_python_dop_operator_3.py took 0.085 seconds
[2023-12-03T23:21:43.949+0000] {processor.py:157} INFO - Started process (PID=4665) to work on /home/ubuntu/redfin/lib/python3.10/site-packages/airflow/example_dags/example_branch_python_dop_operator_3.py
[2023-12-03T23:21:43.950+0000] {processor.py:829} INFO - Processing file /home/ubuntu/redfin/lib/python3.10/site-packages/airflow/example_dags/example_branch_python_dop_operator_3.py for tasks to queue
[2023-12-03T23:21:43.951+0000] {logging_mixin.py:154} INFO - [2023-12-03T23:21:43.951+0000] {dagbag.py:536} INFO - Filling up the DagBag from /home/ubuntu/redfin/lib/python3.10/site-packages/airflow/example_dags/example_branch_python_dop_operator_3.py
[2023-12-03T23:21:43.962+0000] {processor.py:839} INFO - DAG(s) dict_keys(['example_branch_dop_operator_v3']) retrieved from /home/ubuntu/redfin/lib/python3.10/site-packages/airflow/example_dags/example_branch_python_dop_operator_3.py
[2023-12-03T23:21:43.979+0000] {logging_mixin.py:154} INFO - [2023-12-03T23:21:43.979+0000] {dag.py:2941} INFO - Sync 1 DAGs
[2023-12-03T23:21:44.005+0000] {logging_mixin.py:154} INFO - [2023-12-03T23:21:44.005+0000] {dag.py:3722} INFO - Setting next_dagrun for example_branch_dop_operator_v3 to 2023-12-03T23:20:00+00:00, run_after=2023-12-03T23:21:00+00:00
[2023-12-03T23:21:44.027+0000] {processor.py:179} INFO - Processing /home/ubuntu/redfin/lib/python3.10/site-packages/airflow/example_dags/example_branch_python_dop_operator_3.py took 0.082 seconds
[2023-12-03T23:22:33.801+0000] {processor.py:157} INFO - Started process (PID=4722) to work on /home/ubuntu/redfin/lib/python3.10/site-packages/airflow/example_dags/example_branch_python_dop_operator_3.py
[2023-12-03T23:22:33.803+0000] {processor.py:829} INFO - Processing file /home/ubuntu/redfin/lib/python3.10/site-packages/airflow/example_dags/example_branch_python_dop_operator_3.py for tasks to queue
[2023-12-03T23:22:33.804+0000] {logging_mixin.py:154} INFO - [2023-12-03T23:22:33.804+0000] {dagbag.py:536} INFO - Filling up the DagBag from /home/ubuntu/redfin/lib/python3.10/site-packages/airflow/example_dags/example_branch_python_dop_operator_3.py
[2023-12-03T23:22:33.814+0000] {processor.py:839} INFO - DAG(s) dict_keys(['example_branch_dop_operator_v3']) retrieved from /home/ubuntu/redfin/lib/python3.10/site-packages/airflow/example_dags/example_branch_python_dop_operator_3.py
[2023-12-03T23:22:33.832+0000] {logging_mixin.py:154} INFO - [2023-12-03T23:22:33.832+0000] {dag.py:2941} INFO - Sync 1 DAGs
[2023-12-03T23:22:33.858+0000] {logging_mixin.py:154} INFO - [2023-12-03T23:22:33.858+0000] {dag.py:3722} INFO - Setting next_dagrun for example_branch_dop_operator_v3 to 2023-12-03T23:21:00+00:00, run_after=2023-12-03T23:22:00+00:00
[2023-12-03T23:22:33.882+0000] {processor.py:179} INFO - Processing /home/ubuntu/redfin/lib/python3.10/site-packages/airflow/example_dags/example_branch_python_dop_operator_3.py took 0.084 seconds
[2023-12-03T23:23:19.516+0000] {processor.py:157} INFO - Started process (PID=4771) to work on /home/ubuntu/redfin/lib/python3.10/site-packages/airflow/example_dags/example_branch_python_dop_operator_3.py
[2023-12-03T23:23:19.517+0000] {processor.py:829} INFO - Processing file /home/ubuntu/redfin/lib/python3.10/site-packages/airflow/example_dags/example_branch_python_dop_operator_3.py for tasks to queue
[2023-12-03T23:23:19.518+0000] {logging_mixin.py:154} INFO - [2023-12-03T23:23:19.518+0000] {dagbag.py:536} INFO - Filling up the DagBag from /home/ubuntu/redfin/lib/python3.10/site-packages/airflow/example_dags/example_branch_python_dop_operator_3.py
[2023-12-03T23:23:19.529+0000] {processor.py:839} INFO - DAG(s) dict_keys(['example_branch_dop_operator_v3']) retrieved from /home/ubuntu/redfin/lib/python3.10/site-packages/airflow/example_dags/example_branch_python_dop_operator_3.py
[2023-12-03T23:23:19.548+0000] {logging_mixin.py:154} INFO - [2023-12-03T23:23:19.548+0000] {dag.py:2941} INFO - Sync 1 DAGs
[2023-12-03T23:23:19.574+0000] {logging_mixin.py:154} INFO - [2023-12-03T23:23:19.574+0000] {dag.py:3722} INFO - Setting next_dagrun for example_branch_dop_operator_v3 to 2023-12-03T23:22:00+00:00, run_after=2023-12-03T23:23:00+00:00
[2023-12-03T23:23:19.599+0000] {processor.py:179} INFO - Processing /home/ubuntu/redfin/lib/python3.10/site-packages/airflow/example_dags/example_branch_python_dop_operator_3.py took 0.087 seconds
[2023-12-03T23:24:07.334+0000] {processor.py:157} INFO - Started process (PID=4822) to work on /home/ubuntu/redfin/lib/python3.10/site-packages/airflow/example_dags/example_branch_python_dop_operator_3.py
[2023-12-03T23:24:07.335+0000] {processor.py:829} INFO - Processing file /home/ubuntu/redfin/lib/python3.10/site-packages/airflow/example_dags/example_branch_python_dop_operator_3.py for tasks to queue
[2023-12-03T23:24:07.336+0000] {logging_mixin.py:154} INFO - [2023-12-03T23:24:07.335+0000] {dagbag.py:536} INFO - Filling up the DagBag from /home/ubuntu/redfin/lib/python3.10/site-packages/airflow/example_dags/example_branch_python_dop_operator_3.py
[2023-12-03T23:24:07.346+0000] {processor.py:839} INFO - DAG(s) dict_keys(['example_branch_dop_operator_v3']) retrieved from /home/ubuntu/redfin/lib/python3.10/site-packages/airflow/example_dags/example_branch_python_dop_operator_3.py
[2023-12-03T23:24:07.364+0000] {logging_mixin.py:154} INFO - [2023-12-03T23:24:07.364+0000] {dag.py:2941} INFO - Sync 1 DAGs
[2023-12-03T23:24:07.389+0000] {logging_mixin.py:154} INFO - [2023-12-03T23:24:07.389+0000] {dag.py:3722} INFO - Setting next_dagrun for example_branch_dop_operator_v3 to 2023-12-03T23:23:00+00:00, run_after=2023-12-03T23:24:00+00:00
[2023-12-03T23:24:07.413+0000] {processor.py:179} INFO - Processing /home/ubuntu/redfin/lib/python3.10/site-packages/airflow/example_dags/example_branch_python_dop_operator_3.py took 0.083 seconds
[2023-12-03T23:24:53.332+0000] {processor.py:157} INFO - Started process (PID=4875) to work on /home/ubuntu/redfin/lib/python3.10/site-packages/airflow/example_dags/example_branch_python_dop_operator_3.py
[2023-12-03T23:24:53.333+0000] {processor.py:829} INFO - Processing file /home/ubuntu/redfin/lib/python3.10/site-packages/airflow/example_dags/example_branch_python_dop_operator_3.py for tasks to queue
[2023-12-03T23:24:53.334+0000] {logging_mixin.py:154} INFO - [2023-12-03T23:24:53.334+0000] {dagbag.py:536} INFO - Filling up the DagBag from /home/ubuntu/redfin/lib/python3.10/site-packages/airflow/example_dags/example_branch_python_dop_operator_3.py
[2023-12-03T23:24:53.344+0000] {processor.py:839} INFO - DAG(s) dict_keys(['example_branch_dop_operator_v3']) retrieved from /home/ubuntu/redfin/lib/python3.10/site-packages/airflow/example_dags/example_branch_python_dop_operator_3.py
[2023-12-03T23:24:53.362+0000] {logging_mixin.py:154} INFO - [2023-12-03T23:24:53.361+0000] {dag.py:2941} INFO - Sync 1 DAGs
[2023-12-03T23:24:53.387+0000] {logging_mixin.py:154} INFO - [2023-12-03T23:24:53.386+0000] {dag.py:3722} INFO - Setting next_dagrun for example_branch_dop_operator_v3 to 2023-12-03T23:23:00+00:00, run_after=2023-12-03T23:24:00+00:00
[2023-12-03T23:24:53.409+0000] {processor.py:179} INFO - Processing /home/ubuntu/redfin/lib/python3.10/site-packages/airflow/example_dags/example_branch_python_dop_operator_3.py took 0.080 seconds
[2023-12-03T23:25:43.774+0000] {processor.py:157} INFO - Started process (PID=4929) to work on /home/ubuntu/redfin/lib/python3.10/site-packages/airflow/example_dags/example_branch_python_dop_operator_3.py
[2023-12-03T23:25:43.776+0000] {processor.py:829} INFO - Processing file /home/ubuntu/redfin/lib/python3.10/site-packages/airflow/example_dags/example_branch_python_dop_operator_3.py for tasks to queue
[2023-12-03T23:25:43.777+0000] {logging_mixin.py:154} INFO - [2023-12-03T23:25:43.776+0000] {dagbag.py:536} INFO - Filling up the DagBag from /home/ubuntu/redfin/lib/python3.10/site-packages/airflow/example_dags/example_branch_python_dop_operator_3.py
[2023-12-03T23:25:43.787+0000] {processor.py:839} INFO - DAG(s) dict_keys(['example_branch_dop_operator_v3']) retrieved from /home/ubuntu/redfin/lib/python3.10/site-packages/airflow/example_dags/example_branch_python_dop_operator_3.py
[2023-12-03T23:25:43.805+0000] {logging_mixin.py:154} INFO - [2023-12-03T23:25:43.805+0000] {dag.py:2941} INFO - Sync 1 DAGs
[2023-12-03T23:25:43.831+0000] {logging_mixin.py:154} INFO - [2023-12-03T23:25:43.830+0000] {dag.py:3722} INFO - Setting next_dagrun for example_branch_dop_operator_v3 to 2023-12-03T23:24:00+00:00, run_after=2023-12-03T23:25:00+00:00
[2023-12-03T23:25:43.854+0000] {processor.py:179} INFO - Processing /home/ubuntu/redfin/lib/python3.10/site-packages/airflow/example_dags/example_branch_python_dop_operator_3.py took 0.083 seconds
[2023-12-03T23:26:30.905+0000] {processor.py:157} INFO - Started process (PID=4979) to work on /home/ubuntu/redfin/lib/python3.10/site-packages/airflow/example_dags/example_branch_python_dop_operator_3.py
[2023-12-03T23:26:30.907+0000] {processor.py:829} INFO - Processing file /home/ubuntu/redfin/lib/python3.10/site-packages/airflow/example_dags/example_branch_python_dop_operator_3.py for tasks to queue
[2023-12-03T23:26:30.908+0000] {logging_mixin.py:154} INFO - [2023-12-03T23:26:30.907+0000] {dagbag.py:536} INFO - Filling up the DagBag from /home/ubuntu/redfin/lib/python3.10/site-packages/airflow/example_dags/example_branch_python_dop_operator_3.py
[2023-12-03T23:26:30.918+0000] {processor.py:839} INFO - DAG(s) dict_keys(['example_branch_dop_operator_v3']) retrieved from /home/ubuntu/redfin/lib/python3.10/site-packages/airflow/example_dags/example_branch_python_dop_operator_3.py
[2023-12-03T23:26:30.937+0000] {logging_mixin.py:154} INFO - [2023-12-03T23:26:30.937+0000] {dag.py:2941} INFO - Sync 1 DAGs
[2023-12-03T23:26:30.964+0000] {logging_mixin.py:154} INFO - [2023-12-03T23:26:30.964+0000] {dag.py:3722} INFO - Setting next_dagrun for example_branch_dop_operator_v3 to 2023-12-03T23:25:00+00:00, run_after=2023-12-03T23:26:00+00:00
[2023-12-03T23:26:30.989+0000] {processor.py:179} INFO - Processing /home/ubuntu/redfin/lib/python3.10/site-packages/airflow/example_dags/example_branch_python_dop_operator_3.py took 0.088 seconds
[2023-12-03T23:27:13.701+0000] {processor.py:157} INFO - Started process (PID=5028) to work on /home/ubuntu/redfin/lib/python3.10/site-packages/airflow/example_dags/example_branch_python_dop_operator_3.py
[2023-12-03T23:27:13.703+0000] {processor.py:829} INFO - Processing file /home/ubuntu/redfin/lib/python3.10/site-packages/airflow/example_dags/example_branch_python_dop_operator_3.py for tasks to queue
[2023-12-03T23:27:13.704+0000] {logging_mixin.py:154} INFO - [2023-12-03T23:27:13.703+0000] {dagbag.py:536} INFO - Filling up the DagBag from /home/ubuntu/redfin/lib/python3.10/site-packages/airflow/example_dags/example_branch_python_dop_operator_3.py
[2023-12-03T23:27:13.714+0000] {processor.py:839} INFO - DAG(s) dict_keys(['example_branch_dop_operator_v3']) retrieved from /home/ubuntu/redfin/lib/python3.10/site-packages/airflow/example_dags/example_branch_python_dop_operator_3.py
[2023-12-03T23:27:13.732+0000] {logging_mixin.py:154} INFO - [2023-12-03T23:27:13.731+0000] {dag.py:2941} INFO - Sync 1 DAGs
[2023-12-03T23:27:13.758+0000] {logging_mixin.py:154} INFO - [2023-12-03T23:27:13.757+0000] {dag.py:3722} INFO - Setting next_dagrun for example_branch_dop_operator_v3 to 2023-12-03T23:26:00+00:00, run_after=2023-12-03T23:27:00+00:00
[2023-12-03T23:27:13.780+0000] {processor.py:179} INFO - Processing /home/ubuntu/redfin/lib/python3.10/site-packages/airflow/example_dags/example_branch_python_dop_operator_3.py took 0.082 seconds
[2023-12-03T23:28:10.282+0000] {processor.py:157} INFO - Started process (PID=5093) to work on /home/ubuntu/redfin/lib/python3.10/site-packages/airflow/example_dags/example_branch_python_dop_operator_3.py
[2023-12-03T23:28:10.283+0000] {processor.py:829} INFO - Processing file /home/ubuntu/redfin/lib/python3.10/site-packages/airflow/example_dags/example_branch_python_dop_operator_3.py for tasks to queue
[2023-12-03T23:28:10.284+0000] {logging_mixin.py:154} INFO - [2023-12-03T23:28:10.284+0000] {dagbag.py:536} INFO - Filling up the DagBag from /home/ubuntu/redfin/lib/python3.10/site-packages/airflow/example_dags/example_branch_python_dop_operator_3.py
[2023-12-03T23:28:10.294+0000] {processor.py:839} INFO - DAG(s) dict_keys(['example_branch_dop_operator_v3']) retrieved from /home/ubuntu/redfin/lib/python3.10/site-packages/airflow/example_dags/example_branch_python_dop_operator_3.py
[2023-12-03T23:28:10.312+0000] {logging_mixin.py:154} INFO - [2023-12-03T23:28:10.312+0000] {dag.py:2941} INFO - Sync 1 DAGs
[2023-12-03T23:28:10.338+0000] {logging_mixin.py:154} INFO - [2023-12-03T23:28:10.338+0000] {dag.py:3722} INFO - Setting next_dagrun for example_branch_dop_operator_v3 to 2023-12-03T23:27:00+00:00, run_after=2023-12-03T23:28:00+00:00
[2023-12-03T23:28:10.363+0000] {processor.py:179} INFO - Processing /home/ubuntu/redfin/lib/python3.10/site-packages/airflow/example_dags/example_branch_python_dop_operator_3.py took 0.084 seconds
[2023-12-03T23:28:58.275+0000] {processor.py:157} INFO - Started process (PID=5144) to work on /home/ubuntu/redfin/lib/python3.10/site-packages/airflow/example_dags/example_branch_python_dop_operator_3.py
[2023-12-03T23:28:58.277+0000] {processor.py:829} INFO - Processing file /home/ubuntu/redfin/lib/python3.10/site-packages/airflow/example_dags/example_branch_python_dop_operator_3.py for tasks to queue
[2023-12-03T23:28:58.278+0000] {logging_mixin.py:154} INFO - [2023-12-03T23:28:58.277+0000] {dagbag.py:536} INFO - Filling up the DagBag from /home/ubuntu/redfin/lib/python3.10/site-packages/airflow/example_dags/example_branch_python_dop_operator_3.py
[2023-12-03T23:28:58.287+0000] {processor.py:839} INFO - DAG(s) dict_keys(['example_branch_dop_operator_v3']) retrieved from /home/ubuntu/redfin/lib/python3.10/site-packages/airflow/example_dags/example_branch_python_dop_operator_3.py
[2023-12-03T23:28:58.306+0000] {logging_mixin.py:154} INFO - [2023-12-03T23:28:58.305+0000] {dag.py:2941} INFO - Sync 1 DAGs
[2023-12-03T23:28:58.332+0000] {logging_mixin.py:154} INFO - [2023-12-03T23:28:58.332+0000] {dag.py:3722} INFO - Setting next_dagrun for example_branch_dop_operator_v3 to 2023-12-03T23:27:00+00:00, run_after=2023-12-03T23:28:00+00:00
[2023-12-03T23:28:58.355+0000] {processor.py:179} INFO - Processing /home/ubuntu/redfin/lib/python3.10/site-packages/airflow/example_dags/example_branch_python_dop_operator_3.py took 0.084 seconds
[2023-12-03T23:29:46.512+0000] {processor.py:157} INFO - Started process (PID=5197) to work on /home/ubuntu/redfin/lib/python3.10/site-packages/airflow/example_dags/example_branch_python_dop_operator_3.py
[2023-12-03T23:29:46.513+0000] {processor.py:829} INFO - Processing file /home/ubuntu/redfin/lib/python3.10/site-packages/airflow/example_dags/example_branch_python_dop_operator_3.py for tasks to queue
[2023-12-03T23:29:46.514+0000] {logging_mixin.py:154} INFO - [2023-12-03T23:29:46.514+0000] {dagbag.py:536} INFO - Filling up the DagBag from /home/ubuntu/redfin/lib/python3.10/site-packages/airflow/example_dags/example_branch_python_dop_operator_3.py
[2023-12-03T23:29:46.524+0000] {processor.py:839} INFO - DAG(s) dict_keys(['example_branch_dop_operator_v3']) retrieved from /home/ubuntu/redfin/lib/python3.10/site-packages/airflow/example_dags/example_branch_python_dop_operator_3.py
[2023-12-03T23:29:46.542+0000] {logging_mixin.py:154} INFO - [2023-12-03T23:29:46.542+0000] {dag.py:2941} INFO - Sync 1 DAGs
[2023-12-03T23:29:46.568+0000] {logging_mixin.py:154} INFO - [2023-12-03T23:29:46.568+0000] {dag.py:3722} INFO - Setting next_dagrun for example_branch_dop_operator_v3 to 2023-12-03T23:28:00+00:00, run_after=2023-12-03T23:29:00+00:00
[2023-12-03T23:29:46.590+0000] {processor.py:179} INFO - Processing /home/ubuntu/redfin/lib/python3.10/site-packages/airflow/example_dags/example_branch_python_dop_operator_3.py took 0.083 seconds
[2023-12-03T23:30:34.906+0000] {processor.py:157} INFO - Started process (PID=5251) to work on /home/ubuntu/redfin/lib/python3.10/site-packages/airflow/example_dags/example_branch_python_dop_operator_3.py
[2023-12-03T23:30:34.908+0000] {processor.py:829} INFO - Processing file /home/ubuntu/redfin/lib/python3.10/site-packages/airflow/example_dags/example_branch_python_dop_operator_3.py for tasks to queue
[2023-12-03T23:30:34.909+0000] {logging_mixin.py:154} INFO - [2023-12-03T23:30:34.908+0000] {dagbag.py:536} INFO - Filling up the DagBag from /home/ubuntu/redfin/lib/python3.10/site-packages/airflow/example_dags/example_branch_python_dop_operator_3.py
[2023-12-03T23:30:34.919+0000] {processor.py:839} INFO - DAG(s) dict_keys(['example_branch_dop_operator_v3']) retrieved from /home/ubuntu/redfin/lib/python3.10/site-packages/airflow/example_dags/example_branch_python_dop_operator_3.py
[2023-12-03T23:30:34.937+0000] {logging_mixin.py:154} INFO - [2023-12-03T23:30:34.937+0000] {dag.py:2941} INFO - Sync 1 DAGs
[2023-12-03T23:30:34.965+0000] {logging_mixin.py:154} INFO - [2023-12-03T23:30:34.964+0000] {dag.py:3722} INFO - Setting next_dagrun for example_branch_dop_operator_v3 to 2023-12-03T23:29:00+00:00, run_after=2023-12-03T23:30:00+00:00
[2023-12-03T23:30:34.988+0000] {processor.py:179} INFO - Processing /home/ubuntu/redfin/lib/python3.10/site-packages/airflow/example_dags/example_branch_python_dop_operator_3.py took 0.085 seconds
[2023-12-03T23:31:20.140+0000] {processor.py:157} INFO - Started process (PID=5300) to work on /home/ubuntu/redfin/lib/python3.10/site-packages/airflow/example_dags/example_branch_python_dop_operator_3.py
[2023-12-03T23:31:20.141+0000] {processor.py:829} INFO - Processing file /home/ubuntu/redfin/lib/python3.10/site-packages/airflow/example_dags/example_branch_python_dop_operator_3.py for tasks to queue
[2023-12-03T23:31:20.142+0000] {logging_mixin.py:154} INFO - [2023-12-03T23:31:20.142+0000] {dagbag.py:536} INFO - Filling up the DagBag from /home/ubuntu/redfin/lib/python3.10/site-packages/airflow/example_dags/example_branch_python_dop_operator_3.py
[2023-12-03T23:31:20.152+0000] {processor.py:839} INFO - DAG(s) dict_keys(['example_branch_dop_operator_v3']) retrieved from /home/ubuntu/redfin/lib/python3.10/site-packages/airflow/example_dags/example_branch_python_dop_operator_3.py
[2023-12-03T23:31:20.171+0000] {logging_mixin.py:154} INFO - [2023-12-03T23:31:20.171+0000] {dag.py:2941} INFO - Sync 1 DAGs
[2023-12-03T23:31:20.198+0000] {logging_mixin.py:154} INFO - [2023-12-03T23:31:20.198+0000] {dag.py:3722} INFO - Setting next_dagrun for example_branch_dop_operator_v3 to 2023-12-03T23:30:00+00:00, run_after=2023-12-03T23:31:00+00:00
[2023-12-03T23:31:20.224+0000] {processor.py:179} INFO - Processing /home/ubuntu/redfin/lib/python3.10/site-packages/airflow/example_dags/example_branch_python_dop_operator_3.py took 0.088 seconds
[2023-12-03T23:32:08.261+0000] {processor.py:157} INFO - Started process (PID=5352) to work on /home/ubuntu/redfin/lib/python3.10/site-packages/airflow/example_dags/example_branch_python_dop_operator_3.py
[2023-12-03T23:32:08.263+0000] {processor.py:829} INFO - Processing file /home/ubuntu/redfin/lib/python3.10/site-packages/airflow/example_dags/example_branch_python_dop_operator_3.py for tasks to queue
[2023-12-03T23:32:08.264+0000] {logging_mixin.py:154} INFO - [2023-12-03T23:32:08.263+0000] {dagbag.py:536} INFO - Filling up the DagBag from /home/ubuntu/redfin/lib/python3.10/site-packages/airflow/example_dags/example_branch_python_dop_operator_3.py
[2023-12-03T23:32:08.273+0000] {processor.py:839} INFO - DAG(s) dict_keys(['example_branch_dop_operator_v3']) retrieved from /home/ubuntu/redfin/lib/python3.10/site-packages/airflow/example_dags/example_branch_python_dop_operator_3.py
[2023-12-03T23:32:08.292+0000] {logging_mixin.py:154} INFO - [2023-12-03T23:32:08.292+0000] {dag.py:2941} INFO - Sync 1 DAGs
[2023-12-03T23:32:08.318+0000] {logging_mixin.py:154} INFO - [2023-12-03T23:32:08.318+0000] {dag.py:3722} INFO - Setting next_dagrun for example_branch_dop_operator_v3 to 2023-12-03T23:31:00+00:00, run_after=2023-12-03T23:32:00+00:00
[2023-12-03T23:32:08.341+0000] {processor.py:179} INFO - Processing /home/ubuntu/redfin/lib/python3.10/site-packages/airflow/example_dags/example_branch_python_dop_operator_3.py took 0.083 seconds
[2023-12-03T23:32:51.299+0000] {processor.py:157} INFO - Started process (PID=5401) to work on /home/ubuntu/redfin/lib/python3.10/site-packages/airflow/example_dags/example_branch_python_dop_operator_3.py
[2023-12-03T23:32:51.301+0000] {processor.py:829} INFO - Processing file /home/ubuntu/redfin/lib/python3.10/site-packages/airflow/example_dags/example_branch_python_dop_operator_3.py for tasks to queue
[2023-12-03T23:32:51.302+0000] {logging_mixin.py:154} INFO - [2023-12-03T23:32:51.301+0000] {dagbag.py:536} INFO - Filling up the DagBag from /home/ubuntu/redfin/lib/python3.10/site-packages/airflow/example_dags/example_branch_python_dop_operator_3.py
[2023-12-03T23:32:51.312+0000] {processor.py:839} INFO - DAG(s) dict_keys(['example_branch_dop_operator_v3']) retrieved from /home/ubuntu/redfin/lib/python3.10/site-packages/airflow/example_dags/example_branch_python_dop_operator_3.py
[2023-12-03T23:32:51.330+0000] {logging_mixin.py:154} INFO - [2023-12-03T23:32:51.330+0000] {dag.py:2941} INFO - Sync 1 DAGs
[2023-12-03T23:32:51.356+0000] {logging_mixin.py:154} INFO - [2023-12-03T23:32:51.356+0000] {dag.py:3722} INFO - Setting next_dagrun for example_branch_dop_operator_v3 to 2023-12-03T23:31:00+00:00, run_after=2023-12-03T23:32:00+00:00
[2023-12-03T23:32:51.378+0000] {processor.py:179} INFO - Processing /home/ubuntu/redfin/lib/python3.10/site-packages/airflow/example_dags/example_branch_python_dop_operator_3.py took 0.082 seconds
[2023-12-03T23:33:37.806+0000] {processor.py:157} INFO - Started process (PID=5450) to work on /home/ubuntu/redfin/lib/python3.10/site-packages/airflow/example_dags/example_branch_python_dop_operator_3.py
[2023-12-03T23:33:37.807+0000] {processor.py:829} INFO - Processing file /home/ubuntu/redfin/lib/python3.10/site-packages/airflow/example_dags/example_branch_python_dop_operator_3.py for tasks to queue
[2023-12-03T23:33:37.808+0000] {logging_mixin.py:154} INFO - [2023-12-03T23:33:37.808+0000] {dagbag.py:536} INFO - Filling up the DagBag from /home/ubuntu/redfin/lib/python3.10/site-packages/airflow/example_dags/example_branch_python_dop_operator_3.py
[2023-12-03T23:33:37.818+0000] {processor.py:839} INFO - DAG(s) dict_keys(['example_branch_dop_operator_v3']) retrieved from /home/ubuntu/redfin/lib/python3.10/site-packages/airflow/example_dags/example_branch_python_dop_operator_3.py
[2023-12-03T23:33:37.836+0000] {logging_mixin.py:154} INFO - [2023-12-03T23:33:37.836+0000] {dag.py:2941} INFO - Sync 1 DAGs
[2023-12-03T23:33:37.862+0000] {logging_mixin.py:154} INFO - [2023-12-03T23:33:37.862+0000] {dag.py:3722} INFO - Setting next_dagrun for example_branch_dop_operator_v3 to 2023-12-03T23:32:00+00:00, run_after=2023-12-03T23:33:00+00:00
[2023-12-03T23:33:37.886+0000] {processor.py:179} INFO - Processing /home/ubuntu/redfin/lib/python3.10/site-packages/airflow/example_dags/example_branch_python_dop_operator_3.py took 0.084 seconds
[2023-12-03T23:34:23.781+0000] {processor.py:157} INFO - Started process (PID=5503) to work on /home/ubuntu/redfin/lib/python3.10/site-packages/airflow/example_dags/example_branch_python_dop_operator_3.py
[2023-12-03T23:34:23.782+0000] {processor.py:829} INFO - Processing file /home/ubuntu/redfin/lib/python3.10/site-packages/airflow/example_dags/example_branch_python_dop_operator_3.py for tasks to queue
[2023-12-03T23:34:23.783+0000] {logging_mixin.py:154} INFO - [2023-12-03T23:34:23.783+0000] {dagbag.py:536} INFO - Filling up the DagBag from /home/ubuntu/redfin/lib/python3.10/site-packages/airflow/example_dags/example_branch_python_dop_operator_3.py
[2023-12-03T23:34:23.793+0000] {processor.py:839} INFO - DAG(s) dict_keys(['example_branch_dop_operator_v3']) retrieved from /home/ubuntu/redfin/lib/python3.10/site-packages/airflow/example_dags/example_branch_python_dop_operator_3.py
[2023-12-03T23:34:23.812+0000] {logging_mixin.py:154} INFO - [2023-12-03T23:34:23.812+0000] {dag.py:2941} INFO - Sync 1 DAGs
[2023-12-03T23:34:23.838+0000] {logging_mixin.py:154} INFO - [2023-12-03T23:34:23.838+0000] {dag.py:3722} INFO - Setting next_dagrun for example_branch_dop_operator_v3 to 2023-12-03T23:33:00+00:00, run_after=2023-12-03T23:34:00+00:00
[2023-12-03T23:34:23.862+0000] {processor.py:179} INFO - Processing /home/ubuntu/redfin/lib/python3.10/site-packages/airflow/example_dags/example_branch_python_dop_operator_3.py took 0.085 seconds
[2023-12-03T23:35:13.736+0000] {processor.py:157} INFO - Started process (PID=5555) to work on /home/ubuntu/redfin/lib/python3.10/site-packages/airflow/example_dags/example_branch_python_dop_operator_3.py
[2023-12-03T23:35:13.737+0000] {processor.py:829} INFO - Processing file /home/ubuntu/redfin/lib/python3.10/site-packages/airflow/example_dags/example_branch_python_dop_operator_3.py for tasks to queue
[2023-12-03T23:35:13.738+0000] {logging_mixin.py:154} INFO - [2023-12-03T23:35:13.738+0000] {dagbag.py:536} INFO - Filling up the DagBag from /home/ubuntu/redfin/lib/python3.10/site-packages/airflow/example_dags/example_branch_python_dop_operator_3.py
[2023-12-03T23:35:13.748+0000] {processor.py:839} INFO - DAG(s) dict_keys(['example_branch_dop_operator_v3']) retrieved from /home/ubuntu/redfin/lib/python3.10/site-packages/airflow/example_dags/example_branch_python_dop_operator_3.py
[2023-12-03T23:35:13.767+0000] {logging_mixin.py:154} INFO - [2023-12-03T23:35:13.767+0000] {dag.py:2941} INFO - Sync 1 DAGs
[2023-12-03T23:35:13.795+0000] {logging_mixin.py:154} INFO - [2023-12-03T23:35:13.794+0000] {dag.py:3722} INFO - Setting next_dagrun for example_branch_dop_operator_v3 to 2023-12-03T23:34:00+00:00, run_after=2023-12-03T23:35:00+00:00
[2023-12-03T23:35:13.820+0000] {processor.py:179} INFO - Processing /home/ubuntu/redfin/lib/python3.10/site-packages/airflow/example_dags/example_branch_python_dop_operator_3.py took 0.088 seconds
[2023-12-03T23:36:02.279+0000] {processor.py:157} INFO - Started process (PID=5610) to work on /home/ubuntu/redfin/lib/python3.10/site-packages/airflow/example_dags/example_branch_python_dop_operator_3.py
[2023-12-03T23:36:02.280+0000] {processor.py:829} INFO - Processing file /home/ubuntu/redfin/lib/python3.10/site-packages/airflow/example_dags/example_branch_python_dop_operator_3.py for tasks to queue
[2023-12-03T23:36:02.281+0000] {logging_mixin.py:154} INFO - [2023-12-03T23:36:02.280+0000] {dagbag.py:536} INFO - Filling up the DagBag from /home/ubuntu/redfin/lib/python3.10/site-packages/airflow/example_dags/example_branch_python_dop_operator_3.py
[2023-12-03T23:36:02.291+0000] {processor.py:839} INFO - DAG(s) dict_keys(['example_branch_dop_operator_v3']) retrieved from /home/ubuntu/redfin/lib/python3.10/site-packages/airflow/example_dags/example_branch_python_dop_operator_3.py
[2023-12-03T23:36:02.311+0000] {logging_mixin.py:154} INFO - [2023-12-03T23:36:02.310+0000] {dag.py:2941} INFO - Sync 1 DAGs
[2023-12-03T23:36:02.338+0000] {logging_mixin.py:154} INFO - [2023-12-03T23:36:02.338+0000] {dag.py:3722} INFO - Setting next_dagrun for example_branch_dop_operator_v3 to 2023-12-03T23:35:00+00:00, run_after=2023-12-03T23:36:00+00:00
[2023-12-03T23:36:02.361+0000] {processor.py:179} INFO - Processing /home/ubuntu/redfin/lib/python3.10/site-packages/airflow/example_dags/example_branch_python_dop_operator_3.py took 0.086 seconds
[2023-12-03T23:36:53.826+0000] {processor.py:157} INFO - Started process (PID=5665) to work on /home/ubuntu/redfin/lib/python3.10/site-packages/airflow/example_dags/example_branch_python_dop_operator_3.py
[2023-12-03T23:36:53.827+0000] {processor.py:829} INFO - Processing file /home/ubuntu/redfin/lib/python3.10/site-packages/airflow/example_dags/example_branch_python_dop_operator_3.py for tasks to queue
[2023-12-03T23:36:53.828+0000] {logging_mixin.py:154} INFO - [2023-12-03T23:36:53.827+0000] {dagbag.py:536} INFO - Filling up the DagBag from /home/ubuntu/redfin/lib/python3.10/site-packages/airflow/example_dags/example_branch_python_dop_operator_3.py
[2023-12-03T23:36:53.838+0000] {processor.py:839} INFO - DAG(s) dict_keys(['example_branch_dop_operator_v3']) retrieved from /home/ubuntu/redfin/lib/python3.10/site-packages/airflow/example_dags/example_branch_python_dop_operator_3.py
[2023-12-03T23:36:53.858+0000] {logging_mixin.py:154} INFO - [2023-12-03T23:36:53.858+0000] {dag.py:2941} INFO - Sync 1 DAGs
[2023-12-03T23:36:53.886+0000] {logging_mixin.py:154} INFO - [2023-12-03T23:36:53.886+0000] {dag.py:3722} INFO - Setting next_dagrun for example_branch_dop_operator_v3 to 2023-12-03T23:35:00+00:00, run_after=2023-12-03T23:36:00+00:00
[2023-12-03T23:36:53.911+0000] {processor.py:179} INFO - Processing /home/ubuntu/redfin/lib/python3.10/site-packages/airflow/example_dags/example_branch_python_dop_operator_3.py took 0.089 seconds
[2023-12-03T23:37:41.501+0000] {processor.py:157} INFO - Started process (PID=5719) to work on /home/ubuntu/redfin/lib/python3.10/site-packages/airflow/example_dags/example_branch_python_dop_operator_3.py
[2023-12-03T23:37:41.502+0000] {processor.py:829} INFO - Processing file /home/ubuntu/redfin/lib/python3.10/site-packages/airflow/example_dags/example_branch_python_dop_operator_3.py for tasks to queue
[2023-12-03T23:37:41.503+0000] {logging_mixin.py:154} INFO - [2023-12-03T23:37:41.503+0000] {dagbag.py:536} INFO - Filling up the DagBag from /home/ubuntu/redfin/lib/python3.10/site-packages/airflow/example_dags/example_branch_python_dop_operator_3.py
[2023-12-03T23:37:41.513+0000] {processor.py:839} INFO - DAG(s) dict_keys(['example_branch_dop_operator_v3']) retrieved from /home/ubuntu/redfin/lib/python3.10/site-packages/airflow/example_dags/example_branch_python_dop_operator_3.py
[2023-12-03T23:37:41.532+0000] {logging_mixin.py:154} INFO - [2023-12-03T23:37:41.532+0000] {dag.py:2941} INFO - Sync 1 DAGs
[2023-12-03T23:37:41.559+0000] {logging_mixin.py:154} INFO - [2023-12-03T23:37:41.559+0000] {dag.py:3722} INFO - Setting next_dagrun for example_branch_dop_operator_v3 to 2023-12-03T23:36:00+00:00, run_after=2023-12-03T23:37:00+00:00
[2023-12-03T23:37:41.582+0000] {processor.py:179} INFO - Processing /home/ubuntu/redfin/lib/python3.10/site-packages/airflow/example_dags/example_branch_python_dop_operator_3.py took 0.085 seconds
[2023-12-03T23:38:27.345+0000] {processor.py:157} INFO - Started process (PID=5768) to work on /home/ubuntu/redfin/lib/python3.10/site-packages/airflow/example_dags/example_branch_python_dop_operator_3.py
[2023-12-03T23:38:27.346+0000] {processor.py:829} INFO - Processing file /home/ubuntu/redfin/lib/python3.10/site-packages/airflow/example_dags/example_branch_python_dop_operator_3.py for tasks to queue
[2023-12-03T23:38:27.347+0000] {logging_mixin.py:154} INFO - [2023-12-03T23:38:27.347+0000] {dagbag.py:536} INFO - Filling up the DagBag from /home/ubuntu/redfin/lib/python3.10/site-packages/airflow/example_dags/example_branch_python_dop_operator_3.py
[2023-12-03T23:38:27.357+0000] {processor.py:839} INFO - DAG(s) dict_keys(['example_branch_dop_operator_v3']) retrieved from /home/ubuntu/redfin/lib/python3.10/site-packages/airflow/example_dags/example_branch_python_dop_operator_3.py
[2023-12-03T23:38:27.375+0000] {logging_mixin.py:154} INFO - [2023-12-03T23:38:27.375+0000] {dag.py:2941} INFO - Sync 1 DAGs
[2023-12-03T23:38:27.402+0000] {logging_mixin.py:154} INFO - [2023-12-03T23:38:27.402+0000] {dag.py:3722} INFO - Setting next_dagrun for example_branch_dop_operator_v3 to 2023-12-03T23:37:00+00:00, run_after=2023-12-03T23:38:00+00:00
[2023-12-03T23:38:27.425+0000] {processor.py:179} INFO - Processing /home/ubuntu/redfin/lib/python3.10/site-packages/airflow/example_dags/example_branch_python_dop_operator_3.py took 0.083 seconds
[2023-12-03T23:39:14.699+0000] {processor.py:157} INFO - Started process (PID=5819) to work on /home/ubuntu/redfin/lib/python3.10/site-packages/airflow/example_dags/example_branch_python_dop_operator_3.py
[2023-12-03T23:39:14.701+0000] {processor.py:829} INFO - Processing file /home/ubuntu/redfin/lib/python3.10/site-packages/airflow/example_dags/example_branch_python_dop_operator_3.py for tasks to queue
[2023-12-03T23:39:14.701+0000] {logging_mixin.py:154} INFO - [2023-12-03T23:39:14.701+0000] {dagbag.py:536} INFO - Filling up the DagBag from /home/ubuntu/redfin/lib/python3.10/site-packages/airflow/example_dags/example_branch_python_dop_operator_3.py
[2023-12-03T23:39:14.712+0000] {processor.py:839} INFO - DAG(s) dict_keys(['example_branch_dop_operator_v3']) retrieved from /home/ubuntu/redfin/lib/python3.10/site-packages/airflow/example_dags/example_branch_python_dop_operator_3.py
[2023-12-03T23:39:14.730+0000] {logging_mixin.py:154} INFO - [2023-12-03T23:39:14.730+0000] {dag.py:2941} INFO - Sync 1 DAGs
[2023-12-03T23:39:14.756+0000] {logging_mixin.py:154} INFO - [2023-12-03T23:39:14.756+0000] {dag.py:3722} INFO - Setting next_dagrun for example_branch_dop_operator_v3 to 2023-12-03T23:38:00+00:00, run_after=2023-12-03T23:39:00+00:00
[2023-12-03T23:39:14.779+0000] {processor.py:179} INFO - Processing /home/ubuntu/redfin/lib/python3.10/site-packages/airflow/example_dags/example_branch_python_dop_operator_3.py took 0.083 seconds
[2023-12-03T23:40:00.120+0000] {processor.py:157} INFO - Started process (PID=5869) to work on /home/ubuntu/redfin/lib/python3.10/site-packages/airflow/example_dags/example_branch_python_dop_operator_3.py
[2023-12-03T23:40:00.122+0000] {processor.py:829} INFO - Processing file /home/ubuntu/redfin/lib/python3.10/site-packages/airflow/example_dags/example_branch_python_dop_operator_3.py for tasks to queue
[2023-12-03T23:40:00.123+0000] {logging_mixin.py:154} INFO - [2023-12-03T23:40:00.122+0000] {dagbag.py:536} INFO - Filling up the DagBag from /home/ubuntu/redfin/lib/python3.10/site-packages/airflow/example_dags/example_branch_python_dop_operator_3.py
[2023-12-03T23:40:00.133+0000] {processor.py:839} INFO - DAG(s) dict_keys(['example_branch_dop_operator_v3']) retrieved from /home/ubuntu/redfin/lib/python3.10/site-packages/airflow/example_dags/example_branch_python_dop_operator_3.py
[2023-12-03T23:40:00.152+0000] {logging_mixin.py:154} INFO - [2023-12-03T23:40:00.152+0000] {dag.py:2941} INFO - Sync 1 DAGs
[2023-12-03T23:40:00.178+0000] {logging_mixin.py:154} INFO - [2023-12-03T23:40:00.178+0000] {dag.py:3722} INFO - Setting next_dagrun for example_branch_dop_operator_v3 to 2023-12-03T23:39:00+00:00, run_after=2023-12-03T23:40:00+00:00
[2023-12-03T23:40:00.201+0000] {processor.py:179} INFO - Processing /home/ubuntu/redfin/lib/python3.10/site-packages/airflow/example_dags/example_branch_python_dop_operator_3.py took 0.085 seconds
[2023-12-03T23:40:49.177+0000] {processor.py:157} INFO - Started process (PID=5921) to work on /home/ubuntu/redfin/lib/python3.10/site-packages/airflow/example_dags/example_branch_python_dop_operator_3.py
[2023-12-03T23:40:49.179+0000] {processor.py:829} INFO - Processing file /home/ubuntu/redfin/lib/python3.10/site-packages/airflow/example_dags/example_branch_python_dop_operator_3.py for tasks to queue
[2023-12-03T23:40:49.180+0000] {logging_mixin.py:154} INFO - [2023-12-03T23:40:49.179+0000] {dagbag.py:536} INFO - Filling up the DagBag from /home/ubuntu/redfin/lib/python3.10/site-packages/airflow/example_dags/example_branch_python_dop_operator_3.py
[2023-12-03T23:40:49.189+0000] {processor.py:839} INFO - DAG(s) dict_keys(['example_branch_dop_operator_v3']) retrieved from /home/ubuntu/redfin/lib/python3.10/site-packages/airflow/example_dags/example_branch_python_dop_operator_3.py
[2023-12-03T23:40:49.208+0000] {logging_mixin.py:154} INFO - [2023-12-03T23:40:49.208+0000] {dag.py:2941} INFO - Sync 1 DAGs
[2023-12-03T23:40:49.234+0000] {logging_mixin.py:154} INFO - [2023-12-03T23:40:49.234+0000] {dag.py:3722} INFO - Setting next_dagrun for example_branch_dop_operator_v3 to 2023-12-03T23:39:00+00:00, run_after=2023-12-03T23:40:00+00:00
[2023-12-03T23:40:49.257+0000] {processor.py:179} INFO - Processing /home/ubuntu/redfin/lib/python3.10/site-packages/airflow/example_dags/example_branch_python_dop_operator_3.py took 0.083 seconds
[2023-12-03T23:41:39.529+0000] {processor.py:157} INFO - Started process (PID=5978) to work on /home/ubuntu/redfin/lib/python3.10/site-packages/airflow/example_dags/example_branch_python_dop_operator_3.py
[2023-12-03T23:41:39.531+0000] {processor.py:829} INFO - Processing file /home/ubuntu/redfin/lib/python3.10/site-packages/airflow/example_dags/example_branch_python_dop_operator_3.py for tasks to queue
[2023-12-03T23:41:39.532+0000] {logging_mixin.py:154} INFO - [2023-12-03T23:41:39.531+0000] {dagbag.py:536} INFO - Filling up the DagBag from /home/ubuntu/redfin/lib/python3.10/site-packages/airflow/example_dags/example_branch_python_dop_operator_3.py
[2023-12-03T23:41:39.542+0000] {processor.py:839} INFO - DAG(s) dict_keys(['example_branch_dop_operator_v3']) retrieved from /home/ubuntu/redfin/lib/python3.10/site-packages/airflow/example_dags/example_branch_python_dop_operator_3.py
[2023-12-03T23:41:39.562+0000] {logging_mixin.py:154} INFO - [2023-12-03T23:41:39.561+0000] {dag.py:2941} INFO - Sync 1 DAGs
[2023-12-03T23:41:39.590+0000] {logging_mixin.py:154} INFO - [2023-12-03T23:41:39.589+0000] {dag.py:3722} INFO - Setting next_dagrun for example_branch_dop_operator_v3 to 2023-12-03T23:40:00+00:00, run_after=2023-12-03T23:41:00+00:00
[2023-12-03T23:41:39.614+0000] {processor.py:179} INFO - Processing /home/ubuntu/redfin/lib/python3.10/site-packages/airflow/example_dags/example_branch_python_dop_operator_3.py took 0.088 seconds
[2023-12-03T23:42:25.260+0000] {processor.py:157} INFO - Started process (PID=6027) to work on /home/ubuntu/redfin/lib/python3.10/site-packages/airflow/example_dags/example_branch_python_dop_operator_3.py
[2023-12-03T23:42:25.261+0000] {processor.py:829} INFO - Processing file /home/ubuntu/redfin/lib/python3.10/site-packages/airflow/example_dags/example_branch_python_dop_operator_3.py for tasks to queue
[2023-12-03T23:42:25.262+0000] {logging_mixin.py:154} INFO - [2023-12-03T23:42:25.262+0000] {dagbag.py:536} INFO - Filling up the DagBag from /home/ubuntu/redfin/lib/python3.10/site-packages/airflow/example_dags/example_branch_python_dop_operator_3.py
[2023-12-03T23:42:25.272+0000] {processor.py:839} INFO - DAG(s) dict_keys(['example_branch_dop_operator_v3']) retrieved from /home/ubuntu/redfin/lib/python3.10/site-packages/airflow/example_dags/example_branch_python_dop_operator_3.py
[2023-12-03T23:42:25.290+0000] {logging_mixin.py:154} INFO - [2023-12-03T23:42:25.290+0000] {dag.py:2941} INFO - Sync 1 DAGs
[2023-12-03T23:42:25.315+0000] {logging_mixin.py:154} INFO - [2023-12-03T23:42:25.315+0000] {dag.py:3722} INFO - Setting next_dagrun for example_branch_dop_operator_v3 to 2023-12-03T23:41:00+00:00, run_after=2023-12-03T23:42:00+00:00
[2023-12-03T23:42:25.338+0000] {processor.py:179} INFO - Processing /home/ubuntu/redfin/lib/python3.10/site-packages/airflow/example_dags/example_branch_python_dop_operator_3.py took 0.082 seconds
[2023-12-03T23:43:12.842+0000] {processor.py:157} INFO - Started process (PID=6079) to work on /home/ubuntu/redfin/lib/python3.10/site-packages/airflow/example_dags/example_branch_python_dop_operator_3.py
[2023-12-03T23:43:12.843+0000] {processor.py:829} INFO - Processing file /home/ubuntu/redfin/lib/python3.10/site-packages/airflow/example_dags/example_branch_python_dop_operator_3.py for tasks to queue
[2023-12-03T23:43:12.844+0000] {logging_mixin.py:154} INFO - [2023-12-03T23:43:12.844+0000] {dagbag.py:536} INFO - Filling up the DagBag from /home/ubuntu/redfin/lib/python3.10/site-packages/airflow/example_dags/example_branch_python_dop_operator_3.py
[2023-12-03T23:43:12.854+0000] {processor.py:839} INFO - DAG(s) dict_keys(['example_branch_dop_operator_v3']) retrieved from /home/ubuntu/redfin/lib/python3.10/site-packages/airflow/example_dags/example_branch_python_dop_operator_3.py
[2023-12-03T23:43:12.872+0000] {logging_mixin.py:154} INFO - [2023-12-03T23:43:12.872+0000] {dag.py:2941} INFO - Sync 1 DAGs
[2023-12-03T23:43:12.898+0000] {logging_mixin.py:154} INFO - [2023-12-03T23:43:12.898+0000] {dag.py:3722} INFO - Setting next_dagrun for example_branch_dop_operator_v3 to 2023-12-03T23:42:00+00:00, run_after=2023-12-03T23:43:00+00:00
[2023-12-03T23:43:12.922+0000] {processor.py:179} INFO - Processing /home/ubuntu/redfin/lib/python3.10/site-packages/airflow/example_dags/example_branch_python_dop_operator_3.py took 0.084 seconds
[2023-12-03T23:44:00.336+0000] {processor.py:157} INFO - Started process (PID=6250) to work on /home/ubuntu/redfin/lib/python3.10/site-packages/airflow/example_dags/example_branch_python_dop_operator_3.py
[2023-12-03T23:44:00.338+0000] {processor.py:829} INFO - Processing file /home/ubuntu/redfin/lib/python3.10/site-packages/airflow/example_dags/example_branch_python_dop_operator_3.py for tasks to queue
[2023-12-03T23:44:00.339+0000] {logging_mixin.py:154} INFO - [2023-12-03T23:44:00.339+0000] {dagbag.py:536} INFO - Filling up the DagBag from /home/ubuntu/redfin/lib/python3.10/site-packages/airflow/example_dags/example_branch_python_dop_operator_3.py
[2023-12-03T23:44:00.349+0000] {processor.py:839} INFO - DAG(s) dict_keys(['example_branch_dop_operator_v3']) retrieved from /home/ubuntu/redfin/lib/python3.10/site-packages/airflow/example_dags/example_branch_python_dop_operator_3.py
[2023-12-03T23:44:00.368+0000] {logging_mixin.py:154} INFO - [2023-12-03T23:44:00.367+0000] {dag.py:2941} INFO - Sync 1 DAGs
[2023-12-03T23:44:00.394+0000] {logging_mixin.py:154} INFO - [2023-12-03T23:44:00.394+0000] {dag.py:3722} INFO - Setting next_dagrun for example_branch_dop_operator_v3 to 2023-12-03T23:43:00+00:00, run_after=2023-12-03T23:44:00+00:00
[2023-12-03T23:44:00.420+0000] {processor.py:179} INFO - Processing /home/ubuntu/redfin/lib/python3.10/site-packages/airflow/example_dags/example_branch_python_dop_operator_3.py took 0.088 seconds
[2023-12-03T23:44:43.520+0000] {processor.py:157} INFO - Started process (PID=6589) to work on /home/ubuntu/redfin/lib/python3.10/site-packages/airflow/example_dags/example_branch_python_dop_operator_3.py
[2023-12-03T23:44:43.521+0000] {processor.py:829} INFO - Processing file /home/ubuntu/redfin/lib/python3.10/site-packages/airflow/example_dags/example_branch_python_dop_operator_3.py for tasks to queue
[2023-12-03T23:44:43.522+0000] {logging_mixin.py:154} INFO - [2023-12-03T23:44:43.522+0000] {dagbag.py:536} INFO - Filling up the DagBag from /home/ubuntu/redfin/lib/python3.10/site-packages/airflow/example_dags/example_branch_python_dop_operator_3.py
[2023-12-03T23:44:43.532+0000] {processor.py:839} INFO - DAG(s) dict_keys(['example_branch_dop_operator_v3']) retrieved from /home/ubuntu/redfin/lib/python3.10/site-packages/airflow/example_dags/example_branch_python_dop_operator_3.py
[2023-12-03T23:44:43.550+0000] {logging_mixin.py:154} INFO - [2023-12-03T23:44:43.550+0000] {dag.py:2941} INFO - Sync 1 DAGs
[2023-12-03T23:44:43.576+0000] {logging_mixin.py:154} INFO - [2023-12-03T23:44:43.576+0000] {dag.py:3722} INFO - Setting next_dagrun for example_branch_dop_operator_v3 to 2023-12-03T23:43:00+00:00, run_after=2023-12-03T23:44:00+00:00
[2023-12-03T23:44:43.599+0000] {processor.py:179} INFO - Processing /home/ubuntu/redfin/lib/python3.10/site-packages/airflow/example_dags/example_branch_python_dop_operator_3.py took 0.082 seconds
[2023-12-03T23:45:42.800+0000] {processor.py:157} INFO - Started process (PID=6656) to work on /home/ubuntu/redfin/lib/python3.10/site-packages/airflow/example_dags/example_branch_python_dop_operator_3.py
[2023-12-03T23:45:42.801+0000] {processor.py:829} INFO - Processing file /home/ubuntu/redfin/lib/python3.10/site-packages/airflow/example_dags/example_branch_python_dop_operator_3.py for tasks to queue
[2023-12-03T23:45:42.802+0000] {logging_mixin.py:154} INFO - [2023-12-03T23:45:42.802+0000] {dagbag.py:536} INFO - Filling up the DagBag from /home/ubuntu/redfin/lib/python3.10/site-packages/airflow/example_dags/example_branch_python_dop_operator_3.py
[2023-12-03T23:45:42.812+0000] {processor.py:839} INFO - DAG(s) dict_keys(['example_branch_dop_operator_v3']) retrieved from /home/ubuntu/redfin/lib/python3.10/site-packages/airflow/example_dags/example_branch_python_dop_operator_3.py
[2023-12-03T23:45:42.831+0000] {logging_mixin.py:154} INFO - [2023-12-03T23:45:42.830+0000] {dag.py:2941} INFO - Sync 1 DAGs
[2023-12-03T23:45:42.857+0000] {logging_mixin.py:154} INFO - [2023-12-03T23:45:42.857+0000] {dag.py:3722} INFO - Setting next_dagrun for example_branch_dop_operator_v3 to 2023-12-03T23:44:00+00:00, run_after=2023-12-03T23:45:00+00:00
[2023-12-03T23:45:42.881+0000] {processor.py:179} INFO - Processing /home/ubuntu/redfin/lib/python3.10/site-packages/airflow/example_dags/example_branch_python_dop_operator_3.py took 0.085 seconds
[2023-12-03T23:46:27.432+0000] {processor.py:157} INFO - Started process (PID=6705) to work on /home/ubuntu/redfin/lib/python3.10/site-packages/airflow/example_dags/example_branch_python_dop_operator_3.py
[2023-12-03T23:46:27.434+0000] {processor.py:829} INFO - Processing file /home/ubuntu/redfin/lib/python3.10/site-packages/airflow/example_dags/example_branch_python_dop_operator_3.py for tasks to queue
[2023-12-03T23:46:27.435+0000] {logging_mixin.py:154} INFO - [2023-12-03T23:46:27.434+0000] {dagbag.py:536} INFO - Filling up the DagBag from /home/ubuntu/redfin/lib/python3.10/site-packages/airflow/example_dags/example_branch_python_dop_operator_3.py
[2023-12-03T23:46:27.445+0000] {processor.py:839} INFO - DAG(s) dict_keys(['example_branch_dop_operator_v3']) retrieved from /home/ubuntu/redfin/lib/python3.10/site-packages/airflow/example_dags/example_branch_python_dop_operator_3.py
[2023-12-03T23:46:27.463+0000] {logging_mixin.py:154} INFO - [2023-12-03T23:46:27.463+0000] {dag.py:2941} INFO - Sync 1 DAGs
[2023-12-03T23:46:27.489+0000] {logging_mixin.py:154} INFO - [2023-12-03T23:46:27.488+0000] {dag.py:3722} INFO - Setting next_dagrun for example_branch_dop_operator_v3 to 2023-12-03T23:45:00+00:00, run_after=2023-12-03T23:46:00+00:00
[2023-12-03T23:46:27.512+0000] {processor.py:179} INFO - Processing /home/ubuntu/redfin/lib/python3.10/site-packages/airflow/example_dags/example_branch_python_dop_operator_3.py took 0.083 seconds
[2023-12-03T23:47:14.255+0000] {processor.py:157} INFO - Started process (PID=6761) to work on /home/ubuntu/redfin/lib/python3.10/site-packages/airflow/example_dags/example_branch_python_dop_operator_3.py
[2023-12-03T23:47:14.257+0000] {processor.py:829} INFO - Processing file /home/ubuntu/redfin/lib/python3.10/site-packages/airflow/example_dags/example_branch_python_dop_operator_3.py for tasks to queue
[2023-12-03T23:47:14.257+0000] {logging_mixin.py:154} INFO - [2023-12-03T23:47:14.257+0000] {dagbag.py:536} INFO - Filling up the DagBag from /home/ubuntu/redfin/lib/python3.10/site-packages/airflow/example_dags/example_branch_python_dop_operator_3.py
[2023-12-03T23:47:14.268+0000] {processor.py:839} INFO - DAG(s) dict_keys(['example_branch_dop_operator_v3']) retrieved from /home/ubuntu/redfin/lib/python3.10/site-packages/airflow/example_dags/example_branch_python_dop_operator_3.py
[2023-12-03T23:47:14.287+0000] {logging_mixin.py:154} INFO - [2023-12-03T23:47:14.286+0000] {dag.py:2941} INFO - Sync 1 DAGs
[2023-12-03T23:47:14.313+0000] {logging_mixin.py:154} INFO - [2023-12-03T23:47:14.312+0000] {dag.py:3722} INFO - Setting next_dagrun for example_branch_dop_operator_v3 to 2023-12-03T23:46:00+00:00, run_after=2023-12-03T23:47:00+00:00
[2023-12-03T23:47:14.335+0000] {processor.py:179} INFO - Processing /home/ubuntu/redfin/lib/python3.10/site-packages/airflow/example_dags/example_branch_python_dop_operator_3.py took 0.083 seconds
[2023-12-03T23:48:03.288+0000] {processor.py:157} INFO - Started process (PID=6847) to work on /home/ubuntu/redfin/lib/python3.10/site-packages/airflow/example_dags/example_branch_python_dop_operator_3.py
[2023-12-03T23:48:03.289+0000] {processor.py:829} INFO - Processing file /home/ubuntu/redfin/lib/python3.10/site-packages/airflow/example_dags/example_branch_python_dop_operator_3.py for tasks to queue
[2023-12-03T23:48:03.290+0000] {logging_mixin.py:154} INFO - [2023-12-03T23:48:03.289+0000] {dagbag.py:536} INFO - Filling up the DagBag from /home/ubuntu/redfin/lib/python3.10/site-packages/airflow/example_dags/example_branch_python_dop_operator_3.py
[2023-12-03T23:48:03.300+0000] {processor.py:839} INFO - DAG(s) dict_keys(['example_branch_dop_operator_v3']) retrieved from /home/ubuntu/redfin/lib/python3.10/site-packages/airflow/example_dags/example_branch_python_dop_operator_3.py
[2023-12-03T23:48:03.318+0000] {logging_mixin.py:154} INFO - [2023-12-03T23:48:03.318+0000] {dag.py:2941} INFO - Sync 1 DAGs
[2023-12-03T23:48:03.344+0000] {logging_mixin.py:154} INFO - [2023-12-03T23:48:03.343+0000] {dag.py:3722} INFO - Setting next_dagrun for example_branch_dop_operator_v3 to 2023-12-03T23:47:00+00:00, run_after=2023-12-03T23:48:00+00:00
[2023-12-03T23:48:03.367+0000] {processor.py:179} INFO - Processing /home/ubuntu/redfin/lib/python3.10/site-packages/airflow/example_dags/example_branch_python_dop_operator_3.py took 0.083 seconds
[2023-12-03T23:48:51.997+0000] {processor.py:157} INFO - Started process (PID=6901) to work on /home/ubuntu/redfin/lib/python3.10/site-packages/airflow/example_dags/example_branch_python_dop_operator_3.py
[2023-12-03T23:48:51.998+0000] {processor.py:829} INFO - Processing file /home/ubuntu/redfin/lib/python3.10/site-packages/airflow/example_dags/example_branch_python_dop_operator_3.py for tasks to queue
[2023-12-03T23:48:51.999+0000] {logging_mixin.py:154} INFO - [2023-12-03T23:48:51.999+0000] {dagbag.py:536} INFO - Filling up the DagBag from /home/ubuntu/redfin/lib/python3.10/site-packages/airflow/example_dags/example_branch_python_dop_operator_3.py
[2023-12-03T23:48:52.009+0000] {processor.py:839} INFO - DAG(s) dict_keys(['example_branch_dop_operator_v3']) retrieved from /home/ubuntu/redfin/lib/python3.10/site-packages/airflow/example_dags/example_branch_python_dop_operator_3.py
[2023-12-03T23:48:52.028+0000] {logging_mixin.py:154} INFO - [2023-12-03T23:48:52.028+0000] {dag.py:2941} INFO - Sync 1 DAGs
[2023-12-03T23:48:52.055+0000] {logging_mixin.py:154} INFO - [2023-12-03T23:48:52.054+0000] {dag.py:3722} INFO - Setting next_dagrun for example_branch_dop_operator_v3 to 2023-12-03T23:47:00+00:00, run_after=2023-12-03T23:48:00+00:00
[2023-12-03T23:48:52.078+0000] {processor.py:179} INFO - Processing /home/ubuntu/redfin/lib/python3.10/site-packages/airflow/example_dags/example_branch_python_dop_operator_3.py took 0.085 seconds
[2023-12-03T23:49:44.163+0000] {processor.py:157} INFO - Started process (PID=6958) to work on /home/ubuntu/redfin/lib/python3.10/site-packages/airflow/example_dags/example_branch_python_dop_operator_3.py
[2023-12-03T23:49:44.164+0000] {processor.py:829} INFO - Processing file /home/ubuntu/redfin/lib/python3.10/site-packages/airflow/example_dags/example_branch_python_dop_operator_3.py for tasks to queue
[2023-12-03T23:49:44.165+0000] {logging_mixin.py:154} INFO - [2023-12-03T23:49:44.165+0000] {dagbag.py:536} INFO - Filling up the DagBag from /home/ubuntu/redfin/lib/python3.10/site-packages/airflow/example_dags/example_branch_python_dop_operator_3.py
[2023-12-03T23:49:44.176+0000] {processor.py:839} INFO - DAG(s) dict_keys(['example_branch_dop_operator_v3']) retrieved from /home/ubuntu/redfin/lib/python3.10/site-packages/airflow/example_dags/example_branch_python_dop_operator_3.py
[2023-12-03T23:49:44.194+0000] {logging_mixin.py:154} INFO - [2023-12-03T23:49:44.194+0000] {dag.py:2941} INFO - Sync 1 DAGs
[2023-12-03T23:49:44.221+0000] {logging_mixin.py:154} INFO - [2023-12-03T23:49:44.220+0000] {dag.py:3722} INFO - Setting next_dagrun for example_branch_dop_operator_v3 to 2023-12-03T23:48:00+00:00, run_after=2023-12-03T23:49:00+00:00
[2023-12-03T23:49:44.243+0000] {processor.py:179} INFO - Processing /home/ubuntu/redfin/lib/python3.10/site-packages/airflow/example_dags/example_branch_python_dop_operator_3.py took 0.084 seconds
[2023-12-03T23:50:30.404+0000] {processor.py:157} INFO - Started process (PID=7009) to work on /home/ubuntu/redfin/lib/python3.10/site-packages/airflow/example_dags/example_branch_python_dop_operator_3.py
[2023-12-03T23:50:30.406+0000] {processor.py:829} INFO - Processing file /home/ubuntu/redfin/lib/python3.10/site-packages/airflow/example_dags/example_branch_python_dop_operator_3.py for tasks to queue
[2023-12-03T23:50:30.407+0000] {logging_mixin.py:154} INFO - [2023-12-03T23:50:30.406+0000] {dagbag.py:536} INFO - Filling up the DagBag from /home/ubuntu/redfin/lib/python3.10/site-packages/airflow/example_dags/example_branch_python_dop_operator_3.py
[2023-12-03T23:50:30.417+0000] {processor.py:839} INFO - DAG(s) dict_keys(['example_branch_dop_operator_v3']) retrieved from /home/ubuntu/redfin/lib/python3.10/site-packages/airflow/example_dags/example_branch_python_dop_operator_3.py
[2023-12-03T23:50:30.434+0000] {logging_mixin.py:154} INFO - [2023-12-03T23:50:30.434+0000] {dag.py:2941} INFO - Sync 1 DAGs
[2023-12-03T23:50:30.460+0000] {logging_mixin.py:154} INFO - [2023-12-03T23:50:30.460+0000] {dag.py:3722} INFO - Setting next_dagrun for example_branch_dop_operator_v3 to 2023-12-03T23:49:00+00:00, run_after=2023-12-03T23:50:00+00:00
[2023-12-03T23:50:30.482+0000] {processor.py:179} INFO - Processing /home/ubuntu/redfin/lib/python3.10/site-packages/airflow/example_dags/example_branch_python_dop_operator_3.py took 0.081 seconds
[2023-12-03T23:51:18.062+0000] {processor.py:157} INFO - Started process (PID=7064) to work on /home/ubuntu/redfin/lib/python3.10/site-packages/airflow/example_dags/example_branch_python_dop_operator_3.py
[2023-12-03T23:51:18.063+0000] {processor.py:829} INFO - Processing file /home/ubuntu/redfin/lib/python3.10/site-packages/airflow/example_dags/example_branch_python_dop_operator_3.py for tasks to queue
[2023-12-03T23:51:18.064+0000] {logging_mixin.py:154} INFO - [2023-12-03T23:51:18.064+0000] {dagbag.py:536} INFO - Filling up the DagBag from /home/ubuntu/redfin/lib/python3.10/site-packages/airflow/example_dags/example_branch_python_dop_operator_3.py
[2023-12-03T23:51:18.075+0000] {processor.py:839} INFO - DAG(s) dict_keys(['example_branch_dop_operator_v3']) retrieved from /home/ubuntu/redfin/lib/python3.10/site-packages/airflow/example_dags/example_branch_python_dop_operator_3.py
[2023-12-03T23:51:18.094+0000] {logging_mixin.py:154} INFO - [2023-12-03T23:51:18.094+0000] {dag.py:2941} INFO - Sync 1 DAGs
[2023-12-03T23:51:18.121+0000] {logging_mixin.py:154} INFO - [2023-12-03T23:51:18.121+0000] {dag.py:3722} INFO - Setting next_dagrun for example_branch_dop_operator_v3 to 2023-12-03T23:50:00+00:00, run_after=2023-12-03T23:51:00+00:00
[2023-12-03T23:51:18.145+0000] {processor.py:179} INFO - Processing /home/ubuntu/redfin/lib/python3.10/site-packages/airflow/example_dags/example_branch_python_dop_operator_3.py took 0.087 seconds
[2023-12-03T23:52:05.961+0000] {processor.py:157} INFO - Started process (PID=7115) to work on /home/ubuntu/redfin/lib/python3.10/site-packages/airflow/example_dags/example_branch_python_dop_operator_3.py
[2023-12-03T23:52:05.962+0000] {processor.py:829} INFO - Processing file /home/ubuntu/redfin/lib/python3.10/site-packages/airflow/example_dags/example_branch_python_dop_operator_3.py for tasks to queue
[2023-12-03T23:52:05.963+0000] {logging_mixin.py:154} INFO - [2023-12-03T23:52:05.962+0000] {dagbag.py:536} INFO - Filling up the DagBag from /home/ubuntu/redfin/lib/python3.10/site-packages/airflow/example_dags/example_branch_python_dop_operator_3.py
[2023-12-03T23:52:05.973+0000] {processor.py:839} INFO - DAG(s) dict_keys(['example_branch_dop_operator_v3']) retrieved from /home/ubuntu/redfin/lib/python3.10/site-packages/airflow/example_dags/example_branch_python_dop_operator_3.py
[2023-12-03T23:52:05.991+0000] {logging_mixin.py:154} INFO - [2023-12-03T23:52:05.991+0000] {dag.py:2941} INFO - Sync 1 DAGs
[2023-12-03T23:52:06.017+0000] {logging_mixin.py:154} INFO - [2023-12-03T23:52:06.016+0000] {dag.py:3722} INFO - Setting next_dagrun for example_branch_dop_operator_v3 to 2023-12-03T23:51:00+00:00, run_after=2023-12-03T23:52:00+00:00
[2023-12-03T23:52:06.039+0000] {processor.py:179} INFO - Processing /home/ubuntu/redfin/lib/python3.10/site-packages/airflow/example_dags/example_branch_python_dop_operator_3.py took 0.083 seconds
[2023-12-03T23:52:56.458+0000] {processor.py:157} INFO - Started process (PID=7171) to work on /home/ubuntu/redfin/lib/python3.10/site-packages/airflow/example_dags/example_branch_python_dop_operator_3.py
[2023-12-03T23:52:56.459+0000] {processor.py:829} INFO - Processing file /home/ubuntu/redfin/lib/python3.10/site-packages/airflow/example_dags/example_branch_python_dop_operator_3.py for tasks to queue
[2023-12-03T23:52:56.460+0000] {logging_mixin.py:154} INFO - [2023-12-03T23:52:56.460+0000] {dagbag.py:536} INFO - Filling up the DagBag from /home/ubuntu/redfin/lib/python3.10/site-packages/airflow/example_dags/example_branch_python_dop_operator_3.py
[2023-12-03T23:52:56.470+0000] {processor.py:839} INFO - DAG(s) dict_keys(['example_branch_dop_operator_v3']) retrieved from /home/ubuntu/redfin/lib/python3.10/site-packages/airflow/example_dags/example_branch_python_dop_operator_3.py
[2023-12-03T23:52:56.488+0000] {logging_mixin.py:154} INFO - [2023-12-03T23:52:56.488+0000] {dag.py:2941} INFO - Sync 1 DAGs
[2023-12-03T23:52:56.514+0000] {logging_mixin.py:154} INFO - [2023-12-03T23:52:56.513+0000] {dag.py:3722} INFO - Setting next_dagrun for example_branch_dop_operator_v3 to 2023-12-03T23:51:00+00:00, run_after=2023-12-03T23:52:00+00:00
[2023-12-03T23:52:56.537+0000] {processor.py:179} INFO - Processing /home/ubuntu/redfin/lib/python3.10/site-packages/airflow/example_dags/example_branch_python_dop_operator_3.py took 0.083 seconds
[2023-12-03T23:53:46.035+0000] {processor.py:157} INFO - Started process (PID=7225) to work on /home/ubuntu/redfin/lib/python3.10/site-packages/airflow/example_dags/example_branch_python_dop_operator_3.py
[2023-12-03T23:53:46.037+0000] {processor.py:829} INFO - Processing file /home/ubuntu/redfin/lib/python3.10/site-packages/airflow/example_dags/example_branch_python_dop_operator_3.py for tasks to queue
[2023-12-03T23:53:46.037+0000] {logging_mixin.py:154} INFO - [2023-12-03T23:53:46.037+0000] {dagbag.py:536} INFO - Filling up the DagBag from /home/ubuntu/redfin/lib/python3.10/site-packages/airflow/example_dags/example_branch_python_dop_operator_3.py
[2023-12-03T23:53:46.048+0000] {processor.py:839} INFO - DAG(s) dict_keys(['example_branch_dop_operator_v3']) retrieved from /home/ubuntu/redfin/lib/python3.10/site-packages/airflow/example_dags/example_branch_python_dop_operator_3.py
[2023-12-03T23:53:46.067+0000] {logging_mixin.py:154} INFO - [2023-12-03T23:53:46.067+0000] {dag.py:2941} INFO - Sync 1 DAGs
[2023-12-03T23:53:46.094+0000] {logging_mixin.py:154} INFO - [2023-12-03T23:53:46.093+0000] {dag.py:3722} INFO - Setting next_dagrun for example_branch_dop_operator_v3 to 2023-12-03T23:52:00+00:00, run_after=2023-12-03T23:53:00+00:00
[2023-12-03T23:53:46.117+0000] {processor.py:179} INFO - Processing /home/ubuntu/redfin/lib/python3.10/site-packages/airflow/example_dags/example_branch_python_dop_operator_3.py took 0.086 seconds
[2023-12-03T23:54:33.155+0000] {processor.py:157} INFO - Started process (PID=7278) to work on /home/ubuntu/redfin/lib/python3.10/site-packages/airflow/example_dags/example_branch_python_dop_operator_3.py
[2023-12-03T23:54:33.156+0000] {processor.py:829} INFO - Processing file /home/ubuntu/redfin/lib/python3.10/site-packages/airflow/example_dags/example_branch_python_dop_operator_3.py for tasks to queue
[2023-12-03T23:54:33.157+0000] {logging_mixin.py:154} INFO - [2023-12-03T23:54:33.157+0000] {dagbag.py:536} INFO - Filling up the DagBag from /home/ubuntu/redfin/lib/python3.10/site-packages/airflow/example_dags/example_branch_python_dop_operator_3.py
[2023-12-03T23:54:33.167+0000] {processor.py:839} INFO - DAG(s) dict_keys(['example_branch_dop_operator_v3']) retrieved from /home/ubuntu/redfin/lib/python3.10/site-packages/airflow/example_dags/example_branch_python_dop_operator_3.py
[2023-12-03T23:54:33.186+0000] {logging_mixin.py:154} INFO - [2023-12-03T23:54:33.186+0000] {dag.py:2941} INFO - Sync 1 DAGs
[2023-12-03T23:54:33.212+0000] {logging_mixin.py:154} INFO - [2023-12-03T23:54:33.212+0000] {dag.py:3722} INFO - Setting next_dagrun for example_branch_dop_operator_v3 to 2023-12-03T23:53:00+00:00, run_after=2023-12-03T23:54:00+00:00
[2023-12-03T23:54:33.236+0000] {processor.py:179} INFO - Processing /home/ubuntu/redfin/lib/python3.10/site-packages/airflow/example_dags/example_branch_python_dop_operator_3.py took 0.085 seconds
[2023-12-03T23:55:21.346+0000] {processor.py:157} INFO - Started process (PID=7330) to work on /home/ubuntu/redfin/lib/python3.10/site-packages/airflow/example_dags/example_branch_python_dop_operator_3.py
[2023-12-03T23:55:21.347+0000] {processor.py:829} INFO - Processing file /home/ubuntu/redfin/lib/python3.10/site-packages/airflow/example_dags/example_branch_python_dop_operator_3.py for tasks to queue
[2023-12-03T23:55:21.348+0000] {logging_mixin.py:154} INFO - [2023-12-03T23:55:21.348+0000] {dagbag.py:536} INFO - Filling up the DagBag from /home/ubuntu/redfin/lib/python3.10/site-packages/airflow/example_dags/example_branch_python_dop_operator_3.py
[2023-12-03T23:55:21.359+0000] {processor.py:839} INFO - DAG(s) dict_keys(['example_branch_dop_operator_v3']) retrieved from /home/ubuntu/redfin/lib/python3.10/site-packages/airflow/example_dags/example_branch_python_dop_operator_3.py
[2023-12-03T23:55:21.377+0000] {logging_mixin.py:154} INFO - [2023-12-03T23:55:21.377+0000] {dag.py:2941} INFO - Sync 1 DAGs
[2023-12-03T23:55:21.403+0000] {logging_mixin.py:154} INFO - [2023-12-03T23:55:21.403+0000] {dag.py:3722} INFO - Setting next_dagrun for example_branch_dop_operator_v3 to 2023-12-03T23:54:00+00:00, run_after=2023-12-03T23:55:00+00:00
[2023-12-03T23:55:21.426+0000] {processor.py:179} INFO - Processing /home/ubuntu/redfin/lib/python3.10/site-packages/airflow/example_dags/example_branch_python_dop_operator_3.py took 0.084 seconds
[2023-12-03T23:56:08.120+0000] {processor.py:157} INFO - Started process (PID=7383) to work on /home/ubuntu/redfin/lib/python3.10/site-packages/airflow/example_dags/example_branch_python_dop_operator_3.py
[2023-12-03T23:56:08.122+0000] {processor.py:829} INFO - Processing file /home/ubuntu/redfin/lib/python3.10/site-packages/airflow/example_dags/example_branch_python_dop_operator_3.py for tasks to queue
[2023-12-03T23:56:08.123+0000] {logging_mixin.py:154} INFO - [2023-12-03T23:56:08.122+0000] {dagbag.py:536} INFO - Filling up the DagBag from /home/ubuntu/redfin/lib/python3.10/site-packages/airflow/example_dags/example_branch_python_dop_operator_3.py
[2023-12-03T23:56:08.133+0000] {processor.py:839} INFO - DAG(s) dict_keys(['example_branch_dop_operator_v3']) retrieved from /home/ubuntu/redfin/lib/python3.10/site-packages/airflow/example_dags/example_branch_python_dop_operator_3.py
[2023-12-03T23:56:08.151+0000] {logging_mixin.py:154} INFO - [2023-12-03T23:56:08.151+0000] {dag.py:2941} INFO - Sync 1 DAGs
[2023-12-03T23:56:08.178+0000] {logging_mixin.py:154} INFO - [2023-12-03T23:56:08.177+0000] {dag.py:3722} INFO - Setting next_dagrun for example_branch_dop_operator_v3 to 2023-12-03T23:55:00+00:00, run_after=2023-12-03T23:56:00+00:00
[2023-12-03T23:56:08.200+0000] {processor.py:179} INFO - Processing /home/ubuntu/redfin/lib/python3.10/site-packages/airflow/example_dags/example_branch_python_dop_operator_3.py took 0.083 seconds
[2023-12-03T23:56:58.883+0000] {processor.py:157} INFO - Started process (PID=7437) to work on /home/ubuntu/redfin/lib/python3.10/site-packages/airflow/example_dags/example_branch_python_dop_operator_3.py
[2023-12-03T23:56:58.884+0000] {processor.py:829} INFO - Processing file /home/ubuntu/redfin/lib/python3.10/site-packages/airflow/example_dags/example_branch_python_dop_operator_3.py for tasks to queue
[2023-12-03T23:56:58.885+0000] {logging_mixin.py:154} INFO - [2023-12-03T23:56:58.885+0000] {dagbag.py:536} INFO - Filling up the DagBag from /home/ubuntu/redfin/lib/python3.10/site-packages/airflow/example_dags/example_branch_python_dop_operator_3.py
[2023-12-03T23:56:58.895+0000] {processor.py:839} INFO - DAG(s) dict_keys(['example_branch_dop_operator_v3']) retrieved from /home/ubuntu/redfin/lib/python3.10/site-packages/airflow/example_dags/example_branch_python_dop_operator_3.py
[2023-12-03T23:56:58.914+0000] {logging_mixin.py:154} INFO - [2023-12-03T23:56:58.914+0000] {dag.py:2941} INFO - Sync 1 DAGs
[2023-12-03T23:56:58.941+0000] {logging_mixin.py:154} INFO - [2023-12-03T23:56:58.941+0000] {dag.py:3722} INFO - Setting next_dagrun for example_branch_dop_operator_v3 to 2023-12-03T23:55:00+00:00, run_after=2023-12-03T23:56:00+00:00
[2023-12-03T23:56:58.964+0000] {processor.py:179} INFO - Processing /home/ubuntu/redfin/lib/python3.10/site-packages/airflow/example_dags/example_branch_python_dop_operator_3.py took 0.085 seconds
[2023-12-03T23:57:43.084+0000] {processor.py:157} INFO - Started process (PID=7490) to work on /home/ubuntu/redfin/lib/python3.10/site-packages/airflow/example_dags/example_branch_python_dop_operator_3.py
[2023-12-03T23:57:43.085+0000] {processor.py:829} INFO - Processing file /home/ubuntu/redfin/lib/python3.10/site-packages/airflow/example_dags/example_branch_python_dop_operator_3.py for tasks to queue
[2023-12-03T23:57:43.086+0000] {logging_mixin.py:154} INFO - [2023-12-03T23:57:43.085+0000] {dagbag.py:536} INFO - Filling up the DagBag from /home/ubuntu/redfin/lib/python3.10/site-packages/airflow/example_dags/example_branch_python_dop_operator_3.py
[2023-12-03T23:57:43.097+0000] {processor.py:839} INFO - DAG(s) dict_keys(['example_branch_dop_operator_v3']) retrieved from /home/ubuntu/redfin/lib/python3.10/site-packages/airflow/example_dags/example_branch_python_dop_operator_3.py
[2023-12-03T23:57:43.116+0000] {logging_mixin.py:154} INFO - [2023-12-03T23:57:43.115+0000] {dag.py:2941} INFO - Sync 1 DAGs
[2023-12-03T23:57:43.143+0000] {logging_mixin.py:154} INFO - [2023-12-03T23:57:43.143+0000] {dag.py:3722} INFO - Setting next_dagrun for example_branch_dop_operator_v3 to 2023-12-03T23:56:00+00:00, run_after=2023-12-03T23:57:00+00:00
[2023-12-03T23:57:43.167+0000] {processor.py:179} INFO - Processing /home/ubuntu/redfin/lib/python3.10/site-packages/airflow/example_dags/example_branch_python_dop_operator_3.py took 0.087 seconds
[2023-12-03T23:58:41.945+0000] {processor.py:157} INFO - Started process (PID=7553) to work on /home/ubuntu/redfin/lib/python3.10/site-packages/airflow/example_dags/example_branch_python_dop_operator_3.py
[2023-12-03T23:58:41.946+0000] {processor.py:829} INFO - Processing file /home/ubuntu/redfin/lib/python3.10/site-packages/airflow/example_dags/example_branch_python_dop_operator_3.py for tasks to queue
[2023-12-03T23:58:41.947+0000] {logging_mixin.py:154} INFO - [2023-12-03T23:58:41.947+0000] {dagbag.py:536} INFO - Filling up the DagBag from /home/ubuntu/redfin/lib/python3.10/site-packages/airflow/example_dags/example_branch_python_dop_operator_3.py
[2023-12-03T23:58:41.957+0000] {processor.py:839} INFO - DAG(s) dict_keys(['example_branch_dop_operator_v3']) retrieved from /home/ubuntu/redfin/lib/python3.10/site-packages/airflow/example_dags/example_branch_python_dop_operator_3.py
[2023-12-03T23:58:41.975+0000] {logging_mixin.py:154} INFO - [2023-12-03T23:58:41.975+0000] {dag.py:2941} INFO - Sync 1 DAGs
[2023-12-03T23:58:42.001+0000] {logging_mixin.py:154} INFO - [2023-12-03T23:58:42.001+0000] {dag.py:3722} INFO - Setting next_dagrun for example_branch_dop_operator_v3 to 2023-12-03T23:57:00+00:00, run_after=2023-12-03T23:58:00+00:00
[2023-12-03T23:58:42.024+0000] {processor.py:179} INFO - Processing /home/ubuntu/redfin/lib/python3.10/site-packages/airflow/example_dags/example_branch_python_dop_operator_3.py took 0.083 seconds
[2023-12-03T23:59:29.768+0000] {processor.py:157} INFO - Started process (PID=7609) to work on /home/ubuntu/redfin/lib/python3.10/site-packages/airflow/example_dags/example_branch_python_dop_operator_3.py
[2023-12-03T23:59:29.769+0000] {processor.py:829} INFO - Processing file /home/ubuntu/redfin/lib/python3.10/site-packages/airflow/example_dags/example_branch_python_dop_operator_3.py for tasks to queue
[2023-12-03T23:59:29.770+0000] {logging_mixin.py:154} INFO - [2023-12-03T23:59:29.770+0000] {dagbag.py:536} INFO - Filling up the DagBag from /home/ubuntu/redfin/lib/python3.10/site-packages/airflow/example_dags/example_branch_python_dop_operator_3.py
[2023-12-03T23:59:29.781+0000] {processor.py:839} INFO - DAG(s) dict_keys(['example_branch_dop_operator_v3']) retrieved from /home/ubuntu/redfin/lib/python3.10/site-packages/airflow/example_dags/example_branch_python_dop_operator_3.py
[2023-12-03T23:59:29.800+0000] {logging_mixin.py:154} INFO - [2023-12-03T23:59:29.800+0000] {dag.py:2941} INFO - Sync 1 DAGs
[2023-12-03T23:59:29.827+0000] {logging_mixin.py:154} INFO - [2023-12-03T23:59:29.827+0000] {dag.py:3722} INFO - Setting next_dagrun for example_branch_dop_operator_v3 to 2023-12-03T23:58:00+00:00, run_after=2023-12-03T23:59:00+00:00
[2023-12-03T23:59:29.850+0000] {processor.py:179} INFO - Processing /home/ubuntu/redfin/lib/python3.10/site-packages/airflow/example_dags/example_branch_python_dop_operator_3.py took 0.087 seconds
