[2023-12-03T23:08:05.638+0000] {processor.py:157} INFO - Started process (PID=3767) to work on /home/ubuntu/redfin/lib/python3.10/site-packages/airflow/example_dags/example_kubernetes_executor.py
[2023-12-03T23:08:05.639+0000] {processor.py:829} INFO - Processing file /home/ubuntu/redfin/lib/python3.10/site-packages/airflow/example_dags/example_kubernetes_executor.py for tasks to queue
[2023-12-03T23:08:05.640+0000] {logging_mixin.py:154} INFO - [2023-12-03T23:08:05.640+0000] {dagbag.py:536} INFO - Filling up the DagBag from /home/ubuntu/redfin/lib/python3.10/site-packages/airflow/example_dags/example_kubernetes_executor.py
[2023-12-03T23:08:05.644+0000] {logging_mixin.py:154} INFO - [2023-12-03T23:08:05.644+0000] {example_kubernetes_executor.py:38} WARNING - The example_kubernetes_executor example DAG requires the kubernetes provider. Please install it with: pip install apache-airflow[cncf.kubernetes]
[2023-12-03T23:08:05.644+0000] {processor.py:841} WARNING - No viable dags retrieved from /home/ubuntu/redfin/lib/python3.10/site-packages/airflow/example_dags/example_kubernetes_executor.py
[2023-12-03T23:08:05.656+0000] {processor.py:179} INFO - Processing /home/ubuntu/redfin/lib/python3.10/site-packages/airflow/example_dags/example_kubernetes_executor.py took 0.022 seconds
[2023-12-03T23:08:55.690+0000] {processor.py:157} INFO - Started process (PID=3816) to work on /home/ubuntu/redfin/lib/python3.10/site-packages/airflow/example_dags/example_kubernetes_executor.py
[2023-12-03T23:08:55.692+0000] {processor.py:829} INFO - Processing file /home/ubuntu/redfin/lib/python3.10/site-packages/airflow/example_dags/example_kubernetes_executor.py for tasks to queue
[2023-12-03T23:08:55.693+0000] {logging_mixin.py:154} INFO - [2023-12-03T23:08:55.693+0000] {dagbag.py:536} INFO - Filling up the DagBag from /home/ubuntu/redfin/lib/python3.10/site-packages/airflow/example_dags/example_kubernetes_executor.py
[2023-12-03T23:08:55.697+0000] {logging_mixin.py:154} INFO - [2023-12-03T23:08:55.696+0000] {example_kubernetes_executor.py:38} WARNING - The example_kubernetes_executor example DAG requires the kubernetes provider. Please install it with: pip install apache-airflow[cncf.kubernetes]
[2023-12-03T23:08:55.697+0000] {processor.py:841} WARNING - No viable dags retrieved from /home/ubuntu/redfin/lib/python3.10/site-packages/airflow/example_dags/example_kubernetes_executor.py
[2023-12-03T23:08:55.709+0000] {processor.py:179} INFO - Processing /home/ubuntu/redfin/lib/python3.10/site-packages/airflow/example_dags/example_kubernetes_executor.py took 0.022 seconds
[2023-12-03T23:09:41.872+0000] {processor.py:157} INFO - Started process (PID=3867) to work on /home/ubuntu/redfin/lib/python3.10/site-packages/airflow/example_dags/example_kubernetes_executor.py
[2023-12-03T23:09:41.874+0000] {processor.py:829} INFO - Processing file /home/ubuntu/redfin/lib/python3.10/site-packages/airflow/example_dags/example_kubernetes_executor.py for tasks to queue
[2023-12-03T23:09:41.875+0000] {logging_mixin.py:154} INFO - [2023-12-03T23:09:41.874+0000] {dagbag.py:536} INFO - Filling up the DagBag from /home/ubuntu/redfin/lib/python3.10/site-packages/airflow/example_dags/example_kubernetes_executor.py
[2023-12-03T23:09:41.878+0000] {logging_mixin.py:154} INFO - [2023-12-03T23:09:41.878+0000] {example_kubernetes_executor.py:38} WARNING - The example_kubernetes_executor example DAG requires the kubernetes provider. Please install it with: pip install apache-airflow[cncf.kubernetes]
[2023-12-03T23:09:41.878+0000] {processor.py:841} WARNING - No viable dags retrieved from /home/ubuntu/redfin/lib/python3.10/site-packages/airflow/example_dags/example_kubernetes_executor.py
[2023-12-03T23:09:41.889+0000] {processor.py:179} INFO - Processing /home/ubuntu/redfin/lib/python3.10/site-packages/airflow/example_dags/example_kubernetes_executor.py took 0.021 seconds
[2023-12-03T23:10:31.023+0000] {processor.py:157} INFO - Started process (PID=3921) to work on /home/ubuntu/redfin/lib/python3.10/site-packages/airflow/example_dags/example_kubernetes_executor.py
[2023-12-03T23:10:31.024+0000] {processor.py:829} INFO - Processing file /home/ubuntu/redfin/lib/python3.10/site-packages/airflow/example_dags/example_kubernetes_executor.py for tasks to queue
[2023-12-03T23:10:31.025+0000] {logging_mixin.py:154} INFO - [2023-12-03T23:10:31.025+0000] {dagbag.py:536} INFO - Filling up the DagBag from /home/ubuntu/redfin/lib/python3.10/site-packages/airflow/example_dags/example_kubernetes_executor.py
[2023-12-03T23:10:31.029+0000] {logging_mixin.py:154} INFO - [2023-12-03T23:10:31.028+0000] {example_kubernetes_executor.py:38} WARNING - The example_kubernetes_executor example DAG requires the kubernetes provider. Please install it with: pip install apache-airflow[cncf.kubernetes]
[2023-12-03T23:10:31.029+0000] {processor.py:841} WARNING - No viable dags retrieved from /home/ubuntu/redfin/lib/python3.10/site-packages/airflow/example_dags/example_kubernetes_executor.py
[2023-12-03T23:10:31.040+0000] {processor.py:179} INFO - Processing /home/ubuntu/redfin/lib/python3.10/site-packages/airflow/example_dags/example_kubernetes_executor.py took 0.021 seconds
[2023-12-03T23:11:17.383+0000] {processor.py:157} INFO - Started process (PID=3971) to work on /home/ubuntu/redfin/lib/python3.10/site-packages/airflow/example_dags/example_kubernetes_executor.py
[2023-12-03T23:11:17.385+0000] {processor.py:829} INFO - Processing file /home/ubuntu/redfin/lib/python3.10/site-packages/airflow/example_dags/example_kubernetes_executor.py for tasks to queue
[2023-12-03T23:11:17.385+0000] {logging_mixin.py:154} INFO - [2023-12-03T23:11:17.385+0000] {dagbag.py:536} INFO - Filling up the DagBag from /home/ubuntu/redfin/lib/python3.10/site-packages/airflow/example_dags/example_kubernetes_executor.py
[2023-12-03T23:11:17.389+0000] {logging_mixin.py:154} INFO - [2023-12-03T23:11:17.389+0000] {example_kubernetes_executor.py:38} WARNING - The example_kubernetes_executor example DAG requires the kubernetes provider. Please install it with: pip install apache-airflow[cncf.kubernetes]
[2023-12-03T23:11:17.389+0000] {processor.py:841} WARNING - No viable dags retrieved from /home/ubuntu/redfin/lib/python3.10/site-packages/airflow/example_dags/example_kubernetes_executor.py
[2023-12-03T23:11:17.400+0000] {processor.py:179} INFO - Processing /home/ubuntu/redfin/lib/python3.10/site-packages/airflow/example_dags/example_kubernetes_executor.py took 0.020 seconds
[2023-12-03T23:12:02.288+0000] {processor.py:157} INFO - Started process (PID=4021) to work on /home/ubuntu/redfin/lib/python3.10/site-packages/airflow/example_dags/example_kubernetes_executor.py
[2023-12-03T23:12:02.289+0000] {processor.py:829} INFO - Processing file /home/ubuntu/redfin/lib/python3.10/site-packages/airflow/example_dags/example_kubernetes_executor.py for tasks to queue
[2023-12-03T23:12:02.290+0000] {logging_mixin.py:154} INFO - [2023-12-03T23:12:02.290+0000] {dagbag.py:536} INFO - Filling up the DagBag from /home/ubuntu/redfin/lib/python3.10/site-packages/airflow/example_dags/example_kubernetes_executor.py
[2023-12-03T23:12:02.294+0000] {logging_mixin.py:154} INFO - [2023-12-03T23:12:02.294+0000] {example_kubernetes_executor.py:38} WARNING - The example_kubernetes_executor example DAG requires the kubernetes provider. Please install it with: pip install apache-airflow[cncf.kubernetes]
[2023-12-03T23:12:02.294+0000] {processor.py:841} WARNING - No viable dags retrieved from /home/ubuntu/redfin/lib/python3.10/site-packages/airflow/example_dags/example_kubernetes_executor.py
[2023-12-03T23:12:02.306+0000] {processor.py:179} INFO - Processing /home/ubuntu/redfin/lib/python3.10/site-packages/airflow/example_dags/example_kubernetes_executor.py took 0.021 seconds
[2023-12-03T23:12:46.196+0000] {processor.py:157} INFO - Started process (PID=4070) to work on /home/ubuntu/redfin/lib/python3.10/site-packages/airflow/example_dags/example_kubernetes_executor.py
[2023-12-03T23:12:46.198+0000] {processor.py:829} INFO - Processing file /home/ubuntu/redfin/lib/python3.10/site-packages/airflow/example_dags/example_kubernetes_executor.py for tasks to queue
[2023-12-03T23:12:46.199+0000] {logging_mixin.py:154} INFO - [2023-12-03T23:12:46.198+0000] {dagbag.py:536} INFO - Filling up the DagBag from /home/ubuntu/redfin/lib/python3.10/site-packages/airflow/example_dags/example_kubernetes_executor.py
[2023-12-03T23:12:46.202+0000] {logging_mixin.py:154} INFO - [2023-12-03T23:12:46.202+0000] {example_kubernetes_executor.py:38} WARNING - The example_kubernetes_executor example DAG requires the kubernetes provider. Please install it with: pip install apache-airflow[cncf.kubernetes]
[2023-12-03T23:12:46.203+0000] {processor.py:841} WARNING - No viable dags retrieved from /home/ubuntu/redfin/lib/python3.10/site-packages/airflow/example_dags/example_kubernetes_executor.py
[2023-12-03T23:12:46.214+0000] {processor.py:179} INFO - Processing /home/ubuntu/redfin/lib/python3.10/site-packages/airflow/example_dags/example_kubernetes_executor.py took 0.022 seconds
[2023-12-03T23:13:32.308+0000] {processor.py:157} INFO - Started process (PID=4120) to work on /home/ubuntu/redfin/lib/python3.10/site-packages/airflow/example_dags/example_kubernetes_executor.py
[2023-12-03T23:13:32.309+0000] {processor.py:829} INFO - Processing file /home/ubuntu/redfin/lib/python3.10/site-packages/airflow/example_dags/example_kubernetes_executor.py for tasks to queue
[2023-12-03T23:13:32.310+0000] {logging_mixin.py:154} INFO - [2023-12-03T23:13:32.310+0000] {dagbag.py:536} INFO - Filling up the DagBag from /home/ubuntu/redfin/lib/python3.10/site-packages/airflow/example_dags/example_kubernetes_executor.py
[2023-12-03T23:13:32.313+0000] {logging_mixin.py:154} INFO - [2023-12-03T23:13:32.313+0000] {example_kubernetes_executor.py:38} WARNING - The example_kubernetes_executor example DAG requires the kubernetes provider. Please install it with: pip install apache-airflow[cncf.kubernetes]
[2023-12-03T23:13:32.314+0000] {processor.py:841} WARNING - No viable dags retrieved from /home/ubuntu/redfin/lib/python3.10/site-packages/airflow/example_dags/example_kubernetes_executor.py
[2023-12-03T23:13:32.325+0000] {processor.py:179} INFO - Processing /home/ubuntu/redfin/lib/python3.10/site-packages/airflow/example_dags/example_kubernetes_executor.py took 0.021 seconds
[2023-12-03T23:14:17.793+0000] {processor.py:157} INFO - Started process (PID=4169) to work on /home/ubuntu/redfin/lib/python3.10/site-packages/airflow/example_dags/example_kubernetes_executor.py
[2023-12-03T23:14:17.795+0000] {processor.py:829} INFO - Processing file /home/ubuntu/redfin/lib/python3.10/site-packages/airflow/example_dags/example_kubernetes_executor.py for tasks to queue
[2023-12-03T23:14:17.796+0000] {logging_mixin.py:154} INFO - [2023-12-03T23:14:17.795+0000] {dagbag.py:536} INFO - Filling up the DagBag from /home/ubuntu/redfin/lib/python3.10/site-packages/airflow/example_dags/example_kubernetes_executor.py
[2023-12-03T23:14:17.799+0000] {logging_mixin.py:154} INFO - [2023-12-03T23:14:17.799+0000] {example_kubernetes_executor.py:38} WARNING - The example_kubernetes_executor example DAG requires the kubernetes provider. Please install it with: pip install apache-airflow[cncf.kubernetes]
[2023-12-03T23:14:17.800+0000] {processor.py:841} WARNING - No viable dags retrieved from /home/ubuntu/redfin/lib/python3.10/site-packages/airflow/example_dags/example_kubernetes_executor.py
[2023-12-03T23:14:17.811+0000] {processor.py:179} INFO - Processing /home/ubuntu/redfin/lib/python3.10/site-packages/airflow/example_dags/example_kubernetes_executor.py took 0.021 seconds
[2023-12-03T23:15:06.888+0000] {processor.py:157} INFO - Started process (PID=4221) to work on /home/ubuntu/redfin/lib/python3.10/site-packages/airflow/example_dags/example_kubernetes_executor.py
[2023-12-03T23:15:06.890+0000] {processor.py:829} INFO - Processing file /home/ubuntu/redfin/lib/python3.10/site-packages/airflow/example_dags/example_kubernetes_executor.py for tasks to queue
[2023-12-03T23:15:06.890+0000] {logging_mixin.py:154} INFO - [2023-12-03T23:15:06.890+0000] {dagbag.py:536} INFO - Filling up the DagBag from /home/ubuntu/redfin/lib/python3.10/site-packages/airflow/example_dags/example_kubernetes_executor.py
[2023-12-03T23:15:06.894+0000] {logging_mixin.py:154} INFO - [2023-12-03T23:15:06.894+0000] {example_kubernetes_executor.py:38} WARNING - The example_kubernetes_executor example DAG requires the kubernetes provider. Please install it with: pip install apache-airflow[cncf.kubernetes]
[2023-12-03T23:15:06.894+0000] {processor.py:841} WARNING - No viable dags retrieved from /home/ubuntu/redfin/lib/python3.10/site-packages/airflow/example_dags/example_kubernetes_executor.py
[2023-12-03T23:15:06.905+0000] {processor.py:179} INFO - Processing /home/ubuntu/redfin/lib/python3.10/site-packages/airflow/example_dags/example_kubernetes_executor.py took 0.020 seconds
[2023-12-03T23:15:56.453+0000] {processor.py:157} INFO - Started process (PID=4277) to work on /home/ubuntu/redfin/lib/python3.10/site-packages/airflow/example_dags/example_kubernetes_executor.py
[2023-12-03T23:15:56.454+0000] {processor.py:829} INFO - Processing file /home/ubuntu/redfin/lib/python3.10/site-packages/airflow/example_dags/example_kubernetes_executor.py for tasks to queue
[2023-12-03T23:15:56.455+0000] {logging_mixin.py:154} INFO - [2023-12-03T23:15:56.455+0000] {dagbag.py:536} INFO - Filling up the DagBag from /home/ubuntu/redfin/lib/python3.10/site-packages/airflow/example_dags/example_kubernetes_executor.py
[2023-12-03T23:15:56.458+0000] {logging_mixin.py:154} INFO - [2023-12-03T23:15:56.458+0000] {example_kubernetes_executor.py:38} WARNING - The example_kubernetes_executor example DAG requires the kubernetes provider. Please install it with: pip install apache-airflow[cncf.kubernetes]
[2023-12-03T23:15:56.459+0000] {processor.py:841} WARNING - No viable dags retrieved from /home/ubuntu/redfin/lib/python3.10/site-packages/airflow/example_dags/example_kubernetes_executor.py
[2023-12-03T23:15:56.469+0000] {processor.py:179} INFO - Processing /home/ubuntu/redfin/lib/python3.10/site-packages/airflow/example_dags/example_kubernetes_executor.py took 0.020 seconds
[2023-12-03T23:16:43.034+0000] {processor.py:157} INFO - Started process (PID=4328) to work on /home/ubuntu/redfin/lib/python3.10/site-packages/airflow/example_dags/example_kubernetes_executor.py
[2023-12-03T23:16:43.036+0000] {processor.py:829} INFO - Processing file /home/ubuntu/redfin/lib/python3.10/site-packages/airflow/example_dags/example_kubernetes_executor.py for tasks to queue
[2023-12-03T23:16:43.037+0000] {logging_mixin.py:154} INFO - [2023-12-03T23:16:43.036+0000] {dagbag.py:536} INFO - Filling up the DagBag from /home/ubuntu/redfin/lib/python3.10/site-packages/airflow/example_dags/example_kubernetes_executor.py
[2023-12-03T23:16:43.040+0000] {logging_mixin.py:154} INFO - [2023-12-03T23:16:43.040+0000] {example_kubernetes_executor.py:38} WARNING - The example_kubernetes_executor example DAG requires the kubernetes provider. Please install it with: pip install apache-airflow[cncf.kubernetes]
[2023-12-03T23:16:43.040+0000] {processor.py:841} WARNING - No viable dags retrieved from /home/ubuntu/redfin/lib/python3.10/site-packages/airflow/example_dags/example_kubernetes_executor.py
[2023-12-03T23:16:43.051+0000] {processor.py:179} INFO - Processing /home/ubuntu/redfin/lib/python3.10/site-packages/airflow/example_dags/example_kubernetes_executor.py took 0.020 seconds
[2023-12-03T23:17:30.286+0000] {processor.py:157} INFO - Started process (PID=4385) to work on /home/ubuntu/redfin/lib/python3.10/site-packages/airflow/example_dags/example_kubernetes_executor.py
[2023-12-03T23:17:30.287+0000] {processor.py:829} INFO - Processing file /home/ubuntu/redfin/lib/python3.10/site-packages/airflow/example_dags/example_kubernetes_executor.py for tasks to queue
[2023-12-03T23:17:30.288+0000] {logging_mixin.py:154} INFO - [2023-12-03T23:17:30.288+0000] {dagbag.py:536} INFO - Filling up the DagBag from /home/ubuntu/redfin/lib/python3.10/site-packages/airflow/example_dags/example_kubernetes_executor.py
[2023-12-03T23:17:30.292+0000] {logging_mixin.py:154} INFO - [2023-12-03T23:17:30.291+0000] {example_kubernetes_executor.py:38} WARNING - The example_kubernetes_executor example DAG requires the kubernetes provider. Please install it with: pip install apache-airflow[cncf.kubernetes]
[2023-12-03T23:17:30.292+0000] {processor.py:841} WARNING - No viable dags retrieved from /home/ubuntu/redfin/lib/python3.10/site-packages/airflow/example_dags/example_kubernetes_executor.py
[2023-12-03T23:17:30.303+0000] {processor.py:179} INFO - Processing /home/ubuntu/redfin/lib/python3.10/site-packages/airflow/example_dags/example_kubernetes_executor.py took 0.021 seconds
[2023-12-03T23:18:15.245+0000] {processor.py:157} INFO - Started process (PID=4434) to work on /home/ubuntu/redfin/lib/python3.10/site-packages/airflow/example_dags/example_kubernetes_executor.py
[2023-12-03T23:18:15.246+0000] {processor.py:829} INFO - Processing file /home/ubuntu/redfin/lib/python3.10/site-packages/airflow/example_dags/example_kubernetes_executor.py for tasks to queue
[2023-12-03T23:18:15.247+0000] {logging_mixin.py:154} INFO - [2023-12-03T23:18:15.247+0000] {dagbag.py:536} INFO - Filling up the DagBag from /home/ubuntu/redfin/lib/python3.10/site-packages/airflow/example_dags/example_kubernetes_executor.py
[2023-12-03T23:18:15.251+0000] {logging_mixin.py:154} INFO - [2023-12-03T23:18:15.251+0000] {example_kubernetes_executor.py:38} WARNING - The example_kubernetes_executor example DAG requires the kubernetes provider. Please install it with: pip install apache-airflow[cncf.kubernetes]
[2023-12-03T23:18:15.251+0000] {processor.py:841} WARNING - No viable dags retrieved from /home/ubuntu/redfin/lib/python3.10/site-packages/airflow/example_dags/example_kubernetes_executor.py
[2023-12-03T23:18:15.262+0000] {processor.py:179} INFO - Processing /home/ubuntu/redfin/lib/python3.10/site-packages/airflow/example_dags/example_kubernetes_executor.py took 0.021 seconds
[2023-12-03T23:18:59.265+0000] {processor.py:157} INFO - Started process (PID=4485) to work on /home/ubuntu/redfin/lib/python3.10/site-packages/airflow/example_dags/example_kubernetes_executor.py
[2023-12-03T23:18:59.267+0000] {processor.py:829} INFO - Processing file /home/ubuntu/redfin/lib/python3.10/site-packages/airflow/example_dags/example_kubernetes_executor.py for tasks to queue
[2023-12-03T23:18:59.268+0000] {logging_mixin.py:154} INFO - [2023-12-03T23:18:59.267+0000] {dagbag.py:536} INFO - Filling up the DagBag from /home/ubuntu/redfin/lib/python3.10/site-packages/airflow/example_dags/example_kubernetes_executor.py
[2023-12-03T23:18:59.271+0000] {logging_mixin.py:154} INFO - [2023-12-03T23:18:59.271+0000] {example_kubernetes_executor.py:38} WARNING - The example_kubernetes_executor example DAG requires the kubernetes provider. Please install it with: pip install apache-airflow[cncf.kubernetes]
[2023-12-03T23:18:59.271+0000] {processor.py:841} WARNING - No viable dags retrieved from /home/ubuntu/redfin/lib/python3.10/site-packages/airflow/example_dags/example_kubernetes_executor.py
[2023-12-03T23:18:59.282+0000] {processor.py:179} INFO - Processing /home/ubuntu/redfin/lib/python3.10/site-packages/airflow/example_dags/example_kubernetes_executor.py took 0.021 seconds
[2023-12-03T23:19:46.850+0000] {processor.py:157} INFO - Started process (PID=4536) to work on /home/ubuntu/redfin/lib/python3.10/site-packages/airflow/example_dags/example_kubernetes_executor.py
[2023-12-03T23:19:46.852+0000] {processor.py:829} INFO - Processing file /home/ubuntu/redfin/lib/python3.10/site-packages/airflow/example_dags/example_kubernetes_executor.py for tasks to queue
[2023-12-03T23:19:46.853+0000] {logging_mixin.py:154} INFO - [2023-12-03T23:19:46.852+0000] {dagbag.py:536} INFO - Filling up the DagBag from /home/ubuntu/redfin/lib/python3.10/site-packages/airflow/example_dags/example_kubernetes_executor.py
[2023-12-03T23:19:46.856+0000] {logging_mixin.py:154} INFO - [2023-12-03T23:19:46.856+0000] {example_kubernetes_executor.py:38} WARNING - The example_kubernetes_executor example DAG requires the kubernetes provider. Please install it with: pip install apache-airflow[cncf.kubernetes]
[2023-12-03T23:19:46.856+0000] {processor.py:841} WARNING - No viable dags retrieved from /home/ubuntu/redfin/lib/python3.10/site-packages/airflow/example_dags/example_kubernetes_executor.py
[2023-12-03T23:19:46.867+0000] {processor.py:179} INFO - Processing /home/ubuntu/redfin/lib/python3.10/site-packages/airflow/example_dags/example_kubernetes_executor.py took 0.021 seconds
[2023-12-03T23:20:29.373+0000] {processor.py:157} INFO - Started process (PID=4584) to work on /home/ubuntu/redfin/lib/python3.10/site-packages/airflow/example_dags/example_kubernetes_executor.py
[2023-12-03T23:20:29.374+0000] {processor.py:829} INFO - Processing file /home/ubuntu/redfin/lib/python3.10/site-packages/airflow/example_dags/example_kubernetes_executor.py for tasks to queue
[2023-12-03T23:20:29.375+0000] {logging_mixin.py:154} INFO - [2023-12-03T23:20:29.375+0000] {dagbag.py:536} INFO - Filling up the DagBag from /home/ubuntu/redfin/lib/python3.10/site-packages/airflow/example_dags/example_kubernetes_executor.py
[2023-12-03T23:20:29.379+0000] {logging_mixin.py:154} INFO - [2023-12-03T23:20:29.379+0000] {example_kubernetes_executor.py:38} WARNING - The example_kubernetes_executor example DAG requires the kubernetes provider. Please install it with: pip install apache-airflow[cncf.kubernetes]
[2023-12-03T23:20:29.379+0000] {processor.py:841} WARNING - No viable dags retrieved from /home/ubuntu/redfin/lib/python3.10/site-packages/airflow/example_dags/example_kubernetes_executor.py
[2023-12-03T23:20:29.390+0000] {processor.py:179} INFO - Processing /home/ubuntu/redfin/lib/python3.10/site-packages/airflow/example_dags/example_kubernetes_executor.py took 0.021 seconds
[2023-12-03T23:21:14.806+0000] {processor.py:157} INFO - Started process (PID=4636) to work on /home/ubuntu/redfin/lib/python3.10/site-packages/airflow/example_dags/example_kubernetes_executor.py
[2023-12-03T23:21:14.808+0000] {processor.py:829} INFO - Processing file /home/ubuntu/redfin/lib/python3.10/site-packages/airflow/example_dags/example_kubernetes_executor.py for tasks to queue
[2023-12-03T23:21:14.808+0000] {logging_mixin.py:154} INFO - [2023-12-03T23:21:14.808+0000] {dagbag.py:536} INFO - Filling up the DagBag from /home/ubuntu/redfin/lib/python3.10/site-packages/airflow/example_dags/example_kubernetes_executor.py
[2023-12-03T23:21:14.812+0000] {logging_mixin.py:154} INFO - [2023-12-03T23:21:14.812+0000] {example_kubernetes_executor.py:38} WARNING - The example_kubernetes_executor example DAG requires the kubernetes provider. Please install it with: pip install apache-airflow[cncf.kubernetes]
[2023-12-03T23:21:14.812+0000] {processor.py:841} WARNING - No viable dags retrieved from /home/ubuntu/redfin/lib/python3.10/site-packages/airflow/example_dags/example_kubernetes_executor.py
[2023-12-03T23:21:14.824+0000] {processor.py:179} INFO - Processing /home/ubuntu/redfin/lib/python3.10/site-packages/airflow/example_dags/example_kubernetes_executor.py took 0.022 seconds
[2023-12-03T23:21:59.097+0000] {processor.py:157} INFO - Started process (PID=4683) to work on /home/ubuntu/redfin/lib/python3.10/site-packages/airflow/example_dags/example_kubernetes_executor.py
[2023-12-03T23:21:59.099+0000] {processor.py:829} INFO - Processing file /home/ubuntu/redfin/lib/python3.10/site-packages/airflow/example_dags/example_kubernetes_executor.py for tasks to queue
[2023-12-03T23:21:59.100+0000] {logging_mixin.py:154} INFO - [2023-12-03T23:21:59.099+0000] {dagbag.py:536} INFO - Filling up the DagBag from /home/ubuntu/redfin/lib/python3.10/site-packages/airflow/example_dags/example_kubernetes_executor.py
[2023-12-03T23:21:59.103+0000] {logging_mixin.py:154} INFO - [2023-12-03T23:21:59.103+0000] {example_kubernetes_executor.py:38} WARNING - The example_kubernetes_executor example DAG requires the kubernetes provider. Please install it with: pip install apache-airflow[cncf.kubernetes]
[2023-12-03T23:21:59.103+0000] {processor.py:841} WARNING - No viable dags retrieved from /home/ubuntu/redfin/lib/python3.10/site-packages/airflow/example_dags/example_kubernetes_executor.py
[2023-12-03T23:21:59.114+0000] {processor.py:179} INFO - Processing /home/ubuntu/redfin/lib/python3.10/site-packages/airflow/example_dags/example_kubernetes_executor.py took 0.021 seconds
[2023-12-03T23:22:47.450+0000] {processor.py:157} INFO - Started process (PID=4736) to work on /home/ubuntu/redfin/lib/python3.10/site-packages/airflow/example_dags/example_kubernetes_executor.py
[2023-12-03T23:22:47.451+0000] {processor.py:829} INFO - Processing file /home/ubuntu/redfin/lib/python3.10/site-packages/airflow/example_dags/example_kubernetes_executor.py for tasks to queue
[2023-12-03T23:22:47.452+0000] {logging_mixin.py:154} INFO - [2023-12-03T23:22:47.452+0000] {dagbag.py:536} INFO - Filling up the DagBag from /home/ubuntu/redfin/lib/python3.10/site-packages/airflow/example_dags/example_kubernetes_executor.py
[2023-12-03T23:22:47.456+0000] {logging_mixin.py:154} INFO - [2023-12-03T23:22:47.456+0000] {example_kubernetes_executor.py:38} WARNING - The example_kubernetes_executor example DAG requires the kubernetes provider. Please install it with: pip install apache-airflow[cncf.kubernetes]
[2023-12-03T23:22:47.456+0000] {processor.py:841} WARNING - No viable dags retrieved from /home/ubuntu/redfin/lib/python3.10/site-packages/airflow/example_dags/example_kubernetes_executor.py
[2023-12-03T23:22:47.467+0000] {processor.py:179} INFO - Processing /home/ubuntu/redfin/lib/python3.10/site-packages/airflow/example_dags/example_kubernetes_executor.py took 0.021 seconds
[2023-12-03T23:23:32.691+0000] {processor.py:157} INFO - Started process (PID=4786) to work on /home/ubuntu/redfin/lib/python3.10/site-packages/airflow/example_dags/example_kubernetes_executor.py
[2023-12-03T23:23:32.692+0000] {processor.py:829} INFO - Processing file /home/ubuntu/redfin/lib/python3.10/site-packages/airflow/example_dags/example_kubernetes_executor.py for tasks to queue
[2023-12-03T23:23:32.693+0000] {logging_mixin.py:154} INFO - [2023-12-03T23:23:32.692+0000] {dagbag.py:536} INFO - Filling up the DagBag from /home/ubuntu/redfin/lib/python3.10/site-packages/airflow/example_dags/example_kubernetes_executor.py
[2023-12-03T23:23:32.696+0000] {logging_mixin.py:154} INFO - [2023-12-03T23:23:32.696+0000] {example_kubernetes_executor.py:38} WARNING - The example_kubernetes_executor example DAG requires the kubernetes provider. Please install it with: pip install apache-airflow[cncf.kubernetes]
[2023-12-03T23:23:32.696+0000] {processor.py:841} WARNING - No viable dags retrieved from /home/ubuntu/redfin/lib/python3.10/site-packages/airflow/example_dags/example_kubernetes_executor.py
[2023-12-03T23:23:32.708+0000] {processor.py:179} INFO - Processing /home/ubuntu/redfin/lib/python3.10/site-packages/airflow/example_dags/example_kubernetes_executor.py took 0.021 seconds
[2023-12-03T23:24:21.547+0000] {processor.py:157} INFO - Started process (PID=4840) to work on /home/ubuntu/redfin/lib/python3.10/site-packages/airflow/example_dags/example_kubernetes_executor.py
[2023-12-03T23:24:21.548+0000] {processor.py:829} INFO - Processing file /home/ubuntu/redfin/lib/python3.10/site-packages/airflow/example_dags/example_kubernetes_executor.py for tasks to queue
[2023-12-03T23:24:21.549+0000] {logging_mixin.py:154} INFO - [2023-12-03T23:24:21.549+0000] {dagbag.py:536} INFO - Filling up the DagBag from /home/ubuntu/redfin/lib/python3.10/site-packages/airflow/example_dags/example_kubernetes_executor.py
[2023-12-03T23:24:21.553+0000] {logging_mixin.py:154} INFO - [2023-12-03T23:24:21.553+0000] {example_kubernetes_executor.py:38} WARNING - The example_kubernetes_executor example DAG requires the kubernetes provider. Please install it with: pip install apache-airflow[cncf.kubernetes]
[2023-12-03T23:24:21.554+0000] {processor.py:841} WARNING - No viable dags retrieved from /home/ubuntu/redfin/lib/python3.10/site-packages/airflow/example_dags/example_kubernetes_executor.py
[2023-12-03T23:24:21.566+0000] {processor.py:179} INFO - Processing /home/ubuntu/redfin/lib/python3.10/site-packages/airflow/example_dags/example_kubernetes_executor.py took 0.023 seconds
[2023-12-03T23:25:09.044+0000] {processor.py:157} INFO - Started process (PID=4890) to work on /home/ubuntu/redfin/lib/python3.10/site-packages/airflow/example_dags/example_kubernetes_executor.py
[2023-12-03T23:25:09.046+0000] {processor.py:829} INFO - Processing file /home/ubuntu/redfin/lib/python3.10/site-packages/airflow/example_dags/example_kubernetes_executor.py for tasks to queue
[2023-12-03T23:25:09.047+0000] {logging_mixin.py:154} INFO - [2023-12-03T23:25:09.046+0000] {dagbag.py:536} INFO - Filling up the DagBag from /home/ubuntu/redfin/lib/python3.10/site-packages/airflow/example_dags/example_kubernetes_executor.py
[2023-12-03T23:25:09.050+0000] {logging_mixin.py:154} INFO - [2023-12-03T23:25:09.050+0000] {example_kubernetes_executor.py:38} WARNING - The example_kubernetes_executor example DAG requires the kubernetes provider. Please install it with: pip install apache-airflow[cncf.kubernetes]
[2023-12-03T23:25:09.051+0000] {processor.py:841} WARNING - No viable dags retrieved from /home/ubuntu/redfin/lib/python3.10/site-packages/airflow/example_dags/example_kubernetes_executor.py
[2023-12-03T23:25:09.063+0000] {processor.py:179} INFO - Processing /home/ubuntu/redfin/lib/python3.10/site-packages/airflow/example_dags/example_kubernetes_executor.py took 0.023 seconds
[2023-12-03T23:25:56.366+0000] {processor.py:157} INFO - Started process (PID=4945) to work on /home/ubuntu/redfin/lib/python3.10/site-packages/airflow/example_dags/example_kubernetes_executor.py
[2023-12-03T23:25:56.367+0000] {processor.py:829} INFO - Processing file /home/ubuntu/redfin/lib/python3.10/site-packages/airflow/example_dags/example_kubernetes_executor.py for tasks to queue
[2023-12-03T23:25:56.368+0000] {logging_mixin.py:154} INFO - [2023-12-03T23:25:56.368+0000] {dagbag.py:536} INFO - Filling up the DagBag from /home/ubuntu/redfin/lib/python3.10/site-packages/airflow/example_dags/example_kubernetes_executor.py
[2023-12-03T23:25:56.372+0000] {logging_mixin.py:154} INFO - [2023-12-03T23:25:56.372+0000] {example_kubernetes_executor.py:38} WARNING - The example_kubernetes_executor example DAG requires the kubernetes provider. Please install it with: pip install apache-airflow[cncf.kubernetes]
[2023-12-03T23:25:56.372+0000] {processor.py:841} WARNING - No viable dags retrieved from /home/ubuntu/redfin/lib/python3.10/site-packages/airflow/example_dags/example_kubernetes_executor.py
[2023-12-03T23:25:56.383+0000] {processor.py:179} INFO - Processing /home/ubuntu/redfin/lib/python3.10/site-packages/airflow/example_dags/example_kubernetes_executor.py took 0.021 seconds
[2023-12-03T23:26:43.596+0000] {processor.py:157} INFO - Started process (PID=4997) to work on /home/ubuntu/redfin/lib/python3.10/site-packages/airflow/example_dags/example_kubernetes_executor.py
[2023-12-03T23:26:43.598+0000] {processor.py:829} INFO - Processing file /home/ubuntu/redfin/lib/python3.10/site-packages/airflow/example_dags/example_kubernetes_executor.py for tasks to queue
[2023-12-03T23:26:43.599+0000] {logging_mixin.py:154} INFO - [2023-12-03T23:26:43.598+0000] {dagbag.py:536} INFO - Filling up the DagBag from /home/ubuntu/redfin/lib/python3.10/site-packages/airflow/example_dags/example_kubernetes_executor.py
[2023-12-03T23:26:43.602+0000] {logging_mixin.py:154} INFO - [2023-12-03T23:26:43.602+0000] {example_kubernetes_executor.py:38} WARNING - The example_kubernetes_executor example DAG requires the kubernetes provider. Please install it with: pip install apache-airflow[cncf.kubernetes]
[2023-12-03T23:26:43.603+0000] {processor.py:841} WARNING - No viable dags retrieved from /home/ubuntu/redfin/lib/python3.10/site-packages/airflow/example_dags/example_kubernetes_executor.py
[2023-12-03T23:26:43.614+0000] {processor.py:179} INFO - Processing /home/ubuntu/redfin/lib/python3.10/site-packages/airflow/example_dags/example_kubernetes_executor.py took 0.021 seconds
[2023-12-03T23:27:27.771+0000] {processor.py:157} INFO - Started process (PID=5046) to work on /home/ubuntu/redfin/lib/python3.10/site-packages/airflow/example_dags/example_kubernetes_executor.py
[2023-12-03T23:27:27.773+0000] {processor.py:829} INFO - Processing file /home/ubuntu/redfin/lib/python3.10/site-packages/airflow/example_dags/example_kubernetes_executor.py for tasks to queue
[2023-12-03T23:27:27.774+0000] {logging_mixin.py:154} INFO - [2023-12-03T23:27:27.773+0000] {dagbag.py:536} INFO - Filling up the DagBag from /home/ubuntu/redfin/lib/python3.10/site-packages/airflow/example_dags/example_kubernetes_executor.py
[2023-12-03T23:27:27.777+0000] {logging_mixin.py:154} INFO - [2023-12-03T23:27:27.777+0000] {example_kubernetes_executor.py:38} WARNING - The example_kubernetes_executor example DAG requires the kubernetes provider. Please install it with: pip install apache-airflow[cncf.kubernetes]
[2023-12-03T23:27:27.777+0000] {processor.py:841} WARNING - No viable dags retrieved from /home/ubuntu/redfin/lib/python3.10/site-packages/airflow/example_dags/example_kubernetes_executor.py
[2023-12-03T23:27:27.789+0000] {processor.py:179} INFO - Processing /home/ubuntu/redfin/lib/python3.10/site-packages/airflow/example_dags/example_kubernetes_executor.py took 0.021 seconds
[2023-12-03T23:28:14.899+0000] {processor.py:157} INFO - Started process (PID=5098) to work on /home/ubuntu/redfin/lib/python3.10/site-packages/airflow/example_dags/example_kubernetes_executor.py
[2023-12-03T23:28:14.900+0000] {processor.py:829} INFO - Processing file /home/ubuntu/redfin/lib/python3.10/site-packages/airflow/example_dags/example_kubernetes_executor.py for tasks to queue
[2023-12-03T23:28:14.901+0000] {logging_mixin.py:154} INFO - [2023-12-03T23:28:14.901+0000] {dagbag.py:536} INFO - Filling up the DagBag from /home/ubuntu/redfin/lib/python3.10/site-packages/airflow/example_dags/example_kubernetes_executor.py
[2023-12-03T23:28:14.905+0000] {logging_mixin.py:154} INFO - [2023-12-03T23:28:14.905+0000] {example_kubernetes_executor.py:38} WARNING - The example_kubernetes_executor example DAG requires the kubernetes provider. Please install it with: pip install apache-airflow[cncf.kubernetes]
[2023-12-03T23:28:14.905+0000] {processor.py:841} WARNING - No viable dags retrieved from /home/ubuntu/redfin/lib/python3.10/site-packages/airflow/example_dags/example_kubernetes_executor.py
[2023-12-03T23:28:14.916+0000] {processor.py:179} INFO - Processing /home/ubuntu/redfin/lib/python3.10/site-packages/airflow/example_dags/example_kubernetes_executor.py took 0.021 seconds
[2023-12-03T23:29:03.432+0000] {processor.py:157} INFO - Started process (PID=5149) to work on /home/ubuntu/redfin/lib/python3.10/site-packages/airflow/example_dags/example_kubernetes_executor.py
[2023-12-03T23:29:03.433+0000] {processor.py:829} INFO - Processing file /home/ubuntu/redfin/lib/python3.10/site-packages/airflow/example_dags/example_kubernetes_executor.py for tasks to queue
[2023-12-03T23:29:03.434+0000] {logging_mixin.py:154} INFO - [2023-12-03T23:29:03.433+0000] {dagbag.py:536} INFO - Filling up the DagBag from /home/ubuntu/redfin/lib/python3.10/site-packages/airflow/example_dags/example_kubernetes_executor.py
[2023-12-03T23:29:03.437+0000] {logging_mixin.py:154} INFO - [2023-12-03T23:29:03.437+0000] {example_kubernetes_executor.py:38} WARNING - The example_kubernetes_executor example DAG requires the kubernetes provider. Please install it with: pip install apache-airflow[cncf.kubernetes]
[2023-12-03T23:29:03.438+0000] {processor.py:841} WARNING - No viable dags retrieved from /home/ubuntu/redfin/lib/python3.10/site-packages/airflow/example_dags/example_kubernetes_executor.py
[2023-12-03T23:29:03.449+0000] {processor.py:179} INFO - Processing /home/ubuntu/redfin/lib/python3.10/site-packages/airflow/example_dags/example_kubernetes_executor.py took 0.021 seconds
[2023-12-03T23:29:51.817+0000] {processor.py:157} INFO - Started process (PID=5205) to work on /home/ubuntu/redfin/lib/python3.10/site-packages/airflow/example_dags/example_kubernetes_executor.py
[2023-12-03T23:29:51.819+0000] {processor.py:829} INFO - Processing file /home/ubuntu/redfin/lib/python3.10/site-packages/airflow/example_dags/example_kubernetes_executor.py for tasks to queue
[2023-12-03T23:29:51.819+0000] {logging_mixin.py:154} INFO - [2023-12-03T23:29:51.819+0000] {dagbag.py:536} INFO - Filling up the DagBag from /home/ubuntu/redfin/lib/python3.10/site-packages/airflow/example_dags/example_kubernetes_executor.py
[2023-12-03T23:29:51.823+0000] {logging_mixin.py:154} INFO - [2023-12-03T23:29:51.823+0000] {example_kubernetes_executor.py:38} WARNING - The example_kubernetes_executor example DAG requires the kubernetes provider. Please install it with: pip install apache-airflow[cncf.kubernetes]
[2023-12-03T23:29:51.823+0000] {processor.py:841} WARNING - No viable dags retrieved from /home/ubuntu/redfin/lib/python3.10/site-packages/airflow/example_dags/example_kubernetes_executor.py
[2023-12-03T23:29:51.834+0000] {processor.py:179} INFO - Processing /home/ubuntu/redfin/lib/python3.10/site-packages/airflow/example_dags/example_kubernetes_executor.py took 0.021 seconds
[2023-12-03T23:30:38.841+0000] {processor.py:157} INFO - Started process (PID=5256) to work on /home/ubuntu/redfin/lib/python3.10/site-packages/airflow/example_dags/example_kubernetes_executor.py
[2023-12-03T23:30:38.843+0000] {processor.py:829} INFO - Processing file /home/ubuntu/redfin/lib/python3.10/site-packages/airflow/example_dags/example_kubernetes_executor.py for tasks to queue
[2023-12-03T23:30:38.844+0000] {logging_mixin.py:154} INFO - [2023-12-03T23:30:38.843+0000] {dagbag.py:536} INFO - Filling up the DagBag from /home/ubuntu/redfin/lib/python3.10/site-packages/airflow/example_dags/example_kubernetes_executor.py
[2023-12-03T23:30:38.847+0000] {logging_mixin.py:154} INFO - [2023-12-03T23:30:38.847+0000] {example_kubernetes_executor.py:38} WARNING - The example_kubernetes_executor example DAG requires the kubernetes provider. Please install it with: pip install apache-airflow[cncf.kubernetes]
[2023-12-03T23:30:38.848+0000] {processor.py:841} WARNING - No viable dags retrieved from /home/ubuntu/redfin/lib/python3.10/site-packages/airflow/example_dags/example_kubernetes_executor.py
[2023-12-03T23:30:38.859+0000] {processor.py:179} INFO - Processing /home/ubuntu/redfin/lib/python3.10/site-packages/airflow/example_dags/example_kubernetes_executor.py took 0.021 seconds
[2023-12-03T23:31:25.537+0000] {processor.py:157} INFO - Started process (PID=5306) to work on /home/ubuntu/redfin/lib/python3.10/site-packages/airflow/example_dags/example_kubernetes_executor.py
[2023-12-03T23:31:25.538+0000] {processor.py:829} INFO - Processing file /home/ubuntu/redfin/lib/python3.10/site-packages/airflow/example_dags/example_kubernetes_executor.py for tasks to queue
[2023-12-03T23:31:25.539+0000] {logging_mixin.py:154} INFO - [2023-12-03T23:31:25.539+0000] {dagbag.py:536} INFO - Filling up the DagBag from /home/ubuntu/redfin/lib/python3.10/site-packages/airflow/example_dags/example_kubernetes_executor.py
[2023-12-03T23:31:25.543+0000] {logging_mixin.py:154} INFO - [2023-12-03T23:31:25.543+0000] {example_kubernetes_executor.py:38} WARNING - The example_kubernetes_executor example DAG requires the kubernetes provider. Please install it with: pip install apache-airflow[cncf.kubernetes]
[2023-12-03T23:31:25.543+0000] {processor.py:841} WARNING - No viable dags retrieved from /home/ubuntu/redfin/lib/python3.10/site-packages/airflow/example_dags/example_kubernetes_executor.py
[2023-12-03T23:31:25.554+0000] {processor.py:179} INFO - Processing /home/ubuntu/redfin/lib/python3.10/site-packages/airflow/example_dags/example_kubernetes_executor.py took 0.021 seconds
[2023-12-03T23:32:11.867+0000] {processor.py:157} INFO - Started process (PID=5359) to work on /home/ubuntu/redfin/lib/python3.10/site-packages/airflow/example_dags/example_kubernetes_executor.py
[2023-12-03T23:32:11.868+0000] {processor.py:829} INFO - Processing file /home/ubuntu/redfin/lib/python3.10/site-packages/airflow/example_dags/example_kubernetes_executor.py for tasks to queue
[2023-12-03T23:32:11.869+0000] {logging_mixin.py:154} INFO - [2023-12-03T23:32:11.869+0000] {dagbag.py:536} INFO - Filling up the DagBag from /home/ubuntu/redfin/lib/python3.10/site-packages/airflow/example_dags/example_kubernetes_executor.py
[2023-12-03T23:32:11.872+0000] {logging_mixin.py:154} INFO - [2023-12-03T23:32:11.872+0000] {example_kubernetes_executor.py:38} WARNING - The example_kubernetes_executor example DAG requires the kubernetes provider. Please install it with: pip install apache-airflow[cncf.kubernetes]
[2023-12-03T23:32:11.873+0000] {processor.py:841} WARNING - No viable dags retrieved from /home/ubuntu/redfin/lib/python3.10/site-packages/airflow/example_dags/example_kubernetes_executor.py
[2023-12-03T23:32:11.884+0000] {processor.py:179} INFO - Processing /home/ubuntu/redfin/lib/python3.10/site-packages/airflow/example_dags/example_kubernetes_executor.py took 0.021 seconds
[2023-12-03T23:32:56.204+0000] {processor.py:157} INFO - Started process (PID=5408) to work on /home/ubuntu/redfin/lib/python3.10/site-packages/airflow/example_dags/example_kubernetes_executor.py
[2023-12-03T23:32:56.206+0000] {processor.py:829} INFO - Processing file /home/ubuntu/redfin/lib/python3.10/site-packages/airflow/example_dags/example_kubernetes_executor.py for tasks to queue
[2023-12-03T23:32:56.206+0000] {logging_mixin.py:154} INFO - [2023-12-03T23:32:56.206+0000] {dagbag.py:536} INFO - Filling up the DagBag from /home/ubuntu/redfin/lib/python3.10/site-packages/airflow/example_dags/example_kubernetes_executor.py
[2023-12-03T23:32:56.210+0000] {logging_mixin.py:154} INFO - [2023-12-03T23:32:56.210+0000] {example_kubernetes_executor.py:38} WARNING - The example_kubernetes_executor example DAG requires the kubernetes provider. Please install it with: pip install apache-airflow[cncf.kubernetes]
[2023-12-03T23:32:56.210+0000] {processor.py:841} WARNING - No viable dags retrieved from /home/ubuntu/redfin/lib/python3.10/site-packages/airflow/example_dags/example_kubernetes_executor.py
[2023-12-03T23:32:56.222+0000] {processor.py:179} INFO - Processing /home/ubuntu/redfin/lib/python3.10/site-packages/airflow/example_dags/example_kubernetes_executor.py took 0.021 seconds
[2023-12-03T23:33:42.568+0000] {processor.py:157} INFO - Started process (PID=5458) to work on /home/ubuntu/redfin/lib/python3.10/site-packages/airflow/example_dags/example_kubernetes_executor.py
[2023-12-03T23:33:42.570+0000] {processor.py:829} INFO - Processing file /home/ubuntu/redfin/lib/python3.10/site-packages/airflow/example_dags/example_kubernetes_executor.py for tasks to queue
[2023-12-03T23:33:42.571+0000] {logging_mixin.py:154} INFO - [2023-12-03T23:33:42.570+0000] {dagbag.py:536} INFO - Filling up the DagBag from /home/ubuntu/redfin/lib/python3.10/site-packages/airflow/example_dags/example_kubernetes_executor.py
[2023-12-03T23:33:42.574+0000] {logging_mixin.py:154} INFO - [2023-12-03T23:33:42.574+0000] {example_kubernetes_executor.py:38} WARNING - The example_kubernetes_executor example DAG requires the kubernetes provider. Please install it with: pip install apache-airflow[cncf.kubernetes]
[2023-12-03T23:33:42.574+0000] {processor.py:841} WARNING - No viable dags retrieved from /home/ubuntu/redfin/lib/python3.10/site-packages/airflow/example_dags/example_kubernetes_executor.py
[2023-12-03T23:33:42.586+0000] {processor.py:179} INFO - Processing /home/ubuntu/redfin/lib/python3.10/site-packages/airflow/example_dags/example_kubernetes_executor.py took 0.021 seconds
[2023-12-03T23:34:30.074+0000] {processor.py:157} INFO - Started process (PID=5509) to work on /home/ubuntu/redfin/lib/python3.10/site-packages/airflow/example_dags/example_kubernetes_executor.py
[2023-12-03T23:34:30.075+0000] {processor.py:829} INFO - Processing file /home/ubuntu/redfin/lib/python3.10/site-packages/airflow/example_dags/example_kubernetes_executor.py for tasks to queue
[2023-12-03T23:34:30.076+0000] {logging_mixin.py:154} INFO - [2023-12-03T23:34:30.076+0000] {dagbag.py:536} INFO - Filling up the DagBag from /home/ubuntu/redfin/lib/python3.10/site-packages/airflow/example_dags/example_kubernetes_executor.py
[2023-12-03T23:34:30.080+0000] {logging_mixin.py:154} INFO - [2023-12-03T23:34:30.079+0000] {example_kubernetes_executor.py:38} WARNING - The example_kubernetes_executor example DAG requires the kubernetes provider. Please install it with: pip install apache-airflow[cncf.kubernetes]
[2023-12-03T23:34:30.080+0000] {processor.py:841} WARNING - No viable dags retrieved from /home/ubuntu/redfin/lib/python3.10/site-packages/airflow/example_dags/example_kubernetes_executor.py
[2023-12-03T23:34:30.091+0000] {processor.py:179} INFO - Processing /home/ubuntu/redfin/lib/python3.10/site-packages/airflow/example_dags/example_kubernetes_executor.py took 0.022 seconds
[2023-12-03T23:35:20.842+0000] {processor.py:157} INFO - Started process (PID=5564) to work on /home/ubuntu/redfin/lib/python3.10/site-packages/airflow/example_dags/example_kubernetes_executor.py
[2023-12-03T23:35:20.843+0000] {processor.py:829} INFO - Processing file /home/ubuntu/redfin/lib/python3.10/site-packages/airflow/example_dags/example_kubernetes_executor.py for tasks to queue
[2023-12-03T23:35:20.844+0000] {logging_mixin.py:154} INFO - [2023-12-03T23:35:20.844+0000] {dagbag.py:536} INFO - Filling up the DagBag from /home/ubuntu/redfin/lib/python3.10/site-packages/airflow/example_dags/example_kubernetes_executor.py
[2023-12-03T23:35:20.848+0000] {logging_mixin.py:154} INFO - [2023-12-03T23:35:20.847+0000] {example_kubernetes_executor.py:38} WARNING - The example_kubernetes_executor example DAG requires the kubernetes provider. Please install it with: pip install apache-airflow[cncf.kubernetes]
[2023-12-03T23:35:20.848+0000] {processor.py:841} WARNING - No viable dags retrieved from /home/ubuntu/redfin/lib/python3.10/site-packages/airflow/example_dags/example_kubernetes_executor.py
[2023-12-03T23:35:20.859+0000] {processor.py:179} INFO - Processing /home/ubuntu/redfin/lib/python3.10/site-packages/airflow/example_dags/example_kubernetes_executor.py took 0.021 seconds
[2023-12-03T23:36:09.329+0000] {processor.py:157} INFO - Started process (PID=5617) to work on /home/ubuntu/redfin/lib/python3.10/site-packages/airflow/example_dags/example_kubernetes_executor.py
[2023-12-03T23:36:09.331+0000] {processor.py:829} INFO - Processing file /home/ubuntu/redfin/lib/python3.10/site-packages/airflow/example_dags/example_kubernetes_executor.py for tasks to queue
[2023-12-03T23:36:09.332+0000] {logging_mixin.py:154} INFO - [2023-12-03T23:36:09.331+0000] {dagbag.py:536} INFO - Filling up the DagBag from /home/ubuntu/redfin/lib/python3.10/site-packages/airflow/example_dags/example_kubernetes_executor.py
[2023-12-03T23:36:09.335+0000] {logging_mixin.py:154} INFO - [2023-12-03T23:36:09.335+0000] {example_kubernetes_executor.py:38} WARNING - The example_kubernetes_executor example DAG requires the kubernetes provider. Please install it with: pip install apache-airflow[cncf.kubernetes]
[2023-12-03T23:36:09.335+0000] {processor.py:841} WARNING - No viable dags retrieved from /home/ubuntu/redfin/lib/python3.10/site-packages/airflow/example_dags/example_kubernetes_executor.py
[2023-12-03T23:36:09.346+0000] {processor.py:179} INFO - Processing /home/ubuntu/redfin/lib/python3.10/site-packages/airflow/example_dags/example_kubernetes_executor.py took 0.021 seconds
[2023-12-03T23:36:53.669+0000] {processor.py:157} INFO - Started process (PID=5664) to work on /home/ubuntu/redfin/lib/python3.10/site-packages/airflow/example_dags/example_kubernetes_executor.py
[2023-12-03T23:36:53.671+0000] {processor.py:829} INFO - Processing file /home/ubuntu/redfin/lib/python3.10/site-packages/airflow/example_dags/example_kubernetes_executor.py for tasks to queue
[2023-12-03T23:36:53.672+0000] {logging_mixin.py:154} INFO - [2023-12-03T23:36:53.671+0000] {dagbag.py:536} INFO - Filling up the DagBag from /home/ubuntu/redfin/lib/python3.10/site-packages/airflow/example_dags/example_kubernetes_executor.py
[2023-12-03T23:36:53.675+0000] {logging_mixin.py:154} INFO - [2023-12-03T23:36:53.675+0000] {example_kubernetes_executor.py:38} WARNING - The example_kubernetes_executor example DAG requires the kubernetes provider. Please install it with: pip install apache-airflow[cncf.kubernetes]
[2023-12-03T23:36:53.675+0000] {processor.py:841} WARNING - No viable dags retrieved from /home/ubuntu/redfin/lib/python3.10/site-packages/airflow/example_dags/example_kubernetes_executor.py
[2023-12-03T23:36:53.687+0000] {processor.py:179} INFO - Processing /home/ubuntu/redfin/lib/python3.10/site-packages/airflow/example_dags/example_kubernetes_executor.py took 0.021 seconds
[2023-12-03T23:37:40.354+0000] {processor.py:157} INFO - Started process (PID=5718) to work on /home/ubuntu/redfin/lib/python3.10/site-packages/airflow/example_dags/example_kubernetes_executor.py
[2023-12-03T23:37:40.356+0000] {processor.py:829} INFO - Processing file /home/ubuntu/redfin/lib/python3.10/site-packages/airflow/example_dags/example_kubernetes_executor.py for tasks to queue
[2023-12-03T23:37:40.357+0000] {logging_mixin.py:154} INFO - [2023-12-03T23:37:40.356+0000] {dagbag.py:536} INFO - Filling up the DagBag from /home/ubuntu/redfin/lib/python3.10/site-packages/airflow/example_dags/example_kubernetes_executor.py
[2023-12-03T23:37:40.360+0000] {logging_mixin.py:154} INFO - [2023-12-03T23:37:40.360+0000] {example_kubernetes_executor.py:38} WARNING - The example_kubernetes_executor example DAG requires the kubernetes provider. Please install it with: pip install apache-airflow[cncf.kubernetes]
[2023-12-03T23:37:40.360+0000] {processor.py:841} WARNING - No viable dags retrieved from /home/ubuntu/redfin/lib/python3.10/site-packages/airflow/example_dags/example_kubernetes_executor.py
[2023-12-03T23:37:40.372+0000] {processor.py:179} INFO - Processing /home/ubuntu/redfin/lib/python3.10/site-packages/airflow/example_dags/example_kubernetes_executor.py took 0.022 seconds
[2023-12-03T23:38:26.202+0000] {processor.py:157} INFO - Started process (PID=5767) to work on /home/ubuntu/redfin/lib/python3.10/site-packages/airflow/example_dags/example_kubernetes_executor.py
[2023-12-03T23:38:26.204+0000] {processor.py:829} INFO - Processing file /home/ubuntu/redfin/lib/python3.10/site-packages/airflow/example_dags/example_kubernetes_executor.py for tasks to queue
[2023-12-03T23:38:26.204+0000] {logging_mixin.py:154} INFO - [2023-12-03T23:38:26.204+0000] {dagbag.py:536} INFO - Filling up the DagBag from /home/ubuntu/redfin/lib/python3.10/site-packages/airflow/example_dags/example_kubernetes_executor.py
[2023-12-03T23:38:26.208+0000] {logging_mixin.py:154} INFO - [2023-12-03T23:38:26.208+0000] {example_kubernetes_executor.py:38} WARNING - The example_kubernetes_executor example DAG requires the kubernetes provider. Please install it with: pip install apache-airflow[cncf.kubernetes]
[2023-12-03T23:38:26.208+0000] {processor.py:841} WARNING - No viable dags retrieved from /home/ubuntu/redfin/lib/python3.10/site-packages/airflow/example_dags/example_kubernetes_executor.py
[2023-12-03T23:38:26.219+0000] {processor.py:179} INFO - Processing /home/ubuntu/redfin/lib/python3.10/site-packages/airflow/example_dags/example_kubernetes_executor.py took 0.021 seconds
[2023-12-03T23:39:13.557+0000] {processor.py:157} INFO - Started process (PID=5818) to work on /home/ubuntu/redfin/lib/python3.10/site-packages/airflow/example_dags/example_kubernetes_executor.py
[2023-12-03T23:39:13.559+0000] {processor.py:829} INFO - Processing file /home/ubuntu/redfin/lib/python3.10/site-packages/airflow/example_dags/example_kubernetes_executor.py for tasks to queue
[2023-12-03T23:39:13.560+0000] {logging_mixin.py:154} INFO - [2023-12-03T23:39:13.560+0000] {dagbag.py:536} INFO - Filling up the DagBag from /home/ubuntu/redfin/lib/python3.10/site-packages/airflow/example_dags/example_kubernetes_executor.py
[2023-12-03T23:39:13.563+0000] {logging_mixin.py:154} INFO - [2023-12-03T23:39:13.563+0000] {example_kubernetes_executor.py:38} WARNING - The example_kubernetes_executor example DAG requires the kubernetes provider. Please install it with: pip install apache-airflow[cncf.kubernetes]
[2023-12-03T23:39:13.564+0000] {processor.py:841} WARNING - No viable dags retrieved from /home/ubuntu/redfin/lib/python3.10/site-packages/airflow/example_dags/example_kubernetes_executor.py
[2023-12-03T23:39:13.575+0000] {processor.py:179} INFO - Processing /home/ubuntu/redfin/lib/python3.10/site-packages/airflow/example_dags/example_kubernetes_executor.py took 0.022 seconds
[2023-12-03T23:39:58.978+0000] {processor.py:157} INFO - Started process (PID=5868) to work on /home/ubuntu/redfin/lib/python3.10/site-packages/airflow/example_dags/example_kubernetes_executor.py
[2023-12-03T23:39:58.980+0000] {processor.py:829} INFO - Processing file /home/ubuntu/redfin/lib/python3.10/site-packages/airflow/example_dags/example_kubernetes_executor.py for tasks to queue
[2023-12-03T23:39:58.981+0000] {logging_mixin.py:154} INFO - [2023-12-03T23:39:58.981+0000] {dagbag.py:536} INFO - Filling up the DagBag from /home/ubuntu/redfin/lib/python3.10/site-packages/airflow/example_dags/example_kubernetes_executor.py
[2023-12-03T23:39:58.985+0000] {logging_mixin.py:154} INFO - [2023-12-03T23:39:58.985+0000] {example_kubernetes_executor.py:38} WARNING - The example_kubernetes_executor example DAG requires the kubernetes provider. Please install it with: pip install apache-airflow[cncf.kubernetes]
[2023-12-03T23:39:58.985+0000] {processor.py:841} WARNING - No viable dags retrieved from /home/ubuntu/redfin/lib/python3.10/site-packages/airflow/example_dags/example_kubernetes_executor.py
[2023-12-03T23:39:58.997+0000] {processor.py:179} INFO - Processing /home/ubuntu/redfin/lib/python3.10/site-packages/airflow/example_dags/example_kubernetes_executor.py took 0.022 seconds
[2023-12-03T23:40:48.237+0000] {processor.py:157} INFO - Started process (PID=5920) to work on /home/ubuntu/redfin/lib/python3.10/site-packages/airflow/example_dags/example_kubernetes_executor.py
[2023-12-03T23:40:48.239+0000] {processor.py:829} INFO - Processing file /home/ubuntu/redfin/lib/python3.10/site-packages/airflow/example_dags/example_kubernetes_executor.py for tasks to queue
[2023-12-03T23:40:48.240+0000] {logging_mixin.py:154} INFO - [2023-12-03T23:40:48.239+0000] {dagbag.py:536} INFO - Filling up the DagBag from /home/ubuntu/redfin/lib/python3.10/site-packages/airflow/example_dags/example_kubernetes_executor.py
[2023-12-03T23:40:48.243+0000] {logging_mixin.py:154} INFO - [2023-12-03T23:40:48.243+0000] {example_kubernetes_executor.py:38} WARNING - The example_kubernetes_executor example DAG requires the kubernetes provider. Please install it with: pip install apache-airflow[cncf.kubernetes]
[2023-12-03T23:40:48.243+0000] {processor.py:841} WARNING - No viable dags retrieved from /home/ubuntu/redfin/lib/python3.10/site-packages/airflow/example_dags/example_kubernetes_executor.py
[2023-12-03T23:40:48.254+0000] {processor.py:179} INFO - Processing /home/ubuntu/redfin/lib/python3.10/site-packages/airflow/example_dags/example_kubernetes_executor.py took 0.021 seconds
[2023-12-03T23:41:38.384+0000] {processor.py:157} INFO - Started process (PID=5977) to work on /home/ubuntu/redfin/lib/python3.10/site-packages/airflow/example_dags/example_kubernetes_executor.py
[2023-12-03T23:41:38.386+0000] {processor.py:829} INFO - Processing file /home/ubuntu/redfin/lib/python3.10/site-packages/airflow/example_dags/example_kubernetes_executor.py for tasks to queue
[2023-12-03T23:41:38.387+0000] {logging_mixin.py:154} INFO - [2023-12-03T23:41:38.386+0000] {dagbag.py:536} INFO - Filling up the DagBag from /home/ubuntu/redfin/lib/python3.10/site-packages/airflow/example_dags/example_kubernetes_executor.py
[2023-12-03T23:41:38.390+0000] {logging_mixin.py:154} INFO - [2023-12-03T23:41:38.390+0000] {example_kubernetes_executor.py:38} WARNING - The example_kubernetes_executor example DAG requires the kubernetes provider. Please install it with: pip install apache-airflow[cncf.kubernetes]
[2023-12-03T23:41:38.391+0000] {processor.py:841} WARNING - No viable dags retrieved from /home/ubuntu/redfin/lib/python3.10/site-packages/airflow/example_dags/example_kubernetes_executor.py
[2023-12-03T23:41:38.402+0000] {processor.py:179} INFO - Processing /home/ubuntu/redfin/lib/python3.10/site-packages/airflow/example_dags/example_kubernetes_executor.py took 0.021 seconds
[2023-12-03T23:42:24.119+0000] {processor.py:157} INFO - Started process (PID=6026) to work on /home/ubuntu/redfin/lib/python3.10/site-packages/airflow/example_dags/example_kubernetes_executor.py
[2023-12-03T23:42:24.120+0000] {processor.py:829} INFO - Processing file /home/ubuntu/redfin/lib/python3.10/site-packages/airflow/example_dags/example_kubernetes_executor.py for tasks to queue
[2023-12-03T23:42:24.121+0000] {logging_mixin.py:154} INFO - [2023-12-03T23:42:24.121+0000] {dagbag.py:536} INFO - Filling up the DagBag from /home/ubuntu/redfin/lib/python3.10/site-packages/airflow/example_dags/example_kubernetes_executor.py
[2023-12-03T23:42:24.124+0000] {logging_mixin.py:154} INFO - [2023-12-03T23:42:24.124+0000] {example_kubernetes_executor.py:38} WARNING - The example_kubernetes_executor example DAG requires the kubernetes provider. Please install it with: pip install apache-airflow[cncf.kubernetes]
[2023-12-03T23:42:24.125+0000] {processor.py:841} WARNING - No viable dags retrieved from /home/ubuntu/redfin/lib/python3.10/site-packages/airflow/example_dags/example_kubernetes_executor.py
[2023-12-03T23:42:24.136+0000] {processor.py:179} INFO - Processing /home/ubuntu/redfin/lib/python3.10/site-packages/airflow/example_dags/example_kubernetes_executor.py took 0.021 seconds
[2023-12-03T23:43:11.700+0000] {processor.py:157} INFO - Started process (PID=6078) to work on /home/ubuntu/redfin/lib/python3.10/site-packages/airflow/example_dags/example_kubernetes_executor.py
[2023-12-03T23:43:11.702+0000] {processor.py:829} INFO - Processing file /home/ubuntu/redfin/lib/python3.10/site-packages/airflow/example_dags/example_kubernetes_executor.py for tasks to queue
[2023-12-03T23:43:11.703+0000] {logging_mixin.py:154} INFO - [2023-12-03T23:43:11.703+0000] {dagbag.py:536} INFO - Filling up the DagBag from /home/ubuntu/redfin/lib/python3.10/site-packages/airflow/example_dags/example_kubernetes_executor.py
[2023-12-03T23:43:11.707+0000] {logging_mixin.py:154} INFO - [2023-12-03T23:43:11.707+0000] {example_kubernetes_executor.py:38} WARNING - The example_kubernetes_executor example DAG requires the kubernetes provider. Please install it with: pip install apache-airflow[cncf.kubernetes]
[2023-12-03T23:43:11.707+0000] {processor.py:841} WARNING - No viable dags retrieved from /home/ubuntu/redfin/lib/python3.10/site-packages/airflow/example_dags/example_kubernetes_executor.py
[2023-12-03T23:43:11.718+0000] {processor.py:179} INFO - Processing /home/ubuntu/redfin/lib/python3.10/site-packages/airflow/example_dags/example_kubernetes_executor.py took 0.022 seconds
[2023-12-03T23:43:59.561+0000] {processor.py:157} INFO - Started process (PID=6249) to work on /home/ubuntu/redfin/lib/python3.10/site-packages/airflow/example_dags/example_kubernetes_executor.py
[2023-12-03T23:43:59.562+0000] {processor.py:829} INFO - Processing file /home/ubuntu/redfin/lib/python3.10/site-packages/airflow/example_dags/example_kubernetes_executor.py for tasks to queue
[2023-12-03T23:43:59.563+0000] {logging_mixin.py:154} INFO - [2023-12-03T23:43:59.563+0000] {dagbag.py:536} INFO - Filling up the DagBag from /home/ubuntu/redfin/lib/python3.10/site-packages/airflow/example_dags/example_kubernetes_executor.py
[2023-12-03T23:43:59.567+0000] {logging_mixin.py:154} INFO - [2023-12-03T23:43:59.567+0000] {example_kubernetes_executor.py:38} WARNING - The example_kubernetes_executor example DAG requires the kubernetes provider. Please install it with: pip install apache-airflow[cncf.kubernetes]
[2023-12-03T23:43:59.567+0000] {processor.py:841} WARNING - No viable dags retrieved from /home/ubuntu/redfin/lib/python3.10/site-packages/airflow/example_dags/example_kubernetes_executor.py
[2023-12-03T23:43:59.578+0000] {processor.py:179} INFO - Processing /home/ubuntu/redfin/lib/python3.10/site-packages/airflow/example_dags/example_kubernetes_executor.py took 0.021 seconds
[2023-12-03T23:44:42.379+0000] {processor.py:157} INFO - Started process (PID=6588) to work on /home/ubuntu/redfin/lib/python3.10/site-packages/airflow/example_dags/example_kubernetes_executor.py
[2023-12-03T23:44:42.380+0000] {processor.py:829} INFO - Processing file /home/ubuntu/redfin/lib/python3.10/site-packages/airflow/example_dags/example_kubernetes_executor.py for tasks to queue
[2023-12-03T23:44:42.381+0000] {logging_mixin.py:154} INFO - [2023-12-03T23:44:42.380+0000] {dagbag.py:536} INFO - Filling up the DagBag from /home/ubuntu/redfin/lib/python3.10/site-packages/airflow/example_dags/example_kubernetes_executor.py
[2023-12-03T23:44:42.384+0000] {logging_mixin.py:154} INFO - [2023-12-03T23:44:42.384+0000] {example_kubernetes_executor.py:38} WARNING - The example_kubernetes_executor example DAG requires the kubernetes provider. Please install it with: pip install apache-airflow[cncf.kubernetes]
[2023-12-03T23:44:42.385+0000] {processor.py:841} WARNING - No viable dags retrieved from /home/ubuntu/redfin/lib/python3.10/site-packages/airflow/example_dags/example_kubernetes_executor.py
[2023-12-03T23:44:42.396+0000] {processor.py:179} INFO - Processing /home/ubuntu/redfin/lib/python3.10/site-packages/airflow/example_dags/example_kubernetes_executor.py took 0.021 seconds
[2023-12-03T23:45:32.396+0000] {processor.py:157} INFO - Started process (PID=6645) to work on /home/ubuntu/redfin/lib/python3.10/site-packages/airflow/example_dags/example_kubernetes_executor.py
[2023-12-03T23:45:32.397+0000] {processor.py:829} INFO - Processing file /home/ubuntu/redfin/lib/python3.10/site-packages/airflow/example_dags/example_kubernetes_executor.py for tasks to queue
[2023-12-03T23:45:32.398+0000] {logging_mixin.py:154} INFO - [2023-12-03T23:45:32.398+0000] {dagbag.py:536} INFO - Filling up the DagBag from /home/ubuntu/redfin/lib/python3.10/site-packages/airflow/example_dags/example_kubernetes_executor.py
[2023-12-03T23:45:32.402+0000] {logging_mixin.py:154} INFO - [2023-12-03T23:45:32.402+0000] {example_kubernetes_executor.py:38} WARNING - The example_kubernetes_executor example DAG requires the kubernetes provider. Please install it with: pip install apache-airflow[cncf.kubernetes]
[2023-12-03T23:45:32.402+0000] {processor.py:841} WARNING - No viable dags retrieved from /home/ubuntu/redfin/lib/python3.10/site-packages/airflow/example_dags/example_kubernetes_executor.py
[2023-12-03T23:45:32.413+0000] {processor.py:179} INFO - Processing /home/ubuntu/redfin/lib/python3.10/site-packages/airflow/example_dags/example_kubernetes_executor.py took 0.021 seconds
[2023-12-03T23:46:15.754+0000] {processor.py:157} INFO - Started process (PID=6694) to work on /home/ubuntu/redfin/lib/python3.10/site-packages/airflow/example_dags/example_kubernetes_executor.py
[2023-12-03T23:46:15.755+0000] {processor.py:829} INFO - Processing file /home/ubuntu/redfin/lib/python3.10/site-packages/airflow/example_dags/example_kubernetes_executor.py for tasks to queue
[2023-12-03T23:46:15.756+0000] {logging_mixin.py:154} INFO - [2023-12-03T23:46:15.756+0000] {dagbag.py:536} INFO - Filling up the DagBag from /home/ubuntu/redfin/lib/python3.10/site-packages/airflow/example_dags/example_kubernetes_executor.py
[2023-12-03T23:46:15.760+0000] {logging_mixin.py:154} INFO - [2023-12-03T23:46:15.760+0000] {example_kubernetes_executor.py:38} WARNING - The example_kubernetes_executor example DAG requires the kubernetes provider. Please install it with: pip install apache-airflow[cncf.kubernetes]
[2023-12-03T23:46:15.760+0000] {processor.py:841} WARNING - No viable dags retrieved from /home/ubuntu/redfin/lib/python3.10/site-packages/airflow/example_dags/example_kubernetes_executor.py
[2023-12-03T23:46:15.772+0000] {processor.py:179} INFO - Processing /home/ubuntu/redfin/lib/python3.10/site-packages/airflow/example_dags/example_kubernetes_executor.py took 0.022 seconds
[2023-12-03T23:47:02.865+0000] {processor.py:157} INFO - Started process (PID=6750) to work on /home/ubuntu/redfin/lib/python3.10/site-packages/airflow/example_dags/example_kubernetes_executor.py
[2023-12-03T23:47:02.867+0000] {processor.py:829} INFO - Processing file /home/ubuntu/redfin/lib/python3.10/site-packages/airflow/example_dags/example_kubernetes_executor.py for tasks to queue
[2023-12-03T23:47:02.868+0000] {logging_mixin.py:154} INFO - [2023-12-03T23:47:02.867+0000] {dagbag.py:536} INFO - Filling up the DagBag from /home/ubuntu/redfin/lib/python3.10/site-packages/airflow/example_dags/example_kubernetes_executor.py
[2023-12-03T23:47:02.871+0000] {logging_mixin.py:154} INFO - [2023-12-03T23:47:02.871+0000] {example_kubernetes_executor.py:38} WARNING - The example_kubernetes_executor example DAG requires the kubernetes provider. Please install it with: pip install apache-airflow[cncf.kubernetes]
[2023-12-03T23:47:02.871+0000] {processor.py:841} WARNING - No viable dags retrieved from /home/ubuntu/redfin/lib/python3.10/site-packages/airflow/example_dags/example_kubernetes_executor.py
[2023-12-03T23:47:02.883+0000] {processor.py:179} INFO - Processing /home/ubuntu/redfin/lib/python3.10/site-packages/airflow/example_dags/example_kubernetes_executor.py took 0.021 seconds
[2023-12-03T23:47:52.883+0000] {processor.py:157} INFO - Started process (PID=6836) to work on /home/ubuntu/redfin/lib/python3.10/site-packages/airflow/example_dags/example_kubernetes_executor.py
[2023-12-03T23:47:52.884+0000] {processor.py:829} INFO - Processing file /home/ubuntu/redfin/lib/python3.10/site-packages/airflow/example_dags/example_kubernetes_executor.py for tasks to queue
[2023-12-03T23:47:52.885+0000] {logging_mixin.py:154} INFO - [2023-12-03T23:47:52.885+0000] {dagbag.py:536} INFO - Filling up the DagBag from /home/ubuntu/redfin/lib/python3.10/site-packages/airflow/example_dags/example_kubernetes_executor.py
[2023-12-03T23:47:52.888+0000] {logging_mixin.py:154} INFO - [2023-12-03T23:47:52.888+0000] {example_kubernetes_executor.py:38} WARNING - The example_kubernetes_executor example DAG requires the kubernetes provider. Please install it with: pip install apache-airflow[cncf.kubernetes]
[2023-12-03T23:47:52.889+0000] {processor.py:841} WARNING - No viable dags retrieved from /home/ubuntu/redfin/lib/python3.10/site-packages/airflow/example_dags/example_kubernetes_executor.py
[2023-12-03T23:47:52.900+0000] {processor.py:179} INFO - Processing /home/ubuntu/redfin/lib/python3.10/site-packages/airflow/example_dags/example_kubernetes_executor.py took 0.021 seconds
[2023-12-03T23:48:41.630+0000] {processor.py:157} INFO - Started process (PID=6889) to work on /home/ubuntu/redfin/lib/python3.10/site-packages/airflow/example_dags/example_kubernetes_executor.py
[2023-12-03T23:48:41.632+0000] {processor.py:829} INFO - Processing file /home/ubuntu/redfin/lib/python3.10/site-packages/airflow/example_dags/example_kubernetes_executor.py for tasks to queue
[2023-12-03T23:48:41.633+0000] {logging_mixin.py:154} INFO - [2023-12-03T23:48:41.632+0000] {dagbag.py:536} INFO - Filling up the DagBag from /home/ubuntu/redfin/lib/python3.10/site-packages/airflow/example_dags/example_kubernetes_executor.py
[2023-12-03T23:48:41.636+0000] {logging_mixin.py:154} INFO - [2023-12-03T23:48:41.636+0000] {example_kubernetes_executor.py:38} WARNING - The example_kubernetes_executor example DAG requires the kubernetes provider. Please install it with: pip install apache-airflow[cncf.kubernetes]
[2023-12-03T23:48:41.637+0000] {processor.py:841} WARNING - No viable dags retrieved from /home/ubuntu/redfin/lib/python3.10/site-packages/airflow/example_dags/example_kubernetes_executor.py
[2023-12-03T23:48:41.648+0000] {processor.py:179} INFO - Processing /home/ubuntu/redfin/lib/python3.10/site-packages/airflow/example_dags/example_kubernetes_executor.py took 0.022 seconds
[2023-12-03T23:49:32.511+0000] {processor.py:157} INFO - Started process (PID=6947) to work on /home/ubuntu/redfin/lib/python3.10/site-packages/airflow/example_dags/example_kubernetes_executor.py
[2023-12-03T23:49:32.513+0000] {processor.py:829} INFO - Processing file /home/ubuntu/redfin/lib/python3.10/site-packages/airflow/example_dags/example_kubernetes_executor.py for tasks to queue
[2023-12-03T23:49:32.514+0000] {logging_mixin.py:154} INFO - [2023-12-03T23:49:32.513+0000] {dagbag.py:536} INFO - Filling up the DagBag from /home/ubuntu/redfin/lib/python3.10/site-packages/airflow/example_dags/example_kubernetes_executor.py
[2023-12-03T23:49:32.517+0000] {logging_mixin.py:154} INFO - [2023-12-03T23:49:32.517+0000] {example_kubernetes_executor.py:38} WARNING - The example_kubernetes_executor example DAG requires the kubernetes provider. Please install it with: pip install apache-airflow[cncf.kubernetes]
[2023-12-03T23:49:32.517+0000] {processor.py:841} WARNING - No viable dags retrieved from /home/ubuntu/redfin/lib/python3.10/site-packages/airflow/example_dags/example_kubernetes_executor.py
[2023-12-03T23:49:32.529+0000] {processor.py:179} INFO - Processing /home/ubuntu/redfin/lib/python3.10/site-packages/airflow/example_dags/example_kubernetes_executor.py took 0.021 seconds
[2023-12-03T23:50:19.095+0000] {processor.py:157} INFO - Started process (PID=6998) to work on /home/ubuntu/redfin/lib/python3.10/site-packages/airflow/example_dags/example_kubernetes_executor.py
[2023-12-03T23:50:19.097+0000] {processor.py:829} INFO - Processing file /home/ubuntu/redfin/lib/python3.10/site-packages/airflow/example_dags/example_kubernetes_executor.py for tasks to queue
[2023-12-03T23:50:19.098+0000] {logging_mixin.py:154} INFO - [2023-12-03T23:50:19.098+0000] {dagbag.py:536} INFO - Filling up the DagBag from /home/ubuntu/redfin/lib/python3.10/site-packages/airflow/example_dags/example_kubernetes_executor.py
[2023-12-03T23:50:19.102+0000] {logging_mixin.py:154} INFO - [2023-12-03T23:50:19.102+0000] {example_kubernetes_executor.py:38} WARNING - The example_kubernetes_executor example DAG requires the kubernetes provider. Please install it with: pip install apache-airflow[cncf.kubernetes]
[2023-12-03T23:50:19.102+0000] {processor.py:841} WARNING - No viable dags retrieved from /home/ubuntu/redfin/lib/python3.10/site-packages/airflow/example_dags/example_kubernetes_executor.py
[2023-12-03T23:50:19.114+0000] {processor.py:179} INFO - Processing /home/ubuntu/redfin/lib/python3.10/site-packages/airflow/example_dags/example_kubernetes_executor.py took 0.022 seconds
[2023-12-03T23:51:07.817+0000] {processor.py:157} INFO - Started process (PID=7053) to work on /home/ubuntu/redfin/lib/python3.10/site-packages/airflow/example_dags/example_kubernetes_executor.py
[2023-12-03T23:51:07.818+0000] {processor.py:829} INFO - Processing file /home/ubuntu/redfin/lib/python3.10/site-packages/airflow/example_dags/example_kubernetes_executor.py for tasks to queue
[2023-12-03T23:51:07.819+0000] {logging_mixin.py:154} INFO - [2023-12-03T23:51:07.819+0000] {dagbag.py:536} INFO - Filling up the DagBag from /home/ubuntu/redfin/lib/python3.10/site-packages/airflow/example_dags/example_kubernetes_executor.py
[2023-12-03T23:51:07.823+0000] {logging_mixin.py:154} INFO - [2023-12-03T23:51:07.823+0000] {example_kubernetes_executor.py:38} WARNING - The example_kubernetes_executor example DAG requires the kubernetes provider. Please install it with: pip install apache-airflow[cncf.kubernetes]
[2023-12-03T23:51:07.823+0000] {processor.py:841} WARNING - No viable dags retrieved from /home/ubuntu/redfin/lib/python3.10/site-packages/airflow/example_dags/example_kubernetes_executor.py
[2023-12-03T23:51:07.834+0000] {processor.py:179} INFO - Processing /home/ubuntu/redfin/lib/python3.10/site-packages/airflow/example_dags/example_kubernetes_executor.py took 0.021 seconds
[2023-12-03T23:51:54.300+0000] {processor.py:157} INFO - Started process (PID=7104) to work on /home/ubuntu/redfin/lib/python3.10/site-packages/airflow/example_dags/example_kubernetes_executor.py
[2023-12-03T23:51:54.301+0000] {processor.py:829} INFO - Processing file /home/ubuntu/redfin/lib/python3.10/site-packages/airflow/example_dags/example_kubernetes_executor.py for tasks to queue
[2023-12-03T23:51:54.302+0000] {logging_mixin.py:154} INFO - [2023-12-03T23:51:54.302+0000] {dagbag.py:536} INFO - Filling up the DagBag from /home/ubuntu/redfin/lib/python3.10/site-packages/airflow/example_dags/example_kubernetes_executor.py
[2023-12-03T23:51:54.306+0000] {logging_mixin.py:154} INFO - [2023-12-03T23:51:54.305+0000] {example_kubernetes_executor.py:38} WARNING - The example_kubernetes_executor example DAG requires the kubernetes provider. Please install it with: pip install apache-airflow[cncf.kubernetes]
[2023-12-03T23:51:54.306+0000] {processor.py:841} WARNING - No viable dags retrieved from /home/ubuntu/redfin/lib/python3.10/site-packages/airflow/example_dags/example_kubernetes_executor.py
[2023-12-03T23:51:54.317+0000] {processor.py:179} INFO - Processing /home/ubuntu/redfin/lib/python3.10/site-packages/airflow/example_dags/example_kubernetes_executor.py took 0.021 seconds
[2023-12-03T23:52:36.929+0000] {processor.py:157} INFO - Started process (PID=7149) to work on /home/ubuntu/redfin/lib/python3.10/site-packages/airflow/example_dags/example_kubernetes_executor.py
[2023-12-03T23:52:36.931+0000] {processor.py:829} INFO - Processing file /home/ubuntu/redfin/lib/python3.10/site-packages/airflow/example_dags/example_kubernetes_executor.py for tasks to queue
[2023-12-03T23:52:36.932+0000] {logging_mixin.py:154} INFO - [2023-12-03T23:52:36.931+0000] {dagbag.py:536} INFO - Filling up the DagBag from /home/ubuntu/redfin/lib/python3.10/site-packages/airflow/example_dags/example_kubernetes_executor.py
[2023-12-03T23:52:36.935+0000] {logging_mixin.py:154} INFO - [2023-12-03T23:52:36.935+0000] {example_kubernetes_executor.py:38} WARNING - The example_kubernetes_executor example DAG requires the kubernetes provider. Please install it with: pip install apache-airflow[cncf.kubernetes]
[2023-12-03T23:52:36.935+0000] {processor.py:841} WARNING - No viable dags retrieved from /home/ubuntu/redfin/lib/python3.10/site-packages/airflow/example_dags/example_kubernetes_executor.py
[2023-12-03T23:52:36.946+0000] {processor.py:179} INFO - Processing /home/ubuntu/redfin/lib/python3.10/site-packages/airflow/example_dags/example_kubernetes_executor.py took 0.020 seconds
[2023-12-03T23:53:26.605+0000] {processor.py:157} INFO - Started process (PID=7203) to work on /home/ubuntu/redfin/lib/python3.10/site-packages/airflow/example_dags/example_kubernetes_executor.py
[2023-12-03T23:53:26.607+0000] {processor.py:829} INFO - Processing file /home/ubuntu/redfin/lib/python3.10/site-packages/airflow/example_dags/example_kubernetes_executor.py for tasks to queue
[2023-12-03T23:53:26.608+0000] {logging_mixin.py:154} INFO - [2023-12-03T23:53:26.607+0000] {dagbag.py:536} INFO - Filling up the DagBag from /home/ubuntu/redfin/lib/python3.10/site-packages/airflow/example_dags/example_kubernetes_executor.py
[2023-12-03T23:53:26.611+0000] {logging_mixin.py:154} INFO - [2023-12-03T23:53:26.611+0000] {example_kubernetes_executor.py:38} WARNING - The example_kubernetes_executor example DAG requires the kubernetes provider. Please install it with: pip install apache-airflow[cncf.kubernetes]
[2023-12-03T23:53:26.611+0000] {processor.py:841} WARNING - No viable dags retrieved from /home/ubuntu/redfin/lib/python3.10/site-packages/airflow/example_dags/example_kubernetes_executor.py
[2023-12-03T23:53:26.623+0000] {processor.py:179} INFO - Processing /home/ubuntu/redfin/lib/python3.10/site-packages/airflow/example_dags/example_kubernetes_executor.py took 0.021 seconds
[2023-12-03T23:54:13.518+0000] {processor.py:157} INFO - Started process (PID=7255) to work on /home/ubuntu/redfin/lib/python3.10/site-packages/airflow/example_dags/example_kubernetes_executor.py
[2023-12-03T23:54:13.519+0000] {processor.py:829} INFO - Processing file /home/ubuntu/redfin/lib/python3.10/site-packages/airflow/example_dags/example_kubernetes_executor.py for tasks to queue
[2023-12-03T23:54:13.520+0000] {logging_mixin.py:154} INFO - [2023-12-03T23:54:13.520+0000] {dagbag.py:536} INFO - Filling up the DagBag from /home/ubuntu/redfin/lib/python3.10/site-packages/airflow/example_dags/example_kubernetes_executor.py
[2023-12-03T23:54:13.524+0000] {logging_mixin.py:154} INFO - [2023-12-03T23:54:13.524+0000] {example_kubernetes_executor.py:38} WARNING - The example_kubernetes_executor example DAG requires the kubernetes provider. Please install it with: pip install apache-airflow[cncf.kubernetes]
[2023-12-03T23:54:13.524+0000] {processor.py:841} WARNING - No viable dags retrieved from /home/ubuntu/redfin/lib/python3.10/site-packages/airflow/example_dags/example_kubernetes_executor.py
[2023-12-03T23:54:13.535+0000] {processor.py:179} INFO - Processing /home/ubuntu/redfin/lib/python3.10/site-packages/airflow/example_dags/example_kubernetes_executor.py took 0.021 seconds
[2023-12-03T23:55:00.637+0000] {processor.py:157} INFO - Started process (PID=7309) to work on /home/ubuntu/redfin/lib/python3.10/site-packages/airflow/example_dags/example_kubernetes_executor.py
[2023-12-03T23:55:00.638+0000] {processor.py:829} INFO - Processing file /home/ubuntu/redfin/lib/python3.10/site-packages/airflow/example_dags/example_kubernetes_executor.py for tasks to queue
[2023-12-03T23:55:00.639+0000] {logging_mixin.py:154} INFO - [2023-12-03T23:55:00.639+0000] {dagbag.py:536} INFO - Filling up the DagBag from /home/ubuntu/redfin/lib/python3.10/site-packages/airflow/example_dags/example_kubernetes_executor.py
[2023-12-03T23:55:00.643+0000] {logging_mixin.py:154} INFO - [2023-12-03T23:55:00.643+0000] {example_kubernetes_executor.py:38} WARNING - The example_kubernetes_executor example DAG requires the kubernetes provider. Please install it with: pip install apache-airflow[cncf.kubernetes]
[2023-12-03T23:55:00.643+0000] {processor.py:841} WARNING - No viable dags retrieved from /home/ubuntu/redfin/lib/python3.10/site-packages/airflow/example_dags/example_kubernetes_executor.py
[2023-12-03T23:55:00.655+0000] {processor.py:179} INFO - Processing /home/ubuntu/redfin/lib/python3.10/site-packages/airflow/example_dags/example_kubernetes_executor.py took 0.022 seconds
[2023-12-03T23:55:48.261+0000] {processor.py:157} INFO - Started process (PID=7360) to work on /home/ubuntu/redfin/lib/python3.10/site-packages/airflow/example_dags/example_kubernetes_executor.py
[2023-12-03T23:55:48.262+0000] {processor.py:829} INFO - Processing file /home/ubuntu/redfin/lib/python3.10/site-packages/airflow/example_dags/example_kubernetes_executor.py for tasks to queue
[2023-12-03T23:55:48.263+0000] {logging_mixin.py:154} INFO - [2023-12-03T23:55:48.263+0000] {dagbag.py:536} INFO - Filling up the DagBag from /home/ubuntu/redfin/lib/python3.10/site-packages/airflow/example_dags/example_kubernetes_executor.py
[2023-12-03T23:55:48.267+0000] {logging_mixin.py:154} INFO - [2023-12-03T23:55:48.267+0000] {example_kubernetes_executor.py:38} WARNING - The example_kubernetes_executor example DAG requires the kubernetes provider. Please install it with: pip install apache-airflow[cncf.kubernetes]
[2023-12-03T23:55:48.267+0000] {processor.py:841} WARNING - No viable dags retrieved from /home/ubuntu/redfin/lib/python3.10/site-packages/airflow/example_dags/example_kubernetes_executor.py
[2023-12-03T23:55:48.279+0000] {processor.py:179} INFO - Processing /home/ubuntu/redfin/lib/python3.10/site-packages/airflow/example_dags/example_kubernetes_executor.py took 0.022 seconds
[2023-12-03T23:56:38.415+0000] {processor.py:157} INFO - Started process (PID=7416) to work on /home/ubuntu/redfin/lib/python3.10/site-packages/airflow/example_dags/example_kubernetes_executor.py
[2023-12-03T23:56:38.416+0000] {processor.py:829} INFO - Processing file /home/ubuntu/redfin/lib/python3.10/site-packages/airflow/example_dags/example_kubernetes_executor.py for tasks to queue
[2023-12-03T23:56:38.417+0000] {logging_mixin.py:154} INFO - [2023-12-03T23:56:38.417+0000] {dagbag.py:536} INFO - Filling up the DagBag from /home/ubuntu/redfin/lib/python3.10/site-packages/airflow/example_dags/example_kubernetes_executor.py
[2023-12-03T23:56:38.421+0000] {logging_mixin.py:154} INFO - [2023-12-03T23:56:38.421+0000] {example_kubernetes_executor.py:38} WARNING - The example_kubernetes_executor example DAG requires the kubernetes provider. Please install it with: pip install apache-airflow[cncf.kubernetes]
[2023-12-03T23:56:38.421+0000] {processor.py:841} WARNING - No viable dags retrieved from /home/ubuntu/redfin/lib/python3.10/site-packages/airflow/example_dags/example_kubernetes_executor.py
[2023-12-03T23:56:38.433+0000] {processor.py:179} INFO - Processing /home/ubuntu/redfin/lib/python3.10/site-packages/airflow/example_dags/example_kubernetes_executor.py took 0.022 seconds
[2023-12-03T23:57:24.993+0000] {processor.py:157} INFO - Started process (PID=7467) to work on /home/ubuntu/redfin/lib/python3.10/site-packages/airflow/example_dags/example_kubernetes_executor.py
[2023-12-03T23:57:24.994+0000] {processor.py:829} INFO - Processing file /home/ubuntu/redfin/lib/python3.10/site-packages/airflow/example_dags/example_kubernetes_executor.py for tasks to queue
[2023-12-03T23:57:24.995+0000] {logging_mixin.py:154} INFO - [2023-12-03T23:57:24.995+0000] {dagbag.py:536} INFO - Filling up the DagBag from /home/ubuntu/redfin/lib/python3.10/site-packages/airflow/example_dags/example_kubernetes_executor.py
[2023-12-03T23:57:24.999+0000] {logging_mixin.py:154} INFO - [2023-12-03T23:57:24.999+0000] {example_kubernetes_executor.py:38} WARNING - The example_kubernetes_executor example DAG requires the kubernetes provider. Please install it with: pip install apache-airflow[cncf.kubernetes]
[2023-12-03T23:57:24.999+0000] {processor.py:841} WARNING - No viable dags retrieved from /home/ubuntu/redfin/lib/python3.10/site-packages/airflow/example_dags/example_kubernetes_executor.py
[2023-12-03T23:57:25.011+0000] {processor.py:179} INFO - Processing /home/ubuntu/redfin/lib/python3.10/site-packages/airflow/example_dags/example_kubernetes_executor.py took 0.022 seconds
[2023-12-03T23:58:09.114+0000] {processor.py:157} INFO - Started process (PID=7516) to work on /home/ubuntu/redfin/lib/python3.10/site-packages/airflow/example_dags/example_kubernetes_executor.py
[2023-12-03T23:58:09.115+0000] {processor.py:829} INFO - Processing file /home/ubuntu/redfin/lib/python3.10/site-packages/airflow/example_dags/example_kubernetes_executor.py for tasks to queue
[2023-12-03T23:58:09.116+0000] {logging_mixin.py:154} INFO - [2023-12-03T23:58:09.116+0000] {dagbag.py:536} INFO - Filling up the DagBag from /home/ubuntu/redfin/lib/python3.10/site-packages/airflow/example_dags/example_kubernetes_executor.py
[2023-12-03T23:58:09.120+0000] {logging_mixin.py:154} INFO - [2023-12-03T23:58:09.120+0000] {example_kubernetes_executor.py:38} WARNING - The example_kubernetes_executor example DAG requires the kubernetes provider. Please install it with: pip install apache-airflow[cncf.kubernetes]
[2023-12-03T23:58:09.120+0000] {processor.py:841} WARNING - No viable dags retrieved from /home/ubuntu/redfin/lib/python3.10/site-packages/airflow/example_dags/example_kubernetes_executor.py
[2023-12-03T23:58:09.132+0000] {processor.py:179} INFO - Processing /home/ubuntu/redfin/lib/python3.10/site-packages/airflow/example_dags/example_kubernetes_executor.py took 0.022 seconds
[2023-12-03T23:58:54.245+0000] {processor.py:157} INFO - Started process (PID=7569) to work on /home/ubuntu/redfin/lib/python3.10/site-packages/airflow/example_dags/example_kubernetes_executor.py
[2023-12-03T23:58:54.246+0000] {processor.py:829} INFO - Processing file /home/ubuntu/redfin/lib/python3.10/site-packages/airflow/example_dags/example_kubernetes_executor.py for tasks to queue
[2023-12-03T23:58:54.247+0000] {logging_mixin.py:154} INFO - [2023-12-03T23:58:54.247+0000] {dagbag.py:536} INFO - Filling up the DagBag from /home/ubuntu/redfin/lib/python3.10/site-packages/airflow/example_dags/example_kubernetes_executor.py
[2023-12-03T23:58:54.251+0000] {logging_mixin.py:154} INFO - [2023-12-03T23:58:54.250+0000] {example_kubernetes_executor.py:38} WARNING - The example_kubernetes_executor example DAG requires the kubernetes provider. Please install it with: pip install apache-airflow[cncf.kubernetes]
[2023-12-03T23:58:54.251+0000] {processor.py:841} WARNING - No viable dags retrieved from /home/ubuntu/redfin/lib/python3.10/site-packages/airflow/example_dags/example_kubernetes_executor.py
[2023-12-03T23:58:54.263+0000] {processor.py:179} INFO - Processing /home/ubuntu/redfin/lib/python3.10/site-packages/airflow/example_dags/example_kubernetes_executor.py took 0.022 seconds
[2023-12-03T23:59:41.384+0000] {processor.py:157} INFO - Started process (PID=7622) to work on /home/ubuntu/redfin/lib/python3.10/site-packages/airflow/example_dags/example_kubernetes_executor.py
[2023-12-03T23:59:41.386+0000] {processor.py:829} INFO - Processing file /home/ubuntu/redfin/lib/python3.10/site-packages/airflow/example_dags/example_kubernetes_executor.py for tasks to queue
[2023-12-03T23:59:41.386+0000] {logging_mixin.py:154} INFO - [2023-12-03T23:59:41.386+0000] {dagbag.py:536} INFO - Filling up the DagBag from /home/ubuntu/redfin/lib/python3.10/site-packages/airflow/example_dags/example_kubernetes_executor.py
[2023-12-03T23:59:41.390+0000] {logging_mixin.py:154} INFO - [2023-12-03T23:59:41.390+0000] {example_kubernetes_executor.py:38} WARNING - The example_kubernetes_executor example DAG requires the kubernetes provider. Please install it with: pip install apache-airflow[cncf.kubernetes]
[2023-12-03T23:59:41.390+0000] {processor.py:841} WARNING - No viable dags retrieved from /home/ubuntu/redfin/lib/python3.10/site-packages/airflow/example_dags/example_kubernetes_executor.py
[2023-12-03T23:59:41.402+0000] {processor.py:179} INFO - Processing /home/ubuntu/redfin/lib/python3.10/site-packages/airflow/example_dags/example_kubernetes_executor.py took 0.021 seconds
