[2023-12-03T23:08:21.952+0000] {processor.py:157} INFO - Started process (PID=3780) to work on /home/ubuntu/redfin/lib/python3.10/site-packages/airflow/example_dags/example_latest_only.py
[2023-12-03T23:08:21.953+0000] {processor.py:829} INFO - Processing file /home/ubuntu/redfin/lib/python3.10/site-packages/airflow/example_dags/example_latest_only.py for tasks to queue
[2023-12-03T23:08:21.954+0000] {logging_mixin.py:154} INFO - [2023-12-03T23:08:21.953+0000] {dagbag.py:536} INFO - Filling up the DagBag from /home/ubuntu/redfin/lib/python3.10/site-packages/airflow/example_dags/example_latest_only.py
[2023-12-03T23:08:21.960+0000] {processor.py:839} INFO - DAG(s) dict_keys(['latest_only']) retrieved from /home/ubuntu/redfin/lib/python3.10/site-packages/airflow/example_dags/example_latest_only.py
[2023-12-03T23:08:22.073+0000] {logging_mixin.py:154} INFO - [2023-12-03T23:08:22.072+0000] {manager.py:499} INFO - Created Permission View: %s
[2023-12-03T23:08:22.086+0000] {logging_mixin.py:154} INFO - [2023-12-03T23:08:22.086+0000] {manager.py:499} INFO - Created Permission View: %s
[2023-12-03T23:08:22.096+0000] {logging_mixin.py:154} INFO - [2023-12-03T23:08:22.096+0000] {manager.py:499} INFO - Created Permission View: %s
[2023-12-03T23:08:22.097+0000] {logging_mixin.py:154} INFO - [2023-12-03T23:08:22.097+0000] {dag.py:2941} INFO - Sync 1 DAGs
[2023-12-03T23:08:22.108+0000] {logging_mixin.py:154} INFO - [2023-12-03T23:08:22.108+0000] {dag.py:2963} INFO - Creating ORM DAG for latest_only
[2023-12-03T23:08:22.118+0000] {logging_mixin.py:154} INFO - [2023-12-03T23:08:22.117+0000] {dag.py:3722} INFO - Setting next_dagrun for latest_only to 2023-12-03T19:08:22.117580+00:00, run_after=2023-12-03T23:08:22.117580+00:00
[2023-12-03T23:08:22.139+0000] {processor.py:179} INFO - Processing /home/ubuntu/redfin/lib/python3.10/site-packages/airflow/example_dags/example_latest_only.py took 0.190 seconds
[2023-12-03T23:09:07.821+0000] {processor.py:157} INFO - Started process (PID=3829) to work on /home/ubuntu/redfin/lib/python3.10/site-packages/airflow/example_dags/example_latest_only.py
[2023-12-03T23:09:07.822+0000] {processor.py:829} INFO - Processing file /home/ubuntu/redfin/lib/python3.10/site-packages/airflow/example_dags/example_latest_only.py for tasks to queue
[2023-12-03T23:09:07.823+0000] {logging_mixin.py:154} INFO - [2023-12-03T23:09:07.823+0000] {dagbag.py:536} INFO - Filling up the DagBag from /home/ubuntu/redfin/lib/python3.10/site-packages/airflow/example_dags/example_latest_only.py
[2023-12-03T23:09:07.830+0000] {processor.py:839} INFO - DAG(s) dict_keys(['latest_only']) retrieved from /home/ubuntu/redfin/lib/python3.10/site-packages/airflow/example_dags/example_latest_only.py
[2023-12-03T23:09:07.847+0000] {logging_mixin.py:154} INFO - [2023-12-03T23:09:07.847+0000] {dag.py:2941} INFO - Sync 1 DAGs
[2023-12-03T23:09:07.868+0000] {logging_mixin.py:154} INFO - [2023-12-03T23:09:07.868+0000] {dag.py:3722} INFO - Setting next_dagrun for latest_only to 2023-12-03T19:09:07.868333+00:00, run_after=2023-12-03T23:09:07.868333+00:00
[2023-12-03T23:09:07.895+0000] {processor.py:179} INFO - Processing /home/ubuntu/redfin/lib/python3.10/site-packages/airflow/example_dags/example_latest_only.py took 0.078 seconds
[2023-12-03T23:09:55.415+0000] {processor.py:157} INFO - Started process (PID=3880) to work on /home/ubuntu/redfin/lib/python3.10/site-packages/airflow/example_dags/example_latest_only.py
[2023-12-03T23:09:55.416+0000] {processor.py:829} INFO - Processing file /home/ubuntu/redfin/lib/python3.10/site-packages/airflow/example_dags/example_latest_only.py for tasks to queue
[2023-12-03T23:09:55.417+0000] {logging_mixin.py:154} INFO - [2023-12-03T23:09:55.417+0000] {dagbag.py:536} INFO - Filling up the DagBag from /home/ubuntu/redfin/lib/python3.10/site-packages/airflow/example_dags/example_latest_only.py
[2023-12-03T23:09:55.424+0000] {processor.py:839} INFO - DAG(s) dict_keys(['latest_only']) retrieved from /home/ubuntu/redfin/lib/python3.10/site-packages/airflow/example_dags/example_latest_only.py
[2023-12-03T23:09:55.441+0000] {logging_mixin.py:154} INFO - [2023-12-03T23:09:55.441+0000] {dag.py:2941} INFO - Sync 1 DAGs
[2023-12-03T23:09:55.463+0000] {logging_mixin.py:154} INFO - [2023-12-03T23:09:55.463+0000] {dag.py:3722} INFO - Setting next_dagrun for latest_only to 2023-12-03T19:09:55.462843+00:00, run_after=2023-12-03T23:09:55.462843+00:00
[2023-12-03T23:09:55.486+0000] {processor.py:179} INFO - Processing /home/ubuntu/redfin/lib/python3.10/site-packages/airflow/example_dags/example_latest_only.py took 0.075 seconds
[2023-12-03T23:10:42.508+0000] {processor.py:157} INFO - Started process (PID=3934) to work on /home/ubuntu/redfin/lib/python3.10/site-packages/airflow/example_dags/example_latest_only.py
[2023-12-03T23:10:42.509+0000] {processor.py:829} INFO - Processing file /home/ubuntu/redfin/lib/python3.10/site-packages/airflow/example_dags/example_latest_only.py for tasks to queue
[2023-12-03T23:10:42.510+0000] {logging_mixin.py:154} INFO - [2023-12-03T23:10:42.510+0000] {dagbag.py:536} INFO - Filling up the DagBag from /home/ubuntu/redfin/lib/python3.10/site-packages/airflow/example_dags/example_latest_only.py
[2023-12-03T23:10:42.517+0000] {processor.py:839} INFO - DAG(s) dict_keys(['latest_only']) retrieved from /home/ubuntu/redfin/lib/python3.10/site-packages/airflow/example_dags/example_latest_only.py
[2023-12-03T23:10:42.534+0000] {logging_mixin.py:154} INFO - [2023-12-03T23:10:42.534+0000] {dag.py:2941} INFO - Sync 1 DAGs
[2023-12-03T23:10:42.554+0000] {logging_mixin.py:154} INFO - [2023-12-03T23:10:42.554+0000] {dag.py:3722} INFO - Setting next_dagrun for latest_only to 2023-12-03T19:10:42.554381+00:00, run_after=2023-12-03T23:10:42.554381+00:00
[2023-12-03T23:10:42.576+0000] {processor.py:179} INFO - Processing /home/ubuntu/redfin/lib/python3.10/site-packages/airflow/example_dags/example_latest_only.py took 0.071 seconds
[2023-12-03T23:11:29.614+0000] {processor.py:157} INFO - Started process (PID=3984) to work on /home/ubuntu/redfin/lib/python3.10/site-packages/airflow/example_dags/example_latest_only.py
[2023-12-03T23:11:29.615+0000] {processor.py:829} INFO - Processing file /home/ubuntu/redfin/lib/python3.10/site-packages/airflow/example_dags/example_latest_only.py for tasks to queue
[2023-12-03T23:11:29.616+0000] {logging_mixin.py:154} INFO - [2023-12-03T23:11:29.616+0000] {dagbag.py:536} INFO - Filling up the DagBag from /home/ubuntu/redfin/lib/python3.10/site-packages/airflow/example_dags/example_latest_only.py
[2023-12-03T23:11:29.623+0000] {processor.py:839} INFO - DAG(s) dict_keys(['latest_only']) retrieved from /home/ubuntu/redfin/lib/python3.10/site-packages/airflow/example_dags/example_latest_only.py
[2023-12-03T23:11:29.641+0000] {logging_mixin.py:154} INFO - [2023-12-03T23:11:29.641+0000] {dag.py:2941} INFO - Sync 1 DAGs
[2023-12-03T23:11:29.664+0000] {logging_mixin.py:154} INFO - [2023-12-03T23:11:29.663+0000] {dag.py:3722} INFO - Setting next_dagrun for latest_only to 2023-12-03T19:11:29.663458+00:00, run_after=2023-12-03T23:11:29.663458+00:00
[2023-12-03T23:11:29.687+0000] {processor.py:179} INFO - Processing /home/ubuntu/redfin/lib/python3.10/site-packages/airflow/example_dags/example_latest_only.py took 0.077 seconds
[2023-12-03T23:12:15.304+0000] {processor.py:157} INFO - Started process (PID=4034) to work on /home/ubuntu/redfin/lib/python3.10/site-packages/airflow/example_dags/example_latest_only.py
[2023-12-03T23:12:15.305+0000] {processor.py:829} INFO - Processing file /home/ubuntu/redfin/lib/python3.10/site-packages/airflow/example_dags/example_latest_only.py for tasks to queue
[2023-12-03T23:12:15.306+0000] {logging_mixin.py:154} INFO - [2023-12-03T23:12:15.306+0000] {dagbag.py:536} INFO - Filling up the DagBag from /home/ubuntu/redfin/lib/python3.10/site-packages/airflow/example_dags/example_latest_only.py
[2023-12-03T23:12:15.313+0000] {processor.py:839} INFO - DAG(s) dict_keys(['latest_only']) retrieved from /home/ubuntu/redfin/lib/python3.10/site-packages/airflow/example_dags/example_latest_only.py
[2023-12-03T23:12:15.331+0000] {logging_mixin.py:154} INFO - [2023-12-03T23:12:15.331+0000] {dag.py:2941} INFO - Sync 1 DAGs
[2023-12-03T23:12:15.353+0000] {logging_mixin.py:154} INFO - [2023-12-03T23:12:15.353+0000] {dag.py:3722} INFO - Setting next_dagrun for latest_only to 2023-12-03T19:12:15.353098+00:00, run_after=2023-12-03T23:12:15.353098+00:00
[2023-12-03T23:12:15.377+0000] {processor.py:179} INFO - Processing /home/ubuntu/redfin/lib/python3.10/site-packages/airflow/example_dags/example_latest_only.py took 0.077 seconds
[2023-12-03T23:13:00.239+0000] {processor.py:157} INFO - Started process (PID=4083) to work on /home/ubuntu/redfin/lib/python3.10/site-packages/airflow/example_dags/example_latest_only.py
[2023-12-03T23:13:00.240+0000] {processor.py:829} INFO - Processing file /home/ubuntu/redfin/lib/python3.10/site-packages/airflow/example_dags/example_latest_only.py for tasks to queue
[2023-12-03T23:13:00.241+0000] {logging_mixin.py:154} INFO - [2023-12-03T23:13:00.241+0000] {dagbag.py:536} INFO - Filling up the DagBag from /home/ubuntu/redfin/lib/python3.10/site-packages/airflow/example_dags/example_latest_only.py
[2023-12-03T23:13:00.247+0000] {processor.py:839} INFO - DAG(s) dict_keys(['latest_only']) retrieved from /home/ubuntu/redfin/lib/python3.10/site-packages/airflow/example_dags/example_latest_only.py
[2023-12-03T23:13:00.266+0000] {logging_mixin.py:154} INFO - [2023-12-03T23:13:00.266+0000] {dag.py:2941} INFO - Sync 1 DAGs
[2023-12-03T23:13:00.287+0000] {logging_mixin.py:154} INFO - [2023-12-03T23:13:00.287+0000] {dag.py:3722} INFO - Setting next_dagrun for latest_only to 2023-12-03T19:13:00.287365+00:00, run_after=2023-12-03T23:13:00.287365+00:00
[2023-12-03T23:13:00.310+0000] {processor.py:179} INFO - Processing /home/ubuntu/redfin/lib/python3.10/site-packages/airflow/example_dags/example_latest_only.py took 0.075 seconds
[2023-12-03T23:13:47.916+0000] {processor.py:157} INFO - Started process (PID=4136) to work on /home/ubuntu/redfin/lib/python3.10/site-packages/airflow/example_dags/example_latest_only.py
[2023-12-03T23:13:47.917+0000] {processor.py:829} INFO - Processing file /home/ubuntu/redfin/lib/python3.10/site-packages/airflow/example_dags/example_latest_only.py for tasks to queue
[2023-12-03T23:13:47.918+0000] {logging_mixin.py:154} INFO - [2023-12-03T23:13:47.918+0000] {dagbag.py:536} INFO - Filling up the DagBag from /home/ubuntu/redfin/lib/python3.10/site-packages/airflow/example_dags/example_latest_only.py
[2023-12-03T23:13:47.924+0000] {processor.py:839} INFO - DAG(s) dict_keys(['latest_only']) retrieved from /home/ubuntu/redfin/lib/python3.10/site-packages/airflow/example_dags/example_latest_only.py
[2023-12-03T23:13:47.942+0000] {logging_mixin.py:154} INFO - [2023-12-03T23:13:47.941+0000] {dag.py:2941} INFO - Sync 1 DAGs
[2023-12-03T23:13:47.962+0000] {logging_mixin.py:154} INFO - [2023-12-03T23:13:47.962+0000] {dag.py:3722} INFO - Setting next_dagrun for latest_only to 2023-12-03T19:13:47.962232+00:00, run_after=2023-12-03T23:13:47.962232+00:00
[2023-12-03T23:13:47.986+0000] {processor.py:179} INFO - Processing /home/ubuntu/redfin/lib/python3.10/site-packages/airflow/example_dags/example_latest_only.py took 0.074 seconds
[2023-12-03T23:14:34.829+0000] {processor.py:157} INFO - Started process (PID=4186) to work on /home/ubuntu/redfin/lib/python3.10/site-packages/airflow/example_dags/example_latest_only.py
[2023-12-03T23:14:34.830+0000] {processor.py:829} INFO - Processing file /home/ubuntu/redfin/lib/python3.10/site-packages/airflow/example_dags/example_latest_only.py for tasks to queue
[2023-12-03T23:14:34.831+0000] {logging_mixin.py:154} INFO - [2023-12-03T23:14:34.831+0000] {dagbag.py:536} INFO - Filling up the DagBag from /home/ubuntu/redfin/lib/python3.10/site-packages/airflow/example_dags/example_latest_only.py
[2023-12-03T23:14:34.838+0000] {processor.py:839} INFO - DAG(s) dict_keys(['latest_only']) retrieved from /home/ubuntu/redfin/lib/python3.10/site-packages/airflow/example_dags/example_latest_only.py
[2023-12-03T23:14:34.856+0000] {logging_mixin.py:154} INFO - [2023-12-03T23:14:34.856+0000] {dag.py:2941} INFO - Sync 1 DAGs
[2023-12-03T23:14:34.879+0000] {logging_mixin.py:154} INFO - [2023-12-03T23:14:34.878+0000] {dag.py:3722} INFO - Setting next_dagrun for latest_only to 2023-12-03T19:14:34.878642+00:00, run_after=2023-12-03T23:14:34.878642+00:00
[2023-12-03T23:14:34.902+0000] {processor.py:179} INFO - Processing /home/ubuntu/redfin/lib/python3.10/site-packages/airflow/example_dags/example_latest_only.py took 0.077 seconds
[2023-12-03T23:15:24.015+0000] {processor.py:157} INFO - Started process (PID=4241) to work on /home/ubuntu/redfin/lib/python3.10/site-packages/airflow/example_dags/example_latest_only.py
[2023-12-03T23:15:24.017+0000] {processor.py:829} INFO - Processing file /home/ubuntu/redfin/lib/python3.10/site-packages/airflow/example_dags/example_latest_only.py for tasks to queue
[2023-12-03T23:15:24.017+0000] {logging_mixin.py:154} INFO - [2023-12-03T23:15:24.017+0000] {dagbag.py:536} INFO - Filling up the DagBag from /home/ubuntu/redfin/lib/python3.10/site-packages/airflow/example_dags/example_latest_only.py
[2023-12-03T23:15:24.024+0000] {processor.py:839} INFO - DAG(s) dict_keys(['latest_only']) retrieved from /home/ubuntu/redfin/lib/python3.10/site-packages/airflow/example_dags/example_latest_only.py
[2023-12-03T23:15:24.043+0000] {logging_mixin.py:154} INFO - [2023-12-03T23:15:24.042+0000] {dag.py:2941} INFO - Sync 1 DAGs
[2023-12-03T23:15:24.066+0000] {logging_mixin.py:154} INFO - [2023-12-03T23:15:24.065+0000] {dag.py:3722} INFO - Setting next_dagrun for latest_only to 2023-12-03T19:15:24.065607+00:00, run_after=2023-12-03T23:15:24.065607+00:00
[2023-12-03T23:15:24.090+0000] {processor.py:179} INFO - Processing /home/ubuntu/redfin/lib/python3.10/site-packages/airflow/example_dags/example_latest_only.py took 0.078 seconds
[2023-12-03T23:16:12.842+0000] {processor.py:157} INFO - Started process (PID=4293) to work on /home/ubuntu/redfin/lib/python3.10/site-packages/airflow/example_dags/example_latest_only.py
[2023-12-03T23:16:12.843+0000] {processor.py:829} INFO - Processing file /home/ubuntu/redfin/lib/python3.10/site-packages/airflow/example_dags/example_latest_only.py for tasks to queue
[2023-12-03T23:16:12.844+0000] {logging_mixin.py:154} INFO - [2023-12-03T23:16:12.844+0000] {dagbag.py:536} INFO - Filling up the DagBag from /home/ubuntu/redfin/lib/python3.10/site-packages/airflow/example_dags/example_latest_only.py
[2023-12-03T23:16:12.850+0000] {processor.py:839} INFO - DAG(s) dict_keys(['latest_only']) retrieved from /home/ubuntu/redfin/lib/python3.10/site-packages/airflow/example_dags/example_latest_only.py
[2023-12-03T23:16:12.868+0000] {logging_mixin.py:154} INFO - [2023-12-03T23:16:12.868+0000] {dag.py:2941} INFO - Sync 1 DAGs
[2023-12-03T23:16:12.890+0000] {logging_mixin.py:154} INFO - [2023-12-03T23:16:12.890+0000] {dag.py:3722} INFO - Setting next_dagrun for latest_only to 2023-12-03T19:16:12.889967+00:00, run_after=2023-12-03T23:16:12.889967+00:00
[2023-12-03T23:16:12.913+0000] {processor.py:179} INFO - Processing /home/ubuntu/redfin/lib/python3.10/site-packages/airflow/example_dags/example_latest_only.py took 0.074 seconds
[2023-12-03T23:16:59.523+0000] {processor.py:157} INFO - Started process (PID=4347) to work on /home/ubuntu/redfin/lib/python3.10/site-packages/airflow/example_dags/example_latest_only.py
[2023-12-03T23:16:59.524+0000] {processor.py:829} INFO - Processing file /home/ubuntu/redfin/lib/python3.10/site-packages/airflow/example_dags/example_latest_only.py for tasks to queue
[2023-12-03T23:16:59.525+0000] {logging_mixin.py:154} INFO - [2023-12-03T23:16:59.525+0000] {dagbag.py:536} INFO - Filling up the DagBag from /home/ubuntu/redfin/lib/python3.10/site-packages/airflow/example_dags/example_latest_only.py
[2023-12-03T23:16:59.532+0000] {processor.py:839} INFO - DAG(s) dict_keys(['latest_only']) retrieved from /home/ubuntu/redfin/lib/python3.10/site-packages/airflow/example_dags/example_latest_only.py
[2023-12-03T23:16:59.550+0000] {logging_mixin.py:154} INFO - [2023-12-03T23:16:59.549+0000] {dag.py:2941} INFO - Sync 1 DAGs
[2023-12-03T23:16:59.571+0000] {logging_mixin.py:154} INFO - [2023-12-03T23:16:59.570+0000] {dag.py:3722} INFO - Setting next_dagrun for latest_only to 2023-12-03T19:16:59.570663+00:00, run_after=2023-12-03T23:16:59.570663+00:00
[2023-12-03T23:16:59.594+0000] {processor.py:179} INFO - Processing /home/ubuntu/redfin/lib/python3.10/site-packages/airflow/example_dags/example_latest_only.py took 0.075 seconds
[2023-12-03T23:17:45.057+0000] {processor.py:157} INFO - Started process (PID=4400) to work on /home/ubuntu/redfin/lib/python3.10/site-packages/airflow/example_dags/example_latest_only.py
[2023-12-03T23:17:45.059+0000] {processor.py:829} INFO - Processing file /home/ubuntu/redfin/lib/python3.10/site-packages/airflow/example_dags/example_latest_only.py for tasks to queue
[2023-12-03T23:17:45.060+0000] {logging_mixin.py:154} INFO - [2023-12-03T23:17:45.059+0000] {dagbag.py:536} INFO - Filling up the DagBag from /home/ubuntu/redfin/lib/python3.10/site-packages/airflow/example_dags/example_latest_only.py
[2023-12-03T23:17:45.066+0000] {processor.py:839} INFO - DAG(s) dict_keys(['latest_only']) retrieved from /home/ubuntu/redfin/lib/python3.10/site-packages/airflow/example_dags/example_latest_only.py
[2023-12-03T23:17:45.085+0000] {logging_mixin.py:154} INFO - [2023-12-03T23:17:45.084+0000] {dag.py:2941} INFO - Sync 1 DAGs
[2023-12-03T23:17:45.106+0000] {logging_mixin.py:154} INFO - [2023-12-03T23:17:45.106+0000] {dag.py:3722} INFO - Setting next_dagrun for latest_only to 2023-12-03T19:17:45.105943+00:00, run_after=2023-12-03T23:17:45.105943+00:00
[2023-12-03T23:17:45.128+0000] {processor.py:179} INFO - Processing /home/ubuntu/redfin/lib/python3.10/site-packages/airflow/example_dags/example_latest_only.py took 0.075 seconds
[2023-12-03T23:18:30.746+0000] {processor.py:157} INFO - Started process (PID=4450) to work on /home/ubuntu/redfin/lib/python3.10/site-packages/airflow/example_dags/example_latest_only.py
[2023-12-03T23:18:30.747+0000] {processor.py:829} INFO - Processing file /home/ubuntu/redfin/lib/python3.10/site-packages/airflow/example_dags/example_latest_only.py for tasks to queue
[2023-12-03T23:18:30.748+0000] {logging_mixin.py:154} INFO - [2023-12-03T23:18:30.748+0000] {dagbag.py:536} INFO - Filling up the DagBag from /home/ubuntu/redfin/lib/python3.10/site-packages/airflow/example_dags/example_latest_only.py
[2023-12-03T23:18:30.755+0000] {processor.py:839} INFO - DAG(s) dict_keys(['latest_only']) retrieved from /home/ubuntu/redfin/lib/python3.10/site-packages/airflow/example_dags/example_latest_only.py
[2023-12-03T23:18:30.773+0000] {logging_mixin.py:154} INFO - [2023-12-03T23:18:30.772+0000] {dag.py:2941} INFO - Sync 1 DAGs
[2023-12-03T23:18:30.795+0000] {logging_mixin.py:154} INFO - [2023-12-03T23:18:30.794+0000] {dag.py:3722} INFO - Setting next_dagrun for latest_only to 2023-12-03T19:18:30.794527+00:00, run_after=2023-12-03T23:18:30.794527+00:00
[2023-12-03T23:18:30.817+0000] {processor.py:179} INFO - Processing /home/ubuntu/redfin/lib/python3.10/site-packages/airflow/example_dags/example_latest_only.py took 0.075 seconds
[2023-12-03T23:19:23.944+0000] {processor.py:157} INFO - Started process (PID=4512) to work on /home/ubuntu/redfin/lib/python3.10/site-packages/airflow/example_dags/example_latest_only.py
[2023-12-03T23:19:23.946+0000] {processor.py:829} INFO - Processing file /home/ubuntu/redfin/lib/python3.10/site-packages/airflow/example_dags/example_latest_only.py for tasks to queue
[2023-12-03T23:19:23.947+0000] {logging_mixin.py:154} INFO - [2023-12-03T23:19:23.946+0000] {dagbag.py:536} INFO - Filling up the DagBag from /home/ubuntu/redfin/lib/python3.10/site-packages/airflow/example_dags/example_latest_only.py
[2023-12-03T23:19:23.954+0000] {processor.py:839} INFO - DAG(s) dict_keys(['latest_only']) retrieved from /home/ubuntu/redfin/lib/python3.10/site-packages/airflow/example_dags/example_latest_only.py
[2023-12-03T23:19:23.971+0000] {logging_mixin.py:154} INFO - [2023-12-03T23:19:23.971+0000] {dag.py:2941} INFO - Sync 1 DAGs
[2023-12-03T23:19:23.993+0000] {logging_mixin.py:154} INFO - [2023-12-03T23:19:23.993+0000] {dag.py:3722} INFO - Setting next_dagrun for latest_only to 2023-12-03T19:19:23.993054+00:00, run_after=2023-12-03T23:19:23.993054+00:00
[2023-12-03T23:19:24.016+0000] {processor.py:179} INFO - Processing /home/ubuntu/redfin/lib/python3.10/site-packages/airflow/example_dags/example_latest_only.py took 0.076 seconds
[2023-12-03T23:20:07.762+0000] {processor.py:157} INFO - Started process (PID=4561) to work on /home/ubuntu/redfin/lib/python3.10/site-packages/airflow/example_dags/example_latest_only.py
[2023-12-03T23:20:07.763+0000] {processor.py:829} INFO - Processing file /home/ubuntu/redfin/lib/python3.10/site-packages/airflow/example_dags/example_latest_only.py for tasks to queue
[2023-12-03T23:20:07.764+0000] {logging_mixin.py:154} INFO - [2023-12-03T23:20:07.764+0000] {dagbag.py:536} INFO - Filling up the DagBag from /home/ubuntu/redfin/lib/python3.10/site-packages/airflow/example_dags/example_latest_only.py
[2023-12-03T23:20:07.771+0000] {processor.py:839} INFO - DAG(s) dict_keys(['latest_only']) retrieved from /home/ubuntu/redfin/lib/python3.10/site-packages/airflow/example_dags/example_latest_only.py
[2023-12-03T23:20:07.790+0000] {logging_mixin.py:154} INFO - [2023-12-03T23:20:07.789+0000] {dag.py:2941} INFO - Sync 1 DAGs
[2023-12-03T23:20:07.812+0000] {logging_mixin.py:154} INFO - [2023-12-03T23:20:07.812+0000] {dag.py:3722} INFO - Setting next_dagrun for latest_only to 2023-12-03T19:20:07.812126+00:00, run_after=2023-12-03T23:20:07.812126+00:00
[2023-12-03T23:20:07.835+0000] {processor.py:179} INFO - Processing /home/ubuntu/redfin/lib/python3.10/site-packages/airflow/example_dags/example_latest_only.py took 0.077 seconds
[2023-12-03T23:20:51.731+0000] {processor.py:157} INFO - Started process (PID=4610) to work on /home/ubuntu/redfin/lib/python3.10/site-packages/airflow/example_dags/example_latest_only.py
[2023-12-03T23:20:51.732+0000] {processor.py:829} INFO - Processing file /home/ubuntu/redfin/lib/python3.10/site-packages/airflow/example_dags/example_latest_only.py for tasks to queue
[2023-12-03T23:20:51.733+0000] {logging_mixin.py:154} INFO - [2023-12-03T23:20:51.733+0000] {dagbag.py:536} INFO - Filling up the DagBag from /home/ubuntu/redfin/lib/python3.10/site-packages/airflow/example_dags/example_latest_only.py
[2023-12-03T23:20:51.740+0000] {processor.py:839} INFO - DAG(s) dict_keys(['latest_only']) retrieved from /home/ubuntu/redfin/lib/python3.10/site-packages/airflow/example_dags/example_latest_only.py
[2023-12-03T23:20:51.759+0000] {logging_mixin.py:154} INFO - [2023-12-03T23:20:51.759+0000] {dag.py:2941} INFO - Sync 1 DAGs
[2023-12-03T23:20:51.782+0000] {logging_mixin.py:154} INFO - [2023-12-03T23:20:51.781+0000] {dag.py:3722} INFO - Setting next_dagrun for latest_only to 2023-12-03T19:20:51.781666+00:00, run_after=2023-12-03T23:20:51.781666+00:00
[2023-12-03T23:20:51.807+0000] {processor.py:179} INFO - Processing /home/ubuntu/redfin/lib/python3.10/site-packages/airflow/example_dags/example_latest_only.py took 0.080 seconds
[2023-12-03T23:21:42.584+0000] {processor.py:157} INFO - Started process (PID=4663) to work on /home/ubuntu/redfin/lib/python3.10/site-packages/airflow/example_dags/example_latest_only.py
[2023-12-03T23:21:42.585+0000] {processor.py:829} INFO - Processing file /home/ubuntu/redfin/lib/python3.10/site-packages/airflow/example_dags/example_latest_only.py for tasks to queue
[2023-12-03T23:21:42.586+0000] {logging_mixin.py:154} INFO - [2023-12-03T23:21:42.586+0000] {dagbag.py:536} INFO - Filling up the DagBag from /home/ubuntu/redfin/lib/python3.10/site-packages/airflow/example_dags/example_latest_only.py
[2023-12-03T23:21:42.592+0000] {processor.py:839} INFO - DAG(s) dict_keys(['latest_only']) retrieved from /home/ubuntu/redfin/lib/python3.10/site-packages/airflow/example_dags/example_latest_only.py
[2023-12-03T23:21:42.610+0000] {logging_mixin.py:154} INFO - [2023-12-03T23:21:42.610+0000] {dag.py:2941} INFO - Sync 1 DAGs
[2023-12-03T23:21:42.632+0000] {logging_mixin.py:154} INFO - [2023-12-03T23:21:42.632+0000] {dag.py:3722} INFO - Setting next_dagrun for latest_only to 2023-12-03T19:21:42.631996+00:00, run_after=2023-12-03T23:21:42.631996+00:00
[2023-12-03T23:21:42.656+0000] {processor.py:179} INFO - Processing /home/ubuntu/redfin/lib/python3.10/site-packages/airflow/example_dags/example_latest_only.py took 0.076 seconds
[2023-12-03T23:22:31.519+0000] {processor.py:157} INFO - Started process (PID=4720) to work on /home/ubuntu/redfin/lib/python3.10/site-packages/airflow/example_dags/example_latest_only.py
[2023-12-03T23:22:31.521+0000] {processor.py:829} INFO - Processing file /home/ubuntu/redfin/lib/python3.10/site-packages/airflow/example_dags/example_latest_only.py for tasks to queue
[2023-12-03T23:22:31.522+0000] {logging_mixin.py:154} INFO - [2023-12-03T23:22:31.521+0000] {dagbag.py:536} INFO - Filling up the DagBag from /home/ubuntu/redfin/lib/python3.10/site-packages/airflow/example_dags/example_latest_only.py
[2023-12-03T23:22:31.528+0000] {processor.py:839} INFO - DAG(s) dict_keys(['latest_only']) retrieved from /home/ubuntu/redfin/lib/python3.10/site-packages/airflow/example_dags/example_latest_only.py
[2023-12-03T23:22:31.546+0000] {logging_mixin.py:154} INFO - [2023-12-03T23:22:31.546+0000] {dag.py:2941} INFO - Sync 1 DAGs
[2023-12-03T23:22:31.567+0000] {logging_mixin.py:154} INFO - [2023-12-03T23:22:31.567+0000] {dag.py:3722} INFO - Setting next_dagrun for latest_only to 2023-12-03T19:22:31.566792+00:00, run_after=2023-12-03T23:22:31.566792+00:00
[2023-12-03T23:22:31.590+0000] {processor.py:179} INFO - Processing /home/ubuntu/redfin/lib/python3.10/site-packages/airflow/example_dags/example_latest_only.py took 0.075 seconds
[2023-12-03T23:23:17.233+0000] {processor.py:157} INFO - Started process (PID=4769) to work on /home/ubuntu/redfin/lib/python3.10/site-packages/airflow/example_dags/example_latest_only.py
[2023-12-03T23:23:17.235+0000] {processor.py:829} INFO - Processing file /home/ubuntu/redfin/lib/python3.10/site-packages/airflow/example_dags/example_latest_only.py for tasks to queue
[2023-12-03T23:23:17.236+0000] {logging_mixin.py:154} INFO - [2023-12-03T23:23:17.235+0000] {dagbag.py:536} INFO - Filling up the DagBag from /home/ubuntu/redfin/lib/python3.10/site-packages/airflow/example_dags/example_latest_only.py
[2023-12-03T23:23:17.242+0000] {processor.py:839} INFO - DAG(s) dict_keys(['latest_only']) retrieved from /home/ubuntu/redfin/lib/python3.10/site-packages/airflow/example_dags/example_latest_only.py
[2023-12-03T23:23:17.259+0000] {logging_mixin.py:154} INFO - [2023-12-03T23:23:17.259+0000] {dag.py:2941} INFO - Sync 1 DAGs
[2023-12-03T23:23:17.280+0000] {logging_mixin.py:154} INFO - [2023-12-03T23:23:17.279+0000] {dag.py:3722} INFO - Setting next_dagrun for latest_only to 2023-12-03T19:23:17.279701+00:00, run_after=2023-12-03T23:23:17.279701+00:00
[2023-12-03T23:23:17.303+0000] {processor.py:179} INFO - Processing /home/ubuntu/redfin/lib/python3.10/site-packages/airflow/example_dags/example_latest_only.py took 0.073 seconds
[2023-12-03T23:24:05.052+0000] {processor.py:157} INFO - Started process (PID=4820) to work on /home/ubuntu/redfin/lib/python3.10/site-packages/airflow/example_dags/example_latest_only.py
[2023-12-03T23:24:05.053+0000] {processor.py:829} INFO - Processing file /home/ubuntu/redfin/lib/python3.10/site-packages/airflow/example_dags/example_latest_only.py for tasks to queue
[2023-12-03T23:24:05.054+0000] {logging_mixin.py:154} INFO - [2023-12-03T23:24:05.054+0000] {dagbag.py:536} INFO - Filling up the DagBag from /home/ubuntu/redfin/lib/python3.10/site-packages/airflow/example_dags/example_latest_only.py
[2023-12-03T23:24:05.061+0000] {processor.py:839} INFO - DAG(s) dict_keys(['latest_only']) retrieved from /home/ubuntu/redfin/lib/python3.10/site-packages/airflow/example_dags/example_latest_only.py
[2023-12-03T23:24:05.078+0000] {logging_mixin.py:154} INFO - [2023-12-03T23:24:05.078+0000] {dag.py:2941} INFO - Sync 1 DAGs
[2023-12-03T23:24:05.099+0000] {logging_mixin.py:154} INFO - [2023-12-03T23:24:05.099+0000] {dag.py:3722} INFO - Setting next_dagrun for latest_only to 2023-12-03T19:24:05.099471+00:00, run_after=2023-12-03T23:24:05.099471+00:00
[2023-12-03T23:24:05.123+0000] {processor.py:179} INFO - Processing /home/ubuntu/redfin/lib/python3.10/site-packages/airflow/example_dags/example_latest_only.py took 0.074 seconds
[2023-12-03T23:24:51.408+0000] {processor.py:157} INFO - Started process (PID=4873) to work on /home/ubuntu/redfin/lib/python3.10/site-packages/airflow/example_dags/example_latest_only.py
[2023-12-03T23:24:51.409+0000] {processor.py:829} INFO - Processing file /home/ubuntu/redfin/lib/python3.10/site-packages/airflow/example_dags/example_latest_only.py for tasks to queue
[2023-12-03T23:24:51.410+0000] {logging_mixin.py:154} INFO - [2023-12-03T23:24:51.410+0000] {dagbag.py:536} INFO - Filling up the DagBag from /home/ubuntu/redfin/lib/python3.10/site-packages/airflow/example_dags/example_latest_only.py
[2023-12-03T23:24:51.416+0000] {processor.py:839} INFO - DAG(s) dict_keys(['latest_only']) retrieved from /home/ubuntu/redfin/lib/python3.10/site-packages/airflow/example_dags/example_latest_only.py
[2023-12-03T23:24:51.434+0000] {logging_mixin.py:154} INFO - [2023-12-03T23:24:51.433+0000] {dag.py:2941} INFO - Sync 1 DAGs
[2023-12-03T23:24:51.454+0000] {logging_mixin.py:154} INFO - [2023-12-03T23:24:51.454+0000] {dag.py:3722} INFO - Setting next_dagrun for latest_only to 2023-12-03T19:24:51.454068+00:00, run_after=2023-12-03T23:24:51.454068+00:00
[2023-12-03T23:24:51.476+0000] {processor.py:179} INFO - Processing /home/ubuntu/redfin/lib/python3.10/site-packages/airflow/example_dags/example_latest_only.py took 0.072 seconds
[2023-12-03T23:25:42.081+0000] {processor.py:157} INFO - Started process (PID=4927) to work on /home/ubuntu/redfin/lib/python3.10/site-packages/airflow/example_dags/example_latest_only.py
[2023-12-03T23:25:42.082+0000] {processor.py:829} INFO - Processing file /home/ubuntu/redfin/lib/python3.10/site-packages/airflow/example_dags/example_latest_only.py for tasks to queue
[2023-12-03T23:25:42.083+0000] {logging_mixin.py:154} INFO - [2023-12-03T23:25:42.083+0000] {dagbag.py:536} INFO - Filling up the DagBag from /home/ubuntu/redfin/lib/python3.10/site-packages/airflow/example_dags/example_latest_only.py
[2023-12-03T23:25:42.089+0000] {processor.py:839} INFO - DAG(s) dict_keys(['latest_only']) retrieved from /home/ubuntu/redfin/lib/python3.10/site-packages/airflow/example_dags/example_latest_only.py
[2023-12-03T23:25:42.107+0000] {logging_mixin.py:154} INFO - [2023-12-03T23:25:42.107+0000] {dag.py:2941} INFO - Sync 1 DAGs
[2023-12-03T23:25:42.128+0000] {logging_mixin.py:154} INFO - [2023-12-03T23:25:42.128+0000] {dag.py:3722} INFO - Setting next_dagrun for latest_only to 2023-12-03T19:25:42.128244+00:00, run_after=2023-12-03T23:25:42.128244+00:00
[2023-12-03T23:25:42.151+0000] {processor.py:179} INFO - Processing /home/ubuntu/redfin/lib/python3.10/site-packages/airflow/example_dags/example_latest_only.py took 0.074 seconds
[2023-12-03T23:26:28.623+0000] {processor.py:157} INFO - Started process (PID=4977) to work on /home/ubuntu/redfin/lib/python3.10/site-packages/airflow/example_dags/example_latest_only.py
[2023-12-03T23:26:28.624+0000] {processor.py:829} INFO - Processing file /home/ubuntu/redfin/lib/python3.10/site-packages/airflow/example_dags/example_latest_only.py for tasks to queue
[2023-12-03T23:26:28.625+0000] {logging_mixin.py:154} INFO - [2023-12-03T23:26:28.625+0000] {dagbag.py:536} INFO - Filling up the DagBag from /home/ubuntu/redfin/lib/python3.10/site-packages/airflow/example_dags/example_latest_only.py
[2023-12-03T23:26:28.631+0000] {processor.py:839} INFO - DAG(s) dict_keys(['latest_only']) retrieved from /home/ubuntu/redfin/lib/python3.10/site-packages/airflow/example_dags/example_latest_only.py
[2023-12-03T23:26:28.648+0000] {logging_mixin.py:154} INFO - [2023-12-03T23:26:28.648+0000] {dag.py:2941} INFO - Sync 1 DAGs
[2023-12-03T23:26:28.669+0000] {logging_mixin.py:154} INFO - [2023-12-03T23:26:28.669+0000] {dag.py:3722} INFO - Setting next_dagrun for latest_only to 2023-12-03T19:26:28.669400+00:00, run_after=2023-12-03T23:26:28.669400+00:00
[2023-12-03T23:26:28.692+0000] {processor.py:179} INFO - Processing /home/ubuntu/redfin/lib/python3.10/site-packages/airflow/example_dags/example_latest_only.py took 0.073 seconds
[2023-12-03T23:27:11.419+0000] {processor.py:157} INFO - Started process (PID=5026) to work on /home/ubuntu/redfin/lib/python3.10/site-packages/airflow/example_dags/example_latest_only.py
[2023-12-03T23:27:11.421+0000] {processor.py:829} INFO - Processing file /home/ubuntu/redfin/lib/python3.10/site-packages/airflow/example_dags/example_latest_only.py for tasks to queue
[2023-12-03T23:27:11.422+0000] {logging_mixin.py:154} INFO - [2023-12-03T23:27:11.421+0000] {dagbag.py:536} INFO - Filling up the DagBag from /home/ubuntu/redfin/lib/python3.10/site-packages/airflow/example_dags/example_latest_only.py
[2023-12-03T23:27:11.428+0000] {processor.py:839} INFO - DAG(s) dict_keys(['latest_only']) retrieved from /home/ubuntu/redfin/lib/python3.10/site-packages/airflow/example_dags/example_latest_only.py
[2023-12-03T23:27:11.445+0000] {logging_mixin.py:154} INFO - [2023-12-03T23:27:11.445+0000] {dag.py:2941} INFO - Sync 1 DAGs
[2023-12-03T23:27:11.466+0000] {logging_mixin.py:154} INFO - [2023-12-03T23:27:11.466+0000] {dag.py:3722} INFO - Setting next_dagrun for latest_only to 2023-12-03T19:27:11.465987+00:00, run_after=2023-12-03T23:27:11.465987+00:00
[2023-12-03T23:27:11.489+0000] {processor.py:179} INFO - Processing /home/ubuntu/redfin/lib/python3.10/site-packages/airflow/example_dags/example_latest_only.py took 0.073 seconds
[2023-12-03T23:27:53.784+0000] {processor.py:157} INFO - Started process (PID=5073) to work on /home/ubuntu/redfin/lib/python3.10/site-packages/airflow/example_dags/example_latest_only.py
[2023-12-03T23:27:53.786+0000] {processor.py:829} INFO - Processing file /home/ubuntu/redfin/lib/python3.10/site-packages/airflow/example_dags/example_latest_only.py for tasks to queue
[2023-12-03T23:27:53.787+0000] {logging_mixin.py:154} INFO - [2023-12-03T23:27:53.786+0000] {dagbag.py:536} INFO - Filling up the DagBag from /home/ubuntu/redfin/lib/python3.10/site-packages/airflow/example_dags/example_latest_only.py
[2023-12-03T23:27:53.793+0000] {processor.py:839} INFO - DAG(s) dict_keys(['latest_only']) retrieved from /home/ubuntu/redfin/lib/python3.10/site-packages/airflow/example_dags/example_latest_only.py
[2023-12-03T23:27:53.811+0000] {logging_mixin.py:154} INFO - [2023-12-03T23:27:53.810+0000] {dag.py:2941} INFO - Sync 1 DAGs
[2023-12-03T23:27:53.832+0000] {logging_mixin.py:154} INFO - [2023-12-03T23:27:53.832+0000] {dag.py:3722} INFO - Setting next_dagrun for latest_only to 2023-12-03T19:27:53.831985+00:00, run_after=2023-12-03T23:27:53.831985+00:00
[2023-12-03T23:27:53.856+0000] {processor.py:179} INFO - Processing /home/ubuntu/redfin/lib/python3.10/site-packages/airflow/example_dags/example_latest_only.py took 0.075 seconds
[2023-12-03T23:28:38.553+0000] {processor.py:157} INFO - Started process (PID=5122) to work on /home/ubuntu/redfin/lib/python3.10/site-packages/airflow/example_dags/example_latest_only.py
[2023-12-03T23:28:38.555+0000] {processor.py:829} INFO - Processing file /home/ubuntu/redfin/lib/python3.10/site-packages/airflow/example_dags/example_latest_only.py for tasks to queue
[2023-12-03T23:28:38.556+0000] {logging_mixin.py:154} INFO - [2023-12-03T23:28:38.555+0000] {dagbag.py:536} INFO - Filling up the DagBag from /home/ubuntu/redfin/lib/python3.10/site-packages/airflow/example_dags/example_latest_only.py
[2023-12-03T23:28:38.562+0000] {processor.py:839} INFO - DAG(s) dict_keys(['latest_only']) retrieved from /home/ubuntu/redfin/lib/python3.10/site-packages/airflow/example_dags/example_latest_only.py
[2023-12-03T23:28:38.580+0000] {logging_mixin.py:154} INFO - [2023-12-03T23:28:38.580+0000] {dag.py:2941} INFO - Sync 1 DAGs
[2023-12-03T23:28:38.601+0000] {logging_mixin.py:154} INFO - [2023-12-03T23:28:38.601+0000] {dag.py:3722} INFO - Setting next_dagrun for latest_only to 2023-12-03T19:28:38.600874+00:00, run_after=2023-12-03T23:28:38.600874+00:00
[2023-12-03T23:28:38.624+0000] {processor.py:179} INFO - Processing /home/ubuntu/redfin/lib/python3.10/site-packages/airflow/example_dags/example_latest_only.py took 0.074 seconds
[2023-12-03T23:29:27.499+0000] {processor.py:157} INFO - Started process (PID=5176) to work on /home/ubuntu/redfin/lib/python3.10/site-packages/airflow/example_dags/example_latest_only.py
[2023-12-03T23:29:27.501+0000] {processor.py:829} INFO - Processing file /home/ubuntu/redfin/lib/python3.10/site-packages/airflow/example_dags/example_latest_only.py for tasks to queue
[2023-12-03T23:29:27.502+0000] {logging_mixin.py:154} INFO - [2023-12-03T23:29:27.501+0000] {dagbag.py:536} INFO - Filling up the DagBag from /home/ubuntu/redfin/lib/python3.10/site-packages/airflow/example_dags/example_latest_only.py
[2023-12-03T23:29:27.508+0000] {processor.py:839} INFO - DAG(s) dict_keys(['latest_only']) retrieved from /home/ubuntu/redfin/lib/python3.10/site-packages/airflow/example_dags/example_latest_only.py
[2023-12-03T23:29:27.526+0000] {logging_mixin.py:154} INFO - [2023-12-03T23:29:27.526+0000] {dag.py:2941} INFO - Sync 1 DAGs
[2023-12-03T23:29:27.548+0000] {logging_mixin.py:154} INFO - [2023-12-03T23:29:27.547+0000] {dag.py:3722} INFO - Setting next_dagrun for latest_only to 2023-12-03T19:29:27.547569+00:00, run_after=2023-12-03T23:29:27.547569+00:00
[2023-12-03T23:29:27.571+0000] {processor.py:179} INFO - Processing /home/ubuntu/redfin/lib/python3.10/site-packages/airflow/example_dags/example_latest_only.py took 0.076 seconds
[2023-12-03T23:30:15.750+0000] {processor.py:157} INFO - Started process (PID=5229) to work on /home/ubuntu/redfin/lib/python3.10/site-packages/airflow/example_dags/example_latest_only.py
[2023-12-03T23:30:15.751+0000] {processor.py:829} INFO - Processing file /home/ubuntu/redfin/lib/python3.10/site-packages/airflow/example_dags/example_latest_only.py for tasks to queue
[2023-12-03T23:30:15.752+0000] {logging_mixin.py:154} INFO - [2023-12-03T23:30:15.752+0000] {dagbag.py:536} INFO - Filling up the DagBag from /home/ubuntu/redfin/lib/python3.10/site-packages/airflow/example_dags/example_latest_only.py
[2023-12-03T23:30:15.758+0000] {processor.py:839} INFO - DAG(s) dict_keys(['latest_only']) retrieved from /home/ubuntu/redfin/lib/python3.10/site-packages/airflow/example_dags/example_latest_only.py
[2023-12-03T23:30:15.777+0000] {logging_mixin.py:154} INFO - [2023-12-03T23:30:15.776+0000] {dag.py:2941} INFO - Sync 1 DAGs
[2023-12-03T23:30:15.798+0000] {logging_mixin.py:154} INFO - [2023-12-03T23:30:15.797+0000] {dag.py:3722} INFO - Setting next_dagrun for latest_only to 2023-12-03T19:30:15.797624+00:00, run_after=2023-12-03T23:30:15.797624+00:00
[2023-12-03T23:30:15.824+0000] {processor.py:179} INFO - Processing /home/ubuntu/redfin/lib/python3.10/site-packages/airflow/example_dags/example_latest_only.py took 0.078 seconds
[2023-12-03T23:31:00.989+0000] {processor.py:157} INFO - Started process (PID=5279) to work on /home/ubuntu/redfin/lib/python3.10/site-packages/airflow/example_dags/example_latest_only.py
[2023-12-03T23:31:00.990+0000] {processor.py:829} INFO - Processing file /home/ubuntu/redfin/lib/python3.10/site-packages/airflow/example_dags/example_latest_only.py for tasks to queue
[2023-12-03T23:31:00.991+0000] {logging_mixin.py:154} INFO - [2023-12-03T23:31:00.990+0000] {dagbag.py:536} INFO - Filling up the DagBag from /home/ubuntu/redfin/lib/python3.10/site-packages/airflow/example_dags/example_latest_only.py
[2023-12-03T23:31:00.997+0000] {processor.py:839} INFO - DAG(s) dict_keys(['latest_only']) retrieved from /home/ubuntu/redfin/lib/python3.10/site-packages/airflow/example_dags/example_latest_only.py
[2023-12-03T23:31:01.014+0000] {logging_mixin.py:154} INFO - [2023-12-03T23:31:01.014+0000] {dag.py:2941} INFO - Sync 1 DAGs
[2023-12-03T23:31:01.036+0000] {logging_mixin.py:154} INFO - [2023-12-03T23:31:01.036+0000] {dag.py:3722} INFO - Setting next_dagrun for latest_only to 2023-12-03T19:31:01.036105+00:00, run_after=2023-12-03T23:31:01.036105+00:00
[2023-12-03T23:31:01.058+0000] {processor.py:179} INFO - Processing /home/ubuntu/redfin/lib/python3.10/site-packages/airflow/example_dags/example_latest_only.py took 0.074 seconds
[2023-12-03T23:31:48.786+0000] {processor.py:157} INFO - Started process (PID=5333) to work on /home/ubuntu/redfin/lib/python3.10/site-packages/airflow/example_dags/example_latest_only.py
[2023-12-03T23:31:48.787+0000] {processor.py:829} INFO - Processing file /home/ubuntu/redfin/lib/python3.10/site-packages/airflow/example_dags/example_latest_only.py for tasks to queue
[2023-12-03T23:31:48.788+0000] {logging_mixin.py:154} INFO - [2023-12-03T23:31:48.788+0000] {dagbag.py:536} INFO - Filling up the DagBag from /home/ubuntu/redfin/lib/python3.10/site-packages/airflow/example_dags/example_latest_only.py
[2023-12-03T23:31:48.794+0000] {processor.py:839} INFO - DAG(s) dict_keys(['latest_only']) retrieved from /home/ubuntu/redfin/lib/python3.10/site-packages/airflow/example_dags/example_latest_only.py
[2023-12-03T23:31:48.813+0000] {logging_mixin.py:154} INFO - [2023-12-03T23:31:48.813+0000] {dag.py:2941} INFO - Sync 1 DAGs
[2023-12-03T23:31:48.835+0000] {logging_mixin.py:154} INFO - [2023-12-03T23:31:48.835+0000] {dag.py:3722} INFO - Setting next_dagrun for latest_only to 2023-12-03T19:31:48.835256+00:00, run_after=2023-12-03T23:31:48.835256+00:00
[2023-12-03T23:31:48.859+0000] {processor.py:179} INFO - Processing /home/ubuntu/redfin/lib/python3.10/site-packages/airflow/example_dags/example_latest_only.py took 0.077 seconds
[2023-12-03T23:32:34.437+0000] {processor.py:157} INFO - Started process (PID=5382) to work on /home/ubuntu/redfin/lib/python3.10/site-packages/airflow/example_dags/example_latest_only.py
[2023-12-03T23:32:34.438+0000] {processor.py:829} INFO - Processing file /home/ubuntu/redfin/lib/python3.10/site-packages/airflow/example_dags/example_latest_only.py for tasks to queue
[2023-12-03T23:32:34.439+0000] {logging_mixin.py:154} INFO - [2023-12-03T23:32:34.439+0000] {dagbag.py:536} INFO - Filling up the DagBag from /home/ubuntu/redfin/lib/python3.10/site-packages/airflow/example_dags/example_latest_only.py
[2023-12-03T23:32:34.446+0000] {processor.py:839} INFO - DAG(s) dict_keys(['latest_only']) retrieved from /home/ubuntu/redfin/lib/python3.10/site-packages/airflow/example_dags/example_latest_only.py
[2023-12-03T23:32:34.464+0000] {logging_mixin.py:154} INFO - [2023-12-03T23:32:34.463+0000] {dag.py:2941} INFO - Sync 1 DAGs
[2023-12-03T23:32:34.485+0000] {logging_mixin.py:154} INFO - [2023-12-03T23:32:34.485+0000] {dag.py:3722} INFO - Setting next_dagrun for latest_only to 2023-12-03T19:32:34.485186+00:00, run_after=2023-12-03T23:32:34.485186+00:00
[2023-12-03T23:32:34.509+0000] {processor.py:179} INFO - Processing /home/ubuntu/redfin/lib/python3.10/site-packages/airflow/example_dags/example_latest_only.py took 0.075 seconds
[2023-12-03T23:33:18.046+0000] {processor.py:157} INFO - Started process (PID=5430) to work on /home/ubuntu/redfin/lib/python3.10/site-packages/airflow/example_dags/example_latest_only.py
[2023-12-03T23:33:18.048+0000] {processor.py:829} INFO - Processing file /home/ubuntu/redfin/lib/python3.10/site-packages/airflow/example_dags/example_latest_only.py for tasks to queue
[2023-12-03T23:33:18.048+0000] {logging_mixin.py:154} INFO - [2023-12-03T23:33:18.048+0000] {dagbag.py:536} INFO - Filling up the DagBag from /home/ubuntu/redfin/lib/python3.10/site-packages/airflow/example_dags/example_latest_only.py
[2023-12-03T23:33:18.055+0000] {processor.py:839} INFO - DAG(s) dict_keys(['latest_only']) retrieved from /home/ubuntu/redfin/lib/python3.10/site-packages/airflow/example_dags/example_latest_only.py
[2023-12-03T23:33:18.072+0000] {logging_mixin.py:154} INFO - [2023-12-03T23:33:18.072+0000] {dag.py:2941} INFO - Sync 1 DAGs
[2023-12-03T23:33:18.093+0000] {logging_mixin.py:154} INFO - [2023-12-03T23:33:18.093+0000] {dag.py:3722} INFO - Setting next_dagrun for latest_only to 2023-12-03T19:33:18.092906+00:00, run_after=2023-12-03T23:33:18.092906+00:00
[2023-12-03T23:33:18.115+0000] {processor.py:179} INFO - Processing /home/ubuntu/redfin/lib/python3.10/site-packages/airflow/example_dags/example_latest_only.py took 0.073 seconds
[2023-12-03T23:34:04.419+0000] {processor.py:157} INFO - Started process (PID=5480) to work on /home/ubuntu/redfin/lib/python3.10/site-packages/airflow/example_dags/example_latest_only.py
[2023-12-03T23:34:04.420+0000] {processor.py:829} INFO - Processing file /home/ubuntu/redfin/lib/python3.10/site-packages/airflow/example_dags/example_latest_only.py for tasks to queue
[2023-12-03T23:34:04.421+0000] {logging_mixin.py:154} INFO - [2023-12-03T23:34:04.421+0000] {dagbag.py:536} INFO - Filling up the DagBag from /home/ubuntu/redfin/lib/python3.10/site-packages/airflow/example_dags/example_latest_only.py
[2023-12-03T23:34:04.427+0000] {processor.py:839} INFO - DAG(s) dict_keys(['latest_only']) retrieved from /home/ubuntu/redfin/lib/python3.10/site-packages/airflow/example_dags/example_latest_only.py
[2023-12-03T23:34:04.445+0000] {logging_mixin.py:154} INFO - [2023-12-03T23:34:04.444+0000] {dag.py:2941} INFO - Sync 1 DAGs
[2023-12-03T23:34:04.465+0000] {logging_mixin.py:154} INFO - [2023-12-03T23:34:04.465+0000] {dag.py:3722} INFO - Setting next_dagrun for latest_only to 2023-12-03T19:34:04.465383+00:00, run_after=2023-12-03T23:34:04.465383+00:00
[2023-12-03T23:34:04.489+0000] {processor.py:179} INFO - Processing /home/ubuntu/redfin/lib/python3.10/site-packages/airflow/example_dags/example_latest_only.py took 0.074 seconds
[2023-12-03T23:34:52.617+0000] {processor.py:157} INFO - Started process (PID=5534) to work on /home/ubuntu/redfin/lib/python3.10/site-packages/airflow/example_dags/example_latest_only.py
[2023-12-03T23:34:52.618+0000] {processor.py:829} INFO - Processing file /home/ubuntu/redfin/lib/python3.10/site-packages/airflow/example_dags/example_latest_only.py for tasks to queue
[2023-12-03T23:34:52.619+0000] {logging_mixin.py:154} INFO - [2023-12-03T23:34:52.619+0000] {dagbag.py:536} INFO - Filling up the DagBag from /home/ubuntu/redfin/lib/python3.10/site-packages/airflow/example_dags/example_latest_only.py
[2023-12-03T23:34:52.625+0000] {processor.py:839} INFO - DAG(s) dict_keys(['latest_only']) retrieved from /home/ubuntu/redfin/lib/python3.10/site-packages/airflow/example_dags/example_latest_only.py
[2023-12-03T23:34:52.643+0000] {logging_mixin.py:154} INFO - [2023-12-03T23:34:52.643+0000] {dag.py:2941} INFO - Sync 1 DAGs
[2023-12-03T23:34:52.664+0000] {logging_mixin.py:154} INFO - [2023-12-03T23:34:52.663+0000] {dag.py:3722} INFO - Setting next_dagrun for latest_only to 2023-12-03T19:34:52.663671+00:00, run_after=2023-12-03T23:34:52.663671+00:00
[2023-12-03T23:34:52.687+0000] {processor.py:179} INFO - Processing /home/ubuntu/redfin/lib/python3.10/site-packages/airflow/example_dags/example_latest_only.py took 0.074 seconds
[2023-12-03T23:35:41.746+0000] {processor.py:157} INFO - Started process (PID=5587) to work on /home/ubuntu/redfin/lib/python3.10/site-packages/airflow/example_dags/example_latest_only.py
[2023-12-03T23:35:41.748+0000] {processor.py:829} INFO - Processing file /home/ubuntu/redfin/lib/python3.10/site-packages/airflow/example_dags/example_latest_only.py for tasks to queue
[2023-12-03T23:35:41.748+0000] {logging_mixin.py:154} INFO - [2023-12-03T23:35:41.748+0000] {dagbag.py:536} INFO - Filling up the DagBag from /home/ubuntu/redfin/lib/python3.10/site-packages/airflow/example_dags/example_latest_only.py
[2023-12-03T23:35:41.755+0000] {processor.py:839} INFO - DAG(s) dict_keys(['latest_only']) retrieved from /home/ubuntu/redfin/lib/python3.10/site-packages/airflow/example_dags/example_latest_only.py
[2023-12-03T23:35:41.772+0000] {logging_mixin.py:154} INFO - [2023-12-03T23:35:41.772+0000] {dag.py:2941} INFO - Sync 1 DAGs
[2023-12-03T23:35:41.793+0000] {logging_mixin.py:154} INFO - [2023-12-03T23:35:41.793+0000] {dag.py:3722} INFO - Setting next_dagrun for latest_only to 2023-12-03T19:35:41.793122+00:00, run_after=2023-12-03T23:35:41.793122+00:00
[2023-12-03T23:35:41.819+0000] {processor.py:179} INFO - Processing /home/ubuntu/redfin/lib/python3.10/site-packages/airflow/example_dags/example_latest_only.py took 0.076 seconds
[2023-12-03T23:36:33.539+0000] {processor.py:157} INFO - Started process (PID=5643) to work on /home/ubuntu/redfin/lib/python3.10/site-packages/airflow/example_dags/example_latest_only.py
[2023-12-03T23:36:33.541+0000] {processor.py:829} INFO - Processing file /home/ubuntu/redfin/lib/python3.10/site-packages/airflow/example_dags/example_latest_only.py for tasks to queue
[2023-12-03T23:36:33.541+0000] {logging_mixin.py:154} INFO - [2023-12-03T23:36:33.541+0000] {dagbag.py:536} INFO - Filling up the DagBag from /home/ubuntu/redfin/lib/python3.10/site-packages/airflow/example_dags/example_latest_only.py
[2023-12-03T23:36:33.548+0000] {processor.py:839} INFO - DAG(s) dict_keys(['latest_only']) retrieved from /home/ubuntu/redfin/lib/python3.10/site-packages/airflow/example_dags/example_latest_only.py
[2023-12-03T23:36:33.565+0000] {logging_mixin.py:154} INFO - [2023-12-03T23:36:33.565+0000] {dag.py:2941} INFO - Sync 1 DAGs
[2023-12-03T23:36:33.585+0000] {logging_mixin.py:154} INFO - [2023-12-03T23:36:33.585+0000] {dag.py:3722} INFO - Setting next_dagrun for latest_only to 2023-12-03T19:36:33.585504+00:00, run_after=2023-12-03T23:36:33.585504+00:00
[2023-12-03T23:36:33.609+0000] {processor.py:179} INFO - Processing /home/ubuntu/redfin/lib/python3.10/site-packages/airflow/example_dags/example_latest_only.py took 0.073 seconds
[2023-12-03T23:37:23.513+0000] {processor.py:157} INFO - Started process (PID=5696) to work on /home/ubuntu/redfin/lib/python3.10/site-packages/airflow/example_dags/example_latest_only.py
[2023-12-03T23:37:23.515+0000] {processor.py:829} INFO - Processing file /home/ubuntu/redfin/lib/python3.10/site-packages/airflow/example_dags/example_latest_only.py for tasks to queue
[2023-12-03T23:37:23.516+0000] {logging_mixin.py:154} INFO - [2023-12-03T23:37:23.515+0000] {dagbag.py:536} INFO - Filling up the DagBag from /home/ubuntu/redfin/lib/python3.10/site-packages/airflow/example_dags/example_latest_only.py
[2023-12-03T23:37:23.522+0000] {processor.py:839} INFO - DAG(s) dict_keys(['latest_only']) retrieved from /home/ubuntu/redfin/lib/python3.10/site-packages/airflow/example_dags/example_latest_only.py
[2023-12-03T23:37:23.540+0000] {logging_mixin.py:154} INFO - [2023-12-03T23:37:23.540+0000] {dag.py:2941} INFO - Sync 1 DAGs
[2023-12-03T23:37:23.561+0000] {logging_mixin.py:154} INFO - [2023-12-03T23:37:23.561+0000] {dag.py:3722} INFO - Setting next_dagrun for latest_only to 2023-12-03T19:37:23.561101+00:00, run_after=2023-12-03T23:37:23.561101+00:00
[2023-12-03T23:37:23.583+0000] {processor.py:179} INFO - Processing /home/ubuntu/redfin/lib/python3.10/site-packages/airflow/example_dags/example_latest_only.py took 0.074 seconds
[2023-12-03T23:38:07.223+0000] {processor.py:157} INFO - Started process (PID=5745) to work on /home/ubuntu/redfin/lib/python3.10/site-packages/airflow/example_dags/example_latest_only.py
[2023-12-03T23:38:07.224+0000] {processor.py:829} INFO - Processing file /home/ubuntu/redfin/lib/python3.10/site-packages/airflow/example_dags/example_latest_only.py for tasks to queue
[2023-12-03T23:38:07.225+0000] {logging_mixin.py:154} INFO - [2023-12-03T23:38:07.224+0000] {dagbag.py:536} INFO - Filling up the DagBag from /home/ubuntu/redfin/lib/python3.10/site-packages/airflow/example_dags/example_latest_only.py
[2023-12-03T23:38:07.231+0000] {processor.py:839} INFO - DAG(s) dict_keys(['latest_only']) retrieved from /home/ubuntu/redfin/lib/python3.10/site-packages/airflow/example_dags/example_latest_only.py
[2023-12-03T23:38:07.249+0000] {logging_mixin.py:154} INFO - [2023-12-03T23:38:07.249+0000] {dag.py:2941} INFO - Sync 1 DAGs
[2023-12-03T23:38:07.270+0000] {logging_mixin.py:154} INFO - [2023-12-03T23:38:07.270+0000] {dag.py:3722} INFO - Setting next_dagrun for latest_only to 2023-12-03T19:38:07.270319+00:00, run_after=2023-12-03T23:38:07.270319+00:00
[2023-12-03T23:38:07.294+0000] {processor.py:179} INFO - Processing /home/ubuntu/redfin/lib/python3.10/site-packages/airflow/example_dags/example_latest_only.py took 0.076 seconds
[2023-12-03T23:38:55.596+0000] {processor.py:157} INFO - Started process (PID=5800) to work on /home/ubuntu/redfin/lib/python3.10/site-packages/airflow/example_dags/example_latest_only.py
[2023-12-03T23:38:55.598+0000] {processor.py:829} INFO - Processing file /home/ubuntu/redfin/lib/python3.10/site-packages/airflow/example_dags/example_latest_only.py for tasks to queue
[2023-12-03T23:38:55.599+0000] {logging_mixin.py:154} INFO - [2023-12-03T23:38:55.598+0000] {dagbag.py:536} INFO - Filling up the DagBag from /home/ubuntu/redfin/lib/python3.10/site-packages/airflow/example_dags/example_latest_only.py
[2023-12-03T23:38:55.605+0000] {processor.py:839} INFO - DAG(s) dict_keys(['latest_only']) retrieved from /home/ubuntu/redfin/lib/python3.10/site-packages/airflow/example_dags/example_latest_only.py
[2023-12-03T23:38:55.623+0000] {logging_mixin.py:154} INFO - [2023-12-03T23:38:55.623+0000] {dag.py:2941} INFO - Sync 1 DAGs
[2023-12-03T23:38:55.644+0000] {logging_mixin.py:154} INFO - [2023-12-03T23:38:55.644+0000] {dag.py:3722} INFO - Setting next_dagrun for latest_only to 2023-12-03T19:38:55.644254+00:00, run_after=2023-12-03T23:38:55.644254+00:00
[2023-12-03T23:38:55.669+0000] {processor.py:179} INFO - Processing /home/ubuntu/redfin/lib/python3.10/site-packages/airflow/example_dags/example_latest_only.py took 0.076 seconds
[2023-12-03T23:39:42.372+0000] {processor.py:157} INFO - Started process (PID=5850) to work on /home/ubuntu/redfin/lib/python3.10/site-packages/airflow/example_dags/example_latest_only.py
[2023-12-03T23:39:42.373+0000] {processor.py:829} INFO - Processing file /home/ubuntu/redfin/lib/python3.10/site-packages/airflow/example_dags/example_latest_only.py for tasks to queue
[2023-12-03T23:39:42.374+0000] {logging_mixin.py:154} INFO - [2023-12-03T23:39:42.374+0000] {dagbag.py:536} INFO - Filling up the DagBag from /home/ubuntu/redfin/lib/python3.10/site-packages/airflow/example_dags/example_latest_only.py
[2023-12-03T23:39:42.380+0000] {processor.py:839} INFO - DAG(s) dict_keys(['latest_only']) retrieved from /home/ubuntu/redfin/lib/python3.10/site-packages/airflow/example_dags/example_latest_only.py
[2023-12-03T23:39:42.398+0000] {logging_mixin.py:154} INFO - [2023-12-03T23:39:42.397+0000] {dag.py:2941} INFO - Sync 1 DAGs
[2023-12-03T23:39:42.419+0000] {logging_mixin.py:154} INFO - [2023-12-03T23:39:42.419+0000] {dag.py:3722} INFO - Setting next_dagrun for latest_only to 2023-12-03T19:39:42.419002+00:00, run_after=2023-12-03T23:39:42.419002+00:00
[2023-12-03T23:39:42.442+0000] {processor.py:179} INFO - Processing /home/ubuntu/redfin/lib/python3.10/site-packages/airflow/example_dags/example_latest_only.py took 0.074 seconds
[2023-12-03T23:40:28.569+0000] {processor.py:157} INFO - Started process (PID=5900) to work on /home/ubuntu/redfin/lib/python3.10/site-packages/airflow/example_dags/example_latest_only.py
[2023-12-03T23:40:28.571+0000] {processor.py:829} INFO - Processing file /home/ubuntu/redfin/lib/python3.10/site-packages/airflow/example_dags/example_latest_only.py for tasks to queue
[2023-12-03T23:40:28.572+0000] {logging_mixin.py:154} INFO - [2023-12-03T23:40:28.572+0000] {dagbag.py:536} INFO - Filling up the DagBag from /home/ubuntu/redfin/lib/python3.10/site-packages/airflow/example_dags/example_latest_only.py
[2023-12-03T23:40:28.579+0000] {processor.py:839} INFO - DAG(s) dict_keys(['latest_only']) retrieved from /home/ubuntu/redfin/lib/python3.10/site-packages/airflow/example_dags/example_latest_only.py
[2023-12-03T23:40:28.597+0000] {logging_mixin.py:154} INFO - [2023-12-03T23:40:28.597+0000] {dag.py:2941} INFO - Sync 1 DAGs
[2023-12-03T23:40:28.618+0000] {logging_mixin.py:154} INFO - [2023-12-03T23:40:28.618+0000] {dag.py:3722} INFO - Setting next_dagrun for latest_only to 2023-12-03T19:40:28.618489+00:00, run_after=2023-12-03T23:40:28.618489+00:00
[2023-12-03T23:40:28.641+0000] {processor.py:179} INFO - Processing /home/ubuntu/redfin/lib/python3.10/site-packages/airflow/example_dags/example_latest_only.py took 0.075 seconds
[2023-12-03T23:41:20.011+0000] {processor.py:157} INFO - Started process (PID=5954) to work on /home/ubuntu/redfin/lib/python3.10/site-packages/airflow/example_dags/example_latest_only.py
[2023-12-03T23:41:20.013+0000] {processor.py:829} INFO - Processing file /home/ubuntu/redfin/lib/python3.10/site-packages/airflow/example_dags/example_latest_only.py for tasks to queue
[2023-12-03T23:41:20.014+0000] {logging_mixin.py:154} INFO - [2023-12-03T23:41:20.013+0000] {dagbag.py:536} INFO - Filling up the DagBag from /home/ubuntu/redfin/lib/python3.10/site-packages/airflow/example_dags/example_latest_only.py
[2023-12-03T23:41:20.020+0000] {processor.py:839} INFO - DAG(s) dict_keys(['latest_only']) retrieved from /home/ubuntu/redfin/lib/python3.10/site-packages/airflow/example_dags/example_latest_only.py
[2023-12-03T23:41:20.039+0000] {logging_mixin.py:154} INFO - [2023-12-03T23:41:20.038+0000] {dag.py:2941} INFO - Sync 1 DAGs
[2023-12-03T23:41:20.061+0000] {logging_mixin.py:154} INFO - [2023-12-03T23:41:20.060+0000] {dag.py:3722} INFO - Setting next_dagrun for latest_only to 2023-12-03T19:41:20.060677+00:00, run_after=2023-12-03T23:41:20.060677+00:00
[2023-12-03T23:41:20.083+0000] {processor.py:179} INFO - Processing /home/ubuntu/redfin/lib/python3.10/site-packages/airflow/example_dags/example_latest_only.py took 0.076 seconds
[2023-12-03T23:42:03.617+0000] {processor.py:157} INFO - Started process (PID=6003) to work on /home/ubuntu/redfin/lib/python3.10/site-packages/airflow/example_dags/example_latest_only.py
[2023-12-03T23:42:03.618+0000] {processor.py:829} INFO - Processing file /home/ubuntu/redfin/lib/python3.10/site-packages/airflow/example_dags/example_latest_only.py for tasks to queue
[2023-12-03T23:42:03.619+0000] {logging_mixin.py:154} INFO - [2023-12-03T23:42:03.619+0000] {dagbag.py:536} INFO - Filling up the DagBag from /home/ubuntu/redfin/lib/python3.10/site-packages/airflow/example_dags/example_latest_only.py
[2023-12-03T23:42:03.625+0000] {processor.py:839} INFO - DAG(s) dict_keys(['latest_only']) retrieved from /home/ubuntu/redfin/lib/python3.10/site-packages/airflow/example_dags/example_latest_only.py
[2023-12-03T23:42:03.644+0000] {logging_mixin.py:154} INFO - [2023-12-03T23:42:03.643+0000] {dag.py:2941} INFO - Sync 1 DAGs
[2023-12-03T23:42:03.667+0000] {logging_mixin.py:154} INFO - [2023-12-03T23:42:03.666+0000] {dag.py:3722} INFO - Setting next_dagrun for latest_only to 2023-12-03T19:42:03.666619+00:00, run_after=2023-12-03T23:42:03.666619+00:00
[2023-12-03T23:42:03.692+0000] {processor.py:179} INFO - Processing /home/ubuntu/redfin/lib/python3.10/site-packages/airflow/example_dags/example_latest_only.py took 0.079 seconds
[2023-12-03T23:42:52.653+0000] {processor.py:157} INFO - Started process (PID=6058) to work on /home/ubuntu/redfin/lib/python3.10/site-packages/airflow/example_dags/example_latest_only.py
[2023-12-03T23:42:52.654+0000] {processor.py:829} INFO - Processing file /home/ubuntu/redfin/lib/python3.10/site-packages/airflow/example_dags/example_latest_only.py for tasks to queue
[2023-12-03T23:42:52.655+0000] {logging_mixin.py:154} INFO - [2023-12-03T23:42:52.654+0000] {dagbag.py:536} INFO - Filling up the DagBag from /home/ubuntu/redfin/lib/python3.10/site-packages/airflow/example_dags/example_latest_only.py
[2023-12-03T23:42:52.661+0000] {processor.py:839} INFO - DAG(s) dict_keys(['latest_only']) retrieved from /home/ubuntu/redfin/lib/python3.10/site-packages/airflow/example_dags/example_latest_only.py
[2023-12-03T23:42:52.678+0000] {logging_mixin.py:154} INFO - [2023-12-03T23:42:52.678+0000] {dag.py:2941} INFO - Sync 1 DAGs
[2023-12-03T23:42:52.700+0000] {logging_mixin.py:154} INFO - [2023-12-03T23:42:52.700+0000] {dag.py:3722} INFO - Setting next_dagrun for latest_only to 2023-12-03T19:42:52.699773+00:00, run_after=2023-12-03T23:42:52.699773+00:00
[2023-12-03T23:42:52.723+0000] {processor.py:179} INFO - Processing /home/ubuntu/redfin/lib/python3.10/site-packages/airflow/example_dags/example_latest_only.py took 0.074 seconds
[2023-12-03T23:43:38.484+0000] {processor.py:157} INFO - Started process (PID=6107) to work on /home/ubuntu/redfin/lib/python3.10/site-packages/airflow/example_dags/example_latest_only.py
[2023-12-03T23:43:38.486+0000] {processor.py:829} INFO - Processing file /home/ubuntu/redfin/lib/python3.10/site-packages/airflow/example_dags/example_latest_only.py for tasks to queue
[2023-12-03T23:43:38.487+0000] {logging_mixin.py:154} INFO - [2023-12-03T23:43:38.486+0000] {dagbag.py:536} INFO - Filling up the DagBag from /home/ubuntu/redfin/lib/python3.10/site-packages/airflow/example_dags/example_latest_only.py
[2023-12-03T23:43:38.493+0000] {processor.py:839} INFO - DAG(s) dict_keys(['latest_only']) retrieved from /home/ubuntu/redfin/lib/python3.10/site-packages/airflow/example_dags/example_latest_only.py
[2023-12-03T23:43:38.512+0000] {logging_mixin.py:154} INFO - [2023-12-03T23:43:38.511+0000] {dag.py:2941} INFO - Sync 1 DAGs
[2023-12-03T23:43:38.534+0000] {logging_mixin.py:154} INFO - [2023-12-03T23:43:38.533+0000] {dag.py:3722} INFO - Setting next_dagrun for latest_only to 2023-12-03T19:43:38.533484+00:00, run_after=2023-12-03T23:43:38.533484+00:00
[2023-12-03T23:43:38.556+0000] {processor.py:179} INFO - Processing /home/ubuntu/redfin/lib/python3.10/site-packages/airflow/example_dags/example_latest_only.py took 0.076 seconds
[2023-12-03T23:44:26.684+0000] {processor.py:157} INFO - Started process (PID=6414) to work on /home/ubuntu/redfin/lib/python3.10/site-packages/airflow/example_dags/example_latest_only.py
[2023-12-03T23:44:26.686+0000] {processor.py:829} INFO - Processing file /home/ubuntu/redfin/lib/python3.10/site-packages/airflow/example_dags/example_latest_only.py for tasks to queue
[2023-12-03T23:44:26.687+0000] {logging_mixin.py:154} INFO - [2023-12-03T23:44:26.686+0000] {dagbag.py:536} INFO - Filling up the DagBag from /home/ubuntu/redfin/lib/python3.10/site-packages/airflow/example_dags/example_latest_only.py
[2023-12-03T23:44:26.693+0000] {processor.py:839} INFO - DAG(s) dict_keys(['latest_only']) retrieved from /home/ubuntu/redfin/lib/python3.10/site-packages/airflow/example_dags/example_latest_only.py
[2023-12-03T23:44:26.711+0000] {logging_mixin.py:154} INFO - [2023-12-03T23:44:26.711+0000] {dag.py:2941} INFO - Sync 1 DAGs
[2023-12-03T23:44:26.731+0000] {logging_mixin.py:154} INFO - [2023-12-03T23:44:26.731+0000] {dag.py:3722} INFO - Setting next_dagrun for latest_only to 2023-12-03T19:44:26.731500+00:00, run_after=2023-12-03T23:44:26.731500+00:00
[2023-12-03T23:44:26.754+0000] {processor.py:179} INFO - Processing /home/ubuntu/redfin/lib/python3.10/site-packages/airflow/example_dags/example_latest_only.py took 0.073 seconds
[2023-12-03T23:45:09.029+0000] {processor.py:157} INFO - Started process (PID=6618) to work on /home/ubuntu/redfin/lib/python3.10/site-packages/airflow/example_dags/example_latest_only.py
[2023-12-03T23:45:09.031+0000] {processor.py:829} INFO - Processing file /home/ubuntu/redfin/lib/python3.10/site-packages/airflow/example_dags/example_latest_only.py for tasks to queue
[2023-12-03T23:45:09.031+0000] {logging_mixin.py:154} INFO - [2023-12-03T23:45:09.031+0000] {dagbag.py:536} INFO - Filling up the DagBag from /home/ubuntu/redfin/lib/python3.10/site-packages/airflow/example_dags/example_latest_only.py
[2023-12-03T23:45:09.038+0000] {processor.py:839} INFO - DAG(s) dict_keys(['latest_only']) retrieved from /home/ubuntu/redfin/lib/python3.10/site-packages/airflow/example_dags/example_latest_only.py
[2023-12-03T23:45:09.056+0000] {logging_mixin.py:154} INFO - [2023-12-03T23:45:09.056+0000] {dag.py:2941} INFO - Sync 1 DAGs
[2023-12-03T23:45:09.079+0000] {logging_mixin.py:154} INFO - [2023-12-03T23:45:09.078+0000] {dag.py:3722} INFO - Setting next_dagrun for latest_only to 2023-12-03T19:45:09.078445+00:00, run_after=2023-12-03T23:45:09.078445+00:00
[2023-12-03T23:45:09.104+0000] {processor.py:179} INFO - Processing /home/ubuntu/redfin/lib/python3.10/site-packages/airflow/example_dags/example_latest_only.py took 0.078 seconds
[2023-12-03T23:45:56.534+0000] {processor.py:157} INFO - Started process (PID=6670) to work on /home/ubuntu/redfin/lib/python3.10/site-packages/airflow/example_dags/example_latest_only.py
[2023-12-03T23:45:56.535+0000] {processor.py:829} INFO - Processing file /home/ubuntu/redfin/lib/python3.10/site-packages/airflow/example_dags/example_latest_only.py for tasks to queue
[2023-12-03T23:45:56.536+0000] {logging_mixin.py:154} INFO - [2023-12-03T23:45:56.536+0000] {dagbag.py:536} INFO - Filling up the DagBag from /home/ubuntu/redfin/lib/python3.10/site-packages/airflow/example_dags/example_latest_only.py
[2023-12-03T23:45:56.542+0000] {processor.py:839} INFO - DAG(s) dict_keys(['latest_only']) retrieved from /home/ubuntu/redfin/lib/python3.10/site-packages/airflow/example_dags/example_latest_only.py
[2023-12-03T23:45:56.560+0000] {logging_mixin.py:154} INFO - [2023-12-03T23:45:56.560+0000] {dag.py:2941} INFO - Sync 1 DAGs
[2023-12-03T23:45:56.581+0000] {logging_mixin.py:154} INFO - [2023-12-03T23:45:56.580+0000] {dag.py:3722} INFO - Setting next_dagrun for latest_only to 2023-12-03T19:45:56.580613+00:00, run_after=2023-12-03T23:45:56.580613+00:00
[2023-12-03T23:45:56.603+0000] {processor.py:179} INFO - Processing /home/ubuntu/redfin/lib/python3.10/site-packages/airflow/example_dags/example_latest_only.py took 0.074 seconds
[2023-12-03T23:46:40.606+0000] {processor.py:157} INFO - Started process (PID=6720) to work on /home/ubuntu/redfin/lib/python3.10/site-packages/airflow/example_dags/example_latest_only.py
[2023-12-03T23:46:40.608+0000] {processor.py:829} INFO - Processing file /home/ubuntu/redfin/lib/python3.10/site-packages/airflow/example_dags/example_latest_only.py for tasks to queue
[2023-12-03T23:46:40.609+0000] {logging_mixin.py:154} INFO - [2023-12-03T23:46:40.608+0000] {dagbag.py:536} INFO - Filling up the DagBag from /home/ubuntu/redfin/lib/python3.10/site-packages/airflow/example_dags/example_latest_only.py
[2023-12-03T23:46:40.615+0000] {processor.py:839} INFO - DAG(s) dict_keys(['latest_only']) retrieved from /home/ubuntu/redfin/lib/python3.10/site-packages/airflow/example_dags/example_latest_only.py
[2023-12-03T23:46:40.633+0000] {logging_mixin.py:154} INFO - [2023-12-03T23:46:40.633+0000] {dag.py:2941} INFO - Sync 1 DAGs
[2023-12-03T23:46:40.654+0000] {logging_mixin.py:154} INFO - [2023-12-03T23:46:40.654+0000] {dag.py:3722} INFO - Setting next_dagrun for latest_only to 2023-12-03T19:46:40.654059+00:00, run_after=2023-12-03T23:46:40.654059+00:00
[2023-12-03T23:46:40.677+0000] {processor.py:179} INFO - Processing /home/ubuntu/redfin/lib/python3.10/site-packages/airflow/example_dags/example_latest_only.py took 0.075 seconds
[2023-12-03T23:47:29.595+0000] {processor.py:157} INFO - Started process (PID=6779) to work on /home/ubuntu/redfin/lib/python3.10/site-packages/airflow/example_dags/example_latest_only.py
[2023-12-03T23:47:29.596+0000] {processor.py:829} INFO - Processing file /home/ubuntu/redfin/lib/python3.10/site-packages/airflow/example_dags/example_latest_only.py for tasks to queue
[2023-12-03T23:47:29.597+0000] {logging_mixin.py:154} INFO - [2023-12-03T23:47:29.597+0000] {dagbag.py:536} INFO - Filling up the DagBag from /home/ubuntu/redfin/lib/python3.10/site-packages/airflow/example_dags/example_latest_only.py
[2023-12-03T23:47:29.604+0000] {processor.py:839} INFO - DAG(s) dict_keys(['latest_only']) retrieved from /home/ubuntu/redfin/lib/python3.10/site-packages/airflow/example_dags/example_latest_only.py
[2023-12-03T23:47:29.624+0000] {logging_mixin.py:154} INFO - [2023-12-03T23:47:29.623+0000] {dag.py:2941} INFO - Sync 1 DAGs
[2023-12-03T23:47:29.646+0000] {logging_mixin.py:154} INFO - [2023-12-03T23:47:29.645+0000] {dag.py:3722} INFO - Setting next_dagrun for latest_only to 2023-12-03T19:47:29.645542+00:00, run_after=2023-12-03T23:47:29.645542+00:00
[2023-12-03T23:47:29.669+0000] {processor.py:179} INFO - Processing /home/ubuntu/redfin/lib/python3.10/site-packages/airflow/example_dags/example_latest_only.py took 0.078 seconds
[2023-12-03T23:48:16.924+0000] {processor.py:157} INFO - Started process (PID=6862) to work on /home/ubuntu/redfin/lib/python3.10/site-packages/airflow/example_dags/example_latest_only.py
[2023-12-03T23:48:16.925+0000] {processor.py:829} INFO - Processing file /home/ubuntu/redfin/lib/python3.10/site-packages/airflow/example_dags/example_latest_only.py for tasks to queue
[2023-12-03T23:48:16.926+0000] {logging_mixin.py:154} INFO - [2023-12-03T23:48:16.926+0000] {dagbag.py:536} INFO - Filling up the DagBag from /home/ubuntu/redfin/lib/python3.10/site-packages/airflow/example_dags/example_latest_only.py
[2023-12-03T23:48:16.932+0000] {processor.py:839} INFO - DAG(s) dict_keys(['latest_only']) retrieved from /home/ubuntu/redfin/lib/python3.10/site-packages/airflow/example_dags/example_latest_only.py
[2023-12-03T23:48:16.950+0000] {logging_mixin.py:154} INFO - [2023-12-03T23:48:16.950+0000] {dag.py:2941} INFO - Sync 1 DAGs
[2023-12-03T23:48:16.970+0000] {logging_mixin.py:154} INFO - [2023-12-03T23:48:16.970+0000] {dag.py:3722} INFO - Setting next_dagrun for latest_only to 2023-12-03T19:48:16.970373+00:00, run_after=2023-12-03T23:48:16.970373+00:00
[2023-12-03T23:48:17.033+0000] {processor.py:179} INFO - Processing /home/ubuntu/redfin/lib/python3.10/site-packages/airflow/example_dags/example_latest_only.py took 0.113 seconds
[2023-12-03T23:49:07.325+0000] {processor.py:157} INFO - Started process (PID=6919) to work on /home/ubuntu/redfin/lib/python3.10/site-packages/airflow/example_dags/example_latest_only.py
[2023-12-03T23:49:07.327+0000] {processor.py:829} INFO - Processing file /home/ubuntu/redfin/lib/python3.10/site-packages/airflow/example_dags/example_latest_only.py for tasks to queue
[2023-12-03T23:49:07.328+0000] {logging_mixin.py:154} INFO - [2023-12-03T23:49:07.327+0000] {dagbag.py:536} INFO - Filling up the DagBag from /home/ubuntu/redfin/lib/python3.10/site-packages/airflow/example_dags/example_latest_only.py
[2023-12-03T23:49:07.334+0000] {processor.py:839} INFO - DAG(s) dict_keys(['latest_only']) retrieved from /home/ubuntu/redfin/lib/python3.10/site-packages/airflow/example_dags/example_latest_only.py
[2023-12-03T23:49:07.353+0000] {logging_mixin.py:154} INFO - [2023-12-03T23:49:07.353+0000] {dag.py:2941} INFO - Sync 1 DAGs
[2023-12-03T23:49:07.375+0000] {logging_mixin.py:154} INFO - [2023-12-03T23:49:07.374+0000] {dag.py:3722} INFO - Setting next_dagrun for latest_only to 2023-12-03T19:49:07.374695+00:00, run_after=2023-12-03T23:49:07.374695+00:00
[2023-12-03T23:49:07.406+0000] {processor.py:179} INFO - Processing /home/ubuntu/redfin/lib/python3.10/site-packages/airflow/example_dags/example_latest_only.py took 0.084 seconds
[2023-12-03T23:49:58.044+0000] {processor.py:157} INFO - Started process (PID=6973) to work on /home/ubuntu/redfin/lib/python3.10/site-packages/airflow/example_dags/example_latest_only.py
[2023-12-03T23:49:58.046+0000] {processor.py:829} INFO - Processing file /home/ubuntu/redfin/lib/python3.10/site-packages/airflow/example_dags/example_latest_only.py for tasks to queue
[2023-12-03T23:49:58.046+0000] {logging_mixin.py:154} INFO - [2023-12-03T23:49:58.046+0000] {dagbag.py:536} INFO - Filling up the DagBag from /home/ubuntu/redfin/lib/python3.10/site-packages/airflow/example_dags/example_latest_only.py
[2023-12-03T23:49:58.053+0000] {processor.py:839} INFO - DAG(s) dict_keys(['latest_only']) retrieved from /home/ubuntu/redfin/lib/python3.10/site-packages/airflow/example_dags/example_latest_only.py
[2023-12-03T23:49:58.072+0000] {logging_mixin.py:154} INFO - [2023-12-03T23:49:58.071+0000] {dag.py:2941} INFO - Sync 1 DAGs
[2023-12-03T23:49:58.093+0000] {logging_mixin.py:154} INFO - [2023-12-03T23:49:58.093+0000] {dag.py:3722} INFO - Setting next_dagrun for latest_only to 2023-12-03T19:49:58.092970+00:00, run_after=2023-12-03T23:49:58.092970+00:00
[2023-12-03T23:49:58.117+0000] {processor.py:179} INFO - Processing /home/ubuntu/redfin/lib/python3.10/site-packages/airflow/example_dags/example_latest_only.py took 0.077 seconds
[2023-12-03T23:50:44.648+0000] {processor.py:157} INFO - Started process (PID=7027) to work on /home/ubuntu/redfin/lib/python3.10/site-packages/airflow/example_dags/example_latest_only.py
[2023-12-03T23:50:44.650+0000] {processor.py:829} INFO - Processing file /home/ubuntu/redfin/lib/python3.10/site-packages/airflow/example_dags/example_latest_only.py for tasks to queue
[2023-12-03T23:50:44.651+0000] {logging_mixin.py:154} INFO - [2023-12-03T23:50:44.650+0000] {dagbag.py:536} INFO - Filling up the DagBag from /home/ubuntu/redfin/lib/python3.10/site-packages/airflow/example_dags/example_latest_only.py
[2023-12-03T23:50:44.657+0000] {processor.py:839} INFO - DAG(s) dict_keys(['latest_only']) retrieved from /home/ubuntu/redfin/lib/python3.10/site-packages/airflow/example_dags/example_latest_only.py
[2023-12-03T23:50:44.677+0000] {logging_mixin.py:154} INFO - [2023-12-03T23:50:44.676+0000] {dag.py:2941} INFO - Sync 1 DAGs
[2023-12-03T23:50:44.698+0000] {logging_mixin.py:154} INFO - [2023-12-03T23:50:44.698+0000] {dag.py:3722} INFO - Setting next_dagrun for latest_only to 2023-12-03T19:50:44.697966+00:00, run_after=2023-12-03T23:50:44.697966+00:00
[2023-12-03T23:50:44.721+0000] {processor.py:179} INFO - Processing /home/ubuntu/redfin/lib/python3.10/site-packages/airflow/example_dags/example_latest_only.py took 0.076 seconds
[2023-12-03T23:51:32.197+0000] {processor.py:157} INFO - Started process (PID=7078) to work on /home/ubuntu/redfin/lib/python3.10/site-packages/airflow/example_dags/example_latest_only.py
[2023-12-03T23:51:32.198+0000] {processor.py:829} INFO - Processing file /home/ubuntu/redfin/lib/python3.10/site-packages/airflow/example_dags/example_latest_only.py for tasks to queue
[2023-12-03T23:51:32.199+0000] {logging_mixin.py:154} INFO - [2023-12-03T23:51:32.199+0000] {dagbag.py:536} INFO - Filling up the DagBag from /home/ubuntu/redfin/lib/python3.10/site-packages/airflow/example_dags/example_latest_only.py
[2023-12-03T23:51:32.206+0000] {processor.py:839} INFO - DAG(s) dict_keys(['latest_only']) retrieved from /home/ubuntu/redfin/lib/python3.10/site-packages/airflow/example_dags/example_latest_only.py
[2023-12-03T23:51:32.224+0000] {logging_mixin.py:154} INFO - [2023-12-03T23:51:32.223+0000] {dag.py:2941} INFO - Sync 1 DAGs
[2023-12-03T23:51:32.245+0000] {logging_mixin.py:154} INFO - [2023-12-03T23:51:32.244+0000] {dag.py:3722} INFO - Setting next_dagrun for latest_only to 2023-12-03T19:51:32.244668+00:00, run_after=2023-12-03T23:51:32.244668+00:00
[2023-12-03T23:51:32.268+0000] {processor.py:179} INFO - Processing /home/ubuntu/redfin/lib/python3.10/site-packages/airflow/example_dags/example_latest_only.py took 0.075 seconds
[2023-12-03T23:52:21.447+0000] {processor.py:157} INFO - Started process (PID=7133) to work on /home/ubuntu/redfin/lib/python3.10/site-packages/airflow/example_dags/example_latest_only.py
[2023-12-03T23:52:21.448+0000] {processor.py:829} INFO - Processing file /home/ubuntu/redfin/lib/python3.10/site-packages/airflow/example_dags/example_latest_only.py for tasks to queue
[2023-12-03T23:52:21.449+0000] {logging_mixin.py:154} INFO - [2023-12-03T23:52:21.449+0000] {dagbag.py:536} INFO - Filling up the DagBag from /home/ubuntu/redfin/lib/python3.10/site-packages/airflow/example_dags/example_latest_only.py
[2023-12-03T23:52:21.456+0000] {processor.py:839} INFO - DAG(s) dict_keys(['latest_only']) retrieved from /home/ubuntu/redfin/lib/python3.10/site-packages/airflow/example_dags/example_latest_only.py
[2023-12-03T23:52:21.474+0000] {logging_mixin.py:154} INFO - [2023-12-03T23:52:21.474+0000] {dag.py:2941} INFO - Sync 1 DAGs
[2023-12-03T23:52:21.497+0000] {logging_mixin.py:154} INFO - [2023-12-03T23:52:21.496+0000] {dag.py:3722} INFO - Setting next_dagrun for latest_only to 2023-12-03T19:52:21.496444+00:00, run_after=2023-12-03T23:52:21.496444+00:00
[2023-12-03T23:52:21.521+0000] {processor.py:179} INFO - Processing /home/ubuntu/redfin/lib/python3.10/site-packages/airflow/example_dags/example_latest_only.py took 0.078 seconds
[2023-12-03T23:53:10.858+0000] {processor.py:157} INFO - Started process (PID=7185) to work on /home/ubuntu/redfin/lib/python3.10/site-packages/airflow/example_dags/example_latest_only.py
[2023-12-03T23:53:10.859+0000] {processor.py:829} INFO - Processing file /home/ubuntu/redfin/lib/python3.10/site-packages/airflow/example_dags/example_latest_only.py for tasks to queue
[2023-12-03T23:53:10.860+0000] {logging_mixin.py:154} INFO - [2023-12-03T23:53:10.859+0000] {dagbag.py:536} INFO - Filling up the DagBag from /home/ubuntu/redfin/lib/python3.10/site-packages/airflow/example_dags/example_latest_only.py
[2023-12-03T23:53:10.866+0000] {processor.py:839} INFO - DAG(s) dict_keys(['latest_only']) retrieved from /home/ubuntu/redfin/lib/python3.10/site-packages/airflow/example_dags/example_latest_only.py
[2023-12-03T23:53:10.884+0000] {logging_mixin.py:154} INFO - [2023-12-03T23:53:10.884+0000] {dag.py:2941} INFO - Sync 1 DAGs
[2023-12-03T23:53:10.907+0000] {logging_mixin.py:154} INFO - [2023-12-03T23:53:10.906+0000] {dag.py:3722} INFO - Setting next_dagrun for latest_only to 2023-12-03T19:53:10.906464+00:00, run_after=2023-12-03T23:53:10.906464+00:00
[2023-12-03T23:53:10.929+0000] {processor.py:179} INFO - Processing /home/ubuntu/redfin/lib/python3.10/site-packages/airflow/example_dags/example_latest_only.py took 0.075 seconds
[2023-12-03T23:53:59.192+0000] {processor.py:157} INFO - Started process (PID=7241) to work on /home/ubuntu/redfin/lib/python3.10/site-packages/airflow/example_dags/example_latest_only.py
[2023-12-03T23:53:59.194+0000] {processor.py:829} INFO - Processing file /home/ubuntu/redfin/lib/python3.10/site-packages/airflow/example_dags/example_latest_only.py for tasks to queue
[2023-12-03T23:53:59.195+0000] {logging_mixin.py:154} INFO - [2023-12-03T23:53:59.194+0000] {dagbag.py:536} INFO - Filling up the DagBag from /home/ubuntu/redfin/lib/python3.10/site-packages/airflow/example_dags/example_latest_only.py
[2023-12-03T23:53:59.201+0000] {processor.py:839} INFO - DAG(s) dict_keys(['latest_only']) retrieved from /home/ubuntu/redfin/lib/python3.10/site-packages/airflow/example_dags/example_latest_only.py
[2023-12-03T23:53:59.219+0000] {logging_mixin.py:154} INFO - [2023-12-03T23:53:59.218+0000] {dag.py:2941} INFO - Sync 1 DAGs
[2023-12-03T23:53:59.239+0000] {logging_mixin.py:154} INFO - [2023-12-03T23:53:59.239+0000] {dag.py:3722} INFO - Setting next_dagrun for latest_only to 2023-12-03T19:53:59.239052+00:00, run_after=2023-12-03T23:53:59.239052+00:00
[2023-12-03T23:53:59.269+0000] {processor.py:179} INFO - Processing /home/ubuntu/redfin/lib/python3.10/site-packages/airflow/example_dags/example_latest_only.py took 0.081 seconds
[2023-12-03T23:54:47.224+0000] {processor.py:157} INFO - Started process (PID=7292) to work on /home/ubuntu/redfin/lib/python3.10/site-packages/airflow/example_dags/example_latest_only.py
[2023-12-03T23:54:47.226+0000] {processor.py:829} INFO - Processing file /home/ubuntu/redfin/lib/python3.10/site-packages/airflow/example_dags/example_latest_only.py for tasks to queue
[2023-12-03T23:54:47.226+0000] {logging_mixin.py:154} INFO - [2023-12-03T23:54:47.226+0000] {dagbag.py:536} INFO - Filling up the DagBag from /home/ubuntu/redfin/lib/python3.10/site-packages/airflow/example_dags/example_latest_only.py
[2023-12-03T23:54:47.233+0000] {processor.py:839} INFO - DAG(s) dict_keys(['latest_only']) retrieved from /home/ubuntu/redfin/lib/python3.10/site-packages/airflow/example_dags/example_latest_only.py
[2023-12-03T23:54:47.251+0000] {logging_mixin.py:154} INFO - [2023-12-03T23:54:47.251+0000] {dag.py:2941} INFO - Sync 1 DAGs
[2023-12-03T23:54:47.273+0000] {logging_mixin.py:154} INFO - [2023-12-03T23:54:47.272+0000] {dag.py:3722} INFO - Setting next_dagrun for latest_only to 2023-12-03T19:54:47.272585+00:00, run_after=2023-12-03T23:54:47.272585+00:00
[2023-12-03T23:54:47.295+0000] {processor.py:179} INFO - Processing /home/ubuntu/redfin/lib/python3.10/site-packages/airflow/example_dags/example_latest_only.py took 0.075 seconds
[2023-12-03T23:55:35.186+0000] {processor.py:157} INFO - Started process (PID=7346) to work on /home/ubuntu/redfin/lib/python3.10/site-packages/airflow/example_dags/example_latest_only.py
[2023-12-03T23:55:35.188+0000] {processor.py:829} INFO - Processing file /home/ubuntu/redfin/lib/python3.10/site-packages/airflow/example_dags/example_latest_only.py for tasks to queue
[2023-12-03T23:55:35.189+0000] {logging_mixin.py:154} INFO - [2023-12-03T23:55:35.188+0000] {dagbag.py:536} INFO - Filling up the DagBag from /home/ubuntu/redfin/lib/python3.10/site-packages/airflow/example_dags/example_latest_only.py
[2023-12-03T23:55:35.195+0000] {processor.py:839} INFO - DAG(s) dict_keys(['latest_only']) retrieved from /home/ubuntu/redfin/lib/python3.10/site-packages/airflow/example_dags/example_latest_only.py
[2023-12-03T23:55:35.213+0000] {logging_mixin.py:154} INFO - [2023-12-03T23:55:35.213+0000] {dag.py:2941} INFO - Sync 1 DAGs
[2023-12-03T23:55:35.235+0000] {logging_mixin.py:154} INFO - [2023-12-03T23:55:35.235+0000] {dag.py:3722} INFO - Setting next_dagrun for latest_only to 2023-12-03T19:55:35.235312+00:00, run_after=2023-12-03T23:55:35.235312+00:00
[2023-12-03T23:55:35.258+0000] {processor.py:179} INFO - Processing /home/ubuntu/redfin/lib/python3.10/site-packages/airflow/example_dags/example_latest_only.py took 0.075 seconds
[2023-12-03T23:56:22.903+0000] {processor.py:157} INFO - Started process (PID=7397) to work on /home/ubuntu/redfin/lib/python3.10/site-packages/airflow/example_dags/example_latest_only.py
[2023-12-03T23:56:22.904+0000] {processor.py:829} INFO - Processing file /home/ubuntu/redfin/lib/python3.10/site-packages/airflow/example_dags/example_latest_only.py for tasks to queue
[2023-12-03T23:56:22.905+0000] {logging_mixin.py:154} INFO - [2023-12-03T23:56:22.905+0000] {dagbag.py:536} INFO - Filling up the DagBag from /home/ubuntu/redfin/lib/python3.10/site-packages/airflow/example_dags/example_latest_only.py
[2023-12-03T23:56:22.912+0000] {processor.py:839} INFO - DAG(s) dict_keys(['latest_only']) retrieved from /home/ubuntu/redfin/lib/python3.10/site-packages/airflow/example_dags/example_latest_only.py
[2023-12-03T23:56:22.930+0000] {logging_mixin.py:154} INFO - [2023-12-03T23:56:22.929+0000] {dag.py:2941} INFO - Sync 1 DAGs
[2023-12-03T23:56:22.951+0000] {logging_mixin.py:154} INFO - [2023-12-03T23:56:22.951+0000] {dag.py:3722} INFO - Setting next_dagrun for latest_only to 2023-12-03T19:56:22.951530+00:00, run_after=2023-12-03T23:56:22.951530+00:00
[2023-12-03T23:56:22.975+0000] {processor.py:179} INFO - Processing /home/ubuntu/redfin/lib/python3.10/site-packages/airflow/example_dags/example_latest_only.py took 0.076 seconds
[2023-12-03T23:57:11.414+0000] {processor.py:157} INFO - Started process (PID=7453) to work on /home/ubuntu/redfin/lib/python3.10/site-packages/airflow/example_dags/example_latest_only.py
[2023-12-03T23:57:11.415+0000] {processor.py:829} INFO - Processing file /home/ubuntu/redfin/lib/python3.10/site-packages/airflow/example_dags/example_latest_only.py for tasks to queue
[2023-12-03T23:57:11.416+0000] {logging_mixin.py:154} INFO - [2023-12-03T23:57:11.415+0000] {dagbag.py:536} INFO - Filling up the DagBag from /home/ubuntu/redfin/lib/python3.10/site-packages/airflow/example_dags/example_latest_only.py
[2023-12-03T23:57:11.422+0000] {processor.py:839} INFO - DAG(s) dict_keys(['latest_only']) retrieved from /home/ubuntu/redfin/lib/python3.10/site-packages/airflow/example_dags/example_latest_only.py
[2023-12-03T23:57:11.440+0000] {logging_mixin.py:154} INFO - [2023-12-03T23:57:11.440+0000] {dag.py:2941} INFO - Sync 1 DAGs
[2023-12-03T23:57:11.461+0000] {logging_mixin.py:154} INFO - [2023-12-03T23:57:11.461+0000] {dag.py:3722} INFO - Setting next_dagrun for latest_only to 2023-12-03T19:57:11.460986+00:00, run_after=2023-12-03T23:57:11.460986+00:00
[2023-12-03T23:57:11.484+0000] {processor.py:179} INFO - Processing /home/ubuntu/redfin/lib/python3.10/site-packages/airflow/example_dags/example_latest_only.py took 0.074 seconds
[2023-12-03T23:57:55.369+0000] {processor.py:157} INFO - Started process (PID=7502) to work on /home/ubuntu/redfin/lib/python3.10/site-packages/airflow/example_dags/example_latest_only.py
[2023-12-03T23:57:55.370+0000] {processor.py:829} INFO - Processing file /home/ubuntu/redfin/lib/python3.10/site-packages/airflow/example_dags/example_latest_only.py for tasks to queue
[2023-12-03T23:57:55.371+0000] {logging_mixin.py:154} INFO - [2023-12-03T23:57:55.371+0000] {dagbag.py:536} INFO - Filling up the DagBag from /home/ubuntu/redfin/lib/python3.10/site-packages/airflow/example_dags/example_latest_only.py
[2023-12-03T23:57:55.377+0000] {processor.py:839} INFO - DAG(s) dict_keys(['latest_only']) retrieved from /home/ubuntu/redfin/lib/python3.10/site-packages/airflow/example_dags/example_latest_only.py
[2023-12-03T23:57:55.397+0000] {logging_mixin.py:154} INFO - [2023-12-03T23:57:55.397+0000] {dag.py:2941} INFO - Sync 1 DAGs
[2023-12-03T23:57:55.419+0000] {logging_mixin.py:154} INFO - [2023-12-03T23:57:55.419+0000] {dag.py:3722} INFO - Setting next_dagrun for latest_only to 2023-12-03T19:57:55.419188+00:00, run_after=2023-12-03T23:57:55.419188+00:00
[2023-12-03T23:57:55.445+0000] {processor.py:179} INFO - Processing /home/ubuntu/redfin/lib/python3.10/site-packages/airflow/example_dags/example_latest_only.py took 0.080 seconds
[2023-12-03T23:58:39.658+0000] {processor.py:157} INFO - Started process (PID=7551) to work on /home/ubuntu/redfin/lib/python3.10/site-packages/airflow/example_dags/example_latest_only.py
[2023-12-03T23:58:39.660+0000] {processor.py:829} INFO - Processing file /home/ubuntu/redfin/lib/python3.10/site-packages/airflow/example_dags/example_latest_only.py for tasks to queue
[2023-12-03T23:58:39.661+0000] {logging_mixin.py:154} INFO - [2023-12-03T23:58:39.660+0000] {dagbag.py:536} INFO - Filling up the DagBag from /home/ubuntu/redfin/lib/python3.10/site-packages/airflow/example_dags/example_latest_only.py
[2023-12-03T23:58:39.667+0000] {processor.py:839} INFO - DAG(s) dict_keys(['latest_only']) retrieved from /home/ubuntu/redfin/lib/python3.10/site-packages/airflow/example_dags/example_latest_only.py
[2023-12-03T23:58:39.686+0000] {logging_mixin.py:154} INFO - [2023-12-03T23:58:39.686+0000] {dag.py:2941} INFO - Sync 1 DAGs
[2023-12-03T23:58:39.709+0000] {logging_mixin.py:154} INFO - [2023-12-03T23:58:39.708+0000] {dag.py:3722} INFO - Setting next_dagrun for latest_only to 2023-12-03T19:58:39.708630+00:00, run_after=2023-12-03T23:58:39.708630+00:00
[2023-12-03T23:58:39.734+0000] {processor.py:179} INFO - Processing /home/ubuntu/redfin/lib/python3.10/site-packages/airflow/example_dags/example_latest_only.py took 0.079 seconds
[2023-12-03T23:59:27.484+0000] {processor.py:157} INFO - Started process (PID=7607) to work on /home/ubuntu/redfin/lib/python3.10/site-packages/airflow/example_dags/example_latest_only.py
[2023-12-03T23:59:27.486+0000] {processor.py:829} INFO - Processing file /home/ubuntu/redfin/lib/python3.10/site-packages/airflow/example_dags/example_latest_only.py for tasks to queue
[2023-12-03T23:59:27.487+0000] {logging_mixin.py:154} INFO - [2023-12-03T23:59:27.486+0000] {dagbag.py:536} INFO - Filling up the DagBag from /home/ubuntu/redfin/lib/python3.10/site-packages/airflow/example_dags/example_latest_only.py
[2023-12-03T23:59:27.493+0000] {processor.py:839} INFO - DAG(s) dict_keys(['latest_only']) retrieved from /home/ubuntu/redfin/lib/python3.10/site-packages/airflow/example_dags/example_latest_only.py
[2023-12-03T23:59:27.512+0000] {logging_mixin.py:154} INFO - [2023-12-03T23:59:27.512+0000] {dag.py:2941} INFO - Sync 1 DAGs
[2023-12-03T23:59:27.534+0000] {logging_mixin.py:154} INFO - [2023-12-03T23:59:27.534+0000] {dag.py:3722} INFO - Setting next_dagrun for latest_only to 2023-12-03T19:59:27.534003+00:00, run_after=2023-12-03T23:59:27.534003+00:00
[2023-12-03T23:59:27.557+0000] {processor.py:179} INFO - Processing /home/ubuntu/redfin/lib/python3.10/site-packages/airflow/example_dags/example_latest_only.py took 0.077 seconds
