[2023-12-03T23:08:19.264+0000] {processor.py:157} INFO - Started process (PID=3778) to work on /home/ubuntu/redfin/lib/python3.10/site-packages/airflow/example_dags/example_complex.py
[2023-12-03T23:08:19.265+0000] {processor.py:829} INFO - Processing file /home/ubuntu/redfin/lib/python3.10/site-packages/airflow/example_dags/example_complex.py for tasks to queue
[2023-12-03T23:08:19.266+0000] {logging_mixin.py:154} INFO - [2023-12-03T23:08:19.266+0000] {dagbag.py:536} INFO - Filling up the DagBag from /home/ubuntu/redfin/lib/python3.10/site-packages/airflow/example_dags/example_complex.py
[2023-12-03T23:08:19.278+0000] {processor.py:839} INFO - DAG(s) dict_keys(['example_complex']) retrieved from /home/ubuntu/redfin/lib/python3.10/site-packages/airflow/example_dags/example_complex.py
[2023-12-03T23:08:19.404+0000] {logging_mixin.py:154} INFO - [2023-12-03T23:08:19.404+0000] {manager.py:499} INFO - Created Permission View: %s
[2023-12-03T23:08:19.418+0000] {logging_mixin.py:154} INFO - [2023-12-03T23:08:19.417+0000] {manager.py:499} INFO - Created Permission View: %s
[2023-12-03T23:08:19.427+0000] {logging_mixin.py:154} INFO - [2023-12-03T23:08:19.427+0000] {manager.py:499} INFO - Created Permission View: %s
[2023-12-03T23:08:19.428+0000] {logging_mixin.py:154} INFO - [2023-12-03T23:08:19.428+0000] {dag.py:2941} INFO - Sync 1 DAGs
[2023-12-03T23:08:19.440+0000] {logging_mixin.py:154} INFO - [2023-12-03T23:08:19.439+0000] {dag.py:2963} INFO - Creating ORM DAG for example_complex
[2023-12-03T23:08:19.440+0000] {logging_mixin.py:154} INFO - [2023-12-03T23:08:19.440+0000] {dag.py:3722} INFO - Setting next_dagrun for example_complex to None, run_after=None
[2023-12-03T23:08:19.464+0000] {processor.py:179} INFO - Processing /home/ubuntu/redfin/lib/python3.10/site-packages/airflow/example_dags/example_complex.py took 0.204 seconds
[2023-12-03T23:09:06.246+0000] {processor.py:157} INFO - Started process (PID=3827) to work on /home/ubuntu/redfin/lib/python3.10/site-packages/airflow/example_dags/example_complex.py
[2023-12-03T23:09:06.247+0000] {processor.py:829} INFO - Processing file /home/ubuntu/redfin/lib/python3.10/site-packages/airflow/example_dags/example_complex.py for tasks to queue
[2023-12-03T23:09:06.248+0000] {logging_mixin.py:154} INFO - [2023-12-03T23:09:06.248+0000] {dagbag.py:536} INFO - Filling up the DagBag from /home/ubuntu/redfin/lib/python3.10/site-packages/airflow/example_dags/example_complex.py
[2023-12-03T23:09:06.260+0000] {processor.py:839} INFO - DAG(s) dict_keys(['example_complex']) retrieved from /home/ubuntu/redfin/lib/python3.10/site-packages/airflow/example_dags/example_complex.py
[2023-12-03T23:09:06.288+0000] {logging_mixin.py:154} INFO - [2023-12-03T23:09:06.288+0000] {dag.py:2941} INFO - Sync 1 DAGs
[2023-12-03T23:09:06.300+0000] {logging_mixin.py:154} INFO - [2023-12-03T23:09:06.300+0000] {dag.py:3722} INFO - Setting next_dagrun for example_complex to None, run_after=None
[2023-12-03T23:09:06.322+0000] {processor.py:179} INFO - Processing /home/ubuntu/redfin/lib/python3.10/site-packages/airflow/example_dags/example_complex.py took 0.080 seconds
[2023-12-03T23:09:53.033+0000] {processor.py:157} INFO - Started process (PID=3878) to work on /home/ubuntu/redfin/lib/python3.10/site-packages/airflow/example_dags/example_complex.py
[2023-12-03T23:09:53.034+0000] {processor.py:829} INFO - Processing file /home/ubuntu/redfin/lib/python3.10/site-packages/airflow/example_dags/example_complex.py for tasks to queue
[2023-12-03T23:09:53.035+0000] {logging_mixin.py:154} INFO - [2023-12-03T23:09:53.034+0000] {dagbag.py:536} INFO - Filling up the DagBag from /home/ubuntu/redfin/lib/python3.10/site-packages/airflow/example_dags/example_complex.py
[2023-12-03T23:09:53.048+0000] {processor.py:839} INFO - DAG(s) dict_keys(['example_complex']) retrieved from /home/ubuntu/redfin/lib/python3.10/site-packages/airflow/example_dags/example_complex.py
[2023-12-03T23:09:53.077+0000] {logging_mixin.py:154} INFO - [2023-12-03T23:09:53.077+0000] {dag.py:2941} INFO - Sync 1 DAGs
[2023-12-03T23:09:53.091+0000] {logging_mixin.py:154} INFO - [2023-12-03T23:09:53.091+0000] {dag.py:3722} INFO - Setting next_dagrun for example_complex to None, run_after=None
[2023-12-03T23:09:53.114+0000] {processor.py:179} INFO - Processing /home/ubuntu/redfin/lib/python3.10/site-packages/airflow/example_dags/example_complex.py took 0.085 seconds
[2023-12-03T23:10:40.124+0000] {processor.py:157} INFO - Started process (PID=3932) to work on /home/ubuntu/redfin/lib/python3.10/site-packages/airflow/example_dags/example_complex.py
[2023-12-03T23:10:40.126+0000] {processor.py:829} INFO - Processing file /home/ubuntu/redfin/lib/python3.10/site-packages/airflow/example_dags/example_complex.py for tasks to queue
[2023-12-03T23:10:40.127+0000] {logging_mixin.py:154} INFO - [2023-12-03T23:10:40.126+0000] {dagbag.py:536} INFO - Filling up the DagBag from /home/ubuntu/redfin/lib/python3.10/site-packages/airflow/example_dags/example_complex.py
[2023-12-03T23:10:40.140+0000] {processor.py:839} INFO - DAG(s) dict_keys(['example_complex']) retrieved from /home/ubuntu/redfin/lib/python3.10/site-packages/airflow/example_dags/example_complex.py
[2023-12-03T23:10:40.169+0000] {logging_mixin.py:154} INFO - [2023-12-03T23:10:40.169+0000] {dag.py:2941} INFO - Sync 1 DAGs
[2023-12-03T23:10:40.182+0000] {logging_mixin.py:154} INFO - [2023-12-03T23:10:40.182+0000] {dag.py:3722} INFO - Setting next_dagrun for example_complex to None, run_after=None
[2023-12-03T23:10:40.208+0000] {processor.py:179} INFO - Processing /home/ubuntu/redfin/lib/python3.10/site-packages/airflow/example_dags/example_complex.py took 0.087 seconds
[2023-12-03T23:11:28.548+0000] {processor.py:157} INFO - Started process (PID=3982) to work on /home/ubuntu/redfin/lib/python3.10/site-packages/airflow/example_dags/example_complex.py
[2023-12-03T23:11:28.549+0000] {processor.py:829} INFO - Processing file /home/ubuntu/redfin/lib/python3.10/site-packages/airflow/example_dags/example_complex.py for tasks to queue
[2023-12-03T23:11:28.550+0000] {logging_mixin.py:154} INFO - [2023-12-03T23:11:28.550+0000] {dagbag.py:536} INFO - Filling up the DagBag from /home/ubuntu/redfin/lib/python3.10/site-packages/airflow/example_dags/example_complex.py
[2023-12-03T23:11:28.562+0000] {processor.py:839} INFO - DAG(s) dict_keys(['example_complex']) retrieved from /home/ubuntu/redfin/lib/python3.10/site-packages/airflow/example_dags/example_complex.py
[2023-12-03T23:11:28.591+0000] {logging_mixin.py:154} INFO - [2023-12-03T23:11:28.591+0000] {dag.py:2941} INFO - Sync 1 DAGs
[2023-12-03T23:11:28.605+0000] {logging_mixin.py:154} INFO - [2023-12-03T23:11:28.605+0000] {dag.py:3722} INFO - Setting next_dagrun for example_complex to None, run_after=None
[2023-12-03T23:11:28.628+0000] {processor.py:179} INFO - Processing /home/ubuntu/redfin/lib/python3.10/site-packages/airflow/example_dags/example_complex.py took 0.083 seconds
[2023-12-03T23:12:13.689+0000] {processor.py:157} INFO - Started process (PID=4032) to work on /home/ubuntu/redfin/lib/python3.10/site-packages/airflow/example_dags/example_complex.py
[2023-12-03T23:12:13.691+0000] {processor.py:829} INFO - Processing file /home/ubuntu/redfin/lib/python3.10/site-packages/airflow/example_dags/example_complex.py for tasks to queue
[2023-12-03T23:12:13.692+0000] {logging_mixin.py:154} INFO - [2023-12-03T23:12:13.691+0000] {dagbag.py:536} INFO - Filling up the DagBag from /home/ubuntu/redfin/lib/python3.10/site-packages/airflow/example_dags/example_complex.py
[2023-12-03T23:12:13.704+0000] {processor.py:839} INFO - DAG(s) dict_keys(['example_complex']) retrieved from /home/ubuntu/redfin/lib/python3.10/site-packages/airflow/example_dags/example_complex.py
[2023-12-03T23:12:13.732+0000] {logging_mixin.py:154} INFO - [2023-12-03T23:12:13.731+0000] {dag.py:2941} INFO - Sync 1 DAGs
[2023-12-03T23:12:13.745+0000] {logging_mixin.py:154} INFO - [2023-12-03T23:12:13.744+0000] {dag.py:3722} INFO - Setting next_dagrun for example_complex to None, run_after=None
[2023-12-03T23:12:13.766+0000] {processor.py:179} INFO - Processing /home/ubuntu/redfin/lib/python3.10/site-packages/airflow/example_dags/example_complex.py took 0.081 seconds
[2023-12-03T23:12:57.855+0000] {processor.py:157} INFO - Started process (PID=4081) to work on /home/ubuntu/redfin/lib/python3.10/site-packages/airflow/example_dags/example_complex.py
[2023-12-03T23:12:57.856+0000] {processor.py:829} INFO - Processing file /home/ubuntu/redfin/lib/python3.10/site-packages/airflow/example_dags/example_complex.py for tasks to queue
[2023-12-03T23:12:57.857+0000] {logging_mixin.py:154} INFO - [2023-12-03T23:12:57.856+0000] {dagbag.py:536} INFO - Filling up the DagBag from /home/ubuntu/redfin/lib/python3.10/site-packages/airflow/example_dags/example_complex.py
[2023-12-03T23:12:57.869+0000] {processor.py:839} INFO - DAG(s) dict_keys(['example_complex']) retrieved from /home/ubuntu/redfin/lib/python3.10/site-packages/airflow/example_dags/example_complex.py
[2023-12-03T23:12:57.899+0000] {logging_mixin.py:154} INFO - [2023-12-03T23:12:57.899+0000] {dag.py:2941} INFO - Sync 1 DAGs
[2023-12-03T23:12:57.912+0000] {logging_mixin.py:154} INFO - [2023-12-03T23:12:57.912+0000] {dag.py:3722} INFO - Setting next_dagrun for example_complex to None, run_after=None
[2023-12-03T23:12:57.935+0000] {processor.py:179} INFO - Processing /home/ubuntu/redfin/lib/python3.10/site-packages/airflow/example_dags/example_complex.py took 0.084 seconds
[2023-12-03T23:13:45.532+0000] {processor.py:157} INFO - Started process (PID=4134) to work on /home/ubuntu/redfin/lib/python3.10/site-packages/airflow/example_dags/example_complex.py
[2023-12-03T23:13:45.533+0000] {processor.py:829} INFO - Processing file /home/ubuntu/redfin/lib/python3.10/site-packages/airflow/example_dags/example_complex.py for tasks to queue
[2023-12-03T23:13:45.534+0000] {logging_mixin.py:154} INFO - [2023-12-03T23:13:45.534+0000] {dagbag.py:536} INFO - Filling up the DagBag from /home/ubuntu/redfin/lib/python3.10/site-packages/airflow/example_dags/example_complex.py
[2023-12-03T23:13:45.547+0000] {processor.py:839} INFO - DAG(s) dict_keys(['example_complex']) retrieved from /home/ubuntu/redfin/lib/python3.10/site-packages/airflow/example_dags/example_complex.py
[2023-12-03T23:13:45.577+0000] {logging_mixin.py:154} INFO - [2023-12-03T23:13:45.577+0000] {dag.py:2941} INFO - Sync 1 DAGs
[2023-12-03T23:13:45.590+0000] {logging_mixin.py:154} INFO - [2023-12-03T23:13:45.590+0000] {dag.py:3722} INFO - Setting next_dagrun for example_complex to None, run_after=None
[2023-12-03T23:13:45.613+0000] {processor.py:179} INFO - Processing /home/ubuntu/redfin/lib/python3.10/site-packages/airflow/example_dags/example_complex.py took 0.085 seconds
[2023-12-03T23:14:33.192+0000] {processor.py:157} INFO - Started process (PID=4184) to work on /home/ubuntu/redfin/lib/python3.10/site-packages/airflow/example_dags/example_complex.py
[2023-12-03T23:14:33.194+0000] {processor.py:829} INFO - Processing file /home/ubuntu/redfin/lib/python3.10/site-packages/airflow/example_dags/example_complex.py for tasks to queue
[2023-12-03T23:14:33.195+0000] {logging_mixin.py:154} INFO - [2023-12-03T23:14:33.194+0000] {dagbag.py:536} INFO - Filling up the DagBag from /home/ubuntu/redfin/lib/python3.10/site-packages/airflow/example_dags/example_complex.py
[2023-12-03T23:14:33.207+0000] {processor.py:839} INFO - DAG(s) dict_keys(['example_complex']) retrieved from /home/ubuntu/redfin/lib/python3.10/site-packages/airflow/example_dags/example_complex.py
[2023-12-03T23:14:33.237+0000] {logging_mixin.py:154} INFO - [2023-12-03T23:14:33.237+0000] {dag.py:2941} INFO - Sync 1 DAGs
[2023-12-03T23:14:33.250+0000] {logging_mixin.py:154} INFO - [2023-12-03T23:14:33.250+0000] {dag.py:3722} INFO - Setting next_dagrun for example_complex to None, run_after=None
[2023-12-03T23:14:33.274+0000] {processor.py:179} INFO - Processing /home/ubuntu/redfin/lib/python3.10/site-packages/airflow/example_dags/example_complex.py took 0.086 seconds
[2023-12-03T23:15:22.546+0000] {processor.py:157} INFO - Started process (PID=4239) to work on /home/ubuntu/redfin/lib/python3.10/site-packages/airflow/example_dags/example_complex.py
[2023-12-03T23:15:22.547+0000] {processor.py:829} INFO - Processing file /home/ubuntu/redfin/lib/python3.10/site-packages/airflow/example_dags/example_complex.py for tasks to queue
[2023-12-03T23:15:22.548+0000] {logging_mixin.py:154} INFO - [2023-12-03T23:15:22.548+0000] {dagbag.py:536} INFO - Filling up the DagBag from /home/ubuntu/redfin/lib/python3.10/site-packages/airflow/example_dags/example_complex.py
[2023-12-03T23:15:22.560+0000] {processor.py:839} INFO - DAG(s) dict_keys(['example_complex']) retrieved from /home/ubuntu/redfin/lib/python3.10/site-packages/airflow/example_dags/example_complex.py
[2023-12-03T23:15:22.589+0000] {logging_mixin.py:154} INFO - [2023-12-03T23:15:22.589+0000] {dag.py:2941} INFO - Sync 1 DAGs
[2023-12-03T23:15:22.602+0000] {logging_mixin.py:154} INFO - [2023-12-03T23:15:22.602+0000] {dag.py:3722} INFO - Setting next_dagrun for example_complex to None, run_after=None
[2023-12-03T23:15:22.625+0000] {processor.py:179} INFO - Processing /home/ubuntu/redfin/lib/python3.10/site-packages/airflow/example_dags/example_complex.py took 0.082 seconds
[2023-12-03T23:16:10.451+0000] {processor.py:157} INFO - Started process (PID=4291) to work on /home/ubuntu/redfin/lib/python3.10/site-packages/airflow/example_dags/example_complex.py
[2023-12-03T23:16:10.453+0000] {processor.py:829} INFO - Processing file /home/ubuntu/redfin/lib/python3.10/site-packages/airflow/example_dags/example_complex.py for tasks to queue
[2023-12-03T23:16:10.454+0000] {logging_mixin.py:154} INFO - [2023-12-03T23:16:10.453+0000] {dagbag.py:536} INFO - Filling up the DagBag from /home/ubuntu/redfin/lib/python3.10/site-packages/airflow/example_dags/example_complex.py
[2023-12-03T23:16:10.466+0000] {processor.py:839} INFO - DAG(s) dict_keys(['example_complex']) retrieved from /home/ubuntu/redfin/lib/python3.10/site-packages/airflow/example_dags/example_complex.py
[2023-12-03T23:16:10.497+0000] {logging_mixin.py:154} INFO - [2023-12-03T23:16:10.497+0000] {dag.py:2941} INFO - Sync 1 DAGs
[2023-12-03T23:16:10.510+0000] {logging_mixin.py:154} INFO - [2023-12-03T23:16:10.510+0000] {dag.py:3722} INFO - Setting next_dagrun for example_complex to None, run_after=None
[2023-12-03T23:16:10.534+0000] {processor.py:179} INFO - Processing /home/ubuntu/redfin/lib/python3.10/site-packages/airflow/example_dags/example_complex.py took 0.087 seconds
[2023-12-03T23:16:57.138+0000] {processor.py:157} INFO - Started process (PID=4345) to work on /home/ubuntu/redfin/lib/python3.10/site-packages/airflow/example_dags/example_complex.py
[2023-12-03T23:16:57.139+0000] {processor.py:829} INFO - Processing file /home/ubuntu/redfin/lib/python3.10/site-packages/airflow/example_dags/example_complex.py for tasks to queue
[2023-12-03T23:16:57.140+0000] {logging_mixin.py:154} INFO - [2023-12-03T23:16:57.140+0000] {dagbag.py:536} INFO - Filling up the DagBag from /home/ubuntu/redfin/lib/python3.10/site-packages/airflow/example_dags/example_complex.py
[2023-12-03T23:16:57.153+0000] {processor.py:839} INFO - DAG(s) dict_keys(['example_complex']) retrieved from /home/ubuntu/redfin/lib/python3.10/site-packages/airflow/example_dags/example_complex.py
[2023-12-03T23:16:57.183+0000] {logging_mixin.py:154} INFO - [2023-12-03T23:16:57.182+0000] {dag.py:2941} INFO - Sync 1 DAGs
[2023-12-03T23:16:57.196+0000] {logging_mixin.py:154} INFO - [2023-12-03T23:16:57.196+0000] {dag.py:3722} INFO - Setting next_dagrun for example_complex to None, run_after=None
[2023-12-03T23:16:57.221+0000] {processor.py:179} INFO - Processing /home/ubuntu/redfin/lib/python3.10/site-packages/airflow/example_dags/example_complex.py took 0.087 seconds
[2023-12-03T23:17:42.674+0000] {processor.py:157} INFO - Started process (PID=4398) to work on /home/ubuntu/redfin/lib/python3.10/site-packages/airflow/example_dags/example_complex.py
[2023-12-03T23:17:42.675+0000] {processor.py:829} INFO - Processing file /home/ubuntu/redfin/lib/python3.10/site-packages/airflow/example_dags/example_complex.py for tasks to queue
[2023-12-03T23:17:42.676+0000] {logging_mixin.py:154} INFO - [2023-12-03T23:17:42.676+0000] {dagbag.py:536} INFO - Filling up the DagBag from /home/ubuntu/redfin/lib/python3.10/site-packages/airflow/example_dags/example_complex.py
[2023-12-03T23:17:42.688+0000] {processor.py:839} INFO - DAG(s) dict_keys(['example_complex']) retrieved from /home/ubuntu/redfin/lib/python3.10/site-packages/airflow/example_dags/example_complex.py
[2023-12-03T23:17:42.717+0000] {logging_mixin.py:154} INFO - [2023-12-03T23:17:42.717+0000] {dag.py:2941} INFO - Sync 1 DAGs
[2023-12-03T23:17:42.730+0000] {logging_mixin.py:154} INFO - [2023-12-03T23:17:42.730+0000] {dag.py:3722} INFO - Setting next_dagrun for example_complex to None, run_after=None
[2023-12-03T23:17:42.753+0000] {processor.py:179} INFO - Processing /home/ubuntu/redfin/lib/python3.10/site-packages/airflow/example_dags/example_complex.py took 0.083 seconds
[2023-12-03T23:18:28.363+0000] {processor.py:157} INFO - Started process (PID=4448) to work on /home/ubuntu/redfin/lib/python3.10/site-packages/airflow/example_dags/example_complex.py
[2023-12-03T23:18:28.365+0000] {processor.py:829} INFO - Processing file /home/ubuntu/redfin/lib/python3.10/site-packages/airflow/example_dags/example_complex.py for tasks to queue
[2023-12-03T23:18:28.366+0000] {logging_mixin.py:154} INFO - [2023-12-03T23:18:28.365+0000] {dagbag.py:536} INFO - Filling up the DagBag from /home/ubuntu/redfin/lib/python3.10/site-packages/airflow/example_dags/example_complex.py
[2023-12-03T23:18:28.378+0000] {processor.py:839} INFO - DAG(s) dict_keys(['example_complex']) retrieved from /home/ubuntu/redfin/lib/python3.10/site-packages/airflow/example_dags/example_complex.py
[2023-12-03T23:18:28.407+0000] {logging_mixin.py:154} INFO - [2023-12-03T23:18:28.407+0000] {dag.py:2941} INFO - Sync 1 DAGs
[2023-12-03T23:18:28.420+0000] {logging_mixin.py:154} INFO - [2023-12-03T23:18:28.420+0000] {dag.py:3722} INFO - Setting next_dagrun for example_complex to None, run_after=None
[2023-12-03T23:18:28.443+0000] {processor.py:179} INFO - Processing /home/ubuntu/redfin/lib/python3.10/site-packages/airflow/example_dags/example_complex.py took 0.083 seconds
[2023-12-03T23:19:12.396+0000] {processor.py:157} INFO - Started process (PID=4498) to work on /home/ubuntu/redfin/lib/python3.10/site-packages/airflow/example_dags/example_complex.py
[2023-12-03T23:19:12.397+0000] {processor.py:829} INFO - Processing file /home/ubuntu/redfin/lib/python3.10/site-packages/airflow/example_dags/example_complex.py for tasks to queue
[2023-12-03T23:19:12.398+0000] {logging_mixin.py:154} INFO - [2023-12-03T23:19:12.397+0000] {dagbag.py:536} INFO - Filling up the DagBag from /home/ubuntu/redfin/lib/python3.10/site-packages/airflow/example_dags/example_complex.py
[2023-12-03T23:19:12.410+0000] {processor.py:839} INFO - DAG(s) dict_keys(['example_complex']) retrieved from /home/ubuntu/redfin/lib/python3.10/site-packages/airflow/example_dags/example_complex.py
[2023-12-03T23:19:12.438+0000] {logging_mixin.py:154} INFO - [2023-12-03T23:19:12.438+0000] {dag.py:2941} INFO - Sync 1 DAGs
[2023-12-03T23:19:12.451+0000] {logging_mixin.py:154} INFO - [2023-12-03T23:19:12.450+0000] {dag.py:3722} INFO - Setting next_dagrun for example_complex to None, run_after=None
[2023-12-03T23:19:12.473+0000] {processor.py:179} INFO - Processing /home/ubuntu/redfin/lib/python3.10/site-packages/airflow/example_dags/example_complex.py took 0.082 seconds
[2023-12-03T23:19:57.620+0000] {processor.py:157} INFO - Started process (PID=4547) to work on /home/ubuntu/redfin/lib/python3.10/site-packages/airflow/example_dags/example_complex.py
[2023-12-03T23:19:57.621+0000] {processor.py:829} INFO - Processing file /home/ubuntu/redfin/lib/python3.10/site-packages/airflow/example_dags/example_complex.py for tasks to queue
[2023-12-03T23:19:57.622+0000] {logging_mixin.py:154} INFO - [2023-12-03T23:19:57.622+0000] {dagbag.py:536} INFO - Filling up the DagBag from /home/ubuntu/redfin/lib/python3.10/site-packages/airflow/example_dags/example_complex.py
[2023-12-03T23:19:57.634+0000] {processor.py:839} INFO - DAG(s) dict_keys(['example_complex']) retrieved from /home/ubuntu/redfin/lib/python3.10/site-packages/airflow/example_dags/example_complex.py
[2023-12-03T23:19:57.662+0000] {logging_mixin.py:154} INFO - [2023-12-03T23:19:57.662+0000] {dag.py:2941} INFO - Sync 1 DAGs
[2023-12-03T23:19:57.675+0000] {logging_mixin.py:154} INFO - [2023-12-03T23:19:57.675+0000] {dag.py:3722} INFO - Setting next_dagrun for example_complex to None, run_after=None
[2023-12-03T23:19:57.697+0000] {processor.py:179} INFO - Processing /home/ubuntu/redfin/lib/python3.10/site-packages/airflow/example_dags/example_complex.py took 0.081 seconds
[2023-12-03T23:20:39.369+0000] {processor.py:157} INFO - Started process (PID=4595) to work on /home/ubuntu/redfin/lib/python3.10/site-packages/airflow/example_dags/example_complex.py
[2023-12-03T23:20:39.370+0000] {processor.py:829} INFO - Processing file /home/ubuntu/redfin/lib/python3.10/site-packages/airflow/example_dags/example_complex.py for tasks to queue
[2023-12-03T23:20:39.371+0000] {logging_mixin.py:154} INFO - [2023-12-03T23:20:39.371+0000] {dagbag.py:536} INFO - Filling up the DagBag from /home/ubuntu/redfin/lib/python3.10/site-packages/airflow/example_dags/example_complex.py
[2023-12-03T23:20:39.383+0000] {processor.py:839} INFO - DAG(s) dict_keys(['example_complex']) retrieved from /home/ubuntu/redfin/lib/python3.10/site-packages/airflow/example_dags/example_complex.py
[2023-12-03T23:20:39.412+0000] {logging_mixin.py:154} INFO - [2023-12-03T23:20:39.412+0000] {dag.py:2941} INFO - Sync 1 DAGs
[2023-12-03T23:20:39.426+0000] {logging_mixin.py:154} INFO - [2023-12-03T23:20:39.425+0000] {dag.py:3722} INFO - Setting next_dagrun for example_complex to None, run_after=None
[2023-12-03T23:20:39.448+0000] {processor.py:179} INFO - Processing /home/ubuntu/redfin/lib/python3.10/site-packages/airflow/example_dags/example_complex.py took 0.083 seconds
[2023-12-03T23:21:26.387+0000] {processor.py:157} INFO - Started process (PID=4647) to work on /home/ubuntu/redfin/lib/python3.10/site-packages/airflow/example_dags/example_complex.py
[2023-12-03T23:21:26.388+0000] {processor.py:829} INFO - Processing file /home/ubuntu/redfin/lib/python3.10/site-packages/airflow/example_dags/example_complex.py for tasks to queue
[2023-12-03T23:21:26.389+0000] {logging_mixin.py:154} INFO - [2023-12-03T23:21:26.389+0000] {dagbag.py:536} INFO - Filling up the DagBag from /home/ubuntu/redfin/lib/python3.10/site-packages/airflow/example_dags/example_complex.py
[2023-12-03T23:21:26.402+0000] {processor.py:839} INFO - DAG(s) dict_keys(['example_complex']) retrieved from /home/ubuntu/redfin/lib/python3.10/site-packages/airflow/example_dags/example_complex.py
[2023-12-03T23:21:26.432+0000] {logging_mixin.py:154} INFO - [2023-12-03T23:21:26.432+0000] {dag.py:2941} INFO - Sync 1 DAGs
[2023-12-03T23:21:26.447+0000] {logging_mixin.py:154} INFO - [2023-12-03T23:21:26.447+0000] {dag.py:3722} INFO - Setting next_dagrun for example_complex to None, run_after=None
[2023-12-03T23:21:26.475+0000] {processor.py:179} INFO - Processing /home/ubuntu/redfin/lib/python3.10/site-packages/airflow/example_dags/example_complex.py took 0.092 seconds
[2023-12-03T23:22:16.644+0000] {processor.py:157} INFO - Started process (PID=4701) to work on /home/ubuntu/redfin/lib/python3.10/site-packages/airflow/example_dags/example_complex.py
[2023-12-03T23:22:16.646+0000] {processor.py:829} INFO - Processing file /home/ubuntu/redfin/lib/python3.10/site-packages/airflow/example_dags/example_complex.py for tasks to queue
[2023-12-03T23:22:16.646+0000] {logging_mixin.py:154} INFO - [2023-12-03T23:22:16.646+0000] {dagbag.py:536} INFO - Filling up the DagBag from /home/ubuntu/redfin/lib/python3.10/site-packages/airflow/example_dags/example_complex.py
[2023-12-03T23:22:16.658+0000] {processor.py:839} INFO - DAG(s) dict_keys(['example_complex']) retrieved from /home/ubuntu/redfin/lib/python3.10/site-packages/airflow/example_dags/example_complex.py
[2023-12-03T23:22:16.687+0000] {logging_mixin.py:154} INFO - [2023-12-03T23:22:16.687+0000] {dag.py:2941} INFO - Sync 1 DAGs
[2023-12-03T23:22:16.699+0000] {logging_mixin.py:154} INFO - [2023-12-03T23:22:16.699+0000] {dag.py:3722} INFO - Setting next_dagrun for example_complex to None, run_after=None
[2023-12-03T23:22:16.721+0000] {processor.py:179} INFO - Processing /home/ubuntu/redfin/lib/python3.10/site-packages/airflow/example_dags/example_complex.py took 0.081 seconds
[2023-12-03T23:23:03.194+0000] {processor.py:157} INFO - Started process (PID=4755) to work on /home/ubuntu/redfin/lib/python3.10/site-packages/airflow/example_dags/example_complex.py
[2023-12-03T23:23:03.196+0000] {processor.py:829} INFO - Processing file /home/ubuntu/redfin/lib/python3.10/site-packages/airflow/example_dags/example_complex.py for tasks to queue
[2023-12-03T23:23:03.197+0000] {logging_mixin.py:154} INFO - [2023-12-03T23:23:03.196+0000] {dagbag.py:536} INFO - Filling up the DagBag from /home/ubuntu/redfin/lib/python3.10/site-packages/airflow/example_dags/example_complex.py
[2023-12-03T23:23:03.209+0000] {processor.py:839} INFO - DAG(s) dict_keys(['example_complex']) retrieved from /home/ubuntu/redfin/lib/python3.10/site-packages/airflow/example_dags/example_complex.py
[2023-12-03T23:23:03.239+0000] {logging_mixin.py:154} INFO - [2023-12-03T23:23:03.238+0000] {dag.py:2941} INFO - Sync 1 DAGs
[2023-12-03T23:23:03.252+0000] {logging_mixin.py:154} INFO - [2023-12-03T23:23:03.251+0000] {dag.py:3722} INFO - Setting next_dagrun for example_complex to None, run_after=None
[2023-12-03T23:23:03.275+0000] {processor.py:179} INFO - Processing /home/ubuntu/redfin/lib/python3.10/site-packages/airflow/example_dags/example_complex.py took 0.085 seconds
[2023-12-03T23:23:49.684+0000] {processor.py:157} INFO - Started process (PID=4805) to work on /home/ubuntu/redfin/lib/python3.10/site-packages/airflow/example_dags/example_complex.py
[2023-12-03T23:23:49.685+0000] {processor.py:829} INFO - Processing file /home/ubuntu/redfin/lib/python3.10/site-packages/airflow/example_dags/example_complex.py for tasks to queue
[2023-12-03T23:23:49.686+0000] {logging_mixin.py:154} INFO - [2023-12-03T23:23:49.686+0000] {dagbag.py:536} INFO - Filling up the DagBag from /home/ubuntu/redfin/lib/python3.10/site-packages/airflow/example_dags/example_complex.py
[2023-12-03T23:23:49.698+0000] {processor.py:839} INFO - DAG(s) dict_keys(['example_complex']) retrieved from /home/ubuntu/redfin/lib/python3.10/site-packages/airflow/example_dags/example_complex.py
[2023-12-03T23:23:49.726+0000] {logging_mixin.py:154} INFO - [2023-12-03T23:23:49.726+0000] {dag.py:2941} INFO - Sync 1 DAGs
[2023-12-03T23:23:49.739+0000] {logging_mixin.py:154} INFO - [2023-12-03T23:23:49.739+0000] {dag.py:3722} INFO - Setting next_dagrun for example_complex to None, run_after=None
[2023-12-03T23:23:49.769+0000] {processor.py:179} INFO - Processing /home/ubuntu/redfin/lib/python3.10/site-packages/airflow/example_dags/example_complex.py took 0.089 seconds
[2023-12-03T23:24:37.099+0000] {processor.py:157} INFO - Started process (PID=4856) to work on /home/ubuntu/redfin/lib/python3.10/site-packages/airflow/example_dags/example_complex.py
[2023-12-03T23:24:37.100+0000] {processor.py:829} INFO - Processing file /home/ubuntu/redfin/lib/python3.10/site-packages/airflow/example_dags/example_complex.py for tasks to queue
[2023-12-03T23:24:37.101+0000] {logging_mixin.py:154} INFO - [2023-12-03T23:24:37.101+0000] {dagbag.py:536} INFO - Filling up the DagBag from /home/ubuntu/redfin/lib/python3.10/site-packages/airflow/example_dags/example_complex.py
[2023-12-03T23:24:37.113+0000] {processor.py:839} INFO - DAG(s) dict_keys(['example_complex']) retrieved from /home/ubuntu/redfin/lib/python3.10/site-packages/airflow/example_dags/example_complex.py
[2023-12-03T23:24:37.142+0000] {logging_mixin.py:154} INFO - [2023-12-03T23:24:37.142+0000] {dag.py:2941} INFO - Sync 1 DAGs
[2023-12-03T23:24:37.154+0000] {logging_mixin.py:154} INFO - [2023-12-03T23:24:37.154+0000] {dag.py:3722} INFO - Setting next_dagrun for example_complex to None, run_after=None
[2023-12-03T23:24:37.177+0000] {processor.py:179} INFO - Processing /home/ubuntu/redfin/lib/python3.10/site-packages/airflow/example_dags/example_complex.py took 0.082 seconds
[2023-12-03T23:25:26.525+0000] {processor.py:157} INFO - Started process (PID=4911) to work on /home/ubuntu/redfin/lib/python3.10/site-packages/airflow/example_dags/example_complex.py
[2023-12-03T23:25:26.526+0000] {processor.py:829} INFO - Processing file /home/ubuntu/redfin/lib/python3.10/site-packages/airflow/example_dags/example_complex.py for tasks to queue
[2023-12-03T23:25:26.527+0000] {logging_mixin.py:154} INFO - [2023-12-03T23:25:26.527+0000] {dagbag.py:536} INFO - Filling up the DagBag from /home/ubuntu/redfin/lib/python3.10/site-packages/airflow/example_dags/example_complex.py
[2023-12-03T23:25:26.540+0000] {processor.py:839} INFO - DAG(s) dict_keys(['example_complex']) retrieved from /home/ubuntu/redfin/lib/python3.10/site-packages/airflow/example_dags/example_complex.py
[2023-12-03T23:25:26.569+0000] {logging_mixin.py:154} INFO - [2023-12-03T23:25:26.569+0000] {dag.py:2941} INFO - Sync 1 DAGs
[2023-12-03T23:25:26.583+0000] {logging_mixin.py:154} INFO - [2023-12-03T23:25:26.582+0000] {dag.py:3722} INFO - Setting next_dagrun for example_complex to None, run_after=None
[2023-12-03T23:25:26.608+0000] {processor.py:179} INFO - Processing /home/ubuntu/redfin/lib/python3.10/site-packages/airflow/example_dags/example_complex.py took 0.087 seconds
[2023-12-03T23:26:13.061+0000] {processor.py:157} INFO - Started process (PID=4962) to work on /home/ubuntu/redfin/lib/python3.10/site-packages/airflow/example_dags/example_complex.py
[2023-12-03T23:26:13.062+0000] {processor.py:829} INFO - Processing file /home/ubuntu/redfin/lib/python3.10/site-packages/airflow/example_dags/example_complex.py for tasks to queue
[2023-12-03T23:26:13.063+0000] {logging_mixin.py:154} INFO - [2023-12-03T23:26:13.062+0000] {dagbag.py:536} INFO - Filling up the DagBag from /home/ubuntu/redfin/lib/python3.10/site-packages/airflow/example_dags/example_complex.py
[2023-12-03T23:26:13.075+0000] {processor.py:839} INFO - DAG(s) dict_keys(['example_complex']) retrieved from /home/ubuntu/redfin/lib/python3.10/site-packages/airflow/example_dags/example_complex.py
[2023-12-03T23:26:13.104+0000] {logging_mixin.py:154} INFO - [2023-12-03T23:26:13.104+0000] {dag.py:2941} INFO - Sync 1 DAGs
[2023-12-03T23:26:13.117+0000] {logging_mixin.py:154} INFO - [2023-12-03T23:26:13.117+0000] {dag.py:3722} INFO - Setting next_dagrun for example_complex to None, run_after=None
[2023-12-03T23:26:13.140+0000] {processor.py:179} INFO - Processing /home/ubuntu/redfin/lib/python3.10/site-packages/airflow/example_dags/example_complex.py took 0.083 seconds
[2023-12-03T23:26:58.723+0000] {processor.py:157} INFO - Started process (PID=5013) to work on /home/ubuntu/redfin/lib/python3.10/site-packages/airflow/example_dags/example_complex.py
[2023-12-03T23:26:58.724+0000] {processor.py:829} INFO - Processing file /home/ubuntu/redfin/lib/python3.10/site-packages/airflow/example_dags/example_complex.py for tasks to queue
[2023-12-03T23:26:58.725+0000] {logging_mixin.py:154} INFO - [2023-12-03T23:26:58.725+0000] {dagbag.py:536} INFO - Filling up the DagBag from /home/ubuntu/redfin/lib/python3.10/site-packages/airflow/example_dags/example_complex.py
[2023-12-03T23:26:58.737+0000] {processor.py:839} INFO - DAG(s) dict_keys(['example_complex']) retrieved from /home/ubuntu/redfin/lib/python3.10/site-packages/airflow/example_dags/example_complex.py
[2023-12-03T23:26:58.766+0000] {logging_mixin.py:154} INFO - [2023-12-03T23:26:58.766+0000] {dag.py:2941} INFO - Sync 1 DAGs
[2023-12-03T23:26:58.779+0000] {logging_mixin.py:154} INFO - [2023-12-03T23:26:58.779+0000] {dag.py:3722} INFO - Setting next_dagrun for example_complex to None, run_after=None
[2023-12-03T23:26:58.802+0000] {processor.py:179} INFO - Processing /home/ubuntu/redfin/lib/python3.10/site-packages/airflow/example_dags/example_complex.py took 0.083 seconds
[2023-12-03T23:27:39.889+0000] {processor.py:157} INFO - Started process (PID=5060) to work on /home/ubuntu/redfin/lib/python3.10/site-packages/airflow/example_dags/example_complex.py
[2023-12-03T23:27:39.891+0000] {processor.py:829} INFO - Processing file /home/ubuntu/redfin/lib/python3.10/site-packages/airflow/example_dags/example_complex.py for tasks to queue
[2023-12-03T23:27:39.892+0000] {logging_mixin.py:154} INFO - [2023-12-03T23:27:39.891+0000] {dagbag.py:536} INFO - Filling up the DagBag from /home/ubuntu/redfin/lib/python3.10/site-packages/airflow/example_dags/example_complex.py
[2023-12-03T23:27:39.904+0000] {processor.py:839} INFO - DAG(s) dict_keys(['example_complex']) retrieved from /home/ubuntu/redfin/lib/python3.10/site-packages/airflow/example_dags/example_complex.py
[2023-12-03T23:27:39.935+0000] {logging_mixin.py:154} INFO - [2023-12-03T23:27:39.935+0000] {dag.py:2941} INFO - Sync 1 DAGs
[2023-12-03T23:27:39.949+0000] {logging_mixin.py:154} INFO - [2023-12-03T23:27:39.949+0000] {dag.py:3722} INFO - Setting next_dagrun for example_complex to None, run_after=None
[2023-12-03T23:27:39.974+0000] {processor.py:179} INFO - Processing /home/ubuntu/redfin/lib/python3.10/site-packages/airflow/example_dags/example_complex.py took 0.088 seconds
[2023-12-03T23:28:26.289+0000] {processor.py:157} INFO - Started process (PID=5109) to work on /home/ubuntu/redfin/lib/python3.10/site-packages/airflow/example_dags/example_complex.py
[2023-12-03T23:28:26.290+0000] {processor.py:829} INFO - Processing file /home/ubuntu/redfin/lib/python3.10/site-packages/airflow/example_dags/example_complex.py for tasks to queue
[2023-12-03T23:28:26.291+0000] {logging_mixin.py:154} INFO - [2023-12-03T23:28:26.290+0000] {dagbag.py:536} INFO - Filling up the DagBag from /home/ubuntu/redfin/lib/python3.10/site-packages/airflow/example_dags/example_complex.py
[2023-12-03T23:28:26.303+0000] {processor.py:839} INFO - DAG(s) dict_keys(['example_complex']) retrieved from /home/ubuntu/redfin/lib/python3.10/site-packages/airflow/example_dags/example_complex.py
[2023-12-03T23:28:26.330+0000] {logging_mixin.py:154} INFO - [2023-12-03T23:28:26.330+0000] {dag.py:2941} INFO - Sync 1 DAGs
[2023-12-03T23:28:26.343+0000] {logging_mixin.py:154} INFO - [2023-12-03T23:28:26.343+0000] {dag.py:3722} INFO - Setting next_dagrun for example_complex to None, run_after=None
[2023-12-03T23:28:26.367+0000] {processor.py:179} INFO - Processing /home/ubuntu/redfin/lib/python3.10/site-packages/airflow/example_dags/example_complex.py took 0.082 seconds
[2023-12-03T23:29:13.935+0000] {processor.py:157} INFO - Started process (PID=5160) to work on /home/ubuntu/redfin/lib/python3.10/site-packages/airflow/example_dags/example_complex.py
[2023-12-03T23:29:13.936+0000] {processor.py:829} INFO - Processing file /home/ubuntu/redfin/lib/python3.10/site-packages/airflow/example_dags/example_complex.py for tasks to queue
[2023-12-03T23:29:13.937+0000] {logging_mixin.py:154} INFO - [2023-12-03T23:29:13.937+0000] {dagbag.py:536} INFO - Filling up the DagBag from /home/ubuntu/redfin/lib/python3.10/site-packages/airflow/example_dags/example_complex.py
[2023-12-03T23:29:13.950+0000] {processor.py:839} INFO - DAG(s) dict_keys(['example_complex']) retrieved from /home/ubuntu/redfin/lib/python3.10/site-packages/airflow/example_dags/example_complex.py
[2023-12-03T23:29:13.979+0000] {logging_mixin.py:154} INFO - [2023-12-03T23:29:13.979+0000] {dag.py:2941} INFO - Sync 1 DAGs
[2023-12-03T23:29:13.992+0000] {logging_mixin.py:154} INFO - [2023-12-03T23:29:13.992+0000] {dag.py:3722} INFO - Setting next_dagrun for example_complex to None, run_after=None
[2023-12-03T23:29:14.015+0000] {processor.py:179} INFO - Processing /home/ubuntu/redfin/lib/python3.10/site-packages/airflow/example_dags/example_complex.py took 0.084 seconds
[2023-12-03T23:30:03.720+0000] {processor.py:157} INFO - Started process (PID=5216) to work on /home/ubuntu/redfin/lib/python3.10/site-packages/airflow/example_dags/example_complex.py
[2023-12-03T23:30:03.722+0000] {processor.py:829} INFO - Processing file /home/ubuntu/redfin/lib/python3.10/site-packages/airflow/example_dags/example_complex.py for tasks to queue
[2023-12-03T23:30:03.723+0000] {logging_mixin.py:154} INFO - [2023-12-03T23:30:03.722+0000] {dagbag.py:536} INFO - Filling up the DagBag from /home/ubuntu/redfin/lib/python3.10/site-packages/airflow/example_dags/example_complex.py
[2023-12-03T23:30:03.735+0000] {processor.py:839} INFO - DAG(s) dict_keys(['example_complex']) retrieved from /home/ubuntu/redfin/lib/python3.10/site-packages/airflow/example_dags/example_complex.py
[2023-12-03T23:30:03.765+0000] {logging_mixin.py:154} INFO - [2023-12-03T23:30:03.765+0000] {dag.py:2941} INFO - Sync 1 DAGs
[2023-12-03T23:30:03.778+0000] {logging_mixin.py:154} INFO - [2023-12-03T23:30:03.777+0000] {dag.py:3722} INFO - Setting next_dagrun for example_complex to None, run_after=None
[2023-12-03T23:30:03.801+0000] {processor.py:179} INFO - Processing /home/ubuntu/redfin/lib/python3.10/site-packages/airflow/example_dags/example_complex.py took 0.085 seconds
[2023-12-03T23:30:49.804+0000] {processor.py:157} INFO - Started process (PID=5267) to work on /home/ubuntu/redfin/lib/python3.10/site-packages/airflow/example_dags/example_complex.py
[2023-12-03T23:30:49.806+0000] {processor.py:829} INFO - Processing file /home/ubuntu/redfin/lib/python3.10/site-packages/airflow/example_dags/example_complex.py for tasks to queue
[2023-12-03T23:30:49.807+0000] {logging_mixin.py:154} INFO - [2023-12-03T23:30:49.806+0000] {dagbag.py:536} INFO - Filling up the DagBag from /home/ubuntu/redfin/lib/python3.10/site-packages/airflow/example_dags/example_complex.py
[2023-12-03T23:30:49.819+0000] {processor.py:839} INFO - DAG(s) dict_keys(['example_complex']) retrieved from /home/ubuntu/redfin/lib/python3.10/site-packages/airflow/example_dags/example_complex.py
[2023-12-03T23:30:49.849+0000] {logging_mixin.py:154} INFO - [2023-12-03T23:30:49.849+0000] {dag.py:2941} INFO - Sync 1 DAGs
[2023-12-03T23:30:49.862+0000] {logging_mixin.py:154} INFO - [2023-12-03T23:30:49.862+0000] {dag.py:3722} INFO - Setting next_dagrun for example_complex to None, run_after=None
[2023-12-03T23:30:49.887+0000] {processor.py:179} INFO - Processing /home/ubuntu/redfin/lib/python3.10/site-packages/airflow/example_dags/example_complex.py took 0.087 seconds
[2023-12-03T23:31:36.830+0000] {processor.py:157} INFO - Started process (PID=5317) to work on /home/ubuntu/redfin/lib/python3.10/site-packages/airflow/example_dags/example_complex.py
[2023-12-03T23:31:36.831+0000] {processor.py:829} INFO - Processing file /home/ubuntu/redfin/lib/python3.10/site-packages/airflow/example_dags/example_complex.py for tasks to queue
[2023-12-03T23:31:36.832+0000] {logging_mixin.py:154} INFO - [2023-12-03T23:31:36.831+0000] {dagbag.py:536} INFO - Filling up the DagBag from /home/ubuntu/redfin/lib/python3.10/site-packages/airflow/example_dags/example_complex.py
[2023-12-03T23:31:36.844+0000] {processor.py:839} INFO - DAG(s) dict_keys(['example_complex']) retrieved from /home/ubuntu/redfin/lib/python3.10/site-packages/airflow/example_dags/example_complex.py
[2023-12-03T23:31:36.873+0000] {logging_mixin.py:154} INFO - [2023-12-03T23:31:36.873+0000] {dag.py:2941} INFO - Sync 1 DAGs
[2023-12-03T23:31:36.886+0000] {logging_mixin.py:154} INFO - [2023-12-03T23:31:36.886+0000] {dag.py:3722} INFO - Setting next_dagrun for example_complex to None, run_after=None
[2023-12-03T23:31:36.909+0000] {processor.py:179} INFO - Processing /home/ubuntu/redfin/lib/python3.10/site-packages/airflow/example_dags/example_complex.py took 0.083 seconds
[2023-12-03T23:32:22.367+0000] {processor.py:157} INFO - Started process (PID=5370) to work on /home/ubuntu/redfin/lib/python3.10/site-packages/airflow/example_dags/example_complex.py
[2023-12-03T23:32:22.368+0000] {processor.py:829} INFO - Processing file /home/ubuntu/redfin/lib/python3.10/site-packages/airflow/example_dags/example_complex.py for tasks to queue
[2023-12-03T23:32:22.369+0000] {logging_mixin.py:154} INFO - [2023-12-03T23:32:22.369+0000] {dagbag.py:536} INFO - Filling up the DagBag from /home/ubuntu/redfin/lib/python3.10/site-packages/airflow/example_dags/example_complex.py
[2023-12-03T23:32:22.382+0000] {processor.py:839} INFO - DAG(s) dict_keys(['example_complex']) retrieved from /home/ubuntu/redfin/lib/python3.10/site-packages/airflow/example_dags/example_complex.py
[2023-12-03T23:32:22.411+0000] {logging_mixin.py:154} INFO - [2023-12-03T23:32:22.411+0000] {dag.py:2941} INFO - Sync 1 DAGs
[2023-12-03T23:32:22.426+0000] {logging_mixin.py:154} INFO - [2023-12-03T23:32:22.425+0000] {dag.py:3722} INFO - Setting next_dagrun for example_complex to None, run_after=None
[2023-12-03T23:32:22.450+0000] {processor.py:179} INFO - Processing /home/ubuntu/redfin/lib/python3.10/site-packages/airflow/example_dags/example_complex.py took 0.087 seconds
[2023-12-03T23:33:07.696+0000] {processor.py:157} INFO - Started process (PID=5419) to work on /home/ubuntu/redfin/lib/python3.10/site-packages/airflow/example_dags/example_complex.py
[2023-12-03T23:33:07.697+0000] {processor.py:829} INFO - Processing file /home/ubuntu/redfin/lib/python3.10/site-packages/airflow/example_dags/example_complex.py for tasks to queue
[2023-12-03T23:33:07.698+0000] {logging_mixin.py:154} INFO - [2023-12-03T23:33:07.698+0000] {dagbag.py:536} INFO - Filling up the DagBag from /home/ubuntu/redfin/lib/python3.10/site-packages/airflow/example_dags/example_complex.py
[2023-12-03T23:33:07.711+0000] {processor.py:839} INFO - DAG(s) dict_keys(['example_complex']) retrieved from /home/ubuntu/redfin/lib/python3.10/site-packages/airflow/example_dags/example_complex.py
[2023-12-03T23:33:07.740+0000] {logging_mixin.py:154} INFO - [2023-12-03T23:33:07.740+0000] {dag.py:2941} INFO - Sync 1 DAGs
[2023-12-03T23:33:07.753+0000] {logging_mixin.py:154} INFO - [2023-12-03T23:33:07.753+0000] {dag.py:3722} INFO - Setting next_dagrun for example_complex to None, run_after=None
[2023-12-03T23:33:07.775+0000] {processor.py:179} INFO - Processing /home/ubuntu/redfin/lib/python3.10/site-packages/airflow/example_dags/example_complex.py took 0.083 seconds
[2023-12-03T23:33:53.233+0000] {processor.py:157} INFO - Started process (PID=5469) to work on /home/ubuntu/redfin/lib/python3.10/site-packages/airflow/example_dags/example_complex.py
[2023-12-03T23:33:53.235+0000] {processor.py:829} INFO - Processing file /home/ubuntu/redfin/lib/python3.10/site-packages/airflow/example_dags/example_complex.py for tasks to queue
[2023-12-03T23:33:53.236+0000] {logging_mixin.py:154} INFO - [2023-12-03T23:33:53.235+0000] {dagbag.py:536} INFO - Filling up the DagBag from /home/ubuntu/redfin/lib/python3.10/site-packages/airflow/example_dags/example_complex.py
[2023-12-03T23:33:53.248+0000] {processor.py:839} INFO - DAG(s) dict_keys(['example_complex']) retrieved from /home/ubuntu/redfin/lib/python3.10/site-packages/airflow/example_dags/example_complex.py
[2023-12-03T23:33:53.278+0000] {logging_mixin.py:154} INFO - [2023-12-03T23:33:53.278+0000] {dag.py:2941} INFO - Sync 1 DAGs
[2023-12-03T23:33:53.292+0000] {logging_mixin.py:154} INFO - [2023-12-03T23:33:53.291+0000] {dag.py:3722} INFO - Setting next_dagrun for example_complex to None, run_after=None
[2023-12-03T23:33:53.314+0000] {processor.py:179} INFO - Processing /home/ubuntu/redfin/lib/python3.10/site-packages/airflow/example_dags/example_complex.py took 0.085 seconds
[2023-12-03T23:34:41.067+0000] {processor.py:157} INFO - Started process (PID=5520) to work on /home/ubuntu/redfin/lib/python3.10/site-packages/airflow/example_dags/example_complex.py
[2023-12-03T23:34:41.068+0000] {processor.py:829} INFO - Processing file /home/ubuntu/redfin/lib/python3.10/site-packages/airflow/example_dags/example_complex.py for tasks to queue
[2023-12-03T23:34:41.069+0000] {logging_mixin.py:154} INFO - [2023-12-03T23:34:41.069+0000] {dagbag.py:536} INFO - Filling up the DagBag from /home/ubuntu/redfin/lib/python3.10/site-packages/airflow/example_dags/example_complex.py
[2023-12-03T23:34:41.081+0000] {processor.py:839} INFO - DAG(s) dict_keys(['example_complex']) retrieved from /home/ubuntu/redfin/lib/python3.10/site-packages/airflow/example_dags/example_complex.py
[2023-12-03T23:34:41.110+0000] {logging_mixin.py:154} INFO - [2023-12-03T23:34:41.110+0000] {dag.py:2941} INFO - Sync 1 DAGs
[2023-12-03T23:34:41.123+0000] {logging_mixin.py:154} INFO - [2023-12-03T23:34:41.122+0000] {dag.py:3722} INFO - Setting next_dagrun for example_complex to None, run_after=None
[2023-12-03T23:34:41.145+0000] {processor.py:179} INFO - Processing /home/ubuntu/redfin/lib/python3.10/site-packages/airflow/example_dags/example_complex.py took 0.082 seconds
[2023-12-03T23:35:31.345+0000] {processor.py:157} INFO - Started process (PID=5575) to work on /home/ubuntu/redfin/lib/python3.10/site-packages/airflow/example_dags/example_complex.py
[2023-12-03T23:35:31.346+0000] {processor.py:829} INFO - Processing file /home/ubuntu/redfin/lib/python3.10/site-packages/airflow/example_dags/example_complex.py for tasks to queue
[2023-12-03T23:35:31.347+0000] {logging_mixin.py:154} INFO - [2023-12-03T23:35:31.347+0000] {dagbag.py:536} INFO - Filling up the DagBag from /home/ubuntu/redfin/lib/python3.10/site-packages/airflow/example_dags/example_complex.py
[2023-12-03T23:35:31.359+0000] {processor.py:839} INFO - DAG(s) dict_keys(['example_complex']) retrieved from /home/ubuntu/redfin/lib/python3.10/site-packages/airflow/example_dags/example_complex.py
[2023-12-03T23:35:31.388+0000] {logging_mixin.py:154} INFO - [2023-12-03T23:35:31.387+0000] {dag.py:2941} INFO - Sync 1 DAGs
[2023-12-03T23:35:31.401+0000] {logging_mixin.py:154} INFO - [2023-12-03T23:35:31.400+0000] {dag.py:3722} INFO - Setting next_dagrun for example_complex to None, run_after=None
[2023-12-03T23:35:31.425+0000] {processor.py:179} INFO - Processing /home/ubuntu/redfin/lib/python3.10/site-packages/airflow/example_dags/example_complex.py took 0.083 seconds
[2023-12-03T23:36:21.264+0000] {processor.py:157} INFO - Started process (PID=5628) to work on /home/ubuntu/redfin/lib/python3.10/site-packages/airflow/example_dags/example_complex.py
[2023-12-03T23:36:21.265+0000] {processor.py:829} INFO - Processing file /home/ubuntu/redfin/lib/python3.10/site-packages/airflow/example_dags/example_complex.py for tasks to queue
[2023-12-03T23:36:21.266+0000] {logging_mixin.py:154} INFO - [2023-12-03T23:36:21.266+0000] {dagbag.py:536} INFO - Filling up the DagBag from /home/ubuntu/redfin/lib/python3.10/site-packages/airflow/example_dags/example_complex.py
[2023-12-03T23:36:21.279+0000] {processor.py:839} INFO - DAG(s) dict_keys(['example_complex']) retrieved from /home/ubuntu/redfin/lib/python3.10/site-packages/airflow/example_dags/example_complex.py
[2023-12-03T23:36:21.309+0000] {logging_mixin.py:154} INFO - [2023-12-03T23:36:21.309+0000] {dag.py:2941} INFO - Sync 1 DAGs
[2023-12-03T23:36:21.322+0000] {logging_mixin.py:154} INFO - [2023-12-03T23:36:21.322+0000] {dag.py:3722} INFO - Setting next_dagrun for example_complex to None, run_after=None
[2023-12-03T23:36:21.345+0000] {processor.py:179} INFO - Processing /home/ubuntu/redfin/lib/python3.10/site-packages/airflow/example_dags/example_complex.py took 0.086 seconds
[2023-12-03T23:37:11.206+0000] {processor.py:157} INFO - Started process (PID=5684) to work on /home/ubuntu/redfin/lib/python3.10/site-packages/airflow/example_dags/example_complex.py
[2023-12-03T23:37:11.208+0000] {processor.py:829} INFO - Processing file /home/ubuntu/redfin/lib/python3.10/site-packages/airflow/example_dags/example_complex.py for tasks to queue
[2023-12-03T23:37:11.209+0000] {logging_mixin.py:154} INFO - [2023-12-03T23:37:11.209+0000] {dagbag.py:536} INFO - Filling up the DagBag from /home/ubuntu/redfin/lib/python3.10/site-packages/airflow/example_dags/example_complex.py
[2023-12-03T23:37:11.221+0000] {processor.py:839} INFO - DAG(s) dict_keys(['example_complex']) retrieved from /home/ubuntu/redfin/lib/python3.10/site-packages/airflow/example_dags/example_complex.py
[2023-12-03T23:37:11.250+0000] {logging_mixin.py:154} INFO - [2023-12-03T23:37:11.250+0000] {dag.py:2941} INFO - Sync 1 DAGs
[2023-12-03T23:37:11.262+0000] {logging_mixin.py:154} INFO - [2023-12-03T23:37:11.262+0000] {dag.py:3722} INFO - Setting next_dagrun for example_complex to None, run_after=None
[2023-12-03T23:37:11.284+0000] {processor.py:179} INFO - Processing /home/ubuntu/redfin/lib/python3.10/site-packages/airflow/example_dags/example_complex.py took 0.081 seconds
[2023-12-03T23:37:57.080+0000] {processor.py:157} INFO - Started process (PID=5735) to work on /home/ubuntu/redfin/lib/python3.10/site-packages/airflow/example_dags/example_complex.py
[2023-12-03T23:37:57.081+0000] {processor.py:829} INFO - Processing file /home/ubuntu/redfin/lib/python3.10/site-packages/airflow/example_dags/example_complex.py for tasks to queue
[2023-12-03T23:37:57.082+0000] {logging_mixin.py:154} INFO - [2023-12-03T23:37:57.082+0000] {dagbag.py:536} INFO - Filling up the DagBag from /home/ubuntu/redfin/lib/python3.10/site-packages/airflow/example_dags/example_complex.py
[2023-12-03T23:37:57.094+0000] {processor.py:839} INFO - DAG(s) dict_keys(['example_complex']) retrieved from /home/ubuntu/redfin/lib/python3.10/site-packages/airflow/example_dags/example_complex.py
[2023-12-03T23:37:57.123+0000] {logging_mixin.py:154} INFO - [2023-12-03T23:37:57.123+0000] {dag.py:2941} INFO - Sync 1 DAGs
[2023-12-03T23:37:57.135+0000] {logging_mixin.py:154} INFO - [2023-12-03T23:37:57.135+0000] {dag.py:3722} INFO - Setting next_dagrun for example_complex to None, run_after=None
[2023-12-03T23:37:57.158+0000] {processor.py:179} INFO - Processing /home/ubuntu/redfin/lib/python3.10/site-packages/airflow/example_dags/example_complex.py took 0.082 seconds
[2023-12-03T23:38:45.453+0000] {processor.py:157} INFO - Started process (PID=5786) to work on /home/ubuntu/redfin/lib/python3.10/site-packages/airflow/example_dags/example_complex.py
[2023-12-03T23:38:45.455+0000] {processor.py:829} INFO - Processing file /home/ubuntu/redfin/lib/python3.10/site-packages/airflow/example_dags/example_complex.py for tasks to queue
[2023-12-03T23:38:45.455+0000] {logging_mixin.py:154} INFO - [2023-12-03T23:38:45.455+0000] {dagbag.py:536} INFO - Filling up the DagBag from /home/ubuntu/redfin/lib/python3.10/site-packages/airflow/example_dags/example_complex.py
[2023-12-03T23:38:45.468+0000] {processor.py:839} INFO - DAG(s) dict_keys(['example_complex']) retrieved from /home/ubuntu/redfin/lib/python3.10/site-packages/airflow/example_dags/example_complex.py
[2023-12-03T23:38:45.497+0000] {logging_mixin.py:154} INFO - [2023-12-03T23:38:45.497+0000] {dag.py:2941} INFO - Sync 1 DAGs
[2023-12-03T23:38:45.510+0000] {logging_mixin.py:154} INFO - [2023-12-03T23:38:45.510+0000] {dag.py:3722} INFO - Setting next_dagrun for example_complex to None, run_after=None
[2023-12-03T23:38:45.533+0000] {processor.py:179} INFO - Processing /home/ubuntu/redfin/lib/python3.10/site-packages/airflow/example_dags/example_complex.py took 0.084 seconds
[2023-12-03T23:39:31.495+0000] {processor.py:157} INFO - Started process (PID=5836) to work on /home/ubuntu/redfin/lib/python3.10/site-packages/airflow/example_dags/example_complex.py
[2023-12-03T23:39:31.497+0000] {processor.py:829} INFO - Processing file /home/ubuntu/redfin/lib/python3.10/site-packages/airflow/example_dags/example_complex.py for tasks to queue
[2023-12-03T23:39:31.498+0000] {logging_mixin.py:154} INFO - [2023-12-03T23:39:31.497+0000] {dagbag.py:536} INFO - Filling up the DagBag from /home/ubuntu/redfin/lib/python3.10/site-packages/airflow/example_dags/example_complex.py
[2023-12-03T23:39:31.510+0000] {processor.py:839} INFO - DAG(s) dict_keys(['example_complex']) retrieved from /home/ubuntu/redfin/lib/python3.10/site-packages/airflow/example_dags/example_complex.py
[2023-12-03T23:39:31.540+0000] {logging_mixin.py:154} INFO - [2023-12-03T23:39:31.540+0000] {dag.py:2941} INFO - Sync 1 DAGs
[2023-12-03T23:39:31.554+0000] {logging_mixin.py:154} INFO - [2023-12-03T23:39:31.553+0000] {dag.py:3722} INFO - Setting next_dagrun for example_complex to None, run_after=None
[2023-12-03T23:39:31.578+0000] {processor.py:179} INFO - Processing /home/ubuntu/redfin/lib/python3.10/site-packages/airflow/example_dags/example_complex.py took 0.087 seconds
[2023-12-03T23:40:17.808+0000] {processor.py:157} INFO - Started process (PID=5886) to work on /home/ubuntu/redfin/lib/python3.10/site-packages/airflow/example_dags/example_complex.py
[2023-12-03T23:40:17.810+0000] {processor.py:829} INFO - Processing file /home/ubuntu/redfin/lib/python3.10/site-packages/airflow/example_dags/example_complex.py for tasks to queue
[2023-12-03T23:40:17.811+0000] {logging_mixin.py:154} INFO - [2023-12-03T23:40:17.810+0000] {dagbag.py:536} INFO - Filling up the DagBag from /home/ubuntu/redfin/lib/python3.10/site-packages/airflow/example_dags/example_complex.py
[2023-12-03T23:40:17.823+0000] {processor.py:839} INFO - DAG(s) dict_keys(['example_complex']) retrieved from /home/ubuntu/redfin/lib/python3.10/site-packages/airflow/example_dags/example_complex.py
[2023-12-03T23:40:17.853+0000] {logging_mixin.py:154} INFO - [2023-12-03T23:40:17.853+0000] {dag.py:2941} INFO - Sync 1 DAGs
[2023-12-03T23:40:17.867+0000] {logging_mixin.py:154} INFO - [2023-12-03T23:40:17.866+0000] {dag.py:3722} INFO - Setting next_dagrun for example_complex to None, run_after=None
[2023-12-03T23:40:17.890+0000] {processor.py:179} INFO - Processing /home/ubuntu/redfin/lib/python3.10/site-packages/airflow/example_dags/example_complex.py took 0.085 seconds
[2023-12-03T23:41:07.481+0000] {processor.py:157} INFO - Started process (PID=5942) to work on /home/ubuntu/redfin/lib/python3.10/site-packages/airflow/example_dags/example_complex.py
[2023-12-03T23:41:07.482+0000] {processor.py:829} INFO - Processing file /home/ubuntu/redfin/lib/python3.10/site-packages/airflow/example_dags/example_complex.py for tasks to queue
[2023-12-03T23:41:07.483+0000] {logging_mixin.py:154} INFO - [2023-12-03T23:41:07.482+0000] {dagbag.py:536} INFO - Filling up the DagBag from /home/ubuntu/redfin/lib/python3.10/site-packages/airflow/example_dags/example_complex.py
[2023-12-03T23:41:07.495+0000] {processor.py:839} INFO - DAG(s) dict_keys(['example_complex']) retrieved from /home/ubuntu/redfin/lib/python3.10/site-packages/airflow/example_dags/example_complex.py
[2023-12-03T23:41:07.523+0000] {logging_mixin.py:154} INFO - [2023-12-03T23:41:07.522+0000] {dag.py:2941} INFO - Sync 1 DAGs
[2023-12-03T23:41:07.535+0000] {logging_mixin.py:154} INFO - [2023-12-03T23:41:07.535+0000] {dag.py:3722} INFO - Setting next_dagrun for example_complex to None, run_after=None
[2023-12-03T23:41:07.558+0000] {processor.py:179} INFO - Processing /home/ubuntu/redfin/lib/python3.10/site-packages/airflow/example_dags/example_complex.py took 0.081 seconds
[2023-12-03T23:41:54.458+0000] {processor.py:157} INFO - Started process (PID=5993) to work on /home/ubuntu/redfin/lib/python3.10/site-packages/airflow/example_dags/example_complex.py
[2023-12-03T23:41:54.459+0000] {processor.py:829} INFO - Processing file /home/ubuntu/redfin/lib/python3.10/site-packages/airflow/example_dags/example_complex.py for tasks to queue
[2023-12-03T23:41:54.460+0000] {logging_mixin.py:154} INFO - [2023-12-03T23:41:54.459+0000] {dagbag.py:536} INFO - Filling up the DagBag from /home/ubuntu/redfin/lib/python3.10/site-packages/airflow/example_dags/example_complex.py
[2023-12-03T23:41:54.472+0000] {processor.py:839} INFO - DAG(s) dict_keys(['example_complex']) retrieved from /home/ubuntu/redfin/lib/python3.10/site-packages/airflow/example_dags/example_complex.py
[2023-12-03T23:41:54.500+0000] {logging_mixin.py:154} INFO - [2023-12-03T23:41:54.500+0000] {dag.py:2941} INFO - Sync 1 DAGs
[2023-12-03T23:41:54.513+0000] {logging_mixin.py:154} INFO - [2023-12-03T23:41:54.513+0000] {dag.py:3722} INFO - Setting next_dagrun for example_complex to None, run_after=None
[2023-12-03T23:41:54.535+0000] {processor.py:179} INFO - Processing /home/ubuntu/redfin/lib/python3.10/site-packages/airflow/example_dags/example_complex.py took 0.081 seconds
[2023-12-03T23:42:40.944+0000] {processor.py:157} INFO - Started process (PID=6043) to work on /home/ubuntu/redfin/lib/python3.10/site-packages/airflow/example_dags/example_complex.py
[2023-12-03T23:42:40.945+0000] {processor.py:829} INFO - Processing file /home/ubuntu/redfin/lib/python3.10/site-packages/airflow/example_dags/example_complex.py for tasks to queue
[2023-12-03T23:42:40.946+0000] {logging_mixin.py:154} INFO - [2023-12-03T23:42:40.945+0000] {dagbag.py:536} INFO - Filling up the DagBag from /home/ubuntu/redfin/lib/python3.10/site-packages/airflow/example_dags/example_complex.py
[2023-12-03T23:42:40.958+0000] {processor.py:839} INFO - DAG(s) dict_keys(['example_complex']) retrieved from /home/ubuntu/redfin/lib/python3.10/site-packages/airflow/example_dags/example_complex.py
[2023-12-03T23:42:40.987+0000] {logging_mixin.py:154} INFO - [2023-12-03T23:42:40.986+0000] {dag.py:2941} INFO - Sync 1 DAGs
[2023-12-03T23:42:41.000+0000] {logging_mixin.py:154} INFO - [2023-12-03T23:42:41.000+0000] {dag.py:3722} INFO - Setting next_dagrun for example_complex to None, run_after=None
[2023-12-03T23:42:41.022+0000] {processor.py:179} INFO - Processing /home/ubuntu/redfin/lib/python3.10/site-packages/airflow/example_dags/example_complex.py took 0.082 seconds
[2023-12-03T23:43:25.963+0000] {processor.py:157} INFO - Started process (PID=6093) to work on /home/ubuntu/redfin/lib/python3.10/site-packages/airflow/example_dags/example_complex.py
[2023-12-03T23:43:25.964+0000] {processor.py:829} INFO - Processing file /home/ubuntu/redfin/lib/python3.10/site-packages/airflow/example_dags/example_complex.py for tasks to queue
[2023-12-03T23:43:25.965+0000] {logging_mixin.py:154} INFO - [2023-12-03T23:43:25.965+0000] {dagbag.py:536} INFO - Filling up the DagBag from /home/ubuntu/redfin/lib/python3.10/site-packages/airflow/example_dags/example_complex.py
[2023-12-03T23:43:25.978+0000] {processor.py:839} INFO - DAG(s) dict_keys(['example_complex']) retrieved from /home/ubuntu/redfin/lib/python3.10/site-packages/airflow/example_dags/example_complex.py
[2023-12-03T23:43:26.007+0000] {logging_mixin.py:154} INFO - [2023-12-03T23:43:26.007+0000] {dag.py:2941} INFO - Sync 1 DAGs
[2023-12-03T23:43:26.020+0000] {logging_mixin.py:154} INFO - [2023-12-03T23:43:26.020+0000] {dag.py:3722} INFO - Setting next_dagrun for example_complex to None, run_after=None
[2023-12-03T23:43:26.042+0000] {processor.py:179} INFO - Processing /home/ubuntu/redfin/lib/python3.10/site-packages/airflow/example_dags/example_complex.py took 0.083 seconds
[2023-12-03T23:44:15.124+0000] {processor.py:157} INFO - Started process (PID=6402) to work on /home/ubuntu/redfin/lib/python3.10/site-packages/airflow/example_dags/example_complex.py
[2023-12-03T23:44:15.126+0000] {processor.py:829} INFO - Processing file /home/ubuntu/redfin/lib/python3.10/site-packages/airflow/example_dags/example_complex.py for tasks to queue
[2023-12-03T23:44:15.127+0000] {logging_mixin.py:154} INFO - [2023-12-03T23:44:15.126+0000] {dagbag.py:536} INFO - Filling up the DagBag from /home/ubuntu/redfin/lib/python3.10/site-packages/airflow/example_dags/example_complex.py
[2023-12-03T23:44:15.139+0000] {processor.py:839} INFO - DAG(s) dict_keys(['example_complex']) retrieved from /home/ubuntu/redfin/lib/python3.10/site-packages/airflow/example_dags/example_complex.py
[2023-12-03T23:44:15.168+0000] {logging_mixin.py:154} INFO - [2023-12-03T23:44:15.168+0000] {dag.py:2941} INFO - Sync 1 DAGs
[2023-12-03T23:44:15.181+0000] {logging_mixin.py:154} INFO - [2023-12-03T23:44:15.181+0000] {dag.py:3722} INFO - Setting next_dagrun for example_complex to None, run_after=None
[2023-12-03T23:44:15.204+0000] {processor.py:179} INFO - Processing /home/ubuntu/redfin/lib/python3.10/site-packages/airflow/example_dags/example_complex.py took 0.083 seconds
[2023-12-03T23:45:06.635+0000] {processor.py:157} INFO - Started process (PID=6616) to work on /home/ubuntu/redfin/lib/python3.10/site-packages/airflow/example_dags/example_complex.py
[2023-12-03T23:45:06.637+0000] {processor.py:829} INFO - Processing file /home/ubuntu/redfin/lib/python3.10/site-packages/airflow/example_dags/example_complex.py for tasks to queue
[2023-12-03T23:45:06.638+0000] {logging_mixin.py:154} INFO - [2023-12-03T23:45:06.637+0000] {dagbag.py:536} INFO - Filling up the DagBag from /home/ubuntu/redfin/lib/python3.10/site-packages/airflow/example_dags/example_complex.py
[2023-12-03T23:45:06.650+0000] {processor.py:839} INFO - DAG(s) dict_keys(['example_complex']) retrieved from /home/ubuntu/redfin/lib/python3.10/site-packages/airflow/example_dags/example_complex.py
[2023-12-03T23:45:06.680+0000] {logging_mixin.py:154} INFO - [2023-12-03T23:45:06.679+0000] {dag.py:2941} INFO - Sync 1 DAGs
[2023-12-03T23:45:06.693+0000] {logging_mixin.py:154} INFO - [2023-12-03T23:45:06.693+0000] {dag.py:3722} INFO - Setting next_dagrun for example_complex to None, run_after=None
[2023-12-03T23:45:06.717+0000] {processor.py:179} INFO - Processing /home/ubuntu/redfin/lib/python3.10/site-packages/airflow/example_dags/example_complex.py took 0.086 seconds
[2023-12-03T23:45:54.147+0000] {processor.py:157} INFO - Started process (PID=6668) to work on /home/ubuntu/redfin/lib/python3.10/site-packages/airflow/example_dags/example_complex.py
[2023-12-03T23:45:54.148+0000] {processor.py:829} INFO - Processing file /home/ubuntu/redfin/lib/python3.10/site-packages/airflow/example_dags/example_complex.py for tasks to queue
[2023-12-03T23:45:54.149+0000] {logging_mixin.py:154} INFO - [2023-12-03T23:45:54.149+0000] {dagbag.py:536} INFO - Filling up the DagBag from /home/ubuntu/redfin/lib/python3.10/site-packages/airflow/example_dags/example_complex.py
[2023-12-03T23:45:54.161+0000] {processor.py:839} INFO - DAG(s) dict_keys(['example_complex']) retrieved from /home/ubuntu/redfin/lib/python3.10/site-packages/airflow/example_dags/example_complex.py
[2023-12-03T23:45:54.190+0000] {logging_mixin.py:154} INFO - [2023-12-03T23:45:54.190+0000] {dag.py:2941} INFO - Sync 1 DAGs
[2023-12-03T23:45:54.203+0000] {logging_mixin.py:154} INFO - [2023-12-03T23:45:54.203+0000] {dag.py:3722} INFO - Setting next_dagrun for example_complex to None, run_after=None
[2023-12-03T23:45:54.226+0000] {processor.py:179} INFO - Processing /home/ubuntu/redfin/lib/python3.10/site-packages/airflow/example_dags/example_complex.py took 0.082 seconds
[2023-12-03T23:46:38.780+0000] {processor.py:157} INFO - Started process (PID=6717) to work on /home/ubuntu/redfin/lib/python3.10/site-packages/airflow/example_dags/example_complex.py
[2023-12-03T23:46:38.782+0000] {processor.py:829} INFO - Processing file /home/ubuntu/redfin/lib/python3.10/site-packages/airflow/example_dags/example_complex.py for tasks to queue
[2023-12-03T23:46:38.783+0000] {logging_mixin.py:154} INFO - [2023-12-03T23:46:38.782+0000] {dagbag.py:536} INFO - Filling up the DagBag from /home/ubuntu/redfin/lib/python3.10/site-packages/airflow/example_dags/example_complex.py
[2023-12-03T23:46:38.795+0000] {processor.py:839} INFO - DAG(s) dict_keys(['example_complex']) retrieved from /home/ubuntu/redfin/lib/python3.10/site-packages/airflow/example_dags/example_complex.py
[2023-12-03T23:46:38.823+0000] {logging_mixin.py:154} INFO - [2023-12-03T23:46:38.823+0000] {dag.py:2941} INFO - Sync 1 DAGs
[2023-12-03T23:46:38.836+0000] {logging_mixin.py:154} INFO - [2023-12-03T23:46:38.836+0000] {dag.py:3722} INFO - Setting next_dagrun for example_complex to None, run_after=None
[2023-12-03T23:46:38.859+0000] {processor.py:179} INFO - Processing /home/ubuntu/redfin/lib/python3.10/site-packages/airflow/example_dags/example_complex.py took 0.082 seconds
[2023-12-03T23:47:27.211+0000] {processor.py:157} INFO - Started process (PID=6777) to work on /home/ubuntu/redfin/lib/python3.10/site-packages/airflow/example_dags/example_complex.py
[2023-12-03T23:47:27.212+0000] {processor.py:829} INFO - Processing file /home/ubuntu/redfin/lib/python3.10/site-packages/airflow/example_dags/example_complex.py for tasks to queue
[2023-12-03T23:47:27.213+0000] {logging_mixin.py:154} INFO - [2023-12-03T23:47:27.213+0000] {dagbag.py:536} INFO - Filling up the DagBag from /home/ubuntu/redfin/lib/python3.10/site-packages/airflow/example_dags/example_complex.py
[2023-12-03T23:47:27.225+0000] {processor.py:839} INFO - DAG(s) dict_keys(['example_complex']) retrieved from /home/ubuntu/redfin/lib/python3.10/site-packages/airflow/example_dags/example_complex.py
[2023-12-03T23:47:27.255+0000] {logging_mixin.py:154} INFO - [2023-12-03T23:47:27.255+0000] {dag.py:2941} INFO - Sync 1 DAGs
[2023-12-03T23:47:27.269+0000] {logging_mixin.py:154} INFO - [2023-12-03T23:47:27.268+0000] {dag.py:3722} INFO - Setting next_dagrun for example_complex to None, run_after=None
[2023-12-03T23:47:27.292+0000] {processor.py:179} INFO - Processing /home/ubuntu/redfin/lib/python3.10/site-packages/airflow/example_dags/example_complex.py took 0.085 seconds
[2023-12-03T23:48:15.364+0000] {processor.py:157} INFO - Started process (PID=6859) to work on /home/ubuntu/redfin/lib/python3.10/site-packages/airflow/example_dags/example_complex.py
[2023-12-03T23:48:15.366+0000] {processor.py:829} INFO - Processing file /home/ubuntu/redfin/lib/python3.10/site-packages/airflow/example_dags/example_complex.py for tasks to queue
[2023-12-03T23:48:15.366+0000] {logging_mixin.py:154} INFO - [2023-12-03T23:48:15.366+0000] {dagbag.py:536} INFO - Filling up the DagBag from /home/ubuntu/redfin/lib/python3.10/site-packages/airflow/example_dags/example_complex.py
[2023-12-03T23:48:15.379+0000] {processor.py:839} INFO - DAG(s) dict_keys(['example_complex']) retrieved from /home/ubuntu/redfin/lib/python3.10/site-packages/airflow/example_dags/example_complex.py
[2023-12-03T23:48:15.408+0000] {logging_mixin.py:154} INFO - [2023-12-03T23:48:15.408+0000] {dag.py:2941} INFO - Sync 1 DAGs
[2023-12-03T23:48:15.421+0000] {logging_mixin.py:154} INFO - [2023-12-03T23:48:15.421+0000] {dag.py:3722} INFO - Setting next_dagrun for example_complex to None, run_after=None
[2023-12-03T23:48:15.445+0000] {processor.py:179} INFO - Processing /home/ubuntu/redfin/lib/python3.10/site-packages/airflow/example_dags/example_complex.py took 0.084 seconds
[2023-12-03T23:49:04.938+0000] {processor.py:157} INFO - Started process (PID=6917) to work on /home/ubuntu/redfin/lib/python3.10/site-packages/airflow/example_dags/example_complex.py
[2023-12-03T23:49:04.939+0000] {processor.py:829} INFO - Processing file /home/ubuntu/redfin/lib/python3.10/site-packages/airflow/example_dags/example_complex.py for tasks to queue
[2023-12-03T23:49:04.940+0000] {logging_mixin.py:154} INFO - [2023-12-03T23:49:04.939+0000] {dagbag.py:536} INFO - Filling up the DagBag from /home/ubuntu/redfin/lib/python3.10/site-packages/airflow/example_dags/example_complex.py
[2023-12-03T23:49:04.952+0000] {processor.py:839} INFO - DAG(s) dict_keys(['example_complex']) retrieved from /home/ubuntu/redfin/lib/python3.10/site-packages/airflow/example_dags/example_complex.py
[2023-12-03T23:49:04.981+0000] {logging_mixin.py:154} INFO - [2023-12-03T23:49:04.981+0000] {dag.py:2941} INFO - Sync 1 DAGs
[2023-12-03T23:49:04.994+0000] {logging_mixin.py:154} INFO - [2023-12-03T23:49:04.994+0000] {dag.py:3722} INFO - Setting next_dagrun for example_complex to None, run_after=None
[2023-12-03T23:49:05.017+0000] {processor.py:179} INFO - Processing /home/ubuntu/redfin/lib/python3.10/site-packages/airflow/example_dags/example_complex.py took 0.084 seconds
[2023-12-03T23:49:55.658+0000] {processor.py:157} INFO - Started process (PID=6971) to work on /home/ubuntu/redfin/lib/python3.10/site-packages/airflow/example_dags/example_complex.py
[2023-12-03T23:49:55.659+0000] {processor.py:829} INFO - Processing file /home/ubuntu/redfin/lib/python3.10/site-packages/airflow/example_dags/example_complex.py for tasks to queue
[2023-12-03T23:49:55.660+0000] {logging_mixin.py:154} INFO - [2023-12-03T23:49:55.660+0000] {dagbag.py:536} INFO - Filling up the DagBag from /home/ubuntu/redfin/lib/python3.10/site-packages/airflow/example_dags/example_complex.py
[2023-12-03T23:49:55.672+0000] {processor.py:839} INFO - DAG(s) dict_keys(['example_complex']) retrieved from /home/ubuntu/redfin/lib/python3.10/site-packages/airflow/example_dags/example_complex.py
[2023-12-03T23:49:55.701+0000] {logging_mixin.py:154} INFO - [2023-12-03T23:49:55.701+0000] {dag.py:2941} INFO - Sync 1 DAGs
[2023-12-03T23:49:55.714+0000] {logging_mixin.py:154} INFO - [2023-12-03T23:49:55.713+0000] {dag.py:3722} INFO - Setting next_dagrun for example_complex to None, run_after=None
[2023-12-03T23:49:55.735+0000] {processor.py:179} INFO - Processing /home/ubuntu/redfin/lib/python3.10/site-packages/airflow/example_dags/example_complex.py took 0.081 seconds
[2023-12-03T23:50:42.253+0000] {processor.py:157} INFO - Started process (PID=7025) to work on /home/ubuntu/redfin/lib/python3.10/site-packages/airflow/example_dags/example_complex.py
[2023-12-03T23:50:42.254+0000] {processor.py:829} INFO - Processing file /home/ubuntu/redfin/lib/python3.10/site-packages/airflow/example_dags/example_complex.py for tasks to queue
[2023-12-03T23:50:42.255+0000] {logging_mixin.py:154} INFO - [2023-12-03T23:50:42.255+0000] {dagbag.py:536} INFO - Filling up the DagBag from /home/ubuntu/redfin/lib/python3.10/site-packages/airflow/example_dags/example_complex.py
[2023-12-03T23:50:42.267+0000] {processor.py:839} INFO - DAG(s) dict_keys(['example_complex']) retrieved from /home/ubuntu/redfin/lib/python3.10/site-packages/airflow/example_dags/example_complex.py
[2023-12-03T23:50:42.297+0000] {logging_mixin.py:154} INFO - [2023-12-03T23:50:42.296+0000] {dag.py:2941} INFO - Sync 1 DAGs
[2023-12-03T23:50:42.309+0000] {logging_mixin.py:154} INFO - [2023-12-03T23:50:42.309+0000] {dag.py:3722} INFO - Setting next_dagrun for example_complex to None, run_after=None
[2023-12-03T23:50:42.333+0000] {processor.py:179} INFO - Processing /home/ubuntu/redfin/lib/python3.10/site-packages/airflow/example_dags/example_complex.py took 0.084 seconds
[2023-12-03T23:51:29.813+0000] {processor.py:157} INFO - Started process (PID=7076) to work on /home/ubuntu/redfin/lib/python3.10/site-packages/airflow/example_dags/example_complex.py
[2023-12-03T23:51:29.814+0000] {processor.py:829} INFO - Processing file /home/ubuntu/redfin/lib/python3.10/site-packages/airflow/example_dags/example_complex.py for tasks to queue
[2023-12-03T23:51:29.815+0000] {logging_mixin.py:154} INFO - [2023-12-03T23:51:29.814+0000] {dagbag.py:536} INFO - Filling up the DagBag from /home/ubuntu/redfin/lib/python3.10/site-packages/airflow/example_dags/example_complex.py
[2023-12-03T23:51:29.827+0000] {processor.py:839} INFO - DAG(s) dict_keys(['example_complex']) retrieved from /home/ubuntu/redfin/lib/python3.10/site-packages/airflow/example_dags/example_complex.py
[2023-12-03T23:51:29.856+0000] {logging_mixin.py:154} INFO - [2023-12-03T23:51:29.856+0000] {dag.py:2941} INFO - Sync 1 DAGs
[2023-12-03T23:51:29.869+0000] {logging_mixin.py:154} INFO - [2023-12-03T23:51:29.869+0000] {dag.py:3722} INFO - Setting next_dagrun for example_complex to None, run_after=None
[2023-12-03T23:51:29.892+0000] {processor.py:179} INFO - Processing /home/ubuntu/redfin/lib/python3.10/site-packages/airflow/example_dags/example_complex.py took 0.084 seconds
[2023-12-03T23:52:19.961+0000] {processor.py:157} INFO - Started process (PID=7131) to work on /home/ubuntu/redfin/lib/python3.10/site-packages/airflow/example_dags/example_complex.py
[2023-12-03T23:52:19.962+0000] {processor.py:829} INFO - Processing file /home/ubuntu/redfin/lib/python3.10/site-packages/airflow/example_dags/example_complex.py for tasks to queue
[2023-12-03T23:52:19.963+0000] {logging_mixin.py:154} INFO - [2023-12-03T23:52:19.963+0000] {dagbag.py:536} INFO - Filling up the DagBag from /home/ubuntu/redfin/lib/python3.10/site-packages/airflow/example_dags/example_complex.py
[2023-12-03T23:52:19.976+0000] {processor.py:839} INFO - DAG(s) dict_keys(['example_complex']) retrieved from /home/ubuntu/redfin/lib/python3.10/site-packages/airflow/example_dags/example_complex.py
[2023-12-03T23:52:20.004+0000] {logging_mixin.py:154} INFO - [2023-12-03T23:52:20.004+0000] {dag.py:2941} INFO - Sync 1 DAGs
[2023-12-03T23:52:20.017+0000] {logging_mixin.py:154} INFO - [2023-12-03T23:52:20.016+0000] {dag.py:3722} INFO - Setting next_dagrun for example_complex to None, run_after=None
[2023-12-03T23:52:20.038+0000] {processor.py:179} INFO - Processing /home/ubuntu/redfin/lib/python3.10/site-packages/airflow/example_dags/example_complex.py took 0.081 seconds
[2023-12-03T23:53:08.473+0000] {processor.py:157} INFO - Started process (PID=7183) to work on /home/ubuntu/redfin/lib/python3.10/site-packages/airflow/example_dags/example_complex.py
[2023-12-03T23:53:08.474+0000] {processor.py:829} INFO - Processing file /home/ubuntu/redfin/lib/python3.10/site-packages/airflow/example_dags/example_complex.py for tasks to queue
[2023-12-03T23:53:08.475+0000] {logging_mixin.py:154} INFO - [2023-12-03T23:53:08.474+0000] {dagbag.py:536} INFO - Filling up the DagBag from /home/ubuntu/redfin/lib/python3.10/site-packages/airflow/example_dags/example_complex.py
[2023-12-03T23:53:08.487+0000] {processor.py:839} INFO - DAG(s) dict_keys(['example_complex']) retrieved from /home/ubuntu/redfin/lib/python3.10/site-packages/airflow/example_dags/example_complex.py
[2023-12-03T23:53:08.516+0000] {logging_mixin.py:154} INFO - [2023-12-03T23:53:08.516+0000] {dag.py:2941} INFO - Sync 1 DAGs
[2023-12-03T23:53:08.530+0000] {logging_mixin.py:154} INFO - [2023-12-03T23:53:08.530+0000] {dag.py:3722} INFO - Setting next_dagrun for example_complex to None, run_after=None
[2023-12-03T23:53:08.553+0000] {processor.py:179} INFO - Processing /home/ubuntu/redfin/lib/python3.10/site-packages/airflow/example_dags/example_complex.py took 0.084 seconds
[2023-12-03T23:53:57.412+0000] {processor.py:157} INFO - Started process (PID=7239) to work on /home/ubuntu/redfin/lib/python3.10/site-packages/airflow/example_dags/example_complex.py
[2023-12-03T23:53:57.413+0000] {processor.py:829} INFO - Processing file /home/ubuntu/redfin/lib/python3.10/site-packages/airflow/example_dags/example_complex.py for tasks to queue
[2023-12-03T23:53:57.414+0000] {logging_mixin.py:154} INFO - [2023-12-03T23:53:57.414+0000] {dagbag.py:536} INFO - Filling up the DagBag from /home/ubuntu/redfin/lib/python3.10/site-packages/airflow/example_dags/example_complex.py
[2023-12-03T23:53:57.427+0000] {processor.py:839} INFO - DAG(s) dict_keys(['example_complex']) retrieved from /home/ubuntu/redfin/lib/python3.10/site-packages/airflow/example_dags/example_complex.py
[2023-12-03T23:53:57.457+0000] {logging_mixin.py:154} INFO - [2023-12-03T23:53:57.457+0000] {dag.py:2941} INFO - Sync 1 DAGs
[2023-12-03T23:53:57.471+0000] {logging_mixin.py:154} INFO - [2023-12-03T23:53:57.470+0000] {dag.py:3722} INFO - Setting next_dagrun for example_complex to None, run_after=None
[2023-12-03T23:53:57.496+0000] {processor.py:179} INFO - Processing /home/ubuntu/redfin/lib/python3.10/site-packages/airflow/example_dags/example_complex.py took 0.088 seconds
[2023-12-03T23:54:44.829+0000] {processor.py:157} INFO - Started process (PID=7290) to work on /home/ubuntu/redfin/lib/python3.10/site-packages/airflow/example_dags/example_complex.py
[2023-12-03T23:54:44.830+0000] {processor.py:829} INFO - Processing file /home/ubuntu/redfin/lib/python3.10/site-packages/airflow/example_dags/example_complex.py for tasks to queue
[2023-12-03T23:54:44.831+0000] {logging_mixin.py:154} INFO - [2023-12-03T23:54:44.831+0000] {dagbag.py:536} INFO - Filling up the DagBag from /home/ubuntu/redfin/lib/python3.10/site-packages/airflow/example_dags/example_complex.py
[2023-12-03T23:54:44.843+0000] {processor.py:839} INFO - DAG(s) dict_keys(['example_complex']) retrieved from /home/ubuntu/redfin/lib/python3.10/site-packages/airflow/example_dags/example_complex.py
[2023-12-03T23:54:44.872+0000] {logging_mixin.py:154} INFO - [2023-12-03T23:54:44.872+0000] {dag.py:2941} INFO - Sync 1 DAGs
[2023-12-03T23:54:44.885+0000] {logging_mixin.py:154} INFO - [2023-12-03T23:54:44.885+0000] {dag.py:3722} INFO - Setting next_dagrun for example_complex to None, run_after=None
[2023-12-03T23:54:44.909+0000] {processor.py:179} INFO - Processing /home/ubuntu/redfin/lib/python3.10/site-packages/airflow/example_dags/example_complex.py took 0.084 seconds
[2023-12-03T23:55:32.801+0000] {processor.py:157} INFO - Started process (PID=7344) to work on /home/ubuntu/redfin/lib/python3.10/site-packages/airflow/example_dags/example_complex.py
[2023-12-03T23:55:32.802+0000] {processor.py:829} INFO - Processing file /home/ubuntu/redfin/lib/python3.10/site-packages/airflow/example_dags/example_complex.py for tasks to queue
[2023-12-03T23:55:32.803+0000] {logging_mixin.py:154} INFO - [2023-12-03T23:55:32.803+0000] {dagbag.py:536} INFO - Filling up the DagBag from /home/ubuntu/redfin/lib/python3.10/site-packages/airflow/example_dags/example_complex.py
[2023-12-03T23:55:32.816+0000] {processor.py:839} INFO - DAG(s) dict_keys(['example_complex']) retrieved from /home/ubuntu/redfin/lib/python3.10/site-packages/airflow/example_dags/example_complex.py
[2023-12-03T23:55:32.846+0000] {logging_mixin.py:154} INFO - [2023-12-03T23:55:32.846+0000] {dag.py:2941} INFO - Sync 1 DAGs
[2023-12-03T23:55:32.859+0000] {logging_mixin.py:154} INFO - [2023-12-03T23:55:32.859+0000] {dag.py:3722} INFO - Setting next_dagrun for example_complex to None, run_after=None
[2023-12-03T23:55:32.882+0000] {processor.py:179} INFO - Processing /home/ubuntu/redfin/lib/python3.10/site-packages/airflow/example_dags/example_complex.py took 0.085 seconds
[2023-12-03T23:56:20.517+0000] {processor.py:157} INFO - Started process (PID=7395) to work on /home/ubuntu/redfin/lib/python3.10/site-packages/airflow/example_dags/example_complex.py
[2023-12-03T23:56:20.518+0000] {processor.py:829} INFO - Processing file /home/ubuntu/redfin/lib/python3.10/site-packages/airflow/example_dags/example_complex.py for tasks to queue
[2023-12-03T23:56:20.519+0000] {logging_mixin.py:154} INFO - [2023-12-03T23:56:20.519+0000] {dagbag.py:536} INFO - Filling up the DagBag from /home/ubuntu/redfin/lib/python3.10/site-packages/airflow/example_dags/example_complex.py
[2023-12-03T23:56:20.532+0000] {processor.py:839} INFO - DAG(s) dict_keys(['example_complex']) retrieved from /home/ubuntu/redfin/lib/python3.10/site-packages/airflow/example_dags/example_complex.py
[2023-12-03T23:56:20.562+0000] {logging_mixin.py:154} INFO - [2023-12-03T23:56:20.562+0000] {dag.py:2941} INFO - Sync 1 DAGs
[2023-12-03T23:56:20.576+0000] {logging_mixin.py:154} INFO - [2023-12-03T23:56:20.576+0000] {dag.py:3722} INFO - Setting next_dagrun for example_complex to None, run_after=None
[2023-12-03T23:56:20.601+0000] {processor.py:179} INFO - Processing /home/ubuntu/redfin/lib/python3.10/site-packages/airflow/example_dags/example_complex.py took 0.088 seconds
[2023-12-03T23:57:09.850+0000] {processor.py:157} INFO - Started process (PID=7451) to work on /home/ubuntu/redfin/lib/python3.10/site-packages/airflow/example_dags/example_complex.py
[2023-12-03T23:57:09.851+0000] {processor.py:829} INFO - Processing file /home/ubuntu/redfin/lib/python3.10/site-packages/airflow/example_dags/example_complex.py for tasks to queue
[2023-12-03T23:57:09.852+0000] {logging_mixin.py:154} INFO - [2023-12-03T23:57:09.851+0000] {dagbag.py:536} INFO - Filling up the DagBag from /home/ubuntu/redfin/lib/python3.10/site-packages/airflow/example_dags/example_complex.py
[2023-12-03T23:57:09.864+0000] {processor.py:839} INFO - DAG(s) dict_keys(['example_complex']) retrieved from /home/ubuntu/redfin/lib/python3.10/site-packages/airflow/example_dags/example_complex.py
[2023-12-03T23:57:09.895+0000] {logging_mixin.py:154} INFO - [2023-12-03T23:57:09.894+0000] {dag.py:2941} INFO - Sync 1 DAGs
[2023-12-03T23:57:09.908+0000] {logging_mixin.py:154} INFO - [2023-12-03T23:57:09.908+0000] {dag.py:3722} INFO - Setting next_dagrun for example_complex to None, run_after=None
[2023-12-03T23:57:09.931+0000] {processor.py:179} INFO - Processing /home/ubuntu/redfin/lib/python3.10/site-packages/airflow/example_dags/example_complex.py took 0.085 seconds
[2023-12-03T23:57:52.978+0000] {processor.py:157} INFO - Started process (PID=7500) to work on /home/ubuntu/redfin/lib/python3.10/site-packages/airflow/example_dags/example_complex.py
[2023-12-03T23:57:52.979+0000] {processor.py:829} INFO - Processing file /home/ubuntu/redfin/lib/python3.10/site-packages/airflow/example_dags/example_complex.py for tasks to queue
[2023-12-03T23:57:52.980+0000] {logging_mixin.py:154} INFO - [2023-12-03T23:57:52.980+0000] {dagbag.py:536} INFO - Filling up the DagBag from /home/ubuntu/redfin/lib/python3.10/site-packages/airflow/example_dags/example_complex.py
[2023-12-03T23:57:52.992+0000] {processor.py:839} INFO - DAG(s) dict_keys(['example_complex']) retrieved from /home/ubuntu/redfin/lib/python3.10/site-packages/airflow/example_dags/example_complex.py
[2023-12-03T23:57:53.022+0000] {logging_mixin.py:154} INFO - [2023-12-03T23:57:53.021+0000] {dag.py:2941} INFO - Sync 1 DAGs
[2023-12-03T23:57:53.035+0000] {logging_mixin.py:154} INFO - [2023-12-03T23:57:53.034+0000] {dag.py:3722} INFO - Setting next_dagrun for example_complex to None, run_after=None
[2023-12-03T23:57:53.058+0000] {processor.py:179} INFO - Processing /home/ubuntu/redfin/lib/python3.10/site-packages/airflow/example_dags/example_complex.py took 0.085 seconds
[2023-12-03T23:58:38.224+0000] {processor.py:157} INFO - Started process (PID=7549) to work on /home/ubuntu/redfin/lib/python3.10/site-packages/airflow/example_dags/example_complex.py
[2023-12-03T23:58:38.226+0000] {processor.py:829} INFO - Processing file /home/ubuntu/redfin/lib/python3.10/site-packages/airflow/example_dags/example_complex.py for tasks to queue
[2023-12-03T23:58:38.227+0000] {logging_mixin.py:154} INFO - [2023-12-03T23:58:38.226+0000] {dagbag.py:536} INFO - Filling up the DagBag from /home/ubuntu/redfin/lib/python3.10/site-packages/airflow/example_dags/example_complex.py
[2023-12-03T23:58:38.239+0000] {processor.py:839} INFO - DAG(s) dict_keys(['example_complex']) retrieved from /home/ubuntu/redfin/lib/python3.10/site-packages/airflow/example_dags/example_complex.py
[2023-12-03T23:58:38.269+0000] {logging_mixin.py:154} INFO - [2023-12-03T23:58:38.269+0000] {dag.py:2941} INFO - Sync 1 DAGs
[2023-12-03T23:58:38.282+0000] {logging_mixin.py:154} INFO - [2023-12-03T23:58:38.282+0000] {dag.py:3722} INFO - Setting next_dagrun for example_complex to None, run_after=None
[2023-12-03T23:58:38.306+0000] {processor.py:179} INFO - Processing /home/ubuntu/redfin/lib/python3.10/site-packages/airflow/example_dags/example_complex.py took 0.085 seconds
[2023-12-03T23:59:25.095+0000] {processor.py:157} INFO - Started process (PID=7605) to work on /home/ubuntu/redfin/lib/python3.10/site-packages/airflow/example_dags/example_complex.py
[2023-12-03T23:59:25.097+0000] {processor.py:829} INFO - Processing file /home/ubuntu/redfin/lib/python3.10/site-packages/airflow/example_dags/example_complex.py for tasks to queue
[2023-12-03T23:59:25.098+0000] {logging_mixin.py:154} INFO - [2023-12-03T23:59:25.097+0000] {dagbag.py:536} INFO - Filling up the DagBag from /home/ubuntu/redfin/lib/python3.10/site-packages/airflow/example_dags/example_complex.py
[2023-12-03T23:59:25.110+0000] {processor.py:839} INFO - DAG(s) dict_keys(['example_complex']) retrieved from /home/ubuntu/redfin/lib/python3.10/site-packages/airflow/example_dags/example_complex.py
[2023-12-03T23:59:25.140+0000] {logging_mixin.py:154} INFO - [2023-12-03T23:59:25.140+0000] {dag.py:2941} INFO - Sync 1 DAGs
[2023-12-03T23:59:25.153+0000] {logging_mixin.py:154} INFO - [2023-12-03T23:59:25.153+0000] {dag.py:3722} INFO - Setting next_dagrun for example_complex to None, run_after=None
[2023-12-03T23:59:25.178+0000] {processor.py:179} INFO - Processing /home/ubuntu/redfin/lib/python3.10/site-packages/airflow/example_dags/example_complex.py took 0.086 seconds
