[2023-12-03T23:08:00.896+0000] {processor.py:157} INFO - Started process (PID=3763) to work on /home/ubuntu/redfin/lib/python3.10/site-packages/airflow/example_dags/example_setup_teardown_taskflow.py
[2023-12-03T23:08:00.897+0000] {processor.py:829} INFO - Processing file /home/ubuntu/redfin/lib/python3.10/site-packages/airflow/example_dags/example_setup_teardown_taskflow.py for tasks to queue
[2023-12-03T23:08:00.898+0000] {logging_mixin.py:154} INFO - [2023-12-03T23:08:00.898+0000] {dagbag.py:536} INFO - Filling up the DagBag from /home/ubuntu/redfin/lib/python3.10/site-packages/airflow/example_dags/example_setup_teardown_taskflow.py
[2023-12-03T23:08:00.910+0000] {processor.py:839} INFO - DAG(s) dict_keys(['example_setup_teardown_taskflow']) retrieved from /home/ubuntu/redfin/lib/python3.10/site-packages/airflow/example_dags/example_setup_teardown_taskflow.py
[2023-12-03T23:08:01.030+0000] {logging_mixin.py:154} INFO - [2023-12-03T23:08:01.030+0000] {manager.py:499} INFO - Created Permission View: %s
[2023-12-03T23:08:01.045+0000] {logging_mixin.py:154} INFO - [2023-12-03T23:08:01.045+0000] {manager.py:499} INFO - Created Permission View: %s
[2023-12-03T23:08:01.056+0000] {logging_mixin.py:154} INFO - [2023-12-03T23:08:01.055+0000] {manager.py:499} INFO - Created Permission View: %s
[2023-12-03T23:08:01.056+0000] {logging_mixin.py:154} INFO - [2023-12-03T23:08:01.056+0000] {dag.py:2941} INFO - Sync 1 DAGs
[2023-12-03T23:08:01.068+0000] {logging_mixin.py:154} INFO - [2023-12-03T23:08:01.068+0000] {dag.py:2963} INFO - Creating ORM DAG for example_setup_teardown_taskflow
[2023-12-03T23:08:01.080+0000] {logging_mixin.py:154} INFO - [2023-12-03T23:08:01.079+0000] {dag.py:3722} INFO - Setting next_dagrun for example_setup_teardown_taskflow to 2023-12-02T23:08:01.079703+00:00, run_after=2023-12-03T23:08:01.079703+00:00
[2023-12-03T23:08:01.103+0000] {processor.py:179} INFO - Processing /home/ubuntu/redfin/lib/python3.10/site-packages/airflow/example_dags/example_setup_teardown_taskflow.py took 0.211 seconds
[2023-12-03T23:08:51.103+0000] {processor.py:157} INFO - Started process (PID=3812) to work on /home/ubuntu/redfin/lib/python3.10/site-packages/airflow/example_dags/example_setup_teardown_taskflow.py
[2023-12-03T23:08:51.105+0000] {processor.py:829} INFO - Processing file /home/ubuntu/redfin/lib/python3.10/site-packages/airflow/example_dags/example_setup_teardown_taskflow.py for tasks to queue
[2023-12-03T23:08:51.105+0000] {logging_mixin.py:154} INFO - [2023-12-03T23:08:51.105+0000] {dagbag.py:536} INFO - Filling up the DagBag from /home/ubuntu/redfin/lib/python3.10/site-packages/airflow/example_dags/example_setup_teardown_taskflow.py
[2023-12-03T23:08:51.117+0000] {processor.py:839} INFO - DAG(s) dict_keys(['example_setup_teardown_taskflow']) retrieved from /home/ubuntu/redfin/lib/python3.10/site-packages/airflow/example_dags/example_setup_teardown_taskflow.py
[2023-12-03T23:08:51.137+0000] {logging_mixin.py:154} INFO - [2023-12-03T23:08:51.137+0000] {dag.py:2941} INFO - Sync 1 DAGs
[2023-12-03T23:08:51.158+0000] {logging_mixin.py:154} INFO - [2023-12-03T23:08:51.158+0000] {dag.py:3722} INFO - Setting next_dagrun for example_setup_teardown_taskflow to 2023-12-02T23:08:51.158245+00:00, run_after=2023-12-03T23:08:51.158245+00:00
[2023-12-03T23:08:51.181+0000] {processor.py:179} INFO - Processing /home/ubuntu/redfin/lib/python3.10/site-packages/airflow/example_dags/example_setup_teardown_taskflow.py took 0.081 seconds
[2023-12-03T23:09:36.639+0000] {processor.py:157} INFO - Started process (PID=3861) to work on /home/ubuntu/redfin/lib/python3.10/site-packages/airflow/example_dags/example_setup_teardown_taskflow.py
[2023-12-03T23:09:36.641+0000] {processor.py:829} INFO - Processing file /home/ubuntu/redfin/lib/python3.10/site-packages/airflow/example_dags/example_setup_teardown_taskflow.py for tasks to queue
[2023-12-03T23:09:36.642+0000] {logging_mixin.py:154} INFO - [2023-12-03T23:09:36.641+0000] {dagbag.py:536} INFO - Filling up the DagBag from /home/ubuntu/redfin/lib/python3.10/site-packages/airflow/example_dags/example_setup_teardown_taskflow.py
[2023-12-03T23:09:36.654+0000] {processor.py:839} INFO - DAG(s) dict_keys(['example_setup_teardown_taskflow']) retrieved from /home/ubuntu/redfin/lib/python3.10/site-packages/airflow/example_dags/example_setup_teardown_taskflow.py
[2023-12-03T23:09:36.673+0000] {logging_mixin.py:154} INFO - [2023-12-03T23:09:36.673+0000] {dag.py:2941} INFO - Sync 1 DAGs
[2023-12-03T23:09:36.696+0000] {logging_mixin.py:154} INFO - [2023-12-03T23:09:36.695+0000] {dag.py:3722} INFO - Setting next_dagrun for example_setup_teardown_taskflow to 2023-12-02T23:09:36.695417+00:00, run_after=2023-12-03T23:09:36.695417+00:00
[2023-12-03T23:09:36.720+0000] {processor.py:179} INFO - Processing /home/ubuntu/redfin/lib/python3.10/site-packages/airflow/example_dags/example_setup_teardown_taskflow.py took 0.084 seconds
[2023-12-03T23:10:24.425+0000] {processor.py:157} INFO - Started process (PID=3912) to work on /home/ubuntu/redfin/lib/python3.10/site-packages/airflow/example_dags/example_setup_teardown_taskflow.py
[2023-12-03T23:10:24.426+0000] {processor.py:829} INFO - Processing file /home/ubuntu/redfin/lib/python3.10/site-packages/airflow/example_dags/example_setup_teardown_taskflow.py for tasks to queue
[2023-12-03T23:10:24.427+0000] {logging_mixin.py:154} INFO - [2023-12-03T23:10:24.427+0000] {dagbag.py:536} INFO - Filling up the DagBag from /home/ubuntu/redfin/lib/python3.10/site-packages/airflow/example_dags/example_setup_teardown_taskflow.py
[2023-12-03T23:10:24.439+0000] {processor.py:839} INFO - DAG(s) dict_keys(['example_setup_teardown_taskflow']) retrieved from /home/ubuntu/redfin/lib/python3.10/site-packages/airflow/example_dags/example_setup_teardown_taskflow.py
[2023-12-03T23:10:24.459+0000] {logging_mixin.py:154} INFO - [2023-12-03T23:10:24.458+0000] {dag.py:2941} INFO - Sync 1 DAGs
[2023-12-03T23:10:24.481+0000] {logging_mixin.py:154} INFO - [2023-12-03T23:10:24.480+0000] {dag.py:3722} INFO - Setting next_dagrun for example_setup_teardown_taskflow to 2023-12-02T23:10:24.480518+00:00, run_after=2023-12-03T23:10:24.480518+00:00
[2023-12-03T23:10:24.503+0000] {processor.py:179} INFO - Processing /home/ubuntu/redfin/lib/python3.10/site-packages/airflow/example_dags/example_setup_teardown_taskflow.py took 0.082 seconds
[2023-12-03T23:11:09.329+0000] {processor.py:157} INFO - Started process (PID=3961) to work on /home/ubuntu/redfin/lib/python3.10/site-packages/airflow/example_dags/example_setup_teardown_taskflow.py
[2023-12-03T23:11:09.330+0000] {processor.py:829} INFO - Processing file /home/ubuntu/redfin/lib/python3.10/site-packages/airflow/example_dags/example_setup_teardown_taskflow.py for tasks to queue
[2023-12-03T23:11:09.331+0000] {logging_mixin.py:154} INFO - [2023-12-03T23:11:09.330+0000] {dagbag.py:536} INFO - Filling up the DagBag from /home/ubuntu/redfin/lib/python3.10/site-packages/airflow/example_dags/example_setup_teardown_taskflow.py
[2023-12-03T23:11:09.342+0000] {processor.py:839} INFO - DAG(s) dict_keys(['example_setup_teardown_taskflow']) retrieved from /home/ubuntu/redfin/lib/python3.10/site-packages/airflow/example_dags/example_setup_teardown_taskflow.py
[2023-12-03T23:11:09.362+0000] {logging_mixin.py:154} INFO - [2023-12-03T23:11:09.362+0000] {dag.py:2941} INFO - Sync 1 DAGs
[2023-12-03T23:11:09.383+0000] {logging_mixin.py:154} INFO - [2023-12-03T23:11:09.383+0000] {dag.py:3722} INFO - Setting next_dagrun for example_setup_teardown_taskflow to 2023-12-02T23:11:09.383208+00:00, run_after=2023-12-03T23:11:09.383208+00:00
[2023-12-03T23:11:09.406+0000] {processor.py:179} INFO - Processing /home/ubuntu/redfin/lib/python3.10/site-packages/airflow/example_dags/example_setup_teardown_taskflow.py took 0.082 seconds
[2023-12-03T23:11:57.133+0000] {processor.py:157} INFO - Started process (PID=4016) to work on /home/ubuntu/redfin/lib/python3.10/site-packages/airflow/example_dags/example_setup_teardown_taskflow.py
[2023-12-03T23:11:57.135+0000] {processor.py:829} INFO - Processing file /home/ubuntu/redfin/lib/python3.10/site-packages/airflow/example_dags/example_setup_teardown_taskflow.py for tasks to queue
[2023-12-03T23:11:57.136+0000] {logging_mixin.py:154} INFO - [2023-12-03T23:11:57.135+0000] {dagbag.py:536} INFO - Filling up the DagBag from /home/ubuntu/redfin/lib/python3.10/site-packages/airflow/example_dags/example_setup_teardown_taskflow.py
[2023-12-03T23:11:57.147+0000] {processor.py:839} INFO - DAG(s) dict_keys(['example_setup_teardown_taskflow']) retrieved from /home/ubuntu/redfin/lib/python3.10/site-packages/airflow/example_dags/example_setup_teardown_taskflow.py
[2023-12-03T23:11:57.167+0000] {logging_mixin.py:154} INFO - [2023-12-03T23:11:57.167+0000] {dag.py:2941} INFO - Sync 1 DAGs
[2023-12-03T23:11:57.190+0000] {logging_mixin.py:154} INFO - [2023-12-03T23:11:57.190+0000] {dag.py:3722} INFO - Setting next_dagrun for example_setup_teardown_taskflow to 2023-12-02T23:11:57.190023+00:00, run_after=2023-12-03T23:11:57.190023+00:00
[2023-12-03T23:11:57.213+0000] {processor.py:179} INFO - Processing /home/ubuntu/redfin/lib/python3.10/site-packages/airflow/example_dags/example_setup_teardown_taskflow.py took 0.084 seconds
[2023-12-03T23:12:41.044+0000] {processor.py:157} INFO - Started process (PID=4065) to work on /home/ubuntu/redfin/lib/python3.10/site-packages/airflow/example_dags/example_setup_teardown_taskflow.py
[2023-12-03T23:12:41.045+0000] {processor.py:829} INFO - Processing file /home/ubuntu/redfin/lib/python3.10/site-packages/airflow/example_dags/example_setup_teardown_taskflow.py for tasks to queue
[2023-12-03T23:12:41.046+0000] {logging_mixin.py:154} INFO - [2023-12-03T23:12:41.046+0000] {dagbag.py:536} INFO - Filling up the DagBag from /home/ubuntu/redfin/lib/python3.10/site-packages/airflow/example_dags/example_setup_teardown_taskflow.py
[2023-12-03T23:12:41.058+0000] {processor.py:839} INFO - DAG(s) dict_keys(['example_setup_teardown_taskflow']) retrieved from /home/ubuntu/redfin/lib/python3.10/site-packages/airflow/example_dags/example_setup_teardown_taskflow.py
[2023-12-03T23:12:41.077+0000] {logging_mixin.py:154} INFO - [2023-12-03T23:12:41.077+0000] {dag.py:2941} INFO - Sync 1 DAGs
[2023-12-03T23:12:41.100+0000] {logging_mixin.py:154} INFO - [2023-12-03T23:12:41.099+0000] {dag.py:3722} INFO - Setting next_dagrun for example_setup_teardown_taskflow to 2023-12-02T23:12:41.099491+00:00, run_after=2023-12-03T23:12:41.099491+00:00
[2023-12-03T23:12:41.122+0000] {processor.py:179} INFO - Processing /home/ubuntu/redfin/lib/python3.10/site-packages/airflow/example_dags/example_setup_teardown_taskflow.py took 0.082 seconds
[2023-12-03T23:13:28.734+0000] {processor.py:157} INFO - Started process (PID=4116) to work on /home/ubuntu/redfin/lib/python3.10/site-packages/airflow/example_dags/example_setup_teardown_taskflow.py
[2023-12-03T23:13:28.735+0000] {processor.py:829} INFO - Processing file /home/ubuntu/redfin/lib/python3.10/site-packages/airflow/example_dags/example_setup_teardown_taskflow.py for tasks to queue
[2023-12-03T23:13:28.736+0000] {logging_mixin.py:154} INFO - [2023-12-03T23:13:28.736+0000] {dagbag.py:536} INFO - Filling up the DagBag from /home/ubuntu/redfin/lib/python3.10/site-packages/airflow/example_dags/example_setup_teardown_taskflow.py
[2023-12-03T23:13:28.748+0000] {processor.py:839} INFO - DAG(s) dict_keys(['example_setup_teardown_taskflow']) retrieved from /home/ubuntu/redfin/lib/python3.10/site-packages/airflow/example_dags/example_setup_teardown_taskflow.py
[2023-12-03T23:13:28.767+0000] {logging_mixin.py:154} INFO - [2023-12-03T23:13:28.767+0000] {dag.py:2941} INFO - Sync 1 DAGs
[2023-12-03T23:13:28.789+0000] {logging_mixin.py:154} INFO - [2023-12-03T23:13:28.789+0000] {dag.py:3722} INFO - Setting next_dagrun for example_setup_teardown_taskflow to 2023-12-02T23:13:28.788835+00:00, run_after=2023-12-03T23:13:28.788835+00:00
[2023-12-03T23:13:28.812+0000] {processor.py:179} INFO - Processing /home/ubuntu/redfin/lib/python3.10/site-packages/airflow/example_dags/example_setup_teardown_taskflow.py took 0.082 seconds
[2023-12-03T23:14:13.953+0000] {processor.py:157} INFO - Started process (PID=4165) to work on /home/ubuntu/redfin/lib/python3.10/site-packages/airflow/example_dags/example_setup_teardown_taskflow.py
[2023-12-03T23:14:13.954+0000] {processor.py:829} INFO - Processing file /home/ubuntu/redfin/lib/python3.10/site-packages/airflow/example_dags/example_setup_teardown_taskflow.py for tasks to queue
[2023-12-03T23:14:13.955+0000] {logging_mixin.py:154} INFO - [2023-12-03T23:14:13.955+0000] {dagbag.py:536} INFO - Filling up the DagBag from /home/ubuntu/redfin/lib/python3.10/site-packages/airflow/example_dags/example_setup_teardown_taskflow.py
[2023-12-03T23:14:13.967+0000] {processor.py:839} INFO - DAG(s) dict_keys(['example_setup_teardown_taskflow']) retrieved from /home/ubuntu/redfin/lib/python3.10/site-packages/airflow/example_dags/example_setup_teardown_taskflow.py
[2023-12-03T23:14:13.986+0000] {logging_mixin.py:154} INFO - [2023-12-03T23:14:13.986+0000] {dag.py:2941} INFO - Sync 1 DAGs
[2023-12-03T23:14:14.009+0000] {logging_mixin.py:154} INFO - [2023-12-03T23:14:14.009+0000] {dag.py:3722} INFO - Setting next_dagrun for example_setup_teardown_taskflow to 2023-12-02T23:14:14.009271+00:00, run_after=2023-12-03T23:14:14.009271+00:00
[2023-12-03T23:14:14.034+0000] {processor.py:179} INFO - Processing /home/ubuntu/redfin/lib/python3.10/site-packages/airflow/example_dags/example_setup_teardown_taskflow.py took 0.085 seconds
[2023-12-03T23:15:02.480+0000] {processor.py:157} INFO - Started process (PID=4217) to work on /home/ubuntu/redfin/lib/python3.10/site-packages/airflow/example_dags/example_setup_teardown_taskflow.py
[2023-12-03T23:15:02.482+0000] {processor.py:829} INFO - Processing file /home/ubuntu/redfin/lib/python3.10/site-packages/airflow/example_dags/example_setup_teardown_taskflow.py for tasks to queue
[2023-12-03T23:15:02.483+0000] {logging_mixin.py:154} INFO - [2023-12-03T23:15:02.482+0000] {dagbag.py:536} INFO - Filling up the DagBag from /home/ubuntu/redfin/lib/python3.10/site-packages/airflow/example_dags/example_setup_teardown_taskflow.py
[2023-12-03T23:15:02.494+0000] {processor.py:839} INFO - DAG(s) dict_keys(['example_setup_teardown_taskflow']) retrieved from /home/ubuntu/redfin/lib/python3.10/site-packages/airflow/example_dags/example_setup_teardown_taskflow.py
[2023-12-03T23:15:02.515+0000] {logging_mixin.py:154} INFO - [2023-12-03T23:15:02.515+0000] {dag.py:2941} INFO - Sync 1 DAGs
[2023-12-03T23:15:02.538+0000] {logging_mixin.py:154} INFO - [2023-12-03T23:15:02.538+0000] {dag.py:3722} INFO - Setting next_dagrun for example_setup_teardown_taskflow to 2023-12-02T23:15:02.537884+00:00, run_after=2023-12-03T23:15:02.537884+00:00
[2023-12-03T23:15:02.563+0000] {processor.py:179} INFO - Processing /home/ubuntu/redfin/lib/python3.10/site-packages/airflow/example_dags/example_setup_teardown_taskflow.py took 0.087 seconds
[2023-12-03T23:15:52.605+0000] {processor.py:157} INFO - Started process (PID=4273) to work on /home/ubuntu/redfin/lib/python3.10/site-packages/airflow/example_dags/example_setup_teardown_taskflow.py
[2023-12-03T23:15:52.607+0000] {processor.py:829} INFO - Processing file /home/ubuntu/redfin/lib/python3.10/site-packages/airflow/example_dags/example_setup_teardown_taskflow.py for tasks to queue
[2023-12-03T23:15:52.607+0000] {logging_mixin.py:154} INFO - [2023-12-03T23:15:52.607+0000] {dagbag.py:536} INFO - Filling up the DagBag from /home/ubuntu/redfin/lib/python3.10/site-packages/airflow/example_dags/example_setup_teardown_taskflow.py
[2023-12-03T23:15:52.619+0000] {processor.py:839} INFO - DAG(s) dict_keys(['example_setup_teardown_taskflow']) retrieved from /home/ubuntu/redfin/lib/python3.10/site-packages/airflow/example_dags/example_setup_teardown_taskflow.py
[2023-12-03T23:15:52.638+0000] {logging_mixin.py:154} INFO - [2023-12-03T23:15:52.638+0000] {dag.py:2941} INFO - Sync 1 DAGs
[2023-12-03T23:15:52.660+0000] {logging_mixin.py:154} INFO - [2023-12-03T23:15:52.660+0000] {dag.py:3722} INFO - Setting next_dagrun for example_setup_teardown_taskflow to 2023-12-02T23:15:52.659888+00:00, run_after=2023-12-03T23:15:52.659888+00:00
[2023-12-03T23:15:52.682+0000] {processor.py:179} INFO - Processing /home/ubuntu/redfin/lib/python3.10/site-packages/airflow/example_dags/example_setup_teardown_taskflow.py took 0.081 seconds
[2023-12-03T23:16:38.970+0000] {processor.py:157} INFO - Started process (PID=4324) to work on /home/ubuntu/redfin/lib/python3.10/site-packages/airflow/example_dags/example_setup_teardown_taskflow.py
[2023-12-03T23:16:38.971+0000] {processor.py:829} INFO - Processing file /home/ubuntu/redfin/lib/python3.10/site-packages/airflow/example_dags/example_setup_teardown_taskflow.py for tasks to queue
[2023-12-03T23:16:38.972+0000] {logging_mixin.py:154} INFO - [2023-12-03T23:16:38.972+0000] {dagbag.py:536} INFO - Filling up the DagBag from /home/ubuntu/redfin/lib/python3.10/site-packages/airflow/example_dags/example_setup_teardown_taskflow.py
[2023-12-03T23:16:38.984+0000] {processor.py:839} INFO - DAG(s) dict_keys(['example_setup_teardown_taskflow']) retrieved from /home/ubuntu/redfin/lib/python3.10/site-packages/airflow/example_dags/example_setup_teardown_taskflow.py
[2023-12-03T23:16:39.004+0000] {logging_mixin.py:154} INFO - [2023-12-03T23:16:39.004+0000] {dag.py:2941} INFO - Sync 1 DAGs
[2023-12-03T23:16:39.026+0000] {logging_mixin.py:154} INFO - [2023-12-03T23:16:39.026+0000] {dag.py:3722} INFO - Setting next_dagrun for example_setup_teardown_taskflow to 2023-12-02T23:16:39.025915+00:00, run_after=2023-12-03T23:16:39.025915+00:00
[2023-12-03T23:16:39.049+0000] {processor.py:179} INFO - Processing /home/ubuntu/redfin/lib/python3.10/site-packages/airflow/example_dags/example_setup_teardown_taskflow.py took 0.082 seconds
[2023-12-03T23:17:26.279+0000] {processor.py:157} INFO - Started process (PID=4381) to work on /home/ubuntu/redfin/lib/python3.10/site-packages/airflow/example_dags/example_setup_teardown_taskflow.py
[2023-12-03T23:17:26.281+0000] {processor.py:829} INFO - Processing file /home/ubuntu/redfin/lib/python3.10/site-packages/airflow/example_dags/example_setup_teardown_taskflow.py for tasks to queue
[2023-12-03T23:17:26.282+0000] {logging_mixin.py:154} INFO - [2023-12-03T23:17:26.281+0000] {dagbag.py:536} INFO - Filling up the DagBag from /home/ubuntu/redfin/lib/python3.10/site-packages/airflow/example_dags/example_setup_teardown_taskflow.py
[2023-12-03T23:17:26.293+0000] {processor.py:839} INFO - DAG(s) dict_keys(['example_setup_teardown_taskflow']) retrieved from /home/ubuntu/redfin/lib/python3.10/site-packages/airflow/example_dags/example_setup_teardown_taskflow.py
[2023-12-03T23:17:26.313+0000] {logging_mixin.py:154} INFO - [2023-12-03T23:17:26.313+0000] {dag.py:2941} INFO - Sync 1 DAGs
[2023-12-03T23:17:26.335+0000] {logging_mixin.py:154} INFO - [2023-12-03T23:17:26.335+0000] {dag.py:3722} INFO - Setting next_dagrun for example_setup_teardown_taskflow to 2023-12-02T23:17:26.335196+00:00, run_after=2023-12-03T23:17:26.335196+00:00
[2023-12-03T23:17:26.359+0000] {processor.py:179} INFO - Processing /home/ubuntu/redfin/lib/python3.10/site-packages/airflow/example_dags/example_setup_teardown_taskflow.py took 0.083 seconds
[2023-12-03T23:18:11.653+0000] {processor.py:157} INFO - Started process (PID=4430) to work on /home/ubuntu/redfin/lib/python3.10/site-packages/airflow/example_dags/example_setup_teardown_taskflow.py
[2023-12-03T23:18:11.655+0000] {processor.py:829} INFO - Processing file /home/ubuntu/redfin/lib/python3.10/site-packages/airflow/example_dags/example_setup_teardown_taskflow.py for tasks to queue
[2023-12-03T23:18:11.656+0000] {logging_mixin.py:154} INFO - [2023-12-03T23:18:11.655+0000] {dagbag.py:536} INFO - Filling up the DagBag from /home/ubuntu/redfin/lib/python3.10/site-packages/airflow/example_dags/example_setup_teardown_taskflow.py
[2023-12-03T23:18:11.667+0000] {processor.py:839} INFO - DAG(s) dict_keys(['example_setup_teardown_taskflow']) retrieved from /home/ubuntu/redfin/lib/python3.10/site-packages/airflow/example_dags/example_setup_teardown_taskflow.py
[2023-12-03T23:18:11.685+0000] {logging_mixin.py:154} INFO - [2023-12-03T23:18:11.685+0000] {dag.py:2941} INFO - Sync 1 DAGs
[2023-12-03T23:18:11.706+0000] {logging_mixin.py:154} INFO - [2023-12-03T23:18:11.706+0000] {dag.py:3722} INFO - Setting next_dagrun for example_setup_teardown_taskflow to 2023-12-02T23:18:11.705871+00:00, run_after=2023-12-03T23:18:11.705871+00:00
[2023-12-03T23:18:11.728+0000] {processor.py:179} INFO - Processing /home/ubuntu/redfin/lib/python3.10/site-packages/airflow/example_dags/example_setup_teardown_taskflow.py took 0.079 seconds
[2023-12-03T23:18:56.396+0000] {processor.py:157} INFO - Started process (PID=4481) to work on /home/ubuntu/redfin/lib/python3.10/site-packages/airflow/example_dags/example_setup_teardown_taskflow.py
[2023-12-03T23:18:56.397+0000] {processor.py:829} INFO - Processing file /home/ubuntu/redfin/lib/python3.10/site-packages/airflow/example_dags/example_setup_teardown_taskflow.py for tasks to queue
[2023-12-03T23:18:56.398+0000] {logging_mixin.py:154} INFO - [2023-12-03T23:18:56.398+0000] {dagbag.py:536} INFO - Filling up the DagBag from /home/ubuntu/redfin/lib/python3.10/site-packages/airflow/example_dags/example_setup_teardown_taskflow.py
[2023-12-03T23:18:56.409+0000] {processor.py:839} INFO - DAG(s) dict_keys(['example_setup_teardown_taskflow']) retrieved from /home/ubuntu/redfin/lib/python3.10/site-packages/airflow/example_dags/example_setup_teardown_taskflow.py
[2023-12-03T23:18:56.429+0000] {logging_mixin.py:154} INFO - [2023-12-03T23:18:56.429+0000] {dag.py:2941} INFO - Sync 1 DAGs
[2023-12-03T23:18:56.450+0000] {logging_mixin.py:154} INFO - [2023-12-03T23:18:56.450+0000] {dag.py:3722} INFO - Setting next_dagrun for example_setup_teardown_taskflow to 2023-12-02T23:18:56.449853+00:00, run_after=2023-12-03T23:18:56.449853+00:00
[2023-12-03T23:18:56.472+0000] {processor.py:179} INFO - Processing /home/ubuntu/redfin/lib/python3.10/site-packages/airflow/example_dags/example_setup_teardown_taskflow.py took 0.079 seconds
[2023-12-03T23:19:38.575+0000] {processor.py:157} INFO - Started process (PID=4528) to work on /home/ubuntu/redfin/lib/python3.10/site-packages/airflow/example_dags/example_setup_teardown_taskflow.py
[2023-12-03T23:19:38.577+0000] {processor.py:829} INFO - Processing file /home/ubuntu/redfin/lib/python3.10/site-packages/airflow/example_dags/example_setup_teardown_taskflow.py for tasks to queue
[2023-12-03T23:19:38.578+0000] {logging_mixin.py:154} INFO - [2023-12-03T23:19:38.577+0000] {dagbag.py:536} INFO - Filling up the DagBag from /home/ubuntu/redfin/lib/python3.10/site-packages/airflow/example_dags/example_setup_teardown_taskflow.py
[2023-12-03T23:19:38.590+0000] {processor.py:839} INFO - DAG(s) dict_keys(['example_setup_teardown_taskflow']) retrieved from /home/ubuntu/redfin/lib/python3.10/site-packages/airflow/example_dags/example_setup_teardown_taskflow.py
[2023-12-03T23:19:38.610+0000] {logging_mixin.py:154} INFO - [2023-12-03T23:19:38.610+0000] {dag.py:2941} INFO - Sync 1 DAGs
[2023-12-03T23:19:38.633+0000] {logging_mixin.py:154} INFO - [2023-12-03T23:19:38.633+0000] {dag.py:3722} INFO - Setting next_dagrun for example_setup_teardown_taskflow to 2023-12-02T23:19:38.632861+00:00, run_after=2023-12-03T23:19:38.632861+00:00
[2023-12-03T23:19:38.656+0000] {processor.py:179} INFO - Processing /home/ubuntu/redfin/lib/python3.10/site-packages/airflow/example_dags/example_setup_teardown_taskflow.py took 0.085 seconds
[2023-12-03T23:20:22.814+0000] {processor.py:157} INFO - Started process (PID=4577) to work on /home/ubuntu/redfin/lib/python3.10/site-packages/airflow/example_dags/example_setup_teardown_taskflow.py
[2023-12-03T23:20:22.816+0000] {processor.py:829} INFO - Processing file /home/ubuntu/redfin/lib/python3.10/site-packages/airflow/example_dags/example_setup_teardown_taskflow.py for tasks to queue
[2023-12-03T23:20:22.817+0000] {logging_mixin.py:154} INFO - [2023-12-03T23:20:22.816+0000] {dagbag.py:536} INFO - Filling up the DagBag from /home/ubuntu/redfin/lib/python3.10/site-packages/airflow/example_dags/example_setup_teardown_taskflow.py
[2023-12-03T23:20:22.828+0000] {processor.py:839} INFO - DAG(s) dict_keys(['example_setup_teardown_taskflow']) retrieved from /home/ubuntu/redfin/lib/python3.10/site-packages/airflow/example_dags/example_setup_teardown_taskflow.py
[2023-12-03T23:20:22.847+0000] {logging_mixin.py:154} INFO - [2023-12-03T23:20:22.847+0000] {dag.py:2941} INFO - Sync 1 DAGs
[2023-12-03T23:20:22.868+0000] {logging_mixin.py:154} INFO - [2023-12-03T23:20:22.868+0000] {dag.py:3722} INFO - Setting next_dagrun for example_setup_teardown_taskflow to 2023-12-02T23:20:22.868156+00:00, run_after=2023-12-03T23:20:22.868156+00:00
[2023-12-03T23:20:22.891+0000] {processor.py:179} INFO - Processing /home/ubuntu/redfin/lib/python3.10/site-packages/airflow/example_dags/example_setup_teardown_taskflow.py took 0.080 seconds
[2023-12-03T23:21:06.519+0000] {processor.py:157} INFO - Started process (PID=4624) to work on /home/ubuntu/redfin/lib/python3.10/site-packages/airflow/example_dags/example_setup_teardown_taskflow.py
[2023-12-03T23:21:06.520+0000] {processor.py:829} INFO - Processing file /home/ubuntu/redfin/lib/python3.10/site-packages/airflow/example_dags/example_setup_teardown_taskflow.py for tasks to queue
[2023-12-03T23:21:06.521+0000] {logging_mixin.py:154} INFO - [2023-12-03T23:21:06.521+0000] {dagbag.py:536} INFO - Filling up the DagBag from /home/ubuntu/redfin/lib/python3.10/site-packages/airflow/example_dags/example_setup_teardown_taskflow.py
[2023-12-03T23:21:06.532+0000] {processor.py:839} INFO - DAG(s) dict_keys(['example_setup_teardown_taskflow']) retrieved from /home/ubuntu/redfin/lib/python3.10/site-packages/airflow/example_dags/example_setup_teardown_taskflow.py
[2023-12-03T23:21:06.552+0000] {logging_mixin.py:154} INFO - [2023-12-03T23:21:06.551+0000] {dag.py:2941} INFO - Sync 1 DAGs
[2023-12-03T23:21:06.573+0000] {logging_mixin.py:154} INFO - [2023-12-03T23:21:06.573+0000] {dag.py:3722} INFO - Setting next_dagrun for example_setup_teardown_taskflow to 2023-12-02T23:21:06.572768+00:00, run_after=2023-12-03T23:21:06.572768+00:00
[2023-12-03T23:21:06.596+0000] {processor.py:179} INFO - Processing /home/ubuntu/redfin/lib/python3.10/site-packages/airflow/example_dags/example_setup_teardown_taskflow.py took 0.080 seconds
[2023-12-03T23:21:56.055+0000] {processor.py:157} INFO - Started process (PID=4679) to work on /home/ubuntu/redfin/lib/python3.10/site-packages/airflow/example_dags/example_setup_teardown_taskflow.py
[2023-12-03T23:21:56.056+0000] {processor.py:829} INFO - Processing file /home/ubuntu/redfin/lib/python3.10/site-packages/airflow/example_dags/example_setup_teardown_taskflow.py for tasks to queue
[2023-12-03T23:21:56.057+0000] {logging_mixin.py:154} INFO - [2023-12-03T23:21:56.057+0000] {dagbag.py:536} INFO - Filling up the DagBag from /home/ubuntu/redfin/lib/python3.10/site-packages/airflow/example_dags/example_setup_teardown_taskflow.py
[2023-12-03T23:21:56.069+0000] {processor.py:839} INFO - DAG(s) dict_keys(['example_setup_teardown_taskflow']) retrieved from /home/ubuntu/redfin/lib/python3.10/site-packages/airflow/example_dags/example_setup_teardown_taskflow.py
[2023-12-03T23:21:56.088+0000] {logging_mixin.py:154} INFO - [2023-12-03T23:21:56.088+0000] {dag.py:2941} INFO - Sync 1 DAGs
[2023-12-03T23:21:56.110+0000] {logging_mixin.py:154} INFO - [2023-12-03T23:21:56.110+0000] {dag.py:3722} INFO - Setting next_dagrun for example_setup_teardown_taskflow to 2023-12-02T23:21:56.110045+00:00, run_after=2023-12-03T23:21:56.110045+00:00
[2023-12-03T23:21:56.138+0000] {processor.py:179} INFO - Processing /home/ubuntu/redfin/lib/python3.10/site-packages/airflow/example_dags/example_setup_teardown_taskflow.py took 0.087 seconds
[2023-12-03T23:22:43.947+0000] {processor.py:157} INFO - Started process (PID=4732) to work on /home/ubuntu/redfin/lib/python3.10/site-packages/airflow/example_dags/example_setup_teardown_taskflow.py
[2023-12-03T23:22:43.949+0000] {processor.py:829} INFO - Processing file /home/ubuntu/redfin/lib/python3.10/site-packages/airflow/example_dags/example_setup_teardown_taskflow.py for tasks to queue
[2023-12-03T23:22:43.950+0000] {logging_mixin.py:154} INFO - [2023-12-03T23:22:43.949+0000] {dagbag.py:536} INFO - Filling up the DagBag from /home/ubuntu/redfin/lib/python3.10/site-packages/airflow/example_dags/example_setup_teardown_taskflow.py
[2023-12-03T23:22:43.962+0000] {processor.py:839} INFO - DAG(s) dict_keys(['example_setup_teardown_taskflow']) retrieved from /home/ubuntu/redfin/lib/python3.10/site-packages/airflow/example_dags/example_setup_teardown_taskflow.py
[2023-12-03T23:22:43.981+0000] {logging_mixin.py:154} INFO - [2023-12-03T23:22:43.981+0000] {dag.py:2941} INFO - Sync 1 DAGs
[2023-12-03T23:22:44.004+0000] {logging_mixin.py:154} INFO - [2023-12-03T23:22:44.004+0000] {dag.py:3722} INFO - Setting next_dagrun for example_setup_teardown_taskflow to 2023-12-02T23:22:44.003701+00:00, run_after=2023-12-03T23:22:44.003701+00:00
[2023-12-03T23:22:44.026+0000] {processor.py:179} INFO - Processing /home/ubuntu/redfin/lib/python3.10/site-packages/airflow/example_dags/example_setup_teardown_taskflow.py took 0.083 seconds
[2023-12-03T23:23:29.820+0000] {processor.py:157} INFO - Started process (PID=4782) to work on /home/ubuntu/redfin/lib/python3.10/site-packages/airflow/example_dags/example_setup_teardown_taskflow.py
[2023-12-03T23:23:29.821+0000] {processor.py:829} INFO - Processing file /home/ubuntu/redfin/lib/python3.10/site-packages/airflow/example_dags/example_setup_teardown_taskflow.py for tasks to queue
[2023-12-03T23:23:29.822+0000] {logging_mixin.py:154} INFO - [2023-12-03T23:23:29.822+0000] {dagbag.py:536} INFO - Filling up the DagBag from /home/ubuntu/redfin/lib/python3.10/site-packages/airflow/example_dags/example_setup_teardown_taskflow.py
[2023-12-03T23:23:29.833+0000] {processor.py:839} INFO - DAG(s) dict_keys(['example_setup_teardown_taskflow']) retrieved from /home/ubuntu/redfin/lib/python3.10/site-packages/airflow/example_dags/example_setup_teardown_taskflow.py
[2023-12-03T23:23:29.851+0000] {logging_mixin.py:154} INFO - [2023-12-03T23:23:29.851+0000] {dag.py:2941} INFO - Sync 1 DAGs
[2023-12-03T23:23:29.871+0000] {logging_mixin.py:154} INFO - [2023-12-03T23:23:29.871+0000] {dag.py:3722} INFO - Setting next_dagrun for example_setup_teardown_taskflow to 2023-12-02T23:23:29.871561+00:00, run_after=2023-12-03T23:23:29.871561+00:00
[2023-12-03T23:23:29.894+0000] {processor.py:179} INFO - Processing /home/ubuntu/redfin/lib/python3.10/site-packages/airflow/example_dags/example_setup_teardown_taskflow.py took 0.078 seconds
[2023-12-03T23:24:17.798+0000] {processor.py:157} INFO - Started process (PID=4836) to work on /home/ubuntu/redfin/lib/python3.10/site-packages/airflow/example_dags/example_setup_teardown_taskflow.py
[2023-12-03T23:24:17.800+0000] {processor.py:829} INFO - Processing file /home/ubuntu/redfin/lib/python3.10/site-packages/airflow/example_dags/example_setup_teardown_taskflow.py for tasks to queue
[2023-12-03T23:24:17.801+0000] {logging_mixin.py:154} INFO - [2023-12-03T23:24:17.800+0000] {dagbag.py:536} INFO - Filling up the DagBag from /home/ubuntu/redfin/lib/python3.10/site-packages/airflow/example_dags/example_setup_teardown_taskflow.py
[2023-12-03T23:24:17.813+0000] {processor.py:839} INFO - DAG(s) dict_keys(['example_setup_teardown_taskflow']) retrieved from /home/ubuntu/redfin/lib/python3.10/site-packages/airflow/example_dags/example_setup_teardown_taskflow.py
[2023-12-03T23:24:17.832+0000] {logging_mixin.py:154} INFO - [2023-12-03T23:24:17.832+0000] {dag.py:2941} INFO - Sync 1 DAGs
[2023-12-03T23:24:17.854+0000] {logging_mixin.py:154} INFO - [2023-12-03T23:24:17.854+0000] {dag.py:3722} INFO - Setting next_dagrun for example_setup_teardown_taskflow to 2023-12-02T23:24:17.853795+00:00, run_after=2023-12-03T23:24:17.853795+00:00
[2023-12-03T23:24:17.876+0000] {processor.py:179} INFO - Processing /home/ubuntu/redfin/lib/python3.10/site-packages/airflow/example_dags/example_setup_teardown_taskflow.py took 0.081 seconds
[2023-12-03T23:25:04.465+0000] {processor.py:157} INFO - Started process (PID=4886) to work on /home/ubuntu/redfin/lib/python3.10/site-packages/airflow/example_dags/example_setup_teardown_taskflow.py
[2023-12-03T23:25:04.467+0000] {processor.py:829} INFO - Processing file /home/ubuntu/redfin/lib/python3.10/site-packages/airflow/example_dags/example_setup_teardown_taskflow.py for tasks to queue
[2023-12-03T23:25:04.468+0000] {logging_mixin.py:154} INFO - [2023-12-03T23:25:04.467+0000] {dagbag.py:536} INFO - Filling up the DagBag from /home/ubuntu/redfin/lib/python3.10/site-packages/airflow/example_dags/example_setup_teardown_taskflow.py
[2023-12-03T23:25:04.479+0000] {processor.py:839} INFO - DAG(s) dict_keys(['example_setup_teardown_taskflow']) retrieved from /home/ubuntu/redfin/lib/python3.10/site-packages/airflow/example_dags/example_setup_teardown_taskflow.py
[2023-12-03T23:25:04.498+0000] {logging_mixin.py:154} INFO - [2023-12-03T23:25:04.497+0000] {dag.py:2941} INFO - Sync 1 DAGs
[2023-12-03T23:25:04.519+0000] {logging_mixin.py:154} INFO - [2023-12-03T23:25:04.518+0000] {dag.py:3722} INFO - Setting next_dagrun for example_setup_teardown_taskflow to 2023-12-02T23:25:04.518503+00:00, run_after=2023-12-03T23:25:04.518503+00:00
[2023-12-03T23:25:04.542+0000] {processor.py:179} INFO - Processing /home/ubuntu/redfin/lib/python3.10/site-packages/airflow/example_dags/example_setup_teardown_taskflow.py took 0.080 seconds
[2023-12-03T23:25:52.771+0000] {processor.py:157} INFO - Started process (PID=4941) to work on /home/ubuntu/redfin/lib/python3.10/site-packages/airflow/example_dags/example_setup_teardown_taskflow.py
[2023-12-03T23:25:52.773+0000] {processor.py:829} INFO - Processing file /home/ubuntu/redfin/lib/python3.10/site-packages/airflow/example_dags/example_setup_teardown_taskflow.py for tasks to queue
[2023-12-03T23:25:52.774+0000] {logging_mixin.py:154} INFO - [2023-12-03T23:25:52.773+0000] {dagbag.py:536} INFO - Filling up the DagBag from /home/ubuntu/redfin/lib/python3.10/site-packages/airflow/example_dags/example_setup_teardown_taskflow.py
[2023-12-03T23:25:52.785+0000] {processor.py:839} INFO - DAG(s) dict_keys(['example_setup_teardown_taskflow']) retrieved from /home/ubuntu/redfin/lib/python3.10/site-packages/airflow/example_dags/example_setup_teardown_taskflow.py
[2023-12-03T23:25:52.805+0000] {logging_mixin.py:154} INFO - [2023-12-03T23:25:52.804+0000] {dag.py:2941} INFO - Sync 1 DAGs
[2023-12-03T23:25:52.828+0000] {logging_mixin.py:154} INFO - [2023-12-03T23:25:52.827+0000] {dag.py:3722} INFO - Setting next_dagrun for example_setup_teardown_taskflow to 2023-12-02T23:25:52.827511+00:00, run_after=2023-12-03T23:25:52.827511+00:00
[2023-12-03T23:25:52.852+0000] {processor.py:179} INFO - Processing /home/ubuntu/redfin/lib/python3.10/site-packages/airflow/example_dags/example_setup_teardown_taskflow.py took 0.085 seconds
[2023-12-03T23:26:40.691+0000] {processor.py:157} INFO - Started process (PID=4993) to work on /home/ubuntu/redfin/lib/python3.10/site-packages/airflow/example_dags/example_setup_teardown_taskflow.py
[2023-12-03T23:26:40.693+0000] {processor.py:829} INFO - Processing file /home/ubuntu/redfin/lib/python3.10/site-packages/airflow/example_dags/example_setup_teardown_taskflow.py for tasks to queue
[2023-12-03T23:26:40.693+0000] {logging_mixin.py:154} INFO - [2023-12-03T23:26:40.693+0000] {dagbag.py:536} INFO - Filling up the DagBag from /home/ubuntu/redfin/lib/python3.10/site-packages/airflow/example_dags/example_setup_teardown_taskflow.py
[2023-12-03T23:26:40.705+0000] {processor.py:839} INFO - DAG(s) dict_keys(['example_setup_teardown_taskflow']) retrieved from /home/ubuntu/redfin/lib/python3.10/site-packages/airflow/example_dags/example_setup_teardown_taskflow.py
[2023-12-03T23:26:40.723+0000] {logging_mixin.py:154} INFO - [2023-12-03T23:26:40.723+0000] {dag.py:2941} INFO - Sync 1 DAGs
[2023-12-03T23:26:40.745+0000] {logging_mixin.py:154} INFO - [2023-12-03T23:26:40.745+0000] {dag.py:3722} INFO - Setting next_dagrun for example_setup_teardown_taskflow to 2023-12-02T23:26:40.745017+00:00, run_after=2023-12-03T23:26:40.745017+00:00
[2023-12-03T23:26:40.771+0000] {processor.py:179} INFO - Processing /home/ubuntu/redfin/lib/python3.10/site-packages/airflow/example_dags/example_setup_teardown_taskflow.py took 0.084 seconds
[2023-12-03T23:27:24.178+0000] {processor.py:157} INFO - Started process (PID=5042) to work on /home/ubuntu/redfin/lib/python3.10/site-packages/airflow/example_dags/example_setup_teardown_taskflow.py
[2023-12-03T23:27:24.180+0000] {processor.py:829} INFO - Processing file /home/ubuntu/redfin/lib/python3.10/site-packages/airflow/example_dags/example_setup_teardown_taskflow.py for tasks to queue
[2023-12-03T23:27:24.181+0000] {logging_mixin.py:154} INFO - [2023-12-03T23:27:24.180+0000] {dagbag.py:536} INFO - Filling up the DagBag from /home/ubuntu/redfin/lib/python3.10/site-packages/airflow/example_dags/example_setup_teardown_taskflow.py
[2023-12-03T23:27:24.192+0000] {processor.py:839} INFO - DAG(s) dict_keys(['example_setup_teardown_taskflow']) retrieved from /home/ubuntu/redfin/lib/python3.10/site-packages/airflow/example_dags/example_setup_teardown_taskflow.py
[2023-12-03T23:27:24.212+0000] {logging_mixin.py:154} INFO - [2023-12-03T23:27:24.212+0000] {dag.py:2941} INFO - Sync 1 DAGs
[2023-12-03T23:27:24.234+0000] {logging_mixin.py:154} INFO - [2023-12-03T23:27:24.234+0000] {dag.py:3722} INFO - Setting next_dagrun for example_setup_teardown_taskflow to 2023-12-02T23:27:24.233746+00:00, run_after=2023-12-03T23:27:24.233746+00:00
[2023-12-03T23:27:24.258+0000] {processor.py:179} INFO - Processing /home/ubuntu/redfin/lib/python3.10/site-packages/airflow/example_dags/example_setup_teardown_taskflow.py took 0.083 seconds
[2023-12-03T23:28:05.704+0000] {processor.py:157} INFO - Started process (PID=5089) to work on /home/ubuntu/redfin/lib/python3.10/site-packages/airflow/example_dags/example_setup_teardown_taskflow.py
[2023-12-03T23:28:05.705+0000] {processor.py:829} INFO - Processing file /home/ubuntu/redfin/lib/python3.10/site-packages/airflow/example_dags/example_setup_teardown_taskflow.py for tasks to queue
[2023-12-03T23:28:05.706+0000] {logging_mixin.py:154} INFO - [2023-12-03T23:28:05.706+0000] {dagbag.py:536} INFO - Filling up the DagBag from /home/ubuntu/redfin/lib/python3.10/site-packages/airflow/example_dags/example_setup_teardown_taskflow.py
[2023-12-03T23:28:05.717+0000] {processor.py:839} INFO - DAG(s) dict_keys(['example_setup_teardown_taskflow']) retrieved from /home/ubuntu/redfin/lib/python3.10/site-packages/airflow/example_dags/example_setup_teardown_taskflow.py
[2023-12-03T23:28:05.737+0000] {logging_mixin.py:154} INFO - [2023-12-03T23:28:05.736+0000] {dag.py:2941} INFO - Sync 1 DAGs
[2023-12-03T23:28:05.759+0000] {logging_mixin.py:154} INFO - [2023-12-03T23:28:05.758+0000] {dag.py:3722} INFO - Setting next_dagrun for example_setup_teardown_taskflow to 2023-12-02T23:28:05.758545+00:00, run_after=2023-12-03T23:28:05.758545+00:00
[2023-12-03T23:28:05.785+0000] {processor.py:179} INFO - Processing /home/ubuntu/redfin/lib/python3.10/site-packages/airflow/example_dags/example_setup_teardown_taskflow.py took 0.085 seconds
[2023-12-03T23:28:55.408+0000] {processor.py:157} INFO - Started process (PID=5140) to work on /home/ubuntu/redfin/lib/python3.10/site-packages/airflow/example_dags/example_setup_teardown_taskflow.py
[2023-12-03T23:28:55.410+0000] {processor.py:829} INFO - Processing file /home/ubuntu/redfin/lib/python3.10/site-packages/airflow/example_dags/example_setup_teardown_taskflow.py for tasks to queue
[2023-12-03T23:28:55.411+0000] {logging_mixin.py:154} INFO - [2023-12-03T23:28:55.411+0000] {dagbag.py:536} INFO - Filling up the DagBag from /home/ubuntu/redfin/lib/python3.10/site-packages/airflow/example_dags/example_setup_teardown_taskflow.py
[2023-12-03T23:28:55.423+0000] {processor.py:839} INFO - DAG(s) dict_keys(['example_setup_teardown_taskflow']) retrieved from /home/ubuntu/redfin/lib/python3.10/site-packages/airflow/example_dags/example_setup_teardown_taskflow.py
[2023-12-03T23:28:55.441+0000] {logging_mixin.py:154} INFO - [2023-12-03T23:28:55.441+0000] {dag.py:2941} INFO - Sync 1 DAGs
[2023-12-03T23:28:55.462+0000] {logging_mixin.py:154} INFO - [2023-12-03T23:28:55.462+0000] {dag.py:3722} INFO - Setting next_dagrun for example_setup_teardown_taskflow to 2023-12-02T23:28:55.461946+00:00, run_after=2023-12-03T23:28:55.461946+00:00
[2023-12-03T23:28:55.484+0000] {processor.py:179} INFO - Processing /home/ubuntu/redfin/lib/python3.10/site-packages/airflow/example_dags/example_setup_teardown_taskflow.py took 0.080 seconds
[2023-12-03T23:29:43.267+0000] {processor.py:157} INFO - Started process (PID=5193) to work on /home/ubuntu/redfin/lib/python3.10/site-packages/airflow/example_dags/example_setup_teardown_taskflow.py
[2023-12-03T23:29:43.269+0000] {processor.py:829} INFO - Processing file /home/ubuntu/redfin/lib/python3.10/site-packages/airflow/example_dags/example_setup_teardown_taskflow.py for tasks to queue
[2023-12-03T23:29:43.269+0000] {logging_mixin.py:154} INFO - [2023-12-03T23:29:43.269+0000] {dagbag.py:536} INFO - Filling up the DagBag from /home/ubuntu/redfin/lib/python3.10/site-packages/airflow/example_dags/example_setup_teardown_taskflow.py
[2023-12-03T23:29:43.281+0000] {processor.py:839} INFO - DAG(s) dict_keys(['example_setup_teardown_taskflow']) retrieved from /home/ubuntu/redfin/lib/python3.10/site-packages/airflow/example_dags/example_setup_teardown_taskflow.py
[2023-12-03T23:29:43.300+0000] {logging_mixin.py:154} INFO - [2023-12-03T23:29:43.300+0000] {dag.py:2941} INFO - Sync 1 DAGs
[2023-12-03T23:29:43.321+0000] {logging_mixin.py:154} INFO - [2023-12-03T23:29:43.321+0000] {dag.py:3722} INFO - Setting next_dagrun for example_setup_teardown_taskflow to 2023-12-02T23:29:43.320790+00:00, run_after=2023-12-03T23:29:43.320790+00:00
[2023-12-03T23:29:43.345+0000] {processor.py:179} INFO - Processing /home/ubuntu/redfin/lib/python3.10/site-packages/airflow/example_dags/example_setup_teardown_taskflow.py took 0.081 seconds
[2023-12-03T23:30:31.138+0000] {processor.py:157} INFO - Started process (PID=5247) to work on /home/ubuntu/redfin/lib/python3.10/site-packages/airflow/example_dags/example_setup_teardown_taskflow.py
[2023-12-03T23:30:31.139+0000] {processor.py:829} INFO - Processing file /home/ubuntu/redfin/lib/python3.10/site-packages/airflow/example_dags/example_setup_teardown_taskflow.py for tasks to queue
[2023-12-03T23:30:31.140+0000] {logging_mixin.py:154} INFO - [2023-12-03T23:30:31.140+0000] {dagbag.py:536} INFO - Filling up the DagBag from /home/ubuntu/redfin/lib/python3.10/site-packages/airflow/example_dags/example_setup_teardown_taskflow.py
[2023-12-03T23:30:31.154+0000] {processor.py:839} INFO - DAG(s) dict_keys(['example_setup_teardown_taskflow']) retrieved from /home/ubuntu/redfin/lib/python3.10/site-packages/airflow/example_dags/example_setup_teardown_taskflow.py
[2023-12-03T23:30:31.175+0000] {logging_mixin.py:154} INFO - [2023-12-03T23:30:31.174+0000] {dag.py:2941} INFO - Sync 1 DAGs
[2023-12-03T23:30:31.198+0000] {logging_mixin.py:154} INFO - [2023-12-03T23:30:31.198+0000] {dag.py:3722} INFO - Setting next_dagrun for example_setup_teardown_taskflow to 2023-12-02T23:30:31.197779+00:00, run_after=2023-12-03T23:30:31.197779+00:00
[2023-12-03T23:30:31.223+0000] {processor.py:179} INFO - Processing /home/ubuntu/redfin/lib/python3.10/site-packages/airflow/example_dags/example_setup_teardown_taskflow.py took 0.089 seconds
[2023-12-03T23:31:16.370+0000] {processor.py:157} INFO - Started process (PID=5296) to work on /home/ubuntu/redfin/lib/python3.10/site-packages/airflow/example_dags/example_setup_teardown_taskflow.py
[2023-12-03T23:31:16.372+0000] {processor.py:829} INFO - Processing file /home/ubuntu/redfin/lib/python3.10/site-packages/airflow/example_dags/example_setup_teardown_taskflow.py for tasks to queue
[2023-12-03T23:31:16.373+0000] {logging_mixin.py:154} INFO - [2023-12-03T23:31:16.373+0000] {dagbag.py:536} INFO - Filling up the DagBag from /home/ubuntu/redfin/lib/python3.10/site-packages/airflow/example_dags/example_setup_teardown_taskflow.py
[2023-12-03T23:31:16.385+0000] {processor.py:839} INFO - DAG(s) dict_keys(['example_setup_teardown_taskflow']) retrieved from /home/ubuntu/redfin/lib/python3.10/site-packages/airflow/example_dags/example_setup_teardown_taskflow.py
[2023-12-03T23:31:16.404+0000] {logging_mixin.py:154} INFO - [2023-12-03T23:31:16.404+0000] {dag.py:2941} INFO - Sync 1 DAGs
[2023-12-03T23:31:16.426+0000] {logging_mixin.py:154} INFO - [2023-12-03T23:31:16.426+0000] {dag.py:3722} INFO - Setting next_dagrun for example_setup_teardown_taskflow to 2023-12-02T23:31:16.426367+00:00, run_after=2023-12-03T23:31:16.426367+00:00
[2023-12-03T23:31:16.450+0000] {processor.py:179} INFO - Processing /home/ubuntu/redfin/lib/python3.10/site-packages/airflow/example_dags/example_setup_teardown_taskflow.py took 0.084 seconds
[2023-12-03T23:32:04.576+0000] {processor.py:157} INFO - Started process (PID=5348) to work on /home/ubuntu/redfin/lib/python3.10/site-packages/airflow/example_dags/example_setup_teardown_taskflow.py
[2023-12-03T23:32:04.577+0000] {processor.py:829} INFO - Processing file /home/ubuntu/redfin/lib/python3.10/site-packages/airflow/example_dags/example_setup_teardown_taskflow.py for tasks to queue
[2023-12-03T23:32:04.578+0000] {logging_mixin.py:154} INFO - [2023-12-03T23:32:04.578+0000] {dagbag.py:536} INFO - Filling up the DagBag from /home/ubuntu/redfin/lib/python3.10/site-packages/airflow/example_dags/example_setup_teardown_taskflow.py
[2023-12-03T23:32:04.590+0000] {processor.py:839} INFO - DAG(s) dict_keys(['example_setup_teardown_taskflow']) retrieved from /home/ubuntu/redfin/lib/python3.10/site-packages/airflow/example_dags/example_setup_teardown_taskflow.py
[2023-12-03T23:32:04.610+0000] {logging_mixin.py:154} INFO - [2023-12-03T23:32:04.610+0000] {dag.py:2941} INFO - Sync 1 DAGs
[2023-12-03T23:32:04.632+0000] {logging_mixin.py:154} INFO - [2023-12-03T23:32:04.632+0000] {dag.py:3722} INFO - Setting next_dagrun for example_setup_teardown_taskflow to 2023-12-02T23:32:04.631977+00:00, run_after=2023-12-03T23:32:04.631977+00:00
[2023-12-03T23:32:04.655+0000] {processor.py:179} INFO - Processing /home/ubuntu/redfin/lib/python3.10/site-packages/airflow/example_dags/example_setup_teardown_taskflow.py took 0.083 seconds
[2023-12-03T23:32:48.181+0000] {processor.py:157} INFO - Started process (PID=5397) to work on /home/ubuntu/redfin/lib/python3.10/site-packages/airflow/example_dags/example_setup_teardown_taskflow.py
[2023-12-03T23:32:48.183+0000] {processor.py:829} INFO - Processing file /home/ubuntu/redfin/lib/python3.10/site-packages/airflow/example_dags/example_setup_teardown_taskflow.py for tasks to queue
[2023-12-03T23:32:48.183+0000] {logging_mixin.py:154} INFO - [2023-12-03T23:32:48.183+0000] {dagbag.py:536} INFO - Filling up the DagBag from /home/ubuntu/redfin/lib/python3.10/site-packages/airflow/example_dags/example_setup_teardown_taskflow.py
[2023-12-03T23:32:48.195+0000] {processor.py:839} INFO - DAG(s) dict_keys(['example_setup_teardown_taskflow']) retrieved from /home/ubuntu/redfin/lib/python3.10/site-packages/airflow/example_dags/example_setup_teardown_taskflow.py
[2023-12-03T23:32:48.215+0000] {logging_mixin.py:154} INFO - [2023-12-03T23:32:48.214+0000] {dag.py:2941} INFO - Sync 1 DAGs
[2023-12-03T23:32:48.236+0000] {logging_mixin.py:154} INFO - [2023-12-03T23:32:48.235+0000] {dag.py:3722} INFO - Setting next_dagrun for example_setup_teardown_taskflow to 2023-12-02T23:32:48.235629+00:00, run_after=2023-12-03T23:32:48.235629+00:00
[2023-12-03T23:32:48.260+0000] {processor.py:179} INFO - Processing /home/ubuntu/redfin/lib/python3.10/site-packages/airflow/example_dags/example_setup_teardown_taskflow.py took 0.082 seconds
[2023-12-03T23:33:34.548+0000] {processor.py:157} INFO - Started process (PID=5446) to work on /home/ubuntu/redfin/lib/python3.10/site-packages/airflow/example_dags/example_setup_teardown_taskflow.py
[2023-12-03T23:33:34.549+0000] {processor.py:829} INFO - Processing file /home/ubuntu/redfin/lib/python3.10/site-packages/airflow/example_dags/example_setup_teardown_taskflow.py for tasks to queue
[2023-12-03T23:33:34.550+0000] {logging_mixin.py:154} INFO - [2023-12-03T23:33:34.550+0000] {dagbag.py:536} INFO - Filling up the DagBag from /home/ubuntu/redfin/lib/python3.10/site-packages/airflow/example_dags/example_setup_teardown_taskflow.py
[2023-12-03T23:33:34.561+0000] {processor.py:839} INFO - DAG(s) dict_keys(['example_setup_teardown_taskflow']) retrieved from /home/ubuntu/redfin/lib/python3.10/site-packages/airflow/example_dags/example_setup_teardown_taskflow.py
[2023-12-03T23:33:34.580+0000] {logging_mixin.py:154} INFO - [2023-12-03T23:33:34.579+0000] {dag.py:2941} INFO - Sync 1 DAGs
[2023-12-03T23:33:34.600+0000] {logging_mixin.py:154} INFO - [2023-12-03T23:33:34.600+0000] {dag.py:3722} INFO - Setting next_dagrun for example_setup_teardown_taskflow to 2023-12-02T23:33:34.599940+00:00, run_after=2023-12-03T23:33:34.599940+00:00
[2023-12-03T23:33:34.624+0000] {processor.py:179} INFO - Processing /home/ubuntu/redfin/lib/python3.10/site-packages/airflow/example_dags/example_setup_teardown_taskflow.py took 0.079 seconds
[2023-12-03T23:34:20.911+0000] {processor.py:157} INFO - Started process (PID=5499) to work on /home/ubuntu/redfin/lib/python3.10/site-packages/airflow/example_dags/example_setup_teardown_taskflow.py
[2023-12-03T23:34:20.913+0000] {processor.py:829} INFO - Processing file /home/ubuntu/redfin/lib/python3.10/site-packages/airflow/example_dags/example_setup_teardown_taskflow.py for tasks to queue
[2023-12-03T23:34:20.913+0000] {logging_mixin.py:154} INFO - [2023-12-03T23:34:20.913+0000] {dagbag.py:536} INFO - Filling up the DagBag from /home/ubuntu/redfin/lib/python3.10/site-packages/airflow/example_dags/example_setup_teardown_taskflow.py
[2023-12-03T23:34:20.926+0000] {processor.py:839} INFO - DAG(s) dict_keys(['example_setup_teardown_taskflow']) retrieved from /home/ubuntu/redfin/lib/python3.10/site-packages/airflow/example_dags/example_setup_teardown_taskflow.py
[2023-12-03T23:34:20.946+0000] {logging_mixin.py:154} INFO - [2023-12-03T23:34:20.946+0000] {dag.py:2941} INFO - Sync 1 DAGs
[2023-12-03T23:34:20.969+0000] {logging_mixin.py:154} INFO - [2023-12-03T23:34:20.969+0000] {dag.py:3722} INFO - Setting next_dagrun for example_setup_teardown_taskflow to 2023-12-02T23:34:20.968898+00:00, run_after=2023-12-03T23:34:20.968898+00:00
[2023-12-03T23:34:20.992+0000] {processor.py:179} INFO - Processing /home/ubuntu/redfin/lib/python3.10/site-packages/airflow/example_dags/example_setup_teardown_taskflow.py took 0.085 seconds
[2023-12-03T23:35:09.457+0000] {processor.py:157} INFO - Started process (PID=5551) to work on /home/ubuntu/redfin/lib/python3.10/site-packages/airflow/example_dags/example_setup_teardown_taskflow.py
[2023-12-03T23:35:09.459+0000] {processor.py:829} INFO - Processing file /home/ubuntu/redfin/lib/python3.10/site-packages/airflow/example_dags/example_setup_teardown_taskflow.py for tasks to queue
[2023-12-03T23:35:09.460+0000] {logging_mixin.py:154} INFO - [2023-12-03T23:35:09.459+0000] {dagbag.py:536} INFO - Filling up the DagBag from /home/ubuntu/redfin/lib/python3.10/site-packages/airflow/example_dags/example_setup_teardown_taskflow.py
[2023-12-03T23:35:09.472+0000] {processor.py:839} INFO - DAG(s) dict_keys(['example_setup_teardown_taskflow']) retrieved from /home/ubuntu/redfin/lib/python3.10/site-packages/airflow/example_dags/example_setup_teardown_taskflow.py
[2023-12-03T23:35:09.492+0000] {logging_mixin.py:154} INFO - [2023-12-03T23:35:09.492+0000] {dag.py:2941} INFO - Sync 1 DAGs
[2023-12-03T23:35:09.516+0000] {logging_mixin.py:154} INFO - [2023-12-03T23:35:09.516+0000] {dag.py:3722} INFO - Setting next_dagrun for example_setup_teardown_taskflow to 2023-12-02T23:35:09.515696+00:00, run_after=2023-12-03T23:35:09.515696+00:00
[2023-12-03T23:35:09.542+0000] {processor.py:179} INFO - Processing /home/ubuntu/redfin/lib/python3.10/site-packages/airflow/example_dags/example_setup_teardown_taskflow.py took 0.089 seconds
[2023-12-03T23:35:58.269+0000] {processor.py:157} INFO - Started process (PID=5606) to work on /home/ubuntu/redfin/lib/python3.10/site-packages/airflow/example_dags/example_setup_teardown_taskflow.py
[2023-12-03T23:35:58.271+0000] {processor.py:829} INFO - Processing file /home/ubuntu/redfin/lib/python3.10/site-packages/airflow/example_dags/example_setup_teardown_taskflow.py for tasks to queue
[2023-12-03T23:35:58.272+0000] {logging_mixin.py:154} INFO - [2023-12-03T23:35:58.271+0000] {dagbag.py:536} INFO - Filling up the DagBag from /home/ubuntu/redfin/lib/python3.10/site-packages/airflow/example_dags/example_setup_teardown_taskflow.py
[2023-12-03T23:35:58.283+0000] {processor.py:839} INFO - DAG(s) dict_keys(['example_setup_teardown_taskflow']) retrieved from /home/ubuntu/redfin/lib/python3.10/site-packages/airflow/example_dags/example_setup_teardown_taskflow.py
[2023-12-03T23:35:58.303+0000] {logging_mixin.py:154} INFO - [2023-12-03T23:35:58.303+0000] {dag.py:2941} INFO - Sync 1 DAGs
[2023-12-03T23:35:58.326+0000] {logging_mixin.py:154} INFO - [2023-12-03T23:35:58.325+0000] {dag.py:3722} INFO - Setting next_dagrun for example_setup_teardown_taskflow to 2023-12-02T23:35:58.325411+00:00, run_after=2023-12-03T23:35:58.325411+00:00
[2023-12-03T23:35:58.349+0000] {processor.py:179} INFO - Processing /home/ubuntu/redfin/lib/python3.10/site-packages/airflow/example_dags/example_setup_teardown_taskflow.py took 0.083 seconds
[2023-12-03T23:36:49.660+0000] {processor.py:157} INFO - Started process (PID=5660) to work on /home/ubuntu/redfin/lib/python3.10/site-packages/airflow/example_dags/example_setup_teardown_taskflow.py
[2023-12-03T23:36:49.661+0000] {processor.py:829} INFO - Processing file /home/ubuntu/redfin/lib/python3.10/site-packages/airflow/example_dags/example_setup_teardown_taskflow.py for tasks to queue
[2023-12-03T23:36:49.662+0000] {logging_mixin.py:154} INFO - [2023-12-03T23:36:49.661+0000] {dagbag.py:536} INFO - Filling up the DagBag from /home/ubuntu/redfin/lib/python3.10/site-packages/airflow/example_dags/example_setup_teardown_taskflow.py
[2023-12-03T23:36:49.673+0000] {processor.py:839} INFO - DAG(s) dict_keys(['example_setup_teardown_taskflow']) retrieved from /home/ubuntu/redfin/lib/python3.10/site-packages/airflow/example_dags/example_setup_teardown_taskflow.py
[2023-12-03T23:36:49.692+0000] {logging_mixin.py:154} INFO - [2023-12-03T23:36:49.692+0000] {dag.py:2941} INFO - Sync 1 DAGs
[2023-12-03T23:36:49.713+0000] {logging_mixin.py:154} INFO - [2023-12-03T23:36:49.713+0000] {dag.py:3722} INFO - Setting next_dagrun for example_setup_teardown_taskflow to 2023-12-02T23:36:49.713494+00:00, run_after=2023-12-03T23:36:49.713494+00:00
[2023-12-03T23:36:49.736+0000] {processor.py:179} INFO - Processing /home/ubuntu/redfin/lib/python3.10/site-packages/airflow/example_dags/example_setup_teardown_taskflow.py took 0.080 seconds
[2023-12-03T23:37:37.614+0000] {processor.py:157} INFO - Started process (PID=5714) to work on /home/ubuntu/redfin/lib/python3.10/site-packages/airflow/example_dags/example_setup_teardown_taskflow.py
[2023-12-03T23:37:37.616+0000] {processor.py:829} INFO - Processing file /home/ubuntu/redfin/lib/python3.10/site-packages/airflow/example_dags/example_setup_teardown_taskflow.py for tasks to queue
[2023-12-03T23:37:37.617+0000] {logging_mixin.py:154} INFO - [2023-12-03T23:37:37.616+0000] {dagbag.py:536} INFO - Filling up the DagBag from /home/ubuntu/redfin/lib/python3.10/site-packages/airflow/example_dags/example_setup_teardown_taskflow.py
[2023-12-03T23:37:37.628+0000] {processor.py:839} INFO - DAG(s) dict_keys(['example_setup_teardown_taskflow']) retrieved from /home/ubuntu/redfin/lib/python3.10/site-packages/airflow/example_dags/example_setup_teardown_taskflow.py
[2023-12-03T23:37:37.647+0000] {logging_mixin.py:154} INFO - [2023-12-03T23:37:37.647+0000] {dag.py:2941} INFO - Sync 1 DAGs
[2023-12-03T23:37:37.667+0000] {logging_mixin.py:154} INFO - [2023-12-03T23:37:37.667+0000] {dag.py:3722} INFO - Setting next_dagrun for example_setup_teardown_taskflow to 2023-12-02T23:37:37.667383+00:00, run_after=2023-12-03T23:37:37.667383+00:00
[2023-12-03T23:37:37.691+0000] {processor.py:179} INFO - Processing /home/ubuntu/redfin/lib/python3.10/site-packages/airflow/example_dags/example_setup_teardown_taskflow.py took 0.080 seconds
[2023-12-03T23:38:22.190+0000] {processor.py:157} INFO - Started process (PID=5763) to work on /home/ubuntu/redfin/lib/python3.10/site-packages/airflow/example_dags/example_setup_teardown_taskflow.py
[2023-12-03T23:38:22.191+0000] {processor.py:829} INFO - Processing file /home/ubuntu/redfin/lib/python3.10/site-packages/airflow/example_dags/example_setup_teardown_taskflow.py for tasks to queue
[2023-12-03T23:38:22.192+0000] {logging_mixin.py:154} INFO - [2023-12-03T23:38:22.192+0000] {dagbag.py:536} INFO - Filling up the DagBag from /home/ubuntu/redfin/lib/python3.10/site-packages/airflow/example_dags/example_setup_teardown_taskflow.py
[2023-12-03T23:38:22.204+0000] {processor.py:839} INFO - DAG(s) dict_keys(['example_setup_teardown_taskflow']) retrieved from /home/ubuntu/redfin/lib/python3.10/site-packages/airflow/example_dags/example_setup_teardown_taskflow.py
[2023-12-03T23:38:22.223+0000] {logging_mixin.py:154} INFO - [2023-12-03T23:38:22.223+0000] {dag.py:2941} INFO - Sync 1 DAGs
[2023-12-03T23:38:22.245+0000] {logging_mixin.py:154} INFO - [2023-12-03T23:38:22.245+0000] {dag.py:3722} INFO - Setting next_dagrun for example_setup_teardown_taskflow to 2023-12-02T23:38:22.245108+00:00, run_after=2023-12-03T23:38:22.245108+00:00
[2023-12-03T23:38:22.269+0000] {processor.py:179} INFO - Processing /home/ubuntu/redfin/lib/python3.10/site-packages/airflow/example_dags/example_setup_teardown_taskflow.py took 0.083 seconds
[2023-12-03T23:39:09.653+0000] {processor.py:157} INFO - Started process (PID=5814) to work on /home/ubuntu/redfin/lib/python3.10/site-packages/airflow/example_dags/example_setup_teardown_taskflow.py
[2023-12-03T23:39:09.655+0000] {processor.py:829} INFO - Processing file /home/ubuntu/redfin/lib/python3.10/site-packages/airflow/example_dags/example_setup_teardown_taskflow.py for tasks to queue
[2023-12-03T23:39:09.656+0000] {logging_mixin.py:154} INFO - [2023-12-03T23:39:09.655+0000] {dagbag.py:536} INFO - Filling up the DagBag from /home/ubuntu/redfin/lib/python3.10/site-packages/airflow/example_dags/example_setup_teardown_taskflow.py
[2023-12-03T23:39:09.667+0000] {processor.py:839} INFO - DAG(s) dict_keys(['example_setup_teardown_taskflow']) retrieved from /home/ubuntu/redfin/lib/python3.10/site-packages/airflow/example_dags/example_setup_teardown_taskflow.py
[2023-12-03T23:39:09.686+0000] {logging_mixin.py:154} INFO - [2023-12-03T23:39:09.686+0000] {dag.py:2941} INFO - Sync 1 DAGs
[2023-12-03T23:39:09.707+0000] {logging_mixin.py:154} INFO - [2023-12-03T23:39:09.707+0000] {dag.py:3722} INFO - Setting next_dagrun for example_setup_teardown_taskflow to 2023-12-02T23:39:09.707172+00:00, run_after=2023-12-03T23:39:09.707172+00:00
[2023-12-03T23:39:09.731+0000] {processor.py:179} INFO - Processing /home/ubuntu/redfin/lib/python3.10/site-packages/airflow/example_dags/example_setup_teardown_taskflow.py took 0.082 seconds
[2023-12-03T23:39:55.650+0000] {processor.py:157} INFO - Started process (PID=5864) to work on /home/ubuntu/redfin/lib/python3.10/site-packages/airflow/example_dags/example_setup_teardown_taskflow.py
[2023-12-03T23:39:55.651+0000] {processor.py:829} INFO - Processing file /home/ubuntu/redfin/lib/python3.10/site-packages/airflow/example_dags/example_setup_teardown_taskflow.py for tasks to queue
[2023-12-03T23:39:55.652+0000] {logging_mixin.py:154} INFO - [2023-12-03T23:39:55.652+0000] {dagbag.py:536} INFO - Filling up the DagBag from /home/ubuntu/redfin/lib/python3.10/site-packages/airflow/example_dags/example_setup_teardown_taskflow.py
[2023-12-03T23:39:55.664+0000] {processor.py:839} INFO - DAG(s) dict_keys(['example_setup_teardown_taskflow']) retrieved from /home/ubuntu/redfin/lib/python3.10/site-packages/airflow/example_dags/example_setup_teardown_taskflow.py
[2023-12-03T23:39:55.683+0000] {logging_mixin.py:154} INFO - [2023-12-03T23:39:55.683+0000] {dag.py:2941} INFO - Sync 1 DAGs
[2023-12-03T23:39:55.705+0000] {logging_mixin.py:154} INFO - [2023-12-03T23:39:55.705+0000] {dag.py:3722} INFO - Setting next_dagrun for example_setup_teardown_taskflow to 2023-12-02T23:39:55.705191+00:00, run_after=2023-12-03T23:39:55.705191+00:00
[2023-12-03T23:39:55.728+0000] {processor.py:179} INFO - Processing /home/ubuntu/redfin/lib/python3.10/site-packages/airflow/example_dags/example_setup_teardown_taskflow.py took 0.082 seconds
[2023-12-03T23:40:44.023+0000] {processor.py:157} INFO - Started process (PID=5916) to work on /home/ubuntu/redfin/lib/python3.10/site-packages/airflow/example_dags/example_setup_teardown_taskflow.py
[2023-12-03T23:40:44.024+0000] {processor.py:829} INFO - Processing file /home/ubuntu/redfin/lib/python3.10/site-packages/airflow/example_dags/example_setup_teardown_taskflow.py for tasks to queue
[2023-12-03T23:40:44.025+0000] {logging_mixin.py:154} INFO - [2023-12-03T23:40:44.025+0000] {dagbag.py:536} INFO - Filling up the DagBag from /home/ubuntu/redfin/lib/python3.10/site-packages/airflow/example_dags/example_setup_teardown_taskflow.py
[2023-12-03T23:40:44.037+0000] {processor.py:839} INFO - DAG(s) dict_keys(['example_setup_teardown_taskflow']) retrieved from /home/ubuntu/redfin/lib/python3.10/site-packages/airflow/example_dags/example_setup_teardown_taskflow.py
[2023-12-03T23:40:44.057+0000] {logging_mixin.py:154} INFO - [2023-12-03T23:40:44.057+0000] {dag.py:2941} INFO - Sync 1 DAGs
[2023-12-03T23:40:44.081+0000] {logging_mixin.py:154} INFO - [2023-12-03T23:40:44.080+0000] {dag.py:3722} INFO - Setting next_dagrun for example_setup_teardown_taskflow to 2023-12-02T23:40:44.080477+00:00, run_after=2023-12-03T23:40:44.080477+00:00
[2023-12-03T23:40:44.108+0000] {processor.py:179} INFO - Processing /home/ubuntu/redfin/lib/python3.10/site-packages/airflow/example_dags/example_setup_teardown_taskflow.py took 0.088 seconds
[2023-12-03T23:41:35.464+0000] {processor.py:157} INFO - Started process (PID=5973) to work on /home/ubuntu/redfin/lib/python3.10/site-packages/airflow/example_dags/example_setup_teardown_taskflow.py
[2023-12-03T23:41:35.466+0000] {processor.py:829} INFO - Processing file /home/ubuntu/redfin/lib/python3.10/site-packages/airflow/example_dags/example_setup_teardown_taskflow.py for tasks to queue
[2023-12-03T23:41:35.467+0000] {logging_mixin.py:154} INFO - [2023-12-03T23:41:35.466+0000] {dagbag.py:536} INFO - Filling up the DagBag from /home/ubuntu/redfin/lib/python3.10/site-packages/airflow/example_dags/example_setup_teardown_taskflow.py
[2023-12-03T23:41:35.478+0000] {processor.py:839} INFO - DAG(s) dict_keys(['example_setup_teardown_taskflow']) retrieved from /home/ubuntu/redfin/lib/python3.10/site-packages/airflow/example_dags/example_setup_teardown_taskflow.py
[2023-12-03T23:41:35.497+0000] {logging_mixin.py:154} INFO - [2023-12-03T23:41:35.497+0000] {dag.py:2941} INFO - Sync 1 DAGs
[2023-12-03T23:41:35.518+0000] {logging_mixin.py:154} INFO - [2023-12-03T23:41:35.518+0000] {dag.py:3722} INFO - Setting next_dagrun for example_setup_teardown_taskflow to 2023-12-02T23:41:35.517951+00:00, run_after=2023-12-03T23:41:35.517951+00:00
[2023-12-03T23:41:35.540+0000] {processor.py:179} INFO - Processing /home/ubuntu/redfin/lib/python3.10/site-packages/airflow/example_dags/example_setup_teardown_taskflow.py took 0.079 seconds
[2023-12-03T23:42:19.834+0000] {processor.py:157} INFO - Started process (PID=6022) to work on /home/ubuntu/redfin/lib/python3.10/site-packages/airflow/example_dags/example_setup_teardown_taskflow.py
[2023-12-03T23:42:19.835+0000] {processor.py:829} INFO - Processing file /home/ubuntu/redfin/lib/python3.10/site-packages/airflow/example_dags/example_setup_teardown_taskflow.py for tasks to queue
[2023-12-03T23:42:19.836+0000] {logging_mixin.py:154} INFO - [2023-12-03T23:42:19.836+0000] {dagbag.py:536} INFO - Filling up the DagBag from /home/ubuntu/redfin/lib/python3.10/site-packages/airflow/example_dags/example_setup_teardown_taskflow.py
[2023-12-03T23:42:19.847+0000] {processor.py:839} INFO - DAG(s) dict_keys(['example_setup_teardown_taskflow']) retrieved from /home/ubuntu/redfin/lib/python3.10/site-packages/airflow/example_dags/example_setup_teardown_taskflow.py
[2023-12-03T23:42:19.866+0000] {logging_mixin.py:154} INFO - [2023-12-03T23:42:19.866+0000] {dag.py:2941} INFO - Sync 1 DAGs
[2023-12-03T23:42:19.887+0000] {logging_mixin.py:154} INFO - [2023-12-03T23:42:19.887+0000] {dag.py:3722} INFO - Setting next_dagrun for example_setup_teardown_taskflow to 2023-12-02T23:42:19.886931+00:00, run_after=2023-12-03T23:42:19.886931+00:00
[2023-12-03T23:42:19.909+0000] {processor.py:179} INFO - Processing /home/ubuntu/redfin/lib/python3.10/site-packages/airflow/example_dags/example_setup_teardown_taskflow.py took 0.079 seconds
[2023-12-03T23:43:08.112+0000] {processor.py:157} INFO - Started process (PID=6074) to work on /home/ubuntu/redfin/lib/python3.10/site-packages/airflow/example_dags/example_setup_teardown_taskflow.py
[2023-12-03T23:43:08.113+0000] {processor.py:829} INFO - Processing file /home/ubuntu/redfin/lib/python3.10/site-packages/airflow/example_dags/example_setup_teardown_taskflow.py for tasks to queue
[2023-12-03T23:43:08.114+0000] {logging_mixin.py:154} INFO - [2023-12-03T23:43:08.113+0000] {dagbag.py:536} INFO - Filling up the DagBag from /home/ubuntu/redfin/lib/python3.10/site-packages/airflow/example_dags/example_setup_teardown_taskflow.py
[2023-12-03T23:43:08.125+0000] {processor.py:839} INFO - DAG(s) dict_keys(['example_setup_teardown_taskflow']) retrieved from /home/ubuntu/redfin/lib/python3.10/site-packages/airflow/example_dags/example_setup_teardown_taskflow.py
[2023-12-03T23:43:08.144+0000] {logging_mixin.py:154} INFO - [2023-12-03T23:43:08.144+0000] {dag.py:2941} INFO - Sync 1 DAGs
[2023-12-03T23:43:08.165+0000] {logging_mixin.py:154} INFO - [2023-12-03T23:43:08.164+0000] {dag.py:3722} INFO - Setting next_dagrun for example_setup_teardown_taskflow to 2023-12-02T23:43:08.164706+00:00, run_after=2023-12-03T23:43:08.164706+00:00
[2023-12-03T23:43:08.188+0000] {processor.py:179} INFO - Processing /home/ubuntu/redfin/lib/python3.10/site-packages/airflow/example_dags/example_setup_teardown_taskflow.py took 0.080 seconds
[2023-12-03T23:43:55.564+0000] {processor.py:157} INFO - Started process (PID=6127) to work on /home/ubuntu/redfin/lib/python3.10/site-packages/airflow/example_dags/example_setup_teardown_taskflow.py
[2023-12-03T23:43:55.565+0000] {processor.py:829} INFO - Processing file /home/ubuntu/redfin/lib/python3.10/site-packages/airflow/example_dags/example_setup_teardown_taskflow.py for tasks to queue
[2023-12-03T23:43:55.566+0000] {logging_mixin.py:154} INFO - [2023-12-03T23:43:55.565+0000] {dagbag.py:536} INFO - Filling up the DagBag from /home/ubuntu/redfin/lib/python3.10/site-packages/airflow/example_dags/example_setup_teardown_taskflow.py
[2023-12-03T23:43:55.577+0000] {processor.py:839} INFO - DAG(s) dict_keys(['example_setup_teardown_taskflow']) retrieved from /home/ubuntu/redfin/lib/python3.10/site-packages/airflow/example_dags/example_setup_teardown_taskflow.py
[2023-12-03T23:43:55.596+0000] {logging_mixin.py:154} INFO - [2023-12-03T23:43:55.596+0000] {dag.py:2941} INFO - Sync 1 DAGs
[2023-12-03T23:43:55.617+0000] {logging_mixin.py:154} INFO - [2023-12-03T23:43:55.617+0000] {dag.py:3722} INFO - Setting next_dagrun for example_setup_teardown_taskflow to 2023-12-02T23:43:55.617234+00:00, run_after=2023-12-03T23:43:55.617234+00:00
[2023-12-03T23:43:55.642+0000] {processor.py:179} INFO - Processing /home/ubuntu/redfin/lib/python3.10/site-packages/airflow/example_dags/example_setup_teardown_taskflow.py took 0.082 seconds
[2023-12-03T23:44:40.415+0000] {processor.py:157} INFO - Started process (PID=6584) to work on /home/ubuntu/redfin/lib/python3.10/site-packages/airflow/example_dags/example_setup_teardown_taskflow.py
[2023-12-03T23:44:40.417+0000] {processor.py:829} INFO - Processing file /home/ubuntu/redfin/lib/python3.10/site-packages/airflow/example_dags/example_setup_teardown_taskflow.py for tasks to queue
[2023-12-03T23:44:40.417+0000] {logging_mixin.py:154} INFO - [2023-12-03T23:44:40.417+0000] {dagbag.py:536} INFO - Filling up the DagBag from /home/ubuntu/redfin/lib/python3.10/site-packages/airflow/example_dags/example_setup_teardown_taskflow.py
[2023-12-03T23:44:40.429+0000] {processor.py:839} INFO - DAG(s) dict_keys(['example_setup_teardown_taskflow']) retrieved from /home/ubuntu/redfin/lib/python3.10/site-packages/airflow/example_dags/example_setup_teardown_taskflow.py
[2023-12-03T23:44:40.448+0000] {logging_mixin.py:154} INFO - [2023-12-03T23:44:40.448+0000] {dag.py:2941} INFO - Sync 1 DAGs
[2023-12-03T23:44:40.470+0000] {logging_mixin.py:154} INFO - [2023-12-03T23:44:40.469+0000] {dag.py:3722} INFO - Setting next_dagrun for example_setup_teardown_taskflow to 2023-12-02T23:44:40.469417+00:00, run_after=2023-12-03T23:44:40.469417+00:00
[2023-12-03T23:44:40.501+0000] {processor.py:179} INFO - Processing /home/ubuntu/redfin/lib/python3.10/site-packages/airflow/example_dags/example_setup_teardown_taskflow.py took 0.090 seconds
[2023-12-03T23:45:20.376+0000] {processor.py:157} INFO - Started process (PID=6629) to work on /home/ubuntu/redfin/lib/python3.10/site-packages/airflow/example_dags/example_setup_teardown_taskflow.py
[2023-12-03T23:45:20.377+0000] {processor.py:829} INFO - Processing file /home/ubuntu/redfin/lib/python3.10/site-packages/airflow/example_dags/example_setup_teardown_taskflow.py for tasks to queue
[2023-12-03T23:45:20.378+0000] {logging_mixin.py:154} INFO - [2023-12-03T23:45:20.378+0000] {dagbag.py:536} INFO - Filling up the DagBag from /home/ubuntu/redfin/lib/python3.10/site-packages/airflow/example_dags/example_setup_teardown_taskflow.py
[2023-12-03T23:45:20.389+0000] {processor.py:839} INFO - DAG(s) dict_keys(['example_setup_teardown_taskflow']) retrieved from /home/ubuntu/redfin/lib/python3.10/site-packages/airflow/example_dags/example_setup_teardown_taskflow.py
[2023-12-03T23:45:20.410+0000] {logging_mixin.py:154} INFO - [2023-12-03T23:45:20.409+0000] {dag.py:2941} INFO - Sync 1 DAGs
[2023-12-03T23:45:20.431+0000] {logging_mixin.py:154} INFO - [2023-12-03T23:45:20.431+0000] {dag.py:3722} INFO - Setting next_dagrun for example_setup_teardown_taskflow to 2023-12-02T23:45:20.430962+00:00, run_after=2023-12-03T23:45:20.430962+00:00
[2023-12-03T23:45:20.455+0000] {processor.py:179} INFO - Processing /home/ubuntu/redfin/lib/python3.10/site-packages/airflow/example_dags/example_setup_teardown_taskflow.py took 0.083 seconds
[2023-12-03T23:46:05.592+0000] {processor.py:157} INFO - Started process (PID=6683) to work on /home/ubuntu/redfin/lib/python3.10/site-packages/airflow/example_dags/example_setup_teardown_taskflow.py
[2023-12-03T23:46:05.593+0000] {processor.py:829} INFO - Processing file /home/ubuntu/redfin/lib/python3.10/site-packages/airflow/example_dags/example_setup_teardown_taskflow.py for tasks to queue
[2023-12-03T23:46:05.594+0000] {logging_mixin.py:154} INFO - [2023-12-03T23:46:05.594+0000] {dagbag.py:536} INFO - Filling up the DagBag from /home/ubuntu/redfin/lib/python3.10/site-packages/airflow/example_dags/example_setup_teardown_taskflow.py
[2023-12-03T23:46:05.606+0000] {processor.py:839} INFO - DAG(s) dict_keys(['example_setup_teardown_taskflow']) retrieved from /home/ubuntu/redfin/lib/python3.10/site-packages/airflow/example_dags/example_setup_teardown_taskflow.py
[2023-12-03T23:46:05.627+0000] {logging_mixin.py:154} INFO - [2023-12-03T23:46:05.626+0000] {dag.py:2941} INFO - Sync 1 DAGs
[2023-12-03T23:46:05.649+0000] {logging_mixin.py:154} INFO - [2023-12-03T23:46:05.648+0000] {dag.py:3722} INFO - Setting next_dagrun for example_setup_teardown_taskflow to 2023-12-02T23:46:05.648457+00:00, run_after=2023-12-03T23:46:05.648457+00:00
[2023-12-03T23:46:05.673+0000] {processor.py:179} INFO - Processing /home/ubuntu/redfin/lib/python3.10/site-packages/airflow/example_dags/example_setup_teardown_taskflow.py took 0.085 seconds
[2023-12-03T23:46:52.048+0000] {processor.py:157} INFO - Started process (PID=6735) to work on /home/ubuntu/redfin/lib/python3.10/site-packages/airflow/example_dags/example_setup_teardown_taskflow.py
[2023-12-03T23:46:52.049+0000] {processor.py:829} INFO - Processing file /home/ubuntu/redfin/lib/python3.10/site-packages/airflow/example_dags/example_setup_teardown_taskflow.py for tasks to queue
[2023-12-03T23:46:52.050+0000] {logging_mixin.py:154} INFO - [2023-12-03T23:46:52.050+0000] {dagbag.py:536} INFO - Filling up the DagBag from /home/ubuntu/redfin/lib/python3.10/site-packages/airflow/example_dags/example_setup_teardown_taskflow.py
[2023-12-03T23:46:52.062+0000] {processor.py:839} INFO - DAG(s) dict_keys(['example_setup_teardown_taskflow']) retrieved from /home/ubuntu/redfin/lib/python3.10/site-packages/airflow/example_dags/example_setup_teardown_taskflow.py
[2023-12-03T23:46:52.082+0000] {logging_mixin.py:154} INFO - [2023-12-03T23:46:52.082+0000] {dag.py:2941} INFO - Sync 1 DAGs
[2023-12-03T23:46:52.103+0000] {logging_mixin.py:154} INFO - [2023-12-03T23:46:52.103+0000] {dag.py:3722} INFO - Setting next_dagrun for example_setup_teardown_taskflow to 2023-12-02T23:46:52.103264+00:00, run_after=2023-12-03T23:46:52.103264+00:00
[2023-12-03T23:46:52.127+0000] {processor.py:179} INFO - Processing /home/ubuntu/redfin/lib/python3.10/site-packages/airflow/example_dags/example_setup_teardown_taskflow.py took 0.082 seconds
[2023-12-03T23:47:39.916+0000] {processor.py:157} INFO - Started process (PID=6795) to work on /home/ubuntu/redfin/lib/python3.10/site-packages/airflow/example_dags/example_setup_teardown_taskflow.py
[2023-12-03T23:47:39.918+0000] {processor.py:829} INFO - Processing file /home/ubuntu/redfin/lib/python3.10/site-packages/airflow/example_dags/example_setup_teardown_taskflow.py for tasks to queue
[2023-12-03T23:47:39.918+0000] {logging_mixin.py:154} INFO - [2023-12-03T23:47:39.918+0000] {dagbag.py:536} INFO - Filling up the DagBag from /home/ubuntu/redfin/lib/python3.10/site-packages/airflow/example_dags/example_setup_teardown_taskflow.py
[2023-12-03T23:47:39.930+0000] {processor.py:839} INFO - DAG(s) dict_keys(['example_setup_teardown_taskflow']) retrieved from /home/ubuntu/redfin/lib/python3.10/site-packages/airflow/example_dags/example_setup_teardown_taskflow.py
[2023-12-03T23:47:39.948+0000] {logging_mixin.py:154} INFO - [2023-12-03T23:47:39.948+0000] {dag.py:2941} INFO - Sync 1 DAGs
[2023-12-03T23:47:39.969+0000] {logging_mixin.py:154} INFO - [2023-12-03T23:47:39.969+0000] {dag.py:3722} INFO - Setting next_dagrun for example_setup_teardown_taskflow to 2023-12-02T23:47:39.969037+00:00, run_after=2023-12-03T23:47:39.969037+00:00
[2023-12-03T23:47:39.996+0000] {processor.py:179} INFO - Processing /home/ubuntu/redfin/lib/python3.10/site-packages/airflow/example_dags/example_setup_teardown_taskflow.py took 0.083 seconds
[2023-12-03T23:48:28.942+0000] {processor.py:157} INFO - Started process (PID=6876) to work on /home/ubuntu/redfin/lib/python3.10/site-packages/airflow/example_dags/example_setup_teardown_taskflow.py
[2023-12-03T23:48:28.943+0000] {processor.py:829} INFO - Processing file /home/ubuntu/redfin/lib/python3.10/site-packages/airflow/example_dags/example_setup_teardown_taskflow.py for tasks to queue
[2023-12-03T23:48:28.944+0000] {logging_mixin.py:154} INFO - [2023-12-03T23:48:28.944+0000] {dagbag.py:536} INFO - Filling up the DagBag from /home/ubuntu/redfin/lib/python3.10/site-packages/airflow/example_dags/example_setup_teardown_taskflow.py
[2023-12-03T23:48:28.956+0000] {processor.py:839} INFO - DAG(s) dict_keys(['example_setup_teardown_taskflow']) retrieved from /home/ubuntu/redfin/lib/python3.10/site-packages/airflow/example_dags/example_setup_teardown_taskflow.py
[2023-12-03T23:48:28.975+0000] {logging_mixin.py:154} INFO - [2023-12-03T23:48:28.974+0000] {dag.py:2941} INFO - Sync 1 DAGs
[2023-12-03T23:48:28.997+0000] {logging_mixin.py:154} INFO - [2023-12-03T23:48:28.996+0000] {dag.py:3722} INFO - Setting next_dagrun for example_setup_teardown_taskflow to 2023-12-02T23:48:28.996487+00:00, run_after=2023-12-03T23:48:28.996487+00:00
[2023-12-03T23:48:29.019+0000] {processor.py:179} INFO - Processing /home/ubuntu/redfin/lib/python3.10/site-packages/airflow/example_dags/example_setup_teardown_taskflow.py took 0.081 seconds
[2023-12-03T23:49:19.399+0000] {processor.py:157} INFO - Started process (PID=6931) to work on /home/ubuntu/redfin/lib/python3.10/site-packages/airflow/example_dags/example_setup_teardown_taskflow.py
[2023-12-03T23:49:19.400+0000] {processor.py:829} INFO - Processing file /home/ubuntu/redfin/lib/python3.10/site-packages/airflow/example_dags/example_setup_teardown_taskflow.py for tasks to queue
[2023-12-03T23:49:19.401+0000] {logging_mixin.py:154} INFO - [2023-12-03T23:49:19.401+0000] {dagbag.py:536} INFO - Filling up the DagBag from /home/ubuntu/redfin/lib/python3.10/site-packages/airflow/example_dags/example_setup_teardown_taskflow.py
[2023-12-03T23:49:19.412+0000] {processor.py:839} INFO - DAG(s) dict_keys(['example_setup_teardown_taskflow']) retrieved from /home/ubuntu/redfin/lib/python3.10/site-packages/airflow/example_dags/example_setup_teardown_taskflow.py
[2023-12-03T23:49:19.432+0000] {logging_mixin.py:154} INFO - [2023-12-03T23:49:19.432+0000] {dag.py:2941} INFO - Sync 1 DAGs
[2023-12-03T23:49:19.453+0000] {logging_mixin.py:154} INFO - [2023-12-03T23:49:19.452+0000] {dag.py:3722} INFO - Setting next_dagrun for example_setup_teardown_taskflow to 2023-12-02T23:49:19.452653+00:00, run_after=2023-12-03T23:49:19.452653+00:00
[2023-12-03T23:49:19.475+0000] {processor.py:179} INFO - Processing /home/ubuntu/redfin/lib/python3.10/site-packages/airflow/example_dags/example_setup_teardown_taskflow.py took 0.080 seconds
[2023-12-03T23:50:07.412+0000] {processor.py:157} INFO - Started process (PID=6986) to work on /home/ubuntu/redfin/lib/python3.10/site-packages/airflow/example_dags/example_setup_teardown_taskflow.py
[2023-12-03T23:50:07.414+0000] {processor.py:829} INFO - Processing file /home/ubuntu/redfin/lib/python3.10/site-packages/airflow/example_dags/example_setup_teardown_taskflow.py for tasks to queue
[2023-12-03T23:50:07.414+0000] {logging_mixin.py:154} INFO - [2023-12-03T23:50:07.414+0000] {dagbag.py:536} INFO - Filling up the DagBag from /home/ubuntu/redfin/lib/python3.10/site-packages/airflow/example_dags/example_setup_teardown_taskflow.py
[2023-12-03T23:50:07.426+0000] {processor.py:839} INFO - DAG(s) dict_keys(['example_setup_teardown_taskflow']) retrieved from /home/ubuntu/redfin/lib/python3.10/site-packages/airflow/example_dags/example_setup_teardown_taskflow.py
[2023-12-03T23:50:07.444+0000] {logging_mixin.py:154} INFO - [2023-12-03T23:50:07.444+0000] {dag.py:2941} INFO - Sync 1 DAGs
[2023-12-03T23:50:07.466+0000] {logging_mixin.py:154} INFO - [2023-12-03T23:50:07.465+0000] {dag.py:3722} INFO - Setting next_dagrun for example_setup_teardown_taskflow to 2023-12-02T23:50:07.465582+00:00, run_after=2023-12-03T23:50:07.465582+00:00
[2023-12-03T23:50:07.488+0000] {processor.py:179} INFO - Processing /home/ubuntu/redfin/lib/python3.10/site-packages/airflow/example_dags/example_setup_teardown_taskflow.py took 0.079 seconds
[2023-12-03T23:50:56.001+0000] {processor.py:157} INFO - Started process (PID=7038) to work on /home/ubuntu/redfin/lib/python3.10/site-packages/airflow/example_dags/example_setup_teardown_taskflow.py
[2023-12-03T23:50:56.002+0000] {processor.py:829} INFO - Processing file /home/ubuntu/redfin/lib/python3.10/site-packages/airflow/example_dags/example_setup_teardown_taskflow.py for tasks to queue
[2023-12-03T23:50:56.003+0000] {logging_mixin.py:154} INFO - [2023-12-03T23:50:56.003+0000] {dagbag.py:536} INFO - Filling up the DagBag from /home/ubuntu/redfin/lib/python3.10/site-packages/airflow/example_dags/example_setup_teardown_taskflow.py
[2023-12-03T23:50:56.015+0000] {processor.py:839} INFO - DAG(s) dict_keys(['example_setup_teardown_taskflow']) retrieved from /home/ubuntu/redfin/lib/python3.10/site-packages/airflow/example_dags/example_setup_teardown_taskflow.py
[2023-12-03T23:50:56.033+0000] {logging_mixin.py:154} INFO - [2023-12-03T23:50:56.033+0000] {dag.py:2941} INFO - Sync 1 DAGs
[2023-12-03T23:50:56.055+0000] {logging_mixin.py:154} INFO - [2023-12-03T23:50:56.055+0000] {dag.py:3722} INFO - Setting next_dagrun for example_setup_teardown_taskflow to 2023-12-02T23:50:56.054741+00:00, run_after=2023-12-03T23:50:56.054741+00:00
[2023-12-03T23:50:56.077+0000] {processor.py:179} INFO - Processing /home/ubuntu/redfin/lib/python3.10/site-packages/airflow/example_dags/example_setup_teardown_taskflow.py took 0.079 seconds
[2023-12-03T23:51:41.264+0000] {processor.py:157} INFO - Started process (PID=7091) to work on /home/ubuntu/redfin/lib/python3.10/site-packages/airflow/example_dags/example_setup_teardown_taskflow.py
[2023-12-03T23:51:41.265+0000] {processor.py:829} INFO - Processing file /home/ubuntu/redfin/lib/python3.10/site-packages/airflow/example_dags/example_setup_teardown_taskflow.py for tasks to queue
[2023-12-03T23:51:41.266+0000] {logging_mixin.py:154} INFO - [2023-12-03T23:51:41.266+0000] {dagbag.py:536} INFO - Filling up the DagBag from /home/ubuntu/redfin/lib/python3.10/site-packages/airflow/example_dags/example_setup_teardown_taskflow.py
[2023-12-03T23:51:41.278+0000] {processor.py:839} INFO - DAG(s) dict_keys(['example_setup_teardown_taskflow']) retrieved from /home/ubuntu/redfin/lib/python3.10/site-packages/airflow/example_dags/example_setup_teardown_taskflow.py
[2023-12-03T23:51:41.297+0000] {logging_mixin.py:154} INFO - [2023-12-03T23:51:41.297+0000] {dag.py:2941} INFO - Sync 1 DAGs
[2023-12-03T23:51:41.319+0000] {logging_mixin.py:154} INFO - [2023-12-03T23:51:41.319+0000] {dag.py:3722} INFO - Setting next_dagrun for example_setup_teardown_taskflow to 2023-12-02T23:51:41.319318+00:00, run_after=2023-12-03T23:51:41.319318+00:00
[2023-12-03T23:51:41.342+0000] {processor.py:179} INFO - Processing /home/ubuntu/redfin/lib/python3.10/site-packages/airflow/example_dags/example_setup_teardown_taskflow.py took 0.081 seconds
[2023-12-03T23:52:32.892+0000] {processor.py:157} INFO - Started process (PID=7145) to work on /home/ubuntu/redfin/lib/python3.10/site-packages/airflow/example_dags/example_setup_teardown_taskflow.py
[2023-12-03T23:52:32.893+0000] {processor.py:829} INFO - Processing file /home/ubuntu/redfin/lib/python3.10/site-packages/airflow/example_dags/example_setup_teardown_taskflow.py for tasks to queue
[2023-12-03T23:52:32.894+0000] {logging_mixin.py:154} INFO - [2023-12-03T23:52:32.894+0000] {dagbag.py:536} INFO - Filling up the DagBag from /home/ubuntu/redfin/lib/python3.10/site-packages/airflow/example_dags/example_setup_teardown_taskflow.py
[2023-12-03T23:52:32.905+0000] {processor.py:839} INFO - DAG(s) dict_keys(['example_setup_teardown_taskflow']) retrieved from /home/ubuntu/redfin/lib/python3.10/site-packages/airflow/example_dags/example_setup_teardown_taskflow.py
[2023-12-03T23:52:32.924+0000] {logging_mixin.py:154} INFO - [2023-12-03T23:52:32.924+0000] {dag.py:2941} INFO - Sync 1 DAGs
[2023-12-03T23:52:32.945+0000] {logging_mixin.py:154} INFO - [2023-12-03T23:52:32.945+0000] {dag.py:3722} INFO - Setting next_dagrun for example_setup_teardown_taskflow to 2023-12-02T23:52:32.945296+00:00, run_after=2023-12-03T23:52:32.945296+00:00
[2023-12-03T23:52:32.968+0000] {processor.py:179} INFO - Processing /home/ubuntu/redfin/lib/python3.10/site-packages/airflow/example_dags/example_setup_teardown_taskflow.py took 0.079 seconds
[2023-12-03T23:53:22.028+0000] {processor.py:157} INFO - Started process (PID=7199) to work on /home/ubuntu/redfin/lib/python3.10/site-packages/airflow/example_dags/example_setup_teardown_taskflow.py
[2023-12-03T23:53:22.029+0000] {processor.py:829} INFO - Processing file /home/ubuntu/redfin/lib/python3.10/site-packages/airflow/example_dags/example_setup_teardown_taskflow.py for tasks to queue
[2023-12-03T23:53:22.030+0000] {logging_mixin.py:154} INFO - [2023-12-03T23:53:22.029+0000] {dagbag.py:536} INFO - Filling up the DagBag from /home/ubuntu/redfin/lib/python3.10/site-packages/airflow/example_dags/example_setup_teardown_taskflow.py
[2023-12-03T23:53:22.041+0000] {processor.py:839} INFO - DAG(s) dict_keys(['example_setup_teardown_taskflow']) retrieved from /home/ubuntu/redfin/lib/python3.10/site-packages/airflow/example_dags/example_setup_teardown_taskflow.py
[2023-12-03T23:53:22.060+0000] {logging_mixin.py:154} INFO - [2023-12-03T23:53:22.059+0000] {dag.py:2941} INFO - Sync 1 DAGs
[2023-12-03T23:53:22.081+0000] {logging_mixin.py:154} INFO - [2023-12-03T23:53:22.081+0000] {dag.py:3722} INFO - Setting next_dagrun for example_setup_teardown_taskflow to 2023-12-02T23:53:22.080881+00:00, run_after=2023-12-03T23:53:22.080881+00:00
[2023-12-03T23:53:22.104+0000] {processor.py:179} INFO - Processing /home/ubuntu/redfin/lib/python3.10/site-packages/airflow/example_dags/example_setup_teardown_taskflow.py took 0.080 seconds
[2023-12-03T23:54:09.337+0000] {processor.py:157} INFO - Started process (PID=7251) to work on /home/ubuntu/redfin/lib/python3.10/site-packages/airflow/example_dags/example_setup_teardown_taskflow.py
[2023-12-03T23:54:09.339+0000] {processor.py:829} INFO - Processing file /home/ubuntu/redfin/lib/python3.10/site-packages/airflow/example_dags/example_setup_teardown_taskflow.py for tasks to queue
[2023-12-03T23:54:09.339+0000] {logging_mixin.py:154} INFO - [2023-12-03T23:54:09.339+0000] {dagbag.py:536} INFO - Filling up the DagBag from /home/ubuntu/redfin/lib/python3.10/site-packages/airflow/example_dags/example_setup_teardown_taskflow.py
[2023-12-03T23:54:09.352+0000] {processor.py:839} INFO - DAG(s) dict_keys(['example_setup_teardown_taskflow']) retrieved from /home/ubuntu/redfin/lib/python3.10/site-packages/airflow/example_dags/example_setup_teardown_taskflow.py
[2023-12-03T23:54:09.371+0000] {logging_mixin.py:154} INFO - [2023-12-03T23:54:09.370+0000] {dag.py:2941} INFO - Sync 1 DAGs
[2023-12-03T23:54:09.392+0000] {logging_mixin.py:154} INFO - [2023-12-03T23:54:09.392+0000] {dag.py:3722} INFO - Setting next_dagrun for example_setup_teardown_taskflow to 2023-12-02T23:54:09.392153+00:00, run_after=2023-12-03T23:54:09.392153+00:00
[2023-12-03T23:54:09.415+0000] {processor.py:179} INFO - Processing /home/ubuntu/redfin/lib/python3.10/site-packages/airflow/example_dags/example_setup_teardown_taskflow.py took 0.082 seconds
[2023-12-03T23:54:57.780+0000] {processor.py:157} INFO - Started process (PID=7305) to work on /home/ubuntu/redfin/lib/python3.10/site-packages/airflow/example_dags/example_setup_teardown_taskflow.py
[2023-12-03T23:54:57.781+0000] {processor.py:829} INFO - Processing file /home/ubuntu/redfin/lib/python3.10/site-packages/airflow/example_dags/example_setup_teardown_taskflow.py for tasks to queue
[2023-12-03T23:54:57.782+0000] {logging_mixin.py:154} INFO - [2023-12-03T23:54:57.781+0000] {dagbag.py:536} INFO - Filling up the DagBag from /home/ubuntu/redfin/lib/python3.10/site-packages/airflow/example_dags/example_setup_teardown_taskflow.py
[2023-12-03T23:54:57.793+0000] {processor.py:839} INFO - DAG(s) dict_keys(['example_setup_teardown_taskflow']) retrieved from /home/ubuntu/redfin/lib/python3.10/site-packages/airflow/example_dags/example_setup_teardown_taskflow.py
[2023-12-03T23:54:57.813+0000] {logging_mixin.py:154} INFO - [2023-12-03T23:54:57.813+0000] {dag.py:2941} INFO - Sync 1 DAGs
[2023-12-03T23:54:57.835+0000] {logging_mixin.py:154} INFO - [2023-12-03T23:54:57.835+0000] {dag.py:3722} INFO - Setting next_dagrun for example_setup_teardown_taskflow to 2023-12-02T23:54:57.835232+00:00, run_after=2023-12-03T23:54:57.835232+00:00
[2023-12-03T23:54:57.860+0000] {processor.py:179} INFO - Processing /home/ubuntu/redfin/lib/python3.10/site-packages/airflow/example_dags/example_setup_teardown_taskflow.py took 0.084 seconds
[2023-12-03T23:55:43.942+0000] {processor.py:157} INFO - Started process (PID=7356) to work on /home/ubuntu/redfin/lib/python3.10/site-packages/airflow/example_dags/example_setup_teardown_taskflow.py
[2023-12-03T23:55:43.943+0000] {processor.py:829} INFO - Processing file /home/ubuntu/redfin/lib/python3.10/site-packages/airflow/example_dags/example_setup_teardown_taskflow.py for tasks to queue
[2023-12-03T23:55:43.944+0000] {logging_mixin.py:154} INFO - [2023-12-03T23:55:43.944+0000] {dagbag.py:536} INFO - Filling up the DagBag from /home/ubuntu/redfin/lib/python3.10/site-packages/airflow/example_dags/example_setup_teardown_taskflow.py
[2023-12-03T23:55:43.956+0000] {processor.py:839} INFO - DAG(s) dict_keys(['example_setup_teardown_taskflow']) retrieved from /home/ubuntu/redfin/lib/python3.10/site-packages/airflow/example_dags/example_setup_teardown_taskflow.py
[2023-12-03T23:55:43.975+0000] {logging_mixin.py:154} INFO - [2023-12-03T23:55:43.974+0000] {dag.py:2941} INFO - Sync 1 DAGs
[2023-12-03T23:55:43.997+0000] {logging_mixin.py:154} INFO - [2023-12-03T23:55:43.997+0000] {dag.py:3722} INFO - Setting next_dagrun for example_setup_teardown_taskflow to 2023-12-02T23:55:43.996992+00:00, run_after=2023-12-03T23:55:43.996992+00:00
[2023-12-03T23:55:44.020+0000] {processor.py:179} INFO - Processing /home/ubuntu/redfin/lib/python3.10/site-packages/airflow/example_dags/example_setup_teardown_taskflow.py took 0.082 seconds
[2023-12-03T23:56:34.651+0000] {processor.py:157} INFO - Started process (PID=7411) to work on /home/ubuntu/redfin/lib/python3.10/site-packages/airflow/example_dags/example_setup_teardown_taskflow.py
[2023-12-03T23:56:34.652+0000] {processor.py:829} INFO - Processing file /home/ubuntu/redfin/lib/python3.10/site-packages/airflow/example_dags/example_setup_teardown_taskflow.py for tasks to queue
[2023-12-03T23:56:34.653+0000] {logging_mixin.py:154} INFO - [2023-12-03T23:56:34.653+0000] {dagbag.py:536} INFO - Filling up the DagBag from /home/ubuntu/redfin/lib/python3.10/site-packages/airflow/example_dags/example_setup_teardown_taskflow.py
[2023-12-03T23:56:34.665+0000] {processor.py:839} INFO - DAG(s) dict_keys(['example_setup_teardown_taskflow']) retrieved from /home/ubuntu/redfin/lib/python3.10/site-packages/airflow/example_dags/example_setup_teardown_taskflow.py
[2023-12-03T23:56:34.686+0000] {logging_mixin.py:154} INFO - [2023-12-03T23:56:34.685+0000] {dag.py:2941} INFO - Sync 1 DAGs
[2023-12-03T23:56:34.708+0000] {logging_mixin.py:154} INFO - [2023-12-03T23:56:34.708+0000] {dag.py:3722} INFO - Setting next_dagrun for example_setup_teardown_taskflow to 2023-12-02T23:56:34.708040+00:00, run_after=2023-12-03T23:56:34.708040+00:00
[2023-12-03T23:56:34.731+0000] {processor.py:179} INFO - Processing /home/ubuntu/redfin/lib/python3.10/site-packages/airflow/example_dags/example_setup_teardown_taskflow.py took 0.084 seconds
[2023-12-03T23:57:21.715+0000] {processor.py:157} INFO - Started process (PID=7463) to work on /home/ubuntu/redfin/lib/python3.10/site-packages/airflow/example_dags/example_setup_teardown_taskflow.py
[2023-12-03T23:57:21.716+0000] {processor.py:829} INFO - Processing file /home/ubuntu/redfin/lib/python3.10/site-packages/airflow/example_dags/example_setup_teardown_taskflow.py for tasks to queue
[2023-12-03T23:57:21.717+0000] {logging_mixin.py:154} INFO - [2023-12-03T23:57:21.717+0000] {dagbag.py:536} INFO - Filling up the DagBag from /home/ubuntu/redfin/lib/python3.10/site-packages/airflow/example_dags/example_setup_teardown_taskflow.py
[2023-12-03T23:57:21.729+0000] {processor.py:839} INFO - DAG(s) dict_keys(['example_setup_teardown_taskflow']) retrieved from /home/ubuntu/redfin/lib/python3.10/site-packages/airflow/example_dags/example_setup_teardown_taskflow.py
[2023-12-03T23:57:21.748+0000] {logging_mixin.py:154} INFO - [2023-12-03T23:57:21.748+0000] {dag.py:2941} INFO - Sync 1 DAGs
[2023-12-03T23:57:21.770+0000] {logging_mixin.py:154} INFO - [2023-12-03T23:57:21.769+0000] {dag.py:3722} INFO - Setting next_dagrun for example_setup_teardown_taskflow to 2023-12-02T23:57:21.769523+00:00, run_after=2023-12-03T23:57:21.769523+00:00
[2023-12-03T23:57:21.794+0000] {processor.py:179} INFO - Processing /home/ubuntu/redfin/lib/python3.10/site-packages/airflow/example_dags/example_setup_teardown_taskflow.py took 0.082 seconds
[2023-12-03T23:58:05.410+0000] {processor.py:157} INFO - Started process (PID=7512) to work on /home/ubuntu/redfin/lib/python3.10/site-packages/airflow/example_dags/example_setup_teardown_taskflow.py
[2023-12-03T23:58:05.412+0000] {processor.py:829} INFO - Processing file /home/ubuntu/redfin/lib/python3.10/site-packages/airflow/example_dags/example_setup_teardown_taskflow.py for tasks to queue
[2023-12-03T23:58:05.413+0000] {logging_mixin.py:154} INFO - [2023-12-03T23:58:05.412+0000] {dagbag.py:536} INFO - Filling up the DagBag from /home/ubuntu/redfin/lib/python3.10/site-packages/airflow/example_dags/example_setup_teardown_taskflow.py
[2023-12-03T23:58:05.425+0000] {processor.py:839} INFO - DAG(s) dict_keys(['example_setup_teardown_taskflow']) retrieved from /home/ubuntu/redfin/lib/python3.10/site-packages/airflow/example_dags/example_setup_teardown_taskflow.py
[2023-12-03T23:58:05.444+0000] {logging_mixin.py:154} INFO - [2023-12-03T23:58:05.444+0000] {dag.py:2941} INFO - Sync 1 DAGs
[2023-12-03T23:58:05.466+0000] {logging_mixin.py:154} INFO - [2023-12-03T23:58:05.466+0000] {dag.py:3722} INFO - Setting next_dagrun for example_setup_teardown_taskflow to 2023-12-02T23:58:05.466015+00:00, run_after=2023-12-03T23:58:05.466015+00:00
[2023-12-03T23:58:05.489+0000] {processor.py:179} INFO - Processing /home/ubuntu/redfin/lib/python3.10/site-packages/airflow/example_dags/example_setup_teardown_taskflow.py took 0.083 seconds
[2023-12-03T23:58:50.824+0000] {processor.py:157} INFO - Started process (PID=7565) to work on /home/ubuntu/redfin/lib/python3.10/site-packages/airflow/example_dags/example_setup_teardown_taskflow.py
[2023-12-03T23:58:50.826+0000] {processor.py:829} INFO - Processing file /home/ubuntu/redfin/lib/python3.10/site-packages/airflow/example_dags/example_setup_teardown_taskflow.py for tasks to queue
[2023-12-03T23:58:50.827+0000] {logging_mixin.py:154} INFO - [2023-12-03T23:58:50.826+0000] {dagbag.py:536} INFO - Filling up the DagBag from /home/ubuntu/redfin/lib/python3.10/site-packages/airflow/example_dags/example_setup_teardown_taskflow.py
[2023-12-03T23:58:50.838+0000] {processor.py:839} INFO - DAG(s) dict_keys(['example_setup_teardown_taskflow']) retrieved from /home/ubuntu/redfin/lib/python3.10/site-packages/airflow/example_dags/example_setup_teardown_taskflow.py
[2023-12-03T23:58:50.857+0000] {logging_mixin.py:154} INFO - [2023-12-03T23:58:50.857+0000] {dag.py:2941} INFO - Sync 1 DAGs
[2023-12-03T23:58:50.879+0000] {logging_mixin.py:154} INFO - [2023-12-03T23:58:50.879+0000] {dag.py:3722} INFO - Setting next_dagrun for example_setup_teardown_taskflow to 2023-12-02T23:58:50.879330+00:00, run_after=2023-12-03T23:58:50.879330+00:00
[2023-12-03T23:58:50.904+0000] {processor.py:179} INFO - Processing /home/ubuntu/redfin/lib/python3.10/site-packages/airflow/example_dags/example_setup_teardown_taskflow.py took 0.083 seconds
[2023-12-03T23:59:38.355+0000] {processor.py:157} INFO - Started process (PID=7618) to work on /home/ubuntu/redfin/lib/python3.10/site-packages/airflow/example_dags/example_setup_teardown_taskflow.py
[2023-12-03T23:59:38.356+0000] {processor.py:829} INFO - Processing file /home/ubuntu/redfin/lib/python3.10/site-packages/airflow/example_dags/example_setup_teardown_taskflow.py for tasks to queue
[2023-12-03T23:59:38.357+0000] {logging_mixin.py:154} INFO - [2023-12-03T23:59:38.357+0000] {dagbag.py:536} INFO - Filling up the DagBag from /home/ubuntu/redfin/lib/python3.10/site-packages/airflow/example_dags/example_setup_teardown_taskflow.py
[2023-12-03T23:59:38.369+0000] {processor.py:839} INFO - DAG(s) dict_keys(['example_setup_teardown_taskflow']) retrieved from /home/ubuntu/redfin/lib/python3.10/site-packages/airflow/example_dags/example_setup_teardown_taskflow.py
[2023-12-03T23:59:38.388+0000] {logging_mixin.py:154} INFO - [2023-12-03T23:59:38.388+0000] {dag.py:2941} INFO - Sync 1 DAGs
[2023-12-03T23:59:38.409+0000] {logging_mixin.py:154} INFO - [2023-12-03T23:59:38.409+0000] {dag.py:3722} INFO - Setting next_dagrun for example_setup_teardown_taskflow to 2023-12-02T23:59:38.409337+00:00, run_after=2023-12-03T23:59:38.409337+00:00
[2023-12-03T23:59:38.434+0000] {processor.py:179} INFO - Processing /home/ubuntu/redfin/lib/python3.10/site-packages/airflow/example_dags/example_setup_teardown_taskflow.py took 0.083 seconds
