[2023-12-03T23:08:04.913+0000] {processor.py:157} INFO - Started process (PID=3766) to work on /home/ubuntu/redfin/lib/python3.10/site-packages/airflow/example_dags/example_dynamic_task_mapping.py
[2023-12-03T23:08:04.914+0000] {processor.py:829} INFO - Processing file /home/ubuntu/redfin/lib/python3.10/site-packages/airflow/example_dags/example_dynamic_task_mapping.py for tasks to queue
[2023-12-03T23:08:04.915+0000] {logging_mixin.py:154} INFO - [2023-12-03T23:08:04.915+0000] {dagbag.py:536} INFO - Filling up the DagBag from /home/ubuntu/redfin/lib/python3.10/site-packages/airflow/example_dags/example_dynamic_task_mapping.py
[2023-12-03T23:08:04.924+0000] {processor.py:839} INFO - DAG(s) dict_keys(['example_dynamic_task_mapping']) retrieved from /home/ubuntu/redfin/lib/python3.10/site-packages/airflow/example_dags/example_dynamic_task_mapping.py
[2023-12-03T23:08:05.045+0000] {logging_mixin.py:154} INFO - [2023-12-03T23:08:05.044+0000] {manager.py:499} INFO - Created Permission View: %s
[2023-12-03T23:08:05.060+0000] {logging_mixin.py:154} INFO - [2023-12-03T23:08:05.060+0000] {manager.py:499} INFO - Created Permission View: %s
[2023-12-03T23:08:05.071+0000] {logging_mixin.py:154} INFO - [2023-12-03T23:08:05.071+0000] {manager.py:499} INFO - Created Permission View: %s
[2023-12-03T23:08:05.071+0000] {logging_mixin.py:154} INFO - [2023-12-03T23:08:05.071+0000] {dag.py:2941} INFO - Sync 1 DAGs
[2023-12-03T23:08:05.086+0000] {logging_mixin.py:154} INFO - [2023-12-03T23:08:05.085+0000] {dag.py:2963} INFO - Creating ORM DAG for example_dynamic_task_mapping
[2023-12-03T23:08:05.095+0000] {logging_mixin.py:154} INFO - [2023-12-03T23:08:05.095+0000] {dag.py:3722} INFO - Setting next_dagrun for example_dynamic_task_mapping to 2022-03-04T00:00:00+00:00, run_after=2022-03-05T00:00:00+00:00
[2023-12-03T23:08:05.122+0000] {processor.py:179} INFO - Processing /home/ubuntu/redfin/lib/python3.10/site-packages/airflow/example_dags/example_dynamic_task_mapping.py took 0.213 seconds
[2023-12-03T23:08:54.533+0000] {processor.py:157} INFO - Started process (PID=3815) to work on /home/ubuntu/redfin/lib/python3.10/site-packages/airflow/example_dags/example_dynamic_task_mapping.py
[2023-12-03T23:08:54.535+0000] {processor.py:829} INFO - Processing file /home/ubuntu/redfin/lib/python3.10/site-packages/airflow/example_dags/example_dynamic_task_mapping.py for tasks to queue
[2023-12-03T23:08:54.536+0000] {logging_mixin.py:154} INFO - [2023-12-03T23:08:54.535+0000] {dagbag.py:536} INFO - Filling up the DagBag from /home/ubuntu/redfin/lib/python3.10/site-packages/airflow/example_dags/example_dynamic_task_mapping.py
[2023-12-03T23:08:54.545+0000] {processor.py:839} INFO - DAG(s) dict_keys(['example_dynamic_task_mapping']) retrieved from /home/ubuntu/redfin/lib/python3.10/site-packages/airflow/example_dags/example_dynamic_task_mapping.py
[2023-12-03T23:08:54.565+0000] {logging_mixin.py:154} INFO - [2023-12-03T23:08:54.564+0000] {dag.py:2941} INFO - Sync 1 DAGs
[2023-12-03T23:08:54.588+0000] {logging_mixin.py:154} INFO - [2023-12-03T23:08:54.588+0000] {dag.py:3722} INFO - Setting next_dagrun for example_dynamic_task_mapping to 2022-03-04T00:00:00+00:00, run_after=2022-03-05T00:00:00+00:00
[2023-12-03T23:08:54.612+0000] {processor.py:179} INFO - Processing /home/ubuntu/redfin/lib/python3.10/site-packages/airflow/example_dags/example_dynamic_task_mapping.py took 0.083 seconds
[2023-12-03T23:09:39.396+0000] {processor.py:157} INFO - Started process (PID=3864) to work on /home/ubuntu/redfin/lib/python3.10/site-packages/airflow/example_dags/example_dynamic_task_mapping.py
[2023-12-03T23:09:39.397+0000] {processor.py:829} INFO - Processing file /home/ubuntu/redfin/lib/python3.10/site-packages/airflow/example_dags/example_dynamic_task_mapping.py for tasks to queue
[2023-12-03T23:09:39.398+0000] {logging_mixin.py:154} INFO - [2023-12-03T23:09:39.398+0000] {dagbag.py:536} INFO - Filling up the DagBag from /home/ubuntu/redfin/lib/python3.10/site-packages/airflow/example_dags/example_dynamic_task_mapping.py
[2023-12-03T23:09:39.407+0000] {processor.py:839} INFO - DAG(s) dict_keys(['example_dynamic_task_mapping']) retrieved from /home/ubuntu/redfin/lib/python3.10/site-packages/airflow/example_dags/example_dynamic_task_mapping.py
[2023-12-03T23:09:39.424+0000] {logging_mixin.py:154} INFO - [2023-12-03T23:09:39.424+0000] {dag.py:2941} INFO - Sync 1 DAGs
[2023-12-03T23:09:39.445+0000] {logging_mixin.py:154} INFO - [2023-12-03T23:09:39.445+0000] {dag.py:3722} INFO - Setting next_dagrun for example_dynamic_task_mapping to 2022-03-04T00:00:00+00:00, run_after=2022-03-05T00:00:00+00:00
[2023-12-03T23:09:39.469+0000] {processor.py:179} INFO - Processing /home/ubuntu/redfin/lib/python3.10/site-packages/airflow/example_dags/example_dynamic_task_mapping.py took 0.077 seconds
[2023-12-03T23:10:27.280+0000] {processor.py:157} INFO - Started process (PID=3915) to work on /home/ubuntu/redfin/lib/python3.10/site-packages/airflow/example_dags/example_dynamic_task_mapping.py
[2023-12-03T23:10:27.281+0000] {processor.py:829} INFO - Processing file /home/ubuntu/redfin/lib/python3.10/site-packages/airflow/example_dags/example_dynamic_task_mapping.py for tasks to queue
[2023-12-03T23:10:27.282+0000] {logging_mixin.py:154} INFO - [2023-12-03T23:10:27.282+0000] {dagbag.py:536} INFO - Filling up the DagBag from /home/ubuntu/redfin/lib/python3.10/site-packages/airflow/example_dags/example_dynamic_task_mapping.py
[2023-12-03T23:10:27.291+0000] {processor.py:839} INFO - DAG(s) dict_keys(['example_dynamic_task_mapping']) retrieved from /home/ubuntu/redfin/lib/python3.10/site-packages/airflow/example_dags/example_dynamic_task_mapping.py
[2023-12-03T23:10:27.308+0000] {logging_mixin.py:154} INFO - [2023-12-03T23:10:27.308+0000] {dag.py:2941} INFO - Sync 1 DAGs
[2023-12-03T23:10:27.331+0000] {logging_mixin.py:154} INFO - [2023-12-03T23:10:27.330+0000] {dag.py:3722} INFO - Setting next_dagrun for example_dynamic_task_mapping to 2022-03-04T00:00:00+00:00, run_after=2022-03-05T00:00:00+00:00
[2023-12-03T23:10:27.352+0000] {processor.py:179} INFO - Processing /home/ubuntu/redfin/lib/python3.10/site-packages/airflow/example_dags/example_dynamic_task_mapping.py took 0.076 seconds
[2023-12-03T23:11:12.755+0000] {processor.py:157} INFO - Started process (PID=3964) to work on /home/ubuntu/redfin/lib/python3.10/site-packages/airflow/example_dags/example_dynamic_task_mapping.py
[2023-12-03T23:11:12.756+0000] {processor.py:829} INFO - Processing file /home/ubuntu/redfin/lib/python3.10/site-packages/airflow/example_dags/example_dynamic_task_mapping.py for tasks to queue
[2023-12-03T23:11:12.757+0000] {logging_mixin.py:154} INFO - [2023-12-03T23:11:12.757+0000] {dagbag.py:536} INFO - Filling up the DagBag from /home/ubuntu/redfin/lib/python3.10/site-packages/airflow/example_dags/example_dynamic_task_mapping.py
[2023-12-03T23:11:12.765+0000] {processor.py:839} INFO - DAG(s) dict_keys(['example_dynamic_task_mapping']) retrieved from /home/ubuntu/redfin/lib/python3.10/site-packages/airflow/example_dags/example_dynamic_task_mapping.py
[2023-12-03T23:11:12.781+0000] {logging_mixin.py:154} INFO - [2023-12-03T23:11:12.781+0000] {dag.py:2941} INFO - Sync 1 DAGs
[2023-12-03T23:11:12.801+0000] {logging_mixin.py:154} INFO - [2023-12-03T23:11:12.801+0000] {dag.py:3722} INFO - Setting next_dagrun for example_dynamic_task_mapping to 2022-03-04T00:00:00+00:00, run_after=2022-03-05T00:00:00+00:00
[2023-12-03T23:11:12.823+0000] {processor.py:179} INFO - Processing /home/ubuntu/redfin/lib/python3.10/site-packages/airflow/example_dags/example_dynamic_task_mapping.py took 0.071 seconds
[2023-12-03T23:11:59.990+0000] {processor.py:157} INFO - Started process (PID=4019) to work on /home/ubuntu/redfin/lib/python3.10/site-packages/airflow/example_dags/example_dynamic_task_mapping.py
[2023-12-03T23:11:59.991+0000] {processor.py:829} INFO - Processing file /home/ubuntu/redfin/lib/python3.10/site-packages/airflow/example_dags/example_dynamic_task_mapping.py for tasks to queue
[2023-12-03T23:11:59.992+0000] {logging_mixin.py:154} INFO - [2023-12-03T23:11:59.992+0000] {dagbag.py:536} INFO - Filling up the DagBag from /home/ubuntu/redfin/lib/python3.10/site-packages/airflow/example_dags/example_dynamic_task_mapping.py
[2023-12-03T23:12:00.001+0000] {processor.py:839} INFO - DAG(s) dict_keys(['example_dynamic_task_mapping']) retrieved from /home/ubuntu/redfin/lib/python3.10/site-packages/airflow/example_dags/example_dynamic_task_mapping.py
[2023-12-03T23:12:00.019+0000] {logging_mixin.py:154} INFO - [2023-12-03T23:12:00.018+0000] {dag.py:2941} INFO - Sync 1 DAGs
[2023-12-03T23:12:00.041+0000] {logging_mixin.py:154} INFO - [2023-12-03T23:12:00.041+0000] {dag.py:3722} INFO - Setting next_dagrun for example_dynamic_task_mapping to 2022-03-04T00:00:00+00:00, run_after=2022-03-05T00:00:00+00:00
[2023-12-03T23:12:00.064+0000] {processor.py:179} INFO - Processing /home/ubuntu/redfin/lib/python3.10/site-packages/airflow/example_dags/example_dynamic_task_mapping.py took 0.078 seconds
[2023-12-03T23:12:44.480+0000] {processor.py:157} INFO - Started process (PID=4068) to work on /home/ubuntu/redfin/lib/python3.10/site-packages/airflow/example_dags/example_dynamic_task_mapping.py
[2023-12-03T23:12:44.481+0000] {processor.py:829} INFO - Processing file /home/ubuntu/redfin/lib/python3.10/site-packages/airflow/example_dags/example_dynamic_task_mapping.py for tasks to queue
[2023-12-03T23:12:44.482+0000] {logging_mixin.py:154} INFO - [2023-12-03T23:12:44.482+0000] {dagbag.py:536} INFO - Filling up the DagBag from /home/ubuntu/redfin/lib/python3.10/site-packages/airflow/example_dags/example_dynamic_task_mapping.py
[2023-12-03T23:12:44.490+0000] {processor.py:839} INFO - DAG(s) dict_keys(['example_dynamic_task_mapping']) retrieved from /home/ubuntu/redfin/lib/python3.10/site-packages/airflow/example_dags/example_dynamic_task_mapping.py
[2023-12-03T23:12:44.508+0000] {logging_mixin.py:154} INFO - [2023-12-03T23:12:44.508+0000] {dag.py:2941} INFO - Sync 1 DAGs
[2023-12-03T23:12:44.531+0000] {logging_mixin.py:154} INFO - [2023-12-03T23:12:44.530+0000] {dag.py:3722} INFO - Setting next_dagrun for example_dynamic_task_mapping to 2022-03-04T00:00:00+00:00, run_after=2022-03-05T00:00:00+00:00
[2023-12-03T23:12:44.553+0000] {processor.py:179} INFO - Processing /home/ubuntu/redfin/lib/python3.10/site-packages/airflow/example_dags/example_dynamic_task_mapping.py took 0.078 seconds
[2023-12-03T23:13:31.162+0000] {processor.py:157} INFO - Started process (PID=4119) to work on /home/ubuntu/redfin/lib/python3.10/site-packages/airflow/example_dags/example_dynamic_task_mapping.py
[2023-12-03T23:13:31.163+0000] {processor.py:829} INFO - Processing file /home/ubuntu/redfin/lib/python3.10/site-packages/airflow/example_dags/example_dynamic_task_mapping.py for tasks to queue
[2023-12-03T23:13:31.164+0000] {logging_mixin.py:154} INFO - [2023-12-03T23:13:31.164+0000] {dagbag.py:536} INFO - Filling up the DagBag from /home/ubuntu/redfin/lib/python3.10/site-packages/airflow/example_dags/example_dynamic_task_mapping.py
[2023-12-03T23:13:31.173+0000] {processor.py:839} INFO - DAG(s) dict_keys(['example_dynamic_task_mapping']) retrieved from /home/ubuntu/redfin/lib/python3.10/site-packages/airflow/example_dags/example_dynamic_task_mapping.py
[2023-12-03T23:13:31.190+0000] {logging_mixin.py:154} INFO - [2023-12-03T23:13:31.190+0000] {dag.py:2941} INFO - Sync 1 DAGs
[2023-12-03T23:13:31.212+0000] {logging_mixin.py:154} INFO - [2023-12-03T23:13:31.212+0000] {dag.py:3722} INFO - Setting next_dagrun for example_dynamic_task_mapping to 2022-03-04T00:00:00+00:00, run_after=2022-03-05T00:00:00+00:00
[2023-12-03T23:13:31.235+0000] {processor.py:179} INFO - Processing /home/ubuntu/redfin/lib/python3.10/site-packages/airflow/example_dags/example_dynamic_task_mapping.py took 0.077 seconds
[2023-12-03T23:14:16.651+0000] {processor.py:157} INFO - Started process (PID=4168) to work on /home/ubuntu/redfin/lib/python3.10/site-packages/airflow/example_dags/example_dynamic_task_mapping.py
[2023-12-03T23:14:16.652+0000] {processor.py:829} INFO - Processing file /home/ubuntu/redfin/lib/python3.10/site-packages/airflow/example_dags/example_dynamic_task_mapping.py for tasks to queue
[2023-12-03T23:14:16.653+0000] {logging_mixin.py:154} INFO - [2023-12-03T23:14:16.653+0000] {dagbag.py:536} INFO - Filling up the DagBag from /home/ubuntu/redfin/lib/python3.10/site-packages/airflow/example_dags/example_dynamic_task_mapping.py
[2023-12-03T23:14:16.662+0000] {processor.py:839} INFO - DAG(s) dict_keys(['example_dynamic_task_mapping']) retrieved from /home/ubuntu/redfin/lib/python3.10/site-packages/airflow/example_dags/example_dynamic_task_mapping.py
[2023-12-03T23:14:16.678+0000] {logging_mixin.py:154} INFO - [2023-12-03T23:14:16.678+0000] {dag.py:2941} INFO - Sync 1 DAGs
[2023-12-03T23:14:16.700+0000] {logging_mixin.py:154} INFO - [2023-12-03T23:14:16.700+0000] {dag.py:3722} INFO - Setting next_dagrun for example_dynamic_task_mapping to 2022-03-04T00:00:00+00:00, run_after=2022-03-05T00:00:00+00:00
[2023-12-03T23:14:16.723+0000] {processor.py:179} INFO - Processing /home/ubuntu/redfin/lib/python3.10/site-packages/airflow/example_dags/example_dynamic_task_mapping.py took 0.075 seconds
[2023-12-03T23:15:05.735+0000] {processor.py:157} INFO - Started process (PID=4220) to work on /home/ubuntu/redfin/lib/python3.10/site-packages/airflow/example_dags/example_dynamic_task_mapping.py
[2023-12-03T23:15:05.736+0000] {processor.py:829} INFO - Processing file /home/ubuntu/redfin/lib/python3.10/site-packages/airflow/example_dags/example_dynamic_task_mapping.py for tasks to queue
[2023-12-03T23:15:05.737+0000] {logging_mixin.py:154} INFO - [2023-12-03T23:15:05.737+0000] {dagbag.py:536} INFO - Filling up the DagBag from /home/ubuntu/redfin/lib/python3.10/site-packages/airflow/example_dags/example_dynamic_task_mapping.py
[2023-12-03T23:15:05.745+0000] {processor.py:839} INFO - DAG(s) dict_keys(['example_dynamic_task_mapping']) retrieved from /home/ubuntu/redfin/lib/python3.10/site-packages/airflow/example_dags/example_dynamic_task_mapping.py
[2023-12-03T23:15:05.762+0000] {logging_mixin.py:154} INFO - [2023-12-03T23:15:05.762+0000] {dag.py:2941} INFO - Sync 1 DAGs
[2023-12-03T23:15:05.783+0000] {logging_mixin.py:154} INFO - [2023-12-03T23:15:05.783+0000] {dag.py:3722} INFO - Setting next_dagrun for example_dynamic_task_mapping to 2022-03-04T00:00:00+00:00, run_after=2022-03-05T00:00:00+00:00
[2023-12-03T23:15:05.805+0000] {processor.py:179} INFO - Processing /home/ubuntu/redfin/lib/python3.10/site-packages/airflow/example_dags/example_dynamic_task_mapping.py took 0.074 seconds
[2023-12-03T23:15:55.307+0000] {processor.py:157} INFO - Started process (PID=4276) to work on /home/ubuntu/redfin/lib/python3.10/site-packages/airflow/example_dags/example_dynamic_task_mapping.py
[2023-12-03T23:15:55.308+0000] {processor.py:829} INFO - Processing file /home/ubuntu/redfin/lib/python3.10/site-packages/airflow/example_dags/example_dynamic_task_mapping.py for tasks to queue
[2023-12-03T23:15:55.309+0000] {logging_mixin.py:154} INFO - [2023-12-03T23:15:55.309+0000] {dagbag.py:536} INFO - Filling up the DagBag from /home/ubuntu/redfin/lib/python3.10/site-packages/airflow/example_dags/example_dynamic_task_mapping.py
[2023-12-03T23:15:55.318+0000] {processor.py:839} INFO - DAG(s) dict_keys(['example_dynamic_task_mapping']) retrieved from /home/ubuntu/redfin/lib/python3.10/site-packages/airflow/example_dags/example_dynamic_task_mapping.py
[2023-12-03T23:15:55.335+0000] {logging_mixin.py:154} INFO - [2023-12-03T23:15:55.335+0000] {dag.py:2941} INFO - Sync 1 DAGs
[2023-12-03T23:15:55.358+0000] {logging_mixin.py:154} INFO - [2023-12-03T23:15:55.358+0000] {dag.py:3722} INFO - Setting next_dagrun for example_dynamic_task_mapping to 2022-03-04T00:00:00+00:00, run_after=2022-03-05T00:00:00+00:00
[2023-12-03T23:15:55.382+0000] {processor.py:179} INFO - Processing /home/ubuntu/redfin/lib/python3.10/site-packages/airflow/example_dags/example_dynamic_task_mapping.py took 0.079 seconds
[2023-12-03T23:16:41.892+0000] {processor.py:157} INFO - Started process (PID=4327) to work on /home/ubuntu/redfin/lib/python3.10/site-packages/airflow/example_dags/example_dynamic_task_mapping.py
[2023-12-03T23:16:41.893+0000] {processor.py:829} INFO - Processing file /home/ubuntu/redfin/lib/python3.10/site-packages/airflow/example_dags/example_dynamic_task_mapping.py for tasks to queue
[2023-12-03T23:16:41.894+0000] {logging_mixin.py:154} INFO - [2023-12-03T23:16:41.893+0000] {dagbag.py:536} INFO - Filling up the DagBag from /home/ubuntu/redfin/lib/python3.10/site-packages/airflow/example_dags/example_dynamic_task_mapping.py
[2023-12-03T23:16:41.902+0000] {processor.py:839} INFO - DAG(s) dict_keys(['example_dynamic_task_mapping']) retrieved from /home/ubuntu/redfin/lib/python3.10/site-packages/airflow/example_dags/example_dynamic_task_mapping.py
[2023-12-03T23:16:41.920+0000] {logging_mixin.py:154} INFO - [2023-12-03T23:16:41.919+0000] {dag.py:2941} INFO - Sync 1 DAGs
[2023-12-03T23:16:41.941+0000] {logging_mixin.py:154} INFO - [2023-12-03T23:16:41.941+0000] {dag.py:3722} INFO - Setting next_dagrun for example_dynamic_task_mapping to 2022-03-04T00:00:00+00:00, run_after=2022-03-05T00:00:00+00:00
[2023-12-03T23:16:41.964+0000] {processor.py:179} INFO - Processing /home/ubuntu/redfin/lib/python3.10/site-packages/airflow/example_dags/example_dynamic_task_mapping.py took 0.076 seconds
[2023-12-03T23:17:29.708+0000] {processor.py:157} INFO - Started process (PID=4384) to work on /home/ubuntu/redfin/lib/python3.10/site-packages/airflow/example_dags/example_dynamic_task_mapping.py
[2023-12-03T23:17:29.709+0000] {processor.py:829} INFO - Processing file /home/ubuntu/redfin/lib/python3.10/site-packages/airflow/example_dags/example_dynamic_task_mapping.py for tasks to queue
[2023-12-03T23:17:29.710+0000] {logging_mixin.py:154} INFO - [2023-12-03T23:17:29.709+0000] {dagbag.py:536} INFO - Filling up the DagBag from /home/ubuntu/redfin/lib/python3.10/site-packages/airflow/example_dags/example_dynamic_task_mapping.py
[2023-12-03T23:17:29.718+0000] {processor.py:839} INFO - DAG(s) dict_keys(['example_dynamic_task_mapping']) retrieved from /home/ubuntu/redfin/lib/python3.10/site-packages/airflow/example_dags/example_dynamic_task_mapping.py
[2023-12-03T23:17:29.735+0000] {logging_mixin.py:154} INFO - [2023-12-03T23:17:29.734+0000] {dag.py:2941} INFO - Sync 1 DAGs
[2023-12-03T23:17:29.755+0000] {logging_mixin.py:154} INFO - [2023-12-03T23:17:29.755+0000] {dag.py:3722} INFO - Setting next_dagrun for example_dynamic_task_mapping to 2022-03-04T00:00:00+00:00, run_after=2022-03-05T00:00:00+00:00
[2023-12-03T23:17:29.776+0000] {processor.py:179} INFO - Processing /home/ubuntu/redfin/lib/python3.10/site-packages/airflow/example_dags/example_dynamic_task_mapping.py took 0.072 seconds
[2023-12-03T23:18:14.103+0000] {processor.py:157} INFO - Started process (PID=4433) to work on /home/ubuntu/redfin/lib/python3.10/site-packages/airflow/example_dags/example_dynamic_task_mapping.py
[2023-12-03T23:18:14.104+0000] {processor.py:829} INFO - Processing file /home/ubuntu/redfin/lib/python3.10/site-packages/airflow/example_dags/example_dynamic_task_mapping.py for tasks to queue
[2023-12-03T23:18:14.105+0000] {logging_mixin.py:154} INFO - [2023-12-03T23:18:14.104+0000] {dagbag.py:536} INFO - Filling up the DagBag from /home/ubuntu/redfin/lib/python3.10/site-packages/airflow/example_dags/example_dynamic_task_mapping.py
[2023-12-03T23:18:14.113+0000] {processor.py:839} INFO - DAG(s) dict_keys(['example_dynamic_task_mapping']) retrieved from /home/ubuntu/redfin/lib/python3.10/site-packages/airflow/example_dags/example_dynamic_task_mapping.py
[2023-12-03T23:18:14.129+0000] {logging_mixin.py:154} INFO - [2023-12-03T23:18:14.129+0000] {dag.py:2941} INFO - Sync 1 DAGs
[2023-12-03T23:18:14.150+0000] {logging_mixin.py:154} INFO - [2023-12-03T23:18:14.150+0000] {dag.py:3722} INFO - Setting next_dagrun for example_dynamic_task_mapping to 2022-03-04T00:00:00+00:00, run_after=2022-03-05T00:00:00+00:00
[2023-12-03T23:18:14.172+0000] {processor.py:179} INFO - Processing /home/ubuntu/redfin/lib/python3.10/site-packages/airflow/example_dags/example_dynamic_task_mapping.py took 0.073 seconds
[2023-12-03T23:18:58.113+0000] {processor.py:157} INFO - Started process (PID=4484) to work on /home/ubuntu/redfin/lib/python3.10/site-packages/airflow/example_dags/example_dynamic_task_mapping.py
[2023-12-03T23:18:58.114+0000] {processor.py:829} INFO - Processing file /home/ubuntu/redfin/lib/python3.10/site-packages/airflow/example_dags/example_dynamic_task_mapping.py for tasks to queue
[2023-12-03T23:18:58.115+0000] {logging_mixin.py:154} INFO - [2023-12-03T23:18:58.115+0000] {dagbag.py:536} INFO - Filling up the DagBag from /home/ubuntu/redfin/lib/python3.10/site-packages/airflow/example_dags/example_dynamic_task_mapping.py
[2023-12-03T23:18:58.124+0000] {processor.py:839} INFO - DAG(s) dict_keys(['example_dynamic_task_mapping']) retrieved from /home/ubuntu/redfin/lib/python3.10/site-packages/airflow/example_dags/example_dynamic_task_mapping.py
[2023-12-03T23:18:58.143+0000] {logging_mixin.py:154} INFO - [2023-12-03T23:18:58.143+0000] {dag.py:2941} INFO - Sync 1 DAGs
[2023-12-03T23:18:58.165+0000] {logging_mixin.py:154} INFO - [2023-12-03T23:18:58.165+0000] {dag.py:3722} INFO - Setting next_dagrun for example_dynamic_task_mapping to 2022-03-04T00:00:00+00:00, run_after=2022-03-05T00:00:00+00:00
[2023-12-03T23:18:58.187+0000] {processor.py:179} INFO - Processing /home/ubuntu/redfin/lib/python3.10/site-packages/airflow/example_dags/example_dynamic_task_mapping.py took 0.078 seconds
[2023-12-03T23:19:41.699+0000] {processor.py:157} INFO - Started process (PID=4531) to work on /home/ubuntu/redfin/lib/python3.10/site-packages/airflow/example_dags/example_dynamic_task_mapping.py
[2023-12-03T23:19:41.701+0000] {processor.py:829} INFO - Processing file /home/ubuntu/redfin/lib/python3.10/site-packages/airflow/example_dags/example_dynamic_task_mapping.py for tasks to queue
[2023-12-03T23:19:41.702+0000] {logging_mixin.py:154} INFO - [2023-12-03T23:19:41.701+0000] {dagbag.py:536} INFO - Filling up the DagBag from /home/ubuntu/redfin/lib/python3.10/site-packages/airflow/example_dags/example_dynamic_task_mapping.py
[2023-12-03T23:19:41.710+0000] {processor.py:839} INFO - DAG(s) dict_keys(['example_dynamic_task_mapping']) retrieved from /home/ubuntu/redfin/lib/python3.10/site-packages/airflow/example_dags/example_dynamic_task_mapping.py
[2023-12-03T23:19:41.726+0000] {logging_mixin.py:154} INFO - [2023-12-03T23:19:41.726+0000] {dag.py:2941} INFO - Sync 1 DAGs
[2023-12-03T23:19:41.747+0000] {logging_mixin.py:154} INFO - [2023-12-03T23:19:41.747+0000] {dag.py:3722} INFO - Setting next_dagrun for example_dynamic_task_mapping to 2022-03-04T00:00:00+00:00, run_after=2022-03-05T00:00:00+00:00
[2023-12-03T23:19:41.770+0000] {processor.py:179} INFO - Processing /home/ubuntu/redfin/lib/python3.10/site-packages/airflow/example_dags/example_dynamic_task_mapping.py took 0.074 seconds
[2023-12-03T23:20:25.672+0000] {processor.py:157} INFO - Started process (PID=4580) to work on /home/ubuntu/redfin/lib/python3.10/site-packages/airflow/example_dags/example_dynamic_task_mapping.py
[2023-12-03T23:20:25.674+0000] {processor.py:829} INFO - Processing file /home/ubuntu/redfin/lib/python3.10/site-packages/airflow/example_dags/example_dynamic_task_mapping.py for tasks to queue
[2023-12-03T23:20:25.675+0000] {logging_mixin.py:154} INFO - [2023-12-03T23:20:25.674+0000] {dagbag.py:536} INFO - Filling up the DagBag from /home/ubuntu/redfin/lib/python3.10/site-packages/airflow/example_dags/example_dynamic_task_mapping.py
[2023-12-03T23:20:25.683+0000] {processor.py:839} INFO - DAG(s) dict_keys(['example_dynamic_task_mapping']) retrieved from /home/ubuntu/redfin/lib/python3.10/site-packages/airflow/example_dags/example_dynamic_task_mapping.py
[2023-12-03T23:20:25.699+0000] {logging_mixin.py:154} INFO - [2023-12-03T23:20:25.699+0000] {dag.py:2941} INFO - Sync 1 DAGs
[2023-12-03T23:20:25.719+0000] {logging_mixin.py:154} INFO - [2023-12-03T23:20:25.719+0000] {dag.py:3722} INFO - Setting next_dagrun for example_dynamic_task_mapping to 2022-03-04T00:00:00+00:00, run_after=2022-03-05T00:00:00+00:00
[2023-12-03T23:20:25.740+0000] {processor.py:179} INFO - Processing /home/ubuntu/redfin/lib/python3.10/site-packages/airflow/example_dags/example_dynamic_task_mapping.py took 0.072 seconds
[2023-12-03T23:21:08.655+0000] {processor.py:157} INFO - Started process (PID=4627) to work on /home/ubuntu/redfin/lib/python3.10/site-packages/airflow/example_dags/example_dynamic_task_mapping.py
[2023-12-03T23:21:08.656+0000] {processor.py:829} INFO - Processing file /home/ubuntu/redfin/lib/python3.10/site-packages/airflow/example_dags/example_dynamic_task_mapping.py for tasks to queue
[2023-12-03T23:21:08.657+0000] {logging_mixin.py:154} INFO - [2023-12-03T23:21:08.656+0000] {dagbag.py:536} INFO - Filling up the DagBag from /home/ubuntu/redfin/lib/python3.10/site-packages/airflow/example_dags/example_dynamic_task_mapping.py
[2023-12-03T23:21:08.665+0000] {processor.py:839} INFO - DAG(s) dict_keys(['example_dynamic_task_mapping']) retrieved from /home/ubuntu/redfin/lib/python3.10/site-packages/airflow/example_dags/example_dynamic_task_mapping.py
[2023-12-03T23:21:08.682+0000] {logging_mixin.py:154} INFO - [2023-12-03T23:21:08.682+0000] {dag.py:2941} INFO - Sync 1 DAGs
[2023-12-03T23:21:08.704+0000] {logging_mixin.py:154} INFO - [2023-12-03T23:21:08.704+0000] {dag.py:3722} INFO - Setting next_dagrun for example_dynamic_task_mapping to 2022-03-04T00:00:00+00:00, run_after=2022-03-05T00:00:00+00:00
[2023-12-03T23:21:08.728+0000] {processor.py:179} INFO - Processing /home/ubuntu/redfin/lib/python3.10/site-packages/airflow/example_dags/example_dynamic_task_mapping.py took 0.077 seconds
[2023-12-03T23:21:58.911+0000] {processor.py:157} INFO - Started process (PID=4682) to work on /home/ubuntu/redfin/lib/python3.10/site-packages/airflow/example_dags/example_dynamic_task_mapping.py
[2023-12-03T23:21:58.913+0000] {processor.py:829} INFO - Processing file /home/ubuntu/redfin/lib/python3.10/site-packages/airflow/example_dags/example_dynamic_task_mapping.py for tasks to queue
[2023-12-03T23:21:58.914+0000] {logging_mixin.py:154} INFO - [2023-12-03T23:21:58.913+0000] {dagbag.py:536} INFO - Filling up the DagBag from /home/ubuntu/redfin/lib/python3.10/site-packages/airflow/example_dags/example_dynamic_task_mapping.py
[2023-12-03T23:21:58.922+0000] {processor.py:839} INFO - DAG(s) dict_keys(['example_dynamic_task_mapping']) retrieved from /home/ubuntu/redfin/lib/python3.10/site-packages/airflow/example_dags/example_dynamic_task_mapping.py
[2023-12-03T23:21:58.939+0000] {logging_mixin.py:154} INFO - [2023-12-03T23:21:58.939+0000] {dag.py:2941} INFO - Sync 1 DAGs
[2023-12-03T23:21:58.960+0000] {logging_mixin.py:154} INFO - [2023-12-03T23:21:58.959+0000] {dag.py:3722} INFO - Setting next_dagrun for example_dynamic_task_mapping to 2022-03-04T00:00:00+00:00, run_after=2022-03-05T00:00:00+00:00
[2023-12-03T23:21:58.982+0000] {processor.py:179} INFO - Processing /home/ubuntu/redfin/lib/python3.10/site-packages/airflow/example_dags/example_dynamic_task_mapping.py took 0.074 seconds
[2023-12-03T23:22:46.307+0000] {processor.py:157} INFO - Started process (PID=4735) to work on /home/ubuntu/redfin/lib/python3.10/site-packages/airflow/example_dags/example_dynamic_task_mapping.py
[2023-12-03T23:22:46.309+0000] {processor.py:829} INFO - Processing file /home/ubuntu/redfin/lib/python3.10/site-packages/airflow/example_dags/example_dynamic_task_mapping.py for tasks to queue
[2023-12-03T23:22:46.310+0000] {logging_mixin.py:154} INFO - [2023-12-03T23:22:46.309+0000] {dagbag.py:536} INFO - Filling up the DagBag from /home/ubuntu/redfin/lib/python3.10/site-packages/airflow/example_dags/example_dynamic_task_mapping.py
[2023-12-03T23:22:46.318+0000] {processor.py:839} INFO - DAG(s) dict_keys(['example_dynamic_task_mapping']) retrieved from /home/ubuntu/redfin/lib/python3.10/site-packages/airflow/example_dags/example_dynamic_task_mapping.py
[2023-12-03T23:22:46.334+0000] {logging_mixin.py:154} INFO - [2023-12-03T23:22:46.334+0000] {dag.py:2941} INFO - Sync 1 DAGs
[2023-12-03T23:22:46.356+0000] {logging_mixin.py:154} INFO - [2023-12-03T23:22:46.356+0000] {dag.py:3722} INFO - Setting next_dagrun for example_dynamic_task_mapping to 2022-03-04T00:00:00+00:00, run_after=2022-03-05T00:00:00+00:00
[2023-12-03T23:22:46.378+0000] {processor.py:179} INFO - Processing /home/ubuntu/redfin/lib/python3.10/site-packages/airflow/example_dags/example_dynamic_task_mapping.py took 0.075 seconds
[2023-12-03T23:23:31.537+0000] {processor.py:157} INFO - Started process (PID=4785) to work on /home/ubuntu/redfin/lib/python3.10/site-packages/airflow/example_dags/example_dynamic_task_mapping.py
[2023-12-03T23:23:31.539+0000] {processor.py:829} INFO - Processing file /home/ubuntu/redfin/lib/python3.10/site-packages/airflow/example_dags/example_dynamic_task_mapping.py for tasks to queue
[2023-12-03T23:23:31.540+0000] {logging_mixin.py:154} INFO - [2023-12-03T23:23:31.539+0000] {dagbag.py:536} INFO - Filling up the DagBag from /home/ubuntu/redfin/lib/python3.10/site-packages/airflow/example_dags/example_dynamic_task_mapping.py
[2023-12-03T23:23:31.548+0000] {processor.py:839} INFO - DAG(s) dict_keys(['example_dynamic_task_mapping']) retrieved from /home/ubuntu/redfin/lib/python3.10/site-packages/airflow/example_dags/example_dynamic_task_mapping.py
[2023-12-03T23:23:31.566+0000] {logging_mixin.py:154} INFO - [2023-12-03T23:23:31.566+0000] {dag.py:2941} INFO - Sync 1 DAGs
[2023-12-03T23:23:31.589+0000] {logging_mixin.py:154} INFO - [2023-12-03T23:23:31.589+0000] {dag.py:3722} INFO - Setting next_dagrun for example_dynamic_task_mapping to 2022-03-04T00:00:00+00:00, run_after=2022-03-05T00:00:00+00:00
[2023-12-03T23:23:31.612+0000] {processor.py:179} INFO - Processing /home/ubuntu/redfin/lib/python3.10/site-packages/airflow/example_dags/example_dynamic_task_mapping.py took 0.079 seconds
[2023-12-03T23:24:20.404+0000] {processor.py:157} INFO - Started process (PID=4839) to work on /home/ubuntu/redfin/lib/python3.10/site-packages/airflow/example_dags/example_dynamic_task_mapping.py
[2023-12-03T23:24:20.405+0000] {processor.py:829} INFO - Processing file /home/ubuntu/redfin/lib/python3.10/site-packages/airflow/example_dags/example_dynamic_task_mapping.py for tasks to queue
[2023-12-03T23:24:20.406+0000] {logging_mixin.py:154} INFO - [2023-12-03T23:24:20.406+0000] {dagbag.py:536} INFO - Filling up the DagBag from /home/ubuntu/redfin/lib/python3.10/site-packages/airflow/example_dags/example_dynamic_task_mapping.py
[2023-12-03T23:24:20.414+0000] {processor.py:839} INFO - DAG(s) dict_keys(['example_dynamic_task_mapping']) retrieved from /home/ubuntu/redfin/lib/python3.10/site-packages/airflow/example_dags/example_dynamic_task_mapping.py
[2023-12-03T23:24:20.431+0000] {logging_mixin.py:154} INFO - [2023-12-03T23:24:20.430+0000] {dag.py:2941} INFO - Sync 1 DAGs
[2023-12-03T23:24:20.452+0000] {logging_mixin.py:154} INFO - [2023-12-03T23:24:20.451+0000] {dag.py:3722} INFO - Setting next_dagrun for example_dynamic_task_mapping to 2022-03-04T00:00:00+00:00, run_after=2022-03-05T00:00:00+00:00
[2023-12-03T23:24:20.473+0000] {processor.py:179} INFO - Processing /home/ubuntu/redfin/lib/python3.10/site-packages/airflow/example_dags/example_dynamic_task_mapping.py took 0.073 seconds
[2023-12-03T23:25:07.901+0000] {processor.py:157} INFO - Started process (PID=4889) to work on /home/ubuntu/redfin/lib/python3.10/site-packages/airflow/example_dags/example_dynamic_task_mapping.py
[2023-12-03T23:25:07.902+0000] {processor.py:829} INFO - Processing file /home/ubuntu/redfin/lib/python3.10/site-packages/airflow/example_dags/example_dynamic_task_mapping.py for tasks to queue
[2023-12-03T23:25:07.903+0000] {logging_mixin.py:154} INFO - [2023-12-03T23:25:07.903+0000] {dagbag.py:536} INFO - Filling up the DagBag from /home/ubuntu/redfin/lib/python3.10/site-packages/airflow/example_dags/example_dynamic_task_mapping.py
[2023-12-03T23:25:07.911+0000] {processor.py:839} INFO - DAG(s) dict_keys(['example_dynamic_task_mapping']) retrieved from /home/ubuntu/redfin/lib/python3.10/site-packages/airflow/example_dags/example_dynamic_task_mapping.py
[2023-12-03T23:25:07.928+0000] {logging_mixin.py:154} INFO - [2023-12-03T23:25:07.928+0000] {dag.py:2941} INFO - Sync 1 DAGs
[2023-12-03T23:25:07.949+0000] {logging_mixin.py:154} INFO - [2023-12-03T23:25:07.949+0000] {dag.py:3722} INFO - Setting next_dagrun for example_dynamic_task_mapping to 2022-03-04T00:00:00+00:00, run_after=2022-03-05T00:00:00+00:00
[2023-12-03T23:25:07.971+0000] {processor.py:179} INFO - Processing /home/ubuntu/redfin/lib/python3.10/site-packages/airflow/example_dags/example_dynamic_task_mapping.py took 0.075 seconds
[2023-12-03T23:25:56.198+0000] {processor.py:157} INFO - Started process (PID=4944) to work on /home/ubuntu/redfin/lib/python3.10/site-packages/airflow/example_dags/example_dynamic_task_mapping.py
[2023-12-03T23:25:56.200+0000] {processor.py:829} INFO - Processing file /home/ubuntu/redfin/lib/python3.10/site-packages/airflow/example_dags/example_dynamic_task_mapping.py for tasks to queue
[2023-12-03T23:25:56.201+0000] {logging_mixin.py:154} INFO - [2023-12-03T23:25:56.200+0000] {dagbag.py:536} INFO - Filling up the DagBag from /home/ubuntu/redfin/lib/python3.10/site-packages/airflow/example_dags/example_dynamic_task_mapping.py
[2023-12-03T23:25:56.209+0000] {processor.py:839} INFO - DAG(s) dict_keys(['example_dynamic_task_mapping']) retrieved from /home/ubuntu/redfin/lib/python3.10/site-packages/airflow/example_dags/example_dynamic_task_mapping.py
[2023-12-03T23:25:56.228+0000] {logging_mixin.py:154} INFO - [2023-12-03T23:25:56.228+0000] {dag.py:2941} INFO - Sync 1 DAGs
[2023-12-03T23:25:56.251+0000] {logging_mixin.py:154} INFO - [2023-12-03T23:25:56.251+0000] {dag.py:3722} INFO - Setting next_dagrun for example_dynamic_task_mapping to 2022-03-04T00:00:00+00:00, run_after=2022-03-05T00:00:00+00:00
[2023-12-03T23:25:56.275+0000] {processor.py:179} INFO - Processing /home/ubuntu/redfin/lib/python3.10/site-packages/airflow/example_dags/example_dynamic_task_mapping.py took 0.081 seconds
[2023-12-03T23:26:43.170+0000] {processor.py:157} INFO - Started process (PID=4996) to work on /home/ubuntu/redfin/lib/python3.10/site-packages/airflow/example_dags/example_dynamic_task_mapping.py
[2023-12-03T23:26:43.172+0000] {processor.py:829} INFO - Processing file /home/ubuntu/redfin/lib/python3.10/site-packages/airflow/example_dags/example_dynamic_task_mapping.py for tasks to queue
[2023-12-03T23:26:43.172+0000] {logging_mixin.py:154} INFO - [2023-12-03T23:26:43.172+0000] {dagbag.py:536} INFO - Filling up the DagBag from /home/ubuntu/redfin/lib/python3.10/site-packages/airflow/example_dags/example_dynamic_task_mapping.py
[2023-12-03T23:26:43.181+0000] {processor.py:839} INFO - DAG(s) dict_keys(['example_dynamic_task_mapping']) retrieved from /home/ubuntu/redfin/lib/python3.10/site-packages/airflow/example_dags/example_dynamic_task_mapping.py
[2023-12-03T23:26:43.198+0000] {logging_mixin.py:154} INFO - [2023-12-03T23:26:43.198+0000] {dag.py:2941} INFO - Sync 1 DAGs
[2023-12-03T23:26:43.218+0000] {logging_mixin.py:154} INFO - [2023-12-03T23:26:43.218+0000] {dag.py:3722} INFO - Setting next_dagrun for example_dynamic_task_mapping to 2022-03-04T00:00:00+00:00, run_after=2022-03-05T00:00:00+00:00
[2023-12-03T23:26:43.241+0000] {processor.py:179} INFO - Processing /home/ubuntu/redfin/lib/python3.10/site-packages/airflow/example_dags/example_dynamic_task_mapping.py took 0.074 seconds
[2023-12-03T23:27:26.628+0000] {processor.py:157} INFO - Started process (PID=5045) to work on /home/ubuntu/redfin/lib/python3.10/site-packages/airflow/example_dags/example_dynamic_task_mapping.py
[2023-12-03T23:27:26.629+0000] {processor.py:829} INFO - Processing file /home/ubuntu/redfin/lib/python3.10/site-packages/airflow/example_dags/example_dynamic_task_mapping.py for tasks to queue
[2023-12-03T23:27:26.630+0000] {logging_mixin.py:154} INFO - [2023-12-03T23:27:26.630+0000] {dagbag.py:536} INFO - Filling up the DagBag from /home/ubuntu/redfin/lib/python3.10/site-packages/airflow/example_dags/example_dynamic_task_mapping.py
[2023-12-03T23:27:26.639+0000] {processor.py:839} INFO - DAG(s) dict_keys(['example_dynamic_task_mapping']) retrieved from /home/ubuntu/redfin/lib/python3.10/site-packages/airflow/example_dags/example_dynamic_task_mapping.py
[2023-12-03T23:27:26.657+0000] {logging_mixin.py:154} INFO - [2023-12-03T23:27:26.657+0000] {dag.py:2941} INFO - Sync 1 DAGs
[2023-12-03T23:27:26.678+0000] {logging_mixin.py:154} INFO - [2023-12-03T23:27:26.678+0000] {dag.py:3722} INFO - Setting next_dagrun for example_dynamic_task_mapping to 2022-03-04T00:00:00+00:00, run_after=2022-03-05T00:00:00+00:00
[2023-12-03T23:27:26.703+0000] {processor.py:179} INFO - Processing /home/ubuntu/redfin/lib/python3.10/site-packages/airflow/example_dags/example_dynamic_task_mapping.py took 0.079 seconds
[2023-12-03T23:28:09.140+0000] {processor.py:157} INFO - Started process (PID=5092) to work on /home/ubuntu/redfin/lib/python3.10/site-packages/airflow/example_dags/example_dynamic_task_mapping.py
[2023-12-03T23:28:09.142+0000] {processor.py:829} INFO - Processing file /home/ubuntu/redfin/lib/python3.10/site-packages/airflow/example_dags/example_dynamic_task_mapping.py for tasks to queue
[2023-12-03T23:28:09.143+0000] {logging_mixin.py:154} INFO - [2023-12-03T23:28:09.142+0000] {dagbag.py:536} INFO - Filling up the DagBag from /home/ubuntu/redfin/lib/python3.10/site-packages/airflow/example_dags/example_dynamic_task_mapping.py
[2023-12-03T23:28:09.151+0000] {processor.py:839} INFO - DAG(s) dict_keys(['example_dynamic_task_mapping']) retrieved from /home/ubuntu/redfin/lib/python3.10/site-packages/airflow/example_dags/example_dynamic_task_mapping.py
[2023-12-03T23:28:09.168+0000] {logging_mixin.py:154} INFO - [2023-12-03T23:28:09.168+0000] {dag.py:2941} INFO - Sync 1 DAGs
[2023-12-03T23:28:09.191+0000] {logging_mixin.py:154} INFO - [2023-12-03T23:28:09.190+0000] {dag.py:3722} INFO - Setting next_dagrun for example_dynamic_task_mapping to 2022-03-04T00:00:00+00:00, run_after=2022-03-05T00:00:00+00:00
[2023-12-03T23:28:09.214+0000] {processor.py:179} INFO - Processing /home/ubuntu/redfin/lib/python3.10/site-packages/airflow/example_dags/example_dynamic_task_mapping.py took 0.077 seconds
[2023-12-03T23:28:57.125+0000] {processor.py:157} INFO - Started process (PID=5143) to work on /home/ubuntu/redfin/lib/python3.10/site-packages/airflow/example_dags/example_dynamic_task_mapping.py
[2023-12-03T23:28:57.126+0000] {processor.py:829} INFO - Processing file /home/ubuntu/redfin/lib/python3.10/site-packages/airflow/example_dags/example_dynamic_task_mapping.py for tasks to queue
[2023-12-03T23:28:57.127+0000] {logging_mixin.py:154} INFO - [2023-12-03T23:28:57.127+0000] {dagbag.py:536} INFO - Filling up the DagBag from /home/ubuntu/redfin/lib/python3.10/site-packages/airflow/example_dags/example_dynamic_task_mapping.py
[2023-12-03T23:28:57.135+0000] {processor.py:839} INFO - DAG(s) dict_keys(['example_dynamic_task_mapping']) retrieved from /home/ubuntu/redfin/lib/python3.10/site-packages/airflow/example_dags/example_dynamic_task_mapping.py
[2023-12-03T23:28:57.152+0000] {logging_mixin.py:154} INFO - [2023-12-03T23:28:57.152+0000] {dag.py:2941} INFO - Sync 1 DAGs
[2023-12-03T23:28:57.174+0000] {logging_mixin.py:154} INFO - [2023-12-03T23:28:57.173+0000] {dag.py:3722} INFO - Setting next_dagrun for example_dynamic_task_mapping to 2022-03-04T00:00:00+00:00, run_after=2022-03-05T00:00:00+00:00
[2023-12-03T23:28:57.198+0000] {processor.py:179} INFO - Processing /home/ubuntu/redfin/lib/python3.10/site-packages/airflow/example_dags/example_dynamic_task_mapping.py took 0.077 seconds
[2023-12-03T23:29:45.981+0000] {processor.py:157} INFO - Started process (PID=5196) to work on /home/ubuntu/redfin/lib/python3.10/site-packages/airflow/example_dags/example_dynamic_task_mapping.py
[2023-12-03T23:29:45.983+0000] {processor.py:829} INFO - Processing file /home/ubuntu/redfin/lib/python3.10/site-packages/airflow/example_dags/example_dynamic_task_mapping.py for tasks to queue
[2023-12-03T23:29:45.984+0000] {logging_mixin.py:154} INFO - [2023-12-03T23:29:45.983+0000] {dagbag.py:536} INFO - Filling up the DagBag from /home/ubuntu/redfin/lib/python3.10/site-packages/airflow/example_dags/example_dynamic_task_mapping.py
[2023-12-03T23:29:45.992+0000] {processor.py:839} INFO - DAG(s) dict_keys(['example_dynamic_task_mapping']) retrieved from /home/ubuntu/redfin/lib/python3.10/site-packages/airflow/example_dags/example_dynamic_task_mapping.py
[2023-12-03T23:29:46.008+0000] {logging_mixin.py:154} INFO - [2023-12-03T23:29:46.008+0000] {dag.py:2941} INFO - Sync 1 DAGs
[2023-12-03T23:29:46.030+0000] {logging_mixin.py:154} INFO - [2023-12-03T23:29:46.030+0000] {dag.py:3722} INFO - Setting next_dagrun for example_dynamic_task_mapping to 2022-03-04T00:00:00+00:00, run_after=2022-03-05T00:00:00+00:00
[2023-12-03T23:29:46.051+0000] {processor.py:179} INFO - Processing /home/ubuntu/redfin/lib/python3.10/site-packages/airflow/example_dags/example_dynamic_task_mapping.py took 0.074 seconds
[2023-12-03T23:30:34.565+0000] {processor.py:157} INFO - Started process (PID=5250) to work on /home/ubuntu/redfin/lib/python3.10/site-packages/airflow/example_dags/example_dynamic_task_mapping.py
[2023-12-03T23:30:34.566+0000] {processor.py:829} INFO - Processing file /home/ubuntu/redfin/lib/python3.10/site-packages/airflow/example_dags/example_dynamic_task_mapping.py for tasks to queue
[2023-12-03T23:30:34.567+0000] {logging_mixin.py:154} INFO - [2023-12-03T23:30:34.567+0000] {dagbag.py:536} INFO - Filling up the DagBag from /home/ubuntu/redfin/lib/python3.10/site-packages/airflow/example_dags/example_dynamic_task_mapping.py
[2023-12-03T23:30:34.576+0000] {processor.py:839} INFO - DAG(s) dict_keys(['example_dynamic_task_mapping']) retrieved from /home/ubuntu/redfin/lib/python3.10/site-packages/airflow/example_dags/example_dynamic_task_mapping.py
[2023-12-03T23:30:34.594+0000] {logging_mixin.py:154} INFO - [2023-12-03T23:30:34.594+0000] {dag.py:2941} INFO - Sync 1 DAGs
[2023-12-03T23:30:34.616+0000] {logging_mixin.py:154} INFO - [2023-12-03T23:30:34.616+0000] {dag.py:3722} INFO - Setting next_dagrun for example_dynamic_task_mapping to 2022-03-04T00:00:00+00:00, run_after=2022-03-05T00:00:00+00:00
[2023-12-03T23:30:34.640+0000] {processor.py:179} INFO - Processing /home/ubuntu/redfin/lib/python3.10/site-packages/airflow/example_dags/example_dynamic_task_mapping.py took 0.079 seconds
[2023-12-03T23:31:18.997+0000] {processor.py:157} INFO - Started process (PID=5299) to work on /home/ubuntu/redfin/lib/python3.10/site-packages/airflow/example_dags/example_dynamic_task_mapping.py
[2023-12-03T23:31:18.999+0000] {processor.py:829} INFO - Processing file /home/ubuntu/redfin/lib/python3.10/site-packages/airflow/example_dags/example_dynamic_task_mapping.py for tasks to queue
[2023-12-03T23:31:19.000+0000] {logging_mixin.py:154} INFO - [2023-12-03T23:31:18.999+0000] {dagbag.py:536} INFO - Filling up the DagBag from /home/ubuntu/redfin/lib/python3.10/site-packages/airflow/example_dags/example_dynamic_task_mapping.py
[2023-12-03T23:31:19.009+0000] {processor.py:839} INFO - DAG(s) dict_keys(['example_dynamic_task_mapping']) retrieved from /home/ubuntu/redfin/lib/python3.10/site-packages/airflow/example_dags/example_dynamic_task_mapping.py
[2023-12-03T23:31:19.028+0000] {logging_mixin.py:154} INFO - [2023-12-03T23:31:19.027+0000] {dag.py:2941} INFO - Sync 1 DAGs
[2023-12-03T23:31:19.053+0000] {logging_mixin.py:154} INFO - [2023-12-03T23:31:19.053+0000] {dag.py:3722} INFO - Setting next_dagrun for example_dynamic_task_mapping to 2022-03-04T00:00:00+00:00, run_after=2022-03-05T00:00:00+00:00
[2023-12-03T23:31:19.077+0000] {processor.py:179} INFO - Processing /home/ubuntu/redfin/lib/python3.10/site-packages/airflow/example_dags/example_dynamic_task_mapping.py took 0.084 seconds
[2023-12-03T23:32:07.120+0000] {processor.py:157} INFO - Started process (PID=5351) to work on /home/ubuntu/redfin/lib/python3.10/site-packages/airflow/example_dags/example_dynamic_task_mapping.py
[2023-12-03T23:32:07.121+0000] {processor.py:829} INFO - Processing file /home/ubuntu/redfin/lib/python3.10/site-packages/airflow/example_dags/example_dynamic_task_mapping.py for tasks to queue
[2023-12-03T23:32:07.122+0000] {logging_mixin.py:154} INFO - [2023-12-03T23:32:07.122+0000] {dagbag.py:536} INFO - Filling up the DagBag from /home/ubuntu/redfin/lib/python3.10/site-packages/airflow/example_dags/example_dynamic_task_mapping.py
[2023-12-03T23:32:07.130+0000] {processor.py:839} INFO - DAG(s) dict_keys(['example_dynamic_task_mapping']) retrieved from /home/ubuntu/redfin/lib/python3.10/site-packages/airflow/example_dags/example_dynamic_task_mapping.py
[2023-12-03T23:32:07.148+0000] {logging_mixin.py:154} INFO - [2023-12-03T23:32:07.147+0000] {dag.py:2941} INFO - Sync 1 DAGs
[2023-12-03T23:32:07.169+0000] {logging_mixin.py:154} INFO - [2023-12-03T23:32:07.169+0000] {dag.py:3722} INFO - Setting next_dagrun for example_dynamic_task_mapping to 2022-03-04T00:00:00+00:00, run_after=2022-03-05T00:00:00+00:00
[2023-12-03T23:32:07.191+0000] {processor.py:179} INFO - Processing /home/ubuntu/redfin/lib/python3.10/site-packages/airflow/example_dags/example_dynamic_task_mapping.py took 0.074 seconds
[2023-12-03T23:32:50.156+0000] {processor.py:157} INFO - Started process (PID=5400) to work on /home/ubuntu/redfin/lib/python3.10/site-packages/airflow/example_dags/example_dynamic_task_mapping.py
[2023-12-03T23:32:50.157+0000] {processor.py:829} INFO - Processing file /home/ubuntu/redfin/lib/python3.10/site-packages/airflow/example_dags/example_dynamic_task_mapping.py for tasks to queue
[2023-12-03T23:32:50.158+0000] {logging_mixin.py:154} INFO - [2023-12-03T23:32:50.158+0000] {dagbag.py:536} INFO - Filling up the DagBag from /home/ubuntu/redfin/lib/python3.10/site-packages/airflow/example_dags/example_dynamic_task_mapping.py
[2023-12-03T23:32:50.166+0000] {processor.py:839} INFO - DAG(s) dict_keys(['example_dynamic_task_mapping']) retrieved from /home/ubuntu/redfin/lib/python3.10/site-packages/airflow/example_dags/example_dynamic_task_mapping.py
[2023-12-03T23:32:50.184+0000] {logging_mixin.py:154} INFO - [2023-12-03T23:32:50.183+0000] {dag.py:2941} INFO - Sync 1 DAGs
[2023-12-03T23:32:50.205+0000] {logging_mixin.py:154} INFO - [2023-12-03T23:32:50.205+0000] {dag.py:3722} INFO - Setting next_dagrun for example_dynamic_task_mapping to 2022-03-04T00:00:00+00:00, run_after=2022-03-05T00:00:00+00:00
[2023-12-03T23:32:50.228+0000] {processor.py:179} INFO - Processing /home/ubuntu/redfin/lib/python3.10/site-packages/airflow/example_dags/example_dynamic_task_mapping.py took 0.076 seconds
[2023-12-03T23:33:36.845+0000] {processor.py:157} INFO - Started process (PID=5449) to work on /home/ubuntu/redfin/lib/python3.10/site-packages/airflow/example_dags/example_dynamic_task_mapping.py
[2023-12-03T23:33:36.846+0000] {processor.py:829} INFO - Processing file /home/ubuntu/redfin/lib/python3.10/site-packages/airflow/example_dags/example_dynamic_task_mapping.py for tasks to queue
[2023-12-03T23:33:36.847+0000] {logging_mixin.py:154} INFO - [2023-12-03T23:33:36.847+0000] {dagbag.py:536} INFO - Filling up the DagBag from /home/ubuntu/redfin/lib/python3.10/site-packages/airflow/example_dags/example_dynamic_task_mapping.py
[2023-12-03T23:33:36.856+0000] {processor.py:839} INFO - DAG(s) dict_keys(['example_dynamic_task_mapping']) retrieved from /home/ubuntu/redfin/lib/python3.10/site-packages/airflow/example_dags/example_dynamic_task_mapping.py
[2023-12-03T23:33:36.873+0000] {logging_mixin.py:154} INFO - [2023-12-03T23:33:36.873+0000] {dag.py:2941} INFO - Sync 1 DAGs
[2023-12-03T23:33:36.894+0000] {logging_mixin.py:154} INFO - [2023-12-03T23:33:36.894+0000] {dag.py:3722} INFO - Setting next_dagrun for example_dynamic_task_mapping to 2022-03-04T00:00:00+00:00, run_after=2022-03-05T00:00:00+00:00
[2023-12-03T23:33:36.917+0000] {processor.py:179} INFO - Processing /home/ubuntu/redfin/lib/python3.10/site-packages/airflow/example_dags/example_dynamic_task_mapping.py took 0.076 seconds
[2023-12-03T23:34:22.628+0000] {processor.py:157} INFO - Started process (PID=5502) to work on /home/ubuntu/redfin/lib/python3.10/site-packages/airflow/example_dags/example_dynamic_task_mapping.py
[2023-12-03T23:34:22.630+0000] {processor.py:829} INFO - Processing file /home/ubuntu/redfin/lib/python3.10/site-packages/airflow/example_dags/example_dynamic_task_mapping.py for tasks to queue
[2023-12-03T23:34:22.631+0000] {logging_mixin.py:154} INFO - [2023-12-03T23:34:22.630+0000] {dagbag.py:536} INFO - Filling up the DagBag from /home/ubuntu/redfin/lib/python3.10/site-packages/airflow/example_dags/example_dynamic_task_mapping.py
[2023-12-03T23:34:22.639+0000] {processor.py:839} INFO - DAG(s) dict_keys(['example_dynamic_task_mapping']) retrieved from /home/ubuntu/redfin/lib/python3.10/site-packages/airflow/example_dags/example_dynamic_task_mapping.py
[2023-12-03T23:34:22.656+0000] {logging_mixin.py:154} INFO - [2023-12-03T23:34:22.656+0000] {dag.py:2941} INFO - Sync 1 DAGs
[2023-12-03T23:34:22.678+0000] {logging_mixin.py:154} INFO - [2023-12-03T23:34:22.677+0000] {dag.py:3722} INFO - Setting next_dagrun for example_dynamic_task_mapping to 2022-03-04T00:00:00+00:00, run_after=2022-03-05T00:00:00+00:00
[2023-12-03T23:34:22.701+0000] {processor.py:179} INFO - Processing /home/ubuntu/redfin/lib/python3.10/site-packages/airflow/example_dags/example_dynamic_task_mapping.py took 0.076 seconds
[2023-12-03T23:35:12.589+0000] {processor.py:157} INFO - Started process (PID=5554) to work on /home/ubuntu/redfin/lib/python3.10/site-packages/airflow/example_dags/example_dynamic_task_mapping.py
[2023-12-03T23:35:12.590+0000] {processor.py:829} INFO - Processing file /home/ubuntu/redfin/lib/python3.10/site-packages/airflow/example_dags/example_dynamic_task_mapping.py for tasks to queue
[2023-12-03T23:35:12.591+0000] {logging_mixin.py:154} INFO - [2023-12-03T23:35:12.591+0000] {dagbag.py:536} INFO - Filling up the DagBag from /home/ubuntu/redfin/lib/python3.10/site-packages/airflow/example_dags/example_dynamic_task_mapping.py
[2023-12-03T23:35:12.600+0000] {processor.py:839} INFO - DAG(s) dict_keys(['example_dynamic_task_mapping']) retrieved from /home/ubuntu/redfin/lib/python3.10/site-packages/airflow/example_dags/example_dynamic_task_mapping.py
[2023-12-03T23:35:12.618+0000] {logging_mixin.py:154} INFO - [2023-12-03T23:35:12.617+0000] {dag.py:2941} INFO - Sync 1 DAGs
[2023-12-03T23:35:12.640+0000] {logging_mixin.py:154} INFO - [2023-12-03T23:35:12.639+0000] {dag.py:3722} INFO - Setting next_dagrun for example_dynamic_task_mapping to 2022-03-04T00:00:00+00:00, run_after=2022-03-05T00:00:00+00:00
[2023-12-03T23:35:12.664+0000] {processor.py:179} INFO - Processing /home/ubuntu/redfin/lib/python3.10/site-packages/airflow/example_dags/example_dynamic_task_mapping.py took 0.079 seconds
[2023-12-03T23:36:01.126+0000] {processor.py:157} INFO - Started process (PID=5609) to work on /home/ubuntu/redfin/lib/python3.10/site-packages/airflow/example_dags/example_dynamic_task_mapping.py
[2023-12-03T23:36:01.127+0000] {processor.py:829} INFO - Processing file /home/ubuntu/redfin/lib/python3.10/site-packages/airflow/example_dags/example_dynamic_task_mapping.py for tasks to queue
[2023-12-03T23:36:01.128+0000] {logging_mixin.py:154} INFO - [2023-12-03T23:36:01.128+0000] {dagbag.py:536} INFO - Filling up the DagBag from /home/ubuntu/redfin/lib/python3.10/site-packages/airflow/example_dags/example_dynamic_task_mapping.py
[2023-12-03T23:36:01.136+0000] {processor.py:839} INFO - DAG(s) dict_keys(['example_dynamic_task_mapping']) retrieved from /home/ubuntu/redfin/lib/python3.10/site-packages/airflow/example_dags/example_dynamic_task_mapping.py
[2023-12-03T23:36:01.154+0000] {logging_mixin.py:154} INFO - [2023-12-03T23:36:01.153+0000] {dag.py:2941} INFO - Sync 1 DAGs
[2023-12-03T23:36:01.176+0000] {logging_mixin.py:154} INFO - [2023-12-03T23:36:01.175+0000] {dag.py:3722} INFO - Setting next_dagrun for example_dynamic_task_mapping to 2022-03-04T00:00:00+00:00, run_after=2022-03-05T00:00:00+00:00
[2023-12-03T23:36:01.198+0000] {processor.py:179} INFO - Processing /home/ubuntu/redfin/lib/python3.10/site-packages/airflow/example_dags/example_dynamic_task_mapping.py took 0.076 seconds
[2023-12-03T23:36:52.516+0000] {processor.py:157} INFO - Started process (PID=5663) to work on /home/ubuntu/redfin/lib/python3.10/site-packages/airflow/example_dags/example_dynamic_task_mapping.py
[2023-12-03T23:36:52.518+0000] {processor.py:829} INFO - Processing file /home/ubuntu/redfin/lib/python3.10/site-packages/airflow/example_dags/example_dynamic_task_mapping.py for tasks to queue
[2023-12-03T23:36:52.519+0000] {logging_mixin.py:154} INFO - [2023-12-03T23:36:52.518+0000] {dagbag.py:536} INFO - Filling up the DagBag from /home/ubuntu/redfin/lib/python3.10/site-packages/airflow/example_dags/example_dynamic_task_mapping.py
[2023-12-03T23:36:52.527+0000] {processor.py:839} INFO - DAG(s) dict_keys(['example_dynamic_task_mapping']) retrieved from /home/ubuntu/redfin/lib/python3.10/site-packages/airflow/example_dags/example_dynamic_task_mapping.py
[2023-12-03T23:36:52.545+0000] {logging_mixin.py:154} INFO - [2023-12-03T23:36:52.545+0000] {dag.py:2941} INFO - Sync 1 DAGs
[2023-12-03T23:36:52.568+0000] {logging_mixin.py:154} INFO - [2023-12-03T23:36:52.568+0000] {dag.py:3722} INFO - Setting next_dagrun for example_dynamic_task_mapping to 2022-03-04T00:00:00+00:00, run_after=2022-03-05T00:00:00+00:00
[2023-12-03T23:36:52.591+0000] {processor.py:179} INFO - Processing /home/ubuntu/redfin/lib/python3.10/site-packages/airflow/example_dags/example_dynamic_task_mapping.py took 0.078 seconds
[2023-12-03T23:37:40.125+0000] {processor.py:157} INFO - Started process (PID=5717) to work on /home/ubuntu/redfin/lib/python3.10/site-packages/airflow/example_dags/example_dynamic_task_mapping.py
[2023-12-03T23:37:40.127+0000] {processor.py:829} INFO - Processing file /home/ubuntu/redfin/lib/python3.10/site-packages/airflow/example_dags/example_dynamic_task_mapping.py for tasks to queue
[2023-12-03T23:37:40.128+0000] {logging_mixin.py:154} INFO - [2023-12-03T23:37:40.127+0000] {dagbag.py:536} INFO - Filling up the DagBag from /home/ubuntu/redfin/lib/python3.10/site-packages/airflow/example_dags/example_dynamic_task_mapping.py
[2023-12-03T23:37:40.136+0000] {processor.py:839} INFO - DAG(s) dict_keys(['example_dynamic_task_mapping']) retrieved from /home/ubuntu/redfin/lib/python3.10/site-packages/airflow/example_dags/example_dynamic_task_mapping.py
[2023-12-03T23:37:40.153+0000] {logging_mixin.py:154} INFO - [2023-12-03T23:37:40.153+0000] {dag.py:2941} INFO - Sync 1 DAGs
[2023-12-03T23:37:40.173+0000] {logging_mixin.py:154} INFO - [2023-12-03T23:37:40.173+0000] {dag.py:3722} INFO - Setting next_dagrun for example_dynamic_task_mapping to 2022-03-04T00:00:00+00:00, run_after=2022-03-05T00:00:00+00:00
[2023-12-03T23:37:40.197+0000] {processor.py:179} INFO - Processing /home/ubuntu/redfin/lib/python3.10/site-packages/airflow/example_dags/example_dynamic_task_mapping.py took 0.076 seconds
[2023-12-03T23:38:25.047+0000] {processor.py:157} INFO - Started process (PID=5766) to work on /home/ubuntu/redfin/lib/python3.10/site-packages/airflow/example_dags/example_dynamic_task_mapping.py
[2023-12-03T23:38:25.048+0000] {processor.py:829} INFO - Processing file /home/ubuntu/redfin/lib/python3.10/site-packages/airflow/example_dags/example_dynamic_task_mapping.py for tasks to queue
[2023-12-03T23:38:25.049+0000] {logging_mixin.py:154} INFO - [2023-12-03T23:38:25.049+0000] {dagbag.py:536} INFO - Filling up the DagBag from /home/ubuntu/redfin/lib/python3.10/site-packages/airflow/example_dags/example_dynamic_task_mapping.py
[2023-12-03T23:38:25.057+0000] {processor.py:839} INFO - DAG(s) dict_keys(['example_dynamic_task_mapping']) retrieved from /home/ubuntu/redfin/lib/python3.10/site-packages/airflow/example_dags/example_dynamic_task_mapping.py
[2023-12-03T23:38:25.074+0000] {logging_mixin.py:154} INFO - [2023-12-03T23:38:25.074+0000] {dag.py:2941} INFO - Sync 1 DAGs
[2023-12-03T23:38:25.095+0000] {logging_mixin.py:154} INFO - [2023-12-03T23:38:25.095+0000] {dag.py:3722} INFO - Setting next_dagrun for example_dynamic_task_mapping to 2022-03-04T00:00:00+00:00, run_after=2022-03-05T00:00:00+00:00
[2023-12-03T23:38:25.116+0000] {processor.py:179} INFO - Processing /home/ubuntu/redfin/lib/python3.10/site-packages/airflow/example_dags/example_dynamic_task_mapping.py took 0.073 seconds
[2023-12-03T23:39:12.415+0000] {processor.py:157} INFO - Started process (PID=5817) to work on /home/ubuntu/redfin/lib/python3.10/site-packages/airflow/example_dags/example_dynamic_task_mapping.py
[2023-12-03T23:39:12.417+0000] {processor.py:829} INFO - Processing file /home/ubuntu/redfin/lib/python3.10/site-packages/airflow/example_dags/example_dynamic_task_mapping.py for tasks to queue
[2023-12-03T23:39:12.418+0000] {logging_mixin.py:154} INFO - [2023-12-03T23:39:12.417+0000] {dagbag.py:536} INFO - Filling up the DagBag from /home/ubuntu/redfin/lib/python3.10/site-packages/airflow/example_dags/example_dynamic_task_mapping.py
[2023-12-03T23:39:12.426+0000] {processor.py:839} INFO - DAG(s) dict_keys(['example_dynamic_task_mapping']) retrieved from /home/ubuntu/redfin/lib/python3.10/site-packages/airflow/example_dags/example_dynamic_task_mapping.py
[2023-12-03T23:39:12.444+0000] {logging_mixin.py:154} INFO - [2023-12-03T23:39:12.444+0000] {dag.py:2941} INFO - Sync 1 DAGs
[2023-12-03T23:39:12.466+0000] {logging_mixin.py:154} INFO - [2023-12-03T23:39:12.466+0000] {dag.py:3722} INFO - Setting next_dagrun for example_dynamic_task_mapping to 2022-03-04T00:00:00+00:00, run_after=2022-03-05T00:00:00+00:00
[2023-12-03T23:39:12.488+0000] {processor.py:179} INFO - Processing /home/ubuntu/redfin/lib/python3.10/site-packages/airflow/example_dags/example_dynamic_task_mapping.py took 0.077 seconds
[2023-12-03T23:39:57.825+0000] {processor.py:157} INFO - Started process (PID=5867) to work on /home/ubuntu/redfin/lib/python3.10/site-packages/airflow/example_dags/example_dynamic_task_mapping.py
[2023-12-03T23:39:57.826+0000] {processor.py:829} INFO - Processing file /home/ubuntu/redfin/lib/python3.10/site-packages/airflow/example_dags/example_dynamic_task_mapping.py for tasks to queue
[2023-12-03T23:39:57.827+0000] {logging_mixin.py:154} INFO - [2023-12-03T23:39:57.827+0000] {dagbag.py:536} INFO - Filling up the DagBag from /home/ubuntu/redfin/lib/python3.10/site-packages/airflow/example_dags/example_dynamic_task_mapping.py
[2023-12-03T23:39:57.835+0000] {processor.py:839} INFO - DAG(s) dict_keys(['example_dynamic_task_mapping']) retrieved from /home/ubuntu/redfin/lib/python3.10/site-packages/airflow/example_dags/example_dynamic_task_mapping.py
[2023-12-03T23:39:57.852+0000] {logging_mixin.py:154} INFO - [2023-12-03T23:39:57.852+0000] {dag.py:2941} INFO - Sync 1 DAGs
[2023-12-03T23:39:57.874+0000] {logging_mixin.py:154} INFO - [2023-12-03T23:39:57.874+0000] {dag.py:3722} INFO - Setting next_dagrun for example_dynamic_task_mapping to 2022-03-04T00:00:00+00:00, run_after=2022-03-05T00:00:00+00:00
[2023-12-03T23:39:57.897+0000] {processor.py:179} INFO - Processing /home/ubuntu/redfin/lib/python3.10/site-packages/airflow/example_dags/example_dynamic_task_mapping.py took 0.076 seconds
[2023-12-03T23:40:47.093+0000] {processor.py:157} INFO - Started process (PID=5919) to work on /home/ubuntu/redfin/lib/python3.10/site-packages/airflow/example_dags/example_dynamic_task_mapping.py
[2023-12-03T23:40:47.094+0000] {processor.py:829} INFO - Processing file /home/ubuntu/redfin/lib/python3.10/site-packages/airflow/example_dags/example_dynamic_task_mapping.py for tasks to queue
[2023-12-03T23:40:47.095+0000] {logging_mixin.py:154} INFO - [2023-12-03T23:40:47.095+0000] {dagbag.py:536} INFO - Filling up the DagBag from /home/ubuntu/redfin/lib/python3.10/site-packages/airflow/example_dags/example_dynamic_task_mapping.py
[2023-12-03T23:40:47.103+0000] {processor.py:839} INFO - DAG(s) dict_keys(['example_dynamic_task_mapping']) retrieved from /home/ubuntu/redfin/lib/python3.10/site-packages/airflow/example_dags/example_dynamic_task_mapping.py
[2023-12-03T23:40:47.120+0000] {logging_mixin.py:154} INFO - [2023-12-03T23:40:47.120+0000] {dag.py:2941} INFO - Sync 1 DAGs
[2023-12-03T23:40:47.142+0000] {logging_mixin.py:154} INFO - [2023-12-03T23:40:47.141+0000] {dag.py:3722} INFO - Setting next_dagrun for example_dynamic_task_mapping to 2022-03-04T00:00:00+00:00, run_after=2022-03-05T00:00:00+00:00
[2023-12-03T23:40:47.164+0000] {processor.py:179} INFO - Processing /home/ubuntu/redfin/lib/python3.10/site-packages/airflow/example_dags/example_dynamic_task_mapping.py took 0.075 seconds
[2023-12-03T23:41:37.911+0000] {processor.py:157} INFO - Started process (PID=5976) to work on /home/ubuntu/redfin/lib/python3.10/site-packages/airflow/example_dags/example_dynamic_task_mapping.py
[2023-12-03T23:41:37.912+0000] {processor.py:829} INFO - Processing file /home/ubuntu/redfin/lib/python3.10/site-packages/airflow/example_dags/example_dynamic_task_mapping.py for tasks to queue
[2023-12-03T23:41:37.913+0000] {logging_mixin.py:154} INFO - [2023-12-03T23:41:37.913+0000] {dagbag.py:536} INFO - Filling up the DagBag from /home/ubuntu/redfin/lib/python3.10/site-packages/airflow/example_dags/example_dynamic_task_mapping.py
[2023-12-03T23:41:37.921+0000] {processor.py:839} INFO - DAG(s) dict_keys(['example_dynamic_task_mapping']) retrieved from /home/ubuntu/redfin/lib/python3.10/site-packages/airflow/example_dags/example_dynamic_task_mapping.py
[2023-12-03T23:41:37.939+0000] {logging_mixin.py:154} INFO - [2023-12-03T23:41:37.938+0000] {dag.py:2941} INFO - Sync 1 DAGs
[2023-12-03T23:41:37.961+0000] {logging_mixin.py:154} INFO - [2023-12-03T23:41:37.960+0000] {dag.py:3722} INFO - Setting next_dagrun for example_dynamic_task_mapping to 2022-03-04T00:00:00+00:00, run_after=2022-03-05T00:00:00+00:00
[2023-12-03T23:41:37.982+0000] {processor.py:179} INFO - Processing /home/ubuntu/redfin/lib/python3.10/site-packages/airflow/example_dags/example_dynamic_task_mapping.py took 0.075 seconds
[2023-12-03T23:42:22.976+0000] {processor.py:157} INFO - Started process (PID=6025) to work on /home/ubuntu/redfin/lib/python3.10/site-packages/airflow/example_dags/example_dynamic_task_mapping.py
[2023-12-03T23:42:22.977+0000] {processor.py:829} INFO - Processing file /home/ubuntu/redfin/lib/python3.10/site-packages/airflow/example_dags/example_dynamic_task_mapping.py for tasks to queue
[2023-12-03T23:42:22.978+0000] {logging_mixin.py:154} INFO - [2023-12-03T23:42:22.978+0000] {dagbag.py:536} INFO - Filling up the DagBag from /home/ubuntu/redfin/lib/python3.10/site-packages/airflow/example_dags/example_dynamic_task_mapping.py
[2023-12-03T23:42:22.986+0000] {processor.py:839} INFO - DAG(s) dict_keys(['example_dynamic_task_mapping']) retrieved from /home/ubuntu/redfin/lib/python3.10/site-packages/airflow/example_dags/example_dynamic_task_mapping.py
[2023-12-03T23:42:23.003+0000] {logging_mixin.py:154} INFO - [2023-12-03T23:42:23.003+0000] {dag.py:2941} INFO - Sync 1 DAGs
[2023-12-03T23:42:23.024+0000] {logging_mixin.py:154} INFO - [2023-12-03T23:42:23.023+0000] {dag.py:3722} INFO - Setting next_dagrun for example_dynamic_task_mapping to 2022-03-04T00:00:00+00:00, run_after=2022-03-05T00:00:00+00:00
[2023-12-03T23:42:23.046+0000] {processor.py:179} INFO - Processing /home/ubuntu/redfin/lib/python3.10/site-packages/airflow/example_dags/example_dynamic_task_mapping.py took 0.073 seconds
[2023-12-03T23:43:10.557+0000] {processor.py:157} INFO - Started process (PID=6077) to work on /home/ubuntu/redfin/lib/python3.10/site-packages/airflow/example_dags/example_dynamic_task_mapping.py
[2023-12-03T23:43:10.559+0000] {processor.py:829} INFO - Processing file /home/ubuntu/redfin/lib/python3.10/site-packages/airflow/example_dags/example_dynamic_task_mapping.py for tasks to queue
[2023-12-03T23:43:10.560+0000] {logging_mixin.py:154} INFO - [2023-12-03T23:43:10.559+0000] {dagbag.py:536} INFO - Filling up the DagBag from /home/ubuntu/redfin/lib/python3.10/site-packages/airflow/example_dags/example_dynamic_task_mapping.py
[2023-12-03T23:43:10.568+0000] {processor.py:839} INFO - DAG(s) dict_keys(['example_dynamic_task_mapping']) retrieved from /home/ubuntu/redfin/lib/python3.10/site-packages/airflow/example_dags/example_dynamic_task_mapping.py
[2023-12-03T23:43:10.584+0000] {logging_mixin.py:154} INFO - [2023-12-03T23:43:10.584+0000] {dag.py:2941} INFO - Sync 1 DAGs
[2023-12-03T23:43:10.606+0000] {logging_mixin.py:154} INFO - [2023-12-03T23:43:10.605+0000] {dag.py:3722} INFO - Setting next_dagrun for example_dynamic_task_mapping to 2022-03-04T00:00:00+00:00, run_after=2022-03-05T00:00:00+00:00
[2023-12-03T23:43:10.627+0000] {processor.py:179} INFO - Processing /home/ubuntu/redfin/lib/python3.10/site-packages/airflow/example_dags/example_dynamic_task_mapping.py took 0.073 seconds
[2023-12-03T23:43:58.949+0000] {processor.py:157} INFO - Started process (PID=6240) to work on /home/ubuntu/redfin/lib/python3.10/site-packages/airflow/example_dags/example_dynamic_task_mapping.py
[2023-12-03T23:43:58.950+0000] {processor.py:829} INFO - Processing file /home/ubuntu/redfin/lib/python3.10/site-packages/airflow/example_dags/example_dynamic_task_mapping.py for tasks to queue
[2023-12-03T23:43:58.951+0000] {logging_mixin.py:154} INFO - [2023-12-03T23:43:58.951+0000] {dagbag.py:536} INFO - Filling up the DagBag from /home/ubuntu/redfin/lib/python3.10/site-packages/airflow/example_dags/example_dynamic_task_mapping.py
[2023-12-03T23:43:58.959+0000] {processor.py:839} INFO - DAG(s) dict_keys(['example_dynamic_task_mapping']) retrieved from /home/ubuntu/redfin/lib/python3.10/site-packages/airflow/example_dags/example_dynamic_task_mapping.py
[2023-12-03T23:43:58.975+0000] {logging_mixin.py:154} INFO - [2023-12-03T23:43:58.975+0000] {dag.py:2941} INFO - Sync 1 DAGs
[2023-12-03T23:43:58.997+0000] {logging_mixin.py:154} INFO - [2023-12-03T23:43:58.997+0000] {dag.py:3722} INFO - Setting next_dagrun for example_dynamic_task_mapping to 2022-03-04T00:00:00+00:00, run_after=2022-03-05T00:00:00+00:00
[2023-12-03T23:43:59.018+0000] {processor.py:179} INFO - Processing /home/ubuntu/redfin/lib/python3.10/site-packages/airflow/example_dags/example_dynamic_task_mapping.py took 0.073 seconds
[2023-12-03T23:44:41.231+0000] {processor.py:157} INFO - Started process (PID=6587) to work on /home/ubuntu/redfin/lib/python3.10/site-packages/airflow/example_dags/example_dynamic_task_mapping.py
[2023-12-03T23:44:41.232+0000] {processor.py:829} INFO - Processing file /home/ubuntu/redfin/lib/python3.10/site-packages/airflow/example_dags/example_dynamic_task_mapping.py for tasks to queue
[2023-12-03T23:44:41.233+0000] {logging_mixin.py:154} INFO - [2023-12-03T23:44:41.232+0000] {dagbag.py:536} INFO - Filling up the DagBag from /home/ubuntu/redfin/lib/python3.10/site-packages/airflow/example_dags/example_dynamic_task_mapping.py
[2023-12-03T23:44:41.241+0000] {processor.py:839} INFO - DAG(s) dict_keys(['example_dynamic_task_mapping']) retrieved from /home/ubuntu/redfin/lib/python3.10/site-packages/airflow/example_dags/example_dynamic_task_mapping.py
[2023-12-03T23:44:41.257+0000] {logging_mixin.py:154} INFO - [2023-12-03T23:44:41.257+0000] {dag.py:2941} INFO - Sync 1 DAGs
[2023-12-03T23:44:41.278+0000] {logging_mixin.py:154} INFO - [2023-12-03T23:44:41.278+0000] {dag.py:3722} INFO - Setting next_dagrun for example_dynamic_task_mapping to 2022-03-04T00:00:00+00:00, run_after=2022-03-05T00:00:00+00:00
[2023-12-03T23:44:41.301+0000] {processor.py:179} INFO - Processing /home/ubuntu/redfin/lib/python3.10/site-packages/airflow/example_dags/example_dynamic_task_mapping.py took 0.074 seconds
[2023-12-03T23:45:23.243+0000] {processor.py:157} INFO - Started process (PID=6632) to work on /home/ubuntu/redfin/lib/python3.10/site-packages/airflow/example_dags/example_dynamic_task_mapping.py
[2023-12-03T23:45:23.244+0000] {processor.py:829} INFO - Processing file /home/ubuntu/redfin/lib/python3.10/site-packages/airflow/example_dags/example_dynamic_task_mapping.py for tasks to queue
[2023-12-03T23:45:23.245+0000] {logging_mixin.py:154} INFO - [2023-12-03T23:45:23.245+0000] {dagbag.py:536} INFO - Filling up the DagBag from /home/ubuntu/redfin/lib/python3.10/site-packages/airflow/example_dags/example_dynamic_task_mapping.py
[2023-12-03T23:45:23.253+0000] {processor.py:839} INFO - DAG(s) dict_keys(['example_dynamic_task_mapping']) retrieved from /home/ubuntu/redfin/lib/python3.10/site-packages/airflow/example_dags/example_dynamic_task_mapping.py
[2023-12-03T23:45:23.270+0000] {logging_mixin.py:154} INFO - [2023-12-03T23:45:23.270+0000] {dag.py:2941} INFO - Sync 1 DAGs
[2023-12-03T23:45:23.291+0000] {logging_mixin.py:154} INFO - [2023-12-03T23:45:23.291+0000] {dag.py:3722} INFO - Setting next_dagrun for example_dynamic_task_mapping to 2022-03-04T00:00:00+00:00, run_after=2022-03-05T00:00:00+00:00
[2023-12-03T23:45:23.314+0000] {processor.py:179} INFO - Processing /home/ubuntu/redfin/lib/python3.10/site-packages/airflow/example_dags/example_dynamic_task_mapping.py took 0.075 seconds
[2023-12-03T23:46:08.449+0000] {processor.py:157} INFO - Started process (PID=6686) to work on /home/ubuntu/redfin/lib/python3.10/site-packages/airflow/example_dags/example_dynamic_task_mapping.py
[2023-12-03T23:46:08.450+0000] {processor.py:829} INFO - Processing file /home/ubuntu/redfin/lib/python3.10/site-packages/airflow/example_dags/example_dynamic_task_mapping.py for tasks to queue
[2023-12-03T23:46:08.451+0000] {logging_mixin.py:154} INFO - [2023-12-03T23:46:08.451+0000] {dagbag.py:536} INFO - Filling up the DagBag from /home/ubuntu/redfin/lib/python3.10/site-packages/airflow/example_dags/example_dynamic_task_mapping.py
[2023-12-03T23:46:08.460+0000] {processor.py:839} INFO - DAG(s) dict_keys(['example_dynamic_task_mapping']) retrieved from /home/ubuntu/redfin/lib/python3.10/site-packages/airflow/example_dags/example_dynamic_task_mapping.py
[2023-12-03T23:46:08.477+0000] {logging_mixin.py:154} INFO - [2023-12-03T23:46:08.476+0000] {dag.py:2941} INFO - Sync 1 DAGs
[2023-12-03T23:46:08.497+0000] {logging_mixin.py:154} INFO - [2023-12-03T23:46:08.497+0000] {dag.py:3722} INFO - Setting next_dagrun for example_dynamic_task_mapping to 2022-03-04T00:00:00+00:00, run_after=2022-03-05T00:00:00+00:00
[2023-12-03T23:46:08.519+0000] {processor.py:179} INFO - Processing /home/ubuntu/redfin/lib/python3.10/site-packages/airflow/example_dags/example_dynamic_task_mapping.py took 0.074 seconds
[2023-12-03T23:46:54.906+0000] {processor.py:157} INFO - Started process (PID=6738) to work on /home/ubuntu/redfin/lib/python3.10/site-packages/airflow/example_dags/example_dynamic_task_mapping.py
[2023-12-03T23:46:54.907+0000] {processor.py:829} INFO - Processing file /home/ubuntu/redfin/lib/python3.10/site-packages/airflow/example_dags/example_dynamic_task_mapping.py for tasks to queue
[2023-12-03T23:46:54.908+0000] {logging_mixin.py:154} INFO - [2023-12-03T23:46:54.908+0000] {dagbag.py:536} INFO - Filling up the DagBag from /home/ubuntu/redfin/lib/python3.10/site-packages/airflow/example_dags/example_dynamic_task_mapping.py
[2023-12-03T23:46:54.916+0000] {processor.py:839} INFO - DAG(s) dict_keys(['example_dynamic_task_mapping']) retrieved from /home/ubuntu/redfin/lib/python3.10/site-packages/airflow/example_dags/example_dynamic_task_mapping.py
[2023-12-03T23:46:54.935+0000] {logging_mixin.py:154} INFO - [2023-12-03T23:46:54.935+0000] {dag.py:2941} INFO - Sync 1 DAGs
[2023-12-03T23:46:54.959+0000] {logging_mixin.py:154} INFO - [2023-12-03T23:46:54.959+0000] {dag.py:3722} INFO - Setting next_dagrun for example_dynamic_task_mapping to 2022-03-04T00:00:00+00:00, run_after=2022-03-05T00:00:00+00:00
[2023-12-03T23:46:54.982+0000] {processor.py:179} INFO - Processing /home/ubuntu/redfin/lib/python3.10/site-packages/airflow/example_dags/example_dynamic_task_mapping.py took 0.080 seconds
[2023-12-03T23:47:42.677+0000] {processor.py:157} INFO - Started process (PID=6798) to work on /home/ubuntu/redfin/lib/python3.10/site-packages/airflow/example_dags/example_dynamic_task_mapping.py
[2023-12-03T23:47:42.679+0000] {processor.py:829} INFO - Processing file /home/ubuntu/redfin/lib/python3.10/site-packages/airflow/example_dags/example_dynamic_task_mapping.py for tasks to queue
[2023-12-03T23:47:42.680+0000] {logging_mixin.py:154} INFO - [2023-12-03T23:47:42.679+0000] {dagbag.py:536} INFO - Filling up the DagBag from /home/ubuntu/redfin/lib/python3.10/site-packages/airflow/example_dags/example_dynamic_task_mapping.py
[2023-12-03T23:47:42.688+0000] {processor.py:839} INFO - DAG(s) dict_keys(['example_dynamic_task_mapping']) retrieved from /home/ubuntu/redfin/lib/python3.10/site-packages/airflow/example_dags/example_dynamic_task_mapping.py
[2023-12-03T23:47:42.705+0000] {logging_mixin.py:154} INFO - [2023-12-03T23:47:42.705+0000] {dag.py:2941} INFO - Sync 1 DAGs
[2023-12-03T23:47:42.727+0000] {logging_mixin.py:154} INFO - [2023-12-03T23:47:42.727+0000] {dag.py:3722} INFO - Setting next_dagrun for example_dynamic_task_mapping to 2022-03-04T00:00:00+00:00, run_after=2022-03-05T00:00:00+00:00
[2023-12-03T23:47:42.756+0000] {processor.py:179} INFO - Processing /home/ubuntu/redfin/lib/python3.10/site-packages/airflow/example_dags/example_dynamic_task_mapping.py took 0.082 seconds
[2023-12-03T23:48:32.169+0000] {processor.py:157} INFO - Started process (PID=6879) to work on /home/ubuntu/redfin/lib/python3.10/site-packages/airflow/example_dags/example_dynamic_task_mapping.py
[2023-12-03T23:48:32.171+0000] {processor.py:829} INFO - Processing file /home/ubuntu/redfin/lib/python3.10/site-packages/airflow/example_dags/example_dynamic_task_mapping.py for tasks to queue
[2023-12-03T23:48:32.172+0000] {logging_mixin.py:154} INFO - [2023-12-03T23:48:32.171+0000] {dagbag.py:536} INFO - Filling up the DagBag from /home/ubuntu/redfin/lib/python3.10/site-packages/airflow/example_dags/example_dynamic_task_mapping.py
[2023-12-03T23:48:32.180+0000] {processor.py:839} INFO - DAG(s) dict_keys(['example_dynamic_task_mapping']) retrieved from /home/ubuntu/redfin/lib/python3.10/site-packages/airflow/example_dags/example_dynamic_task_mapping.py
[2023-12-03T23:48:32.197+0000] {logging_mixin.py:154} INFO - [2023-12-03T23:48:32.197+0000] {dag.py:2941} INFO - Sync 1 DAGs
[2023-12-03T23:48:32.218+0000] {logging_mixin.py:154} INFO - [2023-12-03T23:48:32.218+0000] {dag.py:3722} INFO - Setting next_dagrun for example_dynamic_task_mapping to 2022-03-04T00:00:00+00:00, run_after=2022-03-05T00:00:00+00:00
[2023-12-03T23:48:32.240+0000] {processor.py:179} INFO - Processing /home/ubuntu/redfin/lib/python3.10/site-packages/airflow/example_dags/example_dynamic_task_mapping.py took 0.074 seconds
[2023-12-03T23:49:22.833+0000] {processor.py:157} INFO - Started process (PID=6934) to work on /home/ubuntu/redfin/lib/python3.10/site-packages/airflow/example_dags/example_dynamic_task_mapping.py
[2023-12-03T23:49:22.835+0000] {processor.py:829} INFO - Processing file /home/ubuntu/redfin/lib/python3.10/site-packages/airflow/example_dags/example_dynamic_task_mapping.py for tasks to queue
[2023-12-03T23:49:22.836+0000] {logging_mixin.py:154} INFO - [2023-12-03T23:49:22.836+0000] {dagbag.py:536} INFO - Filling up the DagBag from /home/ubuntu/redfin/lib/python3.10/site-packages/airflow/example_dags/example_dynamic_task_mapping.py
[2023-12-03T23:49:22.844+0000] {processor.py:839} INFO - DAG(s) dict_keys(['example_dynamic_task_mapping']) retrieved from /home/ubuntu/redfin/lib/python3.10/site-packages/airflow/example_dags/example_dynamic_task_mapping.py
[2023-12-03T23:49:22.861+0000] {logging_mixin.py:154} INFO - [2023-12-03T23:49:22.861+0000] {dag.py:2941} INFO - Sync 1 DAGs
[2023-12-03T23:49:22.882+0000] {logging_mixin.py:154} INFO - [2023-12-03T23:49:22.882+0000] {dag.py:3722} INFO - Setting next_dagrun for example_dynamic_task_mapping to 2022-03-04T00:00:00+00:00, run_after=2022-03-05T00:00:00+00:00
[2023-12-03T23:49:22.904+0000] {processor.py:179} INFO - Processing /home/ubuntu/redfin/lib/python3.10/site-packages/airflow/example_dags/example_dynamic_task_mapping.py took 0.074 seconds
[2023-12-03T23:50:10.838+0000] {processor.py:157} INFO - Started process (PID=6989) to work on /home/ubuntu/redfin/lib/python3.10/site-packages/airflow/example_dags/example_dynamic_task_mapping.py
[2023-12-03T23:50:10.839+0000] {processor.py:829} INFO - Processing file /home/ubuntu/redfin/lib/python3.10/site-packages/airflow/example_dags/example_dynamic_task_mapping.py for tasks to queue
[2023-12-03T23:50:10.840+0000] {logging_mixin.py:154} INFO - [2023-12-03T23:50:10.840+0000] {dagbag.py:536} INFO - Filling up the DagBag from /home/ubuntu/redfin/lib/python3.10/site-packages/airflow/example_dags/example_dynamic_task_mapping.py
[2023-12-03T23:50:10.848+0000] {processor.py:839} INFO - DAG(s) dict_keys(['example_dynamic_task_mapping']) retrieved from /home/ubuntu/redfin/lib/python3.10/site-packages/airflow/example_dags/example_dynamic_task_mapping.py
[2023-12-03T23:50:10.866+0000] {logging_mixin.py:154} INFO - [2023-12-03T23:50:10.865+0000] {dag.py:2941} INFO - Sync 1 DAGs
[2023-12-03T23:50:10.888+0000] {logging_mixin.py:154} INFO - [2023-12-03T23:50:10.888+0000] {dag.py:3722} INFO - Setting next_dagrun for example_dynamic_task_mapping to 2022-03-04T00:00:00+00:00, run_after=2022-03-05T00:00:00+00:00
[2023-12-03T23:50:10.911+0000] {processor.py:179} INFO - Processing /home/ubuntu/redfin/lib/python3.10/site-packages/airflow/example_dags/example_dynamic_task_mapping.py took 0.077 seconds
[2023-12-03T23:50:58.823+0000] {processor.py:157} INFO - Started process (PID=7041) to work on /home/ubuntu/redfin/lib/python3.10/site-packages/airflow/example_dags/example_dynamic_task_mapping.py
[2023-12-03T23:50:58.825+0000] {processor.py:829} INFO - Processing file /home/ubuntu/redfin/lib/python3.10/site-packages/airflow/example_dags/example_dynamic_task_mapping.py for tasks to queue
[2023-12-03T23:50:58.825+0000] {logging_mixin.py:154} INFO - [2023-12-03T23:50:58.825+0000] {dagbag.py:536} INFO - Filling up the DagBag from /home/ubuntu/redfin/lib/python3.10/site-packages/airflow/example_dags/example_dynamic_task_mapping.py
[2023-12-03T23:50:58.833+0000] {processor.py:839} INFO - DAG(s) dict_keys(['example_dynamic_task_mapping']) retrieved from /home/ubuntu/redfin/lib/python3.10/site-packages/airflow/example_dags/example_dynamic_task_mapping.py
[2023-12-03T23:50:58.850+0000] {logging_mixin.py:154} INFO - [2023-12-03T23:50:58.850+0000] {dag.py:2941} INFO - Sync 1 DAGs
[2023-12-03T23:50:58.871+0000] {logging_mixin.py:154} INFO - [2023-12-03T23:50:58.871+0000] {dag.py:3722} INFO - Setting next_dagrun for example_dynamic_task_mapping to 2022-03-04T00:00:00+00:00, run_after=2022-03-05T00:00:00+00:00
[2023-12-03T23:50:58.893+0000] {processor.py:179} INFO - Processing /home/ubuntu/redfin/lib/python3.10/site-packages/airflow/example_dags/example_dynamic_task_mapping.py took 0.073 seconds
[2023-12-03T23:51:44.120+0000] {processor.py:157} INFO - Started process (PID=7094) to work on /home/ubuntu/redfin/lib/python3.10/site-packages/airflow/example_dags/example_dynamic_task_mapping.py
[2023-12-03T23:51:44.121+0000] {processor.py:829} INFO - Processing file /home/ubuntu/redfin/lib/python3.10/site-packages/airflow/example_dags/example_dynamic_task_mapping.py for tasks to queue
[2023-12-03T23:51:44.122+0000] {logging_mixin.py:154} INFO - [2023-12-03T23:51:44.121+0000] {dagbag.py:536} INFO - Filling up the DagBag from /home/ubuntu/redfin/lib/python3.10/site-packages/airflow/example_dags/example_dynamic_task_mapping.py
[2023-12-03T23:51:44.130+0000] {processor.py:839} INFO - DAG(s) dict_keys(['example_dynamic_task_mapping']) retrieved from /home/ubuntu/redfin/lib/python3.10/site-packages/airflow/example_dags/example_dynamic_task_mapping.py
[2023-12-03T23:51:44.147+0000] {logging_mixin.py:154} INFO - [2023-12-03T23:51:44.147+0000] {dag.py:2941} INFO - Sync 1 DAGs
[2023-12-03T23:51:44.169+0000] {logging_mixin.py:154} INFO - [2023-12-03T23:51:44.168+0000] {dag.py:3722} INFO - Setting next_dagrun for example_dynamic_task_mapping to 2022-03-04T00:00:00+00:00, run_after=2022-03-05T00:00:00+00:00
[2023-12-03T23:51:44.191+0000] {processor.py:179} INFO - Processing /home/ubuntu/redfin/lib/python3.10/site-packages/airflow/example_dags/example_dynamic_task_mapping.py took 0.076 seconds
[2023-12-03T23:52:35.748+0000] {processor.py:157} INFO - Started process (PID=7148) to work on /home/ubuntu/redfin/lib/python3.10/site-packages/airflow/example_dags/example_dynamic_task_mapping.py
[2023-12-03T23:52:35.749+0000] {processor.py:829} INFO - Processing file /home/ubuntu/redfin/lib/python3.10/site-packages/airflow/example_dags/example_dynamic_task_mapping.py for tasks to queue
[2023-12-03T23:52:35.750+0000] {logging_mixin.py:154} INFO - [2023-12-03T23:52:35.750+0000] {dagbag.py:536} INFO - Filling up the DagBag from /home/ubuntu/redfin/lib/python3.10/site-packages/airflow/example_dags/example_dynamic_task_mapping.py
[2023-12-03T23:52:35.758+0000] {processor.py:839} INFO - DAG(s) dict_keys(['example_dynamic_task_mapping']) retrieved from /home/ubuntu/redfin/lib/python3.10/site-packages/airflow/example_dags/example_dynamic_task_mapping.py
[2023-12-03T23:52:35.775+0000] {logging_mixin.py:154} INFO - [2023-12-03T23:52:35.775+0000] {dag.py:2941} INFO - Sync 1 DAGs
[2023-12-03T23:52:35.796+0000] {logging_mixin.py:154} INFO - [2023-12-03T23:52:35.796+0000] {dag.py:3722} INFO - Setting next_dagrun for example_dynamic_task_mapping to 2022-03-04T00:00:00+00:00, run_after=2022-03-05T00:00:00+00:00
[2023-12-03T23:52:35.817+0000] {processor.py:179} INFO - Processing /home/ubuntu/redfin/lib/python3.10/site-packages/airflow/example_dags/example_dynamic_task_mapping.py took 0.073 seconds
[2023-12-03T23:53:25.462+0000] {processor.py:157} INFO - Started process (PID=7202) to work on /home/ubuntu/redfin/lib/python3.10/site-packages/airflow/example_dags/example_dynamic_task_mapping.py
[2023-12-03T23:53:25.464+0000] {processor.py:829} INFO - Processing file /home/ubuntu/redfin/lib/python3.10/site-packages/airflow/example_dags/example_dynamic_task_mapping.py for tasks to queue
[2023-12-03T23:53:25.465+0000] {logging_mixin.py:154} INFO - [2023-12-03T23:53:25.464+0000] {dagbag.py:536} INFO - Filling up the DagBag from /home/ubuntu/redfin/lib/python3.10/site-packages/airflow/example_dags/example_dynamic_task_mapping.py
[2023-12-03T23:53:25.473+0000] {processor.py:839} INFO - DAG(s) dict_keys(['example_dynamic_task_mapping']) retrieved from /home/ubuntu/redfin/lib/python3.10/site-packages/airflow/example_dags/example_dynamic_task_mapping.py
[2023-12-03T23:53:25.489+0000] {logging_mixin.py:154} INFO - [2023-12-03T23:53:25.489+0000] {dag.py:2941} INFO - Sync 1 DAGs
[2023-12-03T23:53:25.511+0000] {logging_mixin.py:154} INFO - [2023-12-03T23:53:25.510+0000] {dag.py:3722} INFO - Setting next_dagrun for example_dynamic_task_mapping to 2022-03-04T00:00:00+00:00, run_after=2022-03-05T00:00:00+00:00
[2023-12-03T23:53:25.533+0000] {processor.py:179} INFO - Processing /home/ubuntu/redfin/lib/python3.10/site-packages/airflow/example_dags/example_dynamic_task_mapping.py took 0.075 seconds
[2023-12-03T23:54:12.766+0000] {processor.py:157} INFO - Started process (PID=7254) to work on /home/ubuntu/redfin/lib/python3.10/site-packages/airflow/example_dags/example_dynamic_task_mapping.py
[2023-12-03T23:54:12.768+0000] {processor.py:829} INFO - Processing file /home/ubuntu/redfin/lib/python3.10/site-packages/airflow/example_dags/example_dynamic_task_mapping.py for tasks to queue
[2023-12-03T23:54:12.769+0000] {logging_mixin.py:154} INFO - [2023-12-03T23:54:12.769+0000] {dagbag.py:536} INFO - Filling up the DagBag from /home/ubuntu/redfin/lib/python3.10/site-packages/airflow/example_dags/example_dynamic_task_mapping.py
[2023-12-03T23:54:12.777+0000] {processor.py:839} INFO - DAG(s) dict_keys(['example_dynamic_task_mapping']) retrieved from /home/ubuntu/redfin/lib/python3.10/site-packages/airflow/example_dags/example_dynamic_task_mapping.py
[2023-12-03T23:54:12.795+0000] {logging_mixin.py:154} INFO - [2023-12-03T23:54:12.795+0000] {dag.py:2941} INFO - Sync 1 DAGs
[2023-12-03T23:54:12.817+0000] {logging_mixin.py:154} INFO - [2023-12-03T23:54:12.816+0000] {dag.py:3722} INFO - Setting next_dagrun for example_dynamic_task_mapping to 2022-03-04T00:00:00+00:00, run_after=2022-03-05T00:00:00+00:00
[2023-12-03T23:54:12.839+0000] {processor.py:179} INFO - Processing /home/ubuntu/redfin/lib/python3.10/site-packages/airflow/example_dags/example_dynamic_task_mapping.py took 0.077 seconds
[2023-12-03T23:55:00.485+0000] {processor.py:157} INFO - Started process (PID=7308) to work on /home/ubuntu/redfin/lib/python3.10/site-packages/airflow/example_dags/example_dynamic_task_mapping.py
[2023-12-03T23:55:00.486+0000] {processor.py:829} INFO - Processing file /home/ubuntu/redfin/lib/python3.10/site-packages/airflow/example_dags/example_dynamic_task_mapping.py for tasks to queue
[2023-12-03T23:55:00.487+0000] {logging_mixin.py:154} INFO - [2023-12-03T23:55:00.487+0000] {dagbag.py:536} INFO - Filling up the DagBag from /home/ubuntu/redfin/lib/python3.10/site-packages/airflow/example_dags/example_dynamic_task_mapping.py
[2023-12-03T23:55:00.495+0000] {processor.py:839} INFO - DAG(s) dict_keys(['example_dynamic_task_mapping']) retrieved from /home/ubuntu/redfin/lib/python3.10/site-packages/airflow/example_dags/example_dynamic_task_mapping.py
[2023-12-03T23:55:00.513+0000] {logging_mixin.py:154} INFO - [2023-12-03T23:55:00.512+0000] {dag.py:2941} INFO - Sync 1 DAGs
[2023-12-03T23:55:00.534+0000] {logging_mixin.py:154} INFO - [2023-12-03T23:55:00.533+0000] {dag.py:3722} INFO - Setting next_dagrun for example_dynamic_task_mapping to 2022-03-04T00:00:00+00:00, run_after=2022-03-05T00:00:00+00:00
[2023-12-03T23:55:00.555+0000] {processor.py:179} INFO - Processing /home/ubuntu/redfin/lib/python3.10/site-packages/airflow/example_dags/example_dynamic_task_mapping.py took 0.074 seconds
[2023-12-03T23:55:47.107+0000] {processor.py:157} INFO - Started process (PID=7359) to work on /home/ubuntu/redfin/lib/python3.10/site-packages/airflow/example_dags/example_dynamic_task_mapping.py
[2023-12-03T23:55:47.109+0000] {processor.py:829} INFO - Processing file /home/ubuntu/redfin/lib/python3.10/site-packages/airflow/example_dags/example_dynamic_task_mapping.py for tasks to queue
[2023-12-03T23:55:47.110+0000] {logging_mixin.py:154} INFO - [2023-12-03T23:55:47.109+0000] {dagbag.py:536} INFO - Filling up the DagBag from /home/ubuntu/redfin/lib/python3.10/site-packages/airflow/example_dags/example_dynamic_task_mapping.py
[2023-12-03T23:55:47.118+0000] {processor.py:839} INFO - DAG(s) dict_keys(['example_dynamic_task_mapping']) retrieved from /home/ubuntu/redfin/lib/python3.10/site-packages/airflow/example_dags/example_dynamic_task_mapping.py
[2023-12-03T23:55:47.134+0000] {logging_mixin.py:154} INFO - [2023-12-03T23:55:47.134+0000] {dag.py:2941} INFO - Sync 1 DAGs
[2023-12-03T23:55:47.155+0000] {logging_mixin.py:154} INFO - [2023-12-03T23:55:47.154+0000] {dag.py:3722} INFO - Setting next_dagrun for example_dynamic_task_mapping to 2022-03-04T00:00:00+00:00, run_after=2022-03-05T00:00:00+00:00
[2023-12-03T23:55:47.176+0000] {processor.py:179} INFO - Processing /home/ubuntu/redfin/lib/python3.10/site-packages/airflow/example_dags/example_dynamic_task_mapping.py took 0.072 seconds
[2023-12-03T23:56:38.076+0000] {processor.py:157} INFO - Started process (PID=7415) to work on /home/ubuntu/redfin/lib/python3.10/site-packages/airflow/example_dags/example_dynamic_task_mapping.py
[2023-12-03T23:56:38.077+0000] {processor.py:829} INFO - Processing file /home/ubuntu/redfin/lib/python3.10/site-packages/airflow/example_dags/example_dynamic_task_mapping.py for tasks to queue
[2023-12-03T23:56:38.078+0000] {logging_mixin.py:154} INFO - [2023-12-03T23:56:38.078+0000] {dagbag.py:536} INFO - Filling up the DagBag from /home/ubuntu/redfin/lib/python3.10/site-packages/airflow/example_dags/example_dynamic_task_mapping.py
[2023-12-03T23:56:38.086+0000] {processor.py:839} INFO - DAG(s) dict_keys(['example_dynamic_task_mapping']) retrieved from /home/ubuntu/redfin/lib/python3.10/site-packages/airflow/example_dags/example_dynamic_task_mapping.py
[2023-12-03T23:56:38.103+0000] {logging_mixin.py:154} INFO - [2023-12-03T23:56:38.103+0000] {dag.py:2941} INFO - Sync 1 DAGs
[2023-12-03T23:56:38.125+0000] {logging_mixin.py:154} INFO - [2023-12-03T23:56:38.125+0000] {dag.py:3722} INFO - Setting next_dagrun for example_dynamic_task_mapping to 2022-03-04T00:00:00+00:00, run_after=2022-03-05T00:00:00+00:00
[2023-12-03T23:56:38.146+0000] {processor.py:179} INFO - Processing /home/ubuntu/redfin/lib/python3.10/site-packages/airflow/example_dags/example_dynamic_task_mapping.py took 0.075 seconds
[2023-12-03T23:57:23.848+0000] {processor.py:157} INFO - Started process (PID=7466) to work on /home/ubuntu/redfin/lib/python3.10/site-packages/airflow/example_dags/example_dynamic_task_mapping.py
[2023-12-03T23:57:23.849+0000] {processor.py:829} INFO - Processing file /home/ubuntu/redfin/lib/python3.10/site-packages/airflow/example_dags/example_dynamic_task_mapping.py for tasks to queue
[2023-12-03T23:57:23.850+0000] {logging_mixin.py:154} INFO - [2023-12-03T23:57:23.850+0000] {dagbag.py:536} INFO - Filling up the DagBag from /home/ubuntu/redfin/lib/python3.10/site-packages/airflow/example_dags/example_dynamic_task_mapping.py
[2023-12-03T23:57:23.859+0000] {processor.py:839} INFO - DAG(s) dict_keys(['example_dynamic_task_mapping']) retrieved from /home/ubuntu/redfin/lib/python3.10/site-packages/airflow/example_dags/example_dynamic_task_mapping.py
[2023-12-03T23:57:23.877+0000] {logging_mixin.py:154} INFO - [2023-12-03T23:57:23.877+0000] {dag.py:2941} INFO - Sync 1 DAGs
[2023-12-03T23:57:23.899+0000] {logging_mixin.py:154} INFO - [2023-12-03T23:57:23.899+0000] {dag.py:3722} INFO - Setting next_dagrun for example_dynamic_task_mapping to 2022-03-04T00:00:00+00:00, run_after=2022-03-05T00:00:00+00:00
[2023-12-03T23:57:23.922+0000] {processor.py:179} INFO - Processing /home/ubuntu/redfin/lib/python3.10/site-packages/airflow/example_dags/example_dynamic_task_mapping.py took 0.079 seconds
[2023-12-03T23:58:07.971+0000] {processor.py:157} INFO - Started process (PID=7515) to work on /home/ubuntu/redfin/lib/python3.10/site-packages/airflow/example_dags/example_dynamic_task_mapping.py
[2023-12-03T23:58:07.972+0000] {processor.py:829} INFO - Processing file /home/ubuntu/redfin/lib/python3.10/site-packages/airflow/example_dags/example_dynamic_task_mapping.py for tasks to queue
[2023-12-03T23:58:07.973+0000] {logging_mixin.py:154} INFO - [2023-12-03T23:58:07.973+0000] {dagbag.py:536} INFO - Filling up the DagBag from /home/ubuntu/redfin/lib/python3.10/site-packages/airflow/example_dags/example_dynamic_task_mapping.py
[2023-12-03T23:58:07.981+0000] {processor.py:839} INFO - DAG(s) dict_keys(['example_dynamic_task_mapping']) retrieved from /home/ubuntu/redfin/lib/python3.10/site-packages/airflow/example_dags/example_dynamic_task_mapping.py
[2023-12-03T23:58:07.998+0000] {logging_mixin.py:154} INFO - [2023-12-03T23:58:07.998+0000] {dag.py:2941} INFO - Sync 1 DAGs
[2023-12-03T23:58:08.019+0000] {logging_mixin.py:154} INFO - [2023-12-03T23:58:08.018+0000] {dag.py:3722} INFO - Setting next_dagrun for example_dynamic_task_mapping to 2022-03-04T00:00:00+00:00, run_after=2022-03-05T00:00:00+00:00
[2023-12-03T23:58:08.041+0000] {processor.py:179} INFO - Processing /home/ubuntu/redfin/lib/python3.10/site-packages/airflow/example_dags/example_dynamic_task_mapping.py took 0.074 seconds
[2023-12-03T23:58:53.682+0000] {processor.py:157} INFO - Started process (PID=7568) to work on /home/ubuntu/redfin/lib/python3.10/site-packages/airflow/example_dags/example_dynamic_task_mapping.py
[2023-12-03T23:58:53.683+0000] {processor.py:829} INFO - Processing file /home/ubuntu/redfin/lib/python3.10/site-packages/airflow/example_dags/example_dynamic_task_mapping.py for tasks to queue
[2023-12-03T23:58:53.684+0000] {logging_mixin.py:154} INFO - [2023-12-03T23:58:53.684+0000] {dagbag.py:536} INFO - Filling up the DagBag from /home/ubuntu/redfin/lib/python3.10/site-packages/airflow/example_dags/example_dynamic_task_mapping.py
[2023-12-03T23:58:53.693+0000] {processor.py:839} INFO - DAG(s) dict_keys(['example_dynamic_task_mapping']) retrieved from /home/ubuntu/redfin/lib/python3.10/site-packages/airflow/example_dags/example_dynamic_task_mapping.py
[2023-12-03T23:58:53.710+0000] {logging_mixin.py:154} INFO - [2023-12-03T23:58:53.710+0000] {dag.py:2941} INFO - Sync 1 DAGs
[2023-12-03T23:58:53.732+0000] {logging_mixin.py:154} INFO - [2023-12-03T23:58:53.732+0000] {dag.py:3722} INFO - Setting next_dagrun for example_dynamic_task_mapping to 2022-03-04T00:00:00+00:00, run_after=2022-03-05T00:00:00+00:00
[2023-12-03T23:58:53.759+0000] {processor.py:179} INFO - Processing /home/ubuntu/redfin/lib/python3.10/site-packages/airflow/example_dags/example_dynamic_task_mapping.py took 0.080 seconds
[2023-12-03T23:59:40.241+0000] {processor.py:157} INFO - Started process (PID=7621) to work on /home/ubuntu/redfin/lib/python3.10/site-packages/airflow/example_dags/example_dynamic_task_mapping.py
[2023-12-03T23:59:40.243+0000] {processor.py:829} INFO - Processing file /home/ubuntu/redfin/lib/python3.10/site-packages/airflow/example_dags/example_dynamic_task_mapping.py for tasks to queue
[2023-12-03T23:59:40.244+0000] {logging_mixin.py:154} INFO - [2023-12-03T23:59:40.244+0000] {dagbag.py:536} INFO - Filling up the DagBag from /home/ubuntu/redfin/lib/python3.10/site-packages/airflow/example_dags/example_dynamic_task_mapping.py
[2023-12-03T23:59:40.253+0000] {processor.py:839} INFO - DAG(s) dict_keys(['example_dynamic_task_mapping']) retrieved from /home/ubuntu/redfin/lib/python3.10/site-packages/airflow/example_dags/example_dynamic_task_mapping.py
[2023-12-03T23:59:40.271+0000] {logging_mixin.py:154} INFO - [2023-12-03T23:59:40.270+0000] {dag.py:2941} INFO - Sync 1 DAGs
[2023-12-03T23:59:40.293+0000] {logging_mixin.py:154} INFO - [2023-12-03T23:59:40.293+0000] {dag.py:3722} INFO - Setting next_dagrun for example_dynamic_task_mapping to 2022-03-04T00:00:00+00:00, run_after=2022-03-05T00:00:00+00:00
[2023-12-03T23:59:40.316+0000] {processor.py:179} INFO - Processing /home/ubuntu/redfin/lib/python3.10/site-packages/airflow/example_dags/example_dynamic_task_mapping.py took 0.078 seconds
