[2023-12-03T23:08:28.386+0000] {processor.py:157} INFO - Started process (PID=3785) to work on /home/ubuntu/redfin/lib/python3.10/site-packages/airflow/example_dags/example_branch_operator.py
[2023-12-03T23:08:28.387+0000] {processor.py:829} INFO - Processing file /home/ubuntu/redfin/lib/python3.10/site-packages/airflow/example_dags/example_branch_operator.py for tasks to queue
[2023-12-03T23:08:28.388+0000] {logging_mixin.py:154} INFO - [2023-12-03T23:08:28.387+0000] {dagbag.py:536} INFO - Filling up the DagBag from /home/ubuntu/redfin/lib/python3.10/site-packages/airflow/example_dags/example_branch_operator.py
[2023-12-03T23:08:28.399+0000] {processor.py:839} INFO - DAG(s) dict_keys(['example_branch_operator']) retrieved from /home/ubuntu/redfin/lib/python3.10/site-packages/airflow/example_dags/example_branch_operator.py
[2023-12-03T23:08:28.518+0000] {logging_mixin.py:154} INFO - [2023-12-03T23:08:28.518+0000] {manager.py:499} INFO - Created Permission View: %s
[2023-12-03T23:08:28.532+0000] {logging_mixin.py:154} INFO - [2023-12-03T23:08:28.532+0000] {manager.py:499} INFO - Created Permission View: %s
[2023-12-03T23:08:28.542+0000] {logging_mixin.py:154} INFO - [2023-12-03T23:08:28.541+0000] {manager.py:499} INFO - Created Permission View: %s
[2023-12-03T23:08:28.542+0000] {logging_mixin.py:154} INFO - [2023-12-03T23:08:28.542+0000] {dag.py:2941} INFO - Sync 1 DAGs
[2023-12-03T23:08:28.554+0000] {logging_mixin.py:154} INFO - [2023-12-03T23:08:28.554+0000] {dag.py:2963} INFO - Creating ORM DAG for example_branch_operator
[2023-12-03T23:08:28.565+0000] {logging_mixin.py:154} INFO - [2023-12-03T23:08:28.565+0000] {dag.py:3722} INFO - Setting next_dagrun for example_branch_operator to 2023-12-02T00:00:00+00:00, run_after=2023-12-03T00:00:00+00:00
[2023-12-03T23:08:28.589+0000] {processor.py:179} INFO - Processing /home/ubuntu/redfin/lib/python3.10/site-packages/airflow/example_dags/example_branch_operator.py took 0.207 seconds
[2023-12-03T23:09:22.636+0000] {processor.py:157} INFO - Started process (PID=3846) to work on /home/ubuntu/redfin/lib/python3.10/site-packages/airflow/example_dags/example_branch_operator.py
[2023-12-03T23:09:22.638+0000] {processor.py:829} INFO - Processing file /home/ubuntu/redfin/lib/python3.10/site-packages/airflow/example_dags/example_branch_operator.py for tasks to queue
[2023-12-03T23:09:22.639+0000] {logging_mixin.py:154} INFO - [2023-12-03T23:09:22.638+0000] {dagbag.py:536} INFO - Filling up the DagBag from /home/ubuntu/redfin/lib/python3.10/site-packages/airflow/example_dags/example_branch_operator.py
[2023-12-03T23:09:22.649+0000] {processor.py:839} INFO - DAG(s) dict_keys(['example_branch_operator']) retrieved from /home/ubuntu/redfin/lib/python3.10/site-packages/airflow/example_dags/example_branch_operator.py
[2023-12-03T23:09:22.671+0000] {logging_mixin.py:154} INFO - [2023-12-03T23:09:22.671+0000] {dag.py:2941} INFO - Sync 1 DAGs
[2023-12-03T23:09:22.695+0000] {logging_mixin.py:154} INFO - [2023-12-03T23:09:22.694+0000] {dag.py:3722} INFO - Setting next_dagrun for example_branch_operator to 2023-12-02T00:00:00+00:00, run_after=2023-12-03T00:00:00+00:00
[2023-12-03T23:09:22.720+0000] {processor.py:179} INFO - Processing /home/ubuntu/redfin/lib/python3.10/site-packages/airflow/example_dags/example_branch_operator.py took 0.087 seconds
[2023-12-03T23:10:08.276+0000] {processor.py:157} INFO - Started process (PID=3896) to work on /home/ubuntu/redfin/lib/python3.10/site-packages/airflow/example_dags/example_branch_operator.py
[2023-12-03T23:10:08.278+0000] {processor.py:829} INFO - Processing file /home/ubuntu/redfin/lib/python3.10/site-packages/airflow/example_dags/example_branch_operator.py for tasks to queue
[2023-12-03T23:10:08.278+0000] {logging_mixin.py:154} INFO - [2023-12-03T23:10:08.278+0000] {dagbag.py:536} INFO - Filling up the DagBag from /home/ubuntu/redfin/lib/python3.10/site-packages/airflow/example_dags/example_branch_operator.py
[2023-12-03T23:10:08.289+0000] {processor.py:839} INFO - DAG(s) dict_keys(['example_branch_operator']) retrieved from /home/ubuntu/redfin/lib/python3.10/site-packages/airflow/example_dags/example_branch_operator.py
[2023-12-03T23:10:08.310+0000] {logging_mixin.py:154} INFO - [2023-12-03T23:10:08.310+0000] {dag.py:2941} INFO - Sync 1 DAGs
[2023-12-03T23:10:08.334+0000] {logging_mixin.py:154} INFO - [2023-12-03T23:10:08.334+0000] {dag.py:3722} INFO - Setting next_dagrun for example_branch_operator to 2023-12-02T00:00:00+00:00, run_after=2023-12-03T00:00:00+00:00
[2023-12-03T23:10:08.358+0000] {processor.py:179} INFO - Processing /home/ubuntu/redfin/lib/python3.10/site-packages/airflow/example_dags/example_branch_operator.py took 0.085 seconds
[2023-12-03T23:10:55.433+0000] {processor.py:157} INFO - Started process (PID=3947) to work on /home/ubuntu/redfin/lib/python3.10/site-packages/airflow/example_dags/example_branch_operator.py
[2023-12-03T23:10:55.434+0000] {processor.py:829} INFO - Processing file /home/ubuntu/redfin/lib/python3.10/site-packages/airflow/example_dags/example_branch_operator.py for tasks to queue
[2023-12-03T23:10:55.435+0000] {logging_mixin.py:154} INFO - [2023-12-03T23:10:55.435+0000] {dagbag.py:536} INFO - Filling up the DagBag from /home/ubuntu/redfin/lib/python3.10/site-packages/airflow/example_dags/example_branch_operator.py
[2023-12-03T23:10:55.446+0000] {processor.py:839} INFO - DAG(s) dict_keys(['example_branch_operator']) retrieved from /home/ubuntu/redfin/lib/python3.10/site-packages/airflow/example_dags/example_branch_operator.py
[2023-12-03T23:10:55.467+0000] {logging_mixin.py:154} INFO - [2023-12-03T23:10:55.467+0000] {dag.py:2941} INFO - Sync 1 DAGs
[2023-12-03T23:10:55.489+0000] {logging_mixin.py:154} INFO - [2023-12-03T23:10:55.489+0000] {dag.py:3722} INFO - Setting next_dagrun for example_branch_operator to 2023-12-02T00:00:00+00:00, run_after=2023-12-03T00:00:00+00:00
[2023-12-03T23:10:55.511+0000] {processor.py:179} INFO - Processing /home/ubuntu/redfin/lib/python3.10/site-packages/airflow/example_dags/example_branch_operator.py took 0.081 seconds
[2023-12-03T23:11:43.290+0000] {processor.py:157} INFO - Started process (PID=3999) to work on /home/ubuntu/redfin/lib/python3.10/site-packages/airflow/example_dags/example_branch_operator.py
[2023-12-03T23:11:43.291+0000] {processor.py:829} INFO - Processing file /home/ubuntu/redfin/lib/python3.10/site-packages/airflow/example_dags/example_branch_operator.py for tasks to queue
[2023-12-03T23:11:43.292+0000] {logging_mixin.py:154} INFO - [2023-12-03T23:11:43.292+0000] {dagbag.py:536} INFO - Filling up the DagBag from /home/ubuntu/redfin/lib/python3.10/site-packages/airflow/example_dags/example_branch_operator.py
[2023-12-03T23:11:43.303+0000] {processor.py:839} INFO - DAG(s) dict_keys(['example_branch_operator']) retrieved from /home/ubuntu/redfin/lib/python3.10/site-packages/airflow/example_dags/example_branch_operator.py
[2023-12-03T23:11:43.325+0000] {logging_mixin.py:154} INFO - [2023-12-03T23:11:43.325+0000] {dag.py:2941} INFO - Sync 1 DAGs
[2023-12-03T23:11:43.349+0000] {logging_mixin.py:154} INFO - [2023-12-03T23:11:43.349+0000] {dag.py:3722} INFO - Setting next_dagrun for example_branch_operator to 2023-12-02T00:00:00+00:00, run_after=2023-12-03T00:00:00+00:00
[2023-12-03T23:11:43.376+0000] {processor.py:179} INFO - Processing /home/ubuntu/redfin/lib/python3.10/site-packages/airflow/example_dags/example_branch_operator.py took 0.090 seconds
[2023-12-03T23:12:29.021+0000] {processor.py:157} INFO - Started process (PID=4048) to work on /home/ubuntu/redfin/lib/python3.10/site-packages/airflow/example_dags/example_branch_operator.py
[2023-12-03T23:12:29.023+0000] {processor.py:829} INFO - Processing file /home/ubuntu/redfin/lib/python3.10/site-packages/airflow/example_dags/example_branch_operator.py for tasks to queue
[2023-12-03T23:12:29.023+0000] {logging_mixin.py:154} INFO - [2023-12-03T23:12:29.023+0000] {dagbag.py:536} INFO - Filling up the DagBag from /home/ubuntu/redfin/lib/python3.10/site-packages/airflow/example_dags/example_branch_operator.py
[2023-12-03T23:12:29.034+0000] {processor.py:839} INFO - DAG(s) dict_keys(['example_branch_operator']) retrieved from /home/ubuntu/redfin/lib/python3.10/site-packages/airflow/example_dags/example_branch_operator.py
[2023-12-03T23:12:29.056+0000] {logging_mixin.py:154} INFO - [2023-12-03T23:12:29.055+0000] {dag.py:2941} INFO - Sync 1 DAGs
[2023-12-03T23:12:29.079+0000] {logging_mixin.py:154} INFO - [2023-12-03T23:12:29.078+0000] {dag.py:3722} INFO - Setting next_dagrun for example_branch_operator to 2023-12-02T00:00:00+00:00, run_after=2023-12-03T00:00:00+00:00
[2023-12-03T23:12:29.101+0000] {processor.py:179} INFO - Processing /home/ubuntu/redfin/lib/python3.10/site-packages/airflow/example_dags/example_branch_operator.py took 0.084 seconds
[2023-12-03T23:13:15.567+0000] {processor.py:157} INFO - Started process (PID=4098) to work on /home/ubuntu/redfin/lib/python3.10/site-packages/airflow/example_dags/example_branch_operator.py
[2023-12-03T23:13:15.568+0000] {processor.py:829} INFO - Processing file /home/ubuntu/redfin/lib/python3.10/site-packages/airflow/example_dags/example_branch_operator.py for tasks to queue
[2023-12-03T23:13:15.569+0000] {logging_mixin.py:154} INFO - [2023-12-03T23:13:15.569+0000] {dagbag.py:536} INFO - Filling up the DagBag from /home/ubuntu/redfin/lib/python3.10/site-packages/airflow/example_dags/example_branch_operator.py
[2023-12-03T23:13:15.580+0000] {processor.py:839} INFO - DAG(s) dict_keys(['example_branch_operator']) retrieved from /home/ubuntu/redfin/lib/python3.10/site-packages/airflow/example_dags/example_branch_operator.py
[2023-12-03T23:13:15.607+0000] {logging_mixin.py:154} INFO - [2023-12-03T23:13:15.607+0000] {dag.py:2941} INFO - Sync 1 DAGs
[2023-12-03T23:13:15.630+0000] {logging_mixin.py:154} INFO - [2023-12-03T23:13:15.630+0000] {dag.py:3722} INFO - Setting next_dagrun for example_branch_operator to 2023-12-02T00:00:00+00:00, run_after=2023-12-03T00:00:00+00:00
[2023-12-03T23:13:15.652+0000] {processor.py:179} INFO - Processing /home/ubuntu/redfin/lib/python3.10/site-packages/airflow/example_dags/example_branch_operator.py took 0.089 seconds
[2023-12-03T23:13:59.749+0000] {processor.py:157} INFO - Started process (PID=4148) to work on /home/ubuntu/redfin/lib/python3.10/site-packages/airflow/example_dags/example_branch_operator.py
[2023-12-03T23:13:59.750+0000] {processor.py:829} INFO - Processing file /home/ubuntu/redfin/lib/python3.10/site-packages/airflow/example_dags/example_branch_operator.py for tasks to queue
[2023-12-03T23:13:59.751+0000] {logging_mixin.py:154} INFO - [2023-12-03T23:13:59.751+0000] {dagbag.py:536} INFO - Filling up the DagBag from /home/ubuntu/redfin/lib/python3.10/site-packages/airflow/example_dags/example_branch_operator.py
[2023-12-03T23:13:59.761+0000] {processor.py:839} INFO - DAG(s) dict_keys(['example_branch_operator']) retrieved from /home/ubuntu/redfin/lib/python3.10/site-packages/airflow/example_dags/example_branch_operator.py
[2023-12-03T23:13:59.782+0000] {logging_mixin.py:154} INFO - [2023-12-03T23:13:59.781+0000] {dag.py:2941} INFO - Sync 1 DAGs
[2023-12-03T23:13:59.805+0000] {logging_mixin.py:154} INFO - [2023-12-03T23:13:59.805+0000] {dag.py:3722} INFO - Setting next_dagrun for example_branch_operator to 2023-12-02T00:00:00+00:00, run_after=2023-12-03T00:00:00+00:00
[2023-12-03T23:13:59.828+0000] {processor.py:179} INFO - Processing /home/ubuntu/redfin/lib/python3.10/site-packages/airflow/example_dags/example_branch_operator.py took 0.083 seconds
[2023-12-03T23:14:48.562+0000] {processor.py:157} INFO - Started process (PID=4203) to work on /home/ubuntu/redfin/lib/python3.10/site-packages/airflow/example_dags/example_branch_operator.py
[2023-12-03T23:14:48.563+0000] {processor.py:829} INFO - Processing file /home/ubuntu/redfin/lib/python3.10/site-packages/airflow/example_dags/example_branch_operator.py for tasks to queue
[2023-12-03T23:14:48.564+0000] {logging_mixin.py:154} INFO - [2023-12-03T23:14:48.564+0000] {dagbag.py:536} INFO - Filling up the DagBag from /home/ubuntu/redfin/lib/python3.10/site-packages/airflow/example_dags/example_branch_operator.py
[2023-12-03T23:14:48.575+0000] {processor.py:839} INFO - DAG(s) dict_keys(['example_branch_operator']) retrieved from /home/ubuntu/redfin/lib/python3.10/site-packages/airflow/example_dags/example_branch_operator.py
[2023-12-03T23:14:48.596+0000] {logging_mixin.py:154} INFO - [2023-12-03T23:14:48.595+0000] {dag.py:2941} INFO - Sync 1 DAGs
[2023-12-03T23:14:48.618+0000] {logging_mixin.py:154} INFO - [2023-12-03T23:14:48.618+0000] {dag.py:3722} INFO - Setting next_dagrun for example_branch_operator to 2023-12-02T00:00:00+00:00, run_after=2023-12-03T00:00:00+00:00
[2023-12-03T23:14:48.641+0000] {processor.py:179} INFO - Processing /home/ubuntu/redfin/lib/python3.10/site-packages/airflow/example_dags/example_branch_operator.py took 0.083 seconds
[2023-12-03T23:15:38.005+0000] {processor.py:157} INFO - Started process (PID=4256) to work on /home/ubuntu/redfin/lib/python3.10/site-packages/airflow/example_dags/example_branch_operator.py
[2023-12-03T23:15:38.006+0000] {processor.py:829} INFO - Processing file /home/ubuntu/redfin/lib/python3.10/site-packages/airflow/example_dags/example_branch_operator.py for tasks to queue
[2023-12-03T23:15:38.007+0000] {logging_mixin.py:154} INFO - [2023-12-03T23:15:38.007+0000] {dagbag.py:536} INFO - Filling up the DagBag from /home/ubuntu/redfin/lib/python3.10/site-packages/airflow/example_dags/example_branch_operator.py
[2023-12-03T23:15:38.017+0000] {processor.py:839} INFO - DAG(s) dict_keys(['example_branch_operator']) retrieved from /home/ubuntu/redfin/lib/python3.10/site-packages/airflow/example_dags/example_branch_operator.py
[2023-12-03T23:15:38.037+0000] {logging_mixin.py:154} INFO - [2023-12-03T23:15:38.037+0000] {dag.py:2941} INFO - Sync 1 DAGs
[2023-12-03T23:15:38.062+0000] {logging_mixin.py:154} INFO - [2023-12-03T23:15:38.062+0000] {dag.py:3722} INFO - Setting next_dagrun for example_branch_operator to 2023-12-02T00:00:00+00:00, run_after=2023-12-03T00:00:00+00:00
[2023-12-03T23:15:38.085+0000] {processor.py:179} INFO - Processing /home/ubuntu/redfin/lib/python3.10/site-packages/airflow/example_dags/example_branch_operator.py took 0.084 seconds
[2023-12-03T23:16:25.599+0000] {processor.py:157} INFO - Started process (PID=4310) to work on /home/ubuntu/redfin/lib/python3.10/site-packages/airflow/example_dags/example_branch_operator.py
[2023-12-03T23:16:25.601+0000] {processor.py:829} INFO - Processing file /home/ubuntu/redfin/lib/python3.10/site-packages/airflow/example_dags/example_branch_operator.py for tasks to queue
[2023-12-03T23:16:25.602+0000] {logging_mixin.py:154} INFO - [2023-12-03T23:16:25.601+0000] {dagbag.py:536} INFO - Filling up the DagBag from /home/ubuntu/redfin/lib/python3.10/site-packages/airflow/example_dags/example_branch_operator.py
[2023-12-03T23:16:25.612+0000] {processor.py:839} INFO - DAG(s) dict_keys(['example_branch_operator']) retrieved from /home/ubuntu/redfin/lib/python3.10/site-packages/airflow/example_dags/example_branch_operator.py
[2023-12-03T23:16:25.632+0000] {logging_mixin.py:154} INFO - [2023-12-03T23:16:25.632+0000] {dag.py:2941} INFO - Sync 1 DAGs
[2023-12-03T23:16:25.654+0000] {logging_mixin.py:154} INFO - [2023-12-03T23:16:25.654+0000] {dag.py:3722} INFO - Setting next_dagrun for example_branch_operator to 2023-12-02T00:00:00+00:00, run_after=2023-12-03T00:00:00+00:00
[2023-12-03T23:16:25.676+0000] {processor.py:179} INFO - Processing /home/ubuntu/redfin/lib/python3.10/site-packages/airflow/example_dags/example_branch_operator.py took 0.081 seconds
[2023-12-03T23:17:13.425+0000] {processor.py:157} INFO - Started process (PID=4364) to work on /home/ubuntu/redfin/lib/python3.10/site-packages/airflow/example_dags/example_branch_operator.py
[2023-12-03T23:17:13.427+0000] {processor.py:829} INFO - Processing file /home/ubuntu/redfin/lib/python3.10/site-packages/airflow/example_dags/example_branch_operator.py for tasks to queue
[2023-12-03T23:17:13.428+0000] {logging_mixin.py:154} INFO - [2023-12-03T23:17:13.427+0000] {dagbag.py:536} INFO - Filling up the DagBag from /home/ubuntu/redfin/lib/python3.10/site-packages/airflow/example_dags/example_branch_operator.py
[2023-12-03T23:17:13.438+0000] {processor.py:839} INFO - DAG(s) dict_keys(['example_branch_operator']) retrieved from /home/ubuntu/redfin/lib/python3.10/site-packages/airflow/example_dags/example_branch_operator.py
[2023-12-03T23:17:13.460+0000] {logging_mixin.py:154} INFO - [2023-12-03T23:17:13.459+0000] {dag.py:2941} INFO - Sync 1 DAGs
[2023-12-03T23:17:13.484+0000] {logging_mixin.py:154} INFO - [2023-12-03T23:17:13.484+0000] {dag.py:3722} INFO - Setting next_dagrun for example_branch_operator to 2023-12-02T00:00:00+00:00, run_after=2023-12-03T00:00:00+00:00
[2023-12-03T23:17:13.508+0000] {processor.py:179} INFO - Processing /home/ubuntu/redfin/lib/python3.10/site-packages/airflow/example_dags/example_branch_operator.py took 0.086 seconds
[2023-12-03T23:17:57.818+0000] {processor.py:157} INFO - Started process (PID=4414) to work on /home/ubuntu/redfin/lib/python3.10/site-packages/airflow/example_dags/example_branch_operator.py
[2023-12-03T23:17:57.820+0000] {processor.py:829} INFO - Processing file /home/ubuntu/redfin/lib/python3.10/site-packages/airflow/example_dags/example_branch_operator.py for tasks to queue
[2023-12-03T23:17:57.820+0000] {logging_mixin.py:154} INFO - [2023-12-03T23:17:57.820+0000] {dagbag.py:536} INFO - Filling up the DagBag from /home/ubuntu/redfin/lib/python3.10/site-packages/airflow/example_dags/example_branch_operator.py
[2023-12-03T23:17:57.832+0000] {processor.py:839} INFO - DAG(s) dict_keys(['example_branch_operator']) retrieved from /home/ubuntu/redfin/lib/python3.10/site-packages/airflow/example_dags/example_branch_operator.py
[2023-12-03T23:17:57.853+0000] {logging_mixin.py:154} INFO - [2023-12-03T23:17:57.853+0000] {dag.py:2941} INFO - Sync 1 DAGs
[2023-12-03T23:17:57.877+0000] {logging_mixin.py:154} INFO - [2023-12-03T23:17:57.877+0000] {dag.py:3722} INFO - Setting next_dagrun for example_branch_operator to 2023-12-02T00:00:00+00:00, run_after=2023-12-03T00:00:00+00:00
[2023-12-03T23:17:57.900+0000] {processor.py:179} INFO - Processing /home/ubuntu/redfin/lib/python3.10/site-packages/airflow/example_dags/example_branch_operator.py took 0.086 seconds
[2023-12-03T23:18:43.814+0000] {processor.py:157} INFO - Started process (PID=4467) to work on /home/ubuntu/redfin/lib/python3.10/site-packages/airflow/example_dags/example_branch_operator.py
[2023-12-03T23:18:43.815+0000] {processor.py:829} INFO - Processing file /home/ubuntu/redfin/lib/python3.10/site-packages/airflow/example_dags/example_branch_operator.py for tasks to queue
[2023-12-03T23:18:43.816+0000] {logging_mixin.py:154} INFO - [2023-12-03T23:18:43.815+0000] {dagbag.py:536} INFO - Filling up the DagBag from /home/ubuntu/redfin/lib/python3.10/site-packages/airflow/example_dags/example_branch_operator.py
[2023-12-03T23:18:43.826+0000] {processor.py:839} INFO - DAG(s) dict_keys(['example_branch_operator']) retrieved from /home/ubuntu/redfin/lib/python3.10/site-packages/airflow/example_dags/example_branch_operator.py
[2023-12-03T23:18:43.846+0000] {logging_mixin.py:154} INFO - [2023-12-03T23:18:43.846+0000] {dag.py:2941} INFO - Sync 1 DAGs
[2023-12-03T23:18:43.869+0000] {logging_mixin.py:154} INFO - [2023-12-03T23:18:43.868+0000] {dag.py:3722} INFO - Setting next_dagrun for example_branch_operator to 2023-12-02T00:00:00+00:00, run_after=2023-12-03T00:00:00+00:00
[2023-12-03T23:18:43.890+0000] {processor.py:179} INFO - Processing /home/ubuntu/redfin/lib/python3.10/site-packages/airflow/example_dags/example_branch_operator.py took 0.080 seconds
[2023-12-03T23:19:28.688+0000] {processor.py:157} INFO - Started process (PID=4517) to work on /home/ubuntu/redfin/lib/python3.10/site-packages/airflow/example_dags/example_branch_operator.py
[2023-12-03T23:19:28.689+0000] {processor.py:829} INFO - Processing file /home/ubuntu/redfin/lib/python3.10/site-packages/airflow/example_dags/example_branch_operator.py for tasks to queue
[2023-12-03T23:19:28.690+0000] {logging_mixin.py:154} INFO - [2023-12-03T23:19:28.690+0000] {dagbag.py:536} INFO - Filling up the DagBag from /home/ubuntu/redfin/lib/python3.10/site-packages/airflow/example_dags/example_branch_operator.py
[2023-12-03T23:19:28.701+0000] {processor.py:839} INFO - DAG(s) dict_keys(['example_branch_operator']) retrieved from /home/ubuntu/redfin/lib/python3.10/site-packages/airflow/example_dags/example_branch_operator.py
[2023-12-03T23:19:28.721+0000] {logging_mixin.py:154} INFO - [2023-12-03T23:19:28.721+0000] {dag.py:2941} INFO - Sync 1 DAGs
[2023-12-03T23:19:28.743+0000] {logging_mixin.py:154} INFO - [2023-12-03T23:19:28.743+0000] {dag.py:3722} INFO - Setting next_dagrun for example_branch_operator to 2023-12-02T00:00:00+00:00, run_after=2023-12-03T00:00:00+00:00
[2023-12-03T23:19:28.766+0000] {processor.py:179} INFO - Processing /home/ubuntu/redfin/lib/python3.10/site-packages/airflow/example_dags/example_branch_operator.py took 0.082 seconds
[2023-12-03T23:20:12.609+0000] {processor.py:157} INFO - Started process (PID=4566) to work on /home/ubuntu/redfin/lib/python3.10/site-packages/airflow/example_dags/example_branch_operator.py
[2023-12-03T23:20:12.610+0000] {processor.py:829} INFO - Processing file /home/ubuntu/redfin/lib/python3.10/site-packages/airflow/example_dags/example_branch_operator.py for tasks to queue
[2023-12-03T23:20:12.611+0000] {logging_mixin.py:154} INFO - [2023-12-03T23:20:12.611+0000] {dagbag.py:536} INFO - Filling up the DagBag from /home/ubuntu/redfin/lib/python3.10/site-packages/airflow/example_dags/example_branch_operator.py
[2023-12-03T23:20:12.622+0000] {processor.py:839} INFO - DAG(s) dict_keys(['example_branch_operator']) retrieved from /home/ubuntu/redfin/lib/python3.10/site-packages/airflow/example_dags/example_branch_operator.py
[2023-12-03T23:20:12.644+0000] {logging_mixin.py:154} INFO - [2023-12-03T23:20:12.644+0000] {dag.py:2941} INFO - Sync 1 DAGs
[2023-12-03T23:20:12.668+0000] {logging_mixin.py:154} INFO - [2023-12-03T23:20:12.668+0000] {dag.py:3722} INFO - Setting next_dagrun for example_branch_operator to 2023-12-02T00:00:00+00:00, run_after=2023-12-03T00:00:00+00:00
[2023-12-03T23:20:12.692+0000] {processor.py:179} INFO - Processing /home/ubuntu/redfin/lib/python3.10/site-packages/airflow/example_dags/example_branch_operator.py took 0.087 seconds
[2023-12-03T23:21:10.941+0000] {processor.py:157} INFO - Started process (PID=4629) to work on /home/ubuntu/redfin/lib/python3.10/site-packages/airflow/example_dags/example_branch_operator.py
[2023-12-03T23:21:10.942+0000] {processor.py:829} INFO - Processing file /home/ubuntu/redfin/lib/python3.10/site-packages/airflow/example_dags/example_branch_operator.py for tasks to queue
[2023-12-03T23:21:10.944+0000] {logging_mixin.py:154} INFO - [2023-12-03T23:21:10.943+0000] {dagbag.py:536} INFO - Filling up the DagBag from /home/ubuntu/redfin/lib/python3.10/site-packages/airflow/example_dags/example_branch_operator.py
[2023-12-03T23:21:10.954+0000] {processor.py:839} INFO - DAG(s) dict_keys(['example_branch_operator']) retrieved from /home/ubuntu/redfin/lib/python3.10/site-packages/airflow/example_dags/example_branch_operator.py
[2023-12-03T23:21:10.976+0000] {logging_mixin.py:154} INFO - [2023-12-03T23:21:10.976+0000] {dag.py:2941} INFO - Sync 1 DAGs
[2023-12-03T23:21:10.999+0000] {logging_mixin.py:154} INFO - [2023-12-03T23:21:10.999+0000] {dag.py:3722} INFO - Setting next_dagrun for example_branch_operator to 2023-12-02T00:00:00+00:00, run_after=2023-12-03T00:00:00+00:00
[2023-12-03T23:21:11.021+0000] {processor.py:179} INFO - Processing /home/ubuntu/redfin/lib/python3.10/site-packages/airflow/example_dags/example_branch_operator.py took 0.084 seconds
[2023-12-03T23:22:01.729+0000] {processor.py:157} INFO - Started process (PID=4686) to work on /home/ubuntu/redfin/lib/python3.10/site-packages/airflow/example_dags/example_branch_operator.py
[2023-12-03T23:22:01.730+0000] {processor.py:829} INFO - Processing file /home/ubuntu/redfin/lib/python3.10/site-packages/airflow/example_dags/example_branch_operator.py for tasks to queue
[2023-12-03T23:22:01.731+0000] {logging_mixin.py:154} INFO - [2023-12-03T23:22:01.731+0000] {dagbag.py:536} INFO - Filling up the DagBag from /home/ubuntu/redfin/lib/python3.10/site-packages/airflow/example_dags/example_branch_operator.py
[2023-12-03T23:22:01.742+0000] {processor.py:839} INFO - DAG(s) dict_keys(['example_branch_operator']) retrieved from /home/ubuntu/redfin/lib/python3.10/site-packages/airflow/example_dags/example_branch_operator.py
[2023-12-03T23:22:01.763+0000] {logging_mixin.py:154} INFO - [2023-12-03T23:22:01.762+0000] {dag.py:2941} INFO - Sync 1 DAGs
[2023-12-03T23:22:01.786+0000] {logging_mixin.py:154} INFO - [2023-12-03T23:22:01.786+0000] {dag.py:3722} INFO - Setting next_dagrun for example_branch_operator to 2023-12-02T00:00:00+00:00, run_after=2023-12-03T00:00:00+00:00
[2023-12-03T23:22:01.809+0000] {processor.py:179} INFO - Processing /home/ubuntu/redfin/lib/python3.10/site-packages/airflow/example_dags/example_branch_operator.py took 0.083 seconds
[2023-12-03T23:22:50.307+0000] {processor.py:157} INFO - Started process (PID=4739) to work on /home/ubuntu/redfin/lib/python3.10/site-packages/airflow/example_dags/example_branch_operator.py
[2023-12-03T23:22:50.309+0000] {processor.py:829} INFO - Processing file /home/ubuntu/redfin/lib/python3.10/site-packages/airflow/example_dags/example_branch_operator.py for tasks to queue
[2023-12-03T23:22:50.310+0000] {logging_mixin.py:154} INFO - [2023-12-03T23:22:50.309+0000] {dagbag.py:536} INFO - Filling up the DagBag from /home/ubuntu/redfin/lib/python3.10/site-packages/airflow/example_dags/example_branch_operator.py
[2023-12-03T23:22:50.320+0000] {processor.py:839} INFO - DAG(s) dict_keys(['example_branch_operator']) retrieved from /home/ubuntu/redfin/lib/python3.10/site-packages/airflow/example_dags/example_branch_operator.py
[2023-12-03T23:22:50.342+0000] {logging_mixin.py:154} INFO - [2023-12-03T23:22:50.342+0000] {dag.py:2941} INFO - Sync 1 DAGs
[2023-12-03T23:22:50.366+0000] {logging_mixin.py:154} INFO - [2023-12-03T23:22:50.366+0000] {dag.py:3722} INFO - Setting next_dagrun for example_branch_operator to 2023-12-02T00:00:00+00:00, run_after=2023-12-03T00:00:00+00:00
[2023-12-03T23:22:50.388+0000] {processor.py:179} INFO - Processing /home/ubuntu/redfin/lib/python3.10/site-packages/airflow/example_dags/example_branch_operator.py took 0.085 seconds
[2023-12-03T23:23:36.317+0000] {processor.py:157} INFO - Started process (PID=4789) to work on /home/ubuntu/redfin/lib/python3.10/site-packages/airflow/example_dags/example_branch_operator.py
[2023-12-03T23:23:36.318+0000] {processor.py:829} INFO - Processing file /home/ubuntu/redfin/lib/python3.10/site-packages/airflow/example_dags/example_branch_operator.py for tasks to queue
[2023-12-03T23:23:36.319+0000] {logging_mixin.py:154} INFO - [2023-12-03T23:23:36.319+0000] {dagbag.py:536} INFO - Filling up the DagBag from /home/ubuntu/redfin/lib/python3.10/site-packages/airflow/example_dags/example_branch_operator.py
[2023-12-03T23:23:36.330+0000] {processor.py:839} INFO - DAG(s) dict_keys(['example_branch_operator']) retrieved from /home/ubuntu/redfin/lib/python3.10/site-packages/airflow/example_dags/example_branch_operator.py
[2023-12-03T23:23:36.352+0000] {logging_mixin.py:154} INFO - [2023-12-03T23:23:36.351+0000] {dag.py:2941} INFO - Sync 1 DAGs
[2023-12-03T23:23:36.375+0000] {logging_mixin.py:154} INFO - [2023-12-03T23:23:36.375+0000] {dag.py:3722} INFO - Setting next_dagrun for example_branch_operator to 2023-12-02T00:00:00+00:00, run_after=2023-12-03T00:00:00+00:00
[2023-12-03T23:23:36.400+0000] {processor.py:179} INFO - Processing /home/ubuntu/redfin/lib/python3.10/site-packages/airflow/example_dags/example_branch_operator.py took 0.087 seconds
[2023-12-03T23:24:23.262+0000] {processor.py:157} INFO - Started process (PID=4843) to work on /home/ubuntu/redfin/lib/python3.10/site-packages/airflow/example_dags/example_branch_operator.py
[2023-12-03T23:24:23.263+0000] {processor.py:829} INFO - Processing file /home/ubuntu/redfin/lib/python3.10/site-packages/airflow/example_dags/example_branch_operator.py for tasks to queue
[2023-12-03T23:24:23.264+0000] {logging_mixin.py:154} INFO - [2023-12-03T23:24:23.264+0000] {dagbag.py:536} INFO - Filling up the DagBag from /home/ubuntu/redfin/lib/python3.10/site-packages/airflow/example_dags/example_branch_operator.py
[2023-12-03T23:24:23.275+0000] {processor.py:839} INFO - DAG(s) dict_keys(['example_branch_operator']) retrieved from /home/ubuntu/redfin/lib/python3.10/site-packages/airflow/example_dags/example_branch_operator.py
[2023-12-03T23:24:23.296+0000] {logging_mixin.py:154} INFO - [2023-12-03T23:24:23.295+0000] {dag.py:2941} INFO - Sync 1 DAGs
[2023-12-03T23:24:23.320+0000] {logging_mixin.py:154} INFO - [2023-12-03T23:24:23.319+0000] {dag.py:3722} INFO - Setting next_dagrun for example_branch_operator to 2023-12-02T00:00:00+00:00, run_after=2023-12-03T00:00:00+00:00
[2023-12-03T23:24:23.343+0000] {processor.py:179} INFO - Processing /home/ubuntu/redfin/lib/python3.10/site-packages/airflow/example_dags/example_branch_operator.py took 0.085 seconds
[2023-12-03T23:25:12.015+0000] {processor.py:157} INFO - Started process (PID=4893) to work on /home/ubuntu/redfin/lib/python3.10/site-packages/airflow/example_dags/example_branch_operator.py
[2023-12-03T23:25:12.016+0000] {processor.py:829} INFO - Processing file /home/ubuntu/redfin/lib/python3.10/site-packages/airflow/example_dags/example_branch_operator.py for tasks to queue
[2023-12-03T23:25:12.017+0000] {logging_mixin.py:154} INFO - [2023-12-03T23:25:12.017+0000] {dagbag.py:536} INFO - Filling up the DagBag from /home/ubuntu/redfin/lib/python3.10/site-packages/airflow/example_dags/example_branch_operator.py
[2023-12-03T23:25:12.028+0000] {processor.py:839} INFO - DAG(s) dict_keys(['example_branch_operator']) retrieved from /home/ubuntu/redfin/lib/python3.10/site-packages/airflow/example_dags/example_branch_operator.py
[2023-12-03T23:25:12.049+0000] {logging_mixin.py:154} INFO - [2023-12-03T23:25:12.049+0000] {dag.py:2941} INFO - Sync 1 DAGs
[2023-12-03T23:25:12.073+0000] {logging_mixin.py:154} INFO - [2023-12-03T23:25:12.073+0000] {dag.py:3722} INFO - Setting next_dagrun for example_branch_operator to 2023-12-02T00:00:00+00:00, run_after=2023-12-03T00:00:00+00:00
[2023-12-03T23:25:12.096+0000] {processor.py:179} INFO - Processing /home/ubuntu/redfin/lib/python3.10/site-packages/airflow/example_dags/example_branch_operator.py took 0.085 seconds
[2023-12-03T23:25:59.904+0000] {processor.py:157} INFO - Started process (PID=4948) to work on /home/ubuntu/redfin/lib/python3.10/site-packages/airflow/example_dags/example_branch_operator.py
[2023-12-03T23:25:59.906+0000] {processor.py:829} INFO - Processing file /home/ubuntu/redfin/lib/python3.10/site-packages/airflow/example_dags/example_branch_operator.py for tasks to queue
[2023-12-03T23:25:59.906+0000] {logging_mixin.py:154} INFO - [2023-12-03T23:25:59.906+0000] {dagbag.py:536} INFO - Filling up the DagBag from /home/ubuntu/redfin/lib/python3.10/site-packages/airflow/example_dags/example_branch_operator.py
[2023-12-03T23:25:59.917+0000] {processor.py:839} INFO - DAG(s) dict_keys(['example_branch_operator']) retrieved from /home/ubuntu/redfin/lib/python3.10/site-packages/airflow/example_dags/example_branch_operator.py
[2023-12-03T23:25:59.939+0000] {logging_mixin.py:154} INFO - [2023-12-03T23:25:59.939+0000] {dag.py:2941} INFO - Sync 1 DAGs
[2023-12-03T23:25:59.962+0000] {logging_mixin.py:154} INFO - [2023-12-03T23:25:59.962+0000] {dag.py:3722} INFO - Setting next_dagrun for example_branch_operator to 2023-12-02T00:00:00+00:00, run_after=2023-12-03T00:00:00+00:00
[2023-12-03T23:25:59.984+0000] {processor.py:179} INFO - Processing /home/ubuntu/redfin/lib/python3.10/site-packages/airflow/example_dags/example_branch_operator.py took 0.084 seconds
[2023-12-03T23:26:47.132+0000] {processor.py:157} INFO - Started process (PID=5000) to work on /home/ubuntu/redfin/lib/python3.10/site-packages/airflow/example_dags/example_branch_operator.py
[2023-12-03T23:26:47.133+0000] {processor.py:829} INFO - Processing file /home/ubuntu/redfin/lib/python3.10/site-packages/airflow/example_dags/example_branch_operator.py for tasks to queue
[2023-12-03T23:26:47.134+0000] {logging_mixin.py:154} INFO - [2023-12-03T23:26:47.133+0000] {dagbag.py:536} INFO - Filling up the DagBag from /home/ubuntu/redfin/lib/python3.10/site-packages/airflow/example_dags/example_branch_operator.py
[2023-12-03T23:26:47.145+0000] {processor.py:839} INFO - DAG(s) dict_keys(['example_branch_operator']) retrieved from /home/ubuntu/redfin/lib/python3.10/site-packages/airflow/example_dags/example_branch_operator.py
[2023-12-03T23:26:47.166+0000] {logging_mixin.py:154} INFO - [2023-12-03T23:26:47.165+0000] {dag.py:2941} INFO - Sync 1 DAGs
[2023-12-03T23:26:47.189+0000] {logging_mixin.py:154} INFO - [2023-12-03T23:26:47.189+0000] {dag.py:3722} INFO - Setting next_dagrun for example_branch_operator to 2023-12-02T00:00:00+00:00, run_after=2023-12-03T00:00:00+00:00
[2023-12-03T23:26:47.212+0000] {processor.py:179} INFO - Processing /home/ubuntu/redfin/lib/python3.10/site-packages/airflow/example_dags/example_branch_operator.py took 0.084 seconds
[2023-12-03T23:27:42.183+0000] {processor.py:157} INFO - Started process (PID=5062) to work on /home/ubuntu/redfin/lib/python3.10/site-packages/airflow/example_dags/example_branch_operator.py
[2023-12-03T23:27:42.184+0000] {processor.py:829} INFO - Processing file /home/ubuntu/redfin/lib/python3.10/site-packages/airflow/example_dags/example_branch_operator.py for tasks to queue
[2023-12-03T23:27:42.185+0000] {logging_mixin.py:154} INFO - [2023-12-03T23:27:42.185+0000] {dagbag.py:536} INFO - Filling up the DagBag from /home/ubuntu/redfin/lib/python3.10/site-packages/airflow/example_dags/example_branch_operator.py
[2023-12-03T23:27:42.196+0000] {processor.py:839} INFO - DAG(s) dict_keys(['example_branch_operator']) retrieved from /home/ubuntu/redfin/lib/python3.10/site-packages/airflow/example_dags/example_branch_operator.py
[2023-12-03T23:27:42.216+0000] {logging_mixin.py:154} INFO - [2023-12-03T23:27:42.216+0000] {dag.py:2941} INFO - Sync 1 DAGs
[2023-12-03T23:27:42.238+0000] {logging_mixin.py:154} INFO - [2023-12-03T23:27:42.238+0000] {dag.py:3722} INFO - Setting next_dagrun for example_branch_operator to 2023-12-02T00:00:00+00:00, run_after=2023-12-03T00:00:00+00:00
[2023-12-03T23:27:42.261+0000] {processor.py:179} INFO - Processing /home/ubuntu/redfin/lib/python3.10/site-packages/airflow/example_dags/example_branch_operator.py took 0.082 seconds
[2023-12-03T23:28:40.841+0000] {processor.py:157} INFO - Started process (PID=5124) to work on /home/ubuntu/redfin/lib/python3.10/site-packages/airflow/example_dags/example_branch_operator.py
[2023-12-03T23:28:40.842+0000] {processor.py:829} INFO - Processing file /home/ubuntu/redfin/lib/python3.10/site-packages/airflow/example_dags/example_branch_operator.py for tasks to queue
[2023-12-03T23:28:40.843+0000] {logging_mixin.py:154} INFO - [2023-12-03T23:28:40.843+0000] {dagbag.py:536} INFO - Filling up the DagBag from /home/ubuntu/redfin/lib/python3.10/site-packages/airflow/example_dags/example_branch_operator.py
[2023-12-03T23:28:40.854+0000] {processor.py:839} INFO - DAG(s) dict_keys(['example_branch_operator']) retrieved from /home/ubuntu/redfin/lib/python3.10/site-packages/airflow/example_dags/example_branch_operator.py
[2023-12-03T23:28:40.875+0000] {logging_mixin.py:154} INFO - [2023-12-03T23:28:40.875+0000] {dag.py:2941} INFO - Sync 1 DAGs
[2023-12-03T23:28:40.898+0000] {logging_mixin.py:154} INFO - [2023-12-03T23:28:40.898+0000] {dag.py:3722} INFO - Setting next_dagrun for example_branch_operator to 2023-12-02T00:00:00+00:00, run_after=2023-12-03T00:00:00+00:00
[2023-12-03T23:28:40.920+0000] {processor.py:179} INFO - Processing /home/ubuntu/redfin/lib/python3.10/site-packages/airflow/example_dags/example_branch_operator.py took 0.083 seconds
[2023-12-03T23:29:29.384+0000] {processor.py:157} INFO - Started process (PID=5178) to work on /home/ubuntu/redfin/lib/python3.10/site-packages/airflow/example_dags/example_branch_operator.py
[2023-12-03T23:29:29.386+0000] {processor.py:829} INFO - Processing file /home/ubuntu/redfin/lib/python3.10/site-packages/airflow/example_dags/example_branch_operator.py for tasks to queue
[2023-12-03T23:29:29.387+0000] {logging_mixin.py:154} INFO - [2023-12-03T23:29:29.386+0000] {dagbag.py:536} INFO - Filling up the DagBag from /home/ubuntu/redfin/lib/python3.10/site-packages/airflow/example_dags/example_branch_operator.py
[2023-12-03T23:29:29.398+0000] {processor.py:839} INFO - DAG(s) dict_keys(['example_branch_operator']) retrieved from /home/ubuntu/redfin/lib/python3.10/site-packages/airflow/example_dags/example_branch_operator.py
[2023-12-03T23:29:29.420+0000] {logging_mixin.py:154} INFO - [2023-12-03T23:29:29.419+0000] {dag.py:2941} INFO - Sync 1 DAGs
[2023-12-03T23:29:29.444+0000] {logging_mixin.py:154} INFO - [2023-12-03T23:29:29.444+0000] {dag.py:3722} INFO - Setting next_dagrun for example_branch_operator to 2023-12-02T00:00:00+00:00, run_after=2023-12-03T00:00:00+00:00
[2023-12-03T23:29:29.471+0000] {processor.py:179} INFO - Processing /home/ubuntu/redfin/lib/python3.10/site-packages/airflow/example_dags/example_branch_operator.py took 0.090 seconds
[2023-12-03T23:30:17.045+0000] {processor.py:157} INFO - Started process (PID=5231) to work on /home/ubuntu/redfin/lib/python3.10/site-packages/airflow/example_dags/example_branch_operator.py
[2023-12-03T23:30:17.047+0000] {processor.py:829} INFO - Processing file /home/ubuntu/redfin/lib/python3.10/site-packages/airflow/example_dags/example_branch_operator.py for tasks to queue
[2023-12-03T23:30:17.048+0000] {logging_mixin.py:154} INFO - [2023-12-03T23:30:17.047+0000] {dagbag.py:536} INFO - Filling up the DagBag from /home/ubuntu/redfin/lib/python3.10/site-packages/airflow/example_dags/example_branch_operator.py
[2023-12-03T23:30:17.059+0000] {processor.py:839} INFO - DAG(s) dict_keys(['example_branch_operator']) retrieved from /home/ubuntu/redfin/lib/python3.10/site-packages/airflow/example_dags/example_branch_operator.py
[2023-12-03T23:30:17.081+0000] {logging_mixin.py:154} INFO - [2023-12-03T23:30:17.081+0000] {dag.py:2941} INFO - Sync 1 DAGs
[2023-12-03T23:30:17.105+0000] {logging_mixin.py:154} INFO - [2023-12-03T23:30:17.105+0000] {dag.py:3722} INFO - Setting next_dagrun for example_branch_operator to 2023-12-02T00:00:00+00:00, run_after=2023-12-03T00:00:00+00:00
[2023-12-03T23:30:17.129+0000] {processor.py:179} INFO - Processing /home/ubuntu/redfin/lib/python3.10/site-packages/airflow/example_dags/example_branch_operator.py took 0.087 seconds
[2023-12-03T23:31:03.281+0000] {processor.py:157} INFO - Started process (PID=5281) to work on /home/ubuntu/redfin/lib/python3.10/site-packages/airflow/example_dags/example_branch_operator.py
[2023-12-03T23:31:03.283+0000] {processor.py:829} INFO - Processing file /home/ubuntu/redfin/lib/python3.10/site-packages/airflow/example_dags/example_branch_operator.py for tasks to queue
[2023-12-03T23:31:03.284+0000] {logging_mixin.py:154} INFO - [2023-12-03T23:31:03.283+0000] {dagbag.py:536} INFO - Filling up the DagBag from /home/ubuntu/redfin/lib/python3.10/site-packages/airflow/example_dags/example_branch_operator.py
[2023-12-03T23:31:03.295+0000] {processor.py:839} INFO - DAG(s) dict_keys(['example_branch_operator']) retrieved from /home/ubuntu/redfin/lib/python3.10/site-packages/airflow/example_dags/example_branch_operator.py
[2023-12-03T23:31:03.316+0000] {logging_mixin.py:154} INFO - [2023-12-03T23:31:03.316+0000] {dag.py:2941} INFO - Sync 1 DAGs
[2023-12-03T23:31:03.340+0000] {logging_mixin.py:154} INFO - [2023-12-03T23:31:03.340+0000] {dag.py:3722} INFO - Setting next_dagrun for example_branch_operator to 2023-12-02T00:00:00+00:00, run_after=2023-12-03T00:00:00+00:00
[2023-12-03T23:31:03.364+0000] {processor.py:179} INFO - Processing /home/ubuntu/redfin/lib/python3.10/site-packages/airflow/example_dags/example_branch_operator.py took 0.086 seconds
[2023-12-03T23:31:50.829+0000] {processor.py:157} INFO - Started process (PID=5335) to work on /home/ubuntu/redfin/lib/python3.10/site-packages/airflow/example_dags/example_branch_operator.py
[2023-12-03T23:31:50.830+0000] {processor.py:829} INFO - Processing file /home/ubuntu/redfin/lib/python3.10/site-packages/airflow/example_dags/example_branch_operator.py for tasks to queue
[2023-12-03T23:31:50.831+0000] {logging_mixin.py:154} INFO - [2023-12-03T23:31:50.831+0000] {dagbag.py:536} INFO - Filling up the DagBag from /home/ubuntu/redfin/lib/python3.10/site-packages/airflow/example_dags/example_branch_operator.py
[2023-12-03T23:31:50.842+0000] {processor.py:839} INFO - DAG(s) dict_keys(['example_branch_operator']) retrieved from /home/ubuntu/redfin/lib/python3.10/site-packages/airflow/example_dags/example_branch_operator.py
[2023-12-03T23:31:50.864+0000] {logging_mixin.py:154} INFO - [2023-12-03T23:31:50.864+0000] {dag.py:2941} INFO - Sync 1 DAGs
[2023-12-03T23:31:50.888+0000] {logging_mixin.py:154} INFO - [2023-12-03T23:31:50.887+0000] {dag.py:3722} INFO - Setting next_dagrun for example_branch_operator to 2023-12-02T00:00:00+00:00, run_after=2023-12-03T00:00:00+00:00
[2023-12-03T23:31:50.911+0000] {processor.py:179} INFO - Processing /home/ubuntu/redfin/lib/python3.10/site-packages/airflow/example_dags/example_branch_operator.py took 0.086 seconds
[2023-12-03T23:32:36.294+0000] {processor.py:157} INFO - Started process (PID=5384) to work on /home/ubuntu/redfin/lib/python3.10/site-packages/airflow/example_dags/example_branch_operator.py
[2023-12-03T23:32:36.295+0000] {processor.py:829} INFO - Processing file /home/ubuntu/redfin/lib/python3.10/site-packages/airflow/example_dags/example_branch_operator.py for tasks to queue
[2023-12-03T23:32:36.296+0000] {logging_mixin.py:154} INFO - [2023-12-03T23:32:36.296+0000] {dagbag.py:536} INFO - Filling up the DagBag from /home/ubuntu/redfin/lib/python3.10/site-packages/airflow/example_dags/example_branch_operator.py
[2023-12-03T23:32:36.307+0000] {processor.py:839} INFO - DAG(s) dict_keys(['example_branch_operator']) retrieved from /home/ubuntu/redfin/lib/python3.10/site-packages/airflow/example_dags/example_branch_operator.py
[2023-12-03T23:32:36.328+0000] {logging_mixin.py:154} INFO - [2023-12-03T23:32:36.327+0000] {dag.py:2941} INFO - Sync 1 DAGs
[2023-12-03T23:32:36.351+0000] {logging_mixin.py:154} INFO - [2023-12-03T23:32:36.351+0000] {dag.py:3722} INFO - Setting next_dagrun for example_branch_operator to 2023-12-02T00:00:00+00:00, run_after=2023-12-03T00:00:00+00:00
[2023-12-03T23:32:36.373+0000] {processor.py:179} INFO - Processing /home/ubuntu/redfin/lib/python3.10/site-packages/airflow/example_dags/example_branch_operator.py took 0.083 seconds
[2023-12-03T23:33:20.802+0000] {processor.py:157} INFO - Started process (PID=5433) to work on /home/ubuntu/redfin/lib/python3.10/site-packages/airflow/example_dags/example_branch_operator.py
[2023-12-03T23:33:20.804+0000] {processor.py:829} INFO - Processing file /home/ubuntu/redfin/lib/python3.10/site-packages/airflow/example_dags/example_branch_operator.py for tasks to queue
[2023-12-03T23:33:20.805+0000] {logging_mixin.py:154} INFO - [2023-12-03T23:33:20.804+0000] {dagbag.py:536} INFO - Filling up the DagBag from /home/ubuntu/redfin/lib/python3.10/site-packages/airflow/example_dags/example_branch_operator.py
[2023-12-03T23:33:20.816+0000] {processor.py:839} INFO - DAG(s) dict_keys(['example_branch_operator']) retrieved from /home/ubuntu/redfin/lib/python3.10/site-packages/airflow/example_dags/example_branch_operator.py
[2023-12-03T23:33:20.836+0000] {logging_mixin.py:154} INFO - [2023-12-03T23:33:20.836+0000] {dag.py:2941} INFO - Sync 1 DAGs
[2023-12-03T23:33:20.859+0000] {logging_mixin.py:154} INFO - [2023-12-03T23:33:20.859+0000] {dag.py:3722} INFO - Setting next_dagrun for example_branch_operator to 2023-12-02T00:00:00+00:00, run_after=2023-12-03T00:00:00+00:00
[2023-12-03T23:33:20.882+0000] {processor.py:179} INFO - Processing /home/ubuntu/redfin/lib/python3.10/site-packages/airflow/example_dags/example_branch_operator.py took 0.084 seconds
[2023-12-03T23:34:07.176+0000] {processor.py:157} INFO - Started process (PID=5483) to work on /home/ubuntu/redfin/lib/python3.10/site-packages/airflow/example_dags/example_branch_operator.py
[2023-12-03T23:34:07.178+0000] {processor.py:829} INFO - Processing file /home/ubuntu/redfin/lib/python3.10/site-packages/airflow/example_dags/example_branch_operator.py for tasks to queue
[2023-12-03T23:34:07.179+0000] {logging_mixin.py:154} INFO - [2023-12-03T23:34:07.178+0000] {dagbag.py:536} INFO - Filling up the DagBag from /home/ubuntu/redfin/lib/python3.10/site-packages/airflow/example_dags/example_branch_operator.py
[2023-12-03T23:34:07.189+0000] {processor.py:839} INFO - DAG(s) dict_keys(['example_branch_operator']) retrieved from /home/ubuntu/redfin/lib/python3.10/site-packages/airflow/example_dags/example_branch_operator.py
[2023-12-03T23:34:07.209+0000] {logging_mixin.py:154} INFO - [2023-12-03T23:34:07.209+0000] {dag.py:2941} INFO - Sync 1 DAGs
[2023-12-03T23:34:07.232+0000] {logging_mixin.py:154} INFO - [2023-12-03T23:34:07.232+0000] {dag.py:3722} INFO - Setting next_dagrun for example_branch_operator to 2023-12-02T00:00:00+00:00, run_after=2023-12-03T00:00:00+00:00
[2023-12-03T23:34:07.254+0000] {processor.py:179} INFO - Processing /home/ubuntu/redfin/lib/python3.10/site-packages/airflow/example_dags/example_branch_operator.py took 0.081 seconds
[2023-12-03T23:34:55.151+0000] {processor.py:157} INFO - Started process (PID=5537) to work on /home/ubuntu/redfin/lib/python3.10/site-packages/airflow/example_dags/example_branch_operator.py
[2023-12-03T23:34:55.153+0000] {processor.py:829} INFO - Processing file /home/ubuntu/redfin/lib/python3.10/site-packages/airflow/example_dags/example_branch_operator.py for tasks to queue
[2023-12-03T23:34:55.154+0000] {logging_mixin.py:154} INFO - [2023-12-03T23:34:55.153+0000] {dagbag.py:536} INFO - Filling up the DagBag from /home/ubuntu/redfin/lib/python3.10/site-packages/airflow/example_dags/example_branch_operator.py
[2023-12-03T23:34:55.164+0000] {processor.py:839} INFO - DAG(s) dict_keys(['example_branch_operator']) retrieved from /home/ubuntu/redfin/lib/python3.10/site-packages/airflow/example_dags/example_branch_operator.py
[2023-12-03T23:34:55.185+0000] {logging_mixin.py:154} INFO - [2023-12-03T23:34:55.185+0000] {dag.py:2941} INFO - Sync 1 DAGs
[2023-12-03T23:34:55.207+0000] {logging_mixin.py:154} INFO - [2023-12-03T23:34:55.207+0000] {dag.py:3722} INFO - Setting next_dagrun for example_branch_operator to 2023-12-02T00:00:00+00:00, run_after=2023-12-03T00:00:00+00:00
[2023-12-03T23:34:55.229+0000] {processor.py:179} INFO - Processing /home/ubuntu/redfin/lib/python3.10/site-packages/airflow/example_dags/example_branch_operator.py took 0.081 seconds
[2023-12-03T23:35:45.173+0000] {processor.py:157} INFO - Started process (PID=5590) to work on /home/ubuntu/redfin/lib/python3.10/site-packages/airflow/example_dags/example_branch_operator.py
[2023-12-03T23:35:45.175+0000] {processor.py:829} INFO - Processing file /home/ubuntu/redfin/lib/python3.10/site-packages/airflow/example_dags/example_branch_operator.py for tasks to queue
[2023-12-03T23:35:45.175+0000] {logging_mixin.py:154} INFO - [2023-12-03T23:35:45.175+0000] {dagbag.py:536} INFO - Filling up the DagBag from /home/ubuntu/redfin/lib/python3.10/site-packages/airflow/example_dags/example_branch_operator.py
[2023-12-03T23:35:45.186+0000] {processor.py:839} INFO - DAG(s) dict_keys(['example_branch_operator']) retrieved from /home/ubuntu/redfin/lib/python3.10/site-packages/airflow/example_dags/example_branch_operator.py
[2023-12-03T23:35:45.207+0000] {logging_mixin.py:154} INFO - [2023-12-03T23:35:45.207+0000] {dag.py:2941} INFO - Sync 1 DAGs
[2023-12-03T23:35:45.230+0000] {logging_mixin.py:154} INFO - [2023-12-03T23:35:45.230+0000] {dag.py:3722} INFO - Setting next_dagrun for example_branch_operator to 2023-12-02T00:00:00+00:00, run_after=2023-12-03T00:00:00+00:00
[2023-12-03T23:35:45.253+0000] {processor.py:179} INFO - Processing /home/ubuntu/redfin/lib/python3.10/site-packages/airflow/example_dags/example_branch_operator.py took 0.083 seconds
[2023-12-03T23:36:37.067+0000] {processor.py:157} INFO - Started process (PID=5646) to work on /home/ubuntu/redfin/lib/python3.10/site-packages/airflow/example_dags/example_branch_operator.py
[2023-12-03T23:36:37.068+0000] {processor.py:829} INFO - Processing file /home/ubuntu/redfin/lib/python3.10/site-packages/airflow/example_dags/example_branch_operator.py for tasks to queue
[2023-12-03T23:36:37.069+0000] {logging_mixin.py:154} INFO - [2023-12-03T23:36:37.068+0000] {dagbag.py:536} INFO - Filling up the DagBag from /home/ubuntu/redfin/lib/python3.10/site-packages/airflow/example_dags/example_branch_operator.py
[2023-12-03T23:36:37.080+0000] {processor.py:839} INFO - DAG(s) dict_keys(['example_branch_operator']) retrieved from /home/ubuntu/redfin/lib/python3.10/site-packages/airflow/example_dags/example_branch_operator.py
[2023-12-03T23:36:37.100+0000] {logging_mixin.py:154} INFO - [2023-12-03T23:36:37.100+0000] {dag.py:2941} INFO - Sync 1 DAGs
[2023-12-03T23:36:37.123+0000] {logging_mixin.py:154} INFO - [2023-12-03T23:36:37.123+0000] {dag.py:3722} INFO - Setting next_dagrun for example_branch_operator to 2023-12-02T00:00:00+00:00, run_after=2023-12-03T00:00:00+00:00
[2023-12-03T23:36:37.147+0000] {processor.py:179} INFO - Processing /home/ubuntu/redfin/lib/python3.10/site-packages/airflow/example_dags/example_branch_operator.py took 0.084 seconds
[2023-12-03T23:37:25.403+0000] {processor.py:157} INFO - Started process (PID=5699) to work on /home/ubuntu/redfin/lib/python3.10/site-packages/airflow/example_dags/example_branch_operator.py
[2023-12-03T23:37:25.405+0000] {processor.py:829} INFO - Processing file /home/ubuntu/redfin/lib/python3.10/site-packages/airflow/example_dags/example_branch_operator.py for tasks to queue
[2023-12-03T23:37:25.406+0000] {logging_mixin.py:154} INFO - [2023-12-03T23:37:25.405+0000] {dagbag.py:536} INFO - Filling up the DagBag from /home/ubuntu/redfin/lib/python3.10/site-packages/airflow/example_dags/example_branch_operator.py
[2023-12-03T23:37:25.416+0000] {processor.py:839} INFO - DAG(s) dict_keys(['example_branch_operator']) retrieved from /home/ubuntu/redfin/lib/python3.10/site-packages/airflow/example_dags/example_branch_operator.py
[2023-12-03T23:37:25.438+0000] {logging_mixin.py:154} INFO - [2023-12-03T23:37:25.437+0000] {dag.py:2941} INFO - Sync 1 DAGs
[2023-12-03T23:37:25.461+0000] {logging_mixin.py:154} INFO - [2023-12-03T23:37:25.461+0000] {dag.py:3722} INFO - Setting next_dagrun for example_branch_operator to 2023-12-02T00:00:00+00:00, run_after=2023-12-03T00:00:00+00:00
[2023-12-03T23:37:25.483+0000] {processor.py:179} INFO - Processing /home/ubuntu/redfin/lib/python3.10/site-packages/airflow/example_dags/example_branch_operator.py took 0.083 seconds
[2023-12-03T23:38:09.665+0000] {processor.py:157} INFO - Started process (PID=5748) to work on /home/ubuntu/redfin/lib/python3.10/site-packages/airflow/example_dags/example_branch_operator.py
[2023-12-03T23:38:09.666+0000] {processor.py:829} INFO - Processing file /home/ubuntu/redfin/lib/python3.10/site-packages/airflow/example_dags/example_branch_operator.py for tasks to queue
[2023-12-03T23:38:09.667+0000] {logging_mixin.py:154} INFO - [2023-12-03T23:38:09.667+0000] {dagbag.py:536} INFO - Filling up the DagBag from /home/ubuntu/redfin/lib/python3.10/site-packages/airflow/example_dags/example_branch_operator.py
[2023-12-03T23:38:09.678+0000] {processor.py:839} INFO - DAG(s) dict_keys(['example_branch_operator']) retrieved from /home/ubuntu/redfin/lib/python3.10/site-packages/airflow/example_dags/example_branch_operator.py
[2023-12-03T23:38:09.700+0000] {logging_mixin.py:154} INFO - [2023-12-03T23:38:09.699+0000] {dag.py:2941} INFO - Sync 1 DAGs
[2023-12-03T23:38:09.725+0000] {logging_mixin.py:154} INFO - [2023-12-03T23:38:09.724+0000] {dag.py:3722} INFO - Setting next_dagrun for example_branch_operator to 2023-12-02T00:00:00+00:00, run_after=2023-12-03T00:00:00+00:00
[2023-12-03T23:38:09.747+0000] {processor.py:179} INFO - Processing /home/ubuntu/redfin/lib/python3.10/site-packages/airflow/example_dags/example_branch_operator.py took 0.086 seconds
[2023-12-03T23:38:58.210+0000] {processor.py:157} INFO - Started process (PID=5803) to work on /home/ubuntu/redfin/lib/python3.10/site-packages/airflow/example_dags/example_branch_operator.py
[2023-12-03T23:38:58.211+0000] {processor.py:829} INFO - Processing file /home/ubuntu/redfin/lib/python3.10/site-packages/airflow/example_dags/example_branch_operator.py for tasks to queue
[2023-12-03T23:38:58.212+0000] {logging_mixin.py:154} INFO - [2023-12-03T23:38:58.212+0000] {dagbag.py:536} INFO - Filling up the DagBag from /home/ubuntu/redfin/lib/python3.10/site-packages/airflow/example_dags/example_branch_operator.py
[2023-12-03T23:38:58.223+0000] {processor.py:839} INFO - DAG(s) dict_keys(['example_branch_operator']) retrieved from /home/ubuntu/redfin/lib/python3.10/site-packages/airflow/example_dags/example_branch_operator.py
[2023-12-03T23:38:58.243+0000] {logging_mixin.py:154} INFO - [2023-12-03T23:38:58.243+0000] {dag.py:2941} INFO - Sync 1 DAGs
[2023-12-03T23:38:58.265+0000] {logging_mixin.py:154} INFO - [2023-12-03T23:38:58.265+0000] {dag.py:3722} INFO - Setting next_dagrun for example_branch_operator to 2023-12-02T00:00:00+00:00, run_after=2023-12-03T00:00:00+00:00
[2023-12-03T23:38:58.288+0000] {processor.py:179} INFO - Processing /home/ubuntu/redfin/lib/python3.10/site-packages/airflow/example_dags/example_branch_operator.py took 0.081 seconds
[2023-12-03T23:39:45.806+0000] {processor.py:157} INFO - Started process (PID=5853) to work on /home/ubuntu/redfin/lib/python3.10/site-packages/airflow/example_dags/example_branch_operator.py
[2023-12-03T23:39:45.807+0000] {processor.py:829} INFO - Processing file /home/ubuntu/redfin/lib/python3.10/site-packages/airflow/example_dags/example_branch_operator.py for tasks to queue
[2023-12-03T23:39:45.808+0000] {logging_mixin.py:154} INFO - [2023-12-03T23:39:45.808+0000] {dagbag.py:536} INFO - Filling up the DagBag from /home/ubuntu/redfin/lib/python3.10/site-packages/airflow/example_dags/example_branch_operator.py
[2023-12-03T23:39:45.819+0000] {processor.py:839} INFO - DAG(s) dict_keys(['example_branch_operator']) retrieved from /home/ubuntu/redfin/lib/python3.10/site-packages/airflow/example_dags/example_branch_operator.py
[2023-12-03T23:39:45.840+0000] {logging_mixin.py:154} INFO - [2023-12-03T23:39:45.840+0000] {dag.py:2941} INFO - Sync 1 DAGs
[2023-12-03T23:39:45.864+0000] {logging_mixin.py:154} INFO - [2023-12-03T23:39:45.864+0000] {dag.py:3722} INFO - Setting next_dagrun for example_branch_operator to 2023-12-02T00:00:00+00:00, run_after=2023-12-03T00:00:00+00:00
[2023-12-03T23:39:45.886+0000] {processor.py:179} INFO - Processing /home/ubuntu/redfin/lib/python3.10/site-packages/airflow/example_dags/example_branch_operator.py took 0.084 seconds
[2023-12-03T23:40:32.003+0000] {processor.py:157} INFO - Started process (PID=5903) to work on /home/ubuntu/redfin/lib/python3.10/site-packages/airflow/example_dags/example_branch_operator.py
[2023-12-03T23:40:32.004+0000] {processor.py:829} INFO - Processing file /home/ubuntu/redfin/lib/python3.10/site-packages/airflow/example_dags/example_branch_operator.py for tasks to queue
[2023-12-03T23:40:32.005+0000] {logging_mixin.py:154} INFO - [2023-12-03T23:40:32.005+0000] {dagbag.py:536} INFO - Filling up the DagBag from /home/ubuntu/redfin/lib/python3.10/site-packages/airflow/example_dags/example_branch_operator.py
[2023-12-03T23:40:32.016+0000] {processor.py:839} INFO - DAG(s) dict_keys(['example_branch_operator']) retrieved from /home/ubuntu/redfin/lib/python3.10/site-packages/airflow/example_dags/example_branch_operator.py
[2023-12-03T23:40:32.037+0000] {logging_mixin.py:154} INFO - [2023-12-03T23:40:32.037+0000] {dag.py:2941} INFO - Sync 1 DAGs
[2023-12-03T23:40:32.061+0000] {logging_mixin.py:154} INFO - [2023-12-03T23:40:32.060+0000] {dag.py:3722} INFO - Setting next_dagrun for example_branch_operator to 2023-12-02T00:00:00+00:00, run_after=2023-12-03T00:00:00+00:00
[2023-12-03T23:40:32.083+0000] {processor.py:179} INFO - Processing /home/ubuntu/redfin/lib/python3.10/site-packages/airflow/example_dags/example_branch_operator.py took 0.084 seconds
[2023-12-03T23:41:23.448+0000] {processor.py:157} INFO - Started process (PID=5957) to work on /home/ubuntu/redfin/lib/python3.10/site-packages/airflow/example_dags/example_branch_operator.py
[2023-12-03T23:41:23.450+0000] {processor.py:829} INFO - Processing file /home/ubuntu/redfin/lib/python3.10/site-packages/airflow/example_dags/example_branch_operator.py for tasks to queue
[2023-12-03T23:41:23.451+0000] {logging_mixin.py:154} INFO - [2023-12-03T23:41:23.450+0000] {dagbag.py:536} INFO - Filling up the DagBag from /home/ubuntu/redfin/lib/python3.10/site-packages/airflow/example_dags/example_branch_operator.py
[2023-12-03T23:41:23.462+0000] {processor.py:839} INFO - DAG(s) dict_keys(['example_branch_operator']) retrieved from /home/ubuntu/redfin/lib/python3.10/site-packages/airflow/example_dags/example_branch_operator.py
[2023-12-03T23:41:23.483+0000] {logging_mixin.py:154} INFO - [2023-12-03T23:41:23.482+0000] {dag.py:2941} INFO - Sync 1 DAGs
[2023-12-03T23:41:23.506+0000] {logging_mixin.py:154} INFO - [2023-12-03T23:41:23.506+0000] {dag.py:3722} INFO - Setting next_dagrun for example_branch_operator to 2023-12-02T00:00:00+00:00, run_after=2023-12-03T00:00:00+00:00
[2023-12-03T23:41:23.528+0000] {processor.py:179} INFO - Processing /home/ubuntu/redfin/lib/python3.10/site-packages/airflow/example_dags/example_branch_operator.py took 0.084 seconds
[2023-12-03T23:42:06.372+0000] {processor.py:157} INFO - Started process (PID=6006) to work on /home/ubuntu/redfin/lib/python3.10/site-packages/airflow/example_dags/example_branch_operator.py
[2023-12-03T23:42:06.374+0000] {processor.py:829} INFO - Processing file /home/ubuntu/redfin/lib/python3.10/site-packages/airflow/example_dags/example_branch_operator.py for tasks to queue
[2023-12-03T23:42:06.375+0000] {logging_mixin.py:154} INFO - [2023-12-03T23:42:06.374+0000] {dagbag.py:536} INFO - Filling up the DagBag from /home/ubuntu/redfin/lib/python3.10/site-packages/airflow/example_dags/example_branch_operator.py
[2023-12-03T23:42:06.386+0000] {processor.py:839} INFO - DAG(s) dict_keys(['example_branch_operator']) retrieved from /home/ubuntu/redfin/lib/python3.10/site-packages/airflow/example_dags/example_branch_operator.py
[2023-12-03T23:42:06.407+0000] {logging_mixin.py:154} INFO - [2023-12-03T23:42:06.406+0000] {dag.py:2941} INFO - Sync 1 DAGs
[2023-12-03T23:42:06.430+0000] {logging_mixin.py:154} INFO - [2023-12-03T23:42:06.430+0000] {dag.py:3722} INFO - Setting next_dagrun for example_branch_operator to 2023-12-02T00:00:00+00:00, run_after=2023-12-03T00:00:00+00:00
[2023-12-03T23:42:06.452+0000] {processor.py:179} INFO - Processing /home/ubuntu/redfin/lib/python3.10/site-packages/airflow/example_dags/example_branch_operator.py took 0.084 seconds
[2023-12-03T23:42:56.089+0000] {processor.py:157} INFO - Started process (PID=6061) to work on /home/ubuntu/redfin/lib/python3.10/site-packages/airflow/example_dags/example_branch_operator.py
[2023-12-03T23:42:56.090+0000] {processor.py:829} INFO - Processing file /home/ubuntu/redfin/lib/python3.10/site-packages/airflow/example_dags/example_branch_operator.py for tasks to queue
[2023-12-03T23:42:56.091+0000] {logging_mixin.py:154} INFO - [2023-12-03T23:42:56.091+0000] {dagbag.py:536} INFO - Filling up the DagBag from /home/ubuntu/redfin/lib/python3.10/site-packages/airflow/example_dags/example_branch_operator.py
[2023-12-03T23:42:56.102+0000] {processor.py:839} INFO - DAG(s) dict_keys(['example_branch_operator']) retrieved from /home/ubuntu/redfin/lib/python3.10/site-packages/airflow/example_dags/example_branch_operator.py
[2023-12-03T23:42:56.123+0000] {logging_mixin.py:154} INFO - [2023-12-03T23:42:56.123+0000] {dag.py:2941} INFO - Sync 1 DAGs
[2023-12-03T23:42:56.146+0000] {logging_mixin.py:154} INFO - [2023-12-03T23:42:56.146+0000] {dag.py:3722} INFO - Setting next_dagrun for example_branch_operator to 2023-12-02T00:00:00+00:00, run_after=2023-12-03T00:00:00+00:00
[2023-12-03T23:42:56.169+0000] {processor.py:179} INFO - Processing /home/ubuntu/redfin/lib/python3.10/site-packages/airflow/example_dags/example_branch_operator.py took 0.084 seconds
[2023-12-03T23:43:41.088+0000] {processor.py:157} INFO - Started process (PID=6110) to work on /home/ubuntu/redfin/lib/python3.10/site-packages/airflow/example_dags/example_branch_operator.py
[2023-12-03T23:43:41.090+0000] {processor.py:829} INFO - Processing file /home/ubuntu/redfin/lib/python3.10/site-packages/airflow/example_dags/example_branch_operator.py for tasks to queue
[2023-12-03T23:43:41.091+0000] {logging_mixin.py:154} INFO - [2023-12-03T23:43:41.090+0000] {dagbag.py:536} INFO - Filling up the DagBag from /home/ubuntu/redfin/lib/python3.10/site-packages/airflow/example_dags/example_branch_operator.py
[2023-12-03T23:43:41.101+0000] {processor.py:839} INFO - DAG(s) dict_keys(['example_branch_operator']) retrieved from /home/ubuntu/redfin/lib/python3.10/site-packages/airflow/example_dags/example_branch_operator.py
[2023-12-03T23:43:41.122+0000] {logging_mixin.py:154} INFO - [2023-12-03T23:43:41.122+0000] {dag.py:2941} INFO - Sync 1 DAGs
[2023-12-03T23:43:41.144+0000] {logging_mixin.py:154} INFO - [2023-12-03T23:43:41.144+0000] {dag.py:3722} INFO - Setting next_dagrun for example_branch_operator to 2023-12-02T00:00:00+00:00, run_after=2023-12-03T00:00:00+00:00
[2023-12-03T23:43:41.166+0000] {processor.py:179} INFO - Processing /home/ubuntu/redfin/lib/python3.10/site-packages/airflow/example_dags/example_branch_operator.py took 0.081 seconds
[2023-12-03T23:44:29.339+0000] {processor.py:157} INFO - Started process (PID=6417) to work on /home/ubuntu/redfin/lib/python3.10/site-packages/airflow/example_dags/example_branch_operator.py
[2023-12-03T23:44:29.340+0000] {processor.py:829} INFO - Processing file /home/ubuntu/redfin/lib/python3.10/site-packages/airflow/example_dags/example_branch_operator.py for tasks to queue
[2023-12-03T23:44:29.341+0000] {logging_mixin.py:154} INFO - [2023-12-03T23:44:29.341+0000] {dagbag.py:536} INFO - Filling up the DagBag from /home/ubuntu/redfin/lib/python3.10/site-packages/airflow/example_dags/example_branch_operator.py
[2023-12-03T23:44:29.352+0000] {processor.py:839} INFO - DAG(s) dict_keys(['example_branch_operator']) retrieved from /home/ubuntu/redfin/lib/python3.10/site-packages/airflow/example_dags/example_branch_operator.py
[2023-12-03T23:44:29.372+0000] {logging_mixin.py:154} INFO - [2023-12-03T23:44:29.372+0000] {dag.py:2941} INFO - Sync 1 DAGs
[2023-12-03T23:44:29.395+0000] {logging_mixin.py:154} INFO - [2023-12-03T23:44:29.395+0000] {dag.py:3722} INFO - Setting next_dagrun for example_branch_operator to 2023-12-02T00:00:00+00:00, run_after=2023-12-03T00:00:00+00:00
[2023-12-03T23:44:29.418+0000] {processor.py:179} INFO - Processing /home/ubuntu/redfin/lib/python3.10/site-packages/airflow/example_dags/example_branch_operator.py took 0.083 seconds
[2023-12-03T23:45:25.526+0000] {processor.py:157} INFO - Started process (PID=6635) to work on /home/ubuntu/redfin/lib/python3.10/site-packages/airflow/example_dags/example_branch_operator.py
[2023-12-03T23:45:25.527+0000] {processor.py:829} INFO - Processing file /home/ubuntu/redfin/lib/python3.10/site-packages/airflow/example_dags/example_branch_operator.py for tasks to queue
[2023-12-03T23:45:25.528+0000] {logging_mixin.py:154} INFO - [2023-12-03T23:45:25.528+0000] {dagbag.py:536} INFO - Filling up the DagBag from /home/ubuntu/redfin/lib/python3.10/site-packages/airflow/example_dags/example_branch_operator.py
[2023-12-03T23:45:25.539+0000] {processor.py:839} INFO - DAG(s) dict_keys(['example_branch_operator']) retrieved from /home/ubuntu/redfin/lib/python3.10/site-packages/airflow/example_dags/example_branch_operator.py
[2023-12-03T23:45:25.560+0000] {logging_mixin.py:154} INFO - [2023-12-03T23:45:25.559+0000] {dag.py:2941} INFO - Sync 1 DAGs
[2023-12-03T23:45:25.582+0000] {logging_mixin.py:154} INFO - [2023-12-03T23:45:25.582+0000] {dag.py:3722} INFO - Setting next_dagrun for example_branch_operator to 2023-12-02T00:00:00+00:00, run_after=2023-12-03T00:00:00+00:00
[2023-12-03T23:45:25.604+0000] {processor.py:179} INFO - Processing /home/ubuntu/redfin/lib/python3.10/site-packages/airflow/example_dags/example_branch_operator.py took 0.082 seconds
[2023-12-03T23:46:10.743+0000] {processor.py:157} INFO - Started process (PID=6688) to work on /home/ubuntu/redfin/lib/python3.10/site-packages/airflow/example_dags/example_branch_operator.py
[2023-12-03T23:46:10.745+0000] {processor.py:829} INFO - Processing file /home/ubuntu/redfin/lib/python3.10/site-packages/airflow/example_dags/example_branch_operator.py for tasks to queue
[2023-12-03T23:46:10.746+0000] {logging_mixin.py:154} INFO - [2023-12-03T23:46:10.745+0000] {dagbag.py:536} INFO - Filling up the DagBag from /home/ubuntu/redfin/lib/python3.10/site-packages/airflow/example_dags/example_branch_operator.py
[2023-12-03T23:46:10.756+0000] {processor.py:839} INFO - DAG(s) dict_keys(['example_branch_operator']) retrieved from /home/ubuntu/redfin/lib/python3.10/site-packages/airflow/example_dags/example_branch_operator.py
[2023-12-03T23:46:10.777+0000] {logging_mixin.py:154} INFO - [2023-12-03T23:46:10.777+0000] {dag.py:2941} INFO - Sync 1 DAGs
[2023-12-03T23:46:10.799+0000] {logging_mixin.py:154} INFO - [2023-12-03T23:46:10.799+0000] {dag.py:3722} INFO - Setting next_dagrun for example_branch_operator to 2023-12-02T00:00:00+00:00, run_after=2023-12-03T00:00:00+00:00
[2023-12-03T23:46:10.821+0000] {processor.py:179} INFO - Processing /home/ubuntu/redfin/lib/python3.10/site-packages/airflow/example_dags/example_branch_operator.py took 0.082 seconds
[2023-12-03T23:46:57.304+0000] {processor.py:157} INFO - Started process (PID=6740) to work on /home/ubuntu/redfin/lib/python3.10/site-packages/airflow/example_dags/example_branch_operator.py
[2023-12-03T23:46:57.306+0000] {processor.py:829} INFO - Processing file /home/ubuntu/redfin/lib/python3.10/site-packages/airflow/example_dags/example_branch_operator.py for tasks to queue
[2023-12-03T23:46:57.307+0000] {logging_mixin.py:154} INFO - [2023-12-03T23:46:57.306+0000] {dagbag.py:536} INFO - Filling up the DagBag from /home/ubuntu/redfin/lib/python3.10/site-packages/airflow/example_dags/example_branch_operator.py
[2023-12-03T23:46:57.318+0000] {processor.py:839} INFO - DAG(s) dict_keys(['example_branch_operator']) retrieved from /home/ubuntu/redfin/lib/python3.10/site-packages/airflow/example_dags/example_branch_operator.py
[2023-12-03T23:46:57.339+0000] {logging_mixin.py:154} INFO - [2023-12-03T23:46:57.339+0000] {dag.py:2941} INFO - Sync 1 DAGs
[2023-12-03T23:46:57.364+0000] {logging_mixin.py:154} INFO - [2023-12-03T23:46:57.363+0000] {dag.py:3722} INFO - Setting next_dagrun for example_branch_operator to 2023-12-02T00:00:00+00:00, run_after=2023-12-03T00:00:00+00:00
[2023-12-03T23:46:57.387+0000] {processor.py:179} INFO - Processing /home/ubuntu/redfin/lib/python3.10/site-packages/airflow/example_dags/example_branch_operator.py took 0.086 seconds
[2023-12-03T23:47:44.831+0000] {processor.py:157} INFO - Started process (PID=6800) to work on /home/ubuntu/redfin/lib/python3.10/site-packages/airflow/example_dags/example_branch_operator.py
[2023-12-03T23:47:44.832+0000] {processor.py:829} INFO - Processing file /home/ubuntu/redfin/lib/python3.10/site-packages/airflow/example_dags/example_branch_operator.py for tasks to queue
[2023-12-03T23:47:44.833+0000] {logging_mixin.py:154} INFO - [2023-12-03T23:47:44.833+0000] {dagbag.py:536} INFO - Filling up the DagBag from /home/ubuntu/redfin/lib/python3.10/site-packages/airflow/example_dags/example_branch_operator.py
[2023-12-03T23:47:44.844+0000] {processor.py:839} INFO - DAG(s) dict_keys(['example_branch_operator']) retrieved from /home/ubuntu/redfin/lib/python3.10/site-packages/airflow/example_dags/example_branch_operator.py
[2023-12-03T23:47:44.865+0000] {logging_mixin.py:154} INFO - [2023-12-03T23:47:44.864+0000] {dag.py:2941} INFO - Sync 1 DAGs
[2023-12-03T23:47:44.887+0000] {logging_mixin.py:154} INFO - [2023-12-03T23:47:44.887+0000] {dag.py:3722} INFO - Setting next_dagrun for example_branch_operator to 2023-12-02T00:00:00+00:00, run_after=2023-12-03T00:00:00+00:00
[2023-12-03T23:47:44.910+0000] {processor.py:179} INFO - Processing /home/ubuntu/redfin/lib/python3.10/site-packages/airflow/example_dags/example_branch_operator.py took 0.083 seconds
[2023-12-03T23:48:34.194+0000] {processor.py:157} INFO - Started process (PID=6881) to work on /home/ubuntu/redfin/lib/python3.10/site-packages/airflow/example_dags/example_branch_operator.py
[2023-12-03T23:48:34.195+0000] {processor.py:829} INFO - Processing file /home/ubuntu/redfin/lib/python3.10/site-packages/airflow/example_dags/example_branch_operator.py for tasks to queue
[2023-12-03T23:48:34.196+0000] {logging_mixin.py:154} INFO - [2023-12-03T23:48:34.195+0000] {dagbag.py:536} INFO - Filling up the DagBag from /home/ubuntu/redfin/lib/python3.10/site-packages/airflow/example_dags/example_branch_operator.py
[2023-12-03T23:48:34.207+0000] {processor.py:839} INFO - DAG(s) dict_keys(['example_branch_operator']) retrieved from /home/ubuntu/redfin/lib/python3.10/site-packages/airflow/example_dags/example_branch_operator.py
[2023-12-03T23:48:34.228+0000] {logging_mixin.py:154} INFO - [2023-12-03T23:48:34.227+0000] {dag.py:2941} INFO - Sync 1 DAGs
[2023-12-03T23:48:34.252+0000] {logging_mixin.py:154} INFO - [2023-12-03T23:48:34.252+0000] {dag.py:3722} INFO - Setting next_dagrun for example_branch_operator to 2023-12-02T00:00:00+00:00, run_after=2023-12-03T00:00:00+00:00
[2023-12-03T23:48:34.275+0000] {processor.py:179} INFO - Processing /home/ubuntu/redfin/lib/python3.10/site-packages/airflow/example_dags/example_branch_operator.py took 0.085 seconds
[2023-12-03T23:49:24.549+0000] {processor.py:157} INFO - Started process (PID=6936) to work on /home/ubuntu/redfin/lib/python3.10/site-packages/airflow/example_dags/example_branch_operator.py
[2023-12-03T23:49:24.551+0000] {processor.py:829} INFO - Processing file /home/ubuntu/redfin/lib/python3.10/site-packages/airflow/example_dags/example_branch_operator.py for tasks to queue
[2023-12-03T23:49:24.552+0000] {logging_mixin.py:154} INFO - [2023-12-03T23:49:24.552+0000] {dagbag.py:536} INFO - Filling up the DagBag from /home/ubuntu/redfin/lib/python3.10/site-packages/airflow/example_dags/example_branch_operator.py
[2023-12-03T23:49:24.563+0000] {processor.py:839} INFO - DAG(s) dict_keys(['example_branch_operator']) retrieved from /home/ubuntu/redfin/lib/python3.10/site-packages/airflow/example_dags/example_branch_operator.py
[2023-12-03T23:49:24.584+0000] {logging_mixin.py:154} INFO - [2023-12-03T23:49:24.584+0000] {dag.py:2941} INFO - Sync 1 DAGs
[2023-12-03T23:49:24.608+0000] {logging_mixin.py:154} INFO - [2023-12-03T23:49:24.608+0000] {dag.py:3722} INFO - Setting next_dagrun for example_branch_operator to 2023-12-02T00:00:00+00:00, run_after=2023-12-03T00:00:00+00:00
[2023-12-03T23:49:24.630+0000] {processor.py:179} INFO - Processing /home/ubuntu/redfin/lib/python3.10/site-packages/airflow/example_dags/example_branch_operator.py took 0.085 seconds
[2023-12-03T23:50:12.565+0000] {processor.py:157} INFO - Started process (PID=6991) to work on /home/ubuntu/redfin/lib/python3.10/site-packages/airflow/example_dags/example_branch_operator.py
[2023-12-03T23:50:12.566+0000] {processor.py:829} INFO - Processing file /home/ubuntu/redfin/lib/python3.10/site-packages/airflow/example_dags/example_branch_operator.py for tasks to queue
[2023-12-03T23:50:12.567+0000] {logging_mixin.py:154} INFO - [2023-12-03T23:50:12.567+0000] {dagbag.py:536} INFO - Filling up the DagBag from /home/ubuntu/redfin/lib/python3.10/site-packages/airflow/example_dags/example_branch_operator.py
[2023-12-03T23:50:12.578+0000] {processor.py:839} INFO - DAG(s) dict_keys(['example_branch_operator']) retrieved from /home/ubuntu/redfin/lib/python3.10/site-packages/airflow/example_dags/example_branch_operator.py
[2023-12-03T23:50:12.600+0000] {logging_mixin.py:154} INFO - [2023-12-03T23:50:12.599+0000] {dag.py:2941} INFO - Sync 1 DAGs
[2023-12-03T23:50:12.624+0000] {logging_mixin.py:154} INFO - [2023-12-03T23:50:12.624+0000] {dag.py:3722} INFO - Setting next_dagrun for example_branch_operator to 2023-12-02T00:00:00+00:00, run_after=2023-12-03T00:00:00+00:00
[2023-12-03T23:50:12.649+0000] {processor.py:179} INFO - Processing /home/ubuntu/redfin/lib/python3.10/site-packages/airflow/example_dags/example_branch_operator.py took 0.088 seconds
[2023-12-03T23:51:01.211+0000] {processor.py:157} INFO - Started process (PID=7043) to work on /home/ubuntu/redfin/lib/python3.10/site-packages/airflow/example_dags/example_branch_operator.py
[2023-12-03T23:51:01.213+0000] {processor.py:829} INFO - Processing file /home/ubuntu/redfin/lib/python3.10/site-packages/airflow/example_dags/example_branch_operator.py for tasks to queue
[2023-12-03T23:51:01.214+0000] {logging_mixin.py:154} INFO - [2023-12-03T23:51:01.213+0000] {dagbag.py:536} INFO - Filling up the DagBag from /home/ubuntu/redfin/lib/python3.10/site-packages/airflow/example_dags/example_branch_operator.py
[2023-12-03T23:51:01.224+0000] {processor.py:839} INFO - DAG(s) dict_keys(['example_branch_operator']) retrieved from /home/ubuntu/redfin/lib/python3.10/site-packages/airflow/example_dags/example_branch_operator.py
[2023-12-03T23:51:01.245+0000] {logging_mixin.py:154} INFO - [2023-12-03T23:51:01.245+0000] {dag.py:2941} INFO - Sync 1 DAGs
[2023-12-03T23:51:01.267+0000] {logging_mixin.py:154} INFO - [2023-12-03T23:51:01.267+0000] {dag.py:3722} INFO - Setting next_dagrun for example_branch_operator to 2023-12-02T00:00:00+00:00, run_after=2023-12-03T00:00:00+00:00
[2023-12-03T23:51:01.290+0000] {processor.py:179} INFO - Processing /home/ubuntu/redfin/lib/python3.10/site-packages/airflow/example_dags/example_branch_operator.py took 0.083 seconds
[2023-12-03T23:51:46.513+0000] {processor.py:157} INFO - Started process (PID=7096) to work on /home/ubuntu/redfin/lib/python3.10/site-packages/airflow/example_dags/example_branch_operator.py
[2023-12-03T23:51:46.514+0000] {processor.py:829} INFO - Processing file /home/ubuntu/redfin/lib/python3.10/site-packages/airflow/example_dags/example_branch_operator.py for tasks to queue
[2023-12-03T23:51:46.515+0000] {logging_mixin.py:154} INFO - [2023-12-03T23:51:46.515+0000] {dagbag.py:536} INFO - Filling up the DagBag from /home/ubuntu/redfin/lib/python3.10/site-packages/airflow/example_dags/example_branch_operator.py
[2023-12-03T23:51:46.526+0000] {processor.py:839} INFO - DAG(s) dict_keys(['example_branch_operator']) retrieved from /home/ubuntu/redfin/lib/python3.10/site-packages/airflow/example_dags/example_branch_operator.py
[2023-12-03T23:51:46.546+0000] {logging_mixin.py:154} INFO - [2023-12-03T23:51:46.546+0000] {dag.py:2941} INFO - Sync 1 DAGs
[2023-12-03T23:51:46.569+0000] {logging_mixin.py:154} INFO - [2023-12-03T23:51:46.569+0000] {dag.py:3722} INFO - Setting next_dagrun for example_branch_operator to 2023-12-02T00:00:00+00:00, run_after=2023-12-03T00:00:00+00:00
[2023-12-03T23:51:46.591+0000] {processor.py:179} INFO - Processing /home/ubuntu/redfin/lib/python3.10/site-packages/airflow/example_dags/example_branch_operator.py took 0.082 seconds
[2023-12-03T23:52:39.184+0000] {processor.py:157} INFO - Started process (PID=7151) to work on /home/ubuntu/redfin/lib/python3.10/site-packages/airflow/example_dags/example_branch_operator.py
[2023-12-03T23:52:39.185+0000] {processor.py:829} INFO - Processing file /home/ubuntu/redfin/lib/python3.10/site-packages/airflow/example_dags/example_branch_operator.py for tasks to queue
[2023-12-03T23:52:39.186+0000] {logging_mixin.py:154} INFO - [2023-12-03T23:52:39.185+0000] {dagbag.py:536} INFO - Filling up the DagBag from /home/ubuntu/redfin/lib/python3.10/site-packages/airflow/example_dags/example_branch_operator.py
[2023-12-03T23:52:39.196+0000] {processor.py:839} INFO - DAG(s) dict_keys(['example_branch_operator']) retrieved from /home/ubuntu/redfin/lib/python3.10/site-packages/airflow/example_dags/example_branch_operator.py
[2023-12-03T23:52:39.217+0000] {logging_mixin.py:154} INFO - [2023-12-03T23:52:39.217+0000] {dag.py:2941} INFO - Sync 1 DAGs
[2023-12-03T23:52:39.240+0000] {logging_mixin.py:154} INFO - [2023-12-03T23:52:39.239+0000] {dag.py:3722} INFO - Setting next_dagrun for example_branch_operator to 2023-12-02T00:00:00+00:00, run_after=2023-12-03T00:00:00+00:00
[2023-12-03T23:52:39.262+0000] {processor.py:179} INFO - Processing /home/ubuntu/redfin/lib/python3.10/site-packages/airflow/example_dags/example_branch_operator.py took 0.082 seconds
[2023-12-03T23:53:28.334+0000] {processor.py:157} INFO - Started process (PID=7205) to work on /home/ubuntu/redfin/lib/python3.10/site-packages/airflow/example_dags/example_branch_operator.py
[2023-12-03T23:53:28.336+0000] {processor.py:829} INFO - Processing file /home/ubuntu/redfin/lib/python3.10/site-packages/airflow/example_dags/example_branch_operator.py for tasks to queue
[2023-12-03T23:53:28.337+0000] {logging_mixin.py:154} INFO - [2023-12-03T23:53:28.336+0000] {dagbag.py:536} INFO - Filling up the DagBag from /home/ubuntu/redfin/lib/python3.10/site-packages/airflow/example_dags/example_branch_operator.py
[2023-12-03T23:53:28.348+0000] {processor.py:839} INFO - DAG(s) dict_keys(['example_branch_operator']) retrieved from /home/ubuntu/redfin/lib/python3.10/site-packages/airflow/example_dags/example_branch_operator.py
[2023-12-03T23:53:28.369+0000] {logging_mixin.py:154} INFO - [2023-12-03T23:53:28.368+0000] {dag.py:2941} INFO - Sync 1 DAGs
[2023-12-03T23:53:28.392+0000] {logging_mixin.py:154} INFO - [2023-12-03T23:53:28.391+0000] {dag.py:3722} INFO - Setting next_dagrun for example_branch_operator to 2023-12-02T00:00:00+00:00, run_after=2023-12-03T00:00:00+00:00
[2023-12-03T23:53:28.413+0000] {processor.py:179} INFO - Processing /home/ubuntu/redfin/lib/python3.10/site-packages/airflow/example_dags/example_branch_operator.py took 0.083 seconds
[2023-12-03T23:54:15.812+0000] {processor.py:157} INFO - Started process (PID=7257) to work on /home/ubuntu/redfin/lib/python3.10/site-packages/airflow/example_dags/example_branch_operator.py
[2023-12-03T23:54:15.814+0000] {processor.py:829} INFO - Processing file /home/ubuntu/redfin/lib/python3.10/site-packages/airflow/example_dags/example_branch_operator.py for tasks to queue
[2023-12-03T23:54:15.814+0000] {logging_mixin.py:154} INFO - [2023-12-03T23:54:15.814+0000] {dagbag.py:536} INFO - Filling up the DagBag from /home/ubuntu/redfin/lib/python3.10/site-packages/airflow/example_dags/example_branch_operator.py
[2023-12-03T23:54:15.825+0000] {processor.py:839} INFO - DAG(s) dict_keys(['example_branch_operator']) retrieved from /home/ubuntu/redfin/lib/python3.10/site-packages/airflow/example_dags/example_branch_operator.py
[2023-12-03T23:54:15.846+0000] {logging_mixin.py:154} INFO - [2023-12-03T23:54:15.845+0000] {dag.py:2941} INFO - Sync 1 DAGs
[2023-12-03T23:54:15.869+0000] {logging_mixin.py:154} INFO - [2023-12-03T23:54:15.869+0000] {dag.py:3722} INFO - Setting next_dagrun for example_branch_operator to 2023-12-02T00:00:00+00:00, run_after=2023-12-03T00:00:00+00:00
[2023-12-03T23:54:15.892+0000] {processor.py:179} INFO - Processing /home/ubuntu/redfin/lib/python3.10/site-packages/airflow/example_dags/example_branch_operator.py took 0.084 seconds
[2023-12-03T23:55:02.939+0000] {processor.py:157} INFO - Started process (PID=7311) to work on /home/ubuntu/redfin/lib/python3.10/site-packages/airflow/example_dags/example_branch_operator.py
[2023-12-03T23:55:02.940+0000] {processor.py:829} INFO - Processing file /home/ubuntu/redfin/lib/python3.10/site-packages/airflow/example_dags/example_branch_operator.py for tasks to queue
[2023-12-03T23:55:02.941+0000] {logging_mixin.py:154} INFO - [2023-12-03T23:55:02.941+0000] {dagbag.py:536} INFO - Filling up the DagBag from /home/ubuntu/redfin/lib/python3.10/site-packages/airflow/example_dags/example_branch_operator.py
[2023-12-03T23:55:02.952+0000] {processor.py:839} INFO - DAG(s) dict_keys(['example_branch_operator']) retrieved from /home/ubuntu/redfin/lib/python3.10/site-packages/airflow/example_dags/example_branch_operator.py
[2023-12-03T23:55:02.972+0000] {logging_mixin.py:154} INFO - [2023-12-03T23:55:02.972+0000] {dag.py:2941} INFO - Sync 1 DAGs
[2023-12-03T23:55:02.995+0000] {logging_mixin.py:154} INFO - [2023-12-03T23:55:02.994+0000] {dag.py:3722} INFO - Setting next_dagrun for example_branch_operator to 2023-12-02T00:00:00+00:00, run_after=2023-12-03T00:00:00+00:00
[2023-12-03T23:55:03.017+0000] {processor.py:179} INFO - Processing /home/ubuntu/redfin/lib/python3.10/site-packages/airflow/example_dags/example_branch_operator.py took 0.082 seconds
[2023-12-03T23:55:50.544+0000] {processor.py:157} INFO - Started process (PID=7362) to work on /home/ubuntu/redfin/lib/python3.10/site-packages/airflow/example_dags/example_branch_operator.py
[2023-12-03T23:55:50.546+0000] {processor.py:829} INFO - Processing file /home/ubuntu/redfin/lib/python3.10/site-packages/airflow/example_dags/example_branch_operator.py for tasks to queue
[2023-12-03T23:55:50.547+0000] {logging_mixin.py:154} INFO - [2023-12-03T23:55:50.546+0000] {dagbag.py:536} INFO - Filling up the DagBag from /home/ubuntu/redfin/lib/python3.10/site-packages/airflow/example_dags/example_branch_operator.py
[2023-12-03T23:55:50.557+0000] {processor.py:839} INFO - DAG(s) dict_keys(['example_branch_operator']) retrieved from /home/ubuntu/redfin/lib/python3.10/site-packages/airflow/example_dags/example_branch_operator.py
[2023-12-03T23:55:50.577+0000] {logging_mixin.py:154} INFO - [2023-12-03T23:55:50.577+0000] {dag.py:2941} INFO - Sync 1 DAGs
[2023-12-03T23:55:50.601+0000] {logging_mixin.py:154} INFO - [2023-12-03T23:55:50.601+0000] {dag.py:3722} INFO - Setting next_dagrun for example_branch_operator to 2023-12-02T00:00:00+00:00, run_after=2023-12-03T00:00:00+00:00
[2023-12-03T23:55:50.629+0000] {processor.py:179} INFO - Processing /home/ubuntu/redfin/lib/python3.10/site-packages/airflow/example_dags/example_branch_operator.py took 0.088 seconds
[2023-12-03T23:56:39.804+0000] {processor.py:157} INFO - Started process (PID=7418) to work on /home/ubuntu/redfin/lib/python3.10/site-packages/airflow/example_dags/example_branch_operator.py
[2023-12-03T23:56:39.805+0000] {processor.py:829} INFO - Processing file /home/ubuntu/redfin/lib/python3.10/site-packages/airflow/example_dags/example_branch_operator.py for tasks to queue
[2023-12-03T23:56:39.806+0000] {logging_mixin.py:154} INFO - [2023-12-03T23:56:39.805+0000] {dagbag.py:536} INFO - Filling up the DagBag from /home/ubuntu/redfin/lib/python3.10/site-packages/airflow/example_dags/example_branch_operator.py
[2023-12-03T23:56:39.817+0000] {processor.py:839} INFO - DAG(s) dict_keys(['example_branch_operator']) retrieved from /home/ubuntu/redfin/lib/python3.10/site-packages/airflow/example_dags/example_branch_operator.py
[2023-12-03T23:56:39.838+0000] {logging_mixin.py:154} INFO - [2023-12-03T23:56:39.838+0000] {dag.py:2941} INFO - Sync 1 DAGs
[2023-12-03T23:56:39.861+0000] {logging_mixin.py:154} INFO - [2023-12-03T23:56:39.861+0000] {dag.py:3722} INFO - Setting next_dagrun for example_branch_operator to 2023-12-02T00:00:00+00:00, run_after=2023-12-03T00:00:00+00:00
[2023-12-03T23:56:39.884+0000] {processor.py:179} INFO - Processing /home/ubuntu/redfin/lib/python3.10/site-packages/airflow/example_dags/example_branch_operator.py took 0.084 seconds
[2023-12-03T23:57:26.868+0000] {processor.py:157} INFO - Started process (PID=7469) to work on /home/ubuntu/redfin/lib/python3.10/site-packages/airflow/example_dags/example_branch_operator.py
[2023-12-03T23:57:26.870+0000] {processor.py:829} INFO - Processing file /home/ubuntu/redfin/lib/python3.10/site-packages/airflow/example_dags/example_branch_operator.py for tasks to queue
[2023-12-03T23:57:26.871+0000] {logging_mixin.py:154} INFO - [2023-12-03T23:57:26.870+0000] {dagbag.py:536} INFO - Filling up the DagBag from /home/ubuntu/redfin/lib/python3.10/site-packages/airflow/example_dags/example_branch_operator.py
[2023-12-03T23:57:26.882+0000] {processor.py:839} INFO - DAG(s) dict_keys(['example_branch_operator']) retrieved from /home/ubuntu/redfin/lib/python3.10/site-packages/airflow/example_dags/example_branch_operator.py
[2023-12-03T23:57:26.904+0000] {logging_mixin.py:154} INFO - [2023-12-03T23:57:26.903+0000] {dag.py:2941} INFO - Sync 1 DAGs
[2023-12-03T23:57:26.929+0000] {logging_mixin.py:154} INFO - [2023-12-03T23:57:26.929+0000] {dag.py:3722} INFO - Setting next_dagrun for example_branch_operator to 2023-12-02T00:00:00+00:00, run_after=2023-12-03T00:00:00+00:00
[2023-12-03T23:57:26.953+0000] {processor.py:179} INFO - Processing /home/ubuntu/redfin/lib/python3.10/site-packages/airflow/example_dags/example_branch_operator.py took 0.089 seconds
[2023-12-03T23:58:10.516+0000] {processor.py:157} INFO - Started process (PID=7518) to work on /home/ubuntu/redfin/lib/python3.10/site-packages/airflow/example_dags/example_branch_operator.py
[2023-12-03T23:58:10.517+0000] {processor.py:829} INFO - Processing file /home/ubuntu/redfin/lib/python3.10/site-packages/airflow/example_dags/example_branch_operator.py for tasks to queue
[2023-12-03T23:58:10.518+0000] {logging_mixin.py:154} INFO - [2023-12-03T23:58:10.517+0000] {dagbag.py:536} INFO - Filling up the DagBag from /home/ubuntu/redfin/lib/python3.10/site-packages/airflow/example_dags/example_branch_operator.py
[2023-12-03T23:58:10.528+0000] {processor.py:839} INFO - DAG(s) dict_keys(['example_branch_operator']) retrieved from /home/ubuntu/redfin/lib/python3.10/site-packages/airflow/example_dags/example_branch_operator.py
[2023-12-03T23:58:10.549+0000] {logging_mixin.py:154} INFO - [2023-12-03T23:58:10.549+0000] {dag.py:2941} INFO - Sync 1 DAGs
[2023-12-03T23:58:10.572+0000] {logging_mixin.py:154} INFO - [2023-12-03T23:58:10.572+0000] {dag.py:3722} INFO - Setting next_dagrun for example_branch_operator to 2023-12-02T00:00:00+00:00, run_after=2023-12-03T00:00:00+00:00
[2023-12-03T23:58:10.594+0000] {processor.py:179} INFO - Processing /home/ubuntu/redfin/lib/python3.10/site-packages/airflow/example_dags/example_branch_operator.py took 0.082 seconds
[2023-12-03T23:58:57.092+0000] {processor.py:157} INFO - Started process (PID=7572) to work on /home/ubuntu/redfin/lib/python3.10/site-packages/airflow/example_dags/example_branch_operator.py
[2023-12-03T23:58:57.094+0000] {processor.py:829} INFO - Processing file /home/ubuntu/redfin/lib/python3.10/site-packages/airflow/example_dags/example_branch_operator.py for tasks to queue
[2023-12-03T23:58:57.095+0000] {logging_mixin.py:154} INFO - [2023-12-03T23:58:57.094+0000] {dagbag.py:536} INFO - Filling up the DagBag from /home/ubuntu/redfin/lib/python3.10/site-packages/airflow/example_dags/example_branch_operator.py
[2023-12-03T23:58:57.106+0000] {processor.py:839} INFO - DAG(s) dict_keys(['example_branch_operator']) retrieved from /home/ubuntu/redfin/lib/python3.10/site-packages/airflow/example_dags/example_branch_operator.py
[2023-12-03T23:58:57.127+0000] {logging_mixin.py:154} INFO - [2023-12-03T23:58:57.127+0000] {dag.py:2941} INFO - Sync 1 DAGs
[2023-12-03T23:58:57.152+0000] {logging_mixin.py:154} INFO - [2023-12-03T23:58:57.151+0000] {dag.py:3722} INFO - Setting next_dagrun for example_branch_operator to 2023-12-02T00:00:00+00:00, run_after=2023-12-03T00:00:00+00:00
[2023-12-03T23:58:57.175+0000] {processor.py:179} INFO - Processing /home/ubuntu/redfin/lib/python3.10/site-packages/airflow/example_dags/example_branch_operator.py took 0.087 seconds
[2023-12-03T23:59:44.380+0000] {processor.py:157} INFO - Started process (PID=7625) to work on /home/ubuntu/redfin/lib/python3.10/site-packages/airflow/example_dags/example_branch_operator.py
[2023-12-03T23:59:44.381+0000] {processor.py:829} INFO - Processing file /home/ubuntu/redfin/lib/python3.10/site-packages/airflow/example_dags/example_branch_operator.py for tasks to queue
[2023-12-03T23:59:44.382+0000] {logging_mixin.py:154} INFO - [2023-12-03T23:59:44.382+0000] {dagbag.py:536} INFO - Filling up the DagBag from /home/ubuntu/redfin/lib/python3.10/site-packages/airflow/example_dags/example_branch_operator.py
[2023-12-03T23:59:44.393+0000] {processor.py:839} INFO - DAG(s) dict_keys(['example_branch_operator']) retrieved from /home/ubuntu/redfin/lib/python3.10/site-packages/airflow/example_dags/example_branch_operator.py
[2023-12-03T23:59:44.414+0000] {logging_mixin.py:154} INFO - [2023-12-03T23:59:44.414+0000] {dag.py:2941} INFO - Sync 1 DAGs
[2023-12-03T23:59:44.437+0000] {logging_mixin.py:154} INFO - [2023-12-03T23:59:44.436+0000] {dag.py:3722} INFO - Setting next_dagrun for example_branch_operator to 2023-12-02T00:00:00+00:00, run_after=2023-12-03T00:00:00+00:00
[2023-12-03T23:59:44.460+0000] {processor.py:179} INFO - Processing /home/ubuntu/redfin/lib/python3.10/site-packages/airflow/example_dags/example_branch_operator.py took 0.084 seconds
