[2023-12-03T23:07:47.603+0000] {processor.py:157} INFO - Started process (PID=3751) to work on /home/ubuntu/redfin/lib/python3.10/site-packages/airflow/example_dags/example_task_group_decorator.py
[2023-12-03T23:07:47.604+0000] {processor.py:829} INFO - Processing file /home/ubuntu/redfin/lib/python3.10/site-packages/airflow/example_dags/example_task_group_decorator.py for tasks to queue
[2023-12-03T23:07:47.605+0000] {logging_mixin.py:154} INFO - [2023-12-03T23:07:47.605+0000] {dagbag.py:536} INFO - Filling up the DagBag from /home/ubuntu/redfin/lib/python3.10/site-packages/airflow/example_dags/example_task_group_decorator.py
[2023-12-03T23:07:47.626+0000] {processor.py:839} INFO - DAG(s) dict_keys(['example_task_group_decorator']) retrieved from /home/ubuntu/redfin/lib/python3.10/site-packages/airflow/example_dags/example_task_group_decorator.py
[2023-12-03T23:07:47.752+0000] {logging_mixin.py:154} INFO - [2023-12-03T23:07:47.752+0000] {manager.py:499} INFO - Created Permission View: %s
[2023-12-03T23:07:47.767+0000] {logging_mixin.py:154} INFO - [2023-12-03T23:07:47.767+0000] {manager.py:499} INFO - Created Permission View: %s
[2023-12-03T23:07:47.778+0000] {logging_mixin.py:154} INFO - [2023-12-03T23:07:47.777+0000] {manager.py:499} INFO - Created Permission View: %s
[2023-12-03T23:07:47.778+0000] {logging_mixin.py:154} INFO - [2023-12-03T23:07:47.778+0000] {dag.py:2941} INFO - Sync 1 DAGs
[2023-12-03T23:07:47.790+0000] {logging_mixin.py:154} INFO - [2023-12-03T23:07:47.790+0000] {dag.py:2963} INFO - Creating ORM DAG for example_task_group_decorator
[2023-12-03T23:07:47.803+0000] {logging_mixin.py:154} INFO - [2023-12-03T23:07:47.802+0000] {dag.py:3722} INFO - Setting next_dagrun for example_task_group_decorator to 2023-12-02T23:07:47.802596+00:00, run_after=2023-12-03T23:07:47.802596+00:00
[2023-12-03T23:07:47.827+0000] {processor.py:179} INFO - Processing /home/ubuntu/redfin/lib/python3.10/site-packages/airflow/example_dags/example_task_group_decorator.py took 0.227 seconds
[2023-12-03T23:08:40.343+0000] {processor.py:157} INFO - Started process (PID=3801) to work on /home/ubuntu/redfin/lib/python3.10/site-packages/airflow/example_dags/example_task_group_decorator.py
[2023-12-03T23:08:40.345+0000] {processor.py:829} INFO - Processing file /home/ubuntu/redfin/lib/python3.10/site-packages/airflow/example_dags/example_task_group_decorator.py for tasks to queue
[2023-12-03T23:08:40.346+0000] {logging_mixin.py:154} INFO - [2023-12-03T23:08:40.345+0000] {dagbag.py:536} INFO - Filling up the DagBag from /home/ubuntu/redfin/lib/python3.10/site-packages/airflow/example_dags/example_task_group_decorator.py
[2023-12-03T23:08:40.364+0000] {processor.py:839} INFO - DAG(s) dict_keys(['example_task_group_decorator']) retrieved from /home/ubuntu/redfin/lib/python3.10/site-packages/airflow/example_dags/example_task_group_decorator.py
[2023-12-03T23:08:40.388+0000] {logging_mixin.py:154} INFO - [2023-12-03T23:08:40.387+0000] {dag.py:2941} INFO - Sync 1 DAGs
[2023-12-03T23:08:40.410+0000] {logging_mixin.py:154} INFO - [2023-12-03T23:08:40.409+0000] {dag.py:3722} INFO - Setting next_dagrun for example_task_group_decorator to 2023-12-02T23:08:40.409517+00:00, run_after=2023-12-03T23:08:40.409517+00:00
[2023-12-03T23:08:40.434+0000] {processor.py:179} INFO - Processing /home/ubuntu/redfin/lib/python3.10/site-packages/airflow/example_dags/example_task_group_decorator.py took 0.094 seconds
[2023-12-03T23:09:26.555+0000] {processor.py:157} INFO - Started process (PID=3850) to work on /home/ubuntu/redfin/lib/python3.10/site-packages/airflow/example_dags/example_task_group_decorator.py
[2023-12-03T23:09:26.556+0000] {processor.py:829} INFO - Processing file /home/ubuntu/redfin/lib/python3.10/site-packages/airflow/example_dags/example_task_group_decorator.py for tasks to queue
[2023-12-03T23:09:26.557+0000] {logging_mixin.py:154} INFO - [2023-12-03T23:09:26.557+0000] {dagbag.py:536} INFO - Filling up the DagBag from /home/ubuntu/redfin/lib/python3.10/site-packages/airflow/example_dags/example_task_group_decorator.py
[2023-12-03T23:09:26.575+0000] {processor.py:839} INFO - DAG(s) dict_keys(['example_task_group_decorator']) retrieved from /home/ubuntu/redfin/lib/python3.10/site-packages/airflow/example_dags/example_task_group_decorator.py
[2023-12-03T23:09:26.597+0000] {logging_mixin.py:154} INFO - [2023-12-03T23:09:26.596+0000] {dag.py:2941} INFO - Sync 1 DAGs
[2023-12-03T23:09:26.618+0000] {logging_mixin.py:154} INFO - [2023-12-03T23:09:26.618+0000] {dag.py:3722} INFO - Setting next_dagrun for example_task_group_decorator to 2023-12-02T23:09:26.617834+00:00, run_after=2023-12-03T23:09:26.617834+00:00
[2023-12-03T23:09:26.641+0000] {processor.py:179} INFO - Processing /home/ubuntu/redfin/lib/python3.10/site-packages/airflow/example_dags/example_task_group_decorator.py took 0.090 seconds
[2023-12-03T23:10:13.079+0000] {processor.py:157} INFO - Started process (PID=3901) to work on /home/ubuntu/redfin/lib/python3.10/site-packages/airflow/example_dags/example_task_group_decorator.py
[2023-12-03T23:10:13.081+0000] {processor.py:829} INFO - Processing file /home/ubuntu/redfin/lib/python3.10/site-packages/airflow/example_dags/example_task_group_decorator.py for tasks to queue
[2023-12-03T23:10:13.082+0000] {logging_mixin.py:154} INFO - [2023-12-03T23:10:13.081+0000] {dagbag.py:536} INFO - Filling up the DagBag from /home/ubuntu/redfin/lib/python3.10/site-packages/airflow/example_dags/example_task_group_decorator.py
[2023-12-03T23:10:13.100+0000] {processor.py:839} INFO - DAG(s) dict_keys(['example_task_group_decorator']) retrieved from /home/ubuntu/redfin/lib/python3.10/site-packages/airflow/example_dags/example_task_group_decorator.py
[2023-12-03T23:10:13.122+0000] {logging_mixin.py:154} INFO - [2023-12-03T23:10:13.122+0000] {dag.py:2941} INFO - Sync 1 DAGs
[2023-12-03T23:10:13.143+0000] {logging_mixin.py:154} INFO - [2023-12-03T23:10:13.143+0000] {dag.py:3722} INFO - Setting next_dagrun for example_task_group_decorator to 2023-12-02T23:10:13.142984+00:00, run_after=2023-12-03T23:10:13.142984+00:00
[2023-12-03T23:10:13.167+0000] {processor.py:179} INFO - Processing /home/ubuntu/redfin/lib/python3.10/site-packages/airflow/example_dags/example_task_group_decorator.py took 0.091 seconds
[2023-12-03T23:10:58.191+0000] {processor.py:157} INFO - Started process (PID=3950) to work on /home/ubuntu/redfin/lib/python3.10/site-packages/airflow/example_dags/example_task_group_decorator.py
[2023-12-03T23:10:58.192+0000] {processor.py:829} INFO - Processing file /home/ubuntu/redfin/lib/python3.10/site-packages/airflow/example_dags/example_task_group_decorator.py for tasks to queue
[2023-12-03T23:10:58.193+0000] {logging_mixin.py:154} INFO - [2023-12-03T23:10:58.193+0000] {dagbag.py:536} INFO - Filling up the DagBag from /home/ubuntu/redfin/lib/python3.10/site-packages/airflow/example_dags/example_task_group_decorator.py
[2023-12-03T23:10:58.211+0000] {processor.py:839} INFO - DAG(s) dict_keys(['example_task_group_decorator']) retrieved from /home/ubuntu/redfin/lib/python3.10/site-packages/airflow/example_dags/example_task_group_decorator.py
[2023-12-03T23:10:58.234+0000] {logging_mixin.py:154} INFO - [2023-12-03T23:10:58.233+0000] {dag.py:2941} INFO - Sync 1 DAGs
[2023-12-03T23:10:58.256+0000] {logging_mixin.py:154} INFO - [2023-12-03T23:10:58.256+0000] {dag.py:3722} INFO - Setting next_dagrun for example_task_group_decorator to 2023-12-02T23:10:58.255678+00:00, run_after=2023-12-03T23:10:58.255678+00:00
[2023-12-03T23:10:58.281+0000] {processor.py:179} INFO - Processing /home/ubuntu/redfin/lib/python3.10/site-packages/airflow/example_dags/example_task_group_decorator.py took 0.094 seconds
[2023-12-03T23:11:37.119+0000] {processor.py:157} INFO - Started process (PID=3992) to work on /home/ubuntu/redfin/lib/python3.10/site-packages/airflow/example_dags/example_task_group_decorator.py
[2023-12-03T23:11:37.120+0000] {processor.py:829} INFO - Processing file /home/ubuntu/redfin/lib/python3.10/site-packages/airflow/example_dags/example_task_group_decorator.py for tasks to queue
[2023-12-03T23:11:37.121+0000] {logging_mixin.py:154} INFO - [2023-12-03T23:11:37.121+0000] {dagbag.py:536} INFO - Filling up the DagBag from /home/ubuntu/redfin/lib/python3.10/site-packages/airflow/example_dags/example_task_group_decorator.py
[2023-12-03T23:11:37.139+0000] {processor.py:839} INFO - DAG(s) dict_keys(['example_task_group_decorator']) retrieved from /home/ubuntu/redfin/lib/python3.10/site-packages/airflow/example_dags/example_task_group_decorator.py
[2023-12-03T23:11:37.161+0000] {logging_mixin.py:154} INFO - [2023-12-03T23:11:37.161+0000] {dag.py:2941} INFO - Sync 1 DAGs
[2023-12-03T23:11:37.182+0000] {logging_mixin.py:154} INFO - [2023-12-03T23:11:37.181+0000] {dag.py:3722} INFO - Setting next_dagrun for example_task_group_decorator to 2023-12-02T23:11:37.181638+00:00, run_after=2023-12-03T23:11:37.181638+00:00
[2023-12-03T23:11:37.203+0000] {processor.py:179} INFO - Processing /home/ubuntu/redfin/lib/python3.10/site-packages/airflow/example_dags/example_task_group_decorator.py took 0.088 seconds
[2023-12-03T23:12:21.608+0000] {processor.py:157} INFO - Started process (PID=4041) to work on /home/ubuntu/redfin/lib/python3.10/site-packages/airflow/example_dags/example_task_group_decorator.py
[2023-12-03T23:12:21.610+0000] {processor.py:829} INFO - Processing file /home/ubuntu/redfin/lib/python3.10/site-packages/airflow/example_dags/example_task_group_decorator.py for tasks to queue
[2023-12-03T23:12:21.611+0000] {logging_mixin.py:154} INFO - [2023-12-03T23:12:21.610+0000] {dagbag.py:536} INFO - Filling up the DagBag from /home/ubuntu/redfin/lib/python3.10/site-packages/airflow/example_dags/example_task_group_decorator.py
[2023-12-03T23:12:21.629+0000] {processor.py:839} INFO - DAG(s) dict_keys(['example_task_group_decorator']) retrieved from /home/ubuntu/redfin/lib/python3.10/site-packages/airflow/example_dags/example_task_group_decorator.py
[2023-12-03T23:12:21.652+0000] {logging_mixin.py:154} INFO - [2023-12-03T23:12:21.652+0000] {dag.py:2941} INFO - Sync 1 DAGs
[2023-12-03T23:12:21.674+0000] {logging_mixin.py:154} INFO - [2023-12-03T23:12:21.673+0000] {dag.py:3722} INFO - Setting next_dagrun for example_task_group_decorator to 2023-12-02T23:12:21.673560+00:00, run_after=2023-12-03T23:12:21.673560+00:00
[2023-12-03T23:12:21.696+0000] {processor.py:179} INFO - Processing /home/ubuntu/redfin/lib/python3.10/site-packages/airflow/example_dags/example_task_group_decorator.py took 0.092 seconds
[2023-12-03T23:13:08.206+0000] {processor.py:157} INFO - Started process (PID=4091) to work on /home/ubuntu/redfin/lib/python3.10/site-packages/airflow/example_dags/example_task_group_decorator.py
[2023-12-03T23:13:08.207+0000] {processor.py:829} INFO - Processing file /home/ubuntu/redfin/lib/python3.10/site-packages/airflow/example_dags/example_task_group_decorator.py for tasks to queue
[2023-12-03T23:13:08.208+0000] {logging_mixin.py:154} INFO - [2023-12-03T23:13:08.208+0000] {dagbag.py:536} INFO - Filling up the DagBag from /home/ubuntu/redfin/lib/python3.10/site-packages/airflow/example_dags/example_task_group_decorator.py
[2023-12-03T23:13:08.226+0000] {processor.py:839} INFO - DAG(s) dict_keys(['example_task_group_decorator']) retrieved from /home/ubuntu/redfin/lib/python3.10/site-packages/airflow/example_dags/example_task_group_decorator.py
[2023-12-03T23:13:08.249+0000] {logging_mixin.py:154} INFO - [2023-12-03T23:13:08.249+0000] {dag.py:2941} INFO - Sync 1 DAGs
[2023-12-03T23:13:08.271+0000] {logging_mixin.py:154} INFO - [2023-12-03T23:13:08.271+0000] {dag.py:3722} INFO - Setting next_dagrun for example_task_group_decorator to 2023-12-02T23:13:08.271174+00:00, run_after=2023-12-03T23:13:08.271174+00:00
[2023-12-03T23:13:08.294+0000] {processor.py:179} INFO - Processing /home/ubuntu/redfin/lib/python3.10/site-packages/airflow/example_dags/example_task_group_decorator.py took 0.092 seconds
[2023-12-03T23:13:52.595+0000] {processor.py:157} INFO - Started process (PID=4141) to work on /home/ubuntu/redfin/lib/python3.10/site-packages/airflow/example_dags/example_task_group_decorator.py
[2023-12-03T23:13:52.597+0000] {processor.py:829} INFO - Processing file /home/ubuntu/redfin/lib/python3.10/site-packages/airflow/example_dags/example_task_group_decorator.py for tasks to queue
[2023-12-03T23:13:52.598+0000] {logging_mixin.py:154} INFO - [2023-12-03T23:13:52.597+0000] {dagbag.py:536} INFO - Filling up the DagBag from /home/ubuntu/redfin/lib/python3.10/site-packages/airflow/example_dags/example_task_group_decorator.py
[2023-12-03T23:13:52.616+0000] {processor.py:839} INFO - DAG(s) dict_keys(['example_task_group_decorator']) retrieved from /home/ubuntu/redfin/lib/python3.10/site-packages/airflow/example_dags/example_task_group_decorator.py
[2023-12-03T23:13:52.638+0000] {logging_mixin.py:154} INFO - [2023-12-03T23:13:52.637+0000] {dag.py:2941} INFO - Sync 1 DAGs
[2023-12-03T23:13:52.659+0000] {logging_mixin.py:154} INFO - [2023-12-03T23:13:52.659+0000] {dag.py:3722} INFO - Setting next_dagrun for example_task_group_decorator to 2023-12-02T23:13:52.658729+00:00, run_after=2023-12-03T23:13:52.658729+00:00
[2023-12-03T23:13:52.682+0000] {processor.py:179} INFO - Processing /home/ubuntu/redfin/lib/python3.10/site-packages/airflow/example_dags/example_task_group_decorator.py took 0.091 seconds
[2023-12-03T23:14:41.130+0000] {processor.py:157} INFO - Started process (PID=4196) to work on /home/ubuntu/redfin/lib/python3.10/site-packages/airflow/example_dags/example_task_group_decorator.py
[2023-12-03T23:14:41.131+0000] {processor.py:829} INFO - Processing file /home/ubuntu/redfin/lib/python3.10/site-packages/airflow/example_dags/example_task_group_decorator.py for tasks to queue
[2023-12-03T23:14:41.132+0000] {logging_mixin.py:154} INFO - [2023-12-03T23:14:41.131+0000] {dagbag.py:536} INFO - Filling up the DagBag from /home/ubuntu/redfin/lib/python3.10/site-packages/airflow/example_dags/example_task_group_decorator.py
[2023-12-03T23:14:41.150+0000] {processor.py:839} INFO - DAG(s) dict_keys(['example_task_group_decorator']) retrieved from /home/ubuntu/redfin/lib/python3.10/site-packages/airflow/example_dags/example_task_group_decorator.py
[2023-12-03T23:14:41.171+0000] {logging_mixin.py:154} INFO - [2023-12-03T23:14:41.171+0000] {dag.py:2941} INFO - Sync 1 DAGs
[2023-12-03T23:14:41.192+0000] {logging_mixin.py:154} INFO - [2023-12-03T23:14:41.192+0000] {dag.py:3722} INFO - Setting next_dagrun for example_task_group_decorator to 2023-12-02T23:14:41.192402+00:00, run_after=2023-12-03T23:14:41.192402+00:00
[2023-12-03T23:14:41.215+0000] {processor.py:179} INFO - Processing /home/ubuntu/redfin/lib/python3.10/site-packages/airflow/example_dags/example_task_group_decorator.py took 0.089 seconds
[2023-12-03T23:15:31.127+0000] {processor.py:157} INFO - Started process (PID=4248) to work on /home/ubuntu/redfin/lib/python3.10/site-packages/airflow/example_dags/example_task_group_decorator.py
[2023-12-03T23:15:31.128+0000] {processor.py:829} INFO - Processing file /home/ubuntu/redfin/lib/python3.10/site-packages/airflow/example_dags/example_task_group_decorator.py for tasks to queue
[2023-12-03T23:15:31.129+0000] {logging_mixin.py:154} INFO - [2023-12-03T23:15:31.129+0000] {dagbag.py:536} INFO - Filling up the DagBag from /home/ubuntu/redfin/lib/python3.10/site-packages/airflow/example_dags/example_task_group_decorator.py
[2023-12-03T23:15:31.146+0000] {processor.py:839} INFO - DAG(s) dict_keys(['example_task_group_decorator']) retrieved from /home/ubuntu/redfin/lib/python3.10/site-packages/airflow/example_dags/example_task_group_decorator.py
[2023-12-03T23:15:31.168+0000] {logging_mixin.py:154} INFO - [2023-12-03T23:15:31.167+0000] {dag.py:2941} INFO - Sync 1 DAGs
[2023-12-03T23:15:31.188+0000] {logging_mixin.py:154} INFO - [2023-12-03T23:15:31.188+0000] {dag.py:3722} INFO - Setting next_dagrun for example_task_group_decorator to 2023-12-02T23:15:31.187957+00:00, run_after=2023-12-03T23:15:31.187957+00:00
[2023-12-03T23:15:31.211+0000] {processor.py:179} INFO - Processing /home/ubuntu/redfin/lib/python3.10/site-packages/airflow/example_dags/example_task_group_decorator.py took 0.087 seconds
[2023-12-03T23:16:18.357+0000] {processor.py:157} INFO - Started process (PID=4302) to work on /home/ubuntu/redfin/lib/python3.10/site-packages/airflow/example_dags/example_task_group_decorator.py
[2023-12-03T23:16:18.358+0000] {processor.py:829} INFO - Processing file /home/ubuntu/redfin/lib/python3.10/site-packages/airflow/example_dags/example_task_group_decorator.py for tasks to queue
[2023-12-03T23:16:18.359+0000] {logging_mixin.py:154} INFO - [2023-12-03T23:16:18.359+0000] {dagbag.py:536} INFO - Filling up the DagBag from /home/ubuntu/redfin/lib/python3.10/site-packages/airflow/example_dags/example_task_group_decorator.py
[2023-12-03T23:16:18.377+0000] {processor.py:839} INFO - DAG(s) dict_keys(['example_task_group_decorator']) retrieved from /home/ubuntu/redfin/lib/python3.10/site-packages/airflow/example_dags/example_task_group_decorator.py
[2023-12-03T23:16:18.398+0000] {logging_mixin.py:154} INFO - [2023-12-03T23:16:18.398+0000] {dag.py:2941} INFO - Sync 1 DAGs
[2023-12-03T23:16:18.418+0000] {logging_mixin.py:154} INFO - [2023-12-03T23:16:18.418+0000] {dag.py:3722} INFO - Setting next_dagrun for example_task_group_decorator to 2023-12-02T23:16:18.418162+00:00, run_after=2023-12-03T23:16:18.418162+00:00
[2023-12-03T23:16:18.440+0000] {processor.py:179} INFO - Processing /home/ubuntu/redfin/lib/python3.10/site-packages/airflow/example_dags/example_task_group_decorator.py took 0.087 seconds
[2023-12-03T23:17:05.014+0000] {processor.py:157} INFO - Started process (PID=4356) to work on /home/ubuntu/redfin/lib/python3.10/site-packages/airflow/example_dags/example_task_group_decorator.py
[2023-12-03T23:17:05.016+0000] {processor.py:829} INFO - Processing file /home/ubuntu/redfin/lib/python3.10/site-packages/airflow/example_dags/example_task_group_decorator.py for tasks to queue
[2023-12-03T23:17:05.016+0000] {logging_mixin.py:154} INFO - [2023-12-03T23:17:05.016+0000] {dagbag.py:536} INFO - Filling up the DagBag from /home/ubuntu/redfin/lib/python3.10/site-packages/airflow/example_dags/example_task_group_decorator.py
[2023-12-03T23:17:05.034+0000] {processor.py:839} INFO - DAG(s) dict_keys(['example_task_group_decorator']) retrieved from /home/ubuntu/redfin/lib/python3.10/site-packages/airflow/example_dags/example_task_group_decorator.py
[2023-12-03T23:17:05.056+0000] {logging_mixin.py:154} INFO - [2023-12-03T23:17:05.056+0000] {dag.py:2941} INFO - Sync 1 DAGs
[2023-12-03T23:17:05.078+0000] {logging_mixin.py:154} INFO - [2023-12-03T23:17:05.078+0000] {dag.py:3722} INFO - Setting next_dagrun for example_task_group_decorator to 2023-12-02T23:17:05.077714+00:00, run_after=2023-12-03T23:17:05.077714+00:00
[2023-12-03T23:17:05.100+0000] {processor.py:179} INFO - Processing /home/ubuntu/redfin/lib/python3.10/site-packages/airflow/example_dags/example_task_group_decorator.py took 0.089 seconds
[2023-12-03T23:17:50.745+0000] {processor.py:157} INFO - Started process (PID=4406) to work on /home/ubuntu/redfin/lib/python3.10/site-packages/airflow/example_dags/example_task_group_decorator.py
[2023-12-03T23:17:50.746+0000] {processor.py:829} INFO - Processing file /home/ubuntu/redfin/lib/python3.10/site-packages/airflow/example_dags/example_task_group_decorator.py for tasks to queue
[2023-12-03T23:17:50.747+0000] {logging_mixin.py:154} INFO - [2023-12-03T23:17:50.746+0000] {dagbag.py:536} INFO - Filling up the DagBag from /home/ubuntu/redfin/lib/python3.10/site-packages/airflow/example_dags/example_task_group_decorator.py
[2023-12-03T23:17:50.764+0000] {processor.py:839} INFO - DAG(s) dict_keys(['example_task_group_decorator']) retrieved from /home/ubuntu/redfin/lib/python3.10/site-packages/airflow/example_dags/example_task_group_decorator.py
[2023-12-03T23:17:50.786+0000] {logging_mixin.py:154} INFO - [2023-12-03T23:17:50.785+0000] {dag.py:2941} INFO - Sync 1 DAGs
[2023-12-03T23:17:50.806+0000] {logging_mixin.py:154} INFO - [2023-12-03T23:17:50.806+0000] {dag.py:3722} INFO - Setting next_dagrun for example_task_group_decorator to 2023-12-02T23:17:50.806204+00:00, run_after=2023-12-03T23:17:50.806204+00:00
[2023-12-03T23:17:50.828+0000] {processor.py:179} INFO - Processing /home/ubuntu/redfin/lib/python3.10/site-packages/airflow/example_dags/example_task_group_decorator.py took 0.087 seconds
[2023-12-03T23:18:36.319+0000] {processor.py:157} INFO - Started process (PID=4459) to work on /home/ubuntu/redfin/lib/python3.10/site-packages/airflow/example_dags/example_task_group_decorator.py
[2023-12-03T23:18:36.320+0000] {processor.py:829} INFO - Processing file /home/ubuntu/redfin/lib/python3.10/site-packages/airflow/example_dags/example_task_group_decorator.py for tasks to queue
[2023-12-03T23:18:36.321+0000] {logging_mixin.py:154} INFO - [2023-12-03T23:18:36.320+0000] {dagbag.py:536} INFO - Filling up the DagBag from /home/ubuntu/redfin/lib/python3.10/site-packages/airflow/example_dags/example_task_group_decorator.py
[2023-12-03T23:18:36.338+0000] {processor.py:839} INFO - DAG(s) dict_keys(['example_task_group_decorator']) retrieved from /home/ubuntu/redfin/lib/python3.10/site-packages/airflow/example_dags/example_task_group_decorator.py
[2023-12-03T23:18:36.359+0000] {logging_mixin.py:154} INFO - [2023-12-03T23:18:36.359+0000] {dag.py:2941} INFO - Sync 1 DAGs
[2023-12-03T23:18:36.381+0000] {logging_mixin.py:154} INFO - [2023-12-03T23:18:36.381+0000] {dag.py:3722} INFO - Setting next_dagrun for example_task_group_decorator to 2023-12-02T23:18:36.381071+00:00, run_after=2023-12-03T23:18:36.381071+00:00
[2023-12-03T23:18:36.403+0000] {processor.py:179} INFO - Processing /home/ubuntu/redfin/lib/python3.10/site-packages/airflow/example_dags/example_task_group_decorator.py took 0.088 seconds
[2023-12-03T23:19:19.945+0000] {processor.py:157} INFO - Started process (PID=4508) to work on /home/ubuntu/redfin/lib/python3.10/site-packages/airflow/example_dags/example_task_group_decorator.py
[2023-12-03T23:19:19.947+0000] {processor.py:829} INFO - Processing file /home/ubuntu/redfin/lib/python3.10/site-packages/airflow/example_dags/example_task_group_decorator.py for tasks to queue
[2023-12-03T23:19:19.948+0000] {logging_mixin.py:154} INFO - [2023-12-03T23:19:19.947+0000] {dagbag.py:536} INFO - Filling up the DagBag from /home/ubuntu/redfin/lib/python3.10/site-packages/airflow/example_dags/example_task_group_decorator.py
[2023-12-03T23:19:19.966+0000] {processor.py:839} INFO - DAG(s) dict_keys(['example_task_group_decorator']) retrieved from /home/ubuntu/redfin/lib/python3.10/site-packages/airflow/example_dags/example_task_group_decorator.py
[2023-12-03T23:19:19.987+0000] {logging_mixin.py:154} INFO - [2023-12-03T23:19:19.987+0000] {dag.py:2941} INFO - Sync 1 DAGs
[2023-12-03T23:19:20.009+0000] {logging_mixin.py:154} INFO - [2023-12-03T23:19:20.008+0000] {dag.py:3722} INFO - Setting next_dagrun for example_task_group_decorator to 2023-12-02T23:19:20.008457+00:00, run_after=2023-12-03T23:19:20.008457+00:00
[2023-12-03T23:19:20.032+0000] {processor.py:179} INFO - Processing /home/ubuntu/redfin/lib/python3.10/site-packages/airflow/example_dags/example_task_group_decorator.py took 0.091 seconds
[2023-12-03T23:20:04.586+0000] {processor.py:157} INFO - Started process (PID=4557) to work on /home/ubuntu/redfin/lib/python3.10/site-packages/airflow/example_dags/example_task_group_decorator.py
[2023-12-03T23:20:04.587+0000] {processor.py:829} INFO - Processing file /home/ubuntu/redfin/lib/python3.10/site-packages/airflow/example_dags/example_task_group_decorator.py for tasks to queue
[2023-12-03T23:20:04.588+0000] {logging_mixin.py:154} INFO - [2023-12-03T23:20:04.587+0000] {dagbag.py:536} INFO - Filling up the DagBag from /home/ubuntu/redfin/lib/python3.10/site-packages/airflow/example_dags/example_task_group_decorator.py
[2023-12-03T23:20:04.605+0000] {processor.py:839} INFO - DAG(s) dict_keys(['example_task_group_decorator']) retrieved from /home/ubuntu/redfin/lib/python3.10/site-packages/airflow/example_dags/example_task_group_decorator.py
[2023-12-03T23:20:04.627+0000] {logging_mixin.py:154} INFO - [2023-12-03T23:20:04.627+0000] {dag.py:2941} INFO - Sync 1 DAGs
[2023-12-03T23:20:04.650+0000] {logging_mixin.py:154} INFO - [2023-12-03T23:20:04.649+0000] {dag.py:3722} INFO - Setting next_dagrun for example_task_group_decorator to 2023-12-02T23:20:04.649537+00:00, run_after=2023-12-03T23:20:04.649537+00:00
[2023-12-03T23:20:04.672+0000] {processor.py:179} INFO - Processing /home/ubuntu/redfin/lib/python3.10/site-packages/airflow/example_dags/example_task_group_decorator.py took 0.090 seconds
[2023-12-03T23:20:46.580+0000] {processor.py:157} INFO - Started process (PID=4605) to work on /home/ubuntu/redfin/lib/python3.10/site-packages/airflow/example_dags/example_task_group_decorator.py
[2023-12-03T23:20:46.582+0000] {processor.py:829} INFO - Processing file /home/ubuntu/redfin/lib/python3.10/site-packages/airflow/example_dags/example_task_group_decorator.py for tasks to queue
[2023-12-03T23:20:46.583+0000] {logging_mixin.py:154} INFO - [2023-12-03T23:20:46.582+0000] {dagbag.py:536} INFO - Filling up the DagBag from /home/ubuntu/redfin/lib/python3.10/site-packages/airflow/example_dags/example_task_group_decorator.py
[2023-12-03T23:20:46.600+0000] {processor.py:839} INFO - DAG(s) dict_keys(['example_task_group_decorator']) retrieved from /home/ubuntu/redfin/lib/python3.10/site-packages/airflow/example_dags/example_task_group_decorator.py
[2023-12-03T23:20:46.621+0000] {logging_mixin.py:154} INFO - [2023-12-03T23:20:46.621+0000] {dag.py:2941} INFO - Sync 1 DAGs
[2023-12-03T23:20:46.642+0000] {logging_mixin.py:154} INFO - [2023-12-03T23:20:46.641+0000] {dag.py:3722} INFO - Setting next_dagrun for example_task_group_decorator to 2023-12-02T23:20:46.641505+00:00, run_after=2023-12-03T23:20:46.641505+00:00
[2023-12-03T23:20:46.665+0000] {processor.py:179} INFO - Processing /home/ubuntu/redfin/lib/python3.10/site-packages/airflow/example_dags/example_task_group_decorator.py took 0.088 seconds
[2023-12-03T23:21:36.540+0000] {processor.py:157} INFO - Started process (PID=4657) to work on /home/ubuntu/redfin/lib/python3.10/site-packages/airflow/example_dags/example_task_group_decorator.py
[2023-12-03T23:21:36.542+0000] {processor.py:829} INFO - Processing file /home/ubuntu/redfin/lib/python3.10/site-packages/airflow/example_dags/example_task_group_decorator.py for tasks to queue
[2023-12-03T23:21:36.543+0000] {logging_mixin.py:154} INFO - [2023-12-03T23:21:36.542+0000] {dagbag.py:536} INFO - Filling up the DagBag from /home/ubuntu/redfin/lib/python3.10/site-packages/airflow/example_dags/example_task_group_decorator.py
[2023-12-03T23:21:36.561+0000] {processor.py:839} INFO - DAG(s) dict_keys(['example_task_group_decorator']) retrieved from /home/ubuntu/redfin/lib/python3.10/site-packages/airflow/example_dags/example_task_group_decorator.py
[2023-12-03T23:21:36.581+0000] {logging_mixin.py:154} INFO - [2023-12-03T23:21:36.581+0000] {dag.py:2941} INFO - Sync 1 DAGs
[2023-12-03T23:21:36.601+0000] {logging_mixin.py:154} INFO - [2023-12-03T23:21:36.601+0000] {dag.py:3722} INFO - Setting next_dagrun for example_task_group_decorator to 2023-12-02T23:21:36.601362+00:00, run_after=2023-12-03T23:21:36.601362+00:00
[2023-12-03T23:21:36.625+0000] {processor.py:179} INFO - Processing /home/ubuntu/redfin/lib/python3.10/site-packages/airflow/example_dags/example_task_group_decorator.py took 0.088 seconds
[2023-12-03T23:22:25.703+0000] {processor.py:157} INFO - Started process (PID=4713) to work on /home/ubuntu/redfin/lib/python3.10/site-packages/airflow/example_dags/example_task_group_decorator.py
[2023-12-03T23:22:25.705+0000] {processor.py:829} INFO - Processing file /home/ubuntu/redfin/lib/python3.10/site-packages/airflow/example_dags/example_task_group_decorator.py for tasks to queue
[2023-12-03T23:22:25.706+0000] {logging_mixin.py:154} INFO - [2023-12-03T23:22:25.705+0000] {dagbag.py:536} INFO - Filling up the DagBag from /home/ubuntu/redfin/lib/python3.10/site-packages/airflow/example_dags/example_task_group_decorator.py
[2023-12-03T23:22:25.723+0000] {processor.py:839} INFO - DAG(s) dict_keys(['example_task_group_decorator']) retrieved from /home/ubuntu/redfin/lib/python3.10/site-packages/airflow/example_dags/example_task_group_decorator.py
[2023-12-03T23:22:25.745+0000] {logging_mixin.py:154} INFO - [2023-12-03T23:22:25.745+0000] {dag.py:2941} INFO - Sync 1 DAGs
[2023-12-03T23:22:25.766+0000] {logging_mixin.py:154} INFO - [2023-12-03T23:22:25.766+0000] {dag.py:3722} INFO - Setting next_dagrun for example_task_group_decorator to 2023-12-02T23:22:25.766330+00:00, run_after=2023-12-03T23:22:25.766330+00:00
[2023-12-03T23:22:25.791+0000] {processor.py:179} INFO - Processing /home/ubuntu/redfin/lib/python3.10/site-packages/airflow/example_dags/example_task_group_decorator.py took 0.091 seconds
[2023-12-03T23:23:10.338+0000] {processor.py:157} INFO - Started process (PID=4762) to work on /home/ubuntu/redfin/lib/python3.10/site-packages/airflow/example_dags/example_task_group_decorator.py
[2023-12-03T23:23:10.339+0000] {processor.py:829} INFO - Processing file /home/ubuntu/redfin/lib/python3.10/site-packages/airflow/example_dags/example_task_group_decorator.py for tasks to queue
[2023-12-03T23:23:10.340+0000] {logging_mixin.py:154} INFO - [2023-12-03T23:23:10.340+0000] {dagbag.py:536} INFO - Filling up the DagBag from /home/ubuntu/redfin/lib/python3.10/site-packages/airflow/example_dags/example_task_group_decorator.py
[2023-12-03T23:23:10.359+0000] {processor.py:839} INFO - DAG(s) dict_keys(['example_task_group_decorator']) retrieved from /home/ubuntu/redfin/lib/python3.10/site-packages/airflow/example_dags/example_task_group_decorator.py
[2023-12-03T23:23:10.382+0000] {logging_mixin.py:154} INFO - [2023-12-03T23:23:10.382+0000] {dag.py:2941} INFO - Sync 1 DAGs
[2023-12-03T23:23:10.405+0000] {logging_mixin.py:154} INFO - [2023-12-03T23:23:10.404+0000] {dag.py:3722} INFO - Setting next_dagrun for example_task_group_decorator to 2023-12-02T23:23:10.404565+00:00, run_after=2023-12-03T23:23:10.404565+00:00
[2023-12-03T23:23:10.429+0000] {processor.py:179} INFO - Processing /home/ubuntu/redfin/lib/python3.10/site-packages/airflow/example_dags/example_task_group_decorator.py took 0.095 seconds
[2023-12-03T23:23:57.592+0000] {processor.py:157} INFO - Started process (PID=4813) to work on /home/ubuntu/redfin/lib/python3.10/site-packages/airflow/example_dags/example_task_group_decorator.py
[2023-12-03T23:23:57.593+0000] {processor.py:829} INFO - Processing file /home/ubuntu/redfin/lib/python3.10/site-packages/airflow/example_dags/example_task_group_decorator.py for tasks to queue
[2023-12-03T23:23:57.594+0000] {logging_mixin.py:154} INFO - [2023-12-03T23:23:57.594+0000] {dagbag.py:536} INFO - Filling up the DagBag from /home/ubuntu/redfin/lib/python3.10/site-packages/airflow/example_dags/example_task_group_decorator.py
[2023-12-03T23:23:57.612+0000] {processor.py:839} INFO - DAG(s) dict_keys(['example_task_group_decorator']) retrieved from /home/ubuntu/redfin/lib/python3.10/site-packages/airflow/example_dags/example_task_group_decorator.py
[2023-12-03T23:23:57.634+0000] {logging_mixin.py:154} INFO - [2023-12-03T23:23:57.633+0000] {dag.py:2941} INFO - Sync 1 DAGs
[2023-12-03T23:23:57.654+0000] {logging_mixin.py:154} INFO - [2023-12-03T23:23:57.654+0000] {dag.py:3722} INFO - Setting next_dagrun for example_task_group_decorator to 2023-12-02T23:23:57.654292+00:00, run_after=2023-12-03T23:23:57.654292+00:00
[2023-12-03T23:23:57.677+0000] {processor.py:179} INFO - Processing /home/ubuntu/redfin/lib/python3.10/site-packages/airflow/example_dags/example_task_group_decorator.py took 0.089 seconds
[2023-12-03T23:24:43.865+0000] {processor.py:157} INFO - Started process (PID=4866) to work on /home/ubuntu/redfin/lib/python3.10/site-packages/airflow/example_dags/example_task_group_decorator.py
[2023-12-03T23:24:43.866+0000] {processor.py:829} INFO - Processing file /home/ubuntu/redfin/lib/python3.10/site-packages/airflow/example_dags/example_task_group_decorator.py for tasks to queue
[2023-12-03T23:24:43.867+0000] {logging_mixin.py:154} INFO - [2023-12-03T23:24:43.867+0000] {dagbag.py:536} INFO - Filling up the DagBag from /home/ubuntu/redfin/lib/python3.10/site-packages/airflow/example_dags/example_task_group_decorator.py
[2023-12-03T23:24:43.885+0000] {processor.py:839} INFO - DAG(s) dict_keys(['example_task_group_decorator']) retrieved from /home/ubuntu/redfin/lib/python3.10/site-packages/airflow/example_dags/example_task_group_decorator.py
[2023-12-03T23:24:43.906+0000] {logging_mixin.py:154} INFO - [2023-12-03T23:24:43.906+0000] {dag.py:2941} INFO - Sync 1 DAGs
[2023-12-03T23:24:43.927+0000] {logging_mixin.py:154} INFO - [2023-12-03T23:24:43.926+0000] {dag.py:3722} INFO - Setting next_dagrun for example_task_group_decorator to 2023-12-02T23:24:43.926650+00:00, run_after=2023-12-03T23:24:43.926650+00:00
[2023-12-03T23:24:43.949+0000] {processor.py:179} INFO - Processing /home/ubuntu/redfin/lib/python3.10/site-packages/airflow/example_dags/example_task_group_decorator.py took 0.088 seconds
[2023-12-03T23:25:34.769+0000] {processor.py:157} INFO - Started process (PID=4919) to work on /home/ubuntu/redfin/lib/python3.10/site-packages/airflow/example_dags/example_task_group_decorator.py
[2023-12-03T23:25:34.770+0000] {processor.py:829} INFO - Processing file /home/ubuntu/redfin/lib/python3.10/site-packages/airflow/example_dags/example_task_group_decorator.py for tasks to queue
[2023-12-03T23:25:34.771+0000] {logging_mixin.py:154} INFO - [2023-12-03T23:25:34.771+0000] {dagbag.py:536} INFO - Filling up the DagBag from /home/ubuntu/redfin/lib/python3.10/site-packages/airflow/example_dags/example_task_group_decorator.py
[2023-12-03T23:25:34.789+0000] {processor.py:839} INFO - DAG(s) dict_keys(['example_task_group_decorator']) retrieved from /home/ubuntu/redfin/lib/python3.10/site-packages/airflow/example_dags/example_task_group_decorator.py
[2023-12-03T23:25:34.811+0000] {logging_mixin.py:154} INFO - [2023-12-03T23:25:34.811+0000] {dag.py:2941} INFO - Sync 1 DAGs
[2023-12-03T23:25:34.835+0000] {logging_mixin.py:154} INFO - [2023-12-03T23:25:34.834+0000] {dag.py:3722} INFO - Setting next_dagrun for example_task_group_decorator to 2023-12-02T23:25:34.834475+00:00, run_after=2023-12-03T23:25:34.834475+00:00
[2023-12-03T23:25:34.859+0000] {processor.py:179} INFO - Processing /home/ubuntu/redfin/lib/python3.10/site-packages/airflow/example_dags/example_task_group_decorator.py took 0.094 seconds
[2023-12-03T23:26:20.502+0000] {processor.py:157} INFO - Started process (PID=4969) to work on /home/ubuntu/redfin/lib/python3.10/site-packages/airflow/example_dags/example_task_group_decorator.py
[2023-12-03T23:26:20.504+0000] {processor.py:829} INFO - Processing file /home/ubuntu/redfin/lib/python3.10/site-packages/airflow/example_dags/example_task_group_decorator.py for tasks to queue
[2023-12-03T23:26:20.505+0000] {logging_mixin.py:154} INFO - [2023-12-03T23:26:20.504+0000] {dagbag.py:536} INFO - Filling up the DagBag from /home/ubuntu/redfin/lib/python3.10/site-packages/airflow/example_dags/example_task_group_decorator.py
[2023-12-03T23:26:20.522+0000] {processor.py:839} INFO - DAG(s) dict_keys(['example_task_group_decorator']) retrieved from /home/ubuntu/redfin/lib/python3.10/site-packages/airflow/example_dags/example_task_group_decorator.py
[2023-12-03T23:26:20.544+0000] {logging_mixin.py:154} INFO - [2023-12-03T23:26:20.544+0000] {dag.py:2941} INFO - Sync 1 DAGs
[2023-12-03T23:26:20.567+0000] {logging_mixin.py:154} INFO - [2023-12-03T23:26:20.567+0000] {dag.py:3722} INFO - Setting next_dagrun for example_task_group_decorator to 2023-12-02T23:26:20.567047+00:00, run_after=2023-12-03T23:26:20.567047+00:00
[2023-12-03T23:26:20.589+0000] {processor.py:179} INFO - Processing /home/ubuntu/redfin/lib/python3.10/site-packages/airflow/example_dags/example_task_group_decorator.py took 0.090 seconds
[2023-12-03T23:27:03.646+0000] {processor.py:157} INFO - Started process (PID=5018) to work on /home/ubuntu/redfin/lib/python3.10/site-packages/airflow/example_dags/example_task_group_decorator.py
[2023-12-03T23:27:03.647+0000] {processor.py:829} INFO - Processing file /home/ubuntu/redfin/lib/python3.10/site-packages/airflow/example_dags/example_task_group_decorator.py for tasks to queue
[2023-12-03T23:27:03.648+0000] {logging_mixin.py:154} INFO - [2023-12-03T23:27:03.648+0000] {dagbag.py:536} INFO - Filling up the DagBag from /home/ubuntu/redfin/lib/python3.10/site-packages/airflow/example_dags/example_task_group_decorator.py
[2023-12-03T23:27:03.665+0000] {processor.py:839} INFO - DAG(s) dict_keys(['example_task_group_decorator']) retrieved from /home/ubuntu/redfin/lib/python3.10/site-packages/airflow/example_dags/example_task_group_decorator.py
[2023-12-03T23:27:03.687+0000] {logging_mixin.py:154} INFO - [2023-12-03T23:27:03.687+0000] {dag.py:2941} INFO - Sync 1 DAGs
[2023-12-03T23:27:03.708+0000] {logging_mixin.py:154} INFO - [2023-12-03T23:27:03.708+0000] {dag.py:3722} INFO - Setting next_dagrun for example_task_group_decorator to 2023-12-02T23:27:03.707881+00:00, run_after=2023-12-03T23:27:03.707881+00:00
[2023-12-03T23:27:03.730+0000] {processor.py:179} INFO - Processing /home/ubuntu/redfin/lib/python3.10/site-packages/airflow/example_dags/example_task_group_decorator.py took 0.088 seconds
[2023-12-03T23:27:45.042+0000] {processor.py:157} INFO - Started process (PID=5065) to work on /home/ubuntu/redfin/lib/python3.10/site-packages/airflow/example_dags/example_task_group_decorator.py
[2023-12-03T23:27:45.044+0000] {processor.py:829} INFO - Processing file /home/ubuntu/redfin/lib/python3.10/site-packages/airflow/example_dags/example_task_group_decorator.py for tasks to queue
[2023-12-03T23:27:45.045+0000] {logging_mixin.py:154} INFO - [2023-12-03T23:27:45.044+0000] {dagbag.py:536} INFO - Filling up the DagBag from /home/ubuntu/redfin/lib/python3.10/site-packages/airflow/example_dags/example_task_group_decorator.py
[2023-12-03T23:27:45.063+0000] {processor.py:839} INFO - DAG(s) dict_keys(['example_task_group_decorator']) retrieved from /home/ubuntu/redfin/lib/python3.10/site-packages/airflow/example_dags/example_task_group_decorator.py
[2023-12-03T23:27:45.086+0000] {logging_mixin.py:154} INFO - [2023-12-03T23:27:45.086+0000] {dag.py:2941} INFO - Sync 1 DAGs
[2023-12-03T23:27:45.109+0000] {logging_mixin.py:154} INFO - [2023-12-03T23:27:45.108+0000] {dag.py:3722} INFO - Setting next_dagrun for example_task_group_decorator to 2023-12-02T23:27:45.108552+00:00, run_after=2023-12-03T23:27:45.108552+00:00
[2023-12-03T23:27:45.137+0000] {processor.py:179} INFO - Processing /home/ubuntu/redfin/lib/python3.10/site-packages/airflow/example_dags/example_task_group_decorator.py took 0.098 seconds
[2023-12-03T23:28:31.439+0000] {processor.py:157} INFO - Started process (PID=5114) to work on /home/ubuntu/redfin/lib/python3.10/site-packages/airflow/example_dags/example_task_group_decorator.py
[2023-12-03T23:28:31.440+0000] {processor.py:829} INFO - Processing file /home/ubuntu/redfin/lib/python3.10/site-packages/airflow/example_dags/example_task_group_decorator.py for tasks to queue
[2023-12-03T23:28:31.441+0000] {logging_mixin.py:154} INFO - [2023-12-03T23:28:31.440+0000] {dagbag.py:536} INFO - Filling up the DagBag from /home/ubuntu/redfin/lib/python3.10/site-packages/airflow/example_dags/example_task_group_decorator.py
[2023-12-03T23:28:31.458+0000] {processor.py:839} INFO - DAG(s) dict_keys(['example_task_group_decorator']) retrieved from /home/ubuntu/redfin/lib/python3.10/site-packages/airflow/example_dags/example_task_group_decorator.py
[2023-12-03T23:28:31.480+0000] {logging_mixin.py:154} INFO - [2023-12-03T23:28:31.480+0000] {dag.py:2941} INFO - Sync 1 DAGs
[2023-12-03T23:28:31.502+0000] {logging_mixin.py:154} INFO - [2023-12-03T23:28:31.502+0000] {dag.py:3722} INFO - Setting next_dagrun for example_task_group_decorator to 2023-12-02T23:28:31.501865+00:00, run_after=2023-12-03T23:28:31.501865+00:00
[2023-12-03T23:28:31.526+0000] {processor.py:179} INFO - Processing /home/ubuntu/redfin/lib/python3.10/site-packages/airflow/example_dags/example_task_group_decorator.py took 0.091 seconds
[2023-12-03T23:29:18.934+0000] {processor.py:157} INFO - Started process (PID=5168) to work on /home/ubuntu/redfin/lib/python3.10/site-packages/airflow/example_dags/example_task_group_decorator.py
[2023-12-03T23:29:18.935+0000] {processor.py:829} INFO - Processing file /home/ubuntu/redfin/lib/python3.10/site-packages/airflow/example_dags/example_task_group_decorator.py for tasks to queue
[2023-12-03T23:29:18.936+0000] {logging_mixin.py:154} INFO - [2023-12-03T23:29:18.936+0000] {dagbag.py:536} INFO - Filling up the DagBag from /home/ubuntu/redfin/lib/python3.10/site-packages/airflow/example_dags/example_task_group_decorator.py
[2023-12-03T23:29:18.954+0000] {processor.py:839} INFO - DAG(s) dict_keys(['example_task_group_decorator']) retrieved from /home/ubuntu/redfin/lib/python3.10/site-packages/airflow/example_dags/example_task_group_decorator.py
[2023-12-03T23:29:18.975+0000] {logging_mixin.py:154} INFO - [2023-12-03T23:29:18.975+0000] {dag.py:2941} INFO - Sync 1 DAGs
[2023-12-03T23:29:18.995+0000] {logging_mixin.py:154} INFO - [2023-12-03T23:29:18.995+0000] {dag.py:3722} INFO - Setting next_dagrun for example_task_group_decorator to 2023-12-02T23:29:18.995167+00:00, run_after=2023-12-03T23:29:18.995167+00:00
[2023-12-03T23:29:19.017+0000] {processor.py:179} INFO - Processing /home/ubuntu/redfin/lib/python3.10/site-packages/airflow/example_dags/example_task_group_decorator.py took 0.087 seconds
[2023-12-03T23:30:08.046+0000] {processor.py:157} INFO - Started process (PID=5221) to work on /home/ubuntu/redfin/lib/python3.10/site-packages/airflow/example_dags/example_task_group_decorator.py
[2023-12-03T23:30:08.047+0000] {processor.py:829} INFO - Processing file /home/ubuntu/redfin/lib/python3.10/site-packages/airflow/example_dags/example_task_group_decorator.py for tasks to queue
[2023-12-03T23:30:08.048+0000] {logging_mixin.py:154} INFO - [2023-12-03T23:30:08.048+0000] {dagbag.py:536} INFO - Filling up the DagBag from /home/ubuntu/redfin/lib/python3.10/site-packages/airflow/example_dags/example_task_group_decorator.py
[2023-12-03T23:30:08.065+0000] {processor.py:839} INFO - DAG(s) dict_keys(['example_task_group_decorator']) retrieved from /home/ubuntu/redfin/lib/python3.10/site-packages/airflow/example_dags/example_task_group_decorator.py
[2023-12-03T23:30:08.086+0000] {logging_mixin.py:154} INFO - [2023-12-03T23:30:08.086+0000] {dag.py:2941} INFO - Sync 1 DAGs
[2023-12-03T23:30:08.105+0000] {logging_mixin.py:154} INFO - [2023-12-03T23:30:08.105+0000] {dag.py:3722} INFO - Setting next_dagrun for example_task_group_decorator to 2023-12-02T23:30:08.105556+00:00, run_after=2023-12-03T23:30:08.105556+00:00
[2023-12-03T23:30:08.128+0000] {processor.py:179} INFO - Processing /home/ubuntu/redfin/lib/python3.10/site-packages/airflow/example_dags/example_task_group_decorator.py took 0.086 seconds
[2023-12-03T23:30:52.882+0000] {processor.py:157} INFO - Started process (PID=5271) to work on /home/ubuntu/redfin/lib/python3.10/site-packages/airflow/example_dags/example_task_group_decorator.py
[2023-12-03T23:30:52.883+0000] {processor.py:829} INFO - Processing file /home/ubuntu/redfin/lib/python3.10/site-packages/airflow/example_dags/example_task_group_decorator.py for tasks to queue
[2023-12-03T23:30:52.884+0000] {logging_mixin.py:154} INFO - [2023-12-03T23:30:52.884+0000] {dagbag.py:536} INFO - Filling up the DagBag from /home/ubuntu/redfin/lib/python3.10/site-packages/airflow/example_dags/example_task_group_decorator.py
[2023-12-03T23:30:52.902+0000] {processor.py:839} INFO - DAG(s) dict_keys(['example_task_group_decorator']) retrieved from /home/ubuntu/redfin/lib/python3.10/site-packages/airflow/example_dags/example_task_group_decorator.py
[2023-12-03T23:30:52.925+0000] {logging_mixin.py:154} INFO - [2023-12-03T23:30:52.924+0000] {dag.py:2941} INFO - Sync 1 DAGs
[2023-12-03T23:30:52.947+0000] {logging_mixin.py:154} INFO - [2023-12-03T23:30:52.946+0000] {dag.py:3722} INFO - Setting next_dagrun for example_task_group_decorator to 2023-12-02T23:30:52.946528+00:00, run_after=2023-12-03T23:30:52.946528+00:00
[2023-12-03T23:30:52.969+0000] {processor.py:179} INFO - Processing /home/ubuntu/redfin/lib/python3.10/site-packages/airflow/example_dags/example_task_group_decorator.py took 0.091 seconds
[2023-12-03T23:31:41.274+0000] {processor.py:157} INFO - Started process (PID=5325) to work on /home/ubuntu/redfin/lib/python3.10/site-packages/airflow/example_dags/example_task_group_decorator.py
[2023-12-03T23:31:41.276+0000] {processor.py:829} INFO - Processing file /home/ubuntu/redfin/lib/python3.10/site-packages/airflow/example_dags/example_task_group_decorator.py for tasks to queue
[2023-12-03T23:31:41.277+0000] {logging_mixin.py:154} INFO - [2023-12-03T23:31:41.276+0000] {dagbag.py:536} INFO - Filling up the DagBag from /home/ubuntu/redfin/lib/python3.10/site-packages/airflow/example_dags/example_task_group_decorator.py
[2023-12-03T23:31:41.294+0000] {processor.py:839} INFO - DAG(s) dict_keys(['example_task_group_decorator']) retrieved from /home/ubuntu/redfin/lib/python3.10/site-packages/airflow/example_dags/example_task_group_decorator.py
[2023-12-03T23:31:41.315+0000] {logging_mixin.py:154} INFO - [2023-12-03T23:31:41.315+0000] {dag.py:2941} INFO - Sync 1 DAGs
[2023-12-03T23:31:41.337+0000] {logging_mixin.py:154} INFO - [2023-12-03T23:31:41.336+0000] {dag.py:3722} INFO - Setting next_dagrun for example_task_group_decorator to 2023-12-02T23:31:41.336533+00:00, run_after=2023-12-03T23:31:41.336533+00:00
[2023-12-03T23:31:41.359+0000] {processor.py:179} INFO - Processing /home/ubuntu/redfin/lib/python3.10/site-packages/airflow/example_dags/example_task_group_decorator.py took 0.088 seconds
[2023-12-03T23:32:26.328+0000] {processor.py:157} INFO - Started process (PID=5374) to work on /home/ubuntu/redfin/lib/python3.10/site-packages/airflow/example_dags/example_task_group_decorator.py
[2023-12-03T23:32:26.330+0000] {processor.py:829} INFO - Processing file /home/ubuntu/redfin/lib/python3.10/site-packages/airflow/example_dags/example_task_group_decorator.py for tasks to queue
[2023-12-03T23:32:26.331+0000] {logging_mixin.py:154} INFO - [2023-12-03T23:32:26.330+0000] {dagbag.py:536} INFO - Filling up the DagBag from /home/ubuntu/redfin/lib/python3.10/site-packages/airflow/example_dags/example_task_group_decorator.py
[2023-12-03T23:32:26.348+0000] {processor.py:839} INFO - DAG(s) dict_keys(['example_task_group_decorator']) retrieved from /home/ubuntu/redfin/lib/python3.10/site-packages/airflow/example_dags/example_task_group_decorator.py
[2023-12-03T23:32:26.370+0000] {logging_mixin.py:154} INFO - [2023-12-03T23:32:26.370+0000] {dag.py:2941} INFO - Sync 1 DAGs
[2023-12-03T23:32:26.392+0000] {logging_mixin.py:154} INFO - [2023-12-03T23:32:26.392+0000] {dag.py:3722} INFO - Setting next_dagrun for example_task_group_decorator to 2023-12-02T23:32:26.391840+00:00, run_after=2023-12-03T23:32:26.391840+00:00
[2023-12-03T23:32:26.415+0000] {processor.py:179} INFO - Processing /home/ubuntu/redfin/lib/python3.10/site-packages/airflow/example_dags/example_task_group_decorator.py took 0.091 seconds
[2023-12-03T23:33:10.351+0000] {processor.py:157} INFO - Started process (PID=5422) to work on /home/ubuntu/redfin/lib/python3.10/site-packages/airflow/example_dags/example_task_group_decorator.py
[2023-12-03T23:33:10.352+0000] {processor.py:829} INFO - Processing file /home/ubuntu/redfin/lib/python3.10/site-packages/airflow/example_dags/example_task_group_decorator.py for tasks to queue
[2023-12-03T23:33:10.353+0000] {logging_mixin.py:154} INFO - [2023-12-03T23:33:10.353+0000] {dagbag.py:536} INFO - Filling up the DagBag from /home/ubuntu/redfin/lib/python3.10/site-packages/airflow/example_dags/example_task_group_decorator.py
[2023-12-03T23:33:10.371+0000] {processor.py:839} INFO - DAG(s) dict_keys(['example_task_group_decorator']) retrieved from /home/ubuntu/redfin/lib/python3.10/site-packages/airflow/example_dags/example_task_group_decorator.py
[2023-12-03T23:33:10.393+0000] {logging_mixin.py:154} INFO - [2023-12-03T23:33:10.393+0000] {dag.py:2941} INFO - Sync 1 DAGs
[2023-12-03T23:33:10.415+0000] {logging_mixin.py:154} INFO - [2023-12-03T23:33:10.415+0000] {dag.py:3722} INFO - Setting next_dagrun for example_task_group_decorator to 2023-12-02T23:33:10.415029+00:00, run_after=2023-12-03T23:33:10.415029+00:00
[2023-12-03T23:33:10.438+0000] {processor.py:179} INFO - Processing /home/ubuntu/redfin/lib/python3.10/site-packages/airflow/example_dags/example_task_group_decorator.py took 0.091 seconds
[2023-12-03T23:33:56.659+0000] {processor.py:157} INFO - Started process (PID=5472) to work on /home/ubuntu/redfin/lib/python3.10/site-packages/airflow/example_dags/example_task_group_decorator.py
[2023-12-03T23:33:56.660+0000] {processor.py:829} INFO - Processing file /home/ubuntu/redfin/lib/python3.10/site-packages/airflow/example_dags/example_task_group_decorator.py for tasks to queue
[2023-12-03T23:33:56.661+0000] {logging_mixin.py:154} INFO - [2023-12-03T23:33:56.661+0000] {dagbag.py:536} INFO - Filling up the DagBag from /home/ubuntu/redfin/lib/python3.10/site-packages/airflow/example_dags/example_task_group_decorator.py
[2023-12-03T23:33:56.680+0000] {processor.py:839} INFO - DAG(s) dict_keys(['example_task_group_decorator']) retrieved from /home/ubuntu/redfin/lib/python3.10/site-packages/airflow/example_dags/example_task_group_decorator.py
[2023-12-03T23:33:56.702+0000] {logging_mixin.py:154} INFO - [2023-12-03T23:33:56.702+0000] {dag.py:2941} INFO - Sync 1 DAGs
[2023-12-03T23:33:56.725+0000] {logging_mixin.py:154} INFO - [2023-12-03T23:33:56.725+0000] {dag.py:3722} INFO - Setting next_dagrun for example_task_group_decorator to 2023-12-02T23:33:56.725129+00:00, run_after=2023-12-03T23:33:56.725129+00:00
[2023-12-03T23:33:56.749+0000] {processor.py:179} INFO - Processing /home/ubuntu/redfin/lib/python3.10/site-packages/airflow/example_dags/example_task_group_decorator.py took 0.094 seconds
[2023-12-03T23:34:44.849+0000] {processor.py:157} INFO - Started process (PID=5526) to work on /home/ubuntu/redfin/lib/python3.10/site-packages/airflow/example_dags/example_task_group_decorator.py
[2023-12-03T23:34:44.850+0000] {processor.py:829} INFO - Processing file /home/ubuntu/redfin/lib/python3.10/site-packages/airflow/example_dags/example_task_group_decorator.py for tasks to queue
[2023-12-03T23:34:44.851+0000] {logging_mixin.py:154} INFO - [2023-12-03T23:34:44.851+0000] {dagbag.py:536} INFO - Filling up the DagBag from /home/ubuntu/redfin/lib/python3.10/site-packages/airflow/example_dags/example_task_group_decorator.py
[2023-12-03T23:34:44.869+0000] {processor.py:839} INFO - DAG(s) dict_keys(['example_task_group_decorator']) retrieved from /home/ubuntu/redfin/lib/python3.10/site-packages/airflow/example_dags/example_task_group_decorator.py
[2023-12-03T23:34:44.891+0000] {logging_mixin.py:154} INFO - [2023-12-03T23:34:44.890+0000] {dag.py:2941} INFO - Sync 1 DAGs
[2023-12-03T23:34:44.913+0000] {logging_mixin.py:154} INFO - [2023-12-03T23:34:44.912+0000] {dag.py:3722} INFO - Setting next_dagrun for example_task_group_decorator to 2023-12-02T23:34:44.912449+00:00, run_after=2023-12-03T23:34:44.912449+00:00
[2023-12-03T23:34:44.936+0000] {processor.py:179} INFO - Processing /home/ubuntu/redfin/lib/python3.10/site-packages/airflow/example_dags/example_task_group_decorator.py took 0.091 seconds
[2023-12-03T23:35:19.689+0000] {processor.py:157} INFO - Started process (PID=5563) to work on /home/ubuntu/redfin/lib/python3.10/site-packages/airflow/example_dags/example_task_group_decorator.py
[2023-12-03T23:35:19.690+0000] {processor.py:829} INFO - Processing file /home/ubuntu/redfin/lib/python3.10/site-packages/airflow/example_dags/example_task_group_decorator.py for tasks to queue
[2023-12-03T23:35:19.691+0000] {logging_mixin.py:154} INFO - [2023-12-03T23:35:19.691+0000] {dagbag.py:536} INFO - Filling up the DagBag from /home/ubuntu/redfin/lib/python3.10/site-packages/airflow/example_dags/example_task_group_decorator.py
[2023-12-03T23:35:19.708+0000] {processor.py:839} INFO - DAG(s) dict_keys(['example_task_group_decorator']) retrieved from /home/ubuntu/redfin/lib/python3.10/site-packages/airflow/example_dags/example_task_group_decorator.py
[2023-12-03T23:35:19.730+0000] {logging_mixin.py:154} INFO - [2023-12-03T23:35:19.730+0000] {dag.py:2941} INFO - Sync 1 DAGs
[2023-12-03T23:35:19.756+0000] {logging_mixin.py:154} INFO - [2023-12-03T23:35:19.755+0000] {dag.py:3722} INFO - Setting next_dagrun for example_task_group_decorator to 2023-12-02T23:35:19.755621+00:00, run_after=2023-12-03T23:35:19.755621+00:00
[2023-12-03T23:35:19.778+0000] {processor.py:179} INFO - Processing /home/ubuntu/redfin/lib/python3.10/site-packages/airflow/example_dags/example_task_group_decorator.py took 0.092 seconds
[2023-12-03T23:36:08.184+0000] {processor.py:157} INFO - Started process (PID=5616) to work on /home/ubuntu/redfin/lib/python3.10/site-packages/airflow/example_dags/example_task_group_decorator.py
[2023-12-03T23:36:08.185+0000] {processor.py:829} INFO - Processing file /home/ubuntu/redfin/lib/python3.10/site-packages/airflow/example_dags/example_task_group_decorator.py for tasks to queue
[2023-12-03T23:36:08.186+0000] {logging_mixin.py:154} INFO - [2023-12-03T23:36:08.185+0000] {dagbag.py:536} INFO - Filling up the DagBag from /home/ubuntu/redfin/lib/python3.10/site-packages/airflow/example_dags/example_task_group_decorator.py
[2023-12-03T23:36:08.204+0000] {processor.py:839} INFO - DAG(s) dict_keys(['example_task_group_decorator']) retrieved from /home/ubuntu/redfin/lib/python3.10/site-packages/airflow/example_dags/example_task_group_decorator.py
[2023-12-03T23:36:08.226+0000] {logging_mixin.py:154} INFO - [2023-12-03T23:36:08.225+0000] {dag.py:2941} INFO - Sync 1 DAGs
[2023-12-03T23:36:08.247+0000] {logging_mixin.py:154} INFO - [2023-12-03T23:36:08.246+0000] {dag.py:3722} INFO - Setting next_dagrun for example_task_group_decorator to 2023-12-02T23:36:08.246463+00:00, run_after=2023-12-03T23:36:08.246463+00:00
[2023-12-03T23:36:08.270+0000] {processor.py:179} INFO - Processing /home/ubuntu/redfin/lib/python3.10/site-packages/airflow/example_dags/example_task_group_decorator.py took 0.090 seconds
[2023-12-03T23:36:44.827+0000] {processor.py:157} INFO - Started process (PID=5655) to work on /home/ubuntu/redfin/lib/python3.10/site-packages/airflow/example_dags/example_task_group_decorator.py
[2023-12-03T23:36:44.828+0000] {processor.py:829} INFO - Processing file /home/ubuntu/redfin/lib/python3.10/site-packages/airflow/example_dags/example_task_group_decorator.py for tasks to queue
[2023-12-03T23:36:44.829+0000] {logging_mixin.py:154} INFO - [2023-12-03T23:36:44.829+0000] {dagbag.py:536} INFO - Filling up the DagBag from /home/ubuntu/redfin/lib/python3.10/site-packages/airflow/example_dags/example_task_group_decorator.py
[2023-12-03T23:36:44.847+0000] {processor.py:839} INFO - DAG(s) dict_keys(['example_task_group_decorator']) retrieved from /home/ubuntu/redfin/lib/python3.10/site-packages/airflow/example_dags/example_task_group_decorator.py
[2023-12-03T23:36:44.870+0000] {logging_mixin.py:154} INFO - [2023-12-03T23:36:44.870+0000] {dag.py:2941} INFO - Sync 1 DAGs
[2023-12-03T23:36:44.893+0000] {logging_mixin.py:154} INFO - [2023-12-03T23:36:44.893+0000] {dag.py:3722} INFO - Setting next_dagrun for example_task_group_decorator to 2023-12-02T23:36:44.893088+00:00, run_after=2023-12-03T23:36:44.893088+00:00
[2023-12-03T23:36:44.917+0000] {processor.py:179} INFO - Processing /home/ubuntu/redfin/lib/python3.10/site-packages/airflow/example_dags/example_task_group_decorator.py took 0.094 seconds
[2023-12-03T23:37:33.649+0000] {processor.py:157} INFO - Started process (PID=5709) to work on /home/ubuntu/redfin/lib/python3.10/site-packages/airflow/example_dags/example_task_group_decorator.py
[2023-12-03T23:37:33.650+0000] {processor.py:829} INFO - Processing file /home/ubuntu/redfin/lib/python3.10/site-packages/airflow/example_dags/example_task_group_decorator.py for tasks to queue
[2023-12-03T23:37:33.651+0000] {logging_mixin.py:154} INFO - [2023-12-03T23:37:33.651+0000] {dagbag.py:536} INFO - Filling up the DagBag from /home/ubuntu/redfin/lib/python3.10/site-packages/airflow/example_dags/example_task_group_decorator.py
[2023-12-03T23:37:33.669+0000] {processor.py:839} INFO - DAG(s) dict_keys(['example_task_group_decorator']) retrieved from /home/ubuntu/redfin/lib/python3.10/site-packages/airflow/example_dags/example_task_group_decorator.py
[2023-12-03T23:37:33.691+0000] {logging_mixin.py:154} INFO - [2023-12-03T23:37:33.691+0000] {dag.py:2941} INFO - Sync 1 DAGs
[2023-12-03T23:37:33.712+0000] {logging_mixin.py:154} INFO - [2023-12-03T23:37:33.712+0000] {dag.py:3722} INFO - Setting next_dagrun for example_task_group_decorator to 2023-12-02T23:37:33.712389+00:00, run_after=2023-12-03T23:37:33.712389+00:00
[2023-12-03T23:37:33.736+0000] {processor.py:179} INFO - Processing /home/ubuntu/redfin/lib/python3.10/site-packages/airflow/example_dags/example_task_group_decorator.py took 0.090 seconds
[2023-12-03T23:38:17.265+0000] {processor.py:157} INFO - Started process (PID=5758) to work on /home/ubuntu/redfin/lib/python3.10/site-packages/airflow/example_dags/example_task_group_decorator.py
[2023-12-03T23:38:17.266+0000] {processor.py:829} INFO - Processing file /home/ubuntu/redfin/lib/python3.10/site-packages/airflow/example_dags/example_task_group_decorator.py for tasks to queue
[2023-12-03T23:38:17.267+0000] {logging_mixin.py:154} INFO - [2023-12-03T23:38:17.267+0000] {dagbag.py:536} INFO - Filling up the DagBag from /home/ubuntu/redfin/lib/python3.10/site-packages/airflow/example_dags/example_task_group_decorator.py
[2023-12-03T23:38:17.284+0000] {processor.py:839} INFO - DAG(s) dict_keys(['example_task_group_decorator']) retrieved from /home/ubuntu/redfin/lib/python3.10/site-packages/airflow/example_dags/example_task_group_decorator.py
[2023-12-03T23:38:17.306+0000] {logging_mixin.py:154} INFO - [2023-12-03T23:38:17.306+0000] {dag.py:2941} INFO - Sync 1 DAGs
[2023-12-03T23:38:17.328+0000] {logging_mixin.py:154} INFO - [2023-12-03T23:38:17.327+0000] {dag.py:3722} INFO - Setting next_dagrun for example_task_group_decorator to 2023-12-02T23:38:17.327631+00:00, run_after=2023-12-03T23:38:17.327631+00:00
[2023-12-03T23:38:17.350+0000] {processor.py:179} INFO - Processing /home/ubuntu/redfin/lib/python3.10/site-packages/airflow/example_dags/example_task_group_decorator.py took 0.089 seconds
[2023-12-03T23:39:04.504+0000] {processor.py:157} INFO - Started process (PID=5809) to work on /home/ubuntu/redfin/lib/python3.10/site-packages/airflow/example_dags/example_task_group_decorator.py
[2023-12-03T23:39:04.505+0000] {processor.py:829} INFO - Processing file /home/ubuntu/redfin/lib/python3.10/site-packages/airflow/example_dags/example_task_group_decorator.py for tasks to queue
[2023-12-03T23:39:04.506+0000] {logging_mixin.py:154} INFO - [2023-12-03T23:39:04.506+0000] {dagbag.py:536} INFO - Filling up the DagBag from /home/ubuntu/redfin/lib/python3.10/site-packages/airflow/example_dags/example_task_group_decorator.py
[2023-12-03T23:39:04.523+0000] {processor.py:839} INFO - DAG(s) dict_keys(['example_task_group_decorator']) retrieved from /home/ubuntu/redfin/lib/python3.10/site-packages/airflow/example_dags/example_task_group_decorator.py
[2023-12-03T23:39:04.545+0000] {logging_mixin.py:154} INFO - [2023-12-03T23:39:04.545+0000] {dag.py:2941} INFO - Sync 1 DAGs
[2023-12-03T23:39:04.567+0000] {logging_mixin.py:154} INFO - [2023-12-03T23:39:04.567+0000] {dag.py:3722} INFO - Setting next_dagrun for example_task_group_decorator to 2023-12-02T23:39:04.567298+00:00, run_after=2023-12-03T23:39:04.567298+00:00
[2023-12-03T23:39:04.592+0000] {processor.py:179} INFO - Processing /home/ubuntu/redfin/lib/python3.10/site-packages/airflow/example_dags/example_task_group_decorator.py took 0.092 seconds
[2023-12-03T23:39:50.959+0000] {processor.py:157} INFO - Started process (PID=5859) to work on /home/ubuntu/redfin/lib/python3.10/site-packages/airflow/example_dags/example_task_group_decorator.py
[2023-12-03T23:39:50.960+0000] {processor.py:829} INFO - Processing file /home/ubuntu/redfin/lib/python3.10/site-packages/airflow/example_dags/example_task_group_decorator.py for tasks to queue
[2023-12-03T23:39:50.961+0000] {logging_mixin.py:154} INFO - [2023-12-03T23:39:50.961+0000] {dagbag.py:536} INFO - Filling up the DagBag from /home/ubuntu/redfin/lib/python3.10/site-packages/airflow/example_dags/example_task_group_decorator.py
[2023-12-03T23:39:50.978+0000] {processor.py:839} INFO - DAG(s) dict_keys(['example_task_group_decorator']) retrieved from /home/ubuntu/redfin/lib/python3.10/site-packages/airflow/example_dags/example_task_group_decorator.py
[2023-12-03T23:39:51.000+0000] {logging_mixin.py:154} INFO - [2023-12-03T23:39:51.000+0000] {dag.py:2941} INFO - Sync 1 DAGs
[2023-12-03T23:39:51.021+0000] {logging_mixin.py:154} INFO - [2023-12-03T23:39:51.021+0000] {dag.py:3722} INFO - Setting next_dagrun for example_task_group_decorator to 2023-12-02T23:39:51.021335+00:00, run_after=2023-12-03T23:39:51.021335+00:00
[2023-12-03T23:39:51.044+0000] {processor.py:179} INFO - Processing /home/ubuntu/redfin/lib/python3.10/site-packages/airflow/example_dags/example_task_group_decorator.py took 0.089 seconds
[2023-12-03T23:40:40.023+0000] {processor.py:157} INFO - Started process (PID=5911) to work on /home/ubuntu/redfin/lib/python3.10/site-packages/airflow/example_dags/example_task_group_decorator.py
[2023-12-03T23:40:40.025+0000] {processor.py:829} INFO - Processing file /home/ubuntu/redfin/lib/python3.10/site-packages/airflow/example_dags/example_task_group_decorator.py for tasks to queue
[2023-12-03T23:40:40.026+0000] {logging_mixin.py:154} INFO - [2023-12-03T23:40:40.025+0000] {dagbag.py:536} INFO - Filling up the DagBag from /home/ubuntu/redfin/lib/python3.10/site-packages/airflow/example_dags/example_task_group_decorator.py
[2023-12-03T23:40:40.043+0000] {processor.py:839} INFO - DAG(s) dict_keys(['example_task_group_decorator']) retrieved from /home/ubuntu/redfin/lib/python3.10/site-packages/airflow/example_dags/example_task_group_decorator.py
[2023-12-03T23:40:40.065+0000] {logging_mixin.py:154} INFO - [2023-12-03T23:40:40.064+0000] {dag.py:2941} INFO - Sync 1 DAGs
[2023-12-03T23:40:40.086+0000] {logging_mixin.py:154} INFO - [2023-12-03T23:40:40.085+0000] {dag.py:3722} INFO - Setting next_dagrun for example_task_group_decorator to 2023-12-02T23:40:40.085606+00:00, run_after=2023-12-03T23:40:40.085606+00:00
[2023-12-03T23:40:40.109+0000] {processor.py:179} INFO - Processing /home/ubuntu/redfin/lib/python3.10/site-packages/airflow/example_dags/example_task_group_decorator.py took 0.090 seconds
[2023-12-03T23:41:30.314+0000] {processor.py:157} INFO - Started process (PID=5968) to work on /home/ubuntu/redfin/lib/python3.10/site-packages/airflow/example_dags/example_task_group_decorator.py
[2023-12-03T23:41:30.315+0000] {processor.py:829} INFO - Processing file /home/ubuntu/redfin/lib/python3.10/site-packages/airflow/example_dags/example_task_group_decorator.py for tasks to queue
[2023-12-03T23:41:30.316+0000] {logging_mixin.py:154} INFO - [2023-12-03T23:41:30.316+0000] {dagbag.py:536} INFO - Filling up the DagBag from /home/ubuntu/redfin/lib/python3.10/site-packages/airflow/example_dags/example_task_group_decorator.py
[2023-12-03T23:41:30.334+0000] {processor.py:839} INFO - DAG(s) dict_keys(['example_task_group_decorator']) retrieved from /home/ubuntu/redfin/lib/python3.10/site-packages/airflow/example_dags/example_task_group_decorator.py
[2023-12-03T23:41:30.356+0000] {logging_mixin.py:154} INFO - [2023-12-03T23:41:30.355+0000] {dag.py:2941} INFO - Sync 1 DAGs
[2023-12-03T23:41:30.377+0000] {logging_mixin.py:154} INFO - [2023-12-03T23:41:30.376+0000] {dag.py:3722} INFO - Setting next_dagrun for example_task_group_decorator to 2023-12-02T23:41:30.376574+00:00, run_after=2023-12-03T23:41:30.376574+00:00
[2023-12-03T23:41:30.399+0000] {processor.py:179} INFO - Processing /home/ubuntu/redfin/lib/python3.10/site-packages/airflow/example_dags/example_task_group_decorator.py took 0.088 seconds
[2023-12-03T23:42:14.848+0000] {processor.py:157} INFO - Started process (PID=6017) to work on /home/ubuntu/redfin/lib/python3.10/site-packages/airflow/example_dags/example_task_group_decorator.py
[2023-12-03T23:42:14.850+0000] {processor.py:829} INFO - Processing file /home/ubuntu/redfin/lib/python3.10/site-packages/airflow/example_dags/example_task_group_decorator.py for tasks to queue
[2023-12-03T23:42:14.851+0000] {logging_mixin.py:154} INFO - [2023-12-03T23:42:14.850+0000] {dagbag.py:536} INFO - Filling up the DagBag from /home/ubuntu/redfin/lib/python3.10/site-packages/airflow/example_dags/example_task_group_decorator.py
[2023-12-03T23:42:14.868+0000] {processor.py:839} INFO - DAG(s) dict_keys(['example_task_group_decorator']) retrieved from /home/ubuntu/redfin/lib/python3.10/site-packages/airflow/example_dags/example_task_group_decorator.py
[2023-12-03T23:42:14.889+0000] {logging_mixin.py:154} INFO - [2023-12-03T23:42:14.889+0000] {dag.py:2941} INFO - Sync 1 DAGs
[2023-12-03T23:42:14.910+0000] {logging_mixin.py:154} INFO - [2023-12-03T23:42:14.910+0000] {dag.py:3722} INFO - Setting next_dagrun for example_task_group_decorator to 2023-12-02T23:42:14.910073+00:00, run_after=2023-12-03T23:42:14.910073+00:00
[2023-12-03T23:42:14.932+0000] {processor.py:179} INFO - Processing /home/ubuntu/redfin/lib/python3.10/site-packages/airflow/example_dags/example_task_group_decorator.py took 0.087 seconds
[2023-12-03T23:43:02.957+0000] {processor.py:157} INFO - Started process (PID=6069) to work on /home/ubuntu/redfin/lib/python3.10/site-packages/airflow/example_dags/example_task_group_decorator.py
[2023-12-03T23:43:02.958+0000] {processor.py:829} INFO - Processing file /home/ubuntu/redfin/lib/python3.10/site-packages/airflow/example_dags/example_task_group_decorator.py for tasks to queue
[2023-12-03T23:43:02.959+0000] {logging_mixin.py:154} INFO - [2023-12-03T23:43:02.959+0000] {dagbag.py:536} INFO - Filling up the DagBag from /home/ubuntu/redfin/lib/python3.10/site-packages/airflow/example_dags/example_task_group_decorator.py
[2023-12-03T23:43:02.977+0000] {processor.py:839} INFO - DAG(s) dict_keys(['example_task_group_decorator']) retrieved from /home/ubuntu/redfin/lib/python3.10/site-packages/airflow/example_dags/example_task_group_decorator.py
[2023-12-03T23:43:03.001+0000] {logging_mixin.py:154} INFO - [2023-12-03T23:43:03.000+0000] {dag.py:2941} INFO - Sync 1 DAGs
[2023-12-03T23:43:03.023+0000] {logging_mixin.py:154} INFO - [2023-12-03T23:43:03.023+0000] {dag.py:3722} INFO - Setting next_dagrun for example_task_group_decorator to 2023-12-02T23:43:03.022809+00:00, run_after=2023-12-03T23:43:03.022809+00:00
[2023-12-03T23:43:03.048+0000] {processor.py:179} INFO - Processing /home/ubuntu/redfin/lib/python3.10/site-packages/airflow/example_dags/example_task_group_decorator.py took 0.094 seconds
[2023-12-03T23:43:50.094+0000] {processor.py:157} INFO - Started process (PID=6120) to work on /home/ubuntu/redfin/lib/python3.10/site-packages/airflow/example_dags/example_task_group_decorator.py
[2023-12-03T23:43:50.095+0000] {processor.py:829} INFO - Processing file /home/ubuntu/redfin/lib/python3.10/site-packages/airflow/example_dags/example_task_group_decorator.py for tasks to queue
[2023-12-03T23:43:50.096+0000] {logging_mixin.py:154} INFO - [2023-12-03T23:43:50.095+0000] {dagbag.py:536} INFO - Filling up the DagBag from /home/ubuntu/redfin/lib/python3.10/site-packages/airflow/example_dags/example_task_group_decorator.py
[2023-12-03T23:43:50.114+0000] {processor.py:839} INFO - DAG(s) dict_keys(['example_task_group_decorator']) retrieved from /home/ubuntu/redfin/lib/python3.10/site-packages/airflow/example_dags/example_task_group_decorator.py
[2023-12-03T23:43:50.137+0000] {logging_mixin.py:154} INFO - [2023-12-03T23:43:50.137+0000] {dag.py:2941} INFO - Sync 1 DAGs
[2023-12-03T23:43:50.159+0000] {logging_mixin.py:154} INFO - [2023-12-03T23:43:50.159+0000] {dag.py:3722} INFO - Setting next_dagrun for example_task_group_decorator to 2023-12-02T23:43:50.159114+00:00, run_after=2023-12-03T23:43:50.159114+00:00
[2023-12-03T23:43:50.188+0000] {processor.py:179} INFO - Processing /home/ubuntu/redfin/lib/python3.10/site-packages/airflow/example_dags/example_task_group_decorator.py took 0.099 seconds
[2023-12-03T23:44:35.264+0000] {processor.py:157} INFO - Started process (PID=6423) to work on /home/ubuntu/redfin/lib/python3.10/site-packages/airflow/example_dags/example_task_group_decorator.py
[2023-12-03T23:44:35.265+0000] {processor.py:829} INFO - Processing file /home/ubuntu/redfin/lib/python3.10/site-packages/airflow/example_dags/example_task_group_decorator.py for tasks to queue
[2023-12-03T23:44:35.266+0000] {logging_mixin.py:154} INFO - [2023-12-03T23:44:35.266+0000] {dagbag.py:536} INFO - Filling up the DagBag from /home/ubuntu/redfin/lib/python3.10/site-packages/airflow/example_dags/example_task_group_decorator.py
[2023-12-03T23:44:35.284+0000] {processor.py:839} INFO - DAG(s) dict_keys(['example_task_group_decorator']) retrieved from /home/ubuntu/redfin/lib/python3.10/site-packages/airflow/example_dags/example_task_group_decorator.py
[2023-12-03T23:44:35.307+0000] {logging_mixin.py:154} INFO - [2023-12-03T23:44:35.307+0000] {dag.py:2941} INFO - Sync 1 DAGs
[2023-12-03T23:44:35.329+0000] {logging_mixin.py:154} INFO - [2023-12-03T23:44:35.328+0000] {dag.py:3722} INFO - Setting next_dagrun for example_task_group_decorator to 2023-12-02T23:44:35.328640+00:00, run_after=2023-12-03T23:44:35.328640+00:00
[2023-12-03T23:44:35.354+0000] {processor.py:179} INFO - Processing /home/ubuntu/redfin/lib/python3.10/site-packages/airflow/example_dags/example_task_group_decorator.py took 0.094 seconds
[2023-12-03T23:45:15.172+0000] {processor.py:157} INFO - Started process (PID=6624) to work on /home/ubuntu/redfin/lib/python3.10/site-packages/airflow/example_dags/example_task_group_decorator.py
[2023-12-03T23:45:15.174+0000] {processor.py:829} INFO - Processing file /home/ubuntu/redfin/lib/python3.10/site-packages/airflow/example_dags/example_task_group_decorator.py for tasks to queue
[2023-12-03T23:45:15.175+0000] {logging_mixin.py:154} INFO - [2023-12-03T23:45:15.174+0000] {dagbag.py:536} INFO - Filling up the DagBag from /home/ubuntu/redfin/lib/python3.10/site-packages/airflow/example_dags/example_task_group_decorator.py
[2023-12-03T23:45:15.192+0000] {processor.py:839} INFO - DAG(s) dict_keys(['example_task_group_decorator']) retrieved from /home/ubuntu/redfin/lib/python3.10/site-packages/airflow/example_dags/example_task_group_decorator.py
[2023-12-03T23:45:15.214+0000] {logging_mixin.py:154} INFO - [2023-12-03T23:45:15.214+0000] {dag.py:2941} INFO - Sync 1 DAGs
[2023-12-03T23:45:15.234+0000] {logging_mixin.py:154} INFO - [2023-12-03T23:45:15.234+0000] {dag.py:3722} INFO - Setting next_dagrun for example_task_group_decorator to 2023-12-02T23:45:15.234169+00:00, run_after=2023-12-03T23:45:15.234169+00:00
[2023-12-03T23:45:15.259+0000] {processor.py:179} INFO - Processing /home/ubuntu/redfin/lib/python3.10/site-packages/airflow/example_dags/example_task_group_decorator.py took 0.090 seconds
[2023-12-03T23:46:01.753+0000] {processor.py:157} INFO - Started process (PID=6678) to work on /home/ubuntu/redfin/lib/python3.10/site-packages/airflow/example_dags/example_task_group_decorator.py
[2023-12-03T23:46:01.754+0000] {processor.py:829} INFO - Processing file /home/ubuntu/redfin/lib/python3.10/site-packages/airflow/example_dags/example_task_group_decorator.py for tasks to queue
[2023-12-03T23:46:01.755+0000] {logging_mixin.py:154} INFO - [2023-12-03T23:46:01.754+0000] {dagbag.py:536} INFO - Filling up the DagBag from /home/ubuntu/redfin/lib/python3.10/site-packages/airflow/example_dags/example_task_group_decorator.py
[2023-12-03T23:46:01.773+0000] {processor.py:839} INFO - DAG(s) dict_keys(['example_task_group_decorator']) retrieved from /home/ubuntu/redfin/lib/python3.10/site-packages/airflow/example_dags/example_task_group_decorator.py
[2023-12-03T23:46:01.796+0000] {logging_mixin.py:154} INFO - [2023-12-03T23:46:01.796+0000] {dag.py:2941} INFO - Sync 1 DAGs
[2023-12-03T23:46:01.819+0000] {logging_mixin.py:154} INFO - [2023-12-03T23:46:01.819+0000] {dag.py:3722} INFO - Setting next_dagrun for example_task_group_decorator to 2023-12-02T23:46:01.819117+00:00, run_after=2023-12-03T23:46:01.819117+00:00
[2023-12-03T23:46:01.843+0000] {processor.py:179} INFO - Processing /home/ubuntu/redfin/lib/python3.10/site-packages/airflow/example_dags/example_task_group_decorator.py took 0.094 seconds
[2023-12-03T23:46:47.191+0000] {processor.py:157} INFO - Started process (PID=6730) to work on /home/ubuntu/redfin/lib/python3.10/site-packages/airflow/example_dags/example_task_group_decorator.py
[2023-12-03T23:46:47.192+0000] {processor.py:829} INFO - Processing file /home/ubuntu/redfin/lib/python3.10/site-packages/airflow/example_dags/example_task_group_decorator.py for tasks to queue
[2023-12-03T23:46:47.193+0000] {logging_mixin.py:154} INFO - [2023-12-03T23:46:47.193+0000] {dagbag.py:536} INFO - Filling up the DagBag from /home/ubuntu/redfin/lib/python3.10/site-packages/airflow/example_dags/example_task_group_decorator.py
[2023-12-03T23:46:47.211+0000] {processor.py:839} INFO - DAG(s) dict_keys(['example_task_group_decorator']) retrieved from /home/ubuntu/redfin/lib/python3.10/site-packages/airflow/example_dags/example_task_group_decorator.py
[2023-12-03T23:46:47.234+0000] {logging_mixin.py:154} INFO - [2023-12-03T23:46:47.233+0000] {dag.py:2941} INFO - Sync 1 DAGs
[2023-12-03T23:46:47.255+0000] {logging_mixin.py:154} INFO - [2023-12-03T23:46:47.255+0000] {dag.py:3722} INFO - Setting next_dagrun for example_task_group_decorator to 2023-12-02T23:46:47.255304+00:00, run_after=2023-12-03T23:46:47.255304+00:00
[2023-12-03T23:46:47.280+0000] {processor.py:179} INFO - Processing /home/ubuntu/redfin/lib/python3.10/site-packages/airflow/example_dags/example_task_group_decorator.py took 0.093 seconds
[2023-12-03T23:47:35.729+0000] {processor.py:157} INFO - Started process (PID=6786) to work on /home/ubuntu/redfin/lib/python3.10/site-packages/airflow/example_dags/example_task_group_decorator.py
[2023-12-03T23:47:35.730+0000] {processor.py:829} INFO - Processing file /home/ubuntu/redfin/lib/python3.10/site-packages/airflow/example_dags/example_task_group_decorator.py for tasks to queue
[2023-12-03T23:47:35.731+0000] {logging_mixin.py:154} INFO - [2023-12-03T23:47:35.731+0000] {dagbag.py:536} INFO - Filling up the DagBag from /home/ubuntu/redfin/lib/python3.10/site-packages/airflow/example_dags/example_task_group_decorator.py
[2023-12-03T23:47:35.748+0000] {processor.py:839} INFO - DAG(s) dict_keys(['example_task_group_decorator']) retrieved from /home/ubuntu/redfin/lib/python3.10/site-packages/airflow/example_dags/example_task_group_decorator.py
[2023-12-03T23:47:35.770+0000] {logging_mixin.py:154} INFO - [2023-12-03T23:47:35.770+0000] {dag.py:2941} INFO - Sync 1 DAGs
[2023-12-03T23:47:35.791+0000] {logging_mixin.py:154} INFO - [2023-12-03T23:47:35.790+0000] {dag.py:3722} INFO - Setting next_dagrun for example_task_group_decorator to 2023-12-02T23:47:35.790686+00:00, run_after=2023-12-03T23:47:35.790686+00:00
[2023-12-03T23:47:35.826+0000] {processor.py:179} INFO - Processing /home/ubuntu/redfin/lib/python3.10/site-packages/airflow/example_dags/example_task_group_decorator.py took 0.101 seconds
[2023-12-03T23:48:23.821+0000] {processor.py:157} INFO - Started process (PID=6871) to work on /home/ubuntu/redfin/lib/python3.10/site-packages/airflow/example_dags/example_task_group_decorator.py
[2023-12-03T23:48:23.823+0000] {processor.py:829} INFO - Processing file /home/ubuntu/redfin/lib/python3.10/site-packages/airflow/example_dags/example_task_group_decorator.py for tasks to queue
[2023-12-03T23:48:23.824+0000] {logging_mixin.py:154} INFO - [2023-12-03T23:48:23.823+0000] {dagbag.py:536} INFO - Filling up the DagBag from /home/ubuntu/redfin/lib/python3.10/site-packages/airflow/example_dags/example_task_group_decorator.py
[2023-12-03T23:48:23.842+0000] {processor.py:839} INFO - DAG(s) dict_keys(['example_task_group_decorator']) retrieved from /home/ubuntu/redfin/lib/python3.10/site-packages/airflow/example_dags/example_task_group_decorator.py
[2023-12-03T23:48:23.864+0000] {logging_mixin.py:154} INFO - [2023-12-03T23:48:23.864+0000] {dag.py:2941} INFO - Sync 1 DAGs
[2023-12-03T23:48:23.887+0000] {logging_mixin.py:154} INFO - [2023-12-03T23:48:23.887+0000] {dag.py:3722} INFO - Setting next_dagrun for example_task_group_decorator to 2023-12-02T23:48:23.886768+00:00, run_after=2023-12-03T23:48:23.886768+00:00
[2023-12-03T23:48:23.911+0000] {processor.py:179} INFO - Processing /home/ubuntu/redfin/lib/python3.10/site-packages/airflow/example_dags/example_task_group_decorator.py took 0.093 seconds
[2023-12-03T23:49:14.244+0000] {processor.py:157} INFO - Started process (PID=6926) to work on /home/ubuntu/redfin/lib/python3.10/site-packages/airflow/example_dags/example_task_group_decorator.py
[2023-12-03T23:49:14.246+0000] {processor.py:829} INFO - Processing file /home/ubuntu/redfin/lib/python3.10/site-packages/airflow/example_dags/example_task_group_decorator.py for tasks to queue
[2023-12-03T23:49:14.247+0000] {logging_mixin.py:154} INFO - [2023-12-03T23:49:14.246+0000] {dagbag.py:536} INFO - Filling up the DagBag from /home/ubuntu/redfin/lib/python3.10/site-packages/airflow/example_dags/example_task_group_decorator.py
[2023-12-03T23:49:14.264+0000] {processor.py:839} INFO - DAG(s) dict_keys(['example_task_group_decorator']) retrieved from /home/ubuntu/redfin/lib/python3.10/site-packages/airflow/example_dags/example_task_group_decorator.py
[2023-12-03T23:49:14.287+0000] {logging_mixin.py:154} INFO - [2023-12-03T23:49:14.286+0000] {dag.py:2941} INFO - Sync 1 DAGs
[2023-12-03T23:49:14.308+0000] {logging_mixin.py:154} INFO - [2023-12-03T23:49:14.308+0000] {dag.py:3722} INFO - Setting next_dagrun for example_task_group_decorator to 2023-12-02T23:49:14.308023+00:00, run_after=2023-12-03T23:49:14.308023+00:00
[2023-12-03T23:49:14.333+0000] {processor.py:179} INFO - Processing /home/ubuntu/redfin/lib/python3.10/site-packages/airflow/example_dags/example_task_group_decorator.py took 0.092 seconds
[2023-12-03T23:49:50.306+0000] {processor.py:157} INFO - Started process (PID=6965) to work on /home/ubuntu/redfin/lib/python3.10/site-packages/airflow/example_dags/example_task_group_decorator.py
[2023-12-03T23:49:50.308+0000] {processor.py:829} INFO - Processing file /home/ubuntu/redfin/lib/python3.10/site-packages/airflow/example_dags/example_task_group_decorator.py for tasks to queue
[2023-12-03T23:49:50.308+0000] {logging_mixin.py:154} INFO - [2023-12-03T23:49:50.308+0000] {dagbag.py:536} INFO - Filling up the DagBag from /home/ubuntu/redfin/lib/python3.10/site-packages/airflow/example_dags/example_task_group_decorator.py
[2023-12-03T23:49:50.326+0000] {processor.py:839} INFO - DAG(s) dict_keys(['example_task_group_decorator']) retrieved from /home/ubuntu/redfin/lib/python3.10/site-packages/airflow/example_dags/example_task_group_decorator.py
[2023-12-03T23:49:50.347+0000] {logging_mixin.py:154} INFO - [2023-12-03T23:49:50.347+0000] {dag.py:2941} INFO - Sync 1 DAGs
[2023-12-03T23:49:50.368+0000] {logging_mixin.py:154} INFO - [2023-12-03T23:49:50.368+0000] {dag.py:3722} INFO - Setting next_dagrun for example_task_group_decorator to 2023-12-02T23:49:50.367978+00:00, run_after=2023-12-03T23:49:50.367978+00:00
[2023-12-03T23:49:50.394+0000] {processor.py:179} INFO - Processing /home/ubuntu/redfin/lib/python3.10/site-packages/airflow/example_dags/example_task_group_decorator.py took 0.091 seconds
[2023-12-03T23:50:37.101+0000] {processor.py:157} INFO - Started process (PID=7019) to work on /home/ubuntu/redfin/lib/python3.10/site-packages/airflow/example_dags/example_task_group_decorator.py
[2023-12-03T23:50:37.102+0000] {processor.py:829} INFO - Processing file /home/ubuntu/redfin/lib/python3.10/site-packages/airflow/example_dags/example_task_group_decorator.py for tasks to queue
[2023-12-03T23:50:37.103+0000] {logging_mixin.py:154} INFO - [2023-12-03T23:50:37.103+0000] {dagbag.py:536} INFO - Filling up the DagBag from /home/ubuntu/redfin/lib/python3.10/site-packages/airflow/example_dags/example_task_group_decorator.py
[2023-12-03T23:50:37.121+0000] {processor.py:839} INFO - DAG(s) dict_keys(['example_task_group_decorator']) retrieved from /home/ubuntu/redfin/lib/python3.10/site-packages/airflow/example_dags/example_task_group_decorator.py
[2023-12-03T23:50:37.142+0000] {logging_mixin.py:154} INFO - [2023-12-03T23:50:37.142+0000] {dag.py:2941} INFO - Sync 1 DAGs
[2023-12-03T23:50:37.163+0000] {logging_mixin.py:154} INFO - [2023-12-03T23:50:37.163+0000] {dag.py:3722} INFO - Setting next_dagrun for example_task_group_decorator to 2023-12-02T23:50:37.162963+00:00, run_after=2023-12-03T23:50:37.162963+00:00
[2023-12-03T23:50:37.186+0000] {processor.py:179} INFO - Processing /home/ubuntu/redfin/lib/python3.10/site-packages/airflow/example_dags/example_task_group_decorator.py took 0.089 seconds
[2023-12-03T23:51:23.511+0000] {processor.py:157} INFO - Started process (PID=7070) to work on /home/ubuntu/redfin/lib/python3.10/site-packages/airflow/example_dags/example_task_group_decorator.py
[2023-12-03T23:51:23.513+0000] {processor.py:829} INFO - Processing file /home/ubuntu/redfin/lib/python3.10/site-packages/airflow/example_dags/example_task_group_decorator.py for tasks to queue
[2023-12-03T23:51:23.513+0000] {logging_mixin.py:154} INFO - [2023-12-03T23:51:23.513+0000] {dagbag.py:536} INFO - Filling up the DagBag from /home/ubuntu/redfin/lib/python3.10/site-packages/airflow/example_dags/example_task_group_decorator.py
[2023-12-03T23:51:23.531+0000] {processor.py:839} INFO - DAG(s) dict_keys(['example_task_group_decorator']) retrieved from /home/ubuntu/redfin/lib/python3.10/site-packages/airflow/example_dags/example_task_group_decorator.py
[2023-12-03T23:51:23.552+0000] {logging_mixin.py:154} INFO - [2023-12-03T23:51:23.552+0000] {dag.py:2941} INFO - Sync 1 DAGs
[2023-12-03T23:51:23.572+0000] {logging_mixin.py:154} INFO - [2023-12-03T23:51:23.572+0000] {dag.py:3722} INFO - Setting next_dagrun for example_task_group_decorator to 2023-12-02T23:51:23.572410+00:00, run_after=2023-12-03T23:51:23.572410+00:00
[2023-12-03T23:51:23.595+0000] {processor.py:179} INFO - Processing /home/ubuntu/redfin/lib/python3.10/site-packages/airflow/example_dags/example_task_group_decorator.py took 0.088 seconds
[2023-12-03T23:52:14.470+0000] {processor.py:157} INFO - Started process (PID=7125) to work on /home/ubuntu/redfin/lib/python3.10/site-packages/airflow/example_dags/example_task_group_decorator.py
[2023-12-03T23:52:14.471+0000] {processor.py:829} INFO - Processing file /home/ubuntu/redfin/lib/python3.10/site-packages/airflow/example_dags/example_task_group_decorator.py for tasks to queue
[2023-12-03T23:52:14.472+0000] {logging_mixin.py:154} INFO - [2023-12-03T23:52:14.472+0000] {dagbag.py:536} INFO - Filling up the DagBag from /home/ubuntu/redfin/lib/python3.10/site-packages/airflow/example_dags/example_task_group_decorator.py
[2023-12-03T23:52:14.489+0000] {processor.py:839} INFO - DAG(s) dict_keys(['example_task_group_decorator']) retrieved from /home/ubuntu/redfin/lib/python3.10/site-packages/airflow/example_dags/example_task_group_decorator.py
[2023-12-03T23:52:14.511+0000] {logging_mixin.py:154} INFO - [2023-12-03T23:52:14.511+0000] {dag.py:2941} INFO - Sync 1 DAGs
[2023-12-03T23:52:14.532+0000] {logging_mixin.py:154} INFO - [2023-12-03T23:52:14.532+0000] {dag.py:3722} INFO - Setting next_dagrun for example_task_group_decorator to 2023-12-02T23:52:14.532110+00:00, run_after=2023-12-03T23:52:14.532110+00:00
[2023-12-03T23:52:14.555+0000] {processor.py:179} INFO - Processing /home/ubuntu/redfin/lib/python3.10/site-packages/airflow/example_dags/example_task_group_decorator.py took 0.089 seconds
[2023-12-03T23:53:02.767+0000] {processor.py:157} INFO - Started process (PID=7177) to work on /home/ubuntu/redfin/lib/python3.10/site-packages/airflow/example_dags/example_task_group_decorator.py
[2023-12-03T23:53:02.768+0000] {processor.py:829} INFO - Processing file /home/ubuntu/redfin/lib/python3.10/site-packages/airflow/example_dags/example_task_group_decorator.py for tasks to queue
[2023-12-03T23:53:02.769+0000] {logging_mixin.py:154} INFO - [2023-12-03T23:53:02.769+0000] {dagbag.py:536} INFO - Filling up the DagBag from /home/ubuntu/redfin/lib/python3.10/site-packages/airflow/example_dags/example_task_group_decorator.py
[2023-12-03T23:53:02.787+0000] {processor.py:839} INFO - DAG(s) dict_keys(['example_task_group_decorator']) retrieved from /home/ubuntu/redfin/lib/python3.10/site-packages/airflow/example_dags/example_task_group_decorator.py
[2023-12-03T23:53:02.809+0000] {logging_mixin.py:154} INFO - [2023-12-03T23:53:02.809+0000] {dag.py:2941} INFO - Sync 1 DAGs
[2023-12-03T23:53:02.831+0000] {logging_mixin.py:154} INFO - [2023-12-03T23:53:02.830+0000] {dag.py:3722} INFO - Setting next_dagrun for example_task_group_decorator to 2023-12-02T23:53:02.830528+00:00, run_after=2023-12-03T23:53:02.830528+00:00
[2023-12-03T23:53:02.855+0000] {processor.py:179} INFO - Processing /home/ubuntu/redfin/lib/python3.10/site-packages/airflow/example_dags/example_task_group_decorator.py took 0.092 seconds
[2023-12-03T23:53:50.930+0000] {processor.py:157} INFO - Started process (PID=7233) to work on /home/ubuntu/redfin/lib/python3.10/site-packages/airflow/example_dags/example_task_group_decorator.py
[2023-12-03T23:53:50.931+0000] {processor.py:829} INFO - Processing file /home/ubuntu/redfin/lib/python3.10/site-packages/airflow/example_dags/example_task_group_decorator.py for tasks to queue
[2023-12-03T23:53:50.932+0000] {logging_mixin.py:154} INFO - [2023-12-03T23:53:50.932+0000] {dagbag.py:536} INFO - Filling up the DagBag from /home/ubuntu/redfin/lib/python3.10/site-packages/airflow/example_dags/example_task_group_decorator.py
[2023-12-03T23:53:50.949+0000] {processor.py:839} INFO - DAG(s) dict_keys(['example_task_group_decorator']) retrieved from /home/ubuntu/redfin/lib/python3.10/site-packages/airflow/example_dags/example_task_group_decorator.py
[2023-12-03T23:53:50.970+0000] {logging_mixin.py:154} INFO - [2023-12-03T23:53:50.970+0000] {dag.py:2941} INFO - Sync 1 DAGs
[2023-12-03T23:53:50.991+0000] {logging_mixin.py:154} INFO - [2023-12-03T23:53:50.991+0000] {dag.py:3722} INFO - Setting next_dagrun for example_task_group_decorator to 2023-12-02T23:53:50.991027+00:00, run_after=2023-12-03T23:53:50.991027+00:00
[2023-12-03T23:53:51.017+0000] {processor.py:179} INFO - Processing /home/ubuntu/redfin/lib/python3.10/site-packages/airflow/example_dags/example_task_group_decorator.py took 0.091 seconds
[2023-12-03T23:54:38.657+0000] {processor.py:157} INFO - Started process (PID=7284) to work on /home/ubuntu/redfin/lib/python3.10/site-packages/airflow/example_dags/example_task_group_decorator.py
[2023-12-03T23:54:38.659+0000] {processor.py:829} INFO - Processing file /home/ubuntu/redfin/lib/python3.10/site-packages/airflow/example_dags/example_task_group_decorator.py for tasks to queue
[2023-12-03T23:54:38.660+0000] {logging_mixin.py:154} INFO - [2023-12-03T23:54:38.659+0000] {dagbag.py:536} INFO - Filling up the DagBag from /home/ubuntu/redfin/lib/python3.10/site-packages/airflow/example_dags/example_task_group_decorator.py
[2023-12-03T23:54:38.678+0000] {processor.py:839} INFO - DAG(s) dict_keys(['example_task_group_decorator']) retrieved from /home/ubuntu/redfin/lib/python3.10/site-packages/airflow/example_dags/example_task_group_decorator.py
[2023-12-03T23:54:38.700+0000] {logging_mixin.py:154} INFO - [2023-12-03T23:54:38.700+0000] {dag.py:2941} INFO - Sync 1 DAGs
[2023-12-03T23:54:38.722+0000] {logging_mixin.py:154} INFO - [2023-12-03T23:54:38.722+0000] {dag.py:3722} INFO - Setting next_dagrun for example_task_group_decorator to 2023-12-02T23:54:38.721982+00:00, run_after=2023-12-03T23:54:38.721982+00:00
[2023-12-03T23:54:38.748+0000] {processor.py:179} INFO - Processing /home/ubuntu/redfin/lib/python3.10/site-packages/airflow/example_dags/example_task_group_decorator.py took 0.094 seconds
[2023-12-03T23:55:26.496+0000] {processor.py:157} INFO - Started process (PID=7338) to work on /home/ubuntu/redfin/lib/python3.10/site-packages/airflow/example_dags/example_task_group_decorator.py
[2023-12-03T23:55:26.498+0000] {processor.py:829} INFO - Processing file /home/ubuntu/redfin/lib/python3.10/site-packages/airflow/example_dags/example_task_group_decorator.py for tasks to queue
[2023-12-03T23:55:26.499+0000] {logging_mixin.py:154} INFO - [2023-12-03T23:55:26.498+0000] {dagbag.py:536} INFO - Filling up the DagBag from /home/ubuntu/redfin/lib/python3.10/site-packages/airflow/example_dags/example_task_group_decorator.py
[2023-12-03T23:55:26.517+0000] {processor.py:839} INFO - DAG(s) dict_keys(['example_task_group_decorator']) retrieved from /home/ubuntu/redfin/lib/python3.10/site-packages/airflow/example_dags/example_task_group_decorator.py
[2023-12-03T23:55:26.539+0000] {logging_mixin.py:154} INFO - [2023-12-03T23:55:26.538+0000] {dag.py:2941} INFO - Sync 1 DAGs
[2023-12-03T23:55:26.560+0000] {logging_mixin.py:154} INFO - [2023-12-03T23:55:26.560+0000] {dag.py:3722} INFO - Setting next_dagrun for example_task_group_decorator to 2023-12-02T23:55:26.559876+00:00, run_after=2023-12-03T23:55:26.559876+00:00
[2023-12-03T23:55:26.582+0000] {processor.py:179} INFO - Processing /home/ubuntu/redfin/lib/python3.10/site-packages/airflow/example_dags/example_task_group_decorator.py took 0.090 seconds
[2023-12-03T23:56:14.221+0000] {processor.py:157} INFO - Started process (PID=7389) to work on /home/ubuntu/redfin/lib/python3.10/site-packages/airflow/example_dags/example_task_group_decorator.py
[2023-12-03T23:56:14.223+0000] {processor.py:829} INFO - Processing file /home/ubuntu/redfin/lib/python3.10/site-packages/airflow/example_dags/example_task_group_decorator.py for tasks to queue
[2023-12-03T23:56:14.224+0000] {logging_mixin.py:154} INFO - [2023-12-03T23:56:14.223+0000] {dagbag.py:536} INFO - Filling up the DagBag from /home/ubuntu/redfin/lib/python3.10/site-packages/airflow/example_dags/example_task_group_decorator.py
[2023-12-03T23:56:14.242+0000] {processor.py:839} INFO - DAG(s) dict_keys(['example_task_group_decorator']) retrieved from /home/ubuntu/redfin/lib/python3.10/site-packages/airflow/example_dags/example_task_group_decorator.py
[2023-12-03T23:56:14.265+0000] {logging_mixin.py:154} INFO - [2023-12-03T23:56:14.265+0000] {dag.py:2941} INFO - Sync 1 DAGs
[2023-12-03T23:56:14.288+0000] {logging_mixin.py:154} INFO - [2023-12-03T23:56:14.288+0000] {dag.py:3722} INFO - Setting next_dagrun for example_task_group_decorator to 2023-12-02T23:56:14.288313+00:00, run_after=2023-12-03T23:56:14.288313+00:00
[2023-12-03T23:56:14.313+0000] {processor.py:179} INFO - Processing /home/ubuntu/redfin/lib/python3.10/site-packages/airflow/example_dags/example_task_group_decorator.py took 0.095 seconds
[2023-12-03T23:57:04.445+0000] {processor.py:157} INFO - Started process (PID=7445) to work on /home/ubuntu/redfin/lib/python3.10/site-packages/airflow/example_dags/example_task_group_decorator.py
[2023-12-03T23:57:04.447+0000] {processor.py:829} INFO - Processing file /home/ubuntu/redfin/lib/python3.10/site-packages/airflow/example_dags/example_task_group_decorator.py for tasks to queue
[2023-12-03T23:57:04.448+0000] {logging_mixin.py:154} INFO - [2023-12-03T23:57:04.447+0000] {dagbag.py:536} INFO - Filling up the DagBag from /home/ubuntu/redfin/lib/python3.10/site-packages/airflow/example_dags/example_task_group_decorator.py
[2023-12-03T23:57:04.465+0000] {processor.py:839} INFO - DAG(s) dict_keys(['example_task_group_decorator']) retrieved from /home/ubuntu/redfin/lib/python3.10/site-packages/airflow/example_dags/example_task_group_decorator.py
[2023-12-03T23:57:04.487+0000] {logging_mixin.py:154} INFO - [2023-12-03T23:57:04.487+0000] {dag.py:2941} INFO - Sync 1 DAGs
[2023-12-03T23:57:04.508+0000] {logging_mixin.py:154} INFO - [2023-12-03T23:57:04.508+0000] {dag.py:3722} INFO - Setting next_dagrun for example_task_group_decorator to 2023-12-02T23:57:04.507765+00:00, run_after=2023-12-03T23:57:04.507765+00:00
[2023-12-03T23:57:04.530+0000] {processor.py:179} INFO - Processing /home/ubuntu/redfin/lib/python3.10/site-packages/airflow/example_dags/example_task_group_decorator.py took 0.089 seconds
[2023-12-03T23:57:47.471+0000] {processor.py:157} INFO - Started process (PID=7494) to work on /home/ubuntu/redfin/lib/python3.10/site-packages/airflow/example_dags/example_task_group_decorator.py
[2023-12-03T23:57:47.473+0000] {processor.py:829} INFO - Processing file /home/ubuntu/redfin/lib/python3.10/site-packages/airflow/example_dags/example_task_group_decorator.py for tasks to queue
[2023-12-03T23:57:47.474+0000] {logging_mixin.py:154} INFO - [2023-12-03T23:57:47.473+0000] {dagbag.py:536} INFO - Filling up the DagBag from /home/ubuntu/redfin/lib/python3.10/site-packages/airflow/example_dags/example_task_group_decorator.py
[2023-12-03T23:57:47.491+0000] {processor.py:839} INFO - DAG(s) dict_keys(['example_task_group_decorator']) retrieved from /home/ubuntu/redfin/lib/python3.10/site-packages/airflow/example_dags/example_task_group_decorator.py
[2023-12-03T23:57:47.513+0000] {logging_mixin.py:154} INFO - [2023-12-03T23:57:47.513+0000] {dag.py:2941} INFO - Sync 1 DAGs
[2023-12-03T23:57:47.534+0000] {logging_mixin.py:154} INFO - [2023-12-03T23:57:47.533+0000] {dag.py:3722} INFO - Setting next_dagrun for example_task_group_decorator to 2023-12-02T23:57:47.533532+00:00, run_after=2023-12-03T23:57:47.533532+00:00
[2023-12-03T23:57:47.560+0000] {processor.py:179} INFO - Processing /home/ubuntu/redfin/lib/python3.10/site-packages/airflow/example_dags/example_task_group_decorator.py took 0.092 seconds
[2023-12-03T23:58:30.236+0000] {processor.py:157} INFO - Started process (PID=7541) to work on /home/ubuntu/redfin/lib/python3.10/site-packages/airflow/example_dags/example_task_group_decorator.py
[2023-12-03T23:58:30.237+0000] {processor.py:829} INFO - Processing file /home/ubuntu/redfin/lib/python3.10/site-packages/airflow/example_dags/example_task_group_decorator.py for tasks to queue
[2023-12-03T23:58:30.238+0000] {logging_mixin.py:154} INFO - [2023-12-03T23:58:30.238+0000] {dagbag.py:536} INFO - Filling up the DagBag from /home/ubuntu/redfin/lib/python3.10/site-packages/airflow/example_dags/example_task_group_decorator.py
[2023-12-03T23:58:30.256+0000] {processor.py:839} INFO - DAG(s) dict_keys(['example_task_group_decorator']) retrieved from /home/ubuntu/redfin/lib/python3.10/site-packages/airflow/example_dags/example_task_group_decorator.py
[2023-12-03T23:58:30.278+0000] {logging_mixin.py:154} INFO - [2023-12-03T23:58:30.278+0000] {dag.py:2941} INFO - Sync 1 DAGs
[2023-12-03T23:58:30.299+0000] {logging_mixin.py:154} INFO - [2023-12-03T23:58:30.299+0000] {dag.py:3722} INFO - Setting next_dagrun for example_task_group_decorator to 2023-12-02T23:58:30.298883+00:00, run_after=2023-12-03T23:58:30.298883+00:00
[2023-12-03T23:58:30.323+0000] {processor.py:179} INFO - Processing /home/ubuntu/redfin/lib/python3.10/site-packages/airflow/example_dags/example_task_group_decorator.py took 0.091 seconds
[2023-12-03T23:59:18.467+0000] {processor.py:157} INFO - Started process (PID=7597) to work on /home/ubuntu/redfin/lib/python3.10/site-packages/airflow/example_dags/example_task_group_decorator.py
[2023-12-03T23:59:18.469+0000] {processor.py:829} INFO - Processing file /home/ubuntu/redfin/lib/python3.10/site-packages/airflow/example_dags/example_task_group_decorator.py for tasks to queue
[2023-12-03T23:59:18.470+0000] {logging_mixin.py:154} INFO - [2023-12-03T23:59:18.470+0000] {dagbag.py:536} INFO - Filling up the DagBag from /home/ubuntu/redfin/lib/python3.10/site-packages/airflow/example_dags/example_task_group_decorator.py
[2023-12-03T23:59:18.488+0000] {processor.py:839} INFO - DAG(s) dict_keys(['example_task_group_decorator']) retrieved from /home/ubuntu/redfin/lib/python3.10/site-packages/airflow/example_dags/example_task_group_decorator.py
[2023-12-03T23:59:18.511+0000] {logging_mixin.py:154} INFO - [2023-12-03T23:59:18.511+0000] {dag.py:2941} INFO - Sync 1 DAGs
[2023-12-03T23:59:18.533+0000] {logging_mixin.py:154} INFO - [2023-12-03T23:59:18.533+0000] {dag.py:3722} INFO - Setting next_dagrun for example_task_group_decorator to 2023-12-02T23:59:18.533368+00:00, run_after=2023-12-03T23:59:18.533368+00:00
[2023-12-03T23:59:18.557+0000] {processor.py:179} INFO - Processing /home/ubuntu/redfin/lib/python3.10/site-packages/airflow/example_dags/example_task_group_decorator.py took 0.093 seconds
