[2023-12-03T23:08:02.210+0000] {processor.py:157} INFO - Started process (PID=3764) to work on /home/ubuntu/redfin/lib/python3.10/site-packages/airflow/example_dags/example_nested_branch_dag.py
[2023-12-03T23:08:02.211+0000] {processor.py:829} INFO - Processing file /home/ubuntu/redfin/lib/python3.10/site-packages/airflow/example_dags/example_nested_branch_dag.py for tasks to queue
[2023-12-03T23:08:02.212+0000] {logging_mixin.py:154} INFO - [2023-12-03T23:08:02.212+0000] {dagbag.py:536} INFO - Filling up the DagBag from /home/ubuntu/redfin/lib/python3.10/site-packages/airflow/example_dags/example_nested_branch_dag.py
[2023-12-03T23:08:02.224+0000] {processor.py:839} INFO - DAG(s) dict_keys(['example_nested_branch_dag']) retrieved from /home/ubuntu/redfin/lib/python3.10/site-packages/airflow/example_dags/example_nested_branch_dag.py
[2023-12-03T23:08:02.342+0000] {logging_mixin.py:154} INFO - [2023-12-03T23:08:02.341+0000] {manager.py:499} INFO - Created Permission View: %s
[2023-12-03T23:08:02.355+0000] {logging_mixin.py:154} INFO - [2023-12-03T23:08:02.354+0000] {manager.py:499} INFO - Created Permission View: %s
[2023-12-03T23:08:02.363+0000] {logging_mixin.py:154} INFO - [2023-12-03T23:08:02.363+0000] {manager.py:499} INFO - Created Permission View: %s
[2023-12-03T23:08:02.364+0000] {logging_mixin.py:154} INFO - [2023-12-03T23:08:02.364+0000] {dag.py:2941} INFO - Sync 1 DAGs
[2023-12-03T23:08:02.376+0000] {logging_mixin.py:154} INFO - [2023-12-03T23:08:02.375+0000] {dag.py:2963} INFO - Creating ORM DAG for example_nested_branch_dag
[2023-12-03T23:08:02.389+0000] {logging_mixin.py:154} INFO - [2023-12-03T23:08:02.388+0000] {dag.py:3722} INFO - Setting next_dagrun for example_nested_branch_dag to 2023-12-02T00:00:00+00:00, run_after=2023-12-03T00:00:00+00:00
[2023-12-03T23:08:02.414+0000] {processor.py:179} INFO - Processing /home/ubuntu/redfin/lib/python3.10/site-packages/airflow/example_dags/example_nested_branch_dag.py took 0.207 seconds
[2023-12-03T23:08:52.248+0000] {processor.py:157} INFO - Started process (PID=3813) to work on /home/ubuntu/redfin/lib/python3.10/site-packages/airflow/example_dags/example_nested_branch_dag.py
[2023-12-03T23:08:52.249+0000] {processor.py:829} INFO - Processing file /home/ubuntu/redfin/lib/python3.10/site-packages/airflow/example_dags/example_nested_branch_dag.py for tasks to queue
[2023-12-03T23:08:52.250+0000] {logging_mixin.py:154} INFO - [2023-12-03T23:08:52.250+0000] {dagbag.py:536} INFO - Filling up the DagBag from /home/ubuntu/redfin/lib/python3.10/site-packages/airflow/example_dags/example_nested_branch_dag.py
[2023-12-03T23:08:52.262+0000] {processor.py:839} INFO - DAG(s) dict_keys(['example_nested_branch_dag']) retrieved from /home/ubuntu/redfin/lib/python3.10/site-packages/airflow/example_dags/example_nested_branch_dag.py
[2023-12-03T23:08:52.284+0000] {logging_mixin.py:154} INFO - [2023-12-03T23:08:52.284+0000] {dag.py:2941} INFO - Sync 1 DAGs
[2023-12-03T23:08:52.309+0000] {logging_mixin.py:154} INFO - [2023-12-03T23:08:52.309+0000] {dag.py:3722} INFO - Setting next_dagrun for example_nested_branch_dag to 2023-12-02T00:00:00+00:00, run_after=2023-12-03T00:00:00+00:00
[2023-12-03T23:08:52.334+0000] {processor.py:179} INFO - Processing /home/ubuntu/redfin/lib/python3.10/site-packages/airflow/example_dags/example_nested_branch_dag.py took 0.089 seconds
[2023-12-03T23:09:37.788+0000] {processor.py:157} INFO - Started process (PID=3862) to work on /home/ubuntu/redfin/lib/python3.10/site-packages/airflow/example_dags/example_nested_branch_dag.py
[2023-12-03T23:09:37.789+0000] {processor.py:829} INFO - Processing file /home/ubuntu/redfin/lib/python3.10/site-packages/airflow/example_dags/example_nested_branch_dag.py for tasks to queue
[2023-12-03T23:09:37.790+0000] {logging_mixin.py:154} INFO - [2023-12-03T23:09:37.789+0000] {dagbag.py:536} INFO - Filling up the DagBag from /home/ubuntu/redfin/lib/python3.10/site-packages/airflow/example_dags/example_nested_branch_dag.py
[2023-12-03T23:09:37.801+0000] {processor.py:839} INFO - DAG(s) dict_keys(['example_nested_branch_dag']) retrieved from /home/ubuntu/redfin/lib/python3.10/site-packages/airflow/example_dags/example_nested_branch_dag.py
[2023-12-03T23:09:37.820+0000] {logging_mixin.py:154} INFO - [2023-12-03T23:09:37.820+0000] {dag.py:2941} INFO - Sync 1 DAGs
[2023-12-03T23:09:37.843+0000] {logging_mixin.py:154} INFO - [2023-12-03T23:09:37.843+0000] {dag.py:3722} INFO - Setting next_dagrun for example_nested_branch_dag to 2023-12-02T00:00:00+00:00, run_after=2023-12-03T00:00:00+00:00
[2023-12-03T23:09:37.866+0000] {processor.py:179} INFO - Processing /home/ubuntu/redfin/lib/python3.10/site-packages/airflow/example_dags/example_nested_branch_dag.py took 0.082 seconds
[2023-12-03T23:10:25.565+0000] {processor.py:157} INFO - Started process (PID=3913) to work on /home/ubuntu/redfin/lib/python3.10/site-packages/airflow/example_dags/example_nested_branch_dag.py
[2023-12-03T23:10:25.567+0000] {processor.py:829} INFO - Processing file /home/ubuntu/redfin/lib/python3.10/site-packages/airflow/example_dags/example_nested_branch_dag.py for tasks to queue
[2023-12-03T23:10:25.568+0000] {logging_mixin.py:154} INFO - [2023-12-03T23:10:25.567+0000] {dagbag.py:536} INFO - Filling up the DagBag from /home/ubuntu/redfin/lib/python3.10/site-packages/airflow/example_dags/example_nested_branch_dag.py
[2023-12-03T23:10:25.579+0000] {processor.py:839} INFO - DAG(s) dict_keys(['example_nested_branch_dag']) retrieved from /home/ubuntu/redfin/lib/python3.10/site-packages/airflow/example_dags/example_nested_branch_dag.py
[2023-12-03T23:10:25.598+0000] {logging_mixin.py:154} INFO - [2023-12-03T23:10:25.598+0000] {dag.py:2941} INFO - Sync 1 DAGs
[2023-12-03T23:10:25.621+0000] {logging_mixin.py:154} INFO - [2023-12-03T23:10:25.621+0000] {dag.py:3722} INFO - Setting next_dagrun for example_nested_branch_dag to 2023-12-02T00:00:00+00:00, run_after=2023-12-03T00:00:00+00:00
[2023-12-03T23:10:25.643+0000] {processor.py:179} INFO - Processing /home/ubuntu/redfin/lib/python3.10/site-packages/airflow/example_dags/example_nested_branch_dag.py took 0.081 seconds
[2023-12-03T23:11:10.472+0000] {processor.py:157} INFO - Started process (PID=3962) to work on /home/ubuntu/redfin/lib/python3.10/site-packages/airflow/example_dags/example_nested_branch_dag.py
[2023-12-03T23:11:10.473+0000] {processor.py:829} INFO - Processing file /home/ubuntu/redfin/lib/python3.10/site-packages/airflow/example_dags/example_nested_branch_dag.py for tasks to queue
[2023-12-03T23:11:10.474+0000] {logging_mixin.py:154} INFO - [2023-12-03T23:11:10.474+0000] {dagbag.py:536} INFO - Filling up the DagBag from /home/ubuntu/redfin/lib/python3.10/site-packages/airflow/example_dags/example_nested_branch_dag.py
[2023-12-03T23:11:10.486+0000] {processor.py:839} INFO - DAG(s) dict_keys(['example_nested_branch_dag']) retrieved from /home/ubuntu/redfin/lib/python3.10/site-packages/airflow/example_dags/example_nested_branch_dag.py
[2023-12-03T23:11:10.506+0000] {logging_mixin.py:154} INFO - [2023-12-03T23:11:10.506+0000] {dag.py:2941} INFO - Sync 1 DAGs
[2023-12-03T23:11:10.530+0000] {logging_mixin.py:154} INFO - [2023-12-03T23:11:10.530+0000] {dag.py:3722} INFO - Setting next_dagrun for example_nested_branch_dag to 2023-12-02T00:00:00+00:00, run_after=2023-12-03T00:00:00+00:00
[2023-12-03T23:11:10.555+0000] {processor.py:179} INFO - Processing /home/ubuntu/redfin/lib/python3.10/site-packages/airflow/example_dags/example_nested_branch_dag.py took 0.087 seconds
[2023-12-03T23:11:58.276+0000] {processor.py:157} INFO - Started process (PID=4017) to work on /home/ubuntu/redfin/lib/python3.10/site-packages/airflow/example_dags/example_nested_branch_dag.py
[2023-12-03T23:11:58.277+0000] {processor.py:829} INFO - Processing file /home/ubuntu/redfin/lib/python3.10/site-packages/airflow/example_dags/example_nested_branch_dag.py for tasks to queue
[2023-12-03T23:11:58.278+0000] {logging_mixin.py:154} INFO - [2023-12-03T23:11:58.277+0000] {dagbag.py:536} INFO - Filling up the DagBag from /home/ubuntu/redfin/lib/python3.10/site-packages/airflow/example_dags/example_nested_branch_dag.py
[2023-12-03T23:11:58.289+0000] {processor.py:839} INFO - DAG(s) dict_keys(['example_nested_branch_dag']) retrieved from /home/ubuntu/redfin/lib/python3.10/site-packages/airflow/example_dags/example_nested_branch_dag.py
[2023-12-03T23:11:58.310+0000] {logging_mixin.py:154} INFO - [2023-12-03T23:11:58.310+0000] {dag.py:2941} INFO - Sync 1 DAGs
[2023-12-03T23:11:58.334+0000] {logging_mixin.py:154} INFO - [2023-12-03T23:11:58.334+0000] {dag.py:3722} INFO - Setting next_dagrun for example_nested_branch_dag to 2023-12-02T00:00:00+00:00, run_after=2023-12-03T00:00:00+00:00
[2023-12-03T23:11:58.356+0000] {processor.py:179} INFO - Processing /home/ubuntu/redfin/lib/python3.10/site-packages/airflow/example_dags/example_nested_branch_dag.py took 0.084 seconds
[2023-12-03T23:12:42.196+0000] {processor.py:157} INFO - Started process (PID=4066) to work on /home/ubuntu/redfin/lib/python3.10/site-packages/airflow/example_dags/example_nested_branch_dag.py
[2023-12-03T23:12:42.197+0000] {processor.py:829} INFO - Processing file /home/ubuntu/redfin/lib/python3.10/site-packages/airflow/example_dags/example_nested_branch_dag.py for tasks to queue
[2023-12-03T23:12:42.198+0000] {logging_mixin.py:154} INFO - [2023-12-03T23:12:42.198+0000] {dagbag.py:536} INFO - Filling up the DagBag from /home/ubuntu/redfin/lib/python3.10/site-packages/airflow/example_dags/example_nested_branch_dag.py
[2023-12-03T23:12:42.210+0000] {processor.py:839} INFO - DAG(s) dict_keys(['example_nested_branch_dag']) retrieved from /home/ubuntu/redfin/lib/python3.10/site-packages/airflow/example_dags/example_nested_branch_dag.py
[2023-12-03T23:12:42.229+0000] {logging_mixin.py:154} INFO - [2023-12-03T23:12:42.229+0000] {dag.py:2941} INFO - Sync 1 DAGs
[2023-12-03T23:12:42.252+0000] {logging_mixin.py:154} INFO - [2023-12-03T23:12:42.252+0000] {dag.py:3722} INFO - Setting next_dagrun for example_nested_branch_dag to 2023-12-02T00:00:00+00:00, run_after=2023-12-03T00:00:00+00:00
[2023-12-03T23:12:42.275+0000] {processor.py:179} INFO - Processing /home/ubuntu/redfin/lib/python3.10/site-packages/airflow/example_dags/example_nested_branch_dag.py took 0.083 seconds
[2023-12-03T23:13:29.875+0000] {processor.py:157} INFO - Started process (PID=4117) to work on /home/ubuntu/redfin/lib/python3.10/site-packages/airflow/example_dags/example_nested_branch_dag.py
[2023-12-03T23:13:29.877+0000] {processor.py:829} INFO - Processing file /home/ubuntu/redfin/lib/python3.10/site-packages/airflow/example_dags/example_nested_branch_dag.py for tasks to queue
[2023-12-03T23:13:29.877+0000] {logging_mixin.py:154} INFO - [2023-12-03T23:13:29.877+0000] {dagbag.py:536} INFO - Filling up the DagBag from /home/ubuntu/redfin/lib/python3.10/site-packages/airflow/example_dags/example_nested_branch_dag.py
[2023-12-03T23:13:29.890+0000] {processor.py:839} INFO - DAG(s) dict_keys(['example_nested_branch_dag']) retrieved from /home/ubuntu/redfin/lib/python3.10/site-packages/airflow/example_dags/example_nested_branch_dag.py
[2023-12-03T23:13:29.910+0000] {logging_mixin.py:154} INFO - [2023-12-03T23:13:29.910+0000] {dag.py:2941} INFO - Sync 1 DAGs
[2023-12-03T23:13:29.933+0000] {logging_mixin.py:154} INFO - [2023-12-03T23:13:29.933+0000] {dag.py:3722} INFO - Setting next_dagrun for example_nested_branch_dag to 2023-12-02T00:00:00+00:00, run_after=2023-12-03T00:00:00+00:00
[2023-12-03T23:13:29.957+0000] {processor.py:179} INFO - Processing /home/ubuntu/redfin/lib/python3.10/site-packages/airflow/example_dags/example_nested_branch_dag.py took 0.086 seconds
[2023-12-03T23:14:14.358+0000] {processor.py:157} INFO - Started process (PID=4166) to work on /home/ubuntu/redfin/lib/python3.10/site-packages/airflow/example_dags/example_nested_branch_dag.py
[2023-12-03T23:14:14.359+0000] {processor.py:829} INFO - Processing file /home/ubuntu/redfin/lib/python3.10/site-packages/airflow/example_dags/example_nested_branch_dag.py for tasks to queue
[2023-12-03T23:14:14.360+0000] {logging_mixin.py:154} INFO - [2023-12-03T23:14:14.360+0000] {dagbag.py:536} INFO - Filling up the DagBag from /home/ubuntu/redfin/lib/python3.10/site-packages/airflow/example_dags/example_nested_branch_dag.py
[2023-12-03T23:14:14.371+0000] {processor.py:839} INFO - DAG(s) dict_keys(['example_nested_branch_dag']) retrieved from /home/ubuntu/redfin/lib/python3.10/site-packages/airflow/example_dags/example_nested_branch_dag.py
[2023-12-03T23:14:14.392+0000] {logging_mixin.py:154} INFO - [2023-12-03T23:14:14.392+0000] {dag.py:2941} INFO - Sync 1 DAGs
[2023-12-03T23:14:14.416+0000] {logging_mixin.py:154} INFO - [2023-12-03T23:14:14.416+0000] {dag.py:3722} INFO - Setting next_dagrun for example_nested_branch_dag to 2023-12-02T00:00:00+00:00, run_after=2023-12-03T00:00:00+00:00
[2023-12-03T23:14:14.442+0000] {processor.py:179} INFO - Processing /home/ubuntu/redfin/lib/python3.10/site-packages/airflow/example_dags/example_nested_branch_dag.py took 0.088 seconds
[2023-12-03T23:15:03.626+0000] {processor.py:157} INFO - Started process (PID=4218) to work on /home/ubuntu/redfin/lib/python3.10/site-packages/airflow/example_dags/example_nested_branch_dag.py
[2023-12-03T23:15:03.628+0000] {processor.py:829} INFO - Processing file /home/ubuntu/redfin/lib/python3.10/site-packages/airflow/example_dags/example_nested_branch_dag.py for tasks to queue
[2023-12-03T23:15:03.629+0000] {logging_mixin.py:154} INFO - [2023-12-03T23:15:03.628+0000] {dagbag.py:536} INFO - Filling up the DagBag from /home/ubuntu/redfin/lib/python3.10/site-packages/airflow/example_dags/example_nested_branch_dag.py
[2023-12-03T23:15:03.641+0000] {processor.py:839} INFO - DAG(s) dict_keys(['example_nested_branch_dag']) retrieved from /home/ubuntu/redfin/lib/python3.10/site-packages/airflow/example_dags/example_nested_branch_dag.py
[2023-12-03T23:15:03.662+0000] {logging_mixin.py:154} INFO - [2023-12-03T23:15:03.661+0000] {dag.py:2941} INFO - Sync 1 DAGs
[2023-12-03T23:15:03.685+0000] {logging_mixin.py:154} INFO - [2023-12-03T23:15:03.685+0000] {dag.py:3722} INFO - Setting next_dagrun for example_nested_branch_dag to 2023-12-02T00:00:00+00:00, run_after=2023-12-03T00:00:00+00:00
[2023-12-03T23:15:03.708+0000] {processor.py:179} INFO - Processing /home/ubuntu/redfin/lib/python3.10/site-packages/airflow/example_dags/example_nested_branch_dag.py took 0.085 seconds
[2023-12-03T23:15:53.304+0000] {processor.py:157} INFO - Started process (PID=4274) to work on /home/ubuntu/redfin/lib/python3.10/site-packages/airflow/example_dags/example_nested_branch_dag.py
[2023-12-03T23:15:53.305+0000] {processor.py:829} INFO - Processing file /home/ubuntu/redfin/lib/python3.10/site-packages/airflow/example_dags/example_nested_branch_dag.py for tasks to queue
[2023-12-03T23:15:53.306+0000] {logging_mixin.py:154} INFO - [2023-12-03T23:15:53.306+0000] {dagbag.py:536} INFO - Filling up the DagBag from /home/ubuntu/redfin/lib/python3.10/site-packages/airflow/example_dags/example_nested_branch_dag.py
[2023-12-03T23:15:53.318+0000] {processor.py:839} INFO - DAG(s) dict_keys(['example_nested_branch_dag']) retrieved from /home/ubuntu/redfin/lib/python3.10/site-packages/airflow/example_dags/example_nested_branch_dag.py
[2023-12-03T23:15:53.338+0000] {logging_mixin.py:154} INFO - [2023-12-03T23:15:53.338+0000] {dag.py:2941} INFO - Sync 1 DAGs
[2023-12-03T23:15:53.361+0000] {logging_mixin.py:154} INFO - [2023-12-03T23:15:53.361+0000] {dag.py:3722} INFO - Setting next_dagrun for example_nested_branch_dag to 2023-12-02T00:00:00+00:00, run_after=2023-12-03T00:00:00+00:00
[2023-12-03T23:15:53.384+0000] {processor.py:179} INFO - Processing /home/ubuntu/redfin/lib/python3.10/site-packages/airflow/example_dags/example_nested_branch_dag.py took 0.084 seconds
[2023-12-03T23:16:40.121+0000] {processor.py:157} INFO - Started process (PID=4325) to work on /home/ubuntu/redfin/lib/python3.10/site-packages/airflow/example_dags/example_nested_branch_dag.py
[2023-12-03T23:16:40.122+0000] {processor.py:829} INFO - Processing file /home/ubuntu/redfin/lib/python3.10/site-packages/airflow/example_dags/example_nested_branch_dag.py for tasks to queue
[2023-12-03T23:16:40.123+0000] {logging_mixin.py:154} INFO - [2023-12-03T23:16:40.123+0000] {dagbag.py:536} INFO - Filling up the DagBag from /home/ubuntu/redfin/lib/python3.10/site-packages/airflow/example_dags/example_nested_branch_dag.py
[2023-12-03T23:16:40.135+0000] {processor.py:839} INFO - DAG(s) dict_keys(['example_nested_branch_dag']) retrieved from /home/ubuntu/redfin/lib/python3.10/site-packages/airflow/example_dags/example_nested_branch_dag.py
[2023-12-03T23:16:40.155+0000] {logging_mixin.py:154} INFO - [2023-12-03T23:16:40.155+0000] {dag.py:2941} INFO - Sync 1 DAGs
[2023-12-03T23:16:40.177+0000] {logging_mixin.py:154} INFO - [2023-12-03T23:16:40.177+0000] {dag.py:3722} INFO - Setting next_dagrun for example_nested_branch_dag to 2023-12-02T00:00:00+00:00, run_after=2023-12-03T00:00:00+00:00
[2023-12-03T23:16:40.200+0000] {processor.py:179} INFO - Processing /home/ubuntu/redfin/lib/python3.10/site-packages/airflow/example_dags/example_nested_branch_dag.py took 0.082 seconds
[2023-12-03T23:17:27.425+0000] {processor.py:157} INFO - Started process (PID=4382) to work on /home/ubuntu/redfin/lib/python3.10/site-packages/airflow/example_dags/example_nested_branch_dag.py
[2023-12-03T23:17:27.426+0000] {processor.py:829} INFO - Processing file /home/ubuntu/redfin/lib/python3.10/site-packages/airflow/example_dags/example_nested_branch_dag.py for tasks to queue
[2023-12-03T23:17:27.427+0000] {logging_mixin.py:154} INFO - [2023-12-03T23:17:27.427+0000] {dagbag.py:536} INFO - Filling up the DagBag from /home/ubuntu/redfin/lib/python3.10/site-packages/airflow/example_dags/example_nested_branch_dag.py
[2023-12-03T23:17:27.439+0000] {processor.py:839} INFO - DAG(s) dict_keys(['example_nested_branch_dag']) retrieved from /home/ubuntu/redfin/lib/python3.10/site-packages/airflow/example_dags/example_nested_branch_dag.py
[2023-12-03T23:17:27.459+0000] {logging_mixin.py:154} INFO - [2023-12-03T23:17:27.459+0000] {dag.py:2941} INFO - Sync 1 DAGs
[2023-12-03T23:17:27.484+0000] {logging_mixin.py:154} INFO - [2023-12-03T23:17:27.484+0000] {dag.py:3722} INFO - Setting next_dagrun for example_nested_branch_dag to 2023-12-02T00:00:00+00:00, run_after=2023-12-03T00:00:00+00:00
[2023-12-03T23:17:27.506+0000] {processor.py:179} INFO - Processing /home/ubuntu/redfin/lib/python3.10/site-packages/airflow/example_dags/example_nested_branch_dag.py took 0.085 seconds
[2023-12-03T23:18:11.816+0000] {processor.py:157} INFO - Started process (PID=4431) to work on /home/ubuntu/redfin/lib/python3.10/site-packages/airflow/example_dags/example_nested_branch_dag.py
[2023-12-03T23:18:11.818+0000] {processor.py:829} INFO - Processing file /home/ubuntu/redfin/lib/python3.10/site-packages/airflow/example_dags/example_nested_branch_dag.py for tasks to queue
[2023-12-03T23:18:11.818+0000] {logging_mixin.py:154} INFO - [2023-12-03T23:18:11.818+0000] {dagbag.py:536} INFO - Filling up the DagBag from /home/ubuntu/redfin/lib/python3.10/site-packages/airflow/example_dags/example_nested_branch_dag.py
[2023-12-03T23:18:11.830+0000] {processor.py:839} INFO - DAG(s) dict_keys(['example_nested_branch_dag']) retrieved from /home/ubuntu/redfin/lib/python3.10/site-packages/airflow/example_dags/example_nested_branch_dag.py
[2023-12-03T23:18:11.849+0000] {logging_mixin.py:154} INFO - [2023-12-03T23:18:11.849+0000] {dag.py:2941} INFO - Sync 1 DAGs
[2023-12-03T23:18:11.872+0000] {logging_mixin.py:154} INFO - [2023-12-03T23:18:11.872+0000] {dag.py:3722} INFO - Setting next_dagrun for example_nested_branch_dag to 2023-12-02T00:00:00+00:00, run_after=2023-12-03T00:00:00+00:00
[2023-12-03T23:18:11.894+0000] {processor.py:179} INFO - Processing /home/ubuntu/redfin/lib/python3.10/site-packages/airflow/example_dags/example_nested_branch_dag.py took 0.081 seconds
[2023-12-03T23:18:56.605+0000] {processor.py:157} INFO - Started process (PID=4482) to work on /home/ubuntu/redfin/lib/python3.10/site-packages/airflow/example_dags/example_nested_branch_dag.py
[2023-12-03T23:18:56.606+0000] {processor.py:829} INFO - Processing file /home/ubuntu/redfin/lib/python3.10/site-packages/airflow/example_dags/example_nested_branch_dag.py for tasks to queue
[2023-12-03T23:18:56.607+0000] {logging_mixin.py:154} INFO - [2023-12-03T23:18:56.607+0000] {dagbag.py:536} INFO - Filling up the DagBag from /home/ubuntu/redfin/lib/python3.10/site-packages/airflow/example_dags/example_nested_branch_dag.py
[2023-12-03T23:18:56.619+0000] {processor.py:839} INFO - DAG(s) dict_keys(['example_nested_branch_dag']) retrieved from /home/ubuntu/redfin/lib/python3.10/site-packages/airflow/example_dags/example_nested_branch_dag.py
[2023-12-03T23:18:56.639+0000] {logging_mixin.py:154} INFO - [2023-12-03T23:18:56.638+0000] {dag.py:2941} INFO - Sync 1 DAGs
[2023-12-03T23:18:56.661+0000] {logging_mixin.py:154} INFO - [2023-12-03T23:18:56.660+0000] {dag.py:3722} INFO - Setting next_dagrun for example_nested_branch_dag to 2023-12-02T00:00:00+00:00, run_after=2023-12-03T00:00:00+00:00
[2023-12-03T23:18:56.683+0000] {processor.py:179} INFO - Processing /home/ubuntu/redfin/lib/python3.10/site-packages/airflow/example_dags/example_nested_branch_dag.py took 0.082 seconds
[2023-12-03T23:19:39.404+0000] {processor.py:157} INFO - Started process (PID=4529) to work on /home/ubuntu/redfin/lib/python3.10/site-packages/airflow/example_dags/example_nested_branch_dag.py
[2023-12-03T23:19:39.405+0000] {processor.py:829} INFO - Processing file /home/ubuntu/redfin/lib/python3.10/site-packages/airflow/example_dags/example_nested_branch_dag.py for tasks to queue
[2023-12-03T23:19:39.406+0000] {logging_mixin.py:154} INFO - [2023-12-03T23:19:39.406+0000] {dagbag.py:536} INFO - Filling up the DagBag from /home/ubuntu/redfin/lib/python3.10/site-packages/airflow/example_dags/example_nested_branch_dag.py
[2023-12-03T23:19:39.418+0000] {processor.py:839} INFO - DAG(s) dict_keys(['example_nested_branch_dag']) retrieved from /home/ubuntu/redfin/lib/python3.10/site-packages/airflow/example_dags/example_nested_branch_dag.py
[2023-12-03T23:19:39.436+0000] {logging_mixin.py:154} INFO - [2023-12-03T23:19:39.436+0000] {dag.py:2941} INFO - Sync 1 DAGs
[2023-12-03T23:19:39.458+0000] {logging_mixin.py:154} INFO - [2023-12-03T23:19:39.458+0000] {dag.py:3722} INFO - Setting next_dagrun for example_nested_branch_dag to 2023-12-02T00:00:00+00:00, run_after=2023-12-03T00:00:00+00:00
[2023-12-03T23:19:39.489+0000] {processor.py:179} INFO - Processing /home/ubuntu/redfin/lib/python3.10/site-packages/airflow/example_dags/example_nested_branch_dag.py took 0.089 seconds
[2023-12-03T23:20:23.956+0000] {processor.py:157} INFO - Started process (PID=4578) to work on /home/ubuntu/redfin/lib/python3.10/site-packages/airflow/example_dags/example_nested_branch_dag.py
[2023-12-03T23:20:23.958+0000] {processor.py:829} INFO - Processing file /home/ubuntu/redfin/lib/python3.10/site-packages/airflow/example_dags/example_nested_branch_dag.py for tasks to queue
[2023-12-03T23:20:23.959+0000] {logging_mixin.py:154} INFO - [2023-12-03T23:20:23.958+0000] {dagbag.py:536} INFO - Filling up the DagBag from /home/ubuntu/redfin/lib/python3.10/site-packages/airflow/example_dags/example_nested_branch_dag.py
[2023-12-03T23:20:23.970+0000] {processor.py:839} INFO - DAG(s) dict_keys(['example_nested_branch_dag']) retrieved from /home/ubuntu/redfin/lib/python3.10/site-packages/airflow/example_dags/example_nested_branch_dag.py
[2023-12-03T23:20:23.989+0000] {logging_mixin.py:154} INFO - [2023-12-03T23:20:23.989+0000] {dag.py:2941} INFO - Sync 1 DAGs
[2023-12-03T23:20:24.012+0000] {logging_mixin.py:154} INFO - [2023-12-03T23:20:24.011+0000] {dag.py:3722} INFO - Setting next_dagrun for example_nested_branch_dag to 2023-12-02T00:00:00+00:00, run_after=2023-12-03T00:00:00+00:00
[2023-12-03T23:20:24.034+0000] {processor.py:179} INFO - Processing /home/ubuntu/redfin/lib/python3.10/site-packages/airflow/example_dags/example_nested_branch_dag.py took 0.081 seconds
[2023-12-03T23:21:07.093+0000] {processor.py:157} INFO - Started process (PID=4625) to work on /home/ubuntu/redfin/lib/python3.10/site-packages/airflow/example_dags/example_nested_branch_dag.py
[2023-12-03T23:21:07.094+0000] {processor.py:829} INFO - Processing file /home/ubuntu/redfin/lib/python3.10/site-packages/airflow/example_dags/example_nested_branch_dag.py for tasks to queue
[2023-12-03T23:21:07.095+0000] {logging_mixin.py:154} INFO - [2023-12-03T23:21:07.094+0000] {dagbag.py:536} INFO - Filling up the DagBag from /home/ubuntu/redfin/lib/python3.10/site-packages/airflow/example_dags/example_nested_branch_dag.py
[2023-12-03T23:21:07.107+0000] {processor.py:839} INFO - DAG(s) dict_keys(['example_nested_branch_dag']) retrieved from /home/ubuntu/redfin/lib/python3.10/site-packages/airflow/example_dags/example_nested_branch_dag.py
[2023-12-03T23:21:07.127+0000] {logging_mixin.py:154} INFO - [2023-12-03T23:21:07.127+0000] {dag.py:2941} INFO - Sync 1 DAGs
[2023-12-03T23:21:07.150+0000] {logging_mixin.py:154} INFO - [2023-12-03T23:21:07.150+0000] {dag.py:3722} INFO - Setting next_dagrun for example_nested_branch_dag to 2023-12-02T00:00:00+00:00, run_after=2023-12-03T00:00:00+00:00
[2023-12-03T23:21:07.172+0000] {processor.py:179} INFO - Processing /home/ubuntu/redfin/lib/python3.10/site-packages/airflow/example_dags/example_nested_branch_dag.py took 0.084 seconds
[2023-12-03T23:21:57.196+0000] {processor.py:157} INFO - Started process (PID=4680) to work on /home/ubuntu/redfin/lib/python3.10/site-packages/airflow/example_dags/example_nested_branch_dag.py
[2023-12-03T23:21:57.197+0000] {processor.py:829} INFO - Processing file /home/ubuntu/redfin/lib/python3.10/site-packages/airflow/example_dags/example_nested_branch_dag.py for tasks to queue
[2023-12-03T23:21:57.198+0000] {logging_mixin.py:154} INFO - [2023-12-03T23:21:57.198+0000] {dagbag.py:536} INFO - Filling up the DagBag from /home/ubuntu/redfin/lib/python3.10/site-packages/airflow/example_dags/example_nested_branch_dag.py
[2023-12-03T23:21:57.210+0000] {processor.py:839} INFO - DAG(s) dict_keys(['example_nested_branch_dag']) retrieved from /home/ubuntu/redfin/lib/python3.10/site-packages/airflow/example_dags/example_nested_branch_dag.py
[2023-12-03T23:21:57.230+0000] {logging_mixin.py:154} INFO - [2023-12-03T23:21:57.230+0000] {dag.py:2941} INFO - Sync 1 DAGs
[2023-12-03T23:21:57.253+0000] {logging_mixin.py:154} INFO - [2023-12-03T23:21:57.252+0000] {dag.py:3722} INFO - Setting next_dagrun for example_nested_branch_dag to 2023-12-02T00:00:00+00:00, run_after=2023-12-03T00:00:00+00:00
[2023-12-03T23:21:57.276+0000] {processor.py:179} INFO - Processing /home/ubuntu/redfin/lib/python3.10/site-packages/airflow/example_dags/example_nested_branch_dag.py took 0.084 seconds
[2023-12-03T23:22:44.542+0000] {processor.py:157} INFO - Started process (PID=4733) to work on /home/ubuntu/redfin/lib/python3.10/site-packages/airflow/example_dags/example_nested_branch_dag.py
[2023-12-03T23:22:44.544+0000] {processor.py:829} INFO - Processing file /home/ubuntu/redfin/lib/python3.10/site-packages/airflow/example_dags/example_nested_branch_dag.py for tasks to queue
[2023-12-03T23:22:44.545+0000] {logging_mixin.py:154} INFO - [2023-12-03T23:22:44.544+0000] {dagbag.py:536} INFO - Filling up the DagBag from /home/ubuntu/redfin/lib/python3.10/site-packages/airflow/example_dags/example_nested_branch_dag.py
[2023-12-03T23:22:44.556+0000] {processor.py:839} INFO - DAG(s) dict_keys(['example_nested_branch_dag']) retrieved from /home/ubuntu/redfin/lib/python3.10/site-packages/airflow/example_dags/example_nested_branch_dag.py
[2023-12-03T23:22:44.575+0000] {logging_mixin.py:154} INFO - [2023-12-03T23:22:44.575+0000] {dag.py:2941} INFO - Sync 1 DAGs
[2023-12-03T23:22:44.599+0000] {logging_mixin.py:154} INFO - [2023-12-03T23:22:44.598+0000] {dag.py:3722} INFO - Setting next_dagrun for example_nested_branch_dag to 2023-12-02T00:00:00+00:00, run_after=2023-12-03T00:00:00+00:00
[2023-12-03T23:22:44.621+0000] {processor.py:179} INFO - Processing /home/ubuntu/redfin/lib/python3.10/site-packages/airflow/example_dags/example_nested_branch_dag.py took 0.083 seconds
[2023-12-03T23:23:29.980+0000] {processor.py:157} INFO - Started process (PID=4783) to work on /home/ubuntu/redfin/lib/python3.10/site-packages/airflow/example_dags/example_nested_branch_dag.py
[2023-12-03T23:23:29.981+0000] {processor.py:829} INFO - Processing file /home/ubuntu/redfin/lib/python3.10/site-packages/airflow/example_dags/example_nested_branch_dag.py for tasks to queue
[2023-12-03T23:23:29.982+0000] {logging_mixin.py:154} INFO - [2023-12-03T23:23:29.982+0000] {dagbag.py:536} INFO - Filling up the DagBag from /home/ubuntu/redfin/lib/python3.10/site-packages/airflow/example_dags/example_nested_branch_dag.py
[2023-12-03T23:23:29.993+0000] {processor.py:839} INFO - DAG(s) dict_keys(['example_nested_branch_dag']) retrieved from /home/ubuntu/redfin/lib/python3.10/site-packages/airflow/example_dags/example_nested_branch_dag.py
[2023-12-03T23:23:30.012+0000] {logging_mixin.py:154} INFO - [2023-12-03T23:23:30.012+0000] {dag.py:2941} INFO - Sync 1 DAGs
[2023-12-03T23:23:30.035+0000] {logging_mixin.py:154} INFO - [2023-12-03T23:23:30.035+0000] {dag.py:3722} INFO - Setting next_dagrun for example_nested_branch_dag to 2023-12-02T00:00:00+00:00, run_after=2023-12-03T00:00:00+00:00
[2023-12-03T23:23:30.058+0000] {processor.py:179} INFO - Processing /home/ubuntu/redfin/lib/python3.10/site-packages/airflow/example_dags/example_nested_branch_dag.py took 0.082 seconds
[2023-12-03T23:24:18.111+0000] {processor.py:157} INFO - Started process (PID=4837) to work on /home/ubuntu/redfin/lib/python3.10/site-packages/airflow/example_dags/example_nested_branch_dag.py
[2023-12-03T23:24:18.113+0000] {processor.py:829} INFO - Processing file /home/ubuntu/redfin/lib/python3.10/site-packages/airflow/example_dags/example_nested_branch_dag.py for tasks to queue
[2023-12-03T23:24:18.113+0000] {logging_mixin.py:154} INFO - [2023-12-03T23:24:18.113+0000] {dagbag.py:536} INFO - Filling up the DagBag from /home/ubuntu/redfin/lib/python3.10/site-packages/airflow/example_dags/example_nested_branch_dag.py
[2023-12-03T23:24:18.125+0000] {processor.py:839} INFO - DAG(s) dict_keys(['example_nested_branch_dag']) retrieved from /home/ubuntu/redfin/lib/python3.10/site-packages/airflow/example_dags/example_nested_branch_dag.py
[2023-12-03T23:24:18.144+0000] {logging_mixin.py:154} INFO - [2023-12-03T23:24:18.144+0000] {dag.py:2941} INFO - Sync 1 DAGs
[2023-12-03T23:24:18.168+0000] {logging_mixin.py:154} INFO - [2023-12-03T23:24:18.168+0000] {dag.py:3722} INFO - Setting next_dagrun for example_nested_branch_dag to 2023-12-02T00:00:00+00:00, run_after=2023-12-03T00:00:00+00:00
[2023-12-03T23:24:18.190+0000] {processor.py:179} INFO - Processing /home/ubuntu/redfin/lib/python3.10/site-packages/airflow/example_dags/example_nested_branch_dag.py took 0.082 seconds
[2023-12-03T23:25:05.617+0000] {processor.py:157} INFO - Started process (PID=4887) to work on /home/ubuntu/redfin/lib/python3.10/site-packages/airflow/example_dags/example_nested_branch_dag.py
[2023-12-03T23:25:05.619+0000] {processor.py:829} INFO - Processing file /home/ubuntu/redfin/lib/python3.10/site-packages/airflow/example_dags/example_nested_branch_dag.py for tasks to queue
[2023-12-03T23:25:05.620+0000] {logging_mixin.py:154} INFO - [2023-12-03T23:25:05.619+0000] {dagbag.py:536} INFO - Filling up the DagBag from /home/ubuntu/redfin/lib/python3.10/site-packages/airflow/example_dags/example_nested_branch_dag.py
[2023-12-03T23:25:05.631+0000] {processor.py:839} INFO - DAG(s) dict_keys(['example_nested_branch_dag']) retrieved from /home/ubuntu/redfin/lib/python3.10/site-packages/airflow/example_dags/example_nested_branch_dag.py
[2023-12-03T23:25:05.651+0000] {logging_mixin.py:154} INFO - [2023-12-03T23:25:05.651+0000] {dag.py:2941} INFO - Sync 1 DAGs
[2023-12-03T23:25:05.674+0000] {logging_mixin.py:154} INFO - [2023-12-03T23:25:05.674+0000] {dag.py:3722} INFO - Setting next_dagrun for example_nested_branch_dag to 2023-12-02T00:00:00+00:00, run_after=2023-12-03T00:00:00+00:00
[2023-12-03T23:25:05.697+0000] {processor.py:179} INFO - Processing /home/ubuntu/redfin/lib/python3.10/site-packages/airflow/example_dags/example_nested_branch_dag.py took 0.083 seconds
[2023-12-03T23:25:53.915+0000] {processor.py:157} INFO - Started process (PID=4942) to work on /home/ubuntu/redfin/lib/python3.10/site-packages/airflow/example_dags/example_nested_branch_dag.py
[2023-12-03T23:25:53.917+0000] {processor.py:829} INFO - Processing file /home/ubuntu/redfin/lib/python3.10/site-packages/airflow/example_dags/example_nested_branch_dag.py for tasks to queue
[2023-12-03T23:25:53.918+0000] {logging_mixin.py:154} INFO - [2023-12-03T23:25:53.917+0000] {dagbag.py:536} INFO - Filling up the DagBag from /home/ubuntu/redfin/lib/python3.10/site-packages/airflow/example_dags/example_nested_branch_dag.py
[2023-12-03T23:25:53.929+0000] {processor.py:839} INFO - DAG(s) dict_keys(['example_nested_branch_dag']) retrieved from /home/ubuntu/redfin/lib/python3.10/site-packages/airflow/example_dags/example_nested_branch_dag.py
[2023-12-03T23:25:53.949+0000] {logging_mixin.py:154} INFO - [2023-12-03T23:25:53.949+0000] {dag.py:2941} INFO - Sync 1 DAGs
[2023-12-03T23:25:53.972+0000] {logging_mixin.py:154} INFO - [2023-12-03T23:25:53.972+0000] {dag.py:3722} INFO - Setting next_dagrun for example_nested_branch_dag to 2023-12-02T00:00:00+00:00, run_after=2023-12-03T00:00:00+00:00
[2023-12-03T23:25:53.995+0000] {processor.py:179} INFO - Processing /home/ubuntu/redfin/lib/python3.10/site-packages/airflow/example_dags/example_nested_branch_dag.py took 0.083 seconds
[2023-12-03T23:26:41.833+0000] {processor.py:157} INFO - Started process (PID=4994) to work on /home/ubuntu/redfin/lib/python3.10/site-packages/airflow/example_dags/example_nested_branch_dag.py
[2023-12-03T23:26:41.836+0000] {processor.py:829} INFO - Processing file /home/ubuntu/redfin/lib/python3.10/site-packages/airflow/example_dags/example_nested_branch_dag.py for tasks to queue
[2023-12-03T23:26:41.837+0000] {logging_mixin.py:154} INFO - [2023-12-03T23:26:41.837+0000] {dagbag.py:536} INFO - Filling up the DagBag from /home/ubuntu/redfin/lib/python3.10/site-packages/airflow/example_dags/example_nested_branch_dag.py
[2023-12-03T23:26:41.848+0000] {processor.py:839} INFO - DAG(s) dict_keys(['example_nested_branch_dag']) retrieved from /home/ubuntu/redfin/lib/python3.10/site-packages/airflow/example_dags/example_nested_branch_dag.py
[2023-12-03T23:26:41.867+0000] {logging_mixin.py:154} INFO - [2023-12-03T23:26:41.867+0000] {dag.py:2941} INFO - Sync 1 DAGs
[2023-12-03T23:26:41.889+0000] {logging_mixin.py:154} INFO - [2023-12-03T23:26:41.889+0000] {dag.py:3722} INFO - Setting next_dagrun for example_nested_branch_dag to 2023-12-02T00:00:00+00:00, run_after=2023-12-03T00:00:00+00:00
[2023-12-03T23:26:41.913+0000] {processor.py:179} INFO - Processing /home/ubuntu/redfin/lib/python3.10/site-packages/airflow/example_dags/example_nested_branch_dag.py took 0.083 seconds
[2023-12-03T23:27:24.334+0000] {processor.py:157} INFO - Started process (PID=5043) to work on /home/ubuntu/redfin/lib/python3.10/site-packages/airflow/example_dags/example_nested_branch_dag.py
[2023-12-03T23:27:24.335+0000] {processor.py:829} INFO - Processing file /home/ubuntu/redfin/lib/python3.10/site-packages/airflow/example_dags/example_nested_branch_dag.py for tasks to queue
[2023-12-03T23:27:24.336+0000] {logging_mixin.py:154} INFO - [2023-12-03T23:27:24.336+0000] {dagbag.py:536} INFO - Filling up the DagBag from /home/ubuntu/redfin/lib/python3.10/site-packages/airflow/example_dags/example_nested_branch_dag.py
[2023-12-03T23:27:24.347+0000] {processor.py:839} INFO - DAG(s) dict_keys(['example_nested_branch_dag']) retrieved from /home/ubuntu/redfin/lib/python3.10/site-packages/airflow/example_dags/example_nested_branch_dag.py
[2023-12-03T23:27:24.367+0000] {logging_mixin.py:154} INFO - [2023-12-03T23:27:24.367+0000] {dag.py:2941} INFO - Sync 1 DAGs
[2023-12-03T23:27:24.389+0000] {logging_mixin.py:154} INFO - [2023-12-03T23:27:24.388+0000] {dag.py:3722} INFO - Setting next_dagrun for example_nested_branch_dag to 2023-12-02T00:00:00+00:00, run_after=2023-12-03T00:00:00+00:00
[2023-12-03T23:27:24.413+0000] {processor.py:179} INFO - Processing /home/ubuntu/redfin/lib/python3.10/site-packages/airflow/example_dags/example_nested_branch_dag.py took 0.083 seconds
[2023-12-03T23:28:06.858+0000] {processor.py:157} INFO - Started process (PID=5090) to work on /home/ubuntu/redfin/lib/python3.10/site-packages/airflow/example_dags/example_nested_branch_dag.py
[2023-12-03T23:28:06.859+0000] {processor.py:829} INFO - Processing file /home/ubuntu/redfin/lib/python3.10/site-packages/airflow/example_dags/example_nested_branch_dag.py for tasks to queue
[2023-12-03T23:28:06.860+0000] {logging_mixin.py:154} INFO - [2023-12-03T23:28:06.860+0000] {dagbag.py:536} INFO - Filling up the DagBag from /home/ubuntu/redfin/lib/python3.10/site-packages/airflow/example_dags/example_nested_branch_dag.py
[2023-12-03T23:28:06.871+0000] {processor.py:839} INFO - DAG(s) dict_keys(['example_nested_branch_dag']) retrieved from /home/ubuntu/redfin/lib/python3.10/site-packages/airflow/example_dags/example_nested_branch_dag.py
[2023-12-03T23:28:06.891+0000] {logging_mixin.py:154} INFO - [2023-12-03T23:28:06.891+0000] {dag.py:2941} INFO - Sync 1 DAGs
[2023-12-03T23:28:06.914+0000] {logging_mixin.py:154} INFO - [2023-12-03T23:28:06.913+0000] {dag.py:3722} INFO - Setting next_dagrun for example_nested_branch_dag to 2023-12-02T00:00:00+00:00, run_after=2023-12-03T00:00:00+00:00
[2023-12-03T23:28:06.938+0000] {processor.py:179} INFO - Processing /home/ubuntu/redfin/lib/python3.10/site-packages/airflow/example_dags/example_nested_branch_dag.py took 0.084 seconds
[2023-12-03T23:28:55.821+0000] {processor.py:157} INFO - Started process (PID=5141) to work on /home/ubuntu/redfin/lib/python3.10/site-packages/airflow/example_dags/example_nested_branch_dag.py
[2023-12-03T23:28:55.822+0000] {processor.py:829} INFO - Processing file /home/ubuntu/redfin/lib/python3.10/site-packages/airflow/example_dags/example_nested_branch_dag.py for tasks to queue
[2023-12-03T23:28:55.823+0000] {logging_mixin.py:154} INFO - [2023-12-03T23:28:55.823+0000] {dagbag.py:536} INFO - Filling up the DagBag from /home/ubuntu/redfin/lib/python3.10/site-packages/airflow/example_dags/example_nested_branch_dag.py
[2023-12-03T23:28:55.835+0000] {processor.py:839} INFO - DAG(s) dict_keys(['example_nested_branch_dag']) retrieved from /home/ubuntu/redfin/lib/python3.10/site-packages/airflow/example_dags/example_nested_branch_dag.py
[2023-12-03T23:28:55.854+0000] {logging_mixin.py:154} INFO - [2023-12-03T23:28:55.854+0000] {dag.py:2941} INFO - Sync 1 DAGs
[2023-12-03T23:28:55.877+0000] {logging_mixin.py:154} INFO - [2023-12-03T23:28:55.876+0000] {dag.py:3722} INFO - Setting next_dagrun for example_nested_branch_dag to 2023-12-02T00:00:00+00:00, run_after=2023-12-03T00:00:00+00:00
[2023-12-03T23:28:55.903+0000] {processor.py:179} INFO - Processing /home/ubuntu/redfin/lib/python3.10/site-packages/airflow/example_dags/example_nested_branch_dag.py took 0.085 seconds
[2023-12-03T23:29:43.686+0000] {processor.py:157} INFO - Started process (PID=5194) to work on /home/ubuntu/redfin/lib/python3.10/site-packages/airflow/example_dags/example_nested_branch_dag.py
[2023-12-03T23:29:43.688+0000] {processor.py:829} INFO - Processing file /home/ubuntu/redfin/lib/python3.10/site-packages/airflow/example_dags/example_nested_branch_dag.py for tasks to queue
[2023-12-03T23:29:43.689+0000] {logging_mixin.py:154} INFO - [2023-12-03T23:29:43.688+0000] {dagbag.py:536} INFO - Filling up the DagBag from /home/ubuntu/redfin/lib/python3.10/site-packages/airflow/example_dags/example_nested_branch_dag.py
[2023-12-03T23:29:43.700+0000] {processor.py:839} INFO - DAG(s) dict_keys(['example_nested_branch_dag']) retrieved from /home/ubuntu/redfin/lib/python3.10/site-packages/airflow/example_dags/example_nested_branch_dag.py
[2023-12-03T23:29:43.720+0000] {logging_mixin.py:154} INFO - [2023-12-03T23:29:43.720+0000] {dag.py:2941} INFO - Sync 1 DAGs
[2023-12-03T23:29:43.742+0000] {logging_mixin.py:154} INFO - [2023-12-03T23:29:43.742+0000] {dag.py:3722} INFO - Setting next_dagrun for example_nested_branch_dag to 2023-12-02T00:00:00+00:00, run_after=2023-12-03T00:00:00+00:00
[2023-12-03T23:29:43.765+0000] {processor.py:179} INFO - Processing /home/ubuntu/redfin/lib/python3.10/site-packages/airflow/example_dags/example_nested_branch_dag.py took 0.083 seconds
[2023-12-03T23:30:32.281+0000] {processor.py:157} INFO - Started process (PID=5248) to work on /home/ubuntu/redfin/lib/python3.10/site-packages/airflow/example_dags/example_nested_branch_dag.py
[2023-12-03T23:30:32.283+0000] {processor.py:829} INFO - Processing file /home/ubuntu/redfin/lib/python3.10/site-packages/airflow/example_dags/example_nested_branch_dag.py for tasks to queue
[2023-12-03T23:30:32.284+0000] {logging_mixin.py:154} INFO - [2023-12-03T23:30:32.283+0000] {dagbag.py:536} INFO - Filling up the DagBag from /home/ubuntu/redfin/lib/python3.10/site-packages/airflow/example_dags/example_nested_branch_dag.py
[2023-12-03T23:30:32.295+0000] {processor.py:839} INFO - DAG(s) dict_keys(['example_nested_branch_dag']) retrieved from /home/ubuntu/redfin/lib/python3.10/site-packages/airflow/example_dags/example_nested_branch_dag.py
[2023-12-03T23:30:32.315+0000] {logging_mixin.py:154} INFO - [2023-12-03T23:30:32.315+0000] {dag.py:2941} INFO - Sync 1 DAGs
[2023-12-03T23:30:32.339+0000] {logging_mixin.py:154} INFO - [2023-12-03T23:30:32.339+0000] {dag.py:3722} INFO - Setting next_dagrun for example_nested_branch_dag to 2023-12-02T00:00:00+00:00, run_after=2023-12-03T00:00:00+00:00
[2023-12-03T23:30:32.365+0000] {processor.py:179} INFO - Processing /home/ubuntu/redfin/lib/python3.10/site-packages/airflow/example_dags/example_nested_branch_dag.py took 0.088 seconds
[2023-12-03T23:31:16.944+0000] {processor.py:157} INFO - Started process (PID=5297) to work on /home/ubuntu/redfin/lib/python3.10/site-packages/airflow/example_dags/example_nested_branch_dag.py
[2023-12-03T23:31:16.945+0000] {processor.py:829} INFO - Processing file /home/ubuntu/redfin/lib/python3.10/site-packages/airflow/example_dags/example_nested_branch_dag.py for tasks to queue
[2023-12-03T23:31:16.946+0000] {logging_mixin.py:154} INFO - [2023-12-03T23:31:16.946+0000] {dagbag.py:536} INFO - Filling up the DagBag from /home/ubuntu/redfin/lib/python3.10/site-packages/airflow/example_dags/example_nested_branch_dag.py
[2023-12-03T23:31:16.958+0000] {processor.py:839} INFO - DAG(s) dict_keys(['example_nested_branch_dag']) retrieved from /home/ubuntu/redfin/lib/python3.10/site-packages/airflow/example_dags/example_nested_branch_dag.py
[2023-12-03T23:31:16.979+0000] {logging_mixin.py:154} INFO - [2023-12-03T23:31:16.978+0000] {dag.py:2941} INFO - Sync 1 DAGs
[2023-12-03T23:31:17.004+0000] {logging_mixin.py:154} INFO - [2023-12-03T23:31:17.004+0000] {dag.py:3722} INFO - Setting next_dagrun for example_nested_branch_dag to 2023-12-02T00:00:00+00:00, run_after=2023-12-03T00:00:00+00:00
[2023-12-03T23:31:17.027+0000] {processor.py:179} INFO - Processing /home/ubuntu/redfin/lib/python3.10/site-packages/airflow/example_dags/example_nested_branch_dag.py took 0.087 seconds
[2023-12-03T23:32:05.717+0000] {processor.py:157} INFO - Started process (PID=5349) to work on /home/ubuntu/redfin/lib/python3.10/site-packages/airflow/example_dags/example_nested_branch_dag.py
[2023-12-03T23:32:05.719+0000] {processor.py:829} INFO - Processing file /home/ubuntu/redfin/lib/python3.10/site-packages/airflow/example_dags/example_nested_branch_dag.py for tasks to queue
[2023-12-03T23:32:05.720+0000] {logging_mixin.py:154} INFO - [2023-12-03T23:32:05.719+0000] {dagbag.py:536} INFO - Filling up the DagBag from /home/ubuntu/redfin/lib/python3.10/site-packages/airflow/example_dags/example_nested_branch_dag.py
[2023-12-03T23:32:05.731+0000] {processor.py:839} INFO - DAG(s) dict_keys(['example_nested_branch_dag']) retrieved from /home/ubuntu/redfin/lib/python3.10/site-packages/airflow/example_dags/example_nested_branch_dag.py
[2023-12-03T23:32:05.750+0000] {logging_mixin.py:154} INFO - [2023-12-03T23:32:05.750+0000] {dag.py:2941} INFO - Sync 1 DAGs
[2023-12-03T23:32:05.773+0000] {logging_mixin.py:154} INFO - [2023-12-03T23:32:05.773+0000] {dag.py:3722} INFO - Setting next_dagrun for example_nested_branch_dag to 2023-12-02T00:00:00+00:00, run_after=2023-12-03T00:00:00+00:00
[2023-12-03T23:32:05.795+0000] {processor.py:179} INFO - Processing /home/ubuntu/redfin/lib/python3.10/site-packages/airflow/example_dags/example_nested_branch_dag.py took 0.081 seconds
[2023-12-03T23:32:49.322+0000] {processor.py:157} INFO - Started process (PID=5398) to work on /home/ubuntu/redfin/lib/python3.10/site-packages/airflow/example_dags/example_nested_branch_dag.py
[2023-12-03T23:32:49.324+0000] {processor.py:829} INFO - Processing file /home/ubuntu/redfin/lib/python3.10/site-packages/airflow/example_dags/example_nested_branch_dag.py for tasks to queue
[2023-12-03T23:32:49.325+0000] {logging_mixin.py:154} INFO - [2023-12-03T23:32:49.324+0000] {dagbag.py:536} INFO - Filling up the DagBag from /home/ubuntu/redfin/lib/python3.10/site-packages/airflow/example_dags/example_nested_branch_dag.py
[2023-12-03T23:32:49.337+0000] {processor.py:839} INFO - DAG(s) dict_keys(['example_nested_branch_dag']) retrieved from /home/ubuntu/redfin/lib/python3.10/site-packages/airflow/example_dags/example_nested_branch_dag.py
[2023-12-03T23:32:49.357+0000] {logging_mixin.py:154} INFO - [2023-12-03T23:32:49.356+0000] {dag.py:2941} INFO - Sync 1 DAGs
[2023-12-03T23:32:49.380+0000] {logging_mixin.py:154} INFO - [2023-12-03T23:32:49.380+0000] {dag.py:3722} INFO - Setting next_dagrun for example_nested_branch_dag to 2023-12-02T00:00:00+00:00, run_after=2023-12-03T00:00:00+00:00
[2023-12-03T23:32:49.403+0000] {processor.py:179} INFO - Processing /home/ubuntu/redfin/lib/python3.10/site-packages/airflow/example_dags/example_nested_branch_dag.py took 0.084 seconds
[2023-12-03T23:33:35.690+0000] {processor.py:157} INFO - Started process (PID=5447) to work on /home/ubuntu/redfin/lib/python3.10/site-packages/airflow/example_dags/example_nested_branch_dag.py
[2023-12-03T23:33:35.692+0000] {processor.py:829} INFO - Processing file /home/ubuntu/redfin/lib/python3.10/site-packages/airflow/example_dags/example_nested_branch_dag.py for tasks to queue
[2023-12-03T23:33:35.692+0000] {logging_mixin.py:154} INFO - [2023-12-03T23:33:35.692+0000] {dagbag.py:536} INFO - Filling up the DagBag from /home/ubuntu/redfin/lib/python3.10/site-packages/airflow/example_dags/example_nested_branch_dag.py
[2023-12-03T23:33:35.704+0000] {processor.py:839} INFO - DAG(s) dict_keys(['example_nested_branch_dag']) retrieved from /home/ubuntu/redfin/lib/python3.10/site-packages/airflow/example_dags/example_nested_branch_dag.py
[2023-12-03T23:33:35.723+0000] {logging_mixin.py:154} INFO - [2023-12-03T23:33:35.723+0000] {dag.py:2941} INFO - Sync 1 DAGs
[2023-12-03T23:33:35.745+0000] {logging_mixin.py:154} INFO - [2023-12-03T23:33:35.745+0000] {dag.py:3722} INFO - Setting next_dagrun for example_nested_branch_dag to 2023-12-02T00:00:00+00:00, run_after=2023-12-03T00:00:00+00:00
[2023-12-03T23:33:35.769+0000] {processor.py:179} INFO - Processing /home/ubuntu/redfin/lib/python3.10/site-packages/airflow/example_dags/example_nested_branch_dag.py took 0.082 seconds
[2023-12-03T23:34:21.761+0000] {processor.py:157} INFO - Started process (PID=5500) to work on /home/ubuntu/redfin/lib/python3.10/site-packages/airflow/example_dags/example_nested_branch_dag.py
[2023-12-03T23:34:21.762+0000] {processor.py:829} INFO - Processing file /home/ubuntu/redfin/lib/python3.10/site-packages/airflow/example_dags/example_nested_branch_dag.py for tasks to queue
[2023-12-03T23:34:21.763+0000] {logging_mixin.py:154} INFO - [2023-12-03T23:34:21.763+0000] {dagbag.py:536} INFO - Filling up the DagBag from /home/ubuntu/redfin/lib/python3.10/site-packages/airflow/example_dags/example_nested_branch_dag.py
[2023-12-03T23:34:21.775+0000] {processor.py:839} INFO - DAG(s) dict_keys(['example_nested_branch_dag']) retrieved from /home/ubuntu/redfin/lib/python3.10/site-packages/airflow/example_dags/example_nested_branch_dag.py
[2023-12-03T23:34:21.795+0000] {logging_mixin.py:154} INFO - [2023-12-03T23:34:21.795+0000] {dag.py:2941} INFO - Sync 1 DAGs
[2023-12-03T23:34:21.818+0000] {logging_mixin.py:154} INFO - [2023-12-03T23:34:21.818+0000] {dag.py:3722} INFO - Setting next_dagrun for example_nested_branch_dag to 2023-12-02T00:00:00+00:00, run_after=2023-12-03T00:00:00+00:00
[2023-12-03T23:34:21.841+0000] {processor.py:179} INFO - Processing /home/ubuntu/redfin/lib/python3.10/site-packages/airflow/example_dags/example_nested_branch_dag.py took 0.084 seconds
[2023-12-03T23:35:10.610+0000] {processor.py:157} INFO - Started process (PID=5552) to work on /home/ubuntu/redfin/lib/python3.10/site-packages/airflow/example_dags/example_nested_branch_dag.py
[2023-12-03T23:35:10.611+0000] {processor.py:829} INFO - Processing file /home/ubuntu/redfin/lib/python3.10/site-packages/airflow/example_dags/example_nested_branch_dag.py for tasks to queue
[2023-12-03T23:35:10.612+0000] {logging_mixin.py:154} INFO - [2023-12-03T23:35:10.612+0000] {dagbag.py:536} INFO - Filling up the DagBag from /home/ubuntu/redfin/lib/python3.10/site-packages/airflow/example_dags/example_nested_branch_dag.py
[2023-12-03T23:35:10.624+0000] {processor.py:839} INFO - DAG(s) dict_keys(['example_nested_branch_dag']) retrieved from /home/ubuntu/redfin/lib/python3.10/site-packages/airflow/example_dags/example_nested_branch_dag.py
[2023-12-03T23:35:10.646+0000] {logging_mixin.py:154} INFO - [2023-12-03T23:35:10.645+0000] {dag.py:2941} INFO - Sync 1 DAGs
[2023-12-03T23:35:10.669+0000] {logging_mixin.py:154} INFO - [2023-12-03T23:35:10.669+0000] {dag.py:3722} INFO - Setting next_dagrun for example_nested_branch_dag to 2023-12-02T00:00:00+00:00, run_after=2023-12-03T00:00:00+00:00
[2023-12-03T23:35:10.693+0000] {processor.py:179} INFO - Processing /home/ubuntu/redfin/lib/python3.10/site-packages/airflow/example_dags/example_nested_branch_dag.py took 0.087 seconds
[2023-12-03T23:35:59.410+0000] {processor.py:157} INFO - Started process (PID=5607) to work on /home/ubuntu/redfin/lib/python3.10/site-packages/airflow/example_dags/example_nested_branch_dag.py
[2023-12-03T23:35:59.411+0000] {processor.py:829} INFO - Processing file /home/ubuntu/redfin/lib/python3.10/site-packages/airflow/example_dags/example_nested_branch_dag.py for tasks to queue
[2023-12-03T23:35:59.412+0000] {logging_mixin.py:154} INFO - [2023-12-03T23:35:59.412+0000] {dagbag.py:536} INFO - Filling up the DagBag from /home/ubuntu/redfin/lib/python3.10/site-packages/airflow/example_dags/example_nested_branch_dag.py
[2023-12-03T23:35:59.424+0000] {processor.py:839} INFO - DAG(s) dict_keys(['example_nested_branch_dag']) retrieved from /home/ubuntu/redfin/lib/python3.10/site-packages/airflow/example_dags/example_nested_branch_dag.py
[2023-12-03T23:35:59.444+0000] {logging_mixin.py:154} INFO - [2023-12-03T23:35:59.444+0000] {dag.py:2941} INFO - Sync 1 DAGs
[2023-12-03T23:35:59.466+0000] {logging_mixin.py:154} INFO - [2023-12-03T23:35:59.466+0000] {dag.py:3722} INFO - Setting next_dagrun for example_nested_branch_dag to 2023-12-02T00:00:00+00:00, run_after=2023-12-03T00:00:00+00:00
[2023-12-03T23:35:59.489+0000] {processor.py:179} INFO - Processing /home/ubuntu/redfin/lib/python3.10/site-packages/airflow/example_dags/example_nested_branch_dag.py took 0.082 seconds
[2023-12-03T23:36:50.801+0000] {processor.py:157} INFO - Started process (PID=5661) to work on /home/ubuntu/redfin/lib/python3.10/site-packages/airflow/example_dags/example_nested_branch_dag.py
[2023-12-03T23:36:50.802+0000] {processor.py:829} INFO - Processing file /home/ubuntu/redfin/lib/python3.10/site-packages/airflow/example_dags/example_nested_branch_dag.py for tasks to queue
[2023-12-03T23:36:50.803+0000] {logging_mixin.py:154} INFO - [2023-12-03T23:36:50.803+0000] {dagbag.py:536} INFO - Filling up the DagBag from /home/ubuntu/redfin/lib/python3.10/site-packages/airflow/example_dags/example_nested_branch_dag.py
[2023-12-03T23:36:50.815+0000] {processor.py:839} INFO - DAG(s) dict_keys(['example_nested_branch_dag']) retrieved from /home/ubuntu/redfin/lib/python3.10/site-packages/airflow/example_dags/example_nested_branch_dag.py
[2023-12-03T23:36:50.835+0000] {logging_mixin.py:154} INFO - [2023-12-03T23:36:50.835+0000] {dag.py:2941} INFO - Sync 1 DAGs
[2023-12-03T23:36:50.859+0000] {logging_mixin.py:154} INFO - [2023-12-03T23:36:50.859+0000] {dag.py:3722} INFO - Setting next_dagrun for example_nested_branch_dag to 2023-12-02T00:00:00+00:00, run_after=2023-12-03T00:00:00+00:00
[2023-12-03T23:36:50.882+0000] {processor.py:179} INFO - Processing /home/ubuntu/redfin/lib/python3.10/site-packages/airflow/example_dags/example_nested_branch_dag.py took 0.084 seconds
[2023-12-03T23:37:38.092+0000] {processor.py:157} INFO - Started process (PID=5715) to work on /home/ubuntu/redfin/lib/python3.10/site-packages/airflow/example_dags/example_nested_branch_dag.py
[2023-12-03T23:37:38.094+0000] {processor.py:829} INFO - Processing file /home/ubuntu/redfin/lib/python3.10/site-packages/airflow/example_dags/example_nested_branch_dag.py for tasks to queue
[2023-12-03T23:37:38.095+0000] {logging_mixin.py:154} INFO - [2023-12-03T23:37:38.095+0000] {dagbag.py:536} INFO - Filling up the DagBag from /home/ubuntu/redfin/lib/python3.10/site-packages/airflow/example_dags/example_nested_branch_dag.py
[2023-12-03T23:37:38.107+0000] {processor.py:839} INFO - DAG(s) dict_keys(['example_nested_branch_dag']) retrieved from /home/ubuntu/redfin/lib/python3.10/site-packages/airflow/example_dags/example_nested_branch_dag.py
[2023-12-03T23:37:38.127+0000] {logging_mixin.py:154} INFO - [2023-12-03T23:37:38.127+0000] {dag.py:2941} INFO - Sync 1 DAGs
[2023-12-03T23:37:38.150+0000] {logging_mixin.py:154} INFO - [2023-12-03T23:37:38.150+0000] {dag.py:3722} INFO - Setting next_dagrun for example_nested_branch_dag to 2023-12-02T00:00:00+00:00, run_after=2023-12-03T00:00:00+00:00
[2023-12-03T23:37:38.174+0000] {processor.py:179} INFO - Processing /home/ubuntu/redfin/lib/python3.10/site-packages/airflow/example_dags/example_nested_branch_dag.py took 0.085 seconds
[2023-12-03T23:38:23.331+0000] {processor.py:157} INFO - Started process (PID=5764) to work on /home/ubuntu/redfin/lib/python3.10/site-packages/airflow/example_dags/example_nested_branch_dag.py
[2023-12-03T23:38:23.333+0000] {processor.py:829} INFO - Processing file /home/ubuntu/redfin/lib/python3.10/site-packages/airflow/example_dags/example_nested_branch_dag.py for tasks to queue
[2023-12-03T23:38:23.334+0000] {logging_mixin.py:154} INFO - [2023-12-03T23:38:23.333+0000] {dagbag.py:536} INFO - Filling up the DagBag from /home/ubuntu/redfin/lib/python3.10/site-packages/airflow/example_dags/example_nested_branch_dag.py
[2023-12-03T23:38:23.345+0000] {processor.py:839} INFO - DAG(s) dict_keys(['example_nested_branch_dag']) retrieved from /home/ubuntu/redfin/lib/python3.10/site-packages/airflow/example_dags/example_nested_branch_dag.py
[2023-12-03T23:38:23.366+0000] {logging_mixin.py:154} INFO - [2023-12-03T23:38:23.365+0000] {dag.py:2941} INFO - Sync 1 DAGs
[2023-12-03T23:38:23.390+0000] {logging_mixin.py:154} INFO - [2023-12-03T23:38:23.390+0000] {dag.py:3722} INFO - Setting next_dagrun for example_nested_branch_dag to 2023-12-02T00:00:00+00:00, run_after=2023-12-03T00:00:00+00:00
[2023-12-03T23:38:23.414+0000] {processor.py:179} INFO - Processing /home/ubuntu/redfin/lib/python3.10/site-packages/airflow/example_dags/example_nested_branch_dag.py took 0.086 seconds
[2023-12-03T23:39:10.116+0000] {processor.py:157} INFO - Started process (PID=5815) to work on /home/ubuntu/redfin/lib/python3.10/site-packages/airflow/example_dags/example_nested_branch_dag.py
[2023-12-03T23:39:10.117+0000] {processor.py:829} INFO - Processing file /home/ubuntu/redfin/lib/python3.10/site-packages/airflow/example_dags/example_nested_branch_dag.py for tasks to queue
[2023-12-03T23:39:10.118+0000] {logging_mixin.py:154} INFO - [2023-12-03T23:39:10.118+0000] {dagbag.py:536} INFO - Filling up the DagBag from /home/ubuntu/redfin/lib/python3.10/site-packages/airflow/example_dags/example_nested_branch_dag.py
[2023-12-03T23:39:10.130+0000] {processor.py:839} INFO - DAG(s) dict_keys(['example_nested_branch_dag']) retrieved from /home/ubuntu/redfin/lib/python3.10/site-packages/airflow/example_dags/example_nested_branch_dag.py
[2023-12-03T23:39:10.151+0000] {logging_mixin.py:154} INFO - [2023-12-03T23:39:10.150+0000] {dag.py:2941} INFO - Sync 1 DAGs
[2023-12-03T23:39:10.175+0000] {logging_mixin.py:154} INFO - [2023-12-03T23:39:10.174+0000] {dag.py:3722} INFO - Setting next_dagrun for example_nested_branch_dag to 2023-12-02T00:00:00+00:00, run_after=2023-12-03T00:00:00+00:00
[2023-12-03T23:39:10.206+0000] {processor.py:179} INFO - Processing /home/ubuntu/redfin/lib/python3.10/site-packages/airflow/example_dags/example_nested_branch_dag.py took 0.094 seconds
[2023-12-03T23:39:56.368+0000] {processor.py:157} INFO - Started process (PID=5865) to work on /home/ubuntu/redfin/lib/python3.10/site-packages/airflow/example_dags/example_nested_branch_dag.py
[2023-12-03T23:39:56.369+0000] {processor.py:829} INFO - Processing file /home/ubuntu/redfin/lib/python3.10/site-packages/airflow/example_dags/example_nested_branch_dag.py for tasks to queue
[2023-12-03T23:39:56.370+0000] {logging_mixin.py:154} INFO - [2023-12-03T23:39:56.370+0000] {dagbag.py:536} INFO - Filling up the DagBag from /home/ubuntu/redfin/lib/python3.10/site-packages/airflow/example_dags/example_nested_branch_dag.py
[2023-12-03T23:39:56.381+0000] {processor.py:839} INFO - DAG(s) dict_keys(['example_nested_branch_dag']) retrieved from /home/ubuntu/redfin/lib/python3.10/site-packages/airflow/example_dags/example_nested_branch_dag.py
[2023-12-03T23:39:56.401+0000] {logging_mixin.py:154} INFO - [2023-12-03T23:39:56.401+0000] {dag.py:2941} INFO - Sync 1 DAGs
[2023-12-03T23:39:56.424+0000] {logging_mixin.py:154} INFO - [2023-12-03T23:39:56.423+0000] {dag.py:3722} INFO - Setting next_dagrun for example_nested_branch_dag to 2023-12-02T00:00:00+00:00, run_after=2023-12-03T00:00:00+00:00
[2023-12-03T23:39:56.446+0000] {processor.py:179} INFO - Processing /home/ubuntu/redfin/lib/python3.10/site-packages/airflow/example_dags/example_nested_branch_dag.py took 0.082 seconds
[2023-12-03T23:40:45.177+0000] {processor.py:157} INFO - Started process (PID=5917) to work on /home/ubuntu/redfin/lib/python3.10/site-packages/airflow/example_dags/example_nested_branch_dag.py
[2023-12-03T23:40:45.178+0000] {processor.py:829} INFO - Processing file /home/ubuntu/redfin/lib/python3.10/site-packages/airflow/example_dags/example_nested_branch_dag.py for tasks to queue
[2023-12-03T23:40:45.179+0000] {logging_mixin.py:154} INFO - [2023-12-03T23:40:45.179+0000] {dagbag.py:536} INFO - Filling up the DagBag from /home/ubuntu/redfin/lib/python3.10/site-packages/airflow/example_dags/example_nested_branch_dag.py
[2023-12-03T23:40:45.191+0000] {processor.py:839} INFO - DAG(s) dict_keys(['example_nested_branch_dag']) retrieved from /home/ubuntu/redfin/lib/python3.10/site-packages/airflow/example_dags/example_nested_branch_dag.py
[2023-12-03T23:40:45.210+0000] {logging_mixin.py:154} INFO - [2023-12-03T23:40:45.210+0000] {dag.py:2941} INFO - Sync 1 DAGs
[2023-12-03T23:40:45.233+0000] {logging_mixin.py:154} INFO - [2023-12-03T23:40:45.233+0000] {dag.py:3722} INFO - Setting next_dagrun for example_nested_branch_dag to 2023-12-02T00:00:00+00:00, run_after=2023-12-03T00:00:00+00:00
[2023-12-03T23:40:45.256+0000] {processor.py:179} INFO - Processing /home/ubuntu/redfin/lib/python3.10/site-packages/airflow/example_dags/example_nested_branch_dag.py took 0.082 seconds
[2023-12-03T23:41:36.615+0000] {processor.py:157} INFO - Started process (PID=5974) to work on /home/ubuntu/redfin/lib/python3.10/site-packages/airflow/example_dags/example_nested_branch_dag.py
[2023-12-03T23:41:36.617+0000] {processor.py:829} INFO - Processing file /home/ubuntu/redfin/lib/python3.10/site-packages/airflow/example_dags/example_nested_branch_dag.py for tasks to queue
[2023-12-03T23:41:36.618+0000] {logging_mixin.py:154} INFO - [2023-12-03T23:41:36.617+0000] {dagbag.py:536} INFO - Filling up the DagBag from /home/ubuntu/redfin/lib/python3.10/site-packages/airflow/example_dags/example_nested_branch_dag.py
[2023-12-03T23:41:36.629+0000] {processor.py:839} INFO - DAG(s) dict_keys(['example_nested_branch_dag']) retrieved from /home/ubuntu/redfin/lib/python3.10/site-packages/airflow/example_dags/example_nested_branch_dag.py
[2023-12-03T23:41:36.650+0000] {logging_mixin.py:154} INFO - [2023-12-03T23:41:36.649+0000] {dag.py:2941} INFO - Sync 1 DAGs
[2023-12-03T23:41:36.674+0000] {logging_mixin.py:154} INFO - [2023-12-03T23:41:36.673+0000] {dag.py:3722} INFO - Setting next_dagrun for example_nested_branch_dag to 2023-12-02T00:00:00+00:00, run_after=2023-12-03T00:00:00+00:00
[2023-12-03T23:41:36.697+0000] {processor.py:179} INFO - Processing /home/ubuntu/redfin/lib/python3.10/site-packages/airflow/example_dags/example_nested_branch_dag.py took 0.085 seconds
[2023-12-03T23:42:20.975+0000] {processor.py:157} INFO - Started process (PID=6023) to work on /home/ubuntu/redfin/lib/python3.10/site-packages/airflow/example_dags/example_nested_branch_dag.py
[2023-12-03T23:42:20.977+0000] {processor.py:829} INFO - Processing file /home/ubuntu/redfin/lib/python3.10/site-packages/airflow/example_dags/example_nested_branch_dag.py for tasks to queue
[2023-12-03T23:42:20.978+0000] {logging_mixin.py:154} INFO - [2023-12-03T23:42:20.977+0000] {dagbag.py:536} INFO - Filling up the DagBag from /home/ubuntu/redfin/lib/python3.10/site-packages/airflow/example_dags/example_nested_branch_dag.py
[2023-12-03T23:42:20.989+0000] {processor.py:839} INFO - DAG(s) dict_keys(['example_nested_branch_dag']) retrieved from /home/ubuntu/redfin/lib/python3.10/site-packages/airflow/example_dags/example_nested_branch_dag.py
[2023-12-03T23:42:21.008+0000] {logging_mixin.py:154} INFO - [2023-12-03T23:42:21.008+0000] {dag.py:2941} INFO - Sync 1 DAGs
[2023-12-03T23:42:21.030+0000] {logging_mixin.py:154} INFO - [2023-12-03T23:42:21.030+0000] {dag.py:3722} INFO - Setting next_dagrun for example_nested_branch_dag to 2023-12-02T00:00:00+00:00, run_after=2023-12-03T00:00:00+00:00
[2023-12-03T23:42:21.051+0000] {processor.py:179} INFO - Processing /home/ubuntu/redfin/lib/python3.10/site-packages/airflow/example_dags/example_nested_branch_dag.py took 0.079 seconds
[2023-12-03T23:43:09.265+0000] {processor.py:157} INFO - Started process (PID=6075) to work on /home/ubuntu/redfin/lib/python3.10/site-packages/airflow/example_dags/example_nested_branch_dag.py
[2023-12-03T23:43:09.266+0000] {processor.py:829} INFO - Processing file /home/ubuntu/redfin/lib/python3.10/site-packages/airflow/example_dags/example_nested_branch_dag.py for tasks to queue
[2023-12-03T23:43:09.267+0000] {logging_mixin.py:154} INFO - [2023-12-03T23:43:09.267+0000] {dagbag.py:536} INFO - Filling up the DagBag from /home/ubuntu/redfin/lib/python3.10/site-packages/airflow/example_dags/example_nested_branch_dag.py
[2023-12-03T23:43:09.278+0000] {processor.py:839} INFO - DAG(s) dict_keys(['example_nested_branch_dag']) retrieved from /home/ubuntu/redfin/lib/python3.10/site-packages/airflow/example_dags/example_nested_branch_dag.py
[2023-12-03T23:43:09.298+0000] {logging_mixin.py:154} INFO - [2023-12-03T23:43:09.298+0000] {dag.py:2941} INFO - Sync 1 DAGs
[2023-12-03T23:43:09.320+0000] {logging_mixin.py:154} INFO - [2023-12-03T23:43:09.320+0000] {dag.py:3722} INFO - Setting next_dagrun for example_nested_branch_dag to 2023-12-02T00:00:00+00:00, run_after=2023-12-03T00:00:00+00:00
[2023-12-03T23:43:09.342+0000] {processor.py:179} INFO - Processing /home/ubuntu/redfin/lib/python3.10/site-packages/airflow/example_dags/example_nested_branch_dag.py took 0.081 seconds
[2023-12-03T23:43:56.705+0000] {processor.py:157} INFO - Started process (PID=6128) to work on /home/ubuntu/redfin/lib/python3.10/site-packages/airflow/example_dags/example_nested_branch_dag.py
[2023-12-03T23:43:56.706+0000] {processor.py:829} INFO - Processing file /home/ubuntu/redfin/lib/python3.10/site-packages/airflow/example_dags/example_nested_branch_dag.py for tasks to queue
[2023-12-03T23:43:56.707+0000] {logging_mixin.py:154} INFO - [2023-12-03T23:43:56.707+0000] {dagbag.py:536} INFO - Filling up the DagBag from /home/ubuntu/redfin/lib/python3.10/site-packages/airflow/example_dags/example_nested_branch_dag.py
[2023-12-03T23:43:56.719+0000] {processor.py:839} INFO - DAG(s) dict_keys(['example_nested_branch_dag']) retrieved from /home/ubuntu/redfin/lib/python3.10/site-packages/airflow/example_dags/example_nested_branch_dag.py
[2023-12-03T23:43:56.739+0000] {logging_mixin.py:154} INFO - [2023-12-03T23:43:56.738+0000] {dag.py:2941} INFO - Sync 1 DAGs
[2023-12-03T23:43:56.761+0000] {logging_mixin.py:154} INFO - [2023-12-03T23:43:56.761+0000] {dag.py:3722} INFO - Setting next_dagrun for example_nested_branch_dag to 2023-12-02T00:00:00+00:00, run_after=2023-12-03T00:00:00+00:00
[2023-12-03T23:43:56.785+0000] {processor.py:179} INFO - Processing /home/ubuntu/redfin/lib/python3.10/site-packages/airflow/example_dags/example_nested_branch_dag.py took 0.084 seconds
[2023-12-03T23:44:40.837+0000] {processor.py:157} INFO - Started process (PID=6585) to work on /home/ubuntu/redfin/lib/python3.10/site-packages/airflow/example_dags/example_nested_branch_dag.py
[2023-12-03T23:44:40.838+0000] {processor.py:829} INFO - Processing file /home/ubuntu/redfin/lib/python3.10/site-packages/airflow/example_dags/example_nested_branch_dag.py for tasks to queue
[2023-12-03T23:44:40.839+0000] {logging_mixin.py:154} INFO - [2023-12-03T23:44:40.838+0000] {dagbag.py:536} INFO - Filling up the DagBag from /home/ubuntu/redfin/lib/python3.10/site-packages/airflow/example_dags/example_nested_branch_dag.py
[2023-12-03T23:44:40.850+0000] {processor.py:839} INFO - DAG(s) dict_keys(['example_nested_branch_dag']) retrieved from /home/ubuntu/redfin/lib/python3.10/site-packages/airflow/example_dags/example_nested_branch_dag.py
[2023-12-03T23:44:40.871+0000] {logging_mixin.py:154} INFO - [2023-12-03T23:44:40.870+0000] {dag.py:2941} INFO - Sync 1 DAGs
[2023-12-03T23:44:40.894+0000] {logging_mixin.py:154} INFO - [2023-12-03T23:44:40.894+0000] {dag.py:3722} INFO - Setting next_dagrun for example_nested_branch_dag to 2023-12-02T00:00:00+00:00, run_after=2023-12-03T00:00:00+00:00
[2023-12-03T23:44:40.917+0000] {processor.py:179} INFO - Processing /home/ubuntu/redfin/lib/python3.10/site-packages/airflow/example_dags/example_nested_branch_dag.py took 0.084 seconds
[2023-12-03T23:45:21.415+0000] {processor.py:157} INFO - Started process (PID=6630) to work on /home/ubuntu/redfin/lib/python3.10/site-packages/airflow/example_dags/example_nested_branch_dag.py
[2023-12-03T23:45:21.416+0000] {processor.py:829} INFO - Processing file /home/ubuntu/redfin/lib/python3.10/site-packages/airflow/example_dags/example_nested_branch_dag.py for tasks to queue
[2023-12-03T23:45:21.417+0000] {logging_mixin.py:154} INFO - [2023-12-03T23:45:21.417+0000] {dagbag.py:536} INFO - Filling up the DagBag from /home/ubuntu/redfin/lib/python3.10/site-packages/airflow/example_dags/example_nested_branch_dag.py
[2023-12-03T23:45:21.429+0000] {processor.py:839} INFO - DAG(s) dict_keys(['example_nested_branch_dag']) retrieved from /home/ubuntu/redfin/lib/python3.10/site-packages/airflow/example_dags/example_nested_branch_dag.py
[2023-12-03T23:45:21.450+0000] {logging_mixin.py:154} INFO - [2023-12-03T23:45:21.449+0000] {dag.py:2941} INFO - Sync 1 DAGs
[2023-12-03T23:45:21.473+0000] {logging_mixin.py:154} INFO - [2023-12-03T23:45:21.473+0000] {dag.py:3722} INFO - Setting next_dagrun for example_nested_branch_dag to 2023-12-02T00:00:00+00:00, run_after=2023-12-03T00:00:00+00:00
[2023-12-03T23:45:21.498+0000] {processor.py:179} INFO - Processing /home/ubuntu/redfin/lib/python3.10/site-packages/airflow/example_dags/example_nested_branch_dag.py took 0.087 seconds
[2023-12-03T23:46:06.734+0000] {processor.py:157} INFO - Started process (PID=6684) to work on /home/ubuntu/redfin/lib/python3.10/site-packages/airflow/example_dags/example_nested_branch_dag.py
[2023-12-03T23:46:06.735+0000] {processor.py:829} INFO - Processing file /home/ubuntu/redfin/lib/python3.10/site-packages/airflow/example_dags/example_nested_branch_dag.py for tasks to queue
[2023-12-03T23:46:06.736+0000] {logging_mixin.py:154} INFO - [2023-12-03T23:46:06.736+0000] {dagbag.py:536} INFO - Filling up the DagBag from /home/ubuntu/redfin/lib/python3.10/site-packages/airflow/example_dags/example_nested_branch_dag.py
[2023-12-03T23:46:06.748+0000] {processor.py:839} INFO - DAG(s) dict_keys(['example_nested_branch_dag']) retrieved from /home/ubuntu/redfin/lib/python3.10/site-packages/airflow/example_dags/example_nested_branch_dag.py
[2023-12-03T23:46:06.769+0000] {logging_mixin.py:154} INFO - [2023-12-03T23:46:06.768+0000] {dag.py:2941} INFO - Sync 1 DAGs
[2023-12-03T23:46:06.792+0000] {logging_mixin.py:154} INFO - [2023-12-03T23:46:06.792+0000] {dag.py:3722} INFO - Setting next_dagrun for example_nested_branch_dag to 2023-12-02T00:00:00+00:00, run_after=2023-12-03T00:00:00+00:00
[2023-12-03T23:46:06.816+0000] {processor.py:179} INFO - Processing /home/ubuntu/redfin/lib/python3.10/site-packages/airflow/example_dags/example_nested_branch_dag.py took 0.086 seconds
[2023-12-03T23:46:52.718+0000] {processor.py:157} INFO - Started process (PID=6736) to work on /home/ubuntu/redfin/lib/python3.10/site-packages/airflow/example_dags/example_nested_branch_dag.py
[2023-12-03T23:46:52.720+0000] {processor.py:829} INFO - Processing file /home/ubuntu/redfin/lib/python3.10/site-packages/airflow/example_dags/example_nested_branch_dag.py for tasks to queue
[2023-12-03T23:46:52.721+0000] {logging_mixin.py:154} INFO - [2023-12-03T23:46:52.721+0000] {dagbag.py:536} INFO - Filling up the DagBag from /home/ubuntu/redfin/lib/python3.10/site-packages/airflow/example_dags/example_nested_branch_dag.py
[2023-12-03T23:46:52.733+0000] {processor.py:839} INFO - DAG(s) dict_keys(['example_nested_branch_dag']) retrieved from /home/ubuntu/redfin/lib/python3.10/site-packages/airflow/example_dags/example_nested_branch_dag.py
[2023-12-03T23:46:52.754+0000] {logging_mixin.py:154} INFO - [2023-12-03T23:46:52.753+0000] {dag.py:2941} INFO - Sync 1 DAGs
[2023-12-03T23:46:52.777+0000] {logging_mixin.py:154} INFO - [2023-12-03T23:46:52.777+0000] {dag.py:3722} INFO - Setting next_dagrun for example_nested_branch_dag to 2023-12-02T00:00:00+00:00, run_after=2023-12-03T00:00:00+00:00
[2023-12-03T23:46:52.801+0000] {processor.py:179} INFO - Processing /home/ubuntu/redfin/lib/python3.10/site-packages/airflow/example_dags/example_nested_branch_dag.py took 0.087 seconds
[2023-12-03T23:47:41.056+0000] {processor.py:157} INFO - Started process (PID=6796) to work on /home/ubuntu/redfin/lib/python3.10/site-packages/airflow/example_dags/example_nested_branch_dag.py
[2023-12-03T23:47:41.058+0000] {processor.py:829} INFO - Processing file /home/ubuntu/redfin/lib/python3.10/site-packages/airflow/example_dags/example_nested_branch_dag.py for tasks to queue
[2023-12-03T23:47:41.058+0000] {logging_mixin.py:154} INFO - [2023-12-03T23:47:41.058+0000] {dagbag.py:536} INFO - Filling up the DagBag from /home/ubuntu/redfin/lib/python3.10/site-packages/airflow/example_dags/example_nested_branch_dag.py
[2023-12-03T23:47:41.070+0000] {processor.py:839} INFO - DAG(s) dict_keys(['example_nested_branch_dag']) retrieved from /home/ubuntu/redfin/lib/python3.10/site-packages/airflow/example_dags/example_nested_branch_dag.py
[2023-12-03T23:47:41.092+0000] {logging_mixin.py:154} INFO - [2023-12-03T23:47:41.091+0000] {dag.py:2941} INFO - Sync 1 DAGs
[2023-12-03T23:47:41.115+0000] {logging_mixin.py:154} INFO - [2023-12-03T23:47:41.115+0000] {dag.py:3722} INFO - Setting next_dagrun for example_nested_branch_dag to 2023-12-02T00:00:00+00:00, run_after=2023-12-03T00:00:00+00:00
[2023-12-03T23:47:41.143+0000] {processor.py:179} INFO - Processing /home/ubuntu/redfin/lib/python3.10/site-packages/airflow/example_dags/example_nested_branch_dag.py took 0.091 seconds
[2023-12-03T23:48:30.084+0000] {processor.py:157} INFO - Started process (PID=6877) to work on /home/ubuntu/redfin/lib/python3.10/site-packages/airflow/example_dags/example_nested_branch_dag.py
[2023-12-03T23:48:30.086+0000] {processor.py:829} INFO - Processing file /home/ubuntu/redfin/lib/python3.10/site-packages/airflow/example_dags/example_nested_branch_dag.py for tasks to queue
[2023-12-03T23:48:30.087+0000] {logging_mixin.py:154} INFO - [2023-12-03T23:48:30.086+0000] {dagbag.py:536} INFO - Filling up the DagBag from /home/ubuntu/redfin/lib/python3.10/site-packages/airflow/example_dags/example_nested_branch_dag.py
[2023-12-03T23:48:30.098+0000] {processor.py:839} INFO - DAG(s) dict_keys(['example_nested_branch_dag']) retrieved from /home/ubuntu/redfin/lib/python3.10/site-packages/airflow/example_dags/example_nested_branch_dag.py
[2023-12-03T23:48:30.117+0000] {logging_mixin.py:154} INFO - [2023-12-03T23:48:30.117+0000] {dag.py:2941} INFO - Sync 1 DAGs
[2023-12-03T23:48:30.140+0000] {logging_mixin.py:154} INFO - [2023-12-03T23:48:30.140+0000] {dag.py:3722} INFO - Setting next_dagrun for example_nested_branch_dag to 2023-12-02T00:00:00+00:00, run_after=2023-12-03T00:00:00+00:00
[2023-12-03T23:48:30.164+0000] {processor.py:179} INFO - Processing /home/ubuntu/redfin/lib/python3.10/site-packages/airflow/example_dags/example_nested_branch_dag.py took 0.083 seconds
[2023-12-03T23:49:20.550+0000] {processor.py:157} INFO - Started process (PID=6932) to work on /home/ubuntu/redfin/lib/python3.10/site-packages/airflow/example_dags/example_nested_branch_dag.py
[2023-12-03T23:49:20.551+0000] {processor.py:829} INFO - Processing file /home/ubuntu/redfin/lib/python3.10/site-packages/airflow/example_dags/example_nested_branch_dag.py for tasks to queue
[2023-12-03T23:49:20.552+0000] {logging_mixin.py:154} INFO - [2023-12-03T23:49:20.552+0000] {dagbag.py:536} INFO - Filling up the DagBag from /home/ubuntu/redfin/lib/python3.10/site-packages/airflow/example_dags/example_nested_branch_dag.py
[2023-12-03T23:49:20.564+0000] {processor.py:839} INFO - DAG(s) dict_keys(['example_nested_branch_dag']) retrieved from /home/ubuntu/redfin/lib/python3.10/site-packages/airflow/example_dags/example_nested_branch_dag.py
[2023-12-03T23:49:20.583+0000] {logging_mixin.py:154} INFO - [2023-12-03T23:49:20.583+0000] {dag.py:2941} INFO - Sync 1 DAGs
[2023-12-03T23:49:20.605+0000] {logging_mixin.py:154} INFO - [2023-12-03T23:49:20.605+0000] {dag.py:3722} INFO - Setting next_dagrun for example_nested_branch_dag to 2023-12-02T00:00:00+00:00, run_after=2023-12-03T00:00:00+00:00
[2023-12-03T23:49:20.627+0000] {processor.py:179} INFO - Processing /home/ubuntu/redfin/lib/python3.10/site-packages/airflow/example_dags/example_nested_branch_dag.py took 0.082 seconds
[2023-12-03T23:50:08.554+0000] {processor.py:157} INFO - Started process (PID=6987) to work on /home/ubuntu/redfin/lib/python3.10/site-packages/airflow/example_dags/example_nested_branch_dag.py
[2023-12-03T23:50:08.556+0000] {processor.py:829} INFO - Processing file /home/ubuntu/redfin/lib/python3.10/site-packages/airflow/example_dags/example_nested_branch_dag.py for tasks to queue
[2023-12-03T23:50:08.556+0000] {logging_mixin.py:154} INFO - [2023-12-03T23:50:08.556+0000] {dagbag.py:536} INFO - Filling up the DagBag from /home/ubuntu/redfin/lib/python3.10/site-packages/airflow/example_dags/example_nested_branch_dag.py
[2023-12-03T23:50:08.568+0000] {processor.py:839} INFO - DAG(s) dict_keys(['example_nested_branch_dag']) retrieved from /home/ubuntu/redfin/lib/python3.10/site-packages/airflow/example_dags/example_nested_branch_dag.py
[2023-12-03T23:50:08.589+0000] {logging_mixin.py:154} INFO - [2023-12-03T23:50:08.588+0000] {dag.py:2941} INFO - Sync 1 DAGs
[2023-12-03T23:50:08.614+0000] {logging_mixin.py:154} INFO - [2023-12-03T23:50:08.614+0000] {dag.py:3722} INFO - Setting next_dagrun for example_nested_branch_dag to 2023-12-02T00:00:00+00:00, run_after=2023-12-03T00:00:00+00:00
[2023-12-03T23:50:08.639+0000] {processor.py:179} INFO - Processing /home/ubuntu/redfin/lib/python3.10/site-packages/airflow/example_dags/example_nested_branch_dag.py took 0.089 seconds
[2023-12-03T23:50:56.526+0000] {processor.py:157} INFO - Started process (PID=7039) to work on /home/ubuntu/redfin/lib/python3.10/site-packages/airflow/example_dags/example_nested_branch_dag.py
[2023-12-03T23:50:56.528+0000] {processor.py:829} INFO - Processing file /home/ubuntu/redfin/lib/python3.10/site-packages/airflow/example_dags/example_nested_branch_dag.py for tasks to queue
[2023-12-03T23:50:56.529+0000] {logging_mixin.py:154} INFO - [2023-12-03T23:50:56.528+0000] {dagbag.py:536} INFO - Filling up the DagBag from /home/ubuntu/redfin/lib/python3.10/site-packages/airflow/example_dags/example_nested_branch_dag.py
[2023-12-03T23:50:56.540+0000] {processor.py:839} INFO - DAG(s) dict_keys(['example_nested_branch_dag']) retrieved from /home/ubuntu/redfin/lib/python3.10/site-packages/airflow/example_dags/example_nested_branch_dag.py
[2023-12-03T23:50:56.561+0000] {logging_mixin.py:154} INFO - [2023-12-03T23:50:56.560+0000] {dag.py:2941} INFO - Sync 1 DAGs
[2023-12-03T23:50:56.584+0000] {logging_mixin.py:154} INFO - [2023-12-03T23:50:56.583+0000] {dag.py:3722} INFO - Setting next_dagrun for example_nested_branch_dag to 2023-12-02T00:00:00+00:00, run_after=2023-12-03T00:00:00+00:00
[2023-12-03T23:50:56.606+0000] {processor.py:179} INFO - Processing /home/ubuntu/redfin/lib/python3.10/site-packages/airflow/example_dags/example_nested_branch_dag.py took 0.084 seconds
[2023-12-03T23:51:42.062+0000] {processor.py:157} INFO - Started process (PID=7092) to work on /home/ubuntu/redfin/lib/python3.10/site-packages/airflow/example_dags/example_nested_branch_dag.py
[2023-12-03T23:51:42.063+0000] {processor.py:829} INFO - Processing file /home/ubuntu/redfin/lib/python3.10/site-packages/airflow/example_dags/example_nested_branch_dag.py for tasks to queue
[2023-12-03T23:51:42.064+0000] {logging_mixin.py:154} INFO - [2023-12-03T23:51:42.064+0000] {dagbag.py:536} INFO - Filling up the DagBag from /home/ubuntu/redfin/lib/python3.10/site-packages/airflow/example_dags/example_nested_branch_dag.py
[2023-12-03T23:51:42.076+0000] {processor.py:839} INFO - DAG(s) dict_keys(['example_nested_branch_dag']) retrieved from /home/ubuntu/redfin/lib/python3.10/site-packages/airflow/example_dags/example_nested_branch_dag.py
[2023-12-03T23:51:42.097+0000] {logging_mixin.py:154} INFO - [2023-12-03T23:51:42.097+0000] {dag.py:2941} INFO - Sync 1 DAGs
[2023-12-03T23:51:42.121+0000] {logging_mixin.py:154} INFO - [2023-12-03T23:51:42.121+0000] {dag.py:3722} INFO - Setting next_dagrun for example_nested_branch_dag to 2023-12-02T00:00:00+00:00, run_after=2023-12-03T00:00:00+00:00
[2023-12-03T23:51:42.144+0000] {processor.py:179} INFO - Processing /home/ubuntu/redfin/lib/python3.10/site-packages/airflow/example_dags/example_nested_branch_dag.py took 0.086 seconds
[2023-12-03T23:52:34.033+0000] {processor.py:157} INFO - Started process (PID=7146) to work on /home/ubuntu/redfin/lib/python3.10/site-packages/airflow/example_dags/example_nested_branch_dag.py
[2023-12-03T23:52:34.035+0000] {processor.py:829} INFO - Processing file /home/ubuntu/redfin/lib/python3.10/site-packages/airflow/example_dags/example_nested_branch_dag.py for tasks to queue
[2023-12-03T23:52:34.036+0000] {logging_mixin.py:154} INFO - [2023-12-03T23:52:34.035+0000] {dagbag.py:536} INFO - Filling up the DagBag from /home/ubuntu/redfin/lib/python3.10/site-packages/airflow/example_dags/example_nested_branch_dag.py
[2023-12-03T23:52:34.047+0000] {processor.py:839} INFO - DAG(s) dict_keys(['example_nested_branch_dag']) retrieved from /home/ubuntu/redfin/lib/python3.10/site-packages/airflow/example_dags/example_nested_branch_dag.py
[2023-12-03T23:52:34.067+0000] {logging_mixin.py:154} INFO - [2023-12-03T23:52:34.067+0000] {dag.py:2941} INFO - Sync 1 DAGs
[2023-12-03T23:52:34.090+0000] {logging_mixin.py:154} INFO - [2023-12-03T23:52:34.090+0000] {dag.py:3722} INFO - Setting next_dagrun for example_nested_branch_dag to 2023-12-02T00:00:00+00:00, run_after=2023-12-03T00:00:00+00:00
[2023-12-03T23:52:34.112+0000] {processor.py:179} INFO - Processing /home/ubuntu/redfin/lib/python3.10/site-packages/airflow/example_dags/example_nested_branch_dag.py took 0.083 seconds
[2023-12-03T23:53:23.179+0000] {processor.py:157} INFO - Started process (PID=7200) to work on /home/ubuntu/redfin/lib/python3.10/site-packages/airflow/example_dags/example_nested_branch_dag.py
[2023-12-03T23:53:23.180+0000] {processor.py:829} INFO - Processing file /home/ubuntu/redfin/lib/python3.10/site-packages/airflow/example_dags/example_nested_branch_dag.py for tasks to queue
[2023-12-03T23:53:23.181+0000] {logging_mixin.py:154} INFO - [2023-12-03T23:53:23.181+0000] {dagbag.py:536} INFO - Filling up the DagBag from /home/ubuntu/redfin/lib/python3.10/site-packages/airflow/example_dags/example_nested_branch_dag.py
[2023-12-03T23:53:23.193+0000] {processor.py:839} INFO - DAG(s) dict_keys(['example_nested_branch_dag']) retrieved from /home/ubuntu/redfin/lib/python3.10/site-packages/airflow/example_dags/example_nested_branch_dag.py
[2023-12-03T23:53:23.214+0000] {logging_mixin.py:154} INFO - [2023-12-03T23:53:23.213+0000] {dag.py:2941} INFO - Sync 1 DAGs
[2023-12-03T23:53:23.237+0000] {logging_mixin.py:154} INFO - [2023-12-03T23:53:23.237+0000] {dag.py:3722} INFO - Setting next_dagrun for example_nested_branch_dag to 2023-12-02T00:00:00+00:00, run_after=2023-12-03T00:00:00+00:00
[2023-12-03T23:53:23.260+0000] {processor.py:179} INFO - Processing /home/ubuntu/redfin/lib/python3.10/site-packages/airflow/example_dags/example_nested_branch_dag.py took 0.085 seconds
[2023-12-03T23:54:10.482+0000] {processor.py:157} INFO - Started process (PID=7252) to work on /home/ubuntu/redfin/lib/python3.10/site-packages/airflow/example_dags/example_nested_branch_dag.py
[2023-12-03T23:54:10.484+0000] {processor.py:829} INFO - Processing file /home/ubuntu/redfin/lib/python3.10/site-packages/airflow/example_dags/example_nested_branch_dag.py for tasks to queue
[2023-12-03T23:54:10.485+0000] {logging_mixin.py:154} INFO - [2023-12-03T23:54:10.484+0000] {dagbag.py:536} INFO - Filling up the DagBag from /home/ubuntu/redfin/lib/python3.10/site-packages/airflow/example_dags/example_nested_branch_dag.py
[2023-12-03T23:54:10.496+0000] {processor.py:839} INFO - DAG(s) dict_keys(['example_nested_branch_dag']) retrieved from /home/ubuntu/redfin/lib/python3.10/site-packages/airflow/example_dags/example_nested_branch_dag.py
[2023-12-03T23:54:10.515+0000] {logging_mixin.py:154} INFO - [2023-12-03T23:54:10.515+0000] {dag.py:2941} INFO - Sync 1 DAGs
[2023-12-03T23:54:10.538+0000] {logging_mixin.py:154} INFO - [2023-12-03T23:54:10.537+0000] {dag.py:3722} INFO - Setting next_dagrun for example_nested_branch_dag to 2023-12-02T00:00:00+00:00, run_after=2023-12-03T00:00:00+00:00
[2023-12-03T23:54:10.560+0000] {processor.py:179} INFO - Processing /home/ubuntu/redfin/lib/python3.10/site-packages/airflow/example_dags/example_nested_branch_dag.py took 0.081 seconds
[2023-12-03T23:54:58.921+0000] {processor.py:157} INFO - Started process (PID=7306) to work on /home/ubuntu/redfin/lib/python3.10/site-packages/airflow/example_dags/example_nested_branch_dag.py
[2023-12-03T23:54:58.922+0000] {processor.py:829} INFO - Processing file /home/ubuntu/redfin/lib/python3.10/site-packages/airflow/example_dags/example_nested_branch_dag.py for tasks to queue
[2023-12-03T23:54:58.923+0000] {logging_mixin.py:154} INFO - [2023-12-03T23:54:58.922+0000] {dagbag.py:536} INFO - Filling up the DagBag from /home/ubuntu/redfin/lib/python3.10/site-packages/airflow/example_dags/example_nested_branch_dag.py
[2023-12-03T23:54:58.934+0000] {processor.py:839} INFO - DAG(s) dict_keys(['example_nested_branch_dag']) retrieved from /home/ubuntu/redfin/lib/python3.10/site-packages/airflow/example_dags/example_nested_branch_dag.py
[2023-12-03T23:54:58.953+0000] {logging_mixin.py:154} INFO - [2023-12-03T23:54:58.953+0000] {dag.py:2941} INFO - Sync 1 DAGs
[2023-12-03T23:54:58.976+0000] {logging_mixin.py:154} INFO - [2023-12-03T23:54:58.976+0000] {dag.py:3722} INFO - Setting next_dagrun for example_nested_branch_dag to 2023-12-02T00:00:00+00:00, run_after=2023-12-03T00:00:00+00:00
[2023-12-03T23:54:58.997+0000] {processor.py:179} INFO - Processing /home/ubuntu/redfin/lib/python3.10/site-packages/airflow/example_dags/example_nested_branch_dag.py took 0.080 seconds
[2023-12-03T23:55:45.083+0000] {processor.py:157} INFO - Started process (PID=7357) to work on /home/ubuntu/redfin/lib/python3.10/site-packages/airflow/example_dags/example_nested_branch_dag.py
[2023-12-03T23:55:45.084+0000] {processor.py:829} INFO - Processing file /home/ubuntu/redfin/lib/python3.10/site-packages/airflow/example_dags/example_nested_branch_dag.py for tasks to queue
[2023-12-03T23:55:45.085+0000] {logging_mixin.py:154} INFO - [2023-12-03T23:55:45.085+0000] {dagbag.py:536} INFO - Filling up the DagBag from /home/ubuntu/redfin/lib/python3.10/site-packages/airflow/example_dags/example_nested_branch_dag.py
[2023-12-03T23:55:45.097+0000] {processor.py:839} INFO - DAG(s) dict_keys(['example_nested_branch_dag']) retrieved from /home/ubuntu/redfin/lib/python3.10/site-packages/airflow/example_dags/example_nested_branch_dag.py
[2023-12-03T23:55:45.116+0000] {logging_mixin.py:154} INFO - [2023-12-03T23:55:45.116+0000] {dag.py:2941} INFO - Sync 1 DAGs
[2023-12-03T23:55:45.138+0000] {logging_mixin.py:154} INFO - [2023-12-03T23:55:45.138+0000] {dag.py:3722} INFO - Setting next_dagrun for example_nested_branch_dag to 2023-12-02T00:00:00+00:00, run_after=2023-12-03T00:00:00+00:00
[2023-12-03T23:55:45.161+0000] {processor.py:179} INFO - Processing /home/ubuntu/redfin/lib/python3.10/site-packages/airflow/example_dags/example_nested_branch_dag.py took 0.082 seconds
[2023-12-03T23:56:35.793+0000] {processor.py:157} INFO - Started process (PID=7412) to work on /home/ubuntu/redfin/lib/python3.10/site-packages/airflow/example_dags/example_nested_branch_dag.py
[2023-12-03T23:56:35.794+0000] {processor.py:829} INFO - Processing file /home/ubuntu/redfin/lib/python3.10/site-packages/airflow/example_dags/example_nested_branch_dag.py for tasks to queue
[2023-12-03T23:56:35.795+0000] {logging_mixin.py:154} INFO - [2023-12-03T23:56:35.794+0000] {dagbag.py:536} INFO - Filling up the DagBag from /home/ubuntu/redfin/lib/python3.10/site-packages/airflow/example_dags/example_nested_branch_dag.py
[2023-12-03T23:56:35.806+0000] {processor.py:839} INFO - DAG(s) dict_keys(['example_nested_branch_dag']) retrieved from /home/ubuntu/redfin/lib/python3.10/site-packages/airflow/example_dags/example_nested_branch_dag.py
[2023-12-03T23:56:35.827+0000] {logging_mixin.py:154} INFO - [2023-12-03T23:56:35.827+0000] {dag.py:2941} INFO - Sync 1 DAGs
[2023-12-03T23:56:35.850+0000] {logging_mixin.py:154} INFO - [2023-12-03T23:56:35.850+0000] {dag.py:3722} INFO - Setting next_dagrun for example_nested_branch_dag to 2023-12-02T00:00:00+00:00, run_after=2023-12-03T00:00:00+00:00
[2023-12-03T23:56:35.873+0000] {processor.py:179} INFO - Processing /home/ubuntu/redfin/lib/python3.10/site-packages/airflow/example_dags/example_nested_branch_dag.py took 0.084 seconds
[2023-12-03T23:57:22.445+0000] {processor.py:157} INFO - Started process (PID=7464) to work on /home/ubuntu/redfin/lib/python3.10/site-packages/airflow/example_dags/example_nested_branch_dag.py
[2023-12-03T23:57:22.446+0000] {processor.py:829} INFO - Processing file /home/ubuntu/redfin/lib/python3.10/site-packages/airflow/example_dags/example_nested_branch_dag.py for tasks to queue
[2023-12-03T23:57:22.447+0000] {logging_mixin.py:154} INFO - [2023-12-03T23:57:22.447+0000] {dagbag.py:536} INFO - Filling up the DagBag from /home/ubuntu/redfin/lib/python3.10/site-packages/airflow/example_dags/example_nested_branch_dag.py
[2023-12-03T23:57:22.458+0000] {processor.py:839} INFO - DAG(s) dict_keys(['example_nested_branch_dag']) retrieved from /home/ubuntu/redfin/lib/python3.10/site-packages/airflow/example_dags/example_nested_branch_dag.py
[2023-12-03T23:57:22.479+0000] {logging_mixin.py:154} INFO - [2023-12-03T23:57:22.478+0000] {dag.py:2941} INFO - Sync 1 DAGs
[2023-12-03T23:57:22.502+0000] {logging_mixin.py:154} INFO - [2023-12-03T23:57:22.501+0000] {dag.py:3722} INFO - Setting next_dagrun for example_nested_branch_dag to 2023-12-02T00:00:00+00:00, run_after=2023-12-03T00:00:00+00:00
[2023-12-03T23:57:22.526+0000] {processor.py:179} INFO - Processing /home/ubuntu/redfin/lib/python3.10/site-packages/airflow/example_dags/example_nested_branch_dag.py took 0.085 seconds
[2023-12-03T23:58:06.552+0000] {processor.py:157} INFO - Started process (PID=7513) to work on /home/ubuntu/redfin/lib/python3.10/site-packages/airflow/example_dags/example_nested_branch_dag.py
[2023-12-03T23:58:06.554+0000] {processor.py:829} INFO - Processing file /home/ubuntu/redfin/lib/python3.10/site-packages/airflow/example_dags/example_nested_branch_dag.py for tasks to queue
[2023-12-03T23:58:06.555+0000] {logging_mixin.py:154} INFO - [2023-12-03T23:58:06.554+0000] {dagbag.py:536} INFO - Filling up the DagBag from /home/ubuntu/redfin/lib/python3.10/site-packages/airflow/example_dags/example_nested_branch_dag.py
[2023-12-03T23:58:06.567+0000] {processor.py:839} INFO - DAG(s) dict_keys(['example_nested_branch_dag']) retrieved from /home/ubuntu/redfin/lib/python3.10/site-packages/airflow/example_dags/example_nested_branch_dag.py
[2023-12-03T23:58:06.587+0000] {logging_mixin.py:154} INFO - [2023-12-03T23:58:06.587+0000] {dag.py:2941} INFO - Sync 1 DAGs
[2023-12-03T23:58:06.610+0000] {logging_mixin.py:154} INFO - [2023-12-03T23:58:06.610+0000] {dag.py:3722} INFO - Setting next_dagrun for example_nested_branch_dag to 2023-12-02T00:00:00+00:00, run_after=2023-12-03T00:00:00+00:00
[2023-12-03T23:58:06.632+0000] {processor.py:179} INFO - Processing /home/ubuntu/redfin/lib/python3.10/site-packages/airflow/example_dags/example_nested_branch_dag.py took 0.084 seconds
[2023-12-03T23:58:51.965+0000] {processor.py:157} INFO - Started process (PID=7566) to work on /home/ubuntu/redfin/lib/python3.10/site-packages/airflow/example_dags/example_nested_branch_dag.py
[2023-12-03T23:58:51.966+0000] {processor.py:829} INFO - Processing file /home/ubuntu/redfin/lib/python3.10/site-packages/airflow/example_dags/example_nested_branch_dag.py for tasks to queue
[2023-12-03T23:58:51.967+0000] {logging_mixin.py:154} INFO - [2023-12-03T23:58:51.967+0000] {dagbag.py:536} INFO - Filling up the DagBag from /home/ubuntu/redfin/lib/python3.10/site-packages/airflow/example_dags/example_nested_branch_dag.py
[2023-12-03T23:58:51.979+0000] {processor.py:839} INFO - DAG(s) dict_keys(['example_nested_branch_dag']) retrieved from /home/ubuntu/redfin/lib/python3.10/site-packages/airflow/example_dags/example_nested_branch_dag.py
[2023-12-03T23:58:52.000+0000] {logging_mixin.py:154} INFO - [2023-12-03T23:58:52.000+0000] {dag.py:2941} INFO - Sync 1 DAGs
[2023-12-03T23:58:52.024+0000] {logging_mixin.py:154} INFO - [2023-12-03T23:58:52.023+0000] {dag.py:3722} INFO - Setting next_dagrun for example_nested_branch_dag to 2023-12-02T00:00:00+00:00, run_after=2023-12-03T00:00:00+00:00
[2023-12-03T23:58:52.046+0000] {processor.py:179} INFO - Processing /home/ubuntu/redfin/lib/python3.10/site-packages/airflow/example_dags/example_nested_branch_dag.py took 0.085 seconds
[2023-12-03T23:59:39.498+0000] {processor.py:157} INFO - Started process (PID=7619) to work on /home/ubuntu/redfin/lib/python3.10/site-packages/airflow/example_dags/example_nested_branch_dag.py
[2023-12-03T23:59:39.499+0000] {processor.py:829} INFO - Processing file /home/ubuntu/redfin/lib/python3.10/site-packages/airflow/example_dags/example_nested_branch_dag.py for tasks to queue
[2023-12-03T23:59:39.500+0000] {logging_mixin.py:154} INFO - [2023-12-03T23:59:39.500+0000] {dagbag.py:536} INFO - Filling up the DagBag from /home/ubuntu/redfin/lib/python3.10/site-packages/airflow/example_dags/example_nested_branch_dag.py
[2023-12-03T23:59:39.511+0000] {processor.py:839} INFO - DAG(s) dict_keys(['example_nested_branch_dag']) retrieved from /home/ubuntu/redfin/lib/python3.10/site-packages/airflow/example_dags/example_nested_branch_dag.py
[2023-12-03T23:59:39.535+0000] {logging_mixin.py:154} INFO - [2023-12-03T23:59:39.535+0000] {dag.py:2941} INFO - Sync 1 DAGs
[2023-12-03T23:59:39.558+0000] {logging_mixin.py:154} INFO - [2023-12-03T23:59:39.558+0000] {dag.py:3722} INFO - Setting next_dagrun for example_nested_branch_dag to 2023-12-02T00:00:00+00:00, run_after=2023-12-03T00:00:00+00:00
[2023-12-03T23:59:39.600+0000] {processor.py:179} INFO - Processing /home/ubuntu/redfin/lib/python3.10/site-packages/airflow/example_dags/example_nested_branch_dag.py took 0.106 seconds
