[2023-12-03T23:08:07.566+0000] {processor.py:157} INFO - Started process (PID=3769) to work on /home/ubuntu/redfin/lib/python3.10/site-packages/airflow/example_dags/example_setup_teardown.py
[2023-12-03T23:08:07.567+0000] {processor.py:829} INFO - Processing file /home/ubuntu/redfin/lib/python3.10/site-packages/airflow/example_dags/example_setup_teardown.py for tasks to queue
[2023-12-03T23:08:07.568+0000] {logging_mixin.py:154} INFO - [2023-12-03T23:08:07.568+0000] {dagbag.py:536} INFO - Filling up the DagBag from /home/ubuntu/redfin/lib/python3.10/site-packages/airflow/example_dags/example_setup_teardown.py
[2023-12-03T23:08:07.577+0000] {processor.py:839} INFO - DAG(s) dict_keys(['example_setup_teardown']) retrieved from /home/ubuntu/redfin/lib/python3.10/site-packages/airflow/example_dags/example_setup_teardown.py
[2023-12-03T23:08:07.698+0000] {logging_mixin.py:154} INFO - [2023-12-03T23:08:07.697+0000] {manager.py:499} INFO - Created Permission View: %s
[2023-12-03T23:08:07.712+0000] {logging_mixin.py:154} INFO - [2023-12-03T23:08:07.711+0000] {manager.py:499} INFO - Created Permission View: %s
[2023-12-03T23:08:07.721+0000] {logging_mixin.py:154} INFO - [2023-12-03T23:08:07.721+0000] {manager.py:499} INFO - Created Permission View: %s
[2023-12-03T23:08:07.722+0000] {logging_mixin.py:154} INFO - [2023-12-03T23:08:07.722+0000] {dag.py:2941} INFO - Sync 1 DAGs
[2023-12-03T23:08:07.735+0000] {logging_mixin.py:154} INFO - [2023-12-03T23:08:07.735+0000] {dag.py:2963} INFO - Creating ORM DAG for example_setup_teardown
[2023-12-03T23:08:07.744+0000] {logging_mixin.py:154} INFO - [2023-12-03T23:08:07.743+0000] {dag.py:3722} INFO - Setting next_dagrun for example_setup_teardown to 2023-12-02T23:08:07.743684+00:00, run_after=2023-12-03T23:08:07.743684+00:00
[2023-12-03T23:08:07.767+0000] {processor.py:179} INFO - Processing /home/ubuntu/redfin/lib/python3.10/site-packages/airflow/example_dags/example_setup_teardown.py took 0.204 seconds
[2023-12-03T23:08:57.676+0000] {processor.py:157} INFO - Started process (PID=3818) to work on /home/ubuntu/redfin/lib/python3.10/site-packages/airflow/example_dags/example_setup_teardown.py
[2023-12-03T23:08:57.678+0000] {processor.py:829} INFO - Processing file /home/ubuntu/redfin/lib/python3.10/site-packages/airflow/example_dags/example_setup_teardown.py for tasks to queue
[2023-12-03T23:08:57.679+0000] {logging_mixin.py:154} INFO - [2023-12-03T23:08:57.678+0000] {dagbag.py:536} INFO - Filling up the DagBag from /home/ubuntu/redfin/lib/python3.10/site-packages/airflow/example_dags/example_setup_teardown.py
[2023-12-03T23:08:57.688+0000] {processor.py:839} INFO - DAG(s) dict_keys(['example_setup_teardown']) retrieved from /home/ubuntu/redfin/lib/python3.10/site-packages/airflow/example_dags/example_setup_teardown.py
[2023-12-03T23:08:57.708+0000] {logging_mixin.py:154} INFO - [2023-12-03T23:08:57.707+0000] {dag.py:2941} INFO - Sync 1 DAGs
[2023-12-03T23:08:57.730+0000] {logging_mixin.py:154} INFO - [2023-12-03T23:08:57.730+0000] {dag.py:3722} INFO - Setting next_dagrun for example_setup_teardown to 2023-12-02T23:08:57.730376+00:00, run_after=2023-12-03T23:08:57.730376+00:00
[2023-12-03T23:08:57.756+0000] {processor.py:179} INFO - Processing /home/ubuntu/redfin/lib/python3.10/site-packages/airflow/example_dags/example_setup_teardown.py took 0.083 seconds
[2023-12-03T23:09:44.256+0000] {processor.py:157} INFO - Started process (PID=3869) to work on /home/ubuntu/redfin/lib/python3.10/site-packages/airflow/example_dags/example_setup_teardown.py
[2023-12-03T23:09:44.257+0000] {processor.py:829} INFO - Processing file /home/ubuntu/redfin/lib/python3.10/site-packages/airflow/example_dags/example_setup_teardown.py for tasks to queue
[2023-12-03T23:09:44.258+0000] {logging_mixin.py:154} INFO - [2023-12-03T23:09:44.258+0000] {dagbag.py:536} INFO - Filling up the DagBag from /home/ubuntu/redfin/lib/python3.10/site-packages/airflow/example_dags/example_setup_teardown.py
[2023-12-03T23:09:44.266+0000] {processor.py:839} INFO - DAG(s) dict_keys(['example_setup_teardown']) retrieved from /home/ubuntu/redfin/lib/python3.10/site-packages/airflow/example_dags/example_setup_teardown.py
[2023-12-03T23:09:44.284+0000] {logging_mixin.py:154} INFO - [2023-12-03T23:09:44.284+0000] {dag.py:2941} INFO - Sync 1 DAGs
[2023-12-03T23:09:44.307+0000] {logging_mixin.py:154} INFO - [2023-12-03T23:09:44.306+0000] {dag.py:3722} INFO - Setting next_dagrun for example_setup_teardown to 2023-12-02T23:09:44.306525+00:00, run_after=2023-12-03T23:09:44.306525+00:00
[2023-12-03T23:09:44.330+0000] {processor.py:179} INFO - Processing /home/ubuntu/redfin/lib/python3.10/site-packages/airflow/example_dags/example_setup_teardown.py took 0.077 seconds
[2023-12-03T23:10:32.430+0000] {processor.py:157} INFO - Started process (PID=3923) to work on /home/ubuntu/redfin/lib/python3.10/site-packages/airflow/example_dags/example_setup_teardown.py
[2023-12-03T23:10:32.431+0000] {processor.py:829} INFO - Processing file /home/ubuntu/redfin/lib/python3.10/site-packages/airflow/example_dags/example_setup_teardown.py for tasks to queue
[2023-12-03T23:10:32.432+0000] {logging_mixin.py:154} INFO - [2023-12-03T23:10:32.432+0000] {dagbag.py:536} INFO - Filling up the DagBag from /home/ubuntu/redfin/lib/python3.10/site-packages/airflow/example_dags/example_setup_teardown.py
[2023-12-03T23:10:32.441+0000] {processor.py:839} INFO - DAG(s) dict_keys(['example_setup_teardown']) retrieved from /home/ubuntu/redfin/lib/python3.10/site-packages/airflow/example_dags/example_setup_teardown.py
[2023-12-03T23:10:32.459+0000] {logging_mixin.py:154} INFO - [2023-12-03T23:10:32.458+0000] {dag.py:2941} INFO - Sync 1 DAGs
[2023-12-03T23:10:32.480+0000] {logging_mixin.py:154} INFO - [2023-12-03T23:10:32.480+0000] {dag.py:3722} INFO - Setting next_dagrun for example_setup_teardown to 2023-12-02T23:10:32.479840+00:00, run_after=2023-12-03T23:10:32.479840+00:00
[2023-12-03T23:10:32.503+0000] {processor.py:179} INFO - Processing /home/ubuntu/redfin/lib/python3.10/site-packages/airflow/example_dags/example_setup_teardown.py took 0.076 seconds
[2023-12-03T23:11:18.798+0000] {processor.py:157} INFO - Started process (PID=3973) to work on /home/ubuntu/redfin/lib/python3.10/site-packages/airflow/example_dags/example_setup_teardown.py
[2023-12-03T23:11:18.799+0000] {processor.py:829} INFO - Processing file /home/ubuntu/redfin/lib/python3.10/site-packages/airflow/example_dags/example_setup_teardown.py for tasks to queue
[2023-12-03T23:11:18.800+0000] {logging_mixin.py:154} INFO - [2023-12-03T23:11:18.799+0000] {dagbag.py:536} INFO - Filling up the DagBag from /home/ubuntu/redfin/lib/python3.10/site-packages/airflow/example_dags/example_setup_teardown.py
[2023-12-03T23:11:18.808+0000] {processor.py:839} INFO - DAG(s) dict_keys(['example_setup_teardown']) retrieved from /home/ubuntu/redfin/lib/python3.10/site-packages/airflow/example_dags/example_setup_teardown.py
[2023-12-03T23:11:18.827+0000] {logging_mixin.py:154} INFO - [2023-12-03T23:11:18.827+0000] {dag.py:2941} INFO - Sync 1 DAGs
[2023-12-03T23:11:18.851+0000] {logging_mixin.py:154} INFO - [2023-12-03T23:11:18.851+0000] {dag.py:3722} INFO - Setting next_dagrun for example_setup_teardown to 2023-12-02T23:11:18.850721+00:00, run_after=2023-12-03T23:11:18.850721+00:00
[2023-12-03T23:11:18.876+0000] {processor.py:179} INFO - Processing /home/ubuntu/redfin/lib/python3.10/site-packages/airflow/example_dags/example_setup_teardown.py took 0.082 seconds
[2023-12-03T23:12:04.674+0000] {processor.py:157} INFO - Started process (PID=4023) to work on /home/ubuntu/redfin/lib/python3.10/site-packages/airflow/example_dags/example_setup_teardown.py
[2023-12-03T23:12:04.675+0000] {processor.py:829} INFO - Processing file /home/ubuntu/redfin/lib/python3.10/site-packages/airflow/example_dags/example_setup_teardown.py for tasks to queue
[2023-12-03T23:12:04.676+0000] {logging_mixin.py:154} INFO - [2023-12-03T23:12:04.675+0000] {dagbag.py:536} INFO - Filling up the DagBag from /home/ubuntu/redfin/lib/python3.10/site-packages/airflow/example_dags/example_setup_teardown.py
[2023-12-03T23:12:04.684+0000] {processor.py:839} INFO - DAG(s) dict_keys(['example_setup_teardown']) retrieved from /home/ubuntu/redfin/lib/python3.10/site-packages/airflow/example_dags/example_setup_teardown.py
[2023-12-03T23:12:04.703+0000] {logging_mixin.py:154} INFO - [2023-12-03T23:12:04.703+0000] {dag.py:2941} INFO - Sync 1 DAGs
[2023-12-03T23:12:04.725+0000] {logging_mixin.py:154} INFO - [2023-12-03T23:12:04.725+0000] {dag.py:3722} INFO - Setting next_dagrun for example_setup_teardown to 2023-12-02T23:12:04.725131+00:00, run_after=2023-12-03T23:12:04.725131+00:00
[2023-12-03T23:12:04.748+0000] {processor.py:179} INFO - Processing /home/ubuntu/redfin/lib/python3.10/site-packages/airflow/example_dags/example_setup_teardown.py took 0.079 seconds
[2023-12-03T23:12:48.590+0000] {processor.py:157} INFO - Started process (PID=4072) to work on /home/ubuntu/redfin/lib/python3.10/site-packages/airflow/example_dags/example_setup_teardown.py
[2023-12-03T23:12:48.591+0000] {processor.py:829} INFO - Processing file /home/ubuntu/redfin/lib/python3.10/site-packages/airflow/example_dags/example_setup_teardown.py for tasks to queue
[2023-12-03T23:12:48.592+0000] {logging_mixin.py:154} INFO - [2023-12-03T23:12:48.592+0000] {dagbag.py:536} INFO - Filling up the DagBag from /home/ubuntu/redfin/lib/python3.10/site-packages/airflow/example_dags/example_setup_teardown.py
[2023-12-03T23:12:48.600+0000] {processor.py:839} INFO - DAG(s) dict_keys(['example_setup_teardown']) retrieved from /home/ubuntu/redfin/lib/python3.10/site-packages/airflow/example_dags/example_setup_teardown.py
[2023-12-03T23:12:48.619+0000] {logging_mixin.py:154} INFO - [2023-12-03T23:12:48.619+0000] {dag.py:2941} INFO - Sync 1 DAGs
[2023-12-03T23:12:48.641+0000] {logging_mixin.py:154} INFO - [2023-12-03T23:12:48.641+0000] {dag.py:3722} INFO - Setting next_dagrun for example_setup_teardown to 2023-12-02T23:12:48.640868+00:00, run_after=2023-12-03T23:12:48.640868+00:00
[2023-12-03T23:12:48.663+0000] {processor.py:179} INFO - Processing /home/ubuntu/redfin/lib/python3.10/site-packages/airflow/example_dags/example_setup_teardown.py took 0.077 seconds
[2023-12-03T23:13:36.258+0000] {processor.py:157} INFO - Started process (PID=4125) to work on /home/ubuntu/redfin/lib/python3.10/site-packages/airflow/example_dags/example_setup_teardown.py
[2023-12-03T23:13:36.259+0000] {processor.py:829} INFO - Processing file /home/ubuntu/redfin/lib/python3.10/site-packages/airflow/example_dags/example_setup_teardown.py for tasks to queue
[2023-12-03T23:13:36.260+0000] {logging_mixin.py:154} INFO - [2023-12-03T23:13:36.260+0000] {dagbag.py:536} INFO - Filling up the DagBag from /home/ubuntu/redfin/lib/python3.10/site-packages/airflow/example_dags/example_setup_teardown.py
[2023-12-03T23:13:36.269+0000] {processor.py:839} INFO - DAG(s) dict_keys(['example_setup_teardown']) retrieved from /home/ubuntu/redfin/lib/python3.10/site-packages/airflow/example_dags/example_setup_teardown.py
[2023-12-03T23:13:36.287+0000] {logging_mixin.py:154} INFO - [2023-12-03T23:13:36.287+0000] {dag.py:2941} INFO - Sync 1 DAGs
[2023-12-03T23:13:36.308+0000] {logging_mixin.py:154} INFO - [2023-12-03T23:13:36.308+0000] {dag.py:3722} INFO - Setting next_dagrun for example_setup_teardown to 2023-12-02T23:13:36.308067+00:00, run_after=2023-12-03T23:13:36.308067+00:00
[2023-12-03T23:13:36.330+0000] {processor.py:179} INFO - Processing /home/ubuntu/redfin/lib/python3.10/site-packages/airflow/example_dags/example_setup_teardown.py took 0.076 seconds
[2023-12-03T23:14:24.189+0000] {processor.py:157} INFO - Started process (PID=4175) to work on /home/ubuntu/redfin/lib/python3.10/site-packages/airflow/example_dags/example_setup_teardown.py
[2023-12-03T23:14:24.190+0000] {processor.py:829} INFO - Processing file /home/ubuntu/redfin/lib/python3.10/site-packages/airflow/example_dags/example_setup_teardown.py for tasks to queue
[2023-12-03T23:14:24.191+0000] {logging_mixin.py:154} INFO - [2023-12-03T23:14:24.191+0000] {dagbag.py:536} INFO - Filling up the DagBag from /home/ubuntu/redfin/lib/python3.10/site-packages/airflow/example_dags/example_setup_teardown.py
[2023-12-03T23:14:24.199+0000] {processor.py:839} INFO - DAG(s) dict_keys(['example_setup_teardown']) retrieved from /home/ubuntu/redfin/lib/python3.10/site-packages/airflow/example_dags/example_setup_teardown.py
[2023-12-03T23:14:24.217+0000] {logging_mixin.py:154} INFO - [2023-12-03T23:14:24.217+0000] {dag.py:2941} INFO - Sync 1 DAGs
[2023-12-03T23:14:24.239+0000] {logging_mixin.py:154} INFO - [2023-12-03T23:14:24.239+0000] {dag.py:3722} INFO - Setting next_dagrun for example_setup_teardown to 2023-12-02T23:14:24.238730+00:00, run_after=2023-12-03T23:14:24.238730+00:00
[2023-12-03T23:14:24.262+0000] {processor.py:179} INFO - Processing /home/ubuntu/redfin/lib/python3.10/site-packages/airflow/example_dags/example_setup_teardown.py took 0.077 seconds
[2023-12-03T23:15:12.625+0000] {processor.py:157} INFO - Started process (PID=4230) to work on /home/ubuntu/redfin/lib/python3.10/site-packages/airflow/example_dags/example_setup_teardown.py
[2023-12-03T23:15:12.627+0000] {processor.py:829} INFO - Processing file /home/ubuntu/redfin/lib/python3.10/site-packages/airflow/example_dags/example_setup_teardown.py for tasks to queue
[2023-12-03T23:15:12.628+0000] {logging_mixin.py:154} INFO - [2023-12-03T23:15:12.627+0000] {dagbag.py:536} INFO - Filling up the DagBag from /home/ubuntu/redfin/lib/python3.10/site-packages/airflow/example_dags/example_setup_teardown.py
[2023-12-03T23:15:12.636+0000] {processor.py:839} INFO - DAG(s) dict_keys(['example_setup_teardown']) retrieved from /home/ubuntu/redfin/lib/python3.10/site-packages/airflow/example_dags/example_setup_teardown.py
[2023-12-03T23:15:12.654+0000] {logging_mixin.py:154} INFO - [2023-12-03T23:15:12.654+0000] {dag.py:2941} INFO - Sync 1 DAGs
[2023-12-03T23:15:12.676+0000] {logging_mixin.py:154} INFO - [2023-12-03T23:15:12.676+0000] {dag.py:3722} INFO - Setting next_dagrun for example_setup_teardown to 2023-12-02T23:15:12.676056+00:00, run_after=2023-12-03T23:15:12.676056+00:00
[2023-12-03T23:15:12.699+0000] {processor.py:179} INFO - Processing /home/ubuntu/redfin/lib/python3.10/site-packages/airflow/example_dags/example_setup_teardown.py took 0.077 seconds
[2023-12-03T23:16:01.289+0000] {processor.py:157} INFO - Started process (PID=4282) to work on /home/ubuntu/redfin/lib/python3.10/site-packages/airflow/example_dags/example_setup_teardown.py
[2023-12-03T23:16:01.291+0000] {processor.py:829} INFO - Processing file /home/ubuntu/redfin/lib/python3.10/site-packages/airflow/example_dags/example_setup_teardown.py for tasks to queue
[2023-12-03T23:16:01.292+0000] {logging_mixin.py:154} INFO - [2023-12-03T23:16:01.291+0000] {dagbag.py:536} INFO - Filling up the DagBag from /home/ubuntu/redfin/lib/python3.10/site-packages/airflow/example_dags/example_setup_teardown.py
[2023-12-03T23:16:01.300+0000] {processor.py:839} INFO - DAG(s) dict_keys(['example_setup_teardown']) retrieved from /home/ubuntu/redfin/lib/python3.10/site-packages/airflow/example_dags/example_setup_teardown.py
[2023-12-03T23:16:01.319+0000] {logging_mixin.py:154} INFO - [2023-12-03T23:16:01.318+0000] {dag.py:2941} INFO - Sync 1 DAGs
[2023-12-03T23:16:01.341+0000] {logging_mixin.py:154} INFO - [2023-12-03T23:16:01.341+0000] {dag.py:3722} INFO - Setting next_dagrun for example_setup_teardown to 2023-12-02T23:16:01.340764+00:00, run_after=2023-12-03T23:16:01.340764+00:00
[2023-12-03T23:16:01.363+0000] {processor.py:179} INFO - Processing /home/ubuntu/redfin/lib/python3.10/site-packages/airflow/example_dags/example_setup_teardown.py took 0.078 seconds
[2023-12-03T23:16:48.254+0000] {processor.py:157} INFO - Started process (PID=4336) to work on /home/ubuntu/redfin/lib/python3.10/site-packages/airflow/example_dags/example_setup_teardown.py
[2023-12-03T23:16:48.255+0000] {processor.py:829} INFO - Processing file /home/ubuntu/redfin/lib/python3.10/site-packages/airflow/example_dags/example_setup_teardown.py for tasks to queue
[2023-12-03T23:16:48.256+0000] {logging_mixin.py:154} INFO - [2023-12-03T23:16:48.256+0000] {dagbag.py:536} INFO - Filling up the DagBag from /home/ubuntu/redfin/lib/python3.10/site-packages/airflow/example_dags/example_setup_teardown.py
[2023-12-03T23:16:48.264+0000] {processor.py:839} INFO - DAG(s) dict_keys(['example_setup_teardown']) retrieved from /home/ubuntu/redfin/lib/python3.10/site-packages/airflow/example_dags/example_setup_teardown.py
[2023-12-03T23:16:48.283+0000] {logging_mixin.py:154} INFO - [2023-12-03T23:16:48.282+0000] {dag.py:2941} INFO - Sync 1 DAGs
[2023-12-03T23:16:48.304+0000] {logging_mixin.py:154} INFO - [2023-12-03T23:16:48.303+0000] {dag.py:3722} INFO - Setting next_dagrun for example_setup_teardown to 2023-12-02T23:16:48.303547+00:00, run_after=2023-12-03T23:16:48.303547+00:00
[2023-12-03T23:16:48.327+0000] {processor.py:179} INFO - Processing /home/ubuntu/redfin/lib/python3.10/site-packages/airflow/example_dags/example_setup_teardown.py took 0.076 seconds
[2023-12-03T23:17:34.963+0000] {processor.py:157} INFO - Started process (PID=4389) to work on /home/ubuntu/redfin/lib/python3.10/site-packages/airflow/example_dags/example_setup_teardown.py
[2023-12-03T23:17:34.964+0000] {processor.py:829} INFO - Processing file /home/ubuntu/redfin/lib/python3.10/site-packages/airflow/example_dags/example_setup_teardown.py for tasks to queue
[2023-12-03T23:17:34.965+0000] {logging_mixin.py:154} INFO - [2023-12-03T23:17:34.965+0000] {dagbag.py:536} INFO - Filling up the DagBag from /home/ubuntu/redfin/lib/python3.10/site-packages/airflow/example_dags/example_setup_teardown.py
[2023-12-03T23:17:34.973+0000] {processor.py:839} INFO - DAG(s) dict_keys(['example_setup_teardown']) retrieved from /home/ubuntu/redfin/lib/python3.10/site-packages/airflow/example_dags/example_setup_teardown.py
[2023-12-03T23:17:34.991+0000] {logging_mixin.py:154} INFO - [2023-12-03T23:17:34.991+0000] {dag.py:2941} INFO - Sync 1 DAGs
[2023-12-03T23:17:35.011+0000] {logging_mixin.py:154} INFO - [2023-12-03T23:17:35.011+0000] {dag.py:3722} INFO - Setting next_dagrun for example_setup_teardown to 2023-12-02T23:17:35.011342+00:00, run_after=2023-12-03T23:17:35.011342+00:00
[2023-12-03T23:17:35.033+0000] {processor.py:179} INFO - Processing /home/ubuntu/redfin/lib/python3.10/site-packages/airflow/example_dags/example_setup_teardown.py took 0.074 seconds
[2023-12-03T23:18:20.346+0000] {processor.py:157} INFO - Started process (PID=4439) to work on /home/ubuntu/redfin/lib/python3.10/site-packages/airflow/example_dags/example_setup_teardown.py
[2023-12-03T23:18:20.347+0000] {processor.py:829} INFO - Processing file /home/ubuntu/redfin/lib/python3.10/site-packages/airflow/example_dags/example_setup_teardown.py for tasks to queue
[2023-12-03T23:18:20.348+0000] {logging_mixin.py:154} INFO - [2023-12-03T23:18:20.348+0000] {dagbag.py:536} INFO - Filling up the DagBag from /home/ubuntu/redfin/lib/python3.10/site-packages/airflow/example_dags/example_setup_teardown.py
[2023-12-03T23:18:20.356+0000] {processor.py:839} INFO - DAG(s) dict_keys(['example_setup_teardown']) retrieved from /home/ubuntu/redfin/lib/python3.10/site-packages/airflow/example_dags/example_setup_teardown.py
[2023-12-03T23:18:20.374+0000] {logging_mixin.py:154} INFO - [2023-12-03T23:18:20.374+0000] {dag.py:2941} INFO - Sync 1 DAGs
[2023-12-03T23:18:20.395+0000] {logging_mixin.py:154} INFO - [2023-12-03T23:18:20.395+0000] {dag.py:3722} INFO - Setting next_dagrun for example_setup_teardown to 2023-12-02T23:18:20.394866+00:00, run_after=2023-12-03T23:18:20.394866+00:00
[2023-12-03T23:18:20.418+0000] {processor.py:179} INFO - Processing /home/ubuntu/redfin/lib/python3.10/site-packages/airflow/example_dags/example_setup_teardown.py took 0.076 seconds
[2023-12-03T23:19:03.263+0000] {processor.py:157} INFO - Started process (PID=4489) to work on /home/ubuntu/redfin/lib/python3.10/site-packages/airflow/example_dags/example_setup_teardown.py
[2023-12-03T23:19:03.264+0000] {processor.py:829} INFO - Processing file /home/ubuntu/redfin/lib/python3.10/site-packages/airflow/example_dags/example_setup_teardown.py for tasks to queue
[2023-12-03T23:19:03.265+0000] {logging_mixin.py:154} INFO - [2023-12-03T23:19:03.265+0000] {dagbag.py:536} INFO - Filling up the DagBag from /home/ubuntu/redfin/lib/python3.10/site-packages/airflow/example_dags/example_setup_teardown.py
[2023-12-03T23:19:03.274+0000] {processor.py:839} INFO - DAG(s) dict_keys(['example_setup_teardown']) retrieved from /home/ubuntu/redfin/lib/python3.10/site-packages/airflow/example_dags/example_setup_teardown.py
[2023-12-03T23:19:03.292+0000] {logging_mixin.py:154} INFO - [2023-12-03T23:19:03.291+0000] {dag.py:2941} INFO - Sync 1 DAGs
[2023-12-03T23:19:03.312+0000] {logging_mixin.py:154} INFO - [2023-12-03T23:19:03.312+0000] {dag.py:3722} INFO - Setting next_dagrun for example_setup_teardown to 2023-12-02T23:19:03.312121+00:00, run_after=2023-12-03T23:19:03.312121+00:00
[2023-12-03T23:19:03.334+0000] {processor.py:179} INFO - Processing /home/ubuntu/redfin/lib/python3.10/site-packages/airflow/example_dags/example_setup_teardown.py took 0.074 seconds
[2023-12-03T23:19:48.620+0000] {processor.py:157} INFO - Started process (PID=4538) to work on /home/ubuntu/redfin/lib/python3.10/site-packages/airflow/example_dags/example_setup_teardown.py
[2023-12-03T23:19:48.621+0000] {processor.py:829} INFO - Processing file /home/ubuntu/redfin/lib/python3.10/site-packages/airflow/example_dags/example_setup_teardown.py for tasks to queue
[2023-12-03T23:19:48.622+0000] {logging_mixin.py:154} INFO - [2023-12-03T23:19:48.622+0000] {dagbag.py:536} INFO - Filling up the DagBag from /home/ubuntu/redfin/lib/python3.10/site-packages/airflow/example_dags/example_setup_teardown.py
[2023-12-03T23:19:48.631+0000] {processor.py:839} INFO - DAG(s) dict_keys(['example_setup_teardown']) retrieved from /home/ubuntu/redfin/lib/python3.10/site-packages/airflow/example_dags/example_setup_teardown.py
[2023-12-03T23:19:48.650+0000] {logging_mixin.py:154} INFO - [2023-12-03T23:19:48.650+0000] {dag.py:2941} INFO - Sync 1 DAGs
[2023-12-03T23:19:48.673+0000] {logging_mixin.py:154} INFO - [2023-12-03T23:19:48.673+0000] {dag.py:3722} INFO - Setting next_dagrun for example_setup_teardown to 2023-12-02T23:19:48.672897+00:00, run_after=2023-12-03T23:19:48.672897+00:00
[2023-12-03T23:19:48.697+0000] {processor.py:179} INFO - Processing /home/ubuntu/redfin/lib/python3.10/site-packages/airflow/example_dags/example_setup_teardown.py took 0.082 seconds
[2023-12-03T23:20:30.822+0000] {processor.py:157} INFO - Started process (PID=4586) to work on /home/ubuntu/redfin/lib/python3.10/site-packages/airflow/example_dags/example_setup_teardown.py
[2023-12-03T23:20:30.824+0000] {processor.py:829} INFO - Processing file /home/ubuntu/redfin/lib/python3.10/site-packages/airflow/example_dags/example_setup_teardown.py for tasks to queue
[2023-12-03T23:20:30.825+0000] {logging_mixin.py:154} INFO - [2023-12-03T23:20:30.824+0000] {dagbag.py:536} INFO - Filling up the DagBag from /home/ubuntu/redfin/lib/python3.10/site-packages/airflow/example_dags/example_setup_teardown.py
[2023-12-03T23:20:30.833+0000] {processor.py:839} INFO - DAG(s) dict_keys(['example_setup_teardown']) retrieved from /home/ubuntu/redfin/lib/python3.10/site-packages/airflow/example_dags/example_setup_teardown.py
[2023-12-03T23:20:30.850+0000] {logging_mixin.py:154} INFO - [2023-12-03T23:20:30.850+0000] {dag.py:2941} INFO - Sync 1 DAGs
[2023-12-03T23:20:30.871+0000] {logging_mixin.py:154} INFO - [2023-12-03T23:20:30.871+0000] {dag.py:3722} INFO - Setting next_dagrun for example_setup_teardown to 2023-12-02T23:20:30.870829+00:00, run_after=2023-12-03T23:20:30.870829+00:00
[2023-12-03T23:20:30.893+0000] {processor.py:179} INFO - Processing /home/ubuntu/redfin/lib/python3.10/site-packages/airflow/example_dags/example_setup_teardown.py took 0.074 seconds
[2023-12-03T23:21:17.190+0000] {processor.py:157} INFO - Started process (PID=4638) to work on /home/ubuntu/redfin/lib/python3.10/site-packages/airflow/example_dags/example_setup_teardown.py
[2023-12-03T23:21:17.191+0000] {processor.py:829} INFO - Processing file /home/ubuntu/redfin/lib/python3.10/site-packages/airflow/example_dags/example_setup_teardown.py for tasks to queue
[2023-12-03T23:21:17.192+0000] {logging_mixin.py:154} INFO - [2023-12-03T23:21:17.192+0000] {dagbag.py:536} INFO - Filling up the DagBag from /home/ubuntu/redfin/lib/python3.10/site-packages/airflow/example_dags/example_setup_teardown.py
[2023-12-03T23:21:17.200+0000] {processor.py:839} INFO - DAG(s) dict_keys(['example_setup_teardown']) retrieved from /home/ubuntu/redfin/lib/python3.10/site-packages/airflow/example_dags/example_setup_teardown.py
[2023-12-03T23:21:17.218+0000] {logging_mixin.py:154} INFO - [2023-12-03T23:21:17.218+0000] {dag.py:2941} INFO - Sync 1 DAGs
[2023-12-03T23:21:17.240+0000] {logging_mixin.py:154} INFO - [2023-12-03T23:21:17.239+0000] {dag.py:3722} INFO - Setting next_dagrun for example_setup_teardown to 2023-12-02T23:21:17.238892+00:00, run_after=2023-12-03T23:21:17.238892+00:00
[2023-12-03T23:21:17.263+0000] {processor.py:179} INFO - Processing /home/ubuntu/redfin/lib/python3.10/site-packages/airflow/example_dags/example_setup_teardown.py took 0.077 seconds
[2023-12-03T23:22:07.445+0000] {processor.py:157} INFO - Started process (PID=4692) to work on /home/ubuntu/redfin/lib/python3.10/site-packages/airflow/example_dags/example_setup_teardown.py
[2023-12-03T23:22:07.447+0000] {processor.py:829} INFO - Processing file /home/ubuntu/redfin/lib/python3.10/site-packages/airflow/example_dags/example_setup_teardown.py for tasks to queue
[2023-12-03T23:22:07.448+0000] {logging_mixin.py:154} INFO - [2023-12-03T23:22:07.448+0000] {dagbag.py:536} INFO - Filling up the DagBag from /home/ubuntu/redfin/lib/python3.10/site-packages/airflow/example_dags/example_setup_teardown.py
[2023-12-03T23:22:07.456+0000] {processor.py:839} INFO - DAG(s) dict_keys(['example_setup_teardown']) retrieved from /home/ubuntu/redfin/lib/python3.10/site-packages/airflow/example_dags/example_setup_teardown.py
[2023-12-03T23:22:07.475+0000] {logging_mixin.py:154} INFO - [2023-12-03T23:22:07.475+0000] {dag.py:2941} INFO - Sync 1 DAGs
[2023-12-03T23:22:07.497+0000] {logging_mixin.py:154} INFO - [2023-12-03T23:22:07.496+0000] {dag.py:3722} INFO - Setting next_dagrun for example_setup_teardown to 2023-12-02T23:22:07.496527+00:00, run_after=2023-12-03T23:22:07.496527+00:00
[2023-12-03T23:22:07.518+0000] {processor.py:179} INFO - Processing /home/ubuntu/redfin/lib/python3.10/site-packages/airflow/example_dags/example_setup_teardown.py took 0.076 seconds
[2023-12-03T23:22:54.391+0000] {processor.py:157} INFO - Started process (PID=4746) to work on /home/ubuntu/redfin/lib/python3.10/site-packages/airflow/example_dags/example_setup_teardown.py
[2023-12-03T23:22:54.392+0000] {processor.py:829} INFO - Processing file /home/ubuntu/redfin/lib/python3.10/site-packages/airflow/example_dags/example_setup_teardown.py for tasks to queue
[2023-12-03T23:22:54.393+0000] {logging_mixin.py:154} INFO - [2023-12-03T23:22:54.393+0000] {dagbag.py:536} INFO - Filling up the DagBag from /home/ubuntu/redfin/lib/python3.10/site-packages/airflow/example_dags/example_setup_teardown.py
[2023-12-03T23:22:54.401+0000] {processor.py:839} INFO - DAG(s) dict_keys(['example_setup_teardown']) retrieved from /home/ubuntu/redfin/lib/python3.10/site-packages/airflow/example_dags/example_setup_teardown.py
[2023-12-03T23:22:54.419+0000] {logging_mixin.py:154} INFO - [2023-12-03T23:22:54.418+0000] {dag.py:2941} INFO - Sync 1 DAGs
[2023-12-03T23:22:54.440+0000] {logging_mixin.py:154} INFO - [2023-12-03T23:22:54.440+0000] {dag.py:3722} INFO - Setting next_dagrun for example_setup_teardown to 2023-12-02T23:22:54.439697+00:00, run_after=2023-12-03T23:22:54.439697+00:00
[2023-12-03T23:22:54.463+0000] {processor.py:179} INFO - Processing /home/ubuntu/redfin/lib/python3.10/site-packages/airflow/example_dags/example_setup_teardown.py took 0.075 seconds
[2023-12-03T23:23:40.258+0000] {processor.py:157} INFO - Started process (PID=4796) to work on /home/ubuntu/redfin/lib/python3.10/site-packages/airflow/example_dags/example_setup_teardown.py
[2023-12-03T23:23:40.259+0000] {processor.py:829} INFO - Processing file /home/ubuntu/redfin/lib/python3.10/site-packages/airflow/example_dags/example_setup_teardown.py for tasks to queue
[2023-12-03T23:23:40.260+0000] {logging_mixin.py:154} INFO - [2023-12-03T23:23:40.260+0000] {dagbag.py:536} INFO - Filling up the DagBag from /home/ubuntu/redfin/lib/python3.10/site-packages/airflow/example_dags/example_setup_teardown.py
[2023-12-03T23:23:40.269+0000] {processor.py:839} INFO - DAG(s) dict_keys(['example_setup_teardown']) retrieved from /home/ubuntu/redfin/lib/python3.10/site-packages/airflow/example_dags/example_setup_teardown.py
[2023-12-03T23:23:40.286+0000] {logging_mixin.py:154} INFO - [2023-12-03T23:23:40.286+0000] {dag.py:2941} INFO - Sync 1 DAGs
[2023-12-03T23:23:40.307+0000] {logging_mixin.py:154} INFO - [2023-12-03T23:23:40.307+0000] {dag.py:3722} INFO - Setting next_dagrun for example_setup_teardown to 2023-12-02T23:23:40.306984+00:00, run_after=2023-12-03T23:23:40.306984+00:00
[2023-12-03T23:23:40.329+0000] {processor.py:179} INFO - Processing /home/ubuntu/redfin/lib/python3.10/site-packages/airflow/example_dags/example_setup_teardown.py took 0.074 seconds
[2023-12-03T23:24:27.836+0000] {processor.py:157} INFO - Started process (PID=4847) to work on /home/ubuntu/redfin/lib/python3.10/site-packages/airflow/example_dags/example_setup_teardown.py
[2023-12-03T23:24:27.837+0000] {processor.py:829} INFO - Processing file /home/ubuntu/redfin/lib/python3.10/site-packages/airflow/example_dags/example_setup_teardown.py for tasks to queue
[2023-12-03T23:24:27.838+0000] {logging_mixin.py:154} INFO - [2023-12-03T23:24:27.838+0000] {dagbag.py:536} INFO - Filling up the DagBag from /home/ubuntu/redfin/lib/python3.10/site-packages/airflow/example_dags/example_setup_teardown.py
[2023-12-03T23:24:27.846+0000] {processor.py:839} INFO - DAG(s) dict_keys(['example_setup_teardown']) retrieved from /home/ubuntu/redfin/lib/python3.10/site-packages/airflow/example_dags/example_setup_teardown.py
[2023-12-03T23:24:27.865+0000] {logging_mixin.py:154} INFO - [2023-12-03T23:24:27.864+0000] {dag.py:2941} INFO - Sync 1 DAGs
[2023-12-03T23:24:27.886+0000] {logging_mixin.py:154} INFO - [2023-12-03T23:24:27.886+0000] {dag.py:3722} INFO - Setting next_dagrun for example_setup_teardown to 2023-12-02T23:24:27.886024+00:00, run_after=2023-12-03T23:24:27.886024+00:00
[2023-12-03T23:24:27.909+0000] {processor.py:179} INFO - Processing /home/ubuntu/redfin/lib/python3.10/site-packages/airflow/example_dags/example_setup_teardown.py took 0.077 seconds
[2023-12-03T23:25:17.335+0000] {processor.py:157} INFO - Started process (PID=4902) to work on /home/ubuntu/redfin/lib/python3.10/site-packages/airflow/example_dags/example_setup_teardown.py
[2023-12-03T23:25:17.336+0000] {processor.py:829} INFO - Processing file /home/ubuntu/redfin/lib/python3.10/site-packages/airflow/example_dags/example_setup_teardown.py for tasks to queue
[2023-12-03T23:25:17.337+0000] {logging_mixin.py:154} INFO - [2023-12-03T23:25:17.337+0000] {dagbag.py:536} INFO - Filling up the DagBag from /home/ubuntu/redfin/lib/python3.10/site-packages/airflow/example_dags/example_setup_teardown.py
[2023-12-03T23:25:17.345+0000] {processor.py:839} INFO - DAG(s) dict_keys(['example_setup_teardown']) retrieved from /home/ubuntu/redfin/lib/python3.10/site-packages/airflow/example_dags/example_setup_teardown.py
[2023-12-03T23:25:17.363+0000] {logging_mixin.py:154} INFO - [2023-12-03T23:25:17.363+0000] {dag.py:2941} INFO - Sync 1 DAGs
[2023-12-03T23:25:17.384+0000] {logging_mixin.py:154} INFO - [2023-12-03T23:25:17.383+0000] {dag.py:3722} INFO - Setting next_dagrun for example_setup_teardown to 2023-12-02T23:25:17.383674+00:00, run_after=2023-12-03T23:25:17.383674+00:00
[2023-12-03T23:25:17.406+0000] {processor.py:179} INFO - Processing /home/ubuntu/redfin/lib/python3.10/site-packages/airflow/example_dags/example_setup_teardown.py took 0.075 seconds
[2023-12-03T23:26:04.060+0000] {processor.py:157} INFO - Started process (PID=4953) to work on /home/ubuntu/redfin/lib/python3.10/site-packages/airflow/example_dags/example_setup_teardown.py
[2023-12-03T23:26:04.061+0000] {processor.py:829} INFO - Processing file /home/ubuntu/redfin/lib/python3.10/site-packages/airflow/example_dags/example_setup_teardown.py for tasks to queue
[2023-12-03T23:26:04.062+0000] {logging_mixin.py:154} INFO - [2023-12-03T23:26:04.061+0000] {dagbag.py:536} INFO - Filling up the DagBag from /home/ubuntu/redfin/lib/python3.10/site-packages/airflow/example_dags/example_setup_teardown.py
[2023-12-03T23:26:04.070+0000] {processor.py:839} INFO - DAG(s) dict_keys(['example_setup_teardown']) retrieved from /home/ubuntu/redfin/lib/python3.10/site-packages/airflow/example_dags/example_setup_teardown.py
[2023-12-03T23:26:04.088+0000] {logging_mixin.py:154} INFO - [2023-12-03T23:26:04.087+0000] {dag.py:2941} INFO - Sync 1 DAGs
[2023-12-03T23:26:04.108+0000] {logging_mixin.py:154} INFO - [2023-12-03T23:26:04.108+0000] {dag.py:3722} INFO - Setting next_dagrun for example_setup_teardown to 2023-12-02T23:26:04.108274+00:00, run_after=2023-12-03T23:26:04.108274+00:00
[2023-12-03T23:26:04.130+0000] {processor.py:179} INFO - Processing /home/ubuntu/redfin/lib/python3.10/site-packages/airflow/example_dags/example_setup_teardown.py took 0.074 seconds
[2023-12-03T23:26:50.613+0000] {processor.py:157} INFO - Started process (PID=5004) to work on /home/ubuntu/redfin/lib/python3.10/site-packages/airflow/example_dags/example_setup_teardown.py
[2023-12-03T23:26:50.614+0000] {processor.py:829} INFO - Processing file /home/ubuntu/redfin/lib/python3.10/site-packages/airflow/example_dags/example_setup_teardown.py for tasks to queue
[2023-12-03T23:26:50.615+0000] {logging_mixin.py:154} INFO - [2023-12-03T23:26:50.615+0000] {dagbag.py:536} INFO - Filling up the DagBag from /home/ubuntu/redfin/lib/python3.10/site-packages/airflow/example_dags/example_setup_teardown.py
[2023-12-03T23:26:50.624+0000] {processor.py:839} INFO - DAG(s) dict_keys(['example_setup_teardown']) retrieved from /home/ubuntu/redfin/lib/python3.10/site-packages/airflow/example_dags/example_setup_teardown.py
[2023-12-03T23:26:50.643+0000] {logging_mixin.py:154} INFO - [2023-12-03T23:26:50.642+0000] {dag.py:2941} INFO - Sync 1 DAGs
[2023-12-03T23:26:50.665+0000] {logging_mixin.py:154} INFO - [2023-12-03T23:26:50.665+0000] {dag.py:3722} INFO - Setting next_dagrun for example_setup_teardown to 2023-12-02T23:26:50.664937+00:00, run_after=2023-12-03T23:26:50.664937+00:00
[2023-12-03T23:26:50.688+0000] {processor.py:179} INFO - Processing /home/ubuntu/redfin/lib/python3.10/site-packages/airflow/example_dags/example_setup_teardown.py took 0.079 seconds
[2023-12-03T23:27:32.813+0000] {processor.py:157} INFO - Started process (PID=5051) to work on /home/ubuntu/redfin/lib/python3.10/site-packages/airflow/example_dags/example_setup_teardown.py
[2023-12-03T23:27:32.814+0000] {processor.py:829} INFO - Processing file /home/ubuntu/redfin/lib/python3.10/site-packages/airflow/example_dags/example_setup_teardown.py for tasks to queue
[2023-12-03T23:27:32.815+0000] {logging_mixin.py:154} INFO - [2023-12-03T23:27:32.814+0000] {dagbag.py:536} INFO - Filling up the DagBag from /home/ubuntu/redfin/lib/python3.10/site-packages/airflow/example_dags/example_setup_teardown.py
[2023-12-03T23:27:32.823+0000] {processor.py:839} INFO - DAG(s) dict_keys(['example_setup_teardown']) retrieved from /home/ubuntu/redfin/lib/python3.10/site-packages/airflow/example_dags/example_setup_teardown.py
[2023-12-03T23:27:32.841+0000] {logging_mixin.py:154} INFO - [2023-12-03T23:27:32.840+0000] {dag.py:2941} INFO - Sync 1 DAGs
[2023-12-03T23:27:32.861+0000] {logging_mixin.py:154} INFO - [2023-12-03T23:27:32.861+0000] {dag.py:3722} INFO - Setting next_dagrun for example_setup_teardown to 2023-12-02T23:27:32.861032+00:00, run_after=2023-12-03T23:27:32.861032+00:00
[2023-12-03T23:27:32.884+0000] {processor.py:179} INFO - Processing /home/ubuntu/redfin/lib/python3.10/site-packages/airflow/example_dags/example_setup_teardown.py took 0.075 seconds
[2023-12-03T23:28:17.261+0000] {processor.py:157} INFO - Started process (PID=5100) to work on /home/ubuntu/redfin/lib/python3.10/site-packages/airflow/example_dags/example_setup_teardown.py
[2023-12-03T23:28:17.262+0000] {processor.py:829} INFO - Processing file /home/ubuntu/redfin/lib/python3.10/site-packages/airflow/example_dags/example_setup_teardown.py for tasks to queue
[2023-12-03T23:28:17.263+0000] {logging_mixin.py:154} INFO - [2023-12-03T23:28:17.263+0000] {dagbag.py:536} INFO - Filling up the DagBag from /home/ubuntu/redfin/lib/python3.10/site-packages/airflow/example_dags/example_setup_teardown.py
[2023-12-03T23:28:17.271+0000] {processor.py:839} INFO - DAG(s) dict_keys(['example_setup_teardown']) retrieved from /home/ubuntu/redfin/lib/python3.10/site-packages/airflow/example_dags/example_setup_teardown.py
[2023-12-03T23:28:17.290+0000] {logging_mixin.py:154} INFO - [2023-12-03T23:28:17.289+0000] {dag.py:2941} INFO - Sync 1 DAGs
[2023-12-03T23:28:17.312+0000] {logging_mixin.py:154} INFO - [2023-12-03T23:28:17.312+0000] {dag.py:3722} INFO - Setting next_dagrun for example_setup_teardown to 2023-12-02T23:28:17.312033+00:00, run_after=2023-12-03T23:28:17.312033+00:00
[2023-12-03T23:28:17.336+0000] {processor.py:179} INFO - Processing /home/ubuntu/redfin/lib/python3.10/site-packages/airflow/example_dags/example_setup_teardown.py took 0.079 seconds
[2023-12-03T23:29:04.934+0000] {processor.py:157} INFO - Started process (PID=5151) to work on /home/ubuntu/redfin/lib/python3.10/site-packages/airflow/example_dags/example_setup_teardown.py
[2023-12-03T23:29:04.936+0000] {processor.py:829} INFO - Processing file /home/ubuntu/redfin/lib/python3.10/site-packages/airflow/example_dags/example_setup_teardown.py for tasks to queue
[2023-12-03T23:29:04.937+0000] {logging_mixin.py:154} INFO - [2023-12-03T23:29:04.937+0000] {dagbag.py:536} INFO - Filling up the DagBag from /home/ubuntu/redfin/lib/python3.10/site-packages/airflow/example_dags/example_setup_teardown.py
[2023-12-03T23:29:04.945+0000] {processor.py:839} INFO - DAG(s) dict_keys(['example_setup_teardown']) retrieved from /home/ubuntu/redfin/lib/python3.10/site-packages/airflow/example_dags/example_setup_teardown.py
[2023-12-03T23:29:04.962+0000] {logging_mixin.py:154} INFO - [2023-12-03T23:29:04.962+0000] {dag.py:2941} INFO - Sync 1 DAGs
[2023-12-03T23:29:04.983+0000] {logging_mixin.py:154} INFO - [2023-12-03T23:29:04.983+0000] {dag.py:3722} INFO - Setting next_dagrun for example_setup_teardown to 2023-12-02T23:29:04.983240+00:00, run_after=2023-12-03T23:29:04.983240+00:00
[2023-12-03T23:29:05.005+0000] {processor.py:179} INFO - Processing /home/ubuntu/redfin/lib/python3.10/site-packages/airflow/example_dags/example_setup_teardown.py took 0.075 seconds
[2023-12-03T23:29:53.947+0000] {processor.py:157} INFO - Started process (PID=5207) to work on /home/ubuntu/redfin/lib/python3.10/site-packages/airflow/example_dags/example_setup_teardown.py
[2023-12-03T23:29:53.948+0000] {processor.py:829} INFO - Processing file /home/ubuntu/redfin/lib/python3.10/site-packages/airflow/example_dags/example_setup_teardown.py for tasks to queue
[2023-12-03T23:29:53.949+0000] {logging_mixin.py:154} INFO - [2023-12-03T23:29:53.949+0000] {dagbag.py:536} INFO - Filling up the DagBag from /home/ubuntu/redfin/lib/python3.10/site-packages/airflow/example_dags/example_setup_teardown.py
[2023-12-03T23:29:53.957+0000] {processor.py:839} INFO - DAG(s) dict_keys(['example_setup_teardown']) retrieved from /home/ubuntu/redfin/lib/python3.10/site-packages/airflow/example_dags/example_setup_teardown.py
[2023-12-03T23:29:53.976+0000] {logging_mixin.py:154} INFO - [2023-12-03T23:29:53.975+0000] {dag.py:2941} INFO - Sync 1 DAGs
[2023-12-03T23:29:53.998+0000] {logging_mixin.py:154} INFO - [2023-12-03T23:29:53.998+0000] {dag.py:3722} INFO - Setting next_dagrun for example_setup_teardown to 2023-12-02T23:29:53.997640+00:00, run_after=2023-12-03T23:29:53.997640+00:00
[2023-12-03T23:29:54.022+0000] {processor.py:179} INFO - Processing /home/ubuntu/redfin/lib/python3.10/site-packages/airflow/example_dags/example_setup_teardown.py took 0.078 seconds
[2023-12-03T23:30:40.285+0000] {processor.py:157} INFO - Started process (PID=5258) to work on /home/ubuntu/redfin/lib/python3.10/site-packages/airflow/example_dags/example_setup_teardown.py
[2023-12-03T23:30:40.286+0000] {processor.py:829} INFO - Processing file /home/ubuntu/redfin/lib/python3.10/site-packages/airflow/example_dags/example_setup_teardown.py for tasks to queue
[2023-12-03T23:30:40.287+0000] {logging_mixin.py:154} INFO - [2023-12-03T23:30:40.287+0000] {dagbag.py:536} INFO - Filling up the DagBag from /home/ubuntu/redfin/lib/python3.10/site-packages/airflow/example_dags/example_setup_teardown.py
[2023-12-03T23:30:40.295+0000] {processor.py:839} INFO - DAG(s) dict_keys(['example_setup_teardown']) retrieved from /home/ubuntu/redfin/lib/python3.10/site-packages/airflow/example_dags/example_setup_teardown.py
[2023-12-03T23:30:40.313+0000] {logging_mixin.py:154} INFO - [2023-12-03T23:30:40.313+0000] {dag.py:2941} INFO - Sync 1 DAGs
[2023-12-03T23:30:40.333+0000] {logging_mixin.py:154} INFO - [2023-12-03T23:30:40.333+0000] {dag.py:3722} INFO - Setting next_dagrun for example_setup_teardown to 2023-12-02T23:30:40.333387+00:00, run_after=2023-12-03T23:30:40.333387+00:00
[2023-12-03T23:30:40.357+0000] {processor.py:179} INFO - Processing /home/ubuntu/redfin/lib/python3.10/site-packages/airflow/example_dags/example_setup_teardown.py took 0.075 seconds
[2023-12-03T23:31:27.250+0000] {processor.py:157} INFO - Started process (PID=5308) to work on /home/ubuntu/redfin/lib/python3.10/site-packages/airflow/example_dags/example_setup_teardown.py
[2023-12-03T23:31:27.252+0000] {processor.py:829} INFO - Processing file /home/ubuntu/redfin/lib/python3.10/site-packages/airflow/example_dags/example_setup_teardown.py for tasks to queue
[2023-12-03T23:31:27.253+0000] {logging_mixin.py:154} INFO - [2023-12-03T23:31:27.252+0000] {dagbag.py:536} INFO - Filling up the DagBag from /home/ubuntu/redfin/lib/python3.10/site-packages/airflow/example_dags/example_setup_teardown.py
[2023-12-03T23:31:27.261+0000] {processor.py:839} INFO - DAG(s) dict_keys(['example_setup_teardown']) retrieved from /home/ubuntu/redfin/lib/python3.10/site-packages/airflow/example_dags/example_setup_teardown.py
[2023-12-03T23:31:27.281+0000] {logging_mixin.py:154} INFO - [2023-12-03T23:31:27.280+0000] {dag.py:2941} INFO - Sync 1 DAGs
[2023-12-03T23:31:27.302+0000] {logging_mixin.py:154} INFO - [2023-12-03T23:31:27.302+0000] {dag.py:3722} INFO - Setting next_dagrun for example_setup_teardown to 2023-12-02T23:31:27.302261+00:00, run_after=2023-12-03T23:31:27.302261+00:00
[2023-12-03T23:31:27.326+0000] {processor.py:179} INFO - Processing /home/ubuntu/redfin/lib/python3.10/site-packages/airflow/example_dags/example_setup_teardown.py took 0.079 seconds
[2023-12-03T23:32:13.726+0000] {processor.py:157} INFO - Started process (PID=5361) to work on /home/ubuntu/redfin/lib/python3.10/site-packages/airflow/example_dags/example_setup_teardown.py
[2023-12-03T23:32:13.728+0000] {processor.py:829} INFO - Processing file /home/ubuntu/redfin/lib/python3.10/site-packages/airflow/example_dags/example_setup_teardown.py for tasks to queue
[2023-12-03T23:32:13.729+0000] {logging_mixin.py:154} INFO - [2023-12-03T23:32:13.728+0000] {dagbag.py:536} INFO - Filling up the DagBag from /home/ubuntu/redfin/lib/python3.10/site-packages/airflow/example_dags/example_setup_teardown.py
[2023-12-03T23:32:13.737+0000] {processor.py:839} INFO - DAG(s) dict_keys(['example_setup_teardown']) retrieved from /home/ubuntu/redfin/lib/python3.10/site-packages/airflow/example_dags/example_setup_teardown.py
[2023-12-03T23:32:13.756+0000] {logging_mixin.py:154} INFO - [2023-12-03T23:32:13.756+0000] {dag.py:2941} INFO - Sync 1 DAGs
[2023-12-03T23:32:13.778+0000] {logging_mixin.py:154} INFO - [2023-12-03T23:32:13.778+0000] {dag.py:3722} INFO - Setting next_dagrun for example_setup_teardown to 2023-12-02T23:32:13.777885+00:00, run_after=2023-12-03T23:32:13.777885+00:00
[2023-12-03T23:32:13.802+0000] {processor.py:179} INFO - Processing /home/ubuntu/redfin/lib/python3.10/site-packages/airflow/example_dags/example_setup_teardown.py took 0.080 seconds
[2023-12-03T23:32:58.587+0000] {processor.py:157} INFO - Started process (PID=5410) to work on /home/ubuntu/redfin/lib/python3.10/site-packages/airflow/example_dags/example_setup_teardown.py
[2023-12-03T23:32:58.588+0000] {processor.py:829} INFO - Processing file /home/ubuntu/redfin/lib/python3.10/site-packages/airflow/example_dags/example_setup_teardown.py for tasks to queue
[2023-12-03T23:32:58.589+0000] {logging_mixin.py:154} INFO - [2023-12-03T23:32:58.589+0000] {dagbag.py:536} INFO - Filling up the DagBag from /home/ubuntu/redfin/lib/python3.10/site-packages/airflow/example_dags/example_setup_teardown.py
[2023-12-03T23:32:58.597+0000] {processor.py:839} INFO - DAG(s) dict_keys(['example_setup_teardown']) retrieved from /home/ubuntu/redfin/lib/python3.10/site-packages/airflow/example_dags/example_setup_teardown.py
[2023-12-03T23:32:58.615+0000] {logging_mixin.py:154} INFO - [2023-12-03T23:32:58.615+0000] {dag.py:2941} INFO - Sync 1 DAGs
[2023-12-03T23:32:58.636+0000] {logging_mixin.py:154} INFO - [2023-12-03T23:32:58.636+0000] {dag.py:3722} INFO - Setting next_dagrun for example_setup_teardown to 2023-12-02T23:32:58.635711+00:00, run_after=2023-12-03T23:32:58.635711+00:00
[2023-12-03T23:32:58.658+0000] {processor.py:179} INFO - Processing /home/ubuntu/redfin/lib/python3.10/site-packages/airflow/example_dags/example_setup_teardown.py took 0.075 seconds
[2023-12-03T23:33:44.952+0000] {processor.py:157} INFO - Started process (PID=5460) to work on /home/ubuntu/redfin/lib/python3.10/site-packages/airflow/example_dags/example_setup_teardown.py
[2023-12-03T23:33:44.953+0000] {processor.py:829} INFO - Processing file /home/ubuntu/redfin/lib/python3.10/site-packages/airflow/example_dags/example_setup_teardown.py for tasks to queue
[2023-12-03T23:33:44.954+0000] {logging_mixin.py:154} INFO - [2023-12-03T23:33:44.954+0000] {dagbag.py:536} INFO - Filling up the DagBag from /home/ubuntu/redfin/lib/python3.10/site-packages/airflow/example_dags/example_setup_teardown.py
[2023-12-03T23:33:44.962+0000] {processor.py:839} INFO - DAG(s) dict_keys(['example_setup_teardown']) retrieved from /home/ubuntu/redfin/lib/python3.10/site-packages/airflow/example_dags/example_setup_teardown.py
[2023-12-03T23:33:44.979+0000] {logging_mixin.py:154} INFO - [2023-12-03T23:33:44.979+0000] {dag.py:2941} INFO - Sync 1 DAGs
[2023-12-03T23:33:45.001+0000] {logging_mixin.py:154} INFO - [2023-12-03T23:33:45.001+0000] {dag.py:3722} INFO - Setting next_dagrun for example_setup_teardown to 2023-12-02T23:33:44.999931+00:00, run_after=2023-12-03T23:33:44.999931+00:00
[2023-12-03T23:33:45.023+0000] {processor.py:179} INFO - Processing /home/ubuntu/redfin/lib/python3.10/site-packages/airflow/example_dags/example_setup_teardown.py took 0.075 seconds
[2023-12-03T23:34:31.908+0000] {processor.py:157} INFO - Started process (PID=5511) to work on /home/ubuntu/redfin/lib/python3.10/site-packages/airflow/example_dags/example_setup_teardown.py
[2023-12-03T23:34:31.910+0000] {processor.py:829} INFO - Processing file /home/ubuntu/redfin/lib/python3.10/site-packages/airflow/example_dags/example_setup_teardown.py for tasks to queue
[2023-12-03T23:34:31.910+0000] {logging_mixin.py:154} INFO - [2023-12-03T23:34:31.910+0000] {dagbag.py:536} INFO - Filling up the DagBag from /home/ubuntu/redfin/lib/python3.10/site-packages/airflow/example_dags/example_setup_teardown.py
[2023-12-03T23:34:31.919+0000] {processor.py:839} INFO - DAG(s) dict_keys(['example_setup_teardown']) retrieved from /home/ubuntu/redfin/lib/python3.10/site-packages/airflow/example_dags/example_setup_teardown.py
[2023-12-03T23:34:31.937+0000] {logging_mixin.py:154} INFO - [2023-12-03T23:34:31.937+0000] {dag.py:2941} INFO - Sync 1 DAGs
[2023-12-03T23:34:31.958+0000] {logging_mixin.py:154} INFO - [2023-12-03T23:34:31.958+0000] {dag.py:3722} INFO - Setting next_dagrun for example_setup_teardown to 2023-12-02T23:34:31.958121+00:00, run_after=2023-12-03T23:34:31.958121+00:00
[2023-12-03T23:34:31.981+0000] {processor.py:179} INFO - Processing /home/ubuntu/redfin/lib/python3.10/site-packages/airflow/example_dags/example_setup_teardown.py took 0.077 seconds
[2023-12-03T23:35:22.735+0000] {processor.py:157} INFO - Started process (PID=5566) to work on /home/ubuntu/redfin/lib/python3.10/site-packages/airflow/example_dags/example_setup_teardown.py
[2023-12-03T23:35:22.736+0000] {processor.py:829} INFO - Processing file /home/ubuntu/redfin/lib/python3.10/site-packages/airflow/example_dags/example_setup_teardown.py for tasks to queue
[2023-12-03T23:35:22.737+0000] {logging_mixin.py:154} INFO - [2023-12-03T23:35:22.737+0000] {dagbag.py:536} INFO - Filling up the DagBag from /home/ubuntu/redfin/lib/python3.10/site-packages/airflow/example_dags/example_setup_teardown.py
[2023-12-03T23:35:22.746+0000] {processor.py:839} INFO - DAG(s) dict_keys(['example_setup_teardown']) retrieved from /home/ubuntu/redfin/lib/python3.10/site-packages/airflow/example_dags/example_setup_teardown.py
[2023-12-03T23:35:22.764+0000] {logging_mixin.py:154} INFO - [2023-12-03T23:35:22.764+0000] {dag.py:2941} INFO - Sync 1 DAGs
[2023-12-03T23:35:22.786+0000] {logging_mixin.py:154} INFO - [2023-12-03T23:35:22.786+0000] {dag.py:3722} INFO - Setting next_dagrun for example_setup_teardown to 2023-12-02T23:35:22.786060+00:00, run_after=2023-12-03T23:35:22.786060+00:00
[2023-12-03T23:35:22.809+0000] {processor.py:179} INFO - Processing /home/ubuntu/redfin/lib/python3.10/site-packages/airflow/example_dags/example_setup_teardown.py took 0.077 seconds
[2023-12-03T23:36:11.432+0000] {processor.py:157} INFO - Started process (PID=5619) to work on /home/ubuntu/redfin/lib/python3.10/site-packages/airflow/example_dags/example_setup_teardown.py
[2023-12-03T23:36:11.433+0000] {processor.py:829} INFO - Processing file /home/ubuntu/redfin/lib/python3.10/site-packages/airflow/example_dags/example_setup_teardown.py for tasks to queue
[2023-12-03T23:36:11.434+0000] {logging_mixin.py:154} INFO - [2023-12-03T23:36:11.434+0000] {dagbag.py:536} INFO - Filling up the DagBag from /home/ubuntu/redfin/lib/python3.10/site-packages/airflow/example_dags/example_setup_teardown.py
[2023-12-03T23:36:11.442+0000] {processor.py:839} INFO - DAG(s) dict_keys(['example_setup_teardown']) retrieved from /home/ubuntu/redfin/lib/python3.10/site-packages/airflow/example_dags/example_setup_teardown.py
[2023-12-03T23:36:11.460+0000] {logging_mixin.py:154} INFO - [2023-12-03T23:36:11.460+0000] {dag.py:2941} INFO - Sync 1 DAGs
[2023-12-03T23:36:11.481+0000] {logging_mixin.py:154} INFO - [2023-12-03T23:36:11.481+0000] {dag.py:3722} INFO - Setting next_dagrun for example_setup_teardown to 2023-12-02T23:36:11.480804+00:00, run_after=2023-12-03T23:36:11.480804+00:00
[2023-12-03T23:36:11.503+0000] {processor.py:179} INFO - Processing /home/ubuntu/redfin/lib/python3.10/site-packages/airflow/example_dags/example_setup_teardown.py took 0.075 seconds
[2023-12-03T23:37:02.431+0000] {processor.py:157} INFO - Started process (PID=5675) to work on /home/ubuntu/redfin/lib/python3.10/site-packages/airflow/example_dags/example_setup_teardown.py
[2023-12-03T23:37:02.432+0000] {processor.py:829} INFO - Processing file /home/ubuntu/redfin/lib/python3.10/site-packages/airflow/example_dags/example_setup_teardown.py for tasks to queue
[2023-12-03T23:37:02.433+0000] {logging_mixin.py:154} INFO - [2023-12-03T23:37:02.433+0000] {dagbag.py:536} INFO - Filling up the DagBag from /home/ubuntu/redfin/lib/python3.10/site-packages/airflow/example_dags/example_setup_teardown.py
[2023-12-03T23:37:02.441+0000] {processor.py:839} INFO - DAG(s) dict_keys(['example_setup_teardown']) retrieved from /home/ubuntu/redfin/lib/python3.10/site-packages/airflow/example_dags/example_setup_teardown.py
[2023-12-03T23:37:02.459+0000] {logging_mixin.py:154} INFO - [2023-12-03T23:37:02.459+0000] {dag.py:2941} INFO - Sync 1 DAGs
[2023-12-03T23:37:02.480+0000] {logging_mixin.py:154} INFO - [2023-12-03T23:37:02.480+0000] {dag.py:3722} INFO - Setting next_dagrun for example_setup_teardown to 2023-12-02T23:37:02.480374+00:00, run_after=2023-12-03T23:37:02.480374+00:00
[2023-12-03T23:37:02.502+0000] {processor.py:179} INFO - Processing /home/ubuntu/redfin/lib/python3.10/site-packages/airflow/example_dags/example_setup_teardown.py took 0.075 seconds
[2023-12-03T23:37:48.078+0000] {processor.py:157} INFO - Started process (PID=5726) to work on /home/ubuntu/redfin/lib/python3.10/site-packages/airflow/example_dags/example_setup_teardown.py
[2023-12-03T23:37:48.080+0000] {processor.py:829} INFO - Processing file /home/ubuntu/redfin/lib/python3.10/site-packages/airflow/example_dags/example_setup_teardown.py for tasks to queue
[2023-12-03T23:37:48.081+0000] {logging_mixin.py:154} INFO - [2023-12-03T23:37:48.080+0000] {dagbag.py:536} INFO - Filling up the DagBag from /home/ubuntu/redfin/lib/python3.10/site-packages/airflow/example_dags/example_setup_teardown.py
[2023-12-03T23:37:48.089+0000] {processor.py:839} INFO - DAG(s) dict_keys(['example_setup_teardown']) retrieved from /home/ubuntu/redfin/lib/python3.10/site-packages/airflow/example_dags/example_setup_teardown.py
[2023-12-03T23:37:48.107+0000] {logging_mixin.py:154} INFO - [2023-12-03T23:37:48.107+0000] {dag.py:2941} INFO - Sync 1 DAGs
[2023-12-03T23:37:48.129+0000] {logging_mixin.py:154} INFO - [2023-12-03T23:37:48.128+0000] {dag.py:3722} INFO - Setting next_dagrun for example_setup_teardown to 2023-12-02T23:37:48.128542+00:00, run_after=2023-12-03T23:37:48.128542+00:00
[2023-12-03T23:37:48.151+0000] {processor.py:179} INFO - Processing /home/ubuntu/redfin/lib/python3.10/site-packages/airflow/example_dags/example_setup_teardown.py took 0.077 seconds
[2023-12-03T23:38:36.455+0000] {processor.py:157} INFO - Started process (PID=5777) to work on /home/ubuntu/redfin/lib/python3.10/site-packages/airflow/example_dags/example_setup_teardown.py
[2023-12-03T23:38:36.457+0000] {processor.py:829} INFO - Processing file /home/ubuntu/redfin/lib/python3.10/site-packages/airflow/example_dags/example_setup_teardown.py for tasks to queue
[2023-12-03T23:38:36.458+0000] {logging_mixin.py:154} INFO - [2023-12-03T23:38:36.458+0000] {dagbag.py:536} INFO - Filling up the DagBag from /home/ubuntu/redfin/lib/python3.10/site-packages/airflow/example_dags/example_setup_teardown.py
[2023-12-03T23:38:36.466+0000] {processor.py:839} INFO - DAG(s) dict_keys(['example_setup_teardown']) retrieved from /home/ubuntu/redfin/lib/python3.10/site-packages/airflow/example_dags/example_setup_teardown.py
[2023-12-03T23:38:36.485+0000] {logging_mixin.py:154} INFO - [2023-12-03T23:38:36.485+0000] {dag.py:2941} INFO - Sync 1 DAGs
[2023-12-03T23:38:36.507+0000] {logging_mixin.py:154} INFO - [2023-12-03T23:38:36.507+0000] {dag.py:3722} INFO - Setting next_dagrun for example_setup_teardown to 2023-12-02T23:38:36.506934+00:00, run_after=2023-12-03T23:38:36.506934+00:00
[2023-12-03T23:38:36.531+0000] {processor.py:179} INFO - Processing /home/ubuntu/redfin/lib/python3.10/site-packages/airflow/example_dags/example_setup_teardown.py took 0.079 seconds
[2023-12-03T23:39:22.817+0000] {processor.py:157} INFO - Started process (PID=5827) to work on /home/ubuntu/redfin/lib/python3.10/site-packages/airflow/example_dags/example_setup_teardown.py
[2023-12-03T23:39:22.819+0000] {processor.py:829} INFO - Processing file /home/ubuntu/redfin/lib/python3.10/site-packages/airflow/example_dags/example_setup_teardown.py for tasks to queue
[2023-12-03T23:39:22.820+0000] {logging_mixin.py:154} INFO - [2023-12-03T23:39:22.819+0000] {dagbag.py:536} INFO - Filling up the DagBag from /home/ubuntu/redfin/lib/python3.10/site-packages/airflow/example_dags/example_setup_teardown.py
[2023-12-03T23:39:22.828+0000] {processor.py:839} INFO - DAG(s) dict_keys(['example_setup_teardown']) retrieved from /home/ubuntu/redfin/lib/python3.10/site-packages/airflow/example_dags/example_setup_teardown.py
[2023-12-03T23:39:22.847+0000] {logging_mixin.py:154} INFO - [2023-12-03T23:39:22.846+0000] {dag.py:2941} INFO - Sync 1 DAGs
[2023-12-03T23:39:22.867+0000] {logging_mixin.py:154} INFO - [2023-12-03T23:39:22.867+0000] {dag.py:3722} INFO - Setting next_dagrun for example_setup_teardown to 2023-12-02T23:39:22.867414+00:00, run_after=2023-12-03T23:39:22.867414+00:00
[2023-12-03T23:39:22.892+0000] {processor.py:179} INFO - Processing /home/ubuntu/redfin/lib/python3.10/site-packages/airflow/example_dags/example_setup_teardown.py took 0.078 seconds
[2023-12-03T23:40:08.130+0000] {processor.py:157} INFO - Started process (PID=5877) to work on /home/ubuntu/redfin/lib/python3.10/site-packages/airflow/example_dags/example_setup_teardown.py
[2023-12-03T23:40:08.131+0000] {processor.py:829} INFO - Processing file /home/ubuntu/redfin/lib/python3.10/site-packages/airflow/example_dags/example_setup_teardown.py for tasks to queue
[2023-12-03T23:40:08.132+0000] {logging_mixin.py:154} INFO - [2023-12-03T23:40:08.132+0000] {dagbag.py:536} INFO - Filling up the DagBag from /home/ubuntu/redfin/lib/python3.10/site-packages/airflow/example_dags/example_setup_teardown.py
[2023-12-03T23:40:08.141+0000] {processor.py:839} INFO - DAG(s) dict_keys(['example_setup_teardown']) retrieved from /home/ubuntu/redfin/lib/python3.10/site-packages/airflow/example_dags/example_setup_teardown.py
[2023-12-03T23:40:08.160+0000] {logging_mixin.py:154} INFO - [2023-12-03T23:40:08.160+0000] {dag.py:2941} INFO - Sync 1 DAGs
[2023-12-03T23:40:08.183+0000] {logging_mixin.py:154} INFO - [2023-12-03T23:40:08.182+0000] {dag.py:3722} INFO - Setting next_dagrun for example_setup_teardown to 2023-12-02T23:40:08.182401+00:00, run_after=2023-12-03T23:40:08.182401+00:00
[2023-12-03T23:40:08.206+0000] {processor.py:179} INFO - Processing /home/ubuntu/redfin/lib/python3.10/site-packages/airflow/example_dags/example_setup_teardown.py took 0.080 seconds
[2023-12-03T23:40:58.480+0000] {processor.py:157} INFO - Started process (PID=5933) to work on /home/ubuntu/redfin/lib/python3.10/site-packages/airflow/example_dags/example_setup_teardown.py
[2023-12-03T23:40:58.482+0000] {processor.py:829} INFO - Processing file /home/ubuntu/redfin/lib/python3.10/site-packages/airflow/example_dags/example_setup_teardown.py for tasks to queue
[2023-12-03T23:40:58.482+0000] {logging_mixin.py:154} INFO - [2023-12-03T23:40:58.482+0000] {dagbag.py:536} INFO - Filling up the DagBag from /home/ubuntu/redfin/lib/python3.10/site-packages/airflow/example_dags/example_setup_teardown.py
[2023-12-03T23:40:58.491+0000] {processor.py:839} INFO - DAG(s) dict_keys(['example_setup_teardown']) retrieved from /home/ubuntu/redfin/lib/python3.10/site-packages/airflow/example_dags/example_setup_teardown.py
[2023-12-03T23:40:58.508+0000] {logging_mixin.py:154} INFO - [2023-12-03T23:40:58.508+0000] {dag.py:2941} INFO - Sync 1 DAGs
[2023-12-03T23:40:58.529+0000] {logging_mixin.py:154} INFO - [2023-12-03T23:40:58.529+0000] {dag.py:3722} INFO - Setting next_dagrun for example_setup_teardown to 2023-12-02T23:40:58.528959+00:00, run_after=2023-12-03T23:40:58.528959+00:00
[2023-12-03T23:40:58.551+0000] {processor.py:179} INFO - Processing /home/ubuntu/redfin/lib/python3.10/site-packages/airflow/example_dags/example_setup_teardown.py took 0.075 seconds
[2023-12-03T23:41:44.660+0000] {processor.py:157} INFO - Started process (PID=5984) to work on /home/ubuntu/redfin/lib/python3.10/site-packages/airflow/example_dags/example_setup_teardown.py
[2023-12-03T23:41:44.661+0000] {processor.py:829} INFO - Processing file /home/ubuntu/redfin/lib/python3.10/site-packages/airflow/example_dags/example_setup_teardown.py for tasks to queue
[2023-12-03T23:41:44.662+0000] {logging_mixin.py:154} INFO - [2023-12-03T23:41:44.661+0000] {dagbag.py:536} INFO - Filling up the DagBag from /home/ubuntu/redfin/lib/python3.10/site-packages/airflow/example_dags/example_setup_teardown.py
[2023-12-03T23:41:44.670+0000] {processor.py:839} INFO - DAG(s) dict_keys(['example_setup_teardown']) retrieved from /home/ubuntu/redfin/lib/python3.10/site-packages/airflow/example_dags/example_setup_teardown.py
[2023-12-03T23:41:44.688+0000] {logging_mixin.py:154} INFO - [2023-12-03T23:41:44.688+0000] {dag.py:2941} INFO - Sync 1 DAGs
[2023-12-03T23:41:44.709+0000] {logging_mixin.py:154} INFO - [2023-12-03T23:41:44.709+0000] {dag.py:3722} INFO - Setting next_dagrun for example_setup_teardown to 2023-12-02T23:41:44.708976+00:00, run_after=2023-12-03T23:41:44.708976+00:00
[2023-12-03T23:41:44.731+0000] {processor.py:179} INFO - Processing /home/ubuntu/redfin/lib/python3.10/site-packages/airflow/example_dags/example_setup_teardown.py took 0.075 seconds
[2023-12-03T23:42:32.127+0000] {processor.py:157} INFO - Started process (PID=6034) to work on /home/ubuntu/redfin/lib/python3.10/site-packages/airflow/example_dags/example_setup_teardown.py
[2023-12-03T23:42:32.128+0000] {processor.py:829} INFO - Processing file /home/ubuntu/redfin/lib/python3.10/site-packages/airflow/example_dags/example_setup_teardown.py for tasks to queue
[2023-12-03T23:42:32.129+0000] {logging_mixin.py:154} INFO - [2023-12-03T23:42:32.129+0000] {dagbag.py:536} INFO - Filling up the DagBag from /home/ubuntu/redfin/lib/python3.10/site-packages/airflow/example_dags/example_setup_teardown.py
[2023-12-03T23:42:32.137+0000] {processor.py:839} INFO - DAG(s) dict_keys(['example_setup_teardown']) retrieved from /home/ubuntu/redfin/lib/python3.10/site-packages/airflow/example_dags/example_setup_teardown.py
[2023-12-03T23:42:32.156+0000] {logging_mixin.py:154} INFO - [2023-12-03T23:42:32.155+0000] {dag.py:2941} INFO - Sync 1 DAGs
[2023-12-03T23:42:32.178+0000] {logging_mixin.py:154} INFO - [2023-12-03T23:42:32.178+0000] {dag.py:3722} INFO - Setting next_dagrun for example_setup_teardown to 2023-12-02T23:42:32.177796+00:00, run_after=2023-12-03T23:42:32.177796+00:00
[2023-12-03T23:42:32.201+0000] {processor.py:179} INFO - Processing /home/ubuntu/redfin/lib/python3.10/site-packages/airflow/example_dags/example_setup_teardown.py took 0.078 seconds
[2023-12-03T23:43:17.075+0000] {processor.py:157} INFO - Started process (PID=6084) to work on /home/ubuntu/redfin/lib/python3.10/site-packages/airflow/example_dags/example_setup_teardown.py
[2023-12-03T23:43:17.076+0000] {processor.py:829} INFO - Processing file /home/ubuntu/redfin/lib/python3.10/site-packages/airflow/example_dags/example_setup_teardown.py for tasks to queue
[2023-12-03T23:43:17.077+0000] {logging_mixin.py:154} INFO - [2023-12-03T23:43:17.077+0000] {dagbag.py:536} INFO - Filling up the DagBag from /home/ubuntu/redfin/lib/python3.10/site-packages/airflow/example_dags/example_setup_teardown.py
[2023-12-03T23:43:17.085+0000] {processor.py:839} INFO - DAG(s) dict_keys(['example_setup_teardown']) retrieved from /home/ubuntu/redfin/lib/python3.10/site-packages/airflow/example_dags/example_setup_teardown.py
[2023-12-03T23:43:17.103+0000] {logging_mixin.py:154} INFO - [2023-12-03T23:43:17.103+0000] {dag.py:2941} INFO - Sync 1 DAGs
[2023-12-03T23:43:17.124+0000] {logging_mixin.py:154} INFO - [2023-12-03T23:43:17.124+0000] {dag.py:3722} INFO - Setting next_dagrun for example_setup_teardown to 2023-12-02T23:43:17.124191+00:00, run_after=2023-12-03T23:43:17.124191+00:00
[2023-12-03T23:43:17.146+0000] {processor.py:179} INFO - Processing /home/ubuntu/redfin/lib/python3.10/site-packages/airflow/example_dags/example_setup_teardown.py took 0.076 seconds
[2023-12-03T23:44:07.114+0000] {processor.py:157} INFO - Started process (PID=6393) to work on /home/ubuntu/redfin/lib/python3.10/site-packages/airflow/example_dags/example_setup_teardown.py
[2023-12-03T23:44:07.115+0000] {processor.py:829} INFO - Processing file /home/ubuntu/redfin/lib/python3.10/site-packages/airflow/example_dags/example_setup_teardown.py for tasks to queue
[2023-12-03T23:44:07.116+0000] {logging_mixin.py:154} INFO - [2023-12-03T23:44:07.116+0000] {dagbag.py:536} INFO - Filling up the DagBag from /home/ubuntu/redfin/lib/python3.10/site-packages/airflow/example_dags/example_setup_teardown.py
[2023-12-03T23:44:07.125+0000] {processor.py:839} INFO - DAG(s) dict_keys(['example_setup_teardown']) retrieved from /home/ubuntu/redfin/lib/python3.10/site-packages/airflow/example_dags/example_setup_teardown.py
[2023-12-03T23:44:07.142+0000] {logging_mixin.py:154} INFO - [2023-12-03T23:44:07.142+0000] {dag.py:2941} INFO - Sync 1 DAGs
[2023-12-03T23:44:07.164+0000] {logging_mixin.py:154} INFO - [2023-12-03T23:44:07.163+0000] {dag.py:3722} INFO - Setting next_dagrun for example_setup_teardown to 2023-12-02T23:44:07.163637+00:00, run_after=2023-12-03T23:44:07.163637+00:00
[2023-12-03T23:44:07.187+0000] {processor.py:179} INFO - Processing /home/ubuntu/redfin/lib/python3.10/site-packages/airflow/example_dags/example_setup_teardown.py took 0.076 seconds
[2023-12-03T23:44:50.706+0000] {processor.py:157} INFO - Started process (PID=6598) to work on /home/ubuntu/redfin/lib/python3.10/site-packages/airflow/example_dags/example_setup_teardown.py
[2023-12-03T23:44:50.707+0000] {processor.py:829} INFO - Processing file /home/ubuntu/redfin/lib/python3.10/site-packages/airflow/example_dags/example_setup_teardown.py for tasks to queue
[2023-12-03T23:44:50.708+0000] {logging_mixin.py:154} INFO - [2023-12-03T23:44:50.708+0000] {dagbag.py:536} INFO - Filling up the DagBag from /home/ubuntu/redfin/lib/python3.10/site-packages/airflow/example_dags/example_setup_teardown.py
[2023-12-03T23:44:50.716+0000] {processor.py:839} INFO - DAG(s) dict_keys(['example_setup_teardown']) retrieved from /home/ubuntu/redfin/lib/python3.10/site-packages/airflow/example_dags/example_setup_teardown.py
[2023-12-03T23:44:50.734+0000] {logging_mixin.py:154} INFO - [2023-12-03T23:44:50.734+0000] {dag.py:2941} INFO - Sync 1 DAGs
[2023-12-03T23:44:50.755+0000] {logging_mixin.py:154} INFO - [2023-12-03T23:44:50.755+0000] {dag.py:3722} INFO - Setting next_dagrun for example_setup_teardown to 2023-12-02T23:44:50.755372+00:00, run_after=2023-12-03T23:44:50.755372+00:00
[2023-12-03T23:44:50.777+0000] {processor.py:179} INFO - Processing /home/ubuntu/redfin/lib/python3.10/site-packages/airflow/example_dags/example_setup_teardown.py took 0.075 seconds
[2023-12-03T23:45:34.791+0000] {processor.py:157} INFO - Started process (PID=6647) to work on /home/ubuntu/redfin/lib/python3.10/site-packages/airflow/example_dags/example_setup_teardown.py
[2023-12-03T23:45:34.792+0000] {processor.py:829} INFO - Processing file /home/ubuntu/redfin/lib/python3.10/site-packages/airflow/example_dags/example_setup_teardown.py for tasks to queue
[2023-12-03T23:45:34.793+0000] {logging_mixin.py:154} INFO - [2023-12-03T23:45:34.793+0000] {dagbag.py:536} INFO - Filling up the DagBag from /home/ubuntu/redfin/lib/python3.10/site-packages/airflow/example_dags/example_setup_teardown.py
[2023-12-03T23:45:34.801+0000] {processor.py:839} INFO - DAG(s) dict_keys(['example_setup_teardown']) retrieved from /home/ubuntu/redfin/lib/python3.10/site-packages/airflow/example_dags/example_setup_teardown.py
[2023-12-03T23:45:34.819+0000] {logging_mixin.py:154} INFO - [2023-12-03T23:45:34.819+0000] {dag.py:2941} INFO - Sync 1 DAGs
[2023-12-03T23:45:34.841+0000] {logging_mixin.py:154} INFO - [2023-12-03T23:45:34.841+0000] {dag.py:3722} INFO - Setting next_dagrun for example_setup_teardown to 2023-12-02T23:45:34.840914+00:00, run_after=2023-12-03T23:45:34.840914+00:00
[2023-12-03T23:45:34.863+0000] {processor.py:179} INFO - Processing /home/ubuntu/redfin/lib/python3.10/site-packages/airflow/example_dags/example_setup_teardown.py took 0.076 seconds
[2023-12-03T23:46:18.141+0000] {processor.py:157} INFO - Started process (PID=6696) to work on /home/ubuntu/redfin/lib/python3.10/site-packages/airflow/example_dags/example_setup_teardown.py
[2023-12-03T23:46:18.143+0000] {processor.py:829} INFO - Processing file /home/ubuntu/redfin/lib/python3.10/site-packages/airflow/example_dags/example_setup_teardown.py for tasks to queue
[2023-12-03T23:46:18.144+0000] {logging_mixin.py:154} INFO - [2023-12-03T23:46:18.143+0000] {dagbag.py:536} INFO - Filling up the DagBag from /home/ubuntu/redfin/lib/python3.10/site-packages/airflow/example_dags/example_setup_teardown.py
[2023-12-03T23:46:18.152+0000] {processor.py:839} INFO - DAG(s) dict_keys(['example_setup_teardown']) retrieved from /home/ubuntu/redfin/lib/python3.10/site-packages/airflow/example_dags/example_setup_teardown.py
[2023-12-03T23:46:18.171+0000] {logging_mixin.py:154} INFO - [2023-12-03T23:46:18.171+0000] {dag.py:2941} INFO - Sync 1 DAGs
[2023-12-03T23:46:18.193+0000] {logging_mixin.py:154} INFO - [2023-12-03T23:46:18.193+0000] {dag.py:3722} INFO - Setting next_dagrun for example_setup_teardown to 2023-12-02T23:46:18.192646+00:00, run_after=2023-12-03T23:46:18.192646+00:00
[2023-12-03T23:46:18.215+0000] {processor.py:179} INFO - Processing /home/ubuntu/redfin/lib/python3.10/site-packages/airflow/example_dags/example_setup_teardown.py took 0.078 seconds
[2023-12-03T23:47:05.210+0000] {processor.py:157} INFO - Started process (PID=6752) to work on /home/ubuntu/redfin/lib/python3.10/site-packages/airflow/example_dags/example_setup_teardown.py
[2023-12-03T23:47:05.211+0000] {processor.py:829} INFO - Processing file /home/ubuntu/redfin/lib/python3.10/site-packages/airflow/example_dags/example_setup_teardown.py for tasks to queue
[2023-12-03T23:47:05.212+0000] {logging_mixin.py:154} INFO - [2023-12-03T23:47:05.212+0000] {dagbag.py:536} INFO - Filling up the DagBag from /home/ubuntu/redfin/lib/python3.10/site-packages/airflow/example_dags/example_setup_teardown.py
[2023-12-03T23:47:05.220+0000] {processor.py:839} INFO - DAG(s) dict_keys(['example_setup_teardown']) retrieved from /home/ubuntu/redfin/lib/python3.10/site-packages/airflow/example_dags/example_setup_teardown.py
[2023-12-03T23:47:05.238+0000] {logging_mixin.py:154} INFO - [2023-12-03T23:47:05.238+0000] {dag.py:2941} INFO - Sync 1 DAGs
[2023-12-03T23:47:05.261+0000] {logging_mixin.py:154} INFO - [2023-12-03T23:47:05.260+0000] {dag.py:3722} INFO - Setting next_dagrun for example_setup_teardown to 2023-12-02T23:47:05.260336+00:00, run_after=2023-12-03T23:47:05.260336+00:00
[2023-12-03T23:47:05.283+0000] {processor.py:179} INFO - Processing /home/ubuntu/redfin/lib/python3.10/site-packages/airflow/example_dags/example_setup_teardown.py took 0.077 seconds
[2023-12-03T23:47:55.076+0000] {processor.py:157} INFO - Started process (PID=6838) to work on /home/ubuntu/redfin/lib/python3.10/site-packages/airflow/example_dags/example_setup_teardown.py
[2023-12-03T23:47:55.078+0000] {processor.py:829} INFO - Processing file /home/ubuntu/redfin/lib/python3.10/site-packages/airflow/example_dags/example_setup_teardown.py for tasks to queue
[2023-12-03T23:47:55.079+0000] {logging_mixin.py:154} INFO - [2023-12-03T23:47:55.078+0000] {dagbag.py:536} INFO - Filling up the DagBag from /home/ubuntu/redfin/lib/python3.10/site-packages/airflow/example_dags/example_setup_teardown.py
[2023-12-03T23:47:55.087+0000] {processor.py:839} INFO - DAG(s) dict_keys(['example_setup_teardown']) retrieved from /home/ubuntu/redfin/lib/python3.10/site-packages/airflow/example_dags/example_setup_teardown.py
[2023-12-03T23:47:55.105+0000] {logging_mixin.py:154} INFO - [2023-12-03T23:47:55.105+0000] {dag.py:2941} INFO - Sync 1 DAGs
[2023-12-03T23:47:55.125+0000] {logging_mixin.py:154} INFO - [2023-12-03T23:47:55.125+0000] {dag.py:3722} INFO - Setting next_dagrun for example_setup_teardown to 2023-12-02T23:47:55.125265+00:00, run_after=2023-12-03T23:47:55.125265+00:00
[2023-12-03T23:47:55.149+0000] {processor.py:179} INFO - Processing /home/ubuntu/redfin/lib/python3.10/site-packages/airflow/example_dags/example_setup_teardown.py took 0.076 seconds
[2023-12-03T23:48:43.344+0000] {processor.py:157} INFO - Started process (PID=6892) to work on /home/ubuntu/redfin/lib/python3.10/site-packages/airflow/example_dags/example_setup_teardown.py
[2023-12-03T23:48:43.346+0000] {processor.py:829} INFO - Processing file /home/ubuntu/redfin/lib/python3.10/site-packages/airflow/example_dags/example_setup_teardown.py for tasks to queue
[2023-12-03T23:48:43.347+0000] {logging_mixin.py:154} INFO - [2023-12-03T23:48:43.346+0000] {dagbag.py:536} INFO - Filling up the DagBag from /home/ubuntu/redfin/lib/python3.10/site-packages/airflow/example_dags/example_setup_teardown.py
[2023-12-03T23:48:43.355+0000] {processor.py:839} INFO - DAG(s) dict_keys(['example_setup_teardown']) retrieved from /home/ubuntu/redfin/lib/python3.10/site-packages/airflow/example_dags/example_setup_teardown.py
[2023-12-03T23:48:43.373+0000] {logging_mixin.py:154} INFO - [2023-12-03T23:48:43.373+0000] {dag.py:2941} INFO - Sync 1 DAGs
[2023-12-03T23:48:43.395+0000] {logging_mixin.py:154} INFO - [2023-12-03T23:48:43.394+0000] {dag.py:3722} INFO - Setting next_dagrun for example_setup_teardown to 2023-12-02T23:48:43.394583+00:00, run_after=2023-12-03T23:48:43.394583+00:00
[2023-12-03T23:48:43.417+0000] {processor.py:179} INFO - Processing /home/ubuntu/redfin/lib/python3.10/site-packages/airflow/example_dags/example_setup_teardown.py took 0.076 seconds
[2023-12-03T23:49:34.852+0000] {processor.py:157} INFO - Started process (PID=6949) to work on /home/ubuntu/redfin/lib/python3.10/site-packages/airflow/example_dags/example_setup_teardown.py
[2023-12-03T23:49:34.854+0000] {processor.py:829} INFO - Processing file /home/ubuntu/redfin/lib/python3.10/site-packages/airflow/example_dags/example_setup_teardown.py for tasks to queue
[2023-12-03T23:49:34.855+0000] {logging_mixin.py:154} INFO - [2023-12-03T23:49:34.854+0000] {dagbag.py:536} INFO - Filling up the DagBag from /home/ubuntu/redfin/lib/python3.10/site-packages/airflow/example_dags/example_setup_teardown.py
[2023-12-03T23:49:34.863+0000] {processor.py:839} INFO - DAG(s) dict_keys(['example_setup_teardown']) retrieved from /home/ubuntu/redfin/lib/python3.10/site-packages/airflow/example_dags/example_setup_teardown.py
[2023-12-03T23:49:34.881+0000] {logging_mixin.py:154} INFO - [2023-12-03T23:49:34.881+0000] {dag.py:2941} INFO - Sync 1 DAGs
[2023-12-03T23:49:34.903+0000] {logging_mixin.py:154} INFO - [2023-12-03T23:49:34.902+0000] {dag.py:3722} INFO - Setting next_dagrun for example_setup_teardown to 2023-12-02T23:49:34.902476+00:00, run_after=2023-12-03T23:49:34.902476+00:00
[2023-12-03T23:49:34.926+0000] {processor.py:179} INFO - Processing /home/ubuntu/redfin/lib/python3.10/site-packages/airflow/example_dags/example_setup_teardown.py took 0.078 seconds
[2023-12-03T23:50:21.479+0000] {processor.py:157} INFO - Started process (PID=7000) to work on /home/ubuntu/redfin/lib/python3.10/site-packages/airflow/example_dags/example_setup_teardown.py
[2023-12-03T23:50:21.481+0000] {processor.py:829} INFO - Processing file /home/ubuntu/redfin/lib/python3.10/site-packages/airflow/example_dags/example_setup_teardown.py for tasks to queue
[2023-12-03T23:50:21.482+0000] {logging_mixin.py:154} INFO - [2023-12-03T23:50:21.481+0000] {dagbag.py:536} INFO - Filling up the DagBag from /home/ubuntu/redfin/lib/python3.10/site-packages/airflow/example_dags/example_setup_teardown.py
[2023-12-03T23:50:21.490+0000] {processor.py:839} INFO - DAG(s) dict_keys(['example_setup_teardown']) retrieved from /home/ubuntu/redfin/lib/python3.10/site-packages/airflow/example_dags/example_setup_teardown.py
[2023-12-03T23:50:21.509+0000] {logging_mixin.py:154} INFO - [2023-12-03T23:50:21.509+0000] {dag.py:2941} INFO - Sync 1 DAGs
[2023-12-03T23:50:21.531+0000] {logging_mixin.py:154} INFO - [2023-12-03T23:50:21.531+0000] {dag.py:3722} INFO - Setting next_dagrun for example_setup_teardown to 2023-12-02T23:50:21.531009+00:00, run_after=2023-12-03T23:50:21.531009+00:00
[2023-12-03T23:50:21.555+0000] {processor.py:179} INFO - Processing /home/ubuntu/redfin/lib/python3.10/site-packages/airflow/example_dags/example_setup_teardown.py took 0.080 seconds
[2023-12-03T23:51:09.224+0000] {processor.py:157} INFO - Started process (PID=7055) to work on /home/ubuntu/redfin/lib/python3.10/site-packages/airflow/example_dags/example_setup_teardown.py
[2023-12-03T23:51:09.225+0000] {processor.py:829} INFO - Processing file /home/ubuntu/redfin/lib/python3.10/site-packages/airflow/example_dags/example_setup_teardown.py for tasks to queue
[2023-12-03T23:51:09.226+0000] {logging_mixin.py:154} INFO - [2023-12-03T23:51:09.226+0000] {dagbag.py:536} INFO - Filling up the DagBag from /home/ubuntu/redfin/lib/python3.10/site-packages/airflow/example_dags/example_setup_teardown.py
[2023-12-03T23:51:09.234+0000] {processor.py:839} INFO - DAG(s) dict_keys(['example_setup_teardown']) retrieved from /home/ubuntu/redfin/lib/python3.10/site-packages/airflow/example_dags/example_setup_teardown.py
[2023-12-03T23:51:09.252+0000] {logging_mixin.py:154} INFO - [2023-12-03T23:51:09.252+0000] {dag.py:2941} INFO - Sync 1 DAGs
[2023-12-03T23:51:09.274+0000] {logging_mixin.py:154} INFO - [2023-12-03T23:51:09.273+0000] {dag.py:3722} INFO - Setting next_dagrun for example_setup_teardown to 2023-12-02T23:51:09.273512+00:00, run_after=2023-12-03T23:51:09.273512+00:00
[2023-12-03T23:51:09.296+0000] {processor.py:179} INFO - Processing /home/ubuntu/redfin/lib/python3.10/site-packages/airflow/example_dags/example_setup_teardown.py took 0.075 seconds
[2023-12-03T23:51:56.695+0000] {processor.py:157} INFO - Started process (PID=7106) to work on /home/ubuntu/redfin/lib/python3.10/site-packages/airflow/example_dags/example_setup_teardown.py
[2023-12-03T23:51:56.697+0000] {processor.py:829} INFO - Processing file /home/ubuntu/redfin/lib/python3.10/site-packages/airflow/example_dags/example_setup_teardown.py for tasks to queue
[2023-12-03T23:51:56.698+0000] {logging_mixin.py:154} INFO - [2023-12-03T23:51:56.697+0000] {dagbag.py:536} INFO - Filling up the DagBag from /home/ubuntu/redfin/lib/python3.10/site-packages/airflow/example_dags/example_setup_teardown.py
[2023-12-03T23:51:56.706+0000] {processor.py:839} INFO - DAG(s) dict_keys(['example_setup_teardown']) retrieved from /home/ubuntu/redfin/lib/python3.10/site-packages/airflow/example_dags/example_setup_teardown.py
[2023-12-03T23:51:56.725+0000] {logging_mixin.py:154} INFO - [2023-12-03T23:51:56.724+0000] {dag.py:2941} INFO - Sync 1 DAGs
[2023-12-03T23:51:56.746+0000] {logging_mixin.py:154} INFO - [2023-12-03T23:51:56.746+0000] {dag.py:3722} INFO - Setting next_dagrun for example_setup_teardown to 2023-12-02T23:51:56.746196+00:00, run_after=2023-12-03T23:51:56.746196+00:00
[2023-12-03T23:51:56.769+0000] {processor.py:179} INFO - Processing /home/ubuntu/redfin/lib/python3.10/site-packages/airflow/example_dags/example_setup_teardown.py took 0.078 seconds
[2023-12-03T23:52:47.303+0000] {processor.py:157} INFO - Started process (PID=7162) to work on /home/ubuntu/redfin/lib/python3.10/site-packages/airflow/example_dags/example_setup_teardown.py
[2023-12-03T23:52:47.304+0000] {processor.py:829} INFO - Processing file /home/ubuntu/redfin/lib/python3.10/site-packages/airflow/example_dags/example_setup_teardown.py for tasks to queue
[2023-12-03T23:52:47.305+0000] {logging_mixin.py:154} INFO - [2023-12-03T23:52:47.305+0000] {dagbag.py:536} INFO - Filling up the DagBag from /home/ubuntu/redfin/lib/python3.10/site-packages/airflow/example_dags/example_setup_teardown.py
[2023-12-03T23:52:47.314+0000] {processor.py:839} INFO - DAG(s) dict_keys(['example_setup_teardown']) retrieved from /home/ubuntu/redfin/lib/python3.10/site-packages/airflow/example_dags/example_setup_teardown.py
[2023-12-03T23:52:47.333+0000] {logging_mixin.py:154} INFO - [2023-12-03T23:52:47.332+0000] {dag.py:2941} INFO - Sync 1 DAGs
[2023-12-03T23:52:47.355+0000] {logging_mixin.py:154} INFO - [2023-12-03T23:52:47.355+0000] {dag.py:3722} INFO - Setting next_dagrun for example_setup_teardown to 2023-12-02T23:52:47.354843+00:00, run_after=2023-12-03T23:52:47.354843+00:00
[2023-12-03T23:52:47.380+0000] {processor.py:179} INFO - Processing /home/ubuntu/redfin/lib/python3.10/site-packages/airflow/example_dags/example_setup_teardown.py took 0.081 seconds
[2023-12-03T23:53:37.342+0000] {processor.py:157} INFO - Started process (PID=7216) to work on /home/ubuntu/redfin/lib/python3.10/site-packages/airflow/example_dags/example_setup_teardown.py
[2023-12-03T23:53:37.343+0000] {processor.py:829} INFO - Processing file /home/ubuntu/redfin/lib/python3.10/site-packages/airflow/example_dags/example_setup_teardown.py for tasks to queue
[2023-12-03T23:53:37.344+0000] {logging_mixin.py:154} INFO - [2023-12-03T23:53:37.344+0000] {dagbag.py:536} INFO - Filling up the DagBag from /home/ubuntu/redfin/lib/python3.10/site-packages/airflow/example_dags/example_setup_teardown.py
[2023-12-03T23:53:37.353+0000] {processor.py:839} INFO - DAG(s) dict_keys(['example_setup_teardown']) retrieved from /home/ubuntu/redfin/lib/python3.10/site-packages/airflow/example_dags/example_setup_teardown.py
[2023-12-03T23:53:37.371+0000] {logging_mixin.py:154} INFO - [2023-12-03T23:53:37.371+0000] {dag.py:2941} INFO - Sync 1 DAGs
[2023-12-03T23:53:37.392+0000] {logging_mixin.py:154} INFO - [2023-12-03T23:53:37.392+0000] {dag.py:3722} INFO - Setting next_dagrun for example_setup_teardown to 2023-12-02T23:53:37.392316+00:00, run_after=2023-12-03T23:53:37.392316+00:00
[2023-12-03T23:53:37.416+0000] {processor.py:179} INFO - Processing /home/ubuntu/redfin/lib/python3.10/site-packages/airflow/example_dags/example_setup_teardown.py took 0.077 seconds
[2023-12-03T23:54:24.224+0000] {processor.py:157} INFO - Started process (PID=7269) to work on /home/ubuntu/redfin/lib/python3.10/site-packages/airflow/example_dags/example_setup_teardown.py
[2023-12-03T23:54:24.225+0000] {processor.py:829} INFO - Processing file /home/ubuntu/redfin/lib/python3.10/site-packages/airflow/example_dags/example_setup_teardown.py for tasks to queue
[2023-12-03T23:54:24.226+0000] {logging_mixin.py:154} INFO - [2023-12-03T23:54:24.226+0000] {dagbag.py:536} INFO - Filling up the DagBag from /home/ubuntu/redfin/lib/python3.10/site-packages/airflow/example_dags/example_setup_teardown.py
[2023-12-03T23:54:24.235+0000] {processor.py:839} INFO - DAG(s) dict_keys(['example_setup_teardown']) retrieved from /home/ubuntu/redfin/lib/python3.10/site-packages/airflow/example_dags/example_setup_teardown.py
[2023-12-03T23:54:24.253+0000] {logging_mixin.py:154} INFO - [2023-12-03T23:54:24.253+0000] {dag.py:2941} INFO - Sync 1 DAGs
[2023-12-03T23:54:24.276+0000] {logging_mixin.py:154} INFO - [2023-12-03T23:54:24.276+0000] {dag.py:3722} INFO - Setting next_dagrun for example_setup_teardown to 2023-12-02T23:54:24.275993+00:00, run_after=2023-12-03T23:54:24.275993+00:00
[2023-12-03T23:54:24.301+0000] {processor.py:179} INFO - Processing /home/ubuntu/redfin/lib/python3.10/site-packages/airflow/example_dags/example_setup_teardown.py took 0.082 seconds
[2023-12-03T23:55:12.196+0000] {processor.py:157} INFO - Started process (PID=7321) to work on /home/ubuntu/redfin/lib/python3.10/site-packages/airflow/example_dags/example_setup_teardown.py
[2023-12-03T23:55:12.197+0000] {processor.py:829} INFO - Processing file /home/ubuntu/redfin/lib/python3.10/site-packages/airflow/example_dags/example_setup_teardown.py for tasks to queue
[2023-12-03T23:55:12.198+0000] {logging_mixin.py:154} INFO - [2023-12-03T23:55:12.198+0000] {dagbag.py:536} INFO - Filling up the DagBag from /home/ubuntu/redfin/lib/python3.10/site-packages/airflow/example_dags/example_setup_teardown.py
[2023-12-03T23:55:12.207+0000] {processor.py:839} INFO - DAG(s) dict_keys(['example_setup_teardown']) retrieved from /home/ubuntu/redfin/lib/python3.10/site-packages/airflow/example_dags/example_setup_teardown.py
[2023-12-03T23:55:12.226+0000] {logging_mixin.py:154} INFO - [2023-12-03T23:55:12.226+0000] {dag.py:2941} INFO - Sync 1 DAGs
[2023-12-03T23:55:12.248+0000] {logging_mixin.py:154} INFO - [2023-12-03T23:55:12.248+0000] {dag.py:3722} INFO - Setting next_dagrun for example_setup_teardown to 2023-12-02T23:55:12.247897+00:00, run_after=2023-12-03T23:55:12.247897+00:00
[2023-12-03T23:55:12.272+0000] {processor.py:179} INFO - Processing /home/ubuntu/redfin/lib/python3.10/site-packages/airflow/example_dags/example_setup_teardown.py took 0.079 seconds
[2023-12-03T23:55:59.806+0000] {processor.py:157} INFO - Started process (PID=7374) to work on /home/ubuntu/redfin/lib/python3.10/site-packages/airflow/example_dags/example_setup_teardown.py
[2023-12-03T23:55:59.807+0000] {processor.py:829} INFO - Processing file /home/ubuntu/redfin/lib/python3.10/site-packages/airflow/example_dags/example_setup_teardown.py for tasks to queue
[2023-12-03T23:55:59.808+0000] {logging_mixin.py:154} INFO - [2023-12-03T23:55:59.808+0000] {dagbag.py:536} INFO - Filling up the DagBag from /home/ubuntu/redfin/lib/python3.10/site-packages/airflow/example_dags/example_setup_teardown.py
[2023-12-03T23:55:59.817+0000] {processor.py:839} INFO - DAG(s) dict_keys(['example_setup_teardown']) retrieved from /home/ubuntu/redfin/lib/python3.10/site-packages/airflow/example_dags/example_setup_teardown.py
[2023-12-03T23:55:59.834+0000] {logging_mixin.py:154} INFO - [2023-12-03T23:55:59.834+0000] {dag.py:2941} INFO - Sync 1 DAGs
[2023-12-03T23:55:59.855+0000] {logging_mixin.py:154} INFO - [2023-12-03T23:55:59.854+0000] {dag.py:3722} INFO - Setting next_dagrun for example_setup_teardown to 2023-12-02T23:55:59.854651+00:00, run_after=2023-12-03T23:55:59.854651+00:00
[2023-12-03T23:55:59.877+0000] {processor.py:179} INFO - Processing /home/ubuntu/redfin/lib/python3.10/site-packages/airflow/example_dags/example_setup_teardown.py took 0.074 seconds
[2023-12-03T23:56:50.206+0000] {processor.py:157} INFO - Started process (PID=7428) to work on /home/ubuntu/redfin/lib/python3.10/site-packages/airflow/example_dags/example_setup_teardown.py
[2023-12-03T23:56:50.208+0000] {processor.py:829} INFO - Processing file /home/ubuntu/redfin/lib/python3.10/site-packages/airflow/example_dags/example_setup_teardown.py for tasks to queue
[2023-12-03T23:56:50.209+0000] {logging_mixin.py:154} INFO - [2023-12-03T23:56:50.208+0000] {dagbag.py:536} INFO - Filling up the DagBag from /home/ubuntu/redfin/lib/python3.10/site-packages/airflow/example_dags/example_setup_teardown.py
[2023-12-03T23:56:50.217+0000] {processor.py:839} INFO - DAG(s) dict_keys(['example_setup_teardown']) retrieved from /home/ubuntu/redfin/lib/python3.10/site-packages/airflow/example_dags/example_setup_teardown.py
[2023-12-03T23:56:50.235+0000] {logging_mixin.py:154} INFO - [2023-12-03T23:56:50.235+0000] {dag.py:2941} INFO - Sync 1 DAGs
[2023-12-03T23:56:50.256+0000] {logging_mixin.py:154} INFO - [2023-12-03T23:56:50.256+0000] {dag.py:3722} INFO - Setting next_dagrun for example_setup_teardown to 2023-12-02T23:56:50.256434+00:00, run_after=2023-12-03T23:56:50.256434+00:00
[2023-12-03T23:56:50.279+0000] {processor.py:179} INFO - Processing /home/ubuntu/redfin/lib/python3.10/site-packages/airflow/example_dags/example_setup_teardown.py took 0.076 seconds
[2023-12-03T23:57:36.018+0000] {processor.py:157} INFO - Started process (PID=7481) to work on /home/ubuntu/redfin/lib/python3.10/site-packages/airflow/example_dags/example_setup_teardown.py
[2023-12-03T23:57:36.019+0000] {processor.py:829} INFO - Processing file /home/ubuntu/redfin/lib/python3.10/site-packages/airflow/example_dags/example_setup_teardown.py for tasks to queue
[2023-12-03T23:57:36.020+0000] {logging_mixin.py:154} INFO - [2023-12-03T23:57:36.020+0000] {dagbag.py:536} INFO - Filling up the DagBag from /home/ubuntu/redfin/lib/python3.10/site-packages/airflow/example_dags/example_setup_teardown.py
[2023-12-03T23:57:36.029+0000] {processor.py:839} INFO - DAG(s) dict_keys(['example_setup_teardown']) retrieved from /home/ubuntu/redfin/lib/python3.10/site-packages/airflow/example_dags/example_setup_teardown.py
[2023-12-03T23:57:36.048+0000] {logging_mixin.py:154} INFO - [2023-12-03T23:57:36.047+0000] {dag.py:2941} INFO - Sync 1 DAGs
[2023-12-03T23:57:36.071+0000] {logging_mixin.py:154} INFO - [2023-12-03T23:57:36.070+0000] {dag.py:3722} INFO - Setting next_dagrun for example_setup_teardown to 2023-12-02T23:57:36.070660+00:00, run_after=2023-12-03T23:57:36.070660+00:00
[2023-12-03T23:57:36.094+0000] {processor.py:179} INFO - Processing /home/ubuntu/redfin/lib/python3.10/site-packages/airflow/example_dags/example_setup_teardown.py took 0.080 seconds
[2023-12-03T23:58:18.875+0000] {processor.py:157} INFO - Started process (PID=7529) to work on /home/ubuntu/redfin/lib/python3.10/site-packages/airflow/example_dags/example_setup_teardown.py
[2023-12-03T23:58:18.876+0000] {processor.py:829} INFO - Processing file /home/ubuntu/redfin/lib/python3.10/site-packages/airflow/example_dags/example_setup_teardown.py for tasks to queue
[2023-12-03T23:58:18.877+0000] {logging_mixin.py:154} INFO - [2023-12-03T23:58:18.877+0000] {dagbag.py:536} INFO - Filling up the DagBag from /home/ubuntu/redfin/lib/python3.10/site-packages/airflow/example_dags/example_setup_teardown.py
[2023-12-03T23:58:18.885+0000] {processor.py:839} INFO - DAG(s) dict_keys(['example_setup_teardown']) retrieved from /home/ubuntu/redfin/lib/python3.10/site-packages/airflow/example_dags/example_setup_teardown.py
[2023-12-03T23:58:18.904+0000] {logging_mixin.py:154} INFO - [2023-12-03T23:58:18.903+0000] {dag.py:2941} INFO - Sync 1 DAGs
[2023-12-03T23:58:18.925+0000] {logging_mixin.py:154} INFO - [2023-12-03T23:58:18.925+0000] {dag.py:3722} INFO - Setting next_dagrun for example_setup_teardown to 2023-12-02T23:58:18.924985+00:00, run_after=2023-12-03T23:58:18.924985+00:00
[2023-12-03T23:58:18.948+0000] {processor.py:179} INFO - Processing /home/ubuntu/redfin/lib/python3.10/site-packages/airflow/example_dags/example_setup_teardown.py took 0.077 seconds
[2023-12-03T23:59:05.638+0000] {processor.py:157} INFO - Started process (PID=7582) to work on /home/ubuntu/redfin/lib/python3.10/site-packages/airflow/example_dags/example_setup_teardown.py
[2023-12-03T23:59:05.639+0000] {processor.py:829} INFO - Processing file /home/ubuntu/redfin/lib/python3.10/site-packages/airflow/example_dags/example_setup_teardown.py for tasks to queue
[2023-12-03T23:59:05.640+0000] {logging_mixin.py:154} INFO - [2023-12-03T23:59:05.640+0000] {dagbag.py:536} INFO - Filling up the DagBag from /home/ubuntu/redfin/lib/python3.10/site-packages/airflow/example_dags/example_setup_teardown.py
[2023-12-03T23:59:05.648+0000] {processor.py:839} INFO - DAG(s) dict_keys(['example_setup_teardown']) retrieved from /home/ubuntu/redfin/lib/python3.10/site-packages/airflow/example_dags/example_setup_teardown.py
[2023-12-03T23:59:05.666+0000] {logging_mixin.py:154} INFO - [2023-12-03T23:59:05.666+0000] {dag.py:2941} INFO - Sync 1 DAGs
[2023-12-03T23:59:05.687+0000] {logging_mixin.py:154} INFO - [2023-12-03T23:59:05.687+0000] {dag.py:3722} INFO - Setting next_dagrun for example_setup_teardown to 2023-12-02T23:59:05.686951+00:00, run_after=2023-12-03T23:59:05.686951+00:00
[2023-12-03T23:59:05.710+0000] {processor.py:179} INFO - Processing /home/ubuntu/redfin/lib/python3.10/site-packages/airflow/example_dags/example_setup_teardown.py took 0.076 seconds
[2023-12-03T23:59:52.776+0000] {processor.py:157} INFO - Started process (PID=7634) to work on /home/ubuntu/redfin/lib/python3.10/site-packages/airflow/example_dags/example_setup_teardown.py
[2023-12-03T23:59:52.778+0000] {processor.py:829} INFO - Processing file /home/ubuntu/redfin/lib/python3.10/site-packages/airflow/example_dags/example_setup_teardown.py for tasks to queue
[2023-12-03T23:59:52.779+0000] {logging_mixin.py:154} INFO - [2023-12-03T23:59:52.778+0000] {dagbag.py:536} INFO - Filling up the DagBag from /home/ubuntu/redfin/lib/python3.10/site-packages/airflow/example_dags/example_setup_teardown.py
[2023-12-03T23:59:52.787+0000] {processor.py:839} INFO - DAG(s) dict_keys(['example_setup_teardown']) retrieved from /home/ubuntu/redfin/lib/python3.10/site-packages/airflow/example_dags/example_setup_teardown.py
[2023-12-03T23:59:52.806+0000] {logging_mixin.py:154} INFO - [2023-12-03T23:59:52.805+0000] {dag.py:2941} INFO - Sync 1 DAGs
[2023-12-03T23:59:52.827+0000] {logging_mixin.py:154} INFO - [2023-12-03T23:59:52.827+0000] {dag.py:3722} INFO - Setting next_dagrun for example_setup_teardown to 2023-12-02T23:59:52.826848+00:00, run_after=2023-12-03T23:59:52.826848+00:00
[2023-12-03T23:59:52.853+0000] {processor.py:179} INFO - Processing /home/ubuntu/redfin/lib/python3.10/site-packages/airflow/example_dags/example_setup_teardown.py took 0.080 seconds
