[2023-12-03T23:08:29.740+0000] {processor.py:157} INFO - Started process (PID=3786) to work on /home/ubuntu/redfin/lib/python3.10/site-packages/airflow/example_dags/example_bash_operator.py
[2023-12-03T23:08:29.741+0000] {processor.py:829} INFO - Processing file /home/ubuntu/redfin/lib/python3.10/site-packages/airflow/example_dags/example_bash_operator.py for tasks to queue
[2023-12-03T23:08:29.742+0000] {logging_mixin.py:154} INFO - [2023-12-03T23:08:29.741+0000] {dagbag.py:536} INFO - Filling up the DagBag from /home/ubuntu/redfin/lib/python3.10/site-packages/airflow/example_dags/example_bash_operator.py
[2023-12-03T23:08:29.756+0000] {processor.py:839} INFO - DAG(s) dict_keys(['example_bash_operator']) retrieved from /home/ubuntu/redfin/lib/python3.10/site-packages/airflow/example_dags/example_bash_operator.py
[2023-12-03T23:08:29.880+0000] {logging_mixin.py:154} INFO - [2023-12-03T23:08:29.880+0000] {manager.py:499} INFO - Created Permission View: %s
[2023-12-03T23:08:29.893+0000] {logging_mixin.py:154} INFO - [2023-12-03T23:08:29.893+0000] {manager.py:499} INFO - Created Permission View: %s
[2023-12-03T23:08:29.903+0000] {logging_mixin.py:154} INFO - [2023-12-03T23:08:29.903+0000] {manager.py:499} INFO - Created Permission View: %s
[2023-12-03T23:08:29.904+0000] {logging_mixin.py:154} INFO - [2023-12-03T23:08:29.903+0000] {dag.py:2941} INFO - Sync 1 DAGs
[2023-12-03T23:08:29.915+0000] {logging_mixin.py:154} INFO - [2023-12-03T23:08:29.915+0000] {dag.py:2963} INFO - Creating ORM DAG for example_bash_operator
[2023-12-03T23:08:29.927+0000] {logging_mixin.py:154} INFO - [2023-12-03T23:08:29.926+0000] {dag.py:3722} INFO - Setting next_dagrun for example_bash_operator to 2023-12-02T00:00:00+00:00, run_after=2023-12-03T00:00:00+00:00
[2023-12-03T23:08:29.951+0000] {processor.py:179} INFO - Processing /home/ubuntu/redfin/lib/python3.10/site-packages/airflow/example_dags/example_bash_operator.py took 0.215 seconds
[2023-12-03T23:09:23.779+0000] {processor.py:157} INFO - Started process (PID=3847) to work on /home/ubuntu/redfin/lib/python3.10/site-packages/airflow/example_dags/example_bash_operator.py
[2023-12-03T23:09:23.780+0000] {processor.py:829} INFO - Processing file /home/ubuntu/redfin/lib/python3.10/site-packages/airflow/example_dags/example_bash_operator.py for tasks to queue
[2023-12-03T23:09:23.781+0000] {logging_mixin.py:154} INFO - [2023-12-03T23:09:23.781+0000] {dagbag.py:536} INFO - Filling up the DagBag from /home/ubuntu/redfin/lib/python3.10/site-packages/airflow/example_dags/example_bash_operator.py
[2023-12-03T23:09:23.795+0000] {processor.py:839} INFO - DAG(s) dict_keys(['example_bash_operator']) retrieved from /home/ubuntu/redfin/lib/python3.10/site-packages/airflow/example_dags/example_bash_operator.py
[2023-12-03T23:09:23.822+0000] {logging_mixin.py:154} INFO - [2023-12-03T23:09:23.822+0000] {dag.py:2941} INFO - Sync 1 DAGs
[2023-12-03T23:09:23.845+0000] {logging_mixin.py:154} INFO - [2023-12-03T23:09:23.844+0000] {dag.py:3722} INFO - Setting next_dagrun for example_bash_operator to 2023-12-02T00:00:00+00:00, run_after=2023-12-03T00:00:00+00:00
[2023-12-03T23:09:23.868+0000] {processor.py:179} INFO - Processing /home/ubuntu/redfin/lib/python3.10/site-packages/airflow/example_dags/example_bash_operator.py took 0.093 seconds
[2023-12-03T23:10:08.555+0000] {processor.py:157} INFO - Started process (PID=3897) to work on /home/ubuntu/redfin/lib/python3.10/site-packages/airflow/example_dags/example_bash_operator.py
[2023-12-03T23:10:08.556+0000] {processor.py:829} INFO - Processing file /home/ubuntu/redfin/lib/python3.10/site-packages/airflow/example_dags/example_bash_operator.py for tasks to queue
[2023-12-03T23:10:08.557+0000] {logging_mixin.py:154} INFO - [2023-12-03T23:10:08.557+0000] {dagbag.py:536} INFO - Filling up the DagBag from /home/ubuntu/redfin/lib/python3.10/site-packages/airflow/example_dags/example_bash_operator.py
[2023-12-03T23:10:08.571+0000] {processor.py:839} INFO - DAG(s) dict_keys(['example_bash_operator']) retrieved from /home/ubuntu/redfin/lib/python3.10/site-packages/airflow/example_dags/example_bash_operator.py
[2023-12-03T23:10:08.600+0000] {logging_mixin.py:154} INFO - [2023-12-03T23:10:08.599+0000] {dag.py:2941} INFO - Sync 1 DAGs
[2023-12-03T23:10:08.625+0000] {logging_mixin.py:154} INFO - [2023-12-03T23:10:08.624+0000] {dag.py:3722} INFO - Setting next_dagrun for example_bash_operator to 2023-12-02T00:00:00+00:00, run_after=2023-12-03T00:00:00+00:00
[2023-12-03T23:10:08.648+0000] {processor.py:179} INFO - Processing /home/ubuntu/redfin/lib/python3.10/site-packages/airflow/example_dags/example_bash_operator.py took 0.096 seconds
[2023-12-03T23:10:56.575+0000] {processor.py:157} INFO - Started process (PID=3948) to work on /home/ubuntu/redfin/lib/python3.10/site-packages/airflow/example_dags/example_bash_operator.py
[2023-12-03T23:10:56.576+0000] {processor.py:829} INFO - Processing file /home/ubuntu/redfin/lib/python3.10/site-packages/airflow/example_dags/example_bash_operator.py for tasks to queue
[2023-12-03T23:10:56.577+0000] {logging_mixin.py:154} INFO - [2023-12-03T23:10:56.576+0000] {dagbag.py:536} INFO - Filling up the DagBag from /home/ubuntu/redfin/lib/python3.10/site-packages/airflow/example_dags/example_bash_operator.py
[2023-12-03T23:10:56.590+0000] {processor.py:839} INFO - DAG(s) dict_keys(['example_bash_operator']) retrieved from /home/ubuntu/redfin/lib/python3.10/site-packages/airflow/example_dags/example_bash_operator.py
[2023-12-03T23:10:56.617+0000] {logging_mixin.py:154} INFO - [2023-12-03T23:10:56.616+0000] {dag.py:2941} INFO - Sync 1 DAGs
[2023-12-03T23:10:56.639+0000] {logging_mixin.py:154} INFO - [2023-12-03T23:10:56.639+0000] {dag.py:3722} INFO - Setting next_dagrun for example_bash_operator to 2023-12-02T00:00:00+00:00, run_after=2023-12-03T00:00:00+00:00
[2023-12-03T23:10:56.662+0000] {processor.py:179} INFO - Processing /home/ubuntu/redfin/lib/python3.10/site-packages/airflow/example_dags/example_bash_operator.py took 0.092 seconds
[2023-12-03T23:11:44.432+0000] {processor.py:157} INFO - Started process (PID=4000) to work on /home/ubuntu/redfin/lib/python3.10/site-packages/airflow/example_dags/example_bash_operator.py
[2023-12-03T23:11:44.433+0000] {processor.py:829} INFO - Processing file /home/ubuntu/redfin/lib/python3.10/site-packages/airflow/example_dags/example_bash_operator.py for tasks to queue
[2023-12-03T23:11:44.434+0000] {logging_mixin.py:154} INFO - [2023-12-03T23:11:44.434+0000] {dagbag.py:536} INFO - Filling up the DagBag from /home/ubuntu/redfin/lib/python3.10/site-packages/airflow/example_dags/example_bash_operator.py
[2023-12-03T23:11:44.447+0000] {processor.py:839} INFO - DAG(s) dict_keys(['example_bash_operator']) retrieved from /home/ubuntu/redfin/lib/python3.10/site-packages/airflow/example_dags/example_bash_operator.py
[2023-12-03T23:11:44.474+0000] {logging_mixin.py:154} INFO - [2023-12-03T23:11:44.474+0000] {dag.py:2941} INFO - Sync 1 DAGs
[2023-12-03T23:11:44.498+0000] {logging_mixin.py:154} INFO - [2023-12-03T23:11:44.497+0000] {dag.py:3722} INFO - Setting next_dagrun for example_bash_operator to 2023-12-02T00:00:00+00:00, run_after=2023-12-03T00:00:00+00:00
[2023-12-03T23:11:44.522+0000] {processor.py:179} INFO - Processing /home/ubuntu/redfin/lib/python3.10/site-packages/airflow/example_dags/example_bash_operator.py took 0.094 seconds
[2023-12-03T23:12:30.162+0000] {processor.py:157} INFO - Started process (PID=4049) to work on /home/ubuntu/redfin/lib/python3.10/site-packages/airflow/example_dags/example_bash_operator.py
[2023-12-03T23:12:30.163+0000] {processor.py:829} INFO - Processing file /home/ubuntu/redfin/lib/python3.10/site-packages/airflow/example_dags/example_bash_operator.py for tasks to queue
[2023-12-03T23:12:30.164+0000] {logging_mixin.py:154} INFO - [2023-12-03T23:12:30.164+0000] {dagbag.py:536} INFO - Filling up the DagBag from /home/ubuntu/redfin/lib/python3.10/site-packages/airflow/example_dags/example_bash_operator.py
[2023-12-03T23:12:30.178+0000] {processor.py:839} INFO - DAG(s) dict_keys(['example_bash_operator']) retrieved from /home/ubuntu/redfin/lib/python3.10/site-packages/airflow/example_dags/example_bash_operator.py
[2023-12-03T23:12:30.205+0000] {logging_mixin.py:154} INFO - [2023-12-03T23:12:30.205+0000] {dag.py:2941} INFO - Sync 1 DAGs
[2023-12-03T23:12:30.228+0000] {logging_mixin.py:154} INFO - [2023-12-03T23:12:30.228+0000] {dag.py:3722} INFO - Setting next_dagrun for example_bash_operator to 2023-12-02T00:00:00+00:00, run_after=2023-12-03T00:00:00+00:00
[2023-12-03T23:12:30.254+0000] {processor.py:179} INFO - Processing /home/ubuntu/redfin/lib/python3.10/site-packages/airflow/example_dags/example_bash_operator.py took 0.095 seconds
[2023-12-03T23:13:16.708+0000] {processor.py:157} INFO - Started process (PID=4099) to work on /home/ubuntu/redfin/lib/python3.10/site-packages/airflow/example_dags/example_bash_operator.py
[2023-12-03T23:13:16.710+0000] {processor.py:829} INFO - Processing file /home/ubuntu/redfin/lib/python3.10/site-packages/airflow/example_dags/example_bash_operator.py for tasks to queue
[2023-12-03T23:13:16.711+0000] {logging_mixin.py:154} INFO - [2023-12-03T23:13:16.710+0000] {dagbag.py:536} INFO - Filling up the DagBag from /home/ubuntu/redfin/lib/python3.10/site-packages/airflow/example_dags/example_bash_operator.py
[2023-12-03T23:13:16.724+0000] {processor.py:839} INFO - DAG(s) dict_keys(['example_bash_operator']) retrieved from /home/ubuntu/redfin/lib/python3.10/site-packages/airflow/example_dags/example_bash_operator.py
[2023-12-03T23:13:16.751+0000] {logging_mixin.py:154} INFO - [2023-12-03T23:13:16.751+0000] {dag.py:2941} INFO - Sync 1 DAGs
[2023-12-03T23:13:16.775+0000] {logging_mixin.py:154} INFO - [2023-12-03T23:13:16.774+0000] {dag.py:3722} INFO - Setting next_dagrun for example_bash_operator to 2023-12-02T00:00:00+00:00, run_after=2023-12-03T00:00:00+00:00
[2023-12-03T23:13:16.797+0000] {processor.py:179} INFO - Processing /home/ubuntu/redfin/lib/python3.10/site-packages/airflow/example_dags/example_bash_operator.py took 0.092 seconds
[2023-12-03T23:14:00.890+0000] {processor.py:157} INFO - Started process (PID=4149) to work on /home/ubuntu/redfin/lib/python3.10/site-packages/airflow/example_dags/example_bash_operator.py
[2023-12-03T23:14:00.892+0000] {processor.py:829} INFO - Processing file /home/ubuntu/redfin/lib/python3.10/site-packages/airflow/example_dags/example_bash_operator.py for tasks to queue
[2023-12-03T23:14:00.893+0000] {logging_mixin.py:154} INFO - [2023-12-03T23:14:00.892+0000] {dagbag.py:536} INFO - Filling up the DagBag from /home/ubuntu/redfin/lib/python3.10/site-packages/airflow/example_dags/example_bash_operator.py
[2023-12-03T23:14:00.906+0000] {processor.py:839} INFO - DAG(s) dict_keys(['example_bash_operator']) retrieved from /home/ubuntu/redfin/lib/python3.10/site-packages/airflow/example_dags/example_bash_operator.py
[2023-12-03T23:14:00.933+0000] {logging_mixin.py:154} INFO - [2023-12-03T23:14:00.932+0000] {dag.py:2941} INFO - Sync 1 DAGs
[2023-12-03T23:14:00.956+0000] {logging_mixin.py:154} INFO - [2023-12-03T23:14:00.955+0000] {dag.py:3722} INFO - Setting next_dagrun for example_bash_operator to 2023-12-02T00:00:00+00:00, run_after=2023-12-03T00:00:00+00:00
[2023-12-03T23:14:00.980+0000] {processor.py:179} INFO - Processing /home/ubuntu/redfin/lib/python3.10/site-packages/airflow/example_dags/example_bash_operator.py took 0.093 seconds
[2023-12-03T23:14:49.703+0000] {processor.py:157} INFO - Started process (PID=4204) to work on /home/ubuntu/redfin/lib/python3.10/site-packages/airflow/example_dags/example_bash_operator.py
[2023-12-03T23:14:49.704+0000] {processor.py:829} INFO - Processing file /home/ubuntu/redfin/lib/python3.10/site-packages/airflow/example_dags/example_bash_operator.py for tasks to queue
[2023-12-03T23:14:49.705+0000] {logging_mixin.py:154} INFO - [2023-12-03T23:14:49.705+0000] {dagbag.py:536} INFO - Filling up the DagBag from /home/ubuntu/redfin/lib/python3.10/site-packages/airflow/example_dags/example_bash_operator.py
[2023-12-03T23:14:49.719+0000] {processor.py:839} INFO - DAG(s) dict_keys(['example_bash_operator']) retrieved from /home/ubuntu/redfin/lib/python3.10/site-packages/airflow/example_dags/example_bash_operator.py
[2023-12-03T23:14:49.745+0000] {logging_mixin.py:154} INFO - [2023-12-03T23:14:49.745+0000] {dag.py:2941} INFO - Sync 1 DAGs
[2023-12-03T23:14:49.768+0000] {logging_mixin.py:154} INFO - [2023-12-03T23:14:49.768+0000] {dag.py:3722} INFO - Setting next_dagrun for example_bash_operator to 2023-12-02T00:00:00+00:00, run_after=2023-12-03T00:00:00+00:00
[2023-12-03T23:14:49.792+0000] {processor.py:179} INFO - Processing /home/ubuntu/redfin/lib/python3.10/site-packages/airflow/example_dags/example_bash_operator.py took 0.093 seconds
[2023-12-03T23:15:39.149+0000] {processor.py:157} INFO - Started process (PID=4257) to work on /home/ubuntu/redfin/lib/python3.10/site-packages/airflow/example_dags/example_bash_operator.py
[2023-12-03T23:15:39.150+0000] {processor.py:829} INFO - Processing file /home/ubuntu/redfin/lib/python3.10/site-packages/airflow/example_dags/example_bash_operator.py for tasks to queue
[2023-12-03T23:15:39.151+0000] {logging_mixin.py:154} INFO - [2023-12-03T23:15:39.151+0000] {dagbag.py:536} INFO - Filling up the DagBag from /home/ubuntu/redfin/lib/python3.10/site-packages/airflow/example_dags/example_bash_operator.py
[2023-12-03T23:15:39.165+0000] {processor.py:839} INFO - DAG(s) dict_keys(['example_bash_operator']) retrieved from /home/ubuntu/redfin/lib/python3.10/site-packages/airflow/example_dags/example_bash_operator.py
[2023-12-03T23:15:39.192+0000] {logging_mixin.py:154} INFO - [2023-12-03T23:15:39.191+0000] {dag.py:2941} INFO - Sync 1 DAGs
[2023-12-03T23:15:39.216+0000] {logging_mixin.py:154} INFO - [2023-12-03T23:15:39.216+0000] {dag.py:3722} INFO - Setting next_dagrun for example_bash_operator to 2023-12-02T00:00:00+00:00, run_after=2023-12-03T00:00:00+00:00
[2023-12-03T23:15:39.238+0000] {processor.py:179} INFO - Processing /home/ubuntu/redfin/lib/python3.10/site-packages/airflow/example_dags/example_bash_operator.py took 0.093 seconds
[2023-12-03T23:16:26.744+0000] {processor.py:157} INFO - Started process (PID=4311) to work on /home/ubuntu/redfin/lib/python3.10/site-packages/airflow/example_dags/example_bash_operator.py
[2023-12-03T23:16:26.745+0000] {processor.py:829} INFO - Processing file /home/ubuntu/redfin/lib/python3.10/site-packages/airflow/example_dags/example_bash_operator.py for tasks to queue
[2023-12-03T23:16:26.746+0000] {logging_mixin.py:154} INFO - [2023-12-03T23:16:26.746+0000] {dagbag.py:536} INFO - Filling up the DagBag from /home/ubuntu/redfin/lib/python3.10/site-packages/airflow/example_dags/example_bash_operator.py
[2023-12-03T23:16:26.760+0000] {processor.py:839} INFO - DAG(s) dict_keys(['example_bash_operator']) retrieved from /home/ubuntu/redfin/lib/python3.10/site-packages/airflow/example_dags/example_bash_operator.py
[2023-12-03T23:16:26.788+0000] {logging_mixin.py:154} INFO - [2023-12-03T23:16:26.788+0000] {dag.py:2941} INFO - Sync 1 DAGs
[2023-12-03T23:16:26.813+0000] {logging_mixin.py:154} INFO - [2023-12-03T23:16:26.812+0000] {dag.py:3722} INFO - Setting next_dagrun for example_bash_operator to 2023-12-02T00:00:00+00:00, run_after=2023-12-03T00:00:00+00:00
[2023-12-03T23:16:26.836+0000] {processor.py:179} INFO - Processing /home/ubuntu/redfin/lib/python3.10/site-packages/airflow/example_dags/example_bash_operator.py took 0.096 seconds
[2023-12-03T23:17:14.567+0000] {processor.py:157} INFO - Started process (PID=4365) to work on /home/ubuntu/redfin/lib/python3.10/site-packages/airflow/example_dags/example_bash_operator.py
[2023-12-03T23:17:14.568+0000] {processor.py:829} INFO - Processing file /home/ubuntu/redfin/lib/python3.10/site-packages/airflow/example_dags/example_bash_operator.py for tasks to queue
[2023-12-03T23:17:14.569+0000] {logging_mixin.py:154} INFO - [2023-12-03T23:17:14.569+0000] {dagbag.py:536} INFO - Filling up the DagBag from /home/ubuntu/redfin/lib/python3.10/site-packages/airflow/example_dags/example_bash_operator.py
[2023-12-03T23:17:14.583+0000] {processor.py:839} INFO - DAG(s) dict_keys(['example_bash_operator']) retrieved from /home/ubuntu/redfin/lib/python3.10/site-packages/airflow/example_dags/example_bash_operator.py
[2023-12-03T23:17:14.610+0000] {logging_mixin.py:154} INFO - [2023-12-03T23:17:14.610+0000] {dag.py:2941} INFO - Sync 1 DAGs
[2023-12-03T23:17:14.634+0000] {logging_mixin.py:154} INFO - [2023-12-03T23:17:14.633+0000] {dag.py:3722} INFO - Setting next_dagrun for example_bash_operator to 2023-12-02T00:00:00+00:00, run_after=2023-12-03T00:00:00+00:00
[2023-12-03T23:17:14.657+0000] {processor.py:179} INFO - Processing /home/ubuntu/redfin/lib/python3.10/site-packages/airflow/example_dags/example_bash_operator.py took 0.094 seconds
[2023-12-03T23:17:58.959+0000] {processor.py:157} INFO - Started process (PID=4415) to work on /home/ubuntu/redfin/lib/python3.10/site-packages/airflow/example_dags/example_bash_operator.py
[2023-12-03T23:17:58.960+0000] {processor.py:829} INFO - Processing file /home/ubuntu/redfin/lib/python3.10/site-packages/airflow/example_dags/example_bash_operator.py for tasks to queue
[2023-12-03T23:17:58.961+0000] {logging_mixin.py:154} INFO - [2023-12-03T23:17:58.961+0000] {dagbag.py:536} INFO - Filling up the DagBag from /home/ubuntu/redfin/lib/python3.10/site-packages/airflow/example_dags/example_bash_operator.py
[2023-12-03T23:17:58.975+0000] {processor.py:839} INFO - DAG(s) dict_keys(['example_bash_operator']) retrieved from /home/ubuntu/redfin/lib/python3.10/site-packages/airflow/example_dags/example_bash_operator.py
[2023-12-03T23:17:59.002+0000] {logging_mixin.py:154} INFO - [2023-12-03T23:17:59.001+0000] {dag.py:2941} INFO - Sync 1 DAGs
[2023-12-03T23:17:59.025+0000] {logging_mixin.py:154} INFO - [2023-12-03T23:17:59.024+0000] {dag.py:3722} INFO - Setting next_dagrun for example_bash_operator to 2023-12-02T00:00:00+00:00, run_after=2023-12-03T00:00:00+00:00
[2023-12-03T23:17:59.047+0000] {processor.py:179} INFO - Processing /home/ubuntu/redfin/lib/python3.10/site-packages/airflow/example_dags/example_bash_operator.py took 0.091 seconds
[2023-12-03T23:18:44.955+0000] {processor.py:157} INFO - Started process (PID=4469) to work on /home/ubuntu/redfin/lib/python3.10/site-packages/airflow/example_dags/example_bash_operator.py
[2023-12-03T23:18:44.956+0000] {processor.py:829} INFO - Processing file /home/ubuntu/redfin/lib/python3.10/site-packages/airflow/example_dags/example_bash_operator.py for tasks to queue
[2023-12-03T23:18:44.957+0000] {logging_mixin.py:154} INFO - [2023-12-03T23:18:44.957+0000] {dagbag.py:536} INFO - Filling up the DagBag from /home/ubuntu/redfin/lib/python3.10/site-packages/airflow/example_dags/example_bash_operator.py
[2023-12-03T23:18:44.970+0000] {processor.py:839} INFO - DAG(s) dict_keys(['example_bash_operator']) retrieved from /home/ubuntu/redfin/lib/python3.10/site-packages/airflow/example_dags/example_bash_operator.py
[2023-12-03T23:18:44.997+0000] {logging_mixin.py:154} INFO - [2023-12-03T23:18:44.997+0000] {dag.py:2941} INFO - Sync 1 DAGs
[2023-12-03T23:18:45.020+0000] {logging_mixin.py:154} INFO - [2023-12-03T23:18:45.020+0000] {dag.py:3722} INFO - Setting next_dagrun for example_bash_operator to 2023-12-02T00:00:00+00:00, run_after=2023-12-03T00:00:00+00:00
[2023-12-03T23:18:45.042+0000] {processor.py:179} INFO - Processing /home/ubuntu/redfin/lib/python3.10/site-packages/airflow/example_dags/example_bash_operator.py took 0.091 seconds
[2023-12-03T23:19:42.688+0000] {processor.py:157} INFO - Started process (PID=4532) to work on /home/ubuntu/redfin/lib/python3.10/site-packages/airflow/example_dags/example_bash_operator.py
[2023-12-03T23:19:42.689+0000] {processor.py:829} INFO - Processing file /home/ubuntu/redfin/lib/python3.10/site-packages/airflow/example_dags/example_bash_operator.py for tasks to queue
[2023-12-03T23:19:42.690+0000] {logging_mixin.py:154} INFO - [2023-12-03T23:19:42.690+0000] {dagbag.py:536} INFO - Filling up the DagBag from /home/ubuntu/redfin/lib/python3.10/site-packages/airflow/example_dags/example_bash_operator.py
[2023-12-03T23:19:42.703+0000] {processor.py:839} INFO - DAG(s) dict_keys(['example_bash_operator']) retrieved from /home/ubuntu/redfin/lib/python3.10/site-packages/airflow/example_dags/example_bash_operator.py
[2023-12-03T23:19:42.730+0000] {logging_mixin.py:154} INFO - [2023-12-03T23:19:42.730+0000] {dag.py:2941} INFO - Sync 1 DAGs
[2023-12-03T23:19:42.754+0000] {logging_mixin.py:154} INFO - [2023-12-03T23:19:42.753+0000] {dag.py:3722} INFO - Setting next_dagrun for example_bash_operator to 2023-12-02T00:00:00+00:00, run_after=2023-12-03T00:00:00+00:00
[2023-12-03T23:19:42.777+0000] {processor.py:179} INFO - Processing /home/ubuntu/redfin/lib/python3.10/site-packages/airflow/example_dags/example_bash_operator.py took 0.093 seconds
[2023-12-03T23:20:26.832+0000] {processor.py:157} INFO - Started process (PID=4581) to work on /home/ubuntu/redfin/lib/python3.10/site-packages/airflow/example_dags/example_bash_operator.py
[2023-12-03T23:20:26.834+0000] {processor.py:829} INFO - Processing file /home/ubuntu/redfin/lib/python3.10/site-packages/airflow/example_dags/example_bash_operator.py for tasks to queue
[2023-12-03T23:20:26.835+0000] {logging_mixin.py:154} INFO - [2023-12-03T23:20:26.834+0000] {dagbag.py:536} INFO - Filling up the DagBag from /home/ubuntu/redfin/lib/python3.10/site-packages/airflow/example_dags/example_bash_operator.py
[2023-12-03T23:20:26.848+0000] {processor.py:839} INFO - DAG(s) dict_keys(['example_bash_operator']) retrieved from /home/ubuntu/redfin/lib/python3.10/site-packages/airflow/example_dags/example_bash_operator.py
[2023-12-03T23:20:26.876+0000] {logging_mixin.py:154} INFO - [2023-12-03T23:20:26.876+0000] {dag.py:2941} INFO - Sync 1 DAGs
[2023-12-03T23:20:26.900+0000] {logging_mixin.py:154} INFO - [2023-12-03T23:20:26.900+0000] {dag.py:3722} INFO - Setting next_dagrun for example_bash_operator to 2023-12-02T00:00:00+00:00, run_after=2023-12-03T00:00:00+00:00
[2023-12-03T23:20:26.924+0000] {processor.py:179} INFO - Processing /home/ubuntu/redfin/lib/python3.10/site-packages/airflow/example_dags/example_bash_operator.py took 0.096 seconds
[2023-12-03T23:21:27.528+0000] {processor.py:157} INFO - Started process (PID=4648) to work on /home/ubuntu/redfin/lib/python3.10/site-packages/airflow/example_dags/example_bash_operator.py
[2023-12-03T23:21:27.530+0000] {processor.py:829} INFO - Processing file /home/ubuntu/redfin/lib/python3.10/site-packages/airflow/example_dags/example_bash_operator.py for tasks to queue
[2023-12-03T23:21:27.531+0000] {logging_mixin.py:154} INFO - [2023-12-03T23:21:27.530+0000] {dagbag.py:536} INFO - Filling up the DagBag from /home/ubuntu/redfin/lib/python3.10/site-packages/airflow/example_dags/example_bash_operator.py
[2023-12-03T23:21:27.544+0000] {processor.py:839} INFO - DAG(s) dict_keys(['example_bash_operator']) retrieved from /home/ubuntu/redfin/lib/python3.10/site-packages/airflow/example_dags/example_bash_operator.py
[2023-12-03T23:21:27.571+0000] {logging_mixin.py:154} INFO - [2023-12-03T23:21:27.571+0000] {dag.py:2941} INFO - Sync 1 DAGs
[2023-12-03T23:21:27.594+0000] {logging_mixin.py:154} INFO - [2023-12-03T23:21:27.594+0000] {dag.py:3722} INFO - Setting next_dagrun for example_bash_operator to 2023-12-02T00:00:00+00:00, run_after=2023-12-03T00:00:00+00:00
[2023-12-03T23:21:27.616+0000] {processor.py:179} INFO - Processing /home/ubuntu/redfin/lib/python3.10/site-packages/airflow/example_dags/example_bash_operator.py took 0.092 seconds
[2023-12-03T23:22:17.786+0000] {processor.py:157} INFO - Started process (PID=4702) to work on /home/ubuntu/redfin/lib/python3.10/site-packages/airflow/example_dags/example_bash_operator.py
[2023-12-03T23:22:17.787+0000] {processor.py:829} INFO - Processing file /home/ubuntu/redfin/lib/python3.10/site-packages/airflow/example_dags/example_bash_operator.py for tasks to queue
[2023-12-03T23:22:17.788+0000] {logging_mixin.py:154} INFO - [2023-12-03T23:22:17.788+0000] {dagbag.py:536} INFO - Filling up the DagBag from /home/ubuntu/redfin/lib/python3.10/site-packages/airflow/example_dags/example_bash_operator.py
[2023-12-03T23:22:17.802+0000] {processor.py:839} INFO - DAG(s) dict_keys(['example_bash_operator']) retrieved from /home/ubuntu/redfin/lib/python3.10/site-packages/airflow/example_dags/example_bash_operator.py
[2023-12-03T23:22:17.829+0000] {logging_mixin.py:154} INFO - [2023-12-03T23:22:17.829+0000] {dag.py:2941} INFO - Sync 1 DAGs
[2023-12-03T23:22:17.852+0000] {logging_mixin.py:154} INFO - [2023-12-03T23:22:17.852+0000] {dag.py:3722} INFO - Setting next_dagrun for example_bash_operator to 2023-12-02T00:00:00+00:00, run_after=2023-12-03T00:00:00+00:00
[2023-12-03T23:22:17.876+0000] {processor.py:179} INFO - Processing /home/ubuntu/redfin/lib/python3.10/site-packages/airflow/example_dags/example_bash_operator.py took 0.094 seconds
[2023-12-03T23:23:04.335+0000] {processor.py:157} INFO - Started process (PID=4756) to work on /home/ubuntu/redfin/lib/python3.10/site-packages/airflow/example_dags/example_bash_operator.py
[2023-12-03T23:23:04.337+0000] {processor.py:829} INFO - Processing file /home/ubuntu/redfin/lib/python3.10/site-packages/airflow/example_dags/example_bash_operator.py for tasks to queue
[2023-12-03T23:23:04.338+0000] {logging_mixin.py:154} INFO - [2023-12-03T23:23:04.337+0000] {dagbag.py:536} INFO - Filling up the DagBag from /home/ubuntu/redfin/lib/python3.10/site-packages/airflow/example_dags/example_bash_operator.py
[2023-12-03T23:23:04.351+0000] {processor.py:839} INFO - DAG(s) dict_keys(['example_bash_operator']) retrieved from /home/ubuntu/redfin/lib/python3.10/site-packages/airflow/example_dags/example_bash_operator.py
[2023-12-03T23:23:04.377+0000] {logging_mixin.py:154} INFO - [2023-12-03T23:23:04.377+0000] {dag.py:2941} INFO - Sync 1 DAGs
[2023-12-03T23:23:04.400+0000] {logging_mixin.py:154} INFO - [2023-12-03T23:23:04.400+0000] {dag.py:3722} INFO - Setting next_dagrun for example_bash_operator to 2023-12-02T00:00:00+00:00, run_after=2023-12-03T00:00:00+00:00
[2023-12-03T23:23:04.422+0000] {processor.py:179} INFO - Processing /home/ubuntu/redfin/lib/python3.10/site-packages/airflow/example_dags/example_bash_operator.py took 0.090 seconds
[2023-12-03T23:23:50.825+0000] {processor.py:157} INFO - Started process (PID=4806) to work on /home/ubuntu/redfin/lib/python3.10/site-packages/airflow/example_dags/example_bash_operator.py
[2023-12-03T23:23:50.826+0000] {processor.py:829} INFO - Processing file /home/ubuntu/redfin/lib/python3.10/site-packages/airflow/example_dags/example_bash_operator.py for tasks to queue
[2023-12-03T23:23:50.827+0000] {logging_mixin.py:154} INFO - [2023-12-03T23:23:50.827+0000] {dagbag.py:536} INFO - Filling up the DagBag from /home/ubuntu/redfin/lib/python3.10/site-packages/airflow/example_dags/example_bash_operator.py
[2023-12-03T23:23:50.840+0000] {processor.py:839} INFO - DAG(s) dict_keys(['example_bash_operator']) retrieved from /home/ubuntu/redfin/lib/python3.10/site-packages/airflow/example_dags/example_bash_operator.py
[2023-12-03T23:23:50.867+0000] {logging_mixin.py:154} INFO - [2023-12-03T23:23:50.867+0000] {dag.py:2941} INFO - Sync 1 DAGs
[2023-12-03T23:23:50.889+0000] {logging_mixin.py:154} INFO - [2023-12-03T23:23:50.889+0000] {dag.py:3722} INFO - Setting next_dagrun for example_bash_operator to 2023-12-02T00:00:00+00:00, run_after=2023-12-03T00:00:00+00:00
[2023-12-03T23:23:50.912+0000] {processor.py:179} INFO - Processing /home/ubuntu/redfin/lib/python3.10/site-packages/airflow/example_dags/example_bash_operator.py took 0.091 seconds
[2023-12-03T23:24:38.116+0000] {processor.py:157} INFO - Started process (PID=4857) to work on /home/ubuntu/redfin/lib/python3.10/site-packages/airflow/example_dags/example_bash_operator.py
[2023-12-03T23:24:38.117+0000] {processor.py:829} INFO - Processing file /home/ubuntu/redfin/lib/python3.10/site-packages/airflow/example_dags/example_bash_operator.py for tasks to queue
[2023-12-03T23:24:38.118+0000] {logging_mixin.py:154} INFO - [2023-12-03T23:24:38.118+0000] {dagbag.py:536} INFO - Filling up the DagBag from /home/ubuntu/redfin/lib/python3.10/site-packages/airflow/example_dags/example_bash_operator.py
[2023-12-03T23:24:38.132+0000] {processor.py:839} INFO - DAG(s) dict_keys(['example_bash_operator']) retrieved from /home/ubuntu/redfin/lib/python3.10/site-packages/airflow/example_dags/example_bash_operator.py
[2023-12-03T23:24:38.160+0000] {logging_mixin.py:154} INFO - [2023-12-03T23:24:38.159+0000] {dag.py:2941} INFO - Sync 1 DAGs
[2023-12-03T23:24:38.183+0000] {logging_mixin.py:154} INFO - [2023-12-03T23:24:38.182+0000] {dag.py:3722} INFO - Setting next_dagrun for example_bash_operator to 2023-12-02T00:00:00+00:00, run_after=2023-12-03T00:00:00+00:00
[2023-12-03T23:24:38.206+0000] {processor.py:179} INFO - Processing /home/ubuntu/redfin/lib/python3.10/site-packages/airflow/example_dags/example_bash_operator.py took 0.095 seconds
[2023-12-03T23:25:27.668+0000] {processor.py:157} INFO - Started process (PID=4912) to work on /home/ubuntu/redfin/lib/python3.10/site-packages/airflow/example_dags/example_bash_operator.py
[2023-12-03T23:25:27.669+0000] {processor.py:829} INFO - Processing file /home/ubuntu/redfin/lib/python3.10/site-packages/airflow/example_dags/example_bash_operator.py for tasks to queue
[2023-12-03T23:25:27.670+0000] {logging_mixin.py:154} INFO - [2023-12-03T23:25:27.670+0000] {dagbag.py:536} INFO - Filling up the DagBag from /home/ubuntu/redfin/lib/python3.10/site-packages/airflow/example_dags/example_bash_operator.py
[2023-12-03T23:25:27.683+0000] {processor.py:839} INFO - DAG(s) dict_keys(['example_bash_operator']) retrieved from /home/ubuntu/redfin/lib/python3.10/site-packages/airflow/example_dags/example_bash_operator.py
[2023-12-03T23:25:27.711+0000] {logging_mixin.py:154} INFO - [2023-12-03T23:25:27.710+0000] {dag.py:2941} INFO - Sync 1 DAGs
[2023-12-03T23:25:27.734+0000] {logging_mixin.py:154} INFO - [2023-12-03T23:25:27.734+0000] {dag.py:3722} INFO - Setting next_dagrun for example_bash_operator to 2023-12-02T00:00:00+00:00, run_after=2023-12-03T00:00:00+00:00
[2023-12-03T23:25:27.757+0000] {processor.py:179} INFO - Processing /home/ubuntu/redfin/lib/python3.10/site-packages/airflow/example_dags/example_bash_operator.py took 0.093 seconds
[2023-12-03T23:26:14.205+0000] {processor.py:157} INFO - Started process (PID=4963) to work on /home/ubuntu/redfin/lib/python3.10/site-packages/airflow/example_dags/example_bash_operator.py
[2023-12-03T23:26:14.206+0000] {processor.py:829} INFO - Processing file /home/ubuntu/redfin/lib/python3.10/site-packages/airflow/example_dags/example_bash_operator.py for tasks to queue
[2023-12-03T23:26:14.207+0000] {logging_mixin.py:154} INFO - [2023-12-03T23:26:14.207+0000] {dagbag.py:536} INFO - Filling up the DagBag from /home/ubuntu/redfin/lib/python3.10/site-packages/airflow/example_dags/example_bash_operator.py
[2023-12-03T23:26:14.220+0000] {processor.py:839} INFO - DAG(s) dict_keys(['example_bash_operator']) retrieved from /home/ubuntu/redfin/lib/python3.10/site-packages/airflow/example_dags/example_bash_operator.py
[2023-12-03T23:26:14.246+0000] {logging_mixin.py:154} INFO - [2023-12-03T23:26:14.246+0000] {dag.py:2941} INFO - Sync 1 DAGs
[2023-12-03T23:26:14.270+0000] {logging_mixin.py:154} INFO - [2023-12-03T23:26:14.269+0000] {dag.py:3722} INFO - Setting next_dagrun for example_bash_operator to 2023-12-02T00:00:00+00:00, run_after=2023-12-03T00:00:00+00:00
[2023-12-03T23:26:14.292+0000] {processor.py:179} INFO - Processing /home/ubuntu/redfin/lib/python3.10/site-packages/airflow/example_dags/example_bash_operator.py took 0.091 seconds
[2023-12-03T23:26:59.874+0000] {processor.py:157} INFO - Started process (PID=5014) to work on /home/ubuntu/redfin/lib/python3.10/site-packages/airflow/example_dags/example_bash_operator.py
[2023-12-03T23:26:59.876+0000] {processor.py:829} INFO - Processing file /home/ubuntu/redfin/lib/python3.10/site-packages/airflow/example_dags/example_bash_operator.py for tasks to queue
[2023-12-03T23:26:59.876+0000] {logging_mixin.py:154} INFO - [2023-12-03T23:26:59.876+0000] {dagbag.py:536} INFO - Filling up the DagBag from /home/ubuntu/redfin/lib/python3.10/site-packages/airflow/example_dags/example_bash_operator.py
[2023-12-03T23:26:59.890+0000] {processor.py:839} INFO - DAG(s) dict_keys(['example_bash_operator']) retrieved from /home/ubuntu/redfin/lib/python3.10/site-packages/airflow/example_dags/example_bash_operator.py
[2023-12-03T23:26:59.916+0000] {logging_mixin.py:154} INFO - [2023-12-03T23:26:59.915+0000] {dag.py:2941} INFO - Sync 1 DAGs
[2023-12-03T23:26:59.938+0000] {logging_mixin.py:154} INFO - [2023-12-03T23:26:59.938+0000] {dag.py:3722} INFO - Setting next_dagrun for example_bash_operator to 2023-12-02T00:00:00+00:00, run_after=2023-12-03T00:00:00+00:00
[2023-12-03T23:26:59.961+0000] {processor.py:179} INFO - Processing /home/ubuntu/redfin/lib/python3.10/site-packages/airflow/example_dags/example_bash_operator.py took 0.090 seconds
[2023-12-03T23:27:55.400+0000] {processor.py:157} INFO - Started process (PID=5075) to work on /home/ubuntu/redfin/lib/python3.10/site-packages/airflow/example_dags/example_bash_operator.py
[2023-12-03T23:27:55.401+0000] {processor.py:829} INFO - Processing file /home/ubuntu/redfin/lib/python3.10/site-packages/airflow/example_dags/example_bash_operator.py for tasks to queue
[2023-12-03T23:27:55.402+0000] {logging_mixin.py:154} INFO - [2023-12-03T23:27:55.401+0000] {dagbag.py:536} INFO - Filling up the DagBag from /home/ubuntu/redfin/lib/python3.10/site-packages/airflow/example_dags/example_bash_operator.py
[2023-12-03T23:27:55.415+0000] {processor.py:839} INFO - DAG(s) dict_keys(['example_bash_operator']) retrieved from /home/ubuntu/redfin/lib/python3.10/site-packages/airflow/example_dags/example_bash_operator.py
[2023-12-03T23:27:55.441+0000] {logging_mixin.py:154} INFO - [2023-12-03T23:27:55.441+0000] {dag.py:2941} INFO - Sync 1 DAGs
[2023-12-03T23:27:55.464+0000] {logging_mixin.py:154} INFO - [2023-12-03T23:27:55.464+0000] {dag.py:3722} INFO - Setting next_dagrun for example_bash_operator to 2023-12-02T00:00:00+00:00, run_after=2023-12-03T00:00:00+00:00
[2023-12-03T23:27:55.487+0000] {processor.py:179} INFO - Processing /home/ubuntu/redfin/lib/python3.10/site-packages/airflow/example_dags/example_bash_operator.py took 0.092 seconds
[2023-12-03T23:28:41.740+0000] {processor.py:157} INFO - Started process (PID=5125) to work on /home/ubuntu/redfin/lib/python3.10/site-packages/airflow/example_dags/example_bash_operator.py
[2023-12-03T23:28:41.742+0000] {processor.py:829} INFO - Processing file /home/ubuntu/redfin/lib/python3.10/site-packages/airflow/example_dags/example_bash_operator.py for tasks to queue
[2023-12-03T23:28:41.743+0000] {logging_mixin.py:154} INFO - [2023-12-03T23:28:41.742+0000] {dagbag.py:536} INFO - Filling up the DagBag from /home/ubuntu/redfin/lib/python3.10/site-packages/airflow/example_dags/example_bash_operator.py
[2023-12-03T23:28:41.756+0000] {processor.py:839} INFO - DAG(s) dict_keys(['example_bash_operator']) retrieved from /home/ubuntu/redfin/lib/python3.10/site-packages/airflow/example_dags/example_bash_operator.py
[2023-12-03T23:28:41.782+0000] {logging_mixin.py:154} INFO - [2023-12-03T23:28:41.782+0000] {dag.py:2941} INFO - Sync 1 DAGs
[2023-12-03T23:28:41.805+0000] {logging_mixin.py:154} INFO - [2023-12-03T23:28:41.805+0000] {dag.py:3722} INFO - Setting next_dagrun for example_bash_operator to 2023-12-02T00:00:00+00:00, run_after=2023-12-03T00:00:00+00:00
[2023-12-03T23:28:41.828+0000] {processor.py:179} INFO - Processing /home/ubuntu/redfin/lib/python3.10/site-packages/airflow/example_dags/example_bash_operator.py took 0.092 seconds
[2023-12-03T23:29:30.526+0000] {processor.py:157} INFO - Started process (PID=5179) to work on /home/ubuntu/redfin/lib/python3.10/site-packages/airflow/example_dags/example_bash_operator.py
[2023-12-03T23:29:30.528+0000] {processor.py:829} INFO - Processing file /home/ubuntu/redfin/lib/python3.10/site-packages/airflow/example_dags/example_bash_operator.py for tasks to queue
[2023-12-03T23:29:30.529+0000] {logging_mixin.py:154} INFO - [2023-12-03T23:29:30.528+0000] {dagbag.py:536} INFO - Filling up the DagBag from /home/ubuntu/redfin/lib/python3.10/site-packages/airflow/example_dags/example_bash_operator.py
[2023-12-03T23:29:30.542+0000] {processor.py:839} INFO - DAG(s) dict_keys(['example_bash_operator']) retrieved from /home/ubuntu/redfin/lib/python3.10/site-packages/airflow/example_dags/example_bash_operator.py
[2023-12-03T23:29:30.570+0000] {logging_mixin.py:154} INFO - [2023-12-03T23:29:30.569+0000] {dag.py:2941} INFO - Sync 1 DAGs
[2023-12-03T23:29:30.594+0000] {logging_mixin.py:154} INFO - [2023-12-03T23:29:30.594+0000] {dag.py:3722} INFO - Setting next_dagrun for example_bash_operator to 2023-12-02T00:00:00+00:00, run_after=2023-12-03T00:00:00+00:00
[2023-12-03T23:29:30.619+0000] {processor.py:179} INFO - Processing /home/ubuntu/redfin/lib/python3.10/site-packages/airflow/example_dags/example_bash_operator.py took 0.096 seconds
[2023-12-03T23:30:18.189+0000] {processor.py:157} INFO - Started process (PID=5232) to work on /home/ubuntu/redfin/lib/python3.10/site-packages/airflow/example_dags/example_bash_operator.py
[2023-12-03T23:30:18.190+0000] {processor.py:829} INFO - Processing file /home/ubuntu/redfin/lib/python3.10/site-packages/airflow/example_dags/example_bash_operator.py for tasks to queue
[2023-12-03T23:30:18.191+0000] {logging_mixin.py:154} INFO - [2023-12-03T23:30:18.191+0000] {dagbag.py:536} INFO - Filling up the DagBag from /home/ubuntu/redfin/lib/python3.10/site-packages/airflow/example_dags/example_bash_operator.py
[2023-12-03T23:30:18.204+0000] {processor.py:839} INFO - DAG(s) dict_keys(['example_bash_operator']) retrieved from /home/ubuntu/redfin/lib/python3.10/site-packages/airflow/example_dags/example_bash_operator.py
[2023-12-03T23:30:18.232+0000] {logging_mixin.py:154} INFO - [2023-12-03T23:30:18.231+0000] {dag.py:2941} INFO - Sync 1 DAGs
[2023-12-03T23:30:18.254+0000] {logging_mixin.py:154} INFO - [2023-12-03T23:30:18.253+0000] {dag.py:3722} INFO - Setting next_dagrun for example_bash_operator to 2023-12-02T00:00:00+00:00, run_after=2023-12-03T00:00:00+00:00
[2023-12-03T23:30:18.276+0000] {processor.py:179} INFO - Processing /home/ubuntu/redfin/lib/python3.10/site-packages/airflow/example_dags/example_bash_operator.py took 0.091 seconds
[2023-12-03T23:31:04.423+0000] {processor.py:157} INFO - Started process (PID=5282) to work on /home/ubuntu/redfin/lib/python3.10/site-packages/airflow/example_dags/example_bash_operator.py
[2023-12-03T23:31:04.424+0000] {processor.py:829} INFO - Processing file /home/ubuntu/redfin/lib/python3.10/site-packages/airflow/example_dags/example_bash_operator.py for tasks to queue
[2023-12-03T23:31:04.425+0000] {logging_mixin.py:154} INFO - [2023-12-03T23:31:04.425+0000] {dagbag.py:536} INFO - Filling up the DagBag from /home/ubuntu/redfin/lib/python3.10/site-packages/airflow/example_dags/example_bash_operator.py
[2023-12-03T23:31:04.438+0000] {processor.py:839} INFO - DAG(s) dict_keys(['example_bash_operator']) retrieved from /home/ubuntu/redfin/lib/python3.10/site-packages/airflow/example_dags/example_bash_operator.py
[2023-12-03T23:31:04.464+0000] {logging_mixin.py:154} INFO - [2023-12-03T23:31:04.464+0000] {dag.py:2941} INFO - Sync 1 DAGs
[2023-12-03T23:31:04.486+0000] {logging_mixin.py:154} INFO - [2023-12-03T23:31:04.486+0000] {dag.py:3722} INFO - Setting next_dagrun for example_bash_operator to 2023-12-02T00:00:00+00:00, run_after=2023-12-03T00:00:00+00:00
[2023-12-03T23:31:04.508+0000] {processor.py:179} INFO - Processing /home/ubuntu/redfin/lib/python3.10/site-packages/airflow/example_dags/example_bash_operator.py took 0.089 seconds
[2023-12-03T23:31:51.977+0000] {processor.py:157} INFO - Started process (PID=5336) to work on /home/ubuntu/redfin/lib/python3.10/site-packages/airflow/example_dags/example_bash_operator.py
[2023-12-03T23:31:51.978+0000] {processor.py:829} INFO - Processing file /home/ubuntu/redfin/lib/python3.10/site-packages/airflow/example_dags/example_bash_operator.py for tasks to queue
[2023-12-03T23:31:51.979+0000] {logging_mixin.py:154} INFO - [2023-12-03T23:31:51.979+0000] {dagbag.py:536} INFO - Filling up the DagBag from /home/ubuntu/redfin/lib/python3.10/site-packages/airflow/example_dags/example_bash_operator.py
[2023-12-03T23:31:51.993+0000] {processor.py:839} INFO - DAG(s) dict_keys(['example_bash_operator']) retrieved from /home/ubuntu/redfin/lib/python3.10/site-packages/airflow/example_dags/example_bash_operator.py
[2023-12-03T23:31:52.021+0000] {logging_mixin.py:154} INFO - [2023-12-03T23:31:52.020+0000] {dag.py:2941} INFO - Sync 1 DAGs
[2023-12-03T23:31:52.044+0000] {logging_mixin.py:154} INFO - [2023-12-03T23:31:52.044+0000] {dag.py:3722} INFO - Setting next_dagrun for example_bash_operator to 2023-12-02T00:00:00+00:00, run_after=2023-12-03T00:00:00+00:00
[2023-12-03T23:31:52.067+0000] {processor.py:179} INFO - Processing /home/ubuntu/redfin/lib/python3.10/site-packages/airflow/example_dags/example_bash_operator.py took 0.095 seconds
[2023-12-03T23:32:37.441+0000] {processor.py:157} INFO - Started process (PID=5385) to work on /home/ubuntu/redfin/lib/python3.10/site-packages/airflow/example_dags/example_bash_operator.py
[2023-12-03T23:32:37.443+0000] {processor.py:829} INFO - Processing file /home/ubuntu/redfin/lib/python3.10/site-packages/airflow/example_dags/example_bash_operator.py for tasks to queue
[2023-12-03T23:32:37.444+0000] {logging_mixin.py:154} INFO - [2023-12-03T23:32:37.443+0000] {dagbag.py:536} INFO - Filling up the DagBag from /home/ubuntu/redfin/lib/python3.10/site-packages/airflow/example_dags/example_bash_operator.py
[2023-12-03T23:32:37.457+0000] {processor.py:839} INFO - DAG(s) dict_keys(['example_bash_operator']) retrieved from /home/ubuntu/redfin/lib/python3.10/site-packages/airflow/example_dags/example_bash_operator.py
[2023-12-03T23:32:37.484+0000] {logging_mixin.py:154} INFO - [2023-12-03T23:32:37.484+0000] {dag.py:2941} INFO - Sync 1 DAGs
[2023-12-03T23:32:37.507+0000] {logging_mixin.py:154} INFO - [2023-12-03T23:32:37.507+0000] {dag.py:3722} INFO - Setting next_dagrun for example_bash_operator to 2023-12-02T00:00:00+00:00, run_after=2023-12-03T00:00:00+00:00
[2023-12-03T23:32:37.530+0000] {processor.py:179} INFO - Processing /home/ubuntu/redfin/lib/python3.10/site-packages/airflow/example_dags/example_bash_operator.py took 0.093 seconds
[2023-12-03T23:33:21.694+0000] {processor.py:157} INFO - Started process (PID=5434) to work on /home/ubuntu/redfin/lib/python3.10/site-packages/airflow/example_dags/example_bash_operator.py
[2023-12-03T23:33:21.696+0000] {processor.py:829} INFO - Processing file /home/ubuntu/redfin/lib/python3.10/site-packages/airflow/example_dags/example_bash_operator.py for tasks to queue
[2023-12-03T23:33:21.697+0000] {logging_mixin.py:154} INFO - [2023-12-03T23:33:21.697+0000] {dagbag.py:536} INFO - Filling up the DagBag from /home/ubuntu/redfin/lib/python3.10/site-packages/airflow/example_dags/example_bash_operator.py
[2023-12-03T23:33:21.711+0000] {processor.py:839} INFO - DAG(s) dict_keys(['example_bash_operator']) retrieved from /home/ubuntu/redfin/lib/python3.10/site-packages/airflow/example_dags/example_bash_operator.py
[2023-12-03T23:33:21.739+0000] {logging_mixin.py:154} INFO - [2023-12-03T23:33:21.738+0000] {dag.py:2941} INFO - Sync 1 DAGs
[2023-12-03T23:33:21.762+0000] {logging_mixin.py:154} INFO - [2023-12-03T23:33:21.762+0000] {dag.py:3722} INFO - Setting next_dagrun for example_bash_operator to 2023-12-02T00:00:00+00:00, run_after=2023-12-03T00:00:00+00:00
[2023-12-03T23:33:21.786+0000] {processor.py:179} INFO - Processing /home/ubuntu/redfin/lib/python3.10/site-packages/airflow/example_dags/example_bash_operator.py took 0.095 seconds
[2023-12-03T23:34:08.330+0000] {processor.py:157} INFO - Started process (PID=5484) to work on /home/ubuntu/redfin/lib/python3.10/site-packages/airflow/example_dags/example_bash_operator.py
[2023-12-03T23:34:08.331+0000] {processor.py:829} INFO - Processing file /home/ubuntu/redfin/lib/python3.10/site-packages/airflow/example_dags/example_bash_operator.py for tasks to queue
[2023-12-03T23:34:08.332+0000] {logging_mixin.py:154} INFO - [2023-12-03T23:34:08.332+0000] {dagbag.py:536} INFO - Filling up the DagBag from /home/ubuntu/redfin/lib/python3.10/site-packages/airflow/example_dags/example_bash_operator.py
[2023-12-03T23:34:08.345+0000] {processor.py:839} INFO - DAG(s) dict_keys(['example_bash_operator']) retrieved from /home/ubuntu/redfin/lib/python3.10/site-packages/airflow/example_dags/example_bash_operator.py
[2023-12-03T23:34:08.372+0000] {logging_mixin.py:154} INFO - [2023-12-03T23:34:08.372+0000] {dag.py:2941} INFO - Sync 1 DAGs
[2023-12-03T23:34:08.395+0000] {logging_mixin.py:154} INFO - [2023-12-03T23:34:08.394+0000] {dag.py:3722} INFO - Setting next_dagrun for example_bash_operator to 2023-12-02T00:00:00+00:00, run_after=2023-12-03T00:00:00+00:00
[2023-12-03T23:34:08.417+0000] {processor.py:179} INFO - Processing /home/ubuntu/redfin/lib/python3.10/site-packages/airflow/example_dags/example_bash_operator.py took 0.091 seconds
[2023-12-03T23:34:56.293+0000] {processor.py:157} INFO - Started process (PID=5538) to work on /home/ubuntu/redfin/lib/python3.10/site-packages/airflow/example_dags/example_bash_operator.py
[2023-12-03T23:34:56.294+0000] {processor.py:829} INFO - Processing file /home/ubuntu/redfin/lib/python3.10/site-packages/airflow/example_dags/example_bash_operator.py for tasks to queue
[2023-12-03T23:34:56.295+0000] {logging_mixin.py:154} INFO - [2023-12-03T23:34:56.295+0000] {dagbag.py:536} INFO - Filling up the DagBag from /home/ubuntu/redfin/lib/python3.10/site-packages/airflow/example_dags/example_bash_operator.py
[2023-12-03T23:34:56.309+0000] {processor.py:839} INFO - DAG(s) dict_keys(['example_bash_operator']) retrieved from /home/ubuntu/redfin/lib/python3.10/site-packages/airflow/example_dags/example_bash_operator.py
[2023-12-03T23:34:56.338+0000] {logging_mixin.py:154} INFO - [2023-12-03T23:34:56.337+0000] {dag.py:2941} INFO - Sync 1 DAGs
[2023-12-03T23:34:56.361+0000] {logging_mixin.py:154} INFO - [2023-12-03T23:34:56.361+0000] {dag.py:3722} INFO - Setting next_dagrun for example_bash_operator to 2023-12-02T00:00:00+00:00, run_after=2023-12-03T00:00:00+00:00
[2023-12-03T23:34:56.384+0000] {processor.py:179} INFO - Processing /home/ubuntu/redfin/lib/python3.10/site-packages/airflow/example_dags/example_bash_operator.py took 0.095 seconds
[2023-12-03T23:35:45.746+0000] {processor.py:157} INFO - Started process (PID=5591) to work on /home/ubuntu/redfin/lib/python3.10/site-packages/airflow/example_dags/example_bash_operator.py
[2023-12-03T23:35:45.747+0000] {processor.py:829} INFO - Processing file /home/ubuntu/redfin/lib/python3.10/site-packages/airflow/example_dags/example_bash_operator.py for tasks to queue
[2023-12-03T23:35:45.748+0000] {logging_mixin.py:154} INFO - [2023-12-03T23:35:45.748+0000] {dagbag.py:536} INFO - Filling up the DagBag from /home/ubuntu/redfin/lib/python3.10/site-packages/airflow/example_dags/example_bash_operator.py
[2023-12-03T23:35:45.761+0000] {processor.py:839} INFO - DAG(s) dict_keys(['example_bash_operator']) retrieved from /home/ubuntu/redfin/lib/python3.10/site-packages/airflow/example_dags/example_bash_operator.py
[2023-12-03T23:35:45.789+0000] {logging_mixin.py:154} INFO - [2023-12-03T23:35:45.789+0000] {dag.py:2941} INFO - Sync 1 DAGs
[2023-12-03T23:35:45.812+0000] {logging_mixin.py:154} INFO - [2023-12-03T23:35:45.811+0000] {dag.py:3722} INFO - Setting next_dagrun for example_bash_operator to 2023-12-02T00:00:00+00:00, run_after=2023-12-03T00:00:00+00:00
[2023-12-03T23:35:45.834+0000] {processor.py:179} INFO - Processing /home/ubuntu/redfin/lib/python3.10/site-packages/airflow/example_dags/example_bash_operator.py took 0.092 seconds
[2023-12-03T23:36:38.218+0000] {processor.py:157} INFO - Started process (PID=5647) to work on /home/ubuntu/redfin/lib/python3.10/site-packages/airflow/example_dags/example_bash_operator.py
[2023-12-03T23:36:38.219+0000] {processor.py:829} INFO - Processing file /home/ubuntu/redfin/lib/python3.10/site-packages/airflow/example_dags/example_bash_operator.py for tasks to queue
[2023-12-03T23:36:38.220+0000] {logging_mixin.py:154} INFO - [2023-12-03T23:36:38.220+0000] {dagbag.py:536} INFO - Filling up the DagBag from /home/ubuntu/redfin/lib/python3.10/site-packages/airflow/example_dags/example_bash_operator.py
[2023-12-03T23:36:38.233+0000] {processor.py:839} INFO - DAG(s) dict_keys(['example_bash_operator']) retrieved from /home/ubuntu/redfin/lib/python3.10/site-packages/airflow/example_dags/example_bash_operator.py
[2023-12-03T23:36:38.259+0000] {logging_mixin.py:154} INFO - [2023-12-03T23:36:38.259+0000] {dag.py:2941} INFO - Sync 1 DAGs
[2023-12-03T23:36:38.281+0000] {logging_mixin.py:154} INFO - [2023-12-03T23:36:38.281+0000] {dag.py:3722} INFO - Setting next_dagrun for example_bash_operator to 2023-12-02T00:00:00+00:00, run_after=2023-12-03T00:00:00+00:00
[2023-12-03T23:36:38.308+0000] {processor.py:179} INFO - Processing /home/ubuntu/redfin/lib/python3.10/site-packages/airflow/example_dags/example_bash_operator.py took 0.094 seconds
[2023-12-03T23:37:26.545+0000] {processor.py:157} INFO - Started process (PID=5700) to work on /home/ubuntu/redfin/lib/python3.10/site-packages/airflow/example_dags/example_bash_operator.py
[2023-12-03T23:37:26.546+0000] {processor.py:829} INFO - Processing file /home/ubuntu/redfin/lib/python3.10/site-packages/airflow/example_dags/example_bash_operator.py for tasks to queue
[2023-12-03T23:37:26.547+0000] {logging_mixin.py:154} INFO - [2023-12-03T23:37:26.547+0000] {dagbag.py:536} INFO - Filling up the DagBag from /home/ubuntu/redfin/lib/python3.10/site-packages/airflow/example_dags/example_bash_operator.py
[2023-12-03T23:37:26.560+0000] {processor.py:839} INFO - DAG(s) dict_keys(['example_bash_operator']) retrieved from /home/ubuntu/redfin/lib/python3.10/site-packages/airflow/example_dags/example_bash_operator.py
[2023-12-03T23:37:26.588+0000] {logging_mixin.py:154} INFO - [2023-12-03T23:37:26.588+0000] {dag.py:2941} INFO - Sync 1 DAGs
[2023-12-03T23:37:26.611+0000] {logging_mixin.py:154} INFO - [2023-12-03T23:37:26.611+0000] {dag.py:3722} INFO - Setting next_dagrun for example_bash_operator to 2023-12-02T00:00:00+00:00, run_after=2023-12-03T00:00:00+00:00
[2023-12-03T23:37:26.634+0000] {processor.py:179} INFO - Processing /home/ubuntu/redfin/lib/python3.10/site-packages/airflow/example_dags/example_bash_operator.py took 0.093 seconds
[2023-12-03T23:38:10.817+0000] {processor.py:157} INFO - Started process (PID=5749) to work on /home/ubuntu/redfin/lib/python3.10/site-packages/airflow/example_dags/example_bash_operator.py
[2023-12-03T23:38:10.818+0000] {processor.py:829} INFO - Processing file /home/ubuntu/redfin/lib/python3.10/site-packages/airflow/example_dags/example_bash_operator.py for tasks to queue
[2023-12-03T23:38:10.819+0000] {logging_mixin.py:154} INFO - [2023-12-03T23:38:10.819+0000] {dagbag.py:536} INFO - Filling up the DagBag from /home/ubuntu/redfin/lib/python3.10/site-packages/airflow/example_dags/example_bash_operator.py
[2023-12-03T23:38:10.833+0000] {processor.py:839} INFO - DAG(s) dict_keys(['example_bash_operator']) retrieved from /home/ubuntu/redfin/lib/python3.10/site-packages/airflow/example_dags/example_bash_operator.py
[2023-12-03T23:38:10.861+0000] {logging_mixin.py:154} INFO - [2023-12-03T23:38:10.861+0000] {dag.py:2941} INFO - Sync 1 DAGs
[2023-12-03T23:38:10.886+0000] {logging_mixin.py:154} INFO - [2023-12-03T23:38:10.885+0000] {dag.py:3722} INFO - Setting next_dagrun for example_bash_operator to 2023-12-02T00:00:00+00:00, run_after=2023-12-03T00:00:00+00:00
[2023-12-03T23:38:10.909+0000] {processor.py:179} INFO - Processing /home/ubuntu/redfin/lib/python3.10/site-packages/airflow/example_dags/example_bash_operator.py took 0.095 seconds
[2023-12-03T23:38:59.352+0000] {processor.py:157} INFO - Started process (PID=5804) to work on /home/ubuntu/redfin/lib/python3.10/site-packages/airflow/example_dags/example_bash_operator.py
[2023-12-03T23:38:59.353+0000] {processor.py:829} INFO - Processing file /home/ubuntu/redfin/lib/python3.10/site-packages/airflow/example_dags/example_bash_operator.py for tasks to queue
[2023-12-03T23:38:59.354+0000] {logging_mixin.py:154} INFO - [2023-12-03T23:38:59.354+0000] {dagbag.py:536} INFO - Filling up the DagBag from /home/ubuntu/redfin/lib/python3.10/site-packages/airflow/example_dags/example_bash_operator.py
[2023-12-03T23:38:59.368+0000] {processor.py:839} INFO - DAG(s) dict_keys(['example_bash_operator']) retrieved from /home/ubuntu/redfin/lib/python3.10/site-packages/airflow/example_dags/example_bash_operator.py
[2023-12-03T23:38:59.394+0000] {logging_mixin.py:154} INFO - [2023-12-03T23:38:59.394+0000] {dag.py:2941} INFO - Sync 1 DAGs
[2023-12-03T23:38:59.417+0000] {logging_mixin.py:154} INFO - [2023-12-03T23:38:59.417+0000] {dag.py:3722} INFO - Setting next_dagrun for example_bash_operator to 2023-12-02T00:00:00+00:00, run_after=2023-12-03T00:00:00+00:00
[2023-12-03T23:38:59.440+0000] {processor.py:179} INFO - Processing /home/ubuntu/redfin/lib/python3.10/site-packages/airflow/example_dags/example_bash_operator.py took 0.092 seconds
[2023-12-03T23:39:46.224+0000] {processor.py:157} INFO - Started process (PID=5854) to work on /home/ubuntu/redfin/lib/python3.10/site-packages/airflow/example_dags/example_bash_operator.py
[2023-12-03T23:39:46.226+0000] {processor.py:829} INFO - Processing file /home/ubuntu/redfin/lib/python3.10/site-packages/airflow/example_dags/example_bash_operator.py for tasks to queue
[2023-12-03T23:39:46.227+0000] {logging_mixin.py:154} INFO - [2023-12-03T23:39:46.227+0000] {dagbag.py:536} INFO - Filling up the DagBag from /home/ubuntu/redfin/lib/python3.10/site-packages/airflow/example_dags/example_bash_operator.py
[2023-12-03T23:39:46.240+0000] {processor.py:839} INFO - DAG(s) dict_keys(['example_bash_operator']) retrieved from /home/ubuntu/redfin/lib/python3.10/site-packages/airflow/example_dags/example_bash_operator.py
[2023-12-03T23:39:46.267+0000] {logging_mixin.py:154} INFO - [2023-12-03T23:39:46.267+0000] {dag.py:2941} INFO - Sync 1 DAGs
[2023-12-03T23:39:46.291+0000] {logging_mixin.py:154} INFO - [2023-12-03T23:39:46.290+0000] {dag.py:3722} INFO - Setting next_dagrun for example_bash_operator to 2023-12-02T00:00:00+00:00, run_after=2023-12-03T00:00:00+00:00
[2023-12-03T23:39:46.313+0000] {processor.py:179} INFO - Processing /home/ubuntu/redfin/lib/python3.10/site-packages/airflow/example_dags/example_bash_operator.py took 0.092 seconds
[2023-12-03T23:40:33.144+0000] {processor.py:157} INFO - Started process (PID=5904) to work on /home/ubuntu/redfin/lib/python3.10/site-packages/airflow/example_dags/example_bash_operator.py
[2023-12-03T23:40:33.145+0000] {processor.py:829} INFO - Processing file /home/ubuntu/redfin/lib/python3.10/site-packages/airflow/example_dags/example_bash_operator.py for tasks to queue
[2023-12-03T23:40:33.146+0000] {logging_mixin.py:154} INFO - [2023-12-03T23:40:33.146+0000] {dagbag.py:536} INFO - Filling up the DagBag from /home/ubuntu/redfin/lib/python3.10/site-packages/airflow/example_dags/example_bash_operator.py
[2023-12-03T23:40:33.160+0000] {processor.py:839} INFO - DAG(s) dict_keys(['example_bash_operator']) retrieved from /home/ubuntu/redfin/lib/python3.10/site-packages/airflow/example_dags/example_bash_operator.py
[2023-12-03T23:40:33.186+0000] {logging_mixin.py:154} INFO - [2023-12-03T23:40:33.186+0000] {dag.py:2941} INFO - Sync 1 DAGs
[2023-12-03T23:40:33.209+0000] {logging_mixin.py:154} INFO - [2023-12-03T23:40:33.209+0000] {dag.py:3722} INFO - Setting next_dagrun for example_bash_operator to 2023-12-02T00:00:00+00:00, run_after=2023-12-03T00:00:00+00:00
[2023-12-03T23:40:33.231+0000] {processor.py:179} INFO - Processing /home/ubuntu/redfin/lib/python3.10/site-packages/airflow/example_dags/example_bash_operator.py took 0.091 seconds
[2023-12-03T23:41:24.591+0000] {processor.py:157} INFO - Started process (PID=5958) to work on /home/ubuntu/redfin/lib/python3.10/site-packages/airflow/example_dags/example_bash_operator.py
[2023-12-03T23:41:24.592+0000] {processor.py:829} INFO - Processing file /home/ubuntu/redfin/lib/python3.10/site-packages/airflow/example_dags/example_bash_operator.py for tasks to queue
[2023-12-03T23:41:24.593+0000] {logging_mixin.py:154} INFO - [2023-12-03T23:41:24.593+0000] {dagbag.py:536} INFO - Filling up the DagBag from /home/ubuntu/redfin/lib/python3.10/site-packages/airflow/example_dags/example_bash_operator.py
[2023-12-03T23:41:24.607+0000] {processor.py:839} INFO - DAG(s) dict_keys(['example_bash_operator']) retrieved from /home/ubuntu/redfin/lib/python3.10/site-packages/airflow/example_dags/example_bash_operator.py
[2023-12-03T23:41:24.636+0000] {logging_mixin.py:154} INFO - [2023-12-03T23:41:24.636+0000] {dag.py:2941} INFO - Sync 1 DAGs
[2023-12-03T23:41:24.662+0000] {logging_mixin.py:154} INFO - [2023-12-03T23:41:24.662+0000] {dag.py:3722} INFO - Setting next_dagrun for example_bash_operator to 2023-12-02T00:00:00+00:00, run_after=2023-12-03T00:00:00+00:00
[2023-12-03T23:41:24.685+0000] {processor.py:179} INFO - Processing /home/ubuntu/redfin/lib/python3.10/site-packages/airflow/example_dags/example_bash_operator.py took 0.098 seconds
[2023-12-03T23:42:07.524+0000] {processor.py:157} INFO - Started process (PID=6007) to work on /home/ubuntu/redfin/lib/python3.10/site-packages/airflow/example_dags/example_bash_operator.py
[2023-12-03T23:42:07.525+0000] {processor.py:829} INFO - Processing file /home/ubuntu/redfin/lib/python3.10/site-packages/airflow/example_dags/example_bash_operator.py for tasks to queue
[2023-12-03T23:42:07.526+0000] {logging_mixin.py:154} INFO - [2023-12-03T23:42:07.526+0000] {dagbag.py:536} INFO - Filling up the DagBag from /home/ubuntu/redfin/lib/python3.10/site-packages/airflow/example_dags/example_bash_operator.py
[2023-12-03T23:42:07.541+0000] {processor.py:839} INFO - DAG(s) dict_keys(['example_bash_operator']) retrieved from /home/ubuntu/redfin/lib/python3.10/site-packages/airflow/example_dags/example_bash_operator.py
[2023-12-03T23:42:07.569+0000] {logging_mixin.py:154} INFO - [2023-12-03T23:42:07.568+0000] {dag.py:2941} INFO - Sync 1 DAGs
[2023-12-03T23:42:07.592+0000] {logging_mixin.py:154} INFO - [2023-12-03T23:42:07.592+0000] {dag.py:3722} INFO - Setting next_dagrun for example_bash_operator to 2023-12-02T00:00:00+00:00, run_after=2023-12-03T00:00:00+00:00
[2023-12-03T23:42:07.615+0000] {processor.py:179} INFO - Processing /home/ubuntu/redfin/lib/python3.10/site-packages/airflow/example_dags/example_bash_operator.py took 0.095 seconds
[2023-12-03T23:42:57.232+0000] {processor.py:157} INFO - Started process (PID=6062) to work on /home/ubuntu/redfin/lib/python3.10/site-packages/airflow/example_dags/example_bash_operator.py
[2023-12-03T23:42:57.233+0000] {processor.py:829} INFO - Processing file /home/ubuntu/redfin/lib/python3.10/site-packages/airflow/example_dags/example_bash_operator.py for tasks to queue
[2023-12-03T23:42:57.234+0000] {logging_mixin.py:154} INFO - [2023-12-03T23:42:57.234+0000] {dagbag.py:536} INFO - Filling up the DagBag from /home/ubuntu/redfin/lib/python3.10/site-packages/airflow/example_dags/example_bash_operator.py
[2023-12-03T23:42:57.248+0000] {processor.py:839} INFO - DAG(s) dict_keys(['example_bash_operator']) retrieved from /home/ubuntu/redfin/lib/python3.10/site-packages/airflow/example_dags/example_bash_operator.py
[2023-12-03T23:42:57.276+0000] {logging_mixin.py:154} INFO - [2023-12-03T23:42:57.275+0000] {dag.py:2941} INFO - Sync 1 DAGs
[2023-12-03T23:42:57.299+0000] {logging_mixin.py:154} INFO - [2023-12-03T23:42:57.298+0000] {dag.py:3722} INFO - Setting next_dagrun for example_bash_operator to 2023-12-02T00:00:00+00:00, run_after=2023-12-03T00:00:00+00:00
[2023-12-03T23:42:57.321+0000] {processor.py:179} INFO - Processing /home/ubuntu/redfin/lib/python3.10/site-packages/airflow/example_dags/example_bash_operator.py took 0.093 seconds
[2023-12-03T23:43:42.234+0000] {processor.py:157} INFO - Started process (PID=6111) to work on /home/ubuntu/redfin/lib/python3.10/site-packages/airflow/example_dags/example_bash_operator.py
[2023-12-03T23:43:42.235+0000] {processor.py:829} INFO - Processing file /home/ubuntu/redfin/lib/python3.10/site-packages/airflow/example_dags/example_bash_operator.py for tasks to queue
[2023-12-03T23:43:42.236+0000] {logging_mixin.py:154} INFO - [2023-12-03T23:43:42.236+0000] {dagbag.py:536} INFO - Filling up the DagBag from /home/ubuntu/redfin/lib/python3.10/site-packages/airflow/example_dags/example_bash_operator.py
[2023-12-03T23:43:42.250+0000] {processor.py:839} INFO - DAG(s) dict_keys(['example_bash_operator']) retrieved from /home/ubuntu/redfin/lib/python3.10/site-packages/airflow/example_dags/example_bash_operator.py
[2023-12-03T23:43:42.276+0000] {logging_mixin.py:154} INFO - [2023-12-03T23:43:42.276+0000] {dag.py:2941} INFO - Sync 1 DAGs
[2023-12-03T23:43:42.299+0000] {logging_mixin.py:154} INFO - [2023-12-03T23:43:42.298+0000] {dag.py:3722} INFO - Setting next_dagrun for example_bash_operator to 2023-12-02T00:00:00+00:00, run_after=2023-12-03T00:00:00+00:00
[2023-12-03T23:43:42.321+0000] {processor.py:179} INFO - Processing /home/ubuntu/redfin/lib/python3.10/site-packages/airflow/example_dags/example_bash_operator.py took 0.091 seconds
[2023-12-03T23:44:30.483+0000] {processor.py:157} INFO - Started process (PID=6418) to work on /home/ubuntu/redfin/lib/python3.10/site-packages/airflow/example_dags/example_bash_operator.py
[2023-12-03T23:44:30.485+0000] {processor.py:829} INFO - Processing file /home/ubuntu/redfin/lib/python3.10/site-packages/airflow/example_dags/example_bash_operator.py for tasks to queue
[2023-12-03T23:44:30.486+0000] {logging_mixin.py:154} INFO - [2023-12-03T23:44:30.485+0000] {dagbag.py:536} INFO - Filling up the DagBag from /home/ubuntu/redfin/lib/python3.10/site-packages/airflow/example_dags/example_bash_operator.py
[2023-12-03T23:44:30.500+0000] {processor.py:839} INFO - DAG(s) dict_keys(['example_bash_operator']) retrieved from /home/ubuntu/redfin/lib/python3.10/site-packages/airflow/example_dags/example_bash_operator.py
[2023-12-03T23:44:30.527+0000] {logging_mixin.py:154} INFO - [2023-12-03T23:44:30.527+0000] {dag.py:2941} INFO - Sync 1 DAGs
[2023-12-03T23:44:30.552+0000] {logging_mixin.py:154} INFO - [2023-12-03T23:44:30.551+0000] {dag.py:3722} INFO - Setting next_dagrun for example_bash_operator to 2023-12-02T00:00:00+00:00, run_after=2023-12-03T00:00:00+00:00
[2023-12-03T23:44:30.575+0000] {processor.py:179} INFO - Processing /home/ubuntu/redfin/lib/python3.10/site-packages/airflow/example_dags/example_bash_operator.py took 0.096 seconds
[2023-12-03T23:45:26.667+0000] {processor.py:157} INFO - Started process (PID=6636) to work on /home/ubuntu/redfin/lib/python3.10/site-packages/airflow/example_dags/example_bash_operator.py
[2023-12-03T23:45:26.668+0000] {processor.py:829} INFO - Processing file /home/ubuntu/redfin/lib/python3.10/site-packages/airflow/example_dags/example_bash_operator.py for tasks to queue
[2023-12-03T23:45:26.669+0000] {logging_mixin.py:154} INFO - [2023-12-03T23:45:26.669+0000] {dagbag.py:536} INFO - Filling up the DagBag from /home/ubuntu/redfin/lib/python3.10/site-packages/airflow/example_dags/example_bash_operator.py
[2023-12-03T23:45:26.683+0000] {processor.py:839} INFO - DAG(s) dict_keys(['example_bash_operator']) retrieved from /home/ubuntu/redfin/lib/python3.10/site-packages/airflow/example_dags/example_bash_operator.py
[2023-12-03T23:45:26.710+0000] {logging_mixin.py:154} INFO - [2023-12-03T23:45:26.710+0000] {dag.py:2941} INFO - Sync 1 DAGs
[2023-12-03T23:45:26.733+0000] {logging_mixin.py:154} INFO - [2023-12-03T23:45:26.733+0000] {dag.py:3722} INFO - Setting next_dagrun for example_bash_operator to 2023-12-02T00:00:00+00:00, run_after=2023-12-03T00:00:00+00:00
[2023-12-03T23:45:26.756+0000] {processor.py:179} INFO - Processing /home/ubuntu/redfin/lib/python3.10/site-packages/airflow/example_dags/example_bash_operator.py took 0.093 seconds
[2023-12-03T23:46:11.884+0000] {processor.py:157} INFO - Started process (PID=6689) to work on /home/ubuntu/redfin/lib/python3.10/site-packages/airflow/example_dags/example_bash_operator.py
[2023-12-03T23:46:11.886+0000] {processor.py:829} INFO - Processing file /home/ubuntu/redfin/lib/python3.10/site-packages/airflow/example_dags/example_bash_operator.py for tasks to queue
[2023-12-03T23:46:11.887+0000] {logging_mixin.py:154} INFO - [2023-12-03T23:46:11.886+0000] {dagbag.py:536} INFO - Filling up the DagBag from /home/ubuntu/redfin/lib/python3.10/site-packages/airflow/example_dags/example_bash_operator.py
[2023-12-03T23:46:11.900+0000] {processor.py:839} INFO - DAG(s) dict_keys(['example_bash_operator']) retrieved from /home/ubuntu/redfin/lib/python3.10/site-packages/airflow/example_dags/example_bash_operator.py
[2023-12-03T23:46:11.927+0000] {logging_mixin.py:154} INFO - [2023-12-03T23:46:11.927+0000] {dag.py:2941} INFO - Sync 1 DAGs
[2023-12-03T23:46:11.950+0000] {logging_mixin.py:154} INFO - [2023-12-03T23:46:11.950+0000] {dag.py:3722} INFO - Setting next_dagrun for example_bash_operator to 2023-12-02T00:00:00+00:00, run_after=2023-12-03T00:00:00+00:00
[2023-12-03T23:46:11.972+0000] {processor.py:179} INFO - Processing /home/ubuntu/redfin/lib/python3.10/site-packages/airflow/example_dags/example_bash_operator.py took 0.091 seconds
[2023-12-03T23:46:58.447+0000] {processor.py:157} INFO - Started process (PID=6741) to work on /home/ubuntu/redfin/lib/python3.10/site-packages/airflow/example_dags/example_bash_operator.py
[2023-12-03T23:46:58.448+0000] {processor.py:829} INFO - Processing file /home/ubuntu/redfin/lib/python3.10/site-packages/airflow/example_dags/example_bash_operator.py for tasks to queue
[2023-12-03T23:46:58.449+0000] {logging_mixin.py:154} INFO - [2023-12-03T23:46:58.449+0000] {dagbag.py:536} INFO - Filling up the DagBag from /home/ubuntu/redfin/lib/python3.10/site-packages/airflow/example_dags/example_bash_operator.py
[2023-12-03T23:46:58.462+0000] {processor.py:839} INFO - DAG(s) dict_keys(['example_bash_operator']) retrieved from /home/ubuntu/redfin/lib/python3.10/site-packages/airflow/example_dags/example_bash_operator.py
[2023-12-03T23:46:58.489+0000] {logging_mixin.py:154} INFO - [2023-12-03T23:46:58.489+0000] {dag.py:2941} INFO - Sync 1 DAGs
[2023-12-03T23:46:58.513+0000] {logging_mixin.py:154} INFO - [2023-12-03T23:46:58.513+0000] {dag.py:3722} INFO - Setting next_dagrun for example_bash_operator to 2023-12-02T00:00:00+00:00, run_after=2023-12-03T00:00:00+00:00
[2023-12-03T23:46:58.535+0000] {processor.py:179} INFO - Processing /home/ubuntu/redfin/lib/python3.10/site-packages/airflow/example_dags/example_bash_operator.py took 0.092 seconds
[2023-12-03T23:47:45.972+0000] {processor.py:157} INFO - Started process (PID=6803) to work on /home/ubuntu/redfin/lib/python3.10/site-packages/airflow/example_dags/example_bash_operator.py
[2023-12-03T23:47:45.974+0000] {processor.py:829} INFO - Processing file /home/ubuntu/redfin/lib/python3.10/site-packages/airflow/example_dags/example_bash_operator.py for tasks to queue
[2023-12-03T23:47:45.975+0000] {logging_mixin.py:154} INFO - [2023-12-03T23:47:45.974+0000] {dagbag.py:536} INFO - Filling up the DagBag from /home/ubuntu/redfin/lib/python3.10/site-packages/airflow/example_dags/example_bash_operator.py
[2023-12-03T23:47:45.989+0000] {processor.py:839} INFO - DAG(s) dict_keys(['example_bash_operator']) retrieved from /home/ubuntu/redfin/lib/python3.10/site-packages/airflow/example_dags/example_bash_operator.py
[2023-12-03T23:47:46.017+0000] {logging_mixin.py:154} INFO - [2023-12-03T23:47:46.017+0000] {dag.py:2941} INFO - Sync 1 DAGs
[2023-12-03T23:47:46.041+0000] {logging_mixin.py:154} INFO - [2023-12-03T23:47:46.041+0000] {dag.py:3722} INFO - Setting next_dagrun for example_bash_operator to 2023-12-02T00:00:00+00:00, run_after=2023-12-03T00:00:00+00:00
[2023-12-03T23:47:46.065+0000] {processor.py:179} INFO - Processing /home/ubuntu/redfin/lib/python3.10/site-packages/airflow/example_dags/example_bash_operator.py took 0.097 seconds
[2023-12-03T23:48:34.507+0000] {processor.py:157} INFO - Started process (PID=6882) to work on /home/ubuntu/redfin/lib/python3.10/site-packages/airflow/example_dags/example_bash_operator.py
[2023-12-03T23:48:34.509+0000] {processor.py:829} INFO - Processing file /home/ubuntu/redfin/lib/python3.10/site-packages/airflow/example_dags/example_bash_operator.py for tasks to queue
[2023-12-03T23:48:34.509+0000] {logging_mixin.py:154} INFO - [2023-12-03T23:48:34.509+0000] {dagbag.py:536} INFO - Filling up the DagBag from /home/ubuntu/redfin/lib/python3.10/site-packages/airflow/example_dags/example_bash_operator.py
[2023-12-03T23:48:34.523+0000] {processor.py:839} INFO - DAG(s) dict_keys(['example_bash_operator']) retrieved from /home/ubuntu/redfin/lib/python3.10/site-packages/airflow/example_dags/example_bash_operator.py
[2023-12-03T23:48:34.549+0000] {logging_mixin.py:154} INFO - [2023-12-03T23:48:34.549+0000] {dag.py:2941} INFO - Sync 1 DAGs
[2023-12-03T23:48:34.573+0000] {logging_mixin.py:154} INFO - [2023-12-03T23:48:34.573+0000] {dag.py:3722} INFO - Setting next_dagrun for example_bash_operator to 2023-12-02T00:00:00+00:00, run_after=2023-12-03T00:00:00+00:00
[2023-12-03T23:48:34.595+0000] {processor.py:179} INFO - Processing /home/ubuntu/redfin/lib/python3.10/site-packages/airflow/example_dags/example_bash_operator.py took 0.092 seconds
[2023-12-03T23:49:25.225+0000] {processor.py:157} INFO - Started process (PID=6937) to work on /home/ubuntu/redfin/lib/python3.10/site-packages/airflow/example_dags/example_bash_operator.py
[2023-12-03T23:49:25.226+0000] {processor.py:829} INFO - Processing file /home/ubuntu/redfin/lib/python3.10/site-packages/airflow/example_dags/example_bash_operator.py for tasks to queue
[2023-12-03T23:49:25.227+0000] {logging_mixin.py:154} INFO - [2023-12-03T23:49:25.227+0000] {dagbag.py:536} INFO - Filling up the DagBag from /home/ubuntu/redfin/lib/python3.10/site-packages/airflow/example_dags/example_bash_operator.py
[2023-12-03T23:49:25.240+0000] {processor.py:839} INFO - DAG(s) dict_keys(['example_bash_operator']) retrieved from /home/ubuntu/redfin/lib/python3.10/site-packages/airflow/example_dags/example_bash_operator.py
[2023-12-03T23:49:25.268+0000] {logging_mixin.py:154} INFO - [2023-12-03T23:49:25.267+0000] {dag.py:2941} INFO - Sync 1 DAGs
[2023-12-03T23:49:25.291+0000] {logging_mixin.py:154} INFO - [2023-12-03T23:49:25.291+0000] {dag.py:3722} INFO - Setting next_dagrun for example_bash_operator to 2023-12-02T00:00:00+00:00, run_after=2023-12-03T00:00:00+00:00
[2023-12-03T23:49:25.314+0000] {processor.py:179} INFO - Processing /home/ubuntu/redfin/lib/python3.10/site-packages/airflow/example_dags/example_bash_operator.py took 0.093 seconds
[2023-12-03T23:50:13.706+0000] {processor.py:157} INFO - Started process (PID=6992) to work on /home/ubuntu/redfin/lib/python3.10/site-packages/airflow/example_dags/example_bash_operator.py
[2023-12-03T23:50:13.707+0000] {processor.py:829} INFO - Processing file /home/ubuntu/redfin/lib/python3.10/site-packages/airflow/example_dags/example_bash_operator.py for tasks to queue
[2023-12-03T23:50:13.708+0000] {logging_mixin.py:154} INFO - [2023-12-03T23:50:13.708+0000] {dagbag.py:536} INFO - Filling up the DagBag from /home/ubuntu/redfin/lib/python3.10/site-packages/airflow/example_dags/example_bash_operator.py
[2023-12-03T23:50:13.722+0000] {processor.py:839} INFO - DAG(s) dict_keys(['example_bash_operator']) retrieved from /home/ubuntu/redfin/lib/python3.10/site-packages/airflow/example_dags/example_bash_operator.py
[2023-12-03T23:50:13.749+0000] {logging_mixin.py:154} INFO - [2023-12-03T23:50:13.749+0000] {dag.py:2941} INFO - Sync 1 DAGs
[2023-12-03T23:50:13.773+0000] {logging_mixin.py:154} INFO - [2023-12-03T23:50:13.773+0000] {dag.py:3722} INFO - Setting next_dagrun for example_bash_operator to 2023-12-02T00:00:00+00:00, run_after=2023-12-03T00:00:00+00:00
[2023-12-03T23:50:13.796+0000] {processor.py:179} INFO - Processing /home/ubuntu/redfin/lib/python3.10/site-packages/airflow/example_dags/example_bash_operator.py took 0.094 seconds
[2023-12-03T23:51:02.354+0000] {processor.py:157} INFO - Started process (PID=7044) to work on /home/ubuntu/redfin/lib/python3.10/site-packages/airflow/example_dags/example_bash_operator.py
[2023-12-03T23:51:02.355+0000] {processor.py:829} INFO - Processing file /home/ubuntu/redfin/lib/python3.10/site-packages/airflow/example_dags/example_bash_operator.py for tasks to queue
[2023-12-03T23:51:02.356+0000] {logging_mixin.py:154} INFO - [2023-12-03T23:51:02.356+0000] {dagbag.py:536} INFO - Filling up the DagBag from /home/ubuntu/redfin/lib/python3.10/site-packages/airflow/example_dags/example_bash_operator.py
[2023-12-03T23:51:02.370+0000] {processor.py:839} INFO - DAG(s) dict_keys(['example_bash_operator']) retrieved from /home/ubuntu/redfin/lib/python3.10/site-packages/airflow/example_dags/example_bash_operator.py
[2023-12-03T23:51:02.398+0000] {logging_mixin.py:154} INFO - [2023-12-03T23:51:02.398+0000] {dag.py:2941} INFO - Sync 1 DAGs
[2023-12-03T23:51:02.424+0000] {logging_mixin.py:154} INFO - [2023-12-03T23:51:02.423+0000] {dag.py:3722} INFO - Setting next_dagrun for example_bash_operator to 2023-12-02T00:00:00+00:00, run_after=2023-12-03T00:00:00+00:00
[2023-12-03T23:51:02.450+0000] {processor.py:179} INFO - Processing /home/ubuntu/redfin/lib/python3.10/site-packages/airflow/example_dags/example_bash_operator.py took 0.101 seconds
[2023-12-03T23:51:47.336+0000] {processor.py:157} INFO - Started process (PID=7097) to work on /home/ubuntu/redfin/lib/python3.10/site-packages/airflow/example_dags/example_bash_operator.py
[2023-12-03T23:51:47.337+0000] {processor.py:829} INFO - Processing file /home/ubuntu/redfin/lib/python3.10/site-packages/airflow/example_dags/example_bash_operator.py for tasks to queue
[2023-12-03T23:51:47.338+0000] {logging_mixin.py:154} INFO - [2023-12-03T23:51:47.337+0000] {dagbag.py:536} INFO - Filling up the DagBag from /home/ubuntu/redfin/lib/python3.10/site-packages/airflow/example_dags/example_bash_operator.py
[2023-12-03T23:51:47.352+0000] {processor.py:839} INFO - DAG(s) dict_keys(['example_bash_operator']) retrieved from /home/ubuntu/redfin/lib/python3.10/site-packages/airflow/example_dags/example_bash_operator.py
[2023-12-03T23:51:47.379+0000] {logging_mixin.py:154} INFO - [2023-12-03T23:51:47.379+0000] {dag.py:2941} INFO - Sync 1 DAGs
[2023-12-03T23:51:47.404+0000] {logging_mixin.py:154} INFO - [2023-12-03T23:51:47.403+0000] {dag.py:3722} INFO - Setting next_dagrun for example_bash_operator to 2023-12-02T00:00:00+00:00, run_after=2023-12-03T00:00:00+00:00
[2023-12-03T23:51:47.427+0000] {processor.py:179} INFO - Processing /home/ubuntu/redfin/lib/python3.10/site-packages/airflow/example_dags/example_bash_operator.py took 0.095 seconds
[2023-12-03T23:52:40.325+0000] {processor.py:157} INFO - Started process (PID=7152) to work on /home/ubuntu/redfin/lib/python3.10/site-packages/airflow/example_dags/example_bash_operator.py
[2023-12-03T23:52:40.326+0000] {processor.py:829} INFO - Processing file /home/ubuntu/redfin/lib/python3.10/site-packages/airflow/example_dags/example_bash_operator.py for tasks to queue
[2023-12-03T23:52:40.327+0000] {logging_mixin.py:154} INFO - [2023-12-03T23:52:40.327+0000] {dagbag.py:536} INFO - Filling up the DagBag from /home/ubuntu/redfin/lib/python3.10/site-packages/airflow/example_dags/example_bash_operator.py
[2023-12-03T23:52:40.340+0000] {processor.py:839} INFO - DAG(s) dict_keys(['example_bash_operator']) retrieved from /home/ubuntu/redfin/lib/python3.10/site-packages/airflow/example_dags/example_bash_operator.py
[2023-12-03T23:52:40.367+0000] {logging_mixin.py:154} INFO - [2023-12-03T23:52:40.367+0000] {dag.py:2941} INFO - Sync 1 DAGs
[2023-12-03T23:52:40.390+0000] {logging_mixin.py:154} INFO - [2023-12-03T23:52:40.389+0000] {dag.py:3722} INFO - Setting next_dagrun for example_bash_operator to 2023-12-02T00:00:00+00:00, run_after=2023-12-03T00:00:00+00:00
[2023-12-03T23:52:40.411+0000] {processor.py:179} INFO - Processing /home/ubuntu/redfin/lib/python3.10/site-packages/airflow/example_dags/example_bash_operator.py took 0.090 seconds
[2023-12-03T23:53:28.760+0000] {processor.py:157} INFO - Started process (PID=7206) to work on /home/ubuntu/redfin/lib/python3.10/site-packages/airflow/example_dags/example_bash_operator.py
[2023-12-03T23:53:28.761+0000] {processor.py:829} INFO - Processing file /home/ubuntu/redfin/lib/python3.10/site-packages/airflow/example_dags/example_bash_operator.py for tasks to queue
[2023-12-03T23:53:28.762+0000] {logging_mixin.py:154} INFO - [2023-12-03T23:53:28.762+0000] {dagbag.py:536} INFO - Filling up the DagBag from /home/ubuntu/redfin/lib/python3.10/site-packages/airflow/example_dags/example_bash_operator.py
[2023-12-03T23:53:28.776+0000] {processor.py:839} INFO - DAG(s) dict_keys(['example_bash_operator']) retrieved from /home/ubuntu/redfin/lib/python3.10/site-packages/airflow/example_dags/example_bash_operator.py
[2023-12-03T23:53:28.803+0000] {logging_mixin.py:154} INFO - [2023-12-03T23:53:28.803+0000] {dag.py:2941} INFO - Sync 1 DAGs
[2023-12-03T23:53:28.825+0000] {logging_mixin.py:154} INFO - [2023-12-03T23:53:28.825+0000] {dag.py:3722} INFO - Setting next_dagrun for example_bash_operator to 2023-12-02T00:00:00+00:00, run_after=2023-12-03T00:00:00+00:00
[2023-12-03T23:53:28.849+0000] {processor.py:179} INFO - Processing /home/ubuntu/redfin/lib/python3.10/site-packages/airflow/example_dags/example_bash_operator.py took 0.093 seconds
[2023-12-03T23:54:16.953+0000] {processor.py:157} INFO - Started process (PID=7258) to work on /home/ubuntu/redfin/lib/python3.10/site-packages/airflow/example_dags/example_bash_operator.py
[2023-12-03T23:54:16.955+0000] {processor.py:829} INFO - Processing file /home/ubuntu/redfin/lib/python3.10/site-packages/airflow/example_dags/example_bash_operator.py for tasks to queue
[2023-12-03T23:54:16.956+0000] {logging_mixin.py:154} INFO - [2023-12-03T23:54:16.955+0000] {dagbag.py:536} INFO - Filling up the DagBag from /home/ubuntu/redfin/lib/python3.10/site-packages/airflow/example_dags/example_bash_operator.py
[2023-12-03T23:54:16.969+0000] {processor.py:839} INFO - DAG(s) dict_keys(['example_bash_operator']) retrieved from /home/ubuntu/redfin/lib/python3.10/site-packages/airflow/example_dags/example_bash_operator.py
[2023-12-03T23:54:16.995+0000] {logging_mixin.py:154} INFO - [2023-12-03T23:54:16.995+0000] {dag.py:2941} INFO - Sync 1 DAGs
[2023-12-03T23:54:17.017+0000] {logging_mixin.py:154} INFO - [2023-12-03T23:54:17.017+0000] {dag.py:3722} INFO - Setting next_dagrun for example_bash_operator to 2023-12-02T00:00:00+00:00, run_after=2023-12-03T00:00:00+00:00
[2023-12-03T23:54:17.040+0000] {processor.py:179} INFO - Processing /home/ubuntu/redfin/lib/python3.10/site-packages/airflow/example_dags/example_bash_operator.py took 0.091 seconds
[2023-12-03T23:55:04.081+0000] {processor.py:157} INFO - Started process (PID=7312) to work on /home/ubuntu/redfin/lib/python3.10/site-packages/airflow/example_dags/example_bash_operator.py
[2023-12-03T23:55:04.083+0000] {processor.py:829} INFO - Processing file /home/ubuntu/redfin/lib/python3.10/site-packages/airflow/example_dags/example_bash_operator.py for tasks to queue
[2023-12-03T23:55:04.084+0000] {logging_mixin.py:154} INFO - [2023-12-03T23:55:04.083+0000] {dagbag.py:536} INFO - Filling up the DagBag from /home/ubuntu/redfin/lib/python3.10/site-packages/airflow/example_dags/example_bash_operator.py
[2023-12-03T23:55:04.097+0000] {processor.py:839} INFO - DAG(s) dict_keys(['example_bash_operator']) retrieved from /home/ubuntu/redfin/lib/python3.10/site-packages/airflow/example_dags/example_bash_operator.py
[2023-12-03T23:55:04.125+0000] {logging_mixin.py:154} INFO - [2023-12-03T23:55:04.125+0000] {dag.py:2941} INFO - Sync 1 DAGs
[2023-12-03T23:55:04.148+0000] {logging_mixin.py:154} INFO - [2023-12-03T23:55:04.148+0000] {dag.py:3722} INFO - Setting next_dagrun for example_bash_operator to 2023-12-02T00:00:00+00:00, run_after=2023-12-03T00:00:00+00:00
[2023-12-03T23:55:04.174+0000] {processor.py:179} INFO - Processing /home/ubuntu/redfin/lib/python3.10/site-packages/airflow/example_dags/example_bash_operator.py took 0.096 seconds
[2023-12-03T23:55:51.304+0000] {processor.py:157} INFO - Started process (PID=7363) to work on /home/ubuntu/redfin/lib/python3.10/site-packages/airflow/example_dags/example_bash_operator.py
[2023-12-03T23:55:51.306+0000] {processor.py:829} INFO - Processing file /home/ubuntu/redfin/lib/python3.10/site-packages/airflow/example_dags/example_bash_operator.py for tasks to queue
[2023-12-03T23:55:51.306+0000] {logging_mixin.py:154} INFO - [2023-12-03T23:55:51.306+0000] {dagbag.py:536} INFO - Filling up the DagBag from /home/ubuntu/redfin/lib/python3.10/site-packages/airflow/example_dags/example_bash_operator.py
[2023-12-03T23:55:51.320+0000] {processor.py:839} INFO - DAG(s) dict_keys(['example_bash_operator']) retrieved from /home/ubuntu/redfin/lib/python3.10/site-packages/airflow/example_dags/example_bash_operator.py
[2023-12-03T23:55:51.346+0000] {logging_mixin.py:154} INFO - [2023-12-03T23:55:51.346+0000] {dag.py:2941} INFO - Sync 1 DAGs
[2023-12-03T23:55:51.369+0000] {logging_mixin.py:154} INFO - [2023-12-03T23:55:51.369+0000] {dag.py:3722} INFO - Setting next_dagrun for example_bash_operator to 2023-12-02T00:00:00+00:00, run_after=2023-12-03T00:00:00+00:00
[2023-12-03T23:55:51.391+0000] {processor.py:179} INFO - Processing /home/ubuntu/redfin/lib/python3.10/site-packages/airflow/example_dags/example_bash_operator.py took 0.091 seconds
[2023-12-03T23:56:40.945+0000] {processor.py:157} INFO - Started process (PID=7419) to work on /home/ubuntu/redfin/lib/python3.10/site-packages/airflow/example_dags/example_bash_operator.py
[2023-12-03T23:56:40.946+0000] {processor.py:829} INFO - Processing file /home/ubuntu/redfin/lib/python3.10/site-packages/airflow/example_dags/example_bash_operator.py for tasks to queue
[2023-12-03T23:56:40.947+0000] {logging_mixin.py:154} INFO - [2023-12-03T23:56:40.947+0000] {dagbag.py:536} INFO - Filling up the DagBag from /home/ubuntu/redfin/lib/python3.10/site-packages/airflow/example_dags/example_bash_operator.py
[2023-12-03T23:56:40.961+0000] {processor.py:839} INFO - DAG(s) dict_keys(['example_bash_operator']) retrieved from /home/ubuntu/redfin/lib/python3.10/site-packages/airflow/example_dags/example_bash_operator.py
[2023-12-03T23:56:40.989+0000] {logging_mixin.py:154} INFO - [2023-12-03T23:56:40.989+0000] {dag.py:2941} INFO - Sync 1 DAGs
[2023-12-03T23:56:41.012+0000] {logging_mixin.py:154} INFO - [2023-12-03T23:56:41.012+0000] {dag.py:3722} INFO - Setting next_dagrun for example_bash_operator to 2023-12-02T00:00:00+00:00, run_after=2023-12-03T00:00:00+00:00
[2023-12-03T23:56:41.035+0000] {processor.py:179} INFO - Processing /home/ubuntu/redfin/lib/python3.10/site-packages/airflow/example_dags/example_bash_operator.py took 0.094 seconds
[2023-12-03T23:57:28.010+0000] {processor.py:157} INFO - Started process (PID=7470) to work on /home/ubuntu/redfin/lib/python3.10/site-packages/airflow/example_dags/example_bash_operator.py
[2023-12-03T23:57:28.011+0000] {processor.py:829} INFO - Processing file /home/ubuntu/redfin/lib/python3.10/site-packages/airflow/example_dags/example_bash_operator.py for tasks to queue
[2023-12-03T23:57:28.012+0000] {logging_mixin.py:154} INFO - [2023-12-03T23:57:28.012+0000] {dagbag.py:536} INFO - Filling up the DagBag from /home/ubuntu/redfin/lib/python3.10/site-packages/airflow/example_dags/example_bash_operator.py
[2023-12-03T23:57:28.026+0000] {processor.py:839} INFO - DAG(s) dict_keys(['example_bash_operator']) retrieved from /home/ubuntu/redfin/lib/python3.10/site-packages/airflow/example_dags/example_bash_operator.py
[2023-12-03T23:57:28.053+0000] {logging_mixin.py:154} INFO - [2023-12-03T23:57:28.053+0000] {dag.py:2941} INFO - Sync 1 DAGs
[2023-12-03T23:57:28.077+0000] {logging_mixin.py:154} INFO - [2023-12-03T23:57:28.077+0000] {dag.py:3722} INFO - Setting next_dagrun for example_bash_operator to 2023-12-02T00:00:00+00:00, run_after=2023-12-03T00:00:00+00:00
[2023-12-03T23:57:28.100+0000] {processor.py:179} INFO - Processing /home/ubuntu/redfin/lib/python3.10/site-packages/airflow/example_dags/example_bash_operator.py took 0.094 seconds
[2023-12-03T23:58:11.658+0000] {processor.py:157} INFO - Started process (PID=7519) to work on /home/ubuntu/redfin/lib/python3.10/site-packages/airflow/example_dags/example_bash_operator.py
[2023-12-03T23:58:11.659+0000] {processor.py:829} INFO - Processing file /home/ubuntu/redfin/lib/python3.10/site-packages/airflow/example_dags/example_bash_operator.py for tasks to queue
[2023-12-03T23:58:11.660+0000] {logging_mixin.py:154} INFO - [2023-12-03T23:58:11.660+0000] {dagbag.py:536} INFO - Filling up the DagBag from /home/ubuntu/redfin/lib/python3.10/site-packages/airflow/example_dags/example_bash_operator.py
[2023-12-03T23:58:11.674+0000] {processor.py:839} INFO - DAG(s) dict_keys(['example_bash_operator']) retrieved from /home/ubuntu/redfin/lib/python3.10/site-packages/airflow/example_dags/example_bash_operator.py
[2023-12-03T23:58:11.701+0000] {logging_mixin.py:154} INFO - [2023-12-03T23:58:11.701+0000] {dag.py:2941} INFO - Sync 1 DAGs
[2023-12-03T23:58:11.724+0000] {logging_mixin.py:154} INFO - [2023-12-03T23:58:11.724+0000] {dag.py:3722} INFO - Setting next_dagrun for example_bash_operator to 2023-12-02T00:00:00+00:00, run_after=2023-12-03T00:00:00+00:00
[2023-12-03T23:58:11.749+0000] {processor.py:179} INFO - Processing /home/ubuntu/redfin/lib/python3.10/site-packages/airflow/example_dags/example_bash_operator.py took 0.095 seconds
[2023-12-03T23:58:58.233+0000] {processor.py:157} INFO - Started process (PID=7573) to work on /home/ubuntu/redfin/lib/python3.10/site-packages/airflow/example_dags/example_bash_operator.py
[2023-12-03T23:58:58.234+0000] {processor.py:829} INFO - Processing file /home/ubuntu/redfin/lib/python3.10/site-packages/airflow/example_dags/example_bash_operator.py for tasks to queue
[2023-12-03T23:58:58.235+0000] {logging_mixin.py:154} INFO - [2023-12-03T23:58:58.235+0000] {dagbag.py:536} INFO - Filling up the DagBag from /home/ubuntu/redfin/lib/python3.10/site-packages/airflow/example_dags/example_bash_operator.py
[2023-12-03T23:58:58.249+0000] {processor.py:839} INFO - DAG(s) dict_keys(['example_bash_operator']) retrieved from /home/ubuntu/redfin/lib/python3.10/site-packages/airflow/example_dags/example_bash_operator.py
[2023-12-03T23:58:58.277+0000] {logging_mixin.py:154} INFO - [2023-12-03T23:58:58.277+0000] {dag.py:2941} INFO - Sync 1 DAGs
[2023-12-03T23:58:58.301+0000] {logging_mixin.py:154} INFO - [2023-12-03T23:58:58.300+0000] {dag.py:3722} INFO - Setting next_dagrun for example_bash_operator to 2023-12-02T00:00:00+00:00, run_after=2023-12-03T00:00:00+00:00
[2023-12-03T23:58:58.324+0000] {processor.py:179} INFO - Processing /home/ubuntu/redfin/lib/python3.10/site-packages/airflow/example_dags/example_bash_operator.py took 0.094 seconds
[2023-12-03T23:59:45.072+0000] {processor.py:157} INFO - Started process (PID=7626) to work on /home/ubuntu/redfin/lib/python3.10/site-packages/airflow/example_dags/example_bash_operator.py
[2023-12-03T23:59:45.073+0000] {processor.py:829} INFO - Processing file /home/ubuntu/redfin/lib/python3.10/site-packages/airflow/example_dags/example_bash_operator.py for tasks to queue
[2023-12-03T23:59:45.074+0000] {logging_mixin.py:154} INFO - [2023-12-03T23:59:45.073+0000] {dagbag.py:536} INFO - Filling up the DagBag from /home/ubuntu/redfin/lib/python3.10/site-packages/airflow/example_dags/example_bash_operator.py
[2023-12-03T23:59:45.087+0000] {processor.py:839} INFO - DAG(s) dict_keys(['example_bash_operator']) retrieved from /home/ubuntu/redfin/lib/python3.10/site-packages/airflow/example_dags/example_bash_operator.py
[2023-12-03T23:59:45.114+0000] {logging_mixin.py:154} INFO - [2023-12-03T23:59:45.114+0000] {dag.py:2941} INFO - Sync 1 DAGs
[2023-12-03T23:59:45.137+0000] {logging_mixin.py:154} INFO - [2023-12-03T23:59:45.137+0000] {dag.py:3722} INFO - Setting next_dagrun for example_bash_operator to 2023-12-02T00:00:00+00:00, run_after=2023-12-03T00:00:00+00:00
[2023-12-03T23:59:45.160+0000] {processor.py:179} INFO - Processing /home/ubuntu/redfin/lib/python3.10/site-packages/airflow/example_dags/example_bash_operator.py took 0.092 seconds
