[2023-12-03T23:07:55.344+0000] {processor.py:157} INFO - Started process (PID=3757) to work on /home/ubuntu/redfin/lib/python3.10/site-packages/airflow/example_dags/example_time_delta_sensor_async.py
[2023-12-03T23:07:55.344+0000] {processor.py:829} INFO - Processing file /home/ubuntu/redfin/lib/python3.10/site-packages/airflow/example_dags/example_time_delta_sensor_async.py for tasks to queue
[2023-12-03T23:07:55.345+0000] {logging_mixin.py:154} INFO - [2023-12-03T23:07:55.345+0000] {dagbag.py:536} INFO - Filling up the DagBag from /home/ubuntu/redfin/lib/python3.10/site-packages/airflow/example_dags/example_time_delta_sensor_async.py
[2023-12-03T23:07:55.351+0000] {processor.py:839} INFO - DAG(s) dict_keys(['example_time_delta_sensor_async']) retrieved from /home/ubuntu/redfin/lib/python3.10/site-packages/airflow/example_dags/example_time_delta_sensor_async.py
[2023-12-03T23:07:55.465+0000] {logging_mixin.py:154} INFO - [2023-12-03T23:07:55.465+0000] {manager.py:499} INFO - Created Permission View: %s
[2023-12-03T23:07:55.478+0000] {logging_mixin.py:154} INFO - [2023-12-03T23:07:55.478+0000] {manager.py:499} INFO - Created Permission View: %s
[2023-12-03T23:07:55.487+0000] {logging_mixin.py:154} INFO - [2023-12-03T23:07:55.487+0000] {manager.py:499} INFO - Created Permission View: %s
[2023-12-03T23:07:55.488+0000] {logging_mixin.py:154} INFO - [2023-12-03T23:07:55.488+0000] {dag.py:2941} INFO - Sync 1 DAGs
[2023-12-03T23:07:55.500+0000] {logging_mixin.py:154} INFO - [2023-12-03T23:07:55.500+0000] {dag.py:2963} INFO - Creating ORM DAG for example_time_delta_sensor_async
[2023-12-03T23:07:55.500+0000] {logging_mixin.py:154} INFO - [2023-12-03T23:07:55.500+0000] {dag.py:3722} INFO - Setting next_dagrun for example_time_delta_sensor_async to None, run_after=None
[2023-12-03T23:07:55.525+0000] {processor.py:179} INFO - Processing /home/ubuntu/redfin/lib/python3.10/site-packages/airflow/example_dags/example_time_delta_sensor_async.py took 0.186 seconds
[2023-12-03T23:08:46.635+0000] {processor.py:157} INFO - Started process (PID=3807) to work on /home/ubuntu/redfin/lib/python3.10/site-packages/airflow/example_dags/example_time_delta_sensor_async.py
[2023-12-03T23:08:46.636+0000] {processor.py:829} INFO - Processing file /home/ubuntu/redfin/lib/python3.10/site-packages/airflow/example_dags/example_time_delta_sensor_async.py for tasks to queue
[2023-12-03T23:08:46.637+0000] {logging_mixin.py:154} INFO - [2023-12-03T23:08:46.637+0000] {dagbag.py:536} INFO - Filling up the DagBag from /home/ubuntu/redfin/lib/python3.10/site-packages/airflow/example_dags/example_time_delta_sensor_async.py
[2023-12-03T23:08:46.643+0000] {processor.py:839} INFO - DAG(s) dict_keys(['example_time_delta_sensor_async']) retrieved from /home/ubuntu/redfin/lib/python3.10/site-packages/airflow/example_dags/example_time_delta_sensor_async.py
[2023-12-03T23:08:46.663+0000] {logging_mixin.py:154} INFO - [2023-12-03T23:08:46.662+0000] {dag.py:2941} INFO - Sync 1 DAGs
[2023-12-03T23:08:46.675+0000] {logging_mixin.py:154} INFO - [2023-12-03T23:08:46.675+0000] {dag.py:3722} INFO - Setting next_dagrun for example_time_delta_sensor_async to None, run_after=None
[2023-12-03T23:08:46.707+0000] {processor.py:179} INFO - Processing /home/ubuntu/redfin/lib/python3.10/site-packages/airflow/example_dags/example_time_delta_sensor_async.py took 0.075 seconds
[2023-12-03T23:09:31.706+0000] {processor.py:157} INFO - Started process (PID=3856) to work on /home/ubuntu/redfin/lib/python3.10/site-packages/airflow/example_dags/example_time_delta_sensor_async.py
[2023-12-03T23:09:31.707+0000] {processor.py:829} INFO - Processing file /home/ubuntu/redfin/lib/python3.10/site-packages/airflow/example_dags/example_time_delta_sensor_async.py for tasks to queue
[2023-12-03T23:09:31.708+0000] {logging_mixin.py:154} INFO - [2023-12-03T23:09:31.707+0000] {dagbag.py:536} INFO - Filling up the DagBag from /home/ubuntu/redfin/lib/python3.10/site-packages/airflow/example_dags/example_time_delta_sensor_async.py
[2023-12-03T23:09:31.714+0000] {processor.py:839} INFO - DAG(s) dict_keys(['example_time_delta_sensor_async']) retrieved from /home/ubuntu/redfin/lib/python3.10/site-packages/airflow/example_dags/example_time_delta_sensor_async.py
[2023-12-03T23:09:31.732+0000] {logging_mixin.py:154} INFO - [2023-12-03T23:09:31.732+0000] {dag.py:2941} INFO - Sync 1 DAGs
[2023-12-03T23:09:31.745+0000] {logging_mixin.py:154} INFO - [2023-12-03T23:09:31.745+0000] {dag.py:3722} INFO - Setting next_dagrun for example_time_delta_sensor_async to None, run_after=None
[2023-12-03T23:09:31.769+0000] {processor.py:179} INFO - Processing /home/ubuntu/redfin/lib/python3.10/site-packages/airflow/example_dags/example_time_delta_sensor_async.py took 0.067 seconds
[2023-12-03T23:10:18.703+0000] {processor.py:157} INFO - Started process (PID=3907) to work on /home/ubuntu/redfin/lib/python3.10/site-packages/airflow/example_dags/example_time_delta_sensor_async.py
[2023-12-03T23:10:18.704+0000] {processor.py:829} INFO - Processing file /home/ubuntu/redfin/lib/python3.10/site-packages/airflow/example_dags/example_time_delta_sensor_async.py for tasks to queue
[2023-12-03T23:10:18.705+0000] {logging_mixin.py:154} INFO - [2023-12-03T23:10:18.704+0000] {dagbag.py:536} INFO - Filling up the DagBag from /home/ubuntu/redfin/lib/python3.10/site-packages/airflow/example_dags/example_time_delta_sensor_async.py
[2023-12-03T23:10:18.711+0000] {processor.py:839} INFO - DAG(s) dict_keys(['example_time_delta_sensor_async']) retrieved from /home/ubuntu/redfin/lib/python3.10/site-packages/airflow/example_dags/example_time_delta_sensor_async.py
[2023-12-03T23:10:18.729+0000] {logging_mixin.py:154} INFO - [2023-12-03T23:10:18.729+0000] {dag.py:2941} INFO - Sync 1 DAGs
[2023-12-03T23:10:18.741+0000] {logging_mixin.py:154} INFO - [2023-12-03T23:10:18.741+0000] {dag.py:3722} INFO - Setting next_dagrun for example_time_delta_sensor_async to None, run_after=None
[2023-12-03T23:10:18.764+0000] {processor.py:179} INFO - Processing /home/ubuntu/redfin/lib/python3.10/site-packages/airflow/example_dags/example_time_delta_sensor_async.py took 0.065 seconds
[2023-12-03T23:11:04.497+0000] {processor.py:157} INFO - Started process (PID=3956) to work on /home/ubuntu/redfin/lib/python3.10/site-packages/airflow/example_dags/example_time_delta_sensor_async.py
[2023-12-03T23:11:04.498+0000] {processor.py:829} INFO - Processing file /home/ubuntu/redfin/lib/python3.10/site-packages/airflow/example_dags/example_time_delta_sensor_async.py for tasks to queue
[2023-12-03T23:11:04.499+0000] {logging_mixin.py:154} INFO - [2023-12-03T23:11:04.498+0000] {dagbag.py:536} INFO - Filling up the DagBag from /home/ubuntu/redfin/lib/python3.10/site-packages/airflow/example_dags/example_time_delta_sensor_async.py
[2023-12-03T23:11:04.504+0000] {processor.py:839} INFO - DAG(s) dict_keys(['example_time_delta_sensor_async']) retrieved from /home/ubuntu/redfin/lib/python3.10/site-packages/airflow/example_dags/example_time_delta_sensor_async.py
[2023-12-03T23:11:04.524+0000] {logging_mixin.py:154} INFO - [2023-12-03T23:11:04.524+0000] {dag.py:2941} INFO - Sync 1 DAGs
[2023-12-03T23:11:04.538+0000] {logging_mixin.py:154} INFO - [2023-12-03T23:11:04.538+0000] {dag.py:3722} INFO - Setting next_dagrun for example_time_delta_sensor_async to None, run_after=None
[2023-12-03T23:11:04.562+0000] {processor.py:179} INFO - Processing /home/ubuntu/redfin/lib/python3.10/site-packages/airflow/example_dags/example_time_delta_sensor_async.py took 0.070 seconds
[2023-12-03T23:11:52.193+0000] {processor.py:157} INFO - Started process (PID=4011) to work on /home/ubuntu/redfin/lib/python3.10/site-packages/airflow/example_dags/example_time_delta_sensor_async.py
[2023-12-03T23:11:52.194+0000] {processor.py:829} INFO - Processing file /home/ubuntu/redfin/lib/python3.10/site-packages/airflow/example_dags/example_time_delta_sensor_async.py for tasks to queue
[2023-12-03T23:11:52.195+0000] {logging_mixin.py:154} INFO - [2023-12-03T23:11:52.194+0000] {dagbag.py:536} INFO - Filling up the DagBag from /home/ubuntu/redfin/lib/python3.10/site-packages/airflow/example_dags/example_time_delta_sensor_async.py
[2023-12-03T23:11:52.200+0000] {processor.py:839} INFO - DAG(s) dict_keys(['example_time_delta_sensor_async']) retrieved from /home/ubuntu/redfin/lib/python3.10/site-packages/airflow/example_dags/example_time_delta_sensor_async.py
[2023-12-03T23:11:52.219+0000] {logging_mixin.py:154} INFO - [2023-12-03T23:11:52.219+0000] {dag.py:2941} INFO - Sync 1 DAGs
[2023-12-03T23:11:52.231+0000] {logging_mixin.py:154} INFO - [2023-12-03T23:11:52.231+0000] {dag.py:3722} INFO - Setting next_dagrun for example_time_delta_sensor_async to None, run_after=None
[2023-12-03T23:11:52.255+0000] {processor.py:179} INFO - Processing /home/ubuntu/redfin/lib/python3.10/site-packages/airflow/example_dags/example_time_delta_sensor_async.py took 0.066 seconds
[2023-12-03T23:12:36.113+0000] {processor.py:157} INFO - Started process (PID=4060) to work on /home/ubuntu/redfin/lib/python3.10/site-packages/airflow/example_dags/example_time_delta_sensor_async.py
[2023-12-03T23:12:36.115+0000] {processor.py:829} INFO - Processing file /home/ubuntu/redfin/lib/python3.10/site-packages/airflow/example_dags/example_time_delta_sensor_async.py for tasks to queue
[2023-12-03T23:12:36.116+0000] {logging_mixin.py:154} INFO - [2023-12-03T23:12:36.115+0000] {dagbag.py:536} INFO - Filling up the DagBag from /home/ubuntu/redfin/lib/python3.10/site-packages/airflow/example_dags/example_time_delta_sensor_async.py
[2023-12-03T23:12:36.121+0000] {processor.py:839} INFO - DAG(s) dict_keys(['example_time_delta_sensor_async']) retrieved from /home/ubuntu/redfin/lib/python3.10/site-packages/airflow/example_dags/example_time_delta_sensor_async.py
[2023-12-03T23:12:36.139+0000] {logging_mixin.py:154} INFO - [2023-12-03T23:12:36.139+0000] {dag.py:2941} INFO - Sync 1 DAGs
[2023-12-03T23:12:36.152+0000] {logging_mixin.py:154} INFO - [2023-12-03T23:12:36.152+0000] {dag.py:3722} INFO - Setting next_dagrun for example_time_delta_sensor_async to None, run_after=None
[2023-12-03T23:12:36.174+0000] {processor.py:179} INFO - Processing /home/ubuntu/redfin/lib/python3.10/site-packages/airflow/example_dags/example_time_delta_sensor_async.py took 0.065 seconds
[2023-12-03T23:13:23.843+0000] {processor.py:157} INFO - Started process (PID=4111) to work on /home/ubuntu/redfin/lib/python3.10/site-packages/airflow/example_dags/example_time_delta_sensor_async.py
[2023-12-03T23:13:23.844+0000] {processor.py:829} INFO - Processing file /home/ubuntu/redfin/lib/python3.10/site-packages/airflow/example_dags/example_time_delta_sensor_async.py for tasks to queue
[2023-12-03T23:13:23.845+0000] {logging_mixin.py:154} INFO - [2023-12-03T23:13:23.845+0000] {dagbag.py:536} INFO - Filling up the DagBag from /home/ubuntu/redfin/lib/python3.10/site-packages/airflow/example_dags/example_time_delta_sensor_async.py
[2023-12-03T23:13:23.851+0000] {processor.py:839} INFO - DAG(s) dict_keys(['example_time_delta_sensor_async']) retrieved from /home/ubuntu/redfin/lib/python3.10/site-packages/airflow/example_dags/example_time_delta_sensor_async.py
[2023-12-03T23:13:23.869+0000] {logging_mixin.py:154} INFO - [2023-12-03T23:13:23.869+0000] {dag.py:2941} INFO - Sync 1 DAGs
[2023-12-03T23:13:23.882+0000] {logging_mixin.py:154} INFO - [2023-12-03T23:13:23.882+0000] {dag.py:3722} INFO - Setting next_dagrun for example_time_delta_sensor_async to None, run_after=None
[2023-12-03T23:13:23.905+0000] {processor.py:179} INFO - Processing /home/ubuntu/redfin/lib/python3.10/site-packages/airflow/example_dags/example_time_delta_sensor_async.py took 0.065 seconds
[2023-12-03T23:14:09.202+0000] {processor.py:157} INFO - Started process (PID=4160) to work on /home/ubuntu/redfin/lib/python3.10/site-packages/airflow/example_dags/example_time_delta_sensor_async.py
[2023-12-03T23:14:09.204+0000] {processor.py:829} INFO - Processing file /home/ubuntu/redfin/lib/python3.10/site-packages/airflow/example_dags/example_time_delta_sensor_async.py for tasks to queue
[2023-12-03T23:14:09.204+0000] {logging_mixin.py:154} INFO - [2023-12-03T23:14:09.204+0000] {dagbag.py:536} INFO - Filling up the DagBag from /home/ubuntu/redfin/lib/python3.10/site-packages/airflow/example_dags/example_time_delta_sensor_async.py
[2023-12-03T23:14:09.210+0000] {processor.py:839} INFO - DAG(s) dict_keys(['example_time_delta_sensor_async']) retrieved from /home/ubuntu/redfin/lib/python3.10/site-packages/airflow/example_dags/example_time_delta_sensor_async.py
[2023-12-03T23:14:09.230+0000] {logging_mixin.py:154} INFO - [2023-12-03T23:14:09.229+0000] {dag.py:2941} INFO - Sync 1 DAGs
[2023-12-03T23:14:09.243+0000] {logging_mixin.py:154} INFO - [2023-12-03T23:14:09.243+0000] {dag.py:3722} INFO - Setting next_dagrun for example_time_delta_sensor_async to None, run_after=None
[2023-12-03T23:14:09.266+0000] {processor.py:179} INFO - Processing /home/ubuntu/redfin/lib/python3.10/site-packages/airflow/example_dags/example_time_delta_sensor_async.py took 0.068 seconds
[2023-12-03T23:14:57.724+0000] {processor.py:157} INFO - Started process (PID=4212) to work on /home/ubuntu/redfin/lib/python3.10/site-packages/airflow/example_dags/example_time_delta_sensor_async.py
[2023-12-03T23:14:57.725+0000] {processor.py:829} INFO - Processing file /home/ubuntu/redfin/lib/python3.10/site-packages/airflow/example_dags/example_time_delta_sensor_async.py for tasks to queue
[2023-12-03T23:14:57.726+0000] {logging_mixin.py:154} INFO - [2023-12-03T23:14:57.726+0000] {dagbag.py:536} INFO - Filling up the DagBag from /home/ubuntu/redfin/lib/python3.10/site-packages/airflow/example_dags/example_time_delta_sensor_async.py
[2023-12-03T23:14:57.732+0000] {processor.py:839} INFO - DAG(s) dict_keys(['example_time_delta_sensor_async']) retrieved from /home/ubuntu/redfin/lib/python3.10/site-packages/airflow/example_dags/example_time_delta_sensor_async.py
[2023-12-03T23:14:57.750+0000] {logging_mixin.py:154} INFO - [2023-12-03T23:14:57.750+0000] {dag.py:2941} INFO - Sync 1 DAGs
[2023-12-03T23:14:57.763+0000] {logging_mixin.py:154} INFO - [2023-12-03T23:14:57.763+0000] {dag.py:3722} INFO - Setting next_dagrun for example_time_delta_sensor_async to None, run_after=None
[2023-12-03T23:14:57.786+0000] {processor.py:179} INFO - Processing /home/ubuntu/redfin/lib/python3.10/site-packages/airflow/example_dags/example_time_delta_sensor_async.py took 0.065 seconds
[2023-12-03T23:15:47.453+0000] {processor.py:157} INFO - Started process (PID=4268) to work on /home/ubuntu/redfin/lib/python3.10/site-packages/airflow/example_dags/example_time_delta_sensor_async.py
[2023-12-03T23:15:47.454+0000] {processor.py:829} INFO - Processing file /home/ubuntu/redfin/lib/python3.10/site-packages/airflow/example_dags/example_time_delta_sensor_async.py for tasks to queue
[2023-12-03T23:15:47.455+0000] {logging_mixin.py:154} INFO - [2023-12-03T23:15:47.455+0000] {dagbag.py:536} INFO - Filling up the DagBag from /home/ubuntu/redfin/lib/python3.10/site-packages/airflow/example_dags/example_time_delta_sensor_async.py
[2023-12-03T23:15:47.460+0000] {processor.py:839} INFO - DAG(s) dict_keys(['example_time_delta_sensor_async']) retrieved from /home/ubuntu/redfin/lib/python3.10/site-packages/airflow/example_dags/example_time_delta_sensor_async.py
[2023-12-03T23:15:47.479+0000] {logging_mixin.py:154} INFO - [2023-12-03T23:15:47.479+0000] {dag.py:2941} INFO - Sync 1 DAGs
[2023-12-03T23:15:47.491+0000] {logging_mixin.py:154} INFO - [2023-12-03T23:15:47.491+0000] {dag.py:3722} INFO - Setting next_dagrun for example_time_delta_sensor_async to None, run_after=None
[2023-12-03T23:15:47.515+0000] {processor.py:179} INFO - Processing /home/ubuntu/redfin/lib/python3.10/site-packages/airflow/example_dags/example_time_delta_sensor_async.py took 0.066 seconds
[2023-12-03T23:16:34.281+0000] {processor.py:157} INFO - Started process (PID=4319) to work on /home/ubuntu/redfin/lib/python3.10/site-packages/airflow/example_dags/example_time_delta_sensor_async.py
[2023-12-03T23:16:34.282+0000] {processor.py:829} INFO - Processing file /home/ubuntu/redfin/lib/python3.10/site-packages/airflow/example_dags/example_time_delta_sensor_async.py for tasks to queue
[2023-12-03T23:16:34.283+0000] {logging_mixin.py:154} INFO - [2023-12-03T23:16:34.283+0000] {dagbag.py:536} INFO - Filling up the DagBag from /home/ubuntu/redfin/lib/python3.10/site-packages/airflow/example_dags/example_time_delta_sensor_async.py
[2023-12-03T23:16:34.289+0000] {processor.py:839} INFO - DAG(s) dict_keys(['example_time_delta_sensor_async']) retrieved from /home/ubuntu/redfin/lib/python3.10/site-packages/airflow/example_dags/example_time_delta_sensor_async.py
[2023-12-03T23:16:34.308+0000] {logging_mixin.py:154} INFO - [2023-12-03T23:16:34.307+0000] {dag.py:2941} INFO - Sync 1 DAGs
[2023-12-03T23:16:34.320+0000] {logging_mixin.py:154} INFO - [2023-12-03T23:16:34.320+0000] {dag.py:3722} INFO - Setting next_dagrun for example_time_delta_sensor_async to None, run_after=None
[2023-12-03T23:16:34.343+0000] {processor.py:179} INFO - Processing /home/ubuntu/redfin/lib/python3.10/site-packages/airflow/example_dags/example_time_delta_sensor_async.py took 0.066 seconds
[2023-12-03T23:17:22.276+0000] {processor.py:157} INFO - Started process (PID=4376) to work on /home/ubuntu/redfin/lib/python3.10/site-packages/airflow/example_dags/example_time_delta_sensor_async.py
[2023-12-03T23:17:22.277+0000] {processor.py:829} INFO - Processing file /home/ubuntu/redfin/lib/python3.10/site-packages/airflow/example_dags/example_time_delta_sensor_async.py for tasks to queue
[2023-12-03T23:17:22.278+0000] {logging_mixin.py:154} INFO - [2023-12-03T23:17:22.278+0000] {dagbag.py:536} INFO - Filling up the DagBag from /home/ubuntu/redfin/lib/python3.10/site-packages/airflow/example_dags/example_time_delta_sensor_async.py
[2023-12-03T23:17:22.284+0000] {processor.py:839} INFO - DAG(s) dict_keys(['example_time_delta_sensor_async']) retrieved from /home/ubuntu/redfin/lib/python3.10/site-packages/airflow/example_dags/example_time_delta_sensor_async.py
[2023-12-03T23:17:22.302+0000] {logging_mixin.py:154} INFO - [2023-12-03T23:17:22.302+0000] {dag.py:2941} INFO - Sync 1 DAGs
[2023-12-03T23:17:22.315+0000] {logging_mixin.py:154} INFO - [2023-12-03T23:17:22.315+0000] {dag.py:3722} INFO - Setting next_dagrun for example_time_delta_sensor_async to None, run_after=None
[2023-12-03T23:17:22.338+0000] {processor.py:179} INFO - Processing /home/ubuntu/redfin/lib/python3.10/site-packages/airflow/example_dags/example_time_delta_sensor_async.py took 0.065 seconds
[2023-12-03T23:18:06.501+0000] {processor.py:157} INFO - Started process (PID=4425) to work on /home/ubuntu/redfin/lib/python3.10/site-packages/airflow/example_dags/example_time_delta_sensor_async.py
[2023-12-03T23:18:06.502+0000] {processor.py:829} INFO - Processing file /home/ubuntu/redfin/lib/python3.10/site-packages/airflow/example_dags/example_time_delta_sensor_async.py for tasks to queue
[2023-12-03T23:18:06.503+0000] {logging_mixin.py:154} INFO - [2023-12-03T23:18:06.503+0000] {dagbag.py:536} INFO - Filling up the DagBag from /home/ubuntu/redfin/lib/python3.10/site-packages/airflow/example_dags/example_time_delta_sensor_async.py
[2023-12-03T23:18:06.509+0000] {processor.py:839} INFO - DAG(s) dict_keys(['example_time_delta_sensor_async']) retrieved from /home/ubuntu/redfin/lib/python3.10/site-packages/airflow/example_dags/example_time_delta_sensor_async.py
[2023-12-03T23:18:06.528+0000] {logging_mixin.py:154} INFO - [2023-12-03T23:18:06.527+0000] {dag.py:2941} INFO - Sync 1 DAGs
[2023-12-03T23:18:06.540+0000] {logging_mixin.py:154} INFO - [2023-12-03T23:18:06.540+0000] {dag.py:3722} INFO - Setting next_dagrun for example_time_delta_sensor_async to None, run_after=None
[2023-12-03T23:18:06.563+0000] {processor.py:179} INFO - Processing /home/ubuntu/redfin/lib/python3.10/site-packages/airflow/example_dags/example_time_delta_sensor_async.py took 0.066 seconds
[2023-12-03T23:18:51.245+0000] {processor.py:157} INFO - Started process (PID=4476) to work on /home/ubuntu/redfin/lib/python3.10/site-packages/airflow/example_dags/example_time_delta_sensor_async.py
[2023-12-03T23:18:51.246+0000] {processor.py:829} INFO - Processing file /home/ubuntu/redfin/lib/python3.10/site-packages/airflow/example_dags/example_time_delta_sensor_async.py for tasks to queue
[2023-12-03T23:18:51.247+0000] {logging_mixin.py:154} INFO - [2023-12-03T23:18:51.247+0000] {dagbag.py:536} INFO - Filling up the DagBag from /home/ubuntu/redfin/lib/python3.10/site-packages/airflow/example_dags/example_time_delta_sensor_async.py
[2023-12-03T23:18:51.253+0000] {processor.py:839} INFO - DAG(s) dict_keys(['example_time_delta_sensor_async']) retrieved from /home/ubuntu/redfin/lib/python3.10/site-packages/airflow/example_dags/example_time_delta_sensor_async.py
[2023-12-03T23:18:51.272+0000] {logging_mixin.py:154} INFO - [2023-12-03T23:18:51.272+0000] {dag.py:2941} INFO - Sync 1 DAGs
[2023-12-03T23:18:51.285+0000] {logging_mixin.py:154} INFO - [2023-12-03T23:18:51.285+0000] {dag.py:3722} INFO - Setting next_dagrun for example_time_delta_sensor_async to None, run_after=None
[2023-12-03T23:18:51.308+0000] {processor.py:179} INFO - Processing /home/ubuntu/redfin/lib/python3.10/site-packages/airflow/example_dags/example_time_delta_sensor_async.py took 0.067 seconds
[2023-12-03T23:19:34.250+0000] {processor.py:157} INFO - Started process (PID=4523) to work on /home/ubuntu/redfin/lib/python3.10/site-packages/airflow/example_dags/example_time_delta_sensor_async.py
[2023-12-03T23:19:34.251+0000] {processor.py:829} INFO - Processing file /home/ubuntu/redfin/lib/python3.10/site-packages/airflow/example_dags/example_time_delta_sensor_async.py for tasks to queue
[2023-12-03T23:19:34.252+0000] {logging_mixin.py:154} INFO - [2023-12-03T23:19:34.252+0000] {dagbag.py:536} INFO - Filling up the DagBag from /home/ubuntu/redfin/lib/python3.10/site-packages/airflow/example_dags/example_time_delta_sensor_async.py
[2023-12-03T23:19:34.257+0000] {processor.py:839} INFO - DAG(s) dict_keys(['example_time_delta_sensor_async']) retrieved from /home/ubuntu/redfin/lib/python3.10/site-packages/airflow/example_dags/example_time_delta_sensor_async.py
[2023-12-03T23:19:34.276+0000] {logging_mixin.py:154} INFO - [2023-12-03T23:19:34.275+0000] {dag.py:2941} INFO - Sync 1 DAGs
[2023-12-03T23:19:34.288+0000] {logging_mixin.py:154} INFO - [2023-12-03T23:19:34.288+0000] {dag.py:3722} INFO - Setting next_dagrun for example_time_delta_sensor_async to None, run_after=None
[2023-12-03T23:19:34.309+0000] {processor.py:179} INFO - Processing /home/ubuntu/redfin/lib/python3.10/site-packages/airflow/example_dags/example_time_delta_sensor_async.py took 0.063 seconds
[2023-12-03T23:20:17.905+0000] {processor.py:157} INFO - Started process (PID=4572) to work on /home/ubuntu/redfin/lib/python3.10/site-packages/airflow/example_dags/example_time_delta_sensor_async.py
[2023-12-03T23:20:17.906+0000] {processor.py:829} INFO - Processing file /home/ubuntu/redfin/lib/python3.10/site-packages/airflow/example_dags/example_time_delta_sensor_async.py for tasks to queue
[2023-12-03T23:20:17.907+0000] {logging_mixin.py:154} INFO - [2023-12-03T23:20:17.907+0000] {dagbag.py:536} INFO - Filling up the DagBag from /home/ubuntu/redfin/lib/python3.10/site-packages/airflow/example_dags/example_time_delta_sensor_async.py
[2023-12-03T23:20:17.912+0000] {processor.py:839} INFO - DAG(s) dict_keys(['example_time_delta_sensor_async']) retrieved from /home/ubuntu/redfin/lib/python3.10/site-packages/airflow/example_dags/example_time_delta_sensor_async.py
[2023-12-03T23:20:17.930+0000] {logging_mixin.py:154} INFO - [2023-12-03T23:20:17.930+0000] {dag.py:2941} INFO - Sync 1 DAGs
[2023-12-03T23:20:17.943+0000] {logging_mixin.py:154} INFO - [2023-12-03T23:20:17.942+0000] {dag.py:3722} INFO - Setting next_dagrun for example_time_delta_sensor_async to None, run_after=None
[2023-12-03T23:20:17.963+0000] {processor.py:179} INFO - Processing /home/ubuntu/redfin/lib/python3.10/site-packages/airflow/example_dags/example_time_delta_sensor_async.py took 0.062 seconds
[2023-12-03T23:21:00.799+0000] {processor.py:157} INFO - Started process (PID=4619) to work on /home/ubuntu/redfin/lib/python3.10/site-packages/airflow/example_dags/example_time_delta_sensor_async.py
[2023-12-03T23:21:00.801+0000] {processor.py:829} INFO - Processing file /home/ubuntu/redfin/lib/python3.10/site-packages/airflow/example_dags/example_time_delta_sensor_async.py for tasks to queue
[2023-12-03T23:21:00.802+0000] {logging_mixin.py:154} INFO - [2023-12-03T23:21:00.801+0000] {dagbag.py:536} INFO - Filling up the DagBag from /home/ubuntu/redfin/lib/python3.10/site-packages/airflow/example_dags/example_time_delta_sensor_async.py
[2023-12-03T23:21:00.807+0000] {processor.py:839} INFO - DAG(s) dict_keys(['example_time_delta_sensor_async']) retrieved from /home/ubuntu/redfin/lib/python3.10/site-packages/airflow/example_dags/example_time_delta_sensor_async.py
[2023-12-03T23:21:00.825+0000] {logging_mixin.py:154} INFO - [2023-12-03T23:21:00.825+0000] {dag.py:2941} INFO - Sync 1 DAGs
[2023-12-03T23:21:00.837+0000] {logging_mixin.py:154} INFO - [2023-12-03T23:21:00.837+0000] {dag.py:3722} INFO - Setting next_dagrun for example_time_delta_sensor_async to None, run_after=None
[2023-12-03T23:21:00.859+0000] {processor.py:179} INFO - Processing /home/ubuntu/redfin/lib/python3.10/site-packages/airflow/example_dags/example_time_delta_sensor_async.py took 0.063 seconds
[2023-12-03T23:21:50.341+0000] {processor.py:157} INFO - Started process (PID=4674) to work on /home/ubuntu/redfin/lib/python3.10/site-packages/airflow/example_dags/example_time_delta_sensor_async.py
[2023-12-03T23:21:50.343+0000] {processor.py:829} INFO - Processing file /home/ubuntu/redfin/lib/python3.10/site-packages/airflow/example_dags/example_time_delta_sensor_async.py for tasks to queue
[2023-12-03T23:21:50.343+0000] {logging_mixin.py:154} INFO - [2023-12-03T23:21:50.343+0000] {dagbag.py:536} INFO - Filling up the DagBag from /home/ubuntu/redfin/lib/python3.10/site-packages/airflow/example_dags/example_time_delta_sensor_async.py
[2023-12-03T23:21:50.349+0000] {processor.py:839} INFO - DAG(s) dict_keys(['example_time_delta_sensor_async']) retrieved from /home/ubuntu/redfin/lib/python3.10/site-packages/airflow/example_dags/example_time_delta_sensor_async.py
[2023-12-03T23:21:50.368+0000] {logging_mixin.py:154} INFO - [2023-12-03T23:21:50.368+0000] {dag.py:2941} INFO - Sync 1 DAGs
[2023-12-03T23:21:50.380+0000] {logging_mixin.py:154} INFO - [2023-12-03T23:21:50.380+0000] {dag.py:3722} INFO - Setting next_dagrun for example_time_delta_sensor_async to None, run_after=None
[2023-12-03T23:21:50.403+0000] {processor.py:179} INFO - Processing /home/ubuntu/redfin/lib/python3.10/site-packages/airflow/example_dags/example_time_delta_sensor_async.py took 0.066 seconds
[2023-12-03T23:22:38.974+0000] {processor.py:157} INFO - Started process (PID=4727) to work on /home/ubuntu/redfin/lib/python3.10/site-packages/airflow/example_dags/example_time_delta_sensor_async.py
[2023-12-03T23:22:38.975+0000] {processor.py:829} INFO - Processing file /home/ubuntu/redfin/lib/python3.10/site-packages/airflow/example_dags/example_time_delta_sensor_async.py for tasks to queue
[2023-12-03T23:22:38.976+0000] {logging_mixin.py:154} INFO - [2023-12-03T23:22:38.976+0000] {dagbag.py:536} INFO - Filling up the DagBag from /home/ubuntu/redfin/lib/python3.10/site-packages/airflow/example_dags/example_time_delta_sensor_async.py
[2023-12-03T23:22:38.981+0000] {processor.py:839} INFO - DAG(s) dict_keys(['example_time_delta_sensor_async']) retrieved from /home/ubuntu/redfin/lib/python3.10/site-packages/airflow/example_dags/example_time_delta_sensor_async.py
[2023-12-03T23:22:38.999+0000] {logging_mixin.py:154} INFO - [2023-12-03T23:22:38.999+0000] {dag.py:2941} INFO - Sync 1 DAGs
[2023-12-03T23:22:39.012+0000] {logging_mixin.py:154} INFO - [2023-12-03T23:22:39.012+0000] {dag.py:3722} INFO - Setting next_dagrun for example_time_delta_sensor_async to None, run_after=None
[2023-12-03T23:22:39.035+0000] {processor.py:179} INFO - Processing /home/ubuntu/redfin/lib/python3.10/site-packages/airflow/example_dags/example_time_delta_sensor_async.py took 0.065 seconds
[2023-12-03T23:23:24.667+0000] {processor.py:157} INFO - Started process (PID=4777) to work on /home/ubuntu/redfin/lib/python3.10/site-packages/airflow/example_dags/example_time_delta_sensor_async.py
[2023-12-03T23:23:24.668+0000] {processor.py:829} INFO - Processing file /home/ubuntu/redfin/lib/python3.10/site-packages/airflow/example_dags/example_time_delta_sensor_async.py for tasks to queue
[2023-12-03T23:23:24.669+0000] {logging_mixin.py:154} INFO - [2023-12-03T23:23:24.669+0000] {dagbag.py:536} INFO - Filling up the DagBag from /home/ubuntu/redfin/lib/python3.10/site-packages/airflow/example_dags/example_time_delta_sensor_async.py
[2023-12-03T23:23:24.675+0000] {processor.py:839} INFO - DAG(s) dict_keys(['example_time_delta_sensor_async']) retrieved from /home/ubuntu/redfin/lib/python3.10/site-packages/airflow/example_dags/example_time_delta_sensor_async.py
[2023-12-03T23:23:24.693+0000] {logging_mixin.py:154} INFO - [2023-12-03T23:23:24.693+0000] {dag.py:2941} INFO - Sync 1 DAGs
[2023-12-03T23:23:24.705+0000] {logging_mixin.py:154} INFO - [2023-12-03T23:23:24.705+0000] {dag.py:3722} INFO - Setting next_dagrun for example_time_delta_sensor_async to None, run_after=None
[2023-12-03T23:23:24.727+0000] {processor.py:179} INFO - Processing /home/ubuntu/redfin/lib/python3.10/site-packages/airflow/example_dags/example_time_delta_sensor_async.py took 0.063 seconds
[2023-12-03T23:24:12.960+0000] {processor.py:157} INFO - Started process (PID=4831) to work on /home/ubuntu/redfin/lib/python3.10/site-packages/airflow/example_dags/example_time_delta_sensor_async.py
[2023-12-03T23:24:12.961+0000] {processor.py:829} INFO - Processing file /home/ubuntu/redfin/lib/python3.10/site-packages/airflow/example_dags/example_time_delta_sensor_async.py for tasks to queue
[2023-12-03T23:24:12.962+0000] {logging_mixin.py:154} INFO - [2023-12-03T23:24:12.962+0000] {dagbag.py:536} INFO - Filling up the DagBag from /home/ubuntu/redfin/lib/python3.10/site-packages/airflow/example_dags/example_time_delta_sensor_async.py
[2023-12-03T23:24:12.967+0000] {processor.py:839} INFO - DAG(s) dict_keys(['example_time_delta_sensor_async']) retrieved from /home/ubuntu/redfin/lib/python3.10/site-packages/airflow/example_dags/example_time_delta_sensor_async.py
[2023-12-03T23:24:12.986+0000] {logging_mixin.py:154} INFO - [2023-12-03T23:24:12.985+0000] {dag.py:2941} INFO - Sync 1 DAGs
[2023-12-03T23:24:12.998+0000] {logging_mixin.py:154} INFO - [2023-12-03T23:24:12.998+0000] {dag.py:3722} INFO - Setting next_dagrun for example_time_delta_sensor_async to None, run_after=None
[2023-12-03T23:24:13.021+0000] {processor.py:179} INFO - Processing /home/ubuntu/redfin/lib/python3.10/site-packages/airflow/example_dags/example_time_delta_sensor_async.py took 0.065 seconds
[2023-12-03T23:24:59.315+0000] {processor.py:157} INFO - Started process (PID=4881) to work on /home/ubuntu/redfin/lib/python3.10/site-packages/airflow/example_dags/example_time_delta_sensor_async.py
[2023-12-03T23:24:59.316+0000] {processor.py:829} INFO - Processing file /home/ubuntu/redfin/lib/python3.10/site-packages/airflow/example_dags/example_time_delta_sensor_async.py for tasks to queue
[2023-12-03T23:24:59.317+0000] {logging_mixin.py:154} INFO - [2023-12-03T23:24:59.317+0000] {dagbag.py:536} INFO - Filling up the DagBag from /home/ubuntu/redfin/lib/python3.10/site-packages/airflow/example_dags/example_time_delta_sensor_async.py
[2023-12-03T23:24:59.322+0000] {processor.py:839} INFO - DAG(s) dict_keys(['example_time_delta_sensor_async']) retrieved from /home/ubuntu/redfin/lib/python3.10/site-packages/airflow/example_dags/example_time_delta_sensor_async.py
[2023-12-03T23:24:59.340+0000] {logging_mixin.py:154} INFO - [2023-12-03T23:24:59.340+0000] {dag.py:2941} INFO - Sync 1 DAGs
[2023-12-03T23:24:59.352+0000] {logging_mixin.py:154} INFO - [2023-12-03T23:24:59.352+0000] {dag.py:3722} INFO - Setting next_dagrun for example_time_delta_sensor_async to None, run_after=None
[2023-12-03T23:24:59.374+0000] {processor.py:179} INFO - Processing /home/ubuntu/redfin/lib/python3.10/site-packages/airflow/example_dags/example_time_delta_sensor_async.py took 0.063 seconds
[2023-12-03T23:25:40.549+0000] {processor.py:157} INFO - Started process (PID=4925) to work on /home/ubuntu/redfin/lib/python3.10/site-packages/airflow/example_dags/example_time_delta_sensor_async.py
[2023-12-03T23:25:40.551+0000] {processor.py:829} INFO - Processing file /home/ubuntu/redfin/lib/python3.10/site-packages/airflow/example_dags/example_time_delta_sensor_async.py for tasks to queue
[2023-12-03T23:25:40.552+0000] {logging_mixin.py:154} INFO - [2023-12-03T23:25:40.551+0000] {dagbag.py:536} INFO - Filling up the DagBag from /home/ubuntu/redfin/lib/python3.10/site-packages/airflow/example_dags/example_time_delta_sensor_async.py
[2023-12-03T23:25:40.558+0000] {processor.py:839} INFO - DAG(s) dict_keys(['example_time_delta_sensor_async']) retrieved from /home/ubuntu/redfin/lib/python3.10/site-packages/airflow/example_dags/example_time_delta_sensor_async.py
[2023-12-03T23:25:40.578+0000] {logging_mixin.py:154} INFO - [2023-12-03T23:25:40.577+0000] {dag.py:2941} INFO - Sync 1 DAGs
[2023-12-03T23:25:40.591+0000] {logging_mixin.py:154} INFO - [2023-12-03T23:25:40.591+0000] {dag.py:3722} INFO - Setting next_dagrun for example_time_delta_sensor_async to None, run_after=None
[2023-12-03T23:25:40.617+0000] {processor.py:179} INFO - Processing /home/ubuntu/redfin/lib/python3.10/site-packages/airflow/example_dags/example_time_delta_sensor_async.py took 0.071 seconds
[2023-12-03T23:26:26.735+0000] {processor.py:157} INFO - Started process (PID=4975) to work on /home/ubuntu/redfin/lib/python3.10/site-packages/airflow/example_dags/example_time_delta_sensor_async.py
[2023-12-03T23:26:26.737+0000] {processor.py:829} INFO - Processing file /home/ubuntu/redfin/lib/python3.10/site-packages/airflow/example_dags/example_time_delta_sensor_async.py for tasks to queue
[2023-12-03T23:26:26.738+0000] {logging_mixin.py:154} INFO - [2023-12-03T23:26:26.738+0000] {dagbag.py:536} INFO - Filling up the DagBag from /home/ubuntu/redfin/lib/python3.10/site-packages/airflow/example_dags/example_time_delta_sensor_async.py
[2023-12-03T23:26:26.744+0000] {processor.py:839} INFO - DAG(s) dict_keys(['example_time_delta_sensor_async']) retrieved from /home/ubuntu/redfin/lib/python3.10/site-packages/airflow/example_dags/example_time_delta_sensor_async.py
[2023-12-03T23:26:26.762+0000] {logging_mixin.py:154} INFO - [2023-12-03T23:26:26.762+0000] {dag.py:2941} INFO - Sync 1 DAGs
[2023-12-03T23:26:26.774+0000] {logging_mixin.py:154} INFO - [2023-12-03T23:26:26.774+0000] {dag.py:3722} INFO - Setting next_dagrun for example_time_delta_sensor_async to None, run_after=None
[2023-12-03T23:26:26.797+0000] {processor.py:179} INFO - Processing /home/ubuntu/redfin/lib/python3.10/site-packages/airflow/example_dags/example_time_delta_sensor_async.py took 0.065 seconds
[2023-12-03T23:27:09.025+0000] {processor.py:157} INFO - Started process (PID=5024) to work on /home/ubuntu/redfin/lib/python3.10/site-packages/airflow/example_dags/example_time_delta_sensor_async.py
[2023-12-03T23:27:09.027+0000] {processor.py:829} INFO - Processing file /home/ubuntu/redfin/lib/python3.10/site-packages/airflow/example_dags/example_time_delta_sensor_async.py for tasks to queue
[2023-12-03T23:27:09.028+0000] {logging_mixin.py:154} INFO - [2023-12-03T23:27:09.027+0000] {dagbag.py:536} INFO - Filling up the DagBag from /home/ubuntu/redfin/lib/python3.10/site-packages/airflow/example_dags/example_time_delta_sensor_async.py
[2023-12-03T23:27:09.034+0000] {processor.py:839} INFO - DAG(s) dict_keys(['example_time_delta_sensor_async']) retrieved from /home/ubuntu/redfin/lib/python3.10/site-packages/airflow/example_dags/example_time_delta_sensor_async.py
[2023-12-03T23:27:09.053+0000] {logging_mixin.py:154} INFO - [2023-12-03T23:27:09.052+0000] {dag.py:2941} INFO - Sync 1 DAGs
[2023-12-03T23:27:09.066+0000] {logging_mixin.py:154} INFO - [2023-12-03T23:27:09.066+0000] {dag.py:3722} INFO - Setting next_dagrun for example_time_delta_sensor_async to None, run_after=None
[2023-12-03T23:27:09.091+0000] {processor.py:179} INFO - Processing /home/ubuntu/redfin/lib/python3.10/site-packages/airflow/example_dags/example_time_delta_sensor_async.py took 0.070 seconds
[2023-12-03T23:27:51.400+0000] {processor.py:157} INFO - Started process (PID=5071) to work on /home/ubuntu/redfin/lib/python3.10/site-packages/airflow/example_dags/example_time_delta_sensor_async.py
[2023-12-03T23:27:51.401+0000] {processor.py:829} INFO - Processing file /home/ubuntu/redfin/lib/python3.10/site-packages/airflow/example_dags/example_time_delta_sensor_async.py for tasks to queue
[2023-12-03T23:27:51.402+0000] {logging_mixin.py:154} INFO - [2023-12-03T23:27:51.401+0000] {dagbag.py:536} INFO - Filling up the DagBag from /home/ubuntu/redfin/lib/python3.10/site-packages/airflow/example_dags/example_time_delta_sensor_async.py
[2023-12-03T23:27:51.408+0000] {processor.py:839} INFO - DAG(s) dict_keys(['example_time_delta_sensor_async']) retrieved from /home/ubuntu/redfin/lib/python3.10/site-packages/airflow/example_dags/example_time_delta_sensor_async.py
[2023-12-03T23:27:51.425+0000] {logging_mixin.py:154} INFO - [2023-12-03T23:27:51.425+0000] {dag.py:2941} INFO - Sync 1 DAGs
[2023-12-03T23:27:51.437+0000] {logging_mixin.py:154} INFO - [2023-12-03T23:27:51.437+0000] {dag.py:3722} INFO - Setting next_dagrun for example_time_delta_sensor_async to None, run_after=None
[2023-12-03T23:27:51.459+0000] {processor.py:179} INFO - Processing /home/ubuntu/redfin/lib/python3.10/site-packages/airflow/example_dags/example_time_delta_sensor_async.py took 0.064 seconds
[2023-12-03T23:28:36.590+0000] {processor.py:157} INFO - Started process (PID=5120) to work on /home/ubuntu/redfin/lib/python3.10/site-packages/airflow/example_dags/example_time_delta_sensor_async.py
[2023-12-03T23:28:36.591+0000] {processor.py:829} INFO - Processing file /home/ubuntu/redfin/lib/python3.10/site-packages/airflow/example_dags/example_time_delta_sensor_async.py for tasks to queue
[2023-12-03T23:28:36.592+0000] {logging_mixin.py:154} INFO - [2023-12-03T23:28:36.592+0000] {dagbag.py:536} INFO - Filling up the DagBag from /home/ubuntu/redfin/lib/python3.10/site-packages/airflow/example_dags/example_time_delta_sensor_async.py
[2023-12-03T23:28:36.598+0000] {processor.py:839} INFO - DAG(s) dict_keys(['example_time_delta_sensor_async']) retrieved from /home/ubuntu/redfin/lib/python3.10/site-packages/airflow/example_dags/example_time_delta_sensor_async.py
[2023-12-03T23:28:36.617+0000] {logging_mixin.py:154} INFO - [2023-12-03T23:28:36.616+0000] {dag.py:2941} INFO - Sync 1 DAGs
[2023-12-03T23:28:36.629+0000] {logging_mixin.py:154} INFO - [2023-12-03T23:28:36.629+0000] {dag.py:3722} INFO - Setting next_dagrun for example_time_delta_sensor_async to None, run_after=None
[2023-12-03T23:28:36.653+0000] {processor.py:179} INFO - Processing /home/ubuntu/redfin/lib/python3.10/site-packages/airflow/example_dags/example_time_delta_sensor_async.py took 0.066 seconds
[2023-12-03T23:29:25.375+0000] {processor.py:157} INFO - Started process (PID=5174) to work on /home/ubuntu/redfin/lib/python3.10/site-packages/airflow/example_dags/example_time_delta_sensor_async.py
[2023-12-03T23:29:25.377+0000] {processor.py:829} INFO - Processing file /home/ubuntu/redfin/lib/python3.10/site-packages/airflow/example_dags/example_time_delta_sensor_async.py for tasks to queue
[2023-12-03T23:29:25.377+0000] {logging_mixin.py:154} INFO - [2023-12-03T23:29:25.377+0000] {dagbag.py:536} INFO - Filling up the DagBag from /home/ubuntu/redfin/lib/python3.10/site-packages/airflow/example_dags/example_time_delta_sensor_async.py
[2023-12-03T23:29:25.383+0000] {processor.py:839} INFO - DAG(s) dict_keys(['example_time_delta_sensor_async']) retrieved from /home/ubuntu/redfin/lib/python3.10/site-packages/airflow/example_dags/example_time_delta_sensor_async.py
[2023-12-03T23:29:25.402+0000] {logging_mixin.py:154} INFO - [2023-12-03T23:29:25.402+0000] {dag.py:2941} INFO - Sync 1 DAGs
[2023-12-03T23:29:25.415+0000] {logging_mixin.py:154} INFO - [2023-12-03T23:29:25.414+0000] {dag.py:3722} INFO - Setting next_dagrun for example_time_delta_sensor_async to None, run_after=None
[2023-12-03T23:29:25.437+0000] {processor.py:179} INFO - Processing /home/ubuntu/redfin/lib/python3.10/site-packages/airflow/example_dags/example_time_delta_sensor_async.py took 0.066 seconds
[2023-12-03T23:30:14.022+0000] {processor.py:157} INFO - Started process (PID=5227) to work on /home/ubuntu/redfin/lib/python3.10/site-packages/airflow/example_dags/example_time_delta_sensor_async.py
[2023-12-03T23:30:14.024+0000] {processor.py:829} INFO - Processing file /home/ubuntu/redfin/lib/python3.10/site-packages/airflow/example_dags/example_time_delta_sensor_async.py for tasks to queue
[2023-12-03T23:30:14.025+0000] {logging_mixin.py:154} INFO - [2023-12-03T23:30:14.024+0000] {dagbag.py:536} INFO - Filling up the DagBag from /home/ubuntu/redfin/lib/python3.10/site-packages/airflow/example_dags/example_time_delta_sensor_async.py
[2023-12-03T23:30:14.030+0000] {processor.py:839} INFO - DAG(s) dict_keys(['example_time_delta_sensor_async']) retrieved from /home/ubuntu/redfin/lib/python3.10/site-packages/airflow/example_dags/example_time_delta_sensor_async.py
[2023-12-03T23:30:14.048+0000] {logging_mixin.py:154} INFO - [2023-12-03T23:30:14.047+0000] {dag.py:2941} INFO - Sync 1 DAGs
[2023-12-03T23:30:14.060+0000] {logging_mixin.py:154} INFO - [2023-12-03T23:30:14.059+0000] {dag.py:3722} INFO - Setting next_dagrun for example_time_delta_sensor_async to None, run_after=None
[2023-12-03T23:30:14.081+0000] {processor.py:179} INFO - Processing /home/ubuntu/redfin/lib/python3.10/site-packages/airflow/example_dags/example_time_delta_sensor_async.py took 0.063 seconds
[2023-12-03T23:30:58.706+0000] {processor.py:157} INFO - Started process (PID=5277) to work on /home/ubuntu/redfin/lib/python3.10/site-packages/airflow/example_dags/example_time_delta_sensor_async.py
[2023-12-03T23:30:58.707+0000] {processor.py:829} INFO - Processing file /home/ubuntu/redfin/lib/python3.10/site-packages/airflow/example_dags/example_time_delta_sensor_async.py for tasks to queue
[2023-12-03T23:30:58.708+0000] {logging_mixin.py:154} INFO - [2023-12-03T23:30:58.708+0000] {dagbag.py:536} INFO - Filling up the DagBag from /home/ubuntu/redfin/lib/python3.10/site-packages/airflow/example_dags/example_time_delta_sensor_async.py
[2023-12-03T23:30:58.714+0000] {processor.py:839} INFO - DAG(s) dict_keys(['example_time_delta_sensor_async']) retrieved from /home/ubuntu/redfin/lib/python3.10/site-packages/airflow/example_dags/example_time_delta_sensor_async.py
[2023-12-03T23:30:58.733+0000] {logging_mixin.py:154} INFO - [2023-12-03T23:30:58.733+0000] {dag.py:2941} INFO - Sync 1 DAGs
[2023-12-03T23:30:58.745+0000] {logging_mixin.py:154} INFO - [2023-12-03T23:30:58.745+0000] {dag.py:3722} INFO - Setting next_dagrun for example_time_delta_sensor_async to None, run_after=None
[2023-12-03T23:30:58.768+0000] {processor.py:179} INFO - Processing /home/ubuntu/redfin/lib/python3.10/site-packages/airflow/example_dags/example_time_delta_sensor_async.py took 0.066 seconds
[2023-12-03T23:31:47.480+0000] {processor.py:157} INFO - Started process (PID=5331) to work on /home/ubuntu/redfin/lib/python3.10/site-packages/airflow/example_dags/example_time_delta_sensor_async.py
[2023-12-03T23:31:47.482+0000] {processor.py:829} INFO - Processing file /home/ubuntu/redfin/lib/python3.10/site-packages/airflow/example_dags/example_time_delta_sensor_async.py for tasks to queue
[2023-12-03T23:31:47.483+0000] {logging_mixin.py:154} INFO - [2023-12-03T23:31:47.482+0000] {dagbag.py:536} INFO - Filling up the DagBag from /home/ubuntu/redfin/lib/python3.10/site-packages/airflow/example_dags/example_time_delta_sensor_async.py
[2023-12-03T23:31:47.488+0000] {processor.py:839} INFO - DAG(s) dict_keys(['example_time_delta_sensor_async']) retrieved from /home/ubuntu/redfin/lib/python3.10/site-packages/airflow/example_dags/example_time_delta_sensor_async.py
[2023-12-03T23:31:47.506+0000] {logging_mixin.py:154} INFO - [2023-12-03T23:31:47.506+0000] {dag.py:2941} INFO - Sync 1 DAGs
[2023-12-03T23:31:47.519+0000] {logging_mixin.py:154} INFO - [2023-12-03T23:31:47.518+0000] {dag.py:3722} INFO - Setting next_dagrun for example_time_delta_sensor_async to None, run_after=None
[2023-12-03T23:31:47.540+0000] {processor.py:179} INFO - Processing /home/ubuntu/redfin/lib/python3.10/site-packages/airflow/example_dags/example_time_delta_sensor_async.py took 0.064 seconds
[2023-12-03T23:32:32.153+0000] {processor.py:157} INFO - Started process (PID=5380) to work on /home/ubuntu/redfin/lib/python3.10/site-packages/airflow/example_dags/example_time_delta_sensor_async.py
[2023-12-03T23:32:32.154+0000] {processor.py:829} INFO - Processing file /home/ubuntu/redfin/lib/python3.10/site-packages/airflow/example_dags/example_time_delta_sensor_async.py for tasks to queue
[2023-12-03T23:32:32.155+0000] {logging_mixin.py:154} INFO - [2023-12-03T23:32:32.155+0000] {dagbag.py:536} INFO - Filling up the DagBag from /home/ubuntu/redfin/lib/python3.10/site-packages/airflow/example_dags/example_time_delta_sensor_async.py
[2023-12-03T23:32:32.160+0000] {processor.py:839} INFO - DAG(s) dict_keys(['example_time_delta_sensor_async']) retrieved from /home/ubuntu/redfin/lib/python3.10/site-packages/airflow/example_dags/example_time_delta_sensor_async.py
[2023-12-03T23:32:32.179+0000] {logging_mixin.py:154} INFO - [2023-12-03T23:32:32.179+0000] {dag.py:2941} INFO - Sync 1 DAGs
[2023-12-03T23:32:32.192+0000] {logging_mixin.py:154} INFO - [2023-12-03T23:32:32.192+0000] {dag.py:3722} INFO - Setting next_dagrun for example_time_delta_sensor_async to None, run_after=None
[2023-12-03T23:32:32.215+0000] {processor.py:179} INFO - Processing /home/ubuntu/redfin/lib/python3.10/site-packages/airflow/example_dags/example_time_delta_sensor_async.py took 0.066 seconds
[2023-12-03T23:33:15.652+0000] {processor.py:157} INFO - Started process (PID=5428) to work on /home/ubuntu/redfin/lib/python3.10/site-packages/airflow/example_dags/example_time_delta_sensor_async.py
[2023-12-03T23:33:15.654+0000] {processor.py:829} INFO - Processing file /home/ubuntu/redfin/lib/python3.10/site-packages/airflow/example_dags/example_time_delta_sensor_async.py for tasks to queue
[2023-12-03T23:33:15.655+0000] {logging_mixin.py:154} INFO - [2023-12-03T23:33:15.654+0000] {dagbag.py:536} INFO - Filling up the DagBag from /home/ubuntu/redfin/lib/python3.10/site-packages/airflow/example_dags/example_time_delta_sensor_async.py
[2023-12-03T23:33:15.660+0000] {processor.py:839} INFO - DAG(s) dict_keys(['example_time_delta_sensor_async']) retrieved from /home/ubuntu/redfin/lib/python3.10/site-packages/airflow/example_dags/example_time_delta_sensor_async.py
[2023-12-03T23:33:15.679+0000] {logging_mixin.py:154} INFO - [2023-12-03T23:33:15.679+0000] {dag.py:2941} INFO - Sync 1 DAGs
[2023-12-03T23:33:15.693+0000] {logging_mixin.py:154} INFO - [2023-12-03T23:33:15.692+0000] {dag.py:3722} INFO - Setting next_dagrun for example_time_delta_sensor_async to None, run_after=None
[2023-12-03T23:33:15.716+0000] {processor.py:179} INFO - Processing /home/ubuntu/redfin/lib/python3.10/site-packages/airflow/example_dags/example_time_delta_sensor_async.py took 0.067 seconds
[2023-12-03T23:34:02.025+0000] {processor.py:157} INFO - Started process (PID=5478) to work on /home/ubuntu/redfin/lib/python3.10/site-packages/airflow/example_dags/example_time_delta_sensor_async.py
[2023-12-03T23:34:02.026+0000] {processor.py:829} INFO - Processing file /home/ubuntu/redfin/lib/python3.10/site-packages/airflow/example_dags/example_time_delta_sensor_async.py for tasks to queue
[2023-12-03T23:34:02.027+0000] {logging_mixin.py:154} INFO - [2023-12-03T23:34:02.027+0000] {dagbag.py:536} INFO - Filling up the DagBag from /home/ubuntu/redfin/lib/python3.10/site-packages/airflow/example_dags/example_time_delta_sensor_async.py
[2023-12-03T23:34:02.033+0000] {processor.py:839} INFO - DAG(s) dict_keys(['example_time_delta_sensor_async']) retrieved from /home/ubuntu/redfin/lib/python3.10/site-packages/airflow/example_dags/example_time_delta_sensor_async.py
[2023-12-03T23:34:02.052+0000] {logging_mixin.py:154} INFO - [2023-12-03T23:34:02.051+0000] {dag.py:2941} INFO - Sync 1 DAGs
[2023-12-03T23:34:02.065+0000] {logging_mixin.py:154} INFO - [2023-12-03T23:34:02.064+0000] {dag.py:3722} INFO - Setting next_dagrun for example_time_delta_sensor_async to None, run_after=None
[2023-12-03T23:34:02.088+0000] {processor.py:179} INFO - Processing /home/ubuntu/redfin/lib/python3.10/site-packages/airflow/example_dags/example_time_delta_sensor_async.py took 0.066 seconds
[2023-12-03T23:34:51.144+0000] {processor.py:157} INFO - Started process (PID=5532) to work on /home/ubuntu/redfin/lib/python3.10/site-packages/airflow/example_dags/example_time_delta_sensor_async.py
[2023-12-03T23:34:51.145+0000] {processor.py:829} INFO - Processing file /home/ubuntu/redfin/lib/python3.10/site-packages/airflow/example_dags/example_time_delta_sensor_async.py for tasks to queue
[2023-12-03T23:34:51.146+0000] {logging_mixin.py:154} INFO - [2023-12-03T23:34:51.146+0000] {dagbag.py:536} INFO - Filling up the DagBag from /home/ubuntu/redfin/lib/python3.10/site-packages/airflow/example_dags/example_time_delta_sensor_async.py
[2023-12-03T23:34:51.151+0000] {processor.py:839} INFO - DAG(s) dict_keys(['example_time_delta_sensor_async']) retrieved from /home/ubuntu/redfin/lib/python3.10/site-packages/airflow/example_dags/example_time_delta_sensor_async.py
[2023-12-03T23:34:51.170+0000] {logging_mixin.py:154} INFO - [2023-12-03T23:34:51.170+0000] {dag.py:2941} INFO - Sync 1 DAGs
[2023-12-03T23:34:51.183+0000] {logging_mixin.py:154} INFO - [2023-12-03T23:34:51.183+0000] {dag.py:3722} INFO - Setting next_dagrun for example_time_delta_sensor_async to None, run_after=None
[2023-12-03T23:34:51.205+0000] {processor.py:179} INFO - Processing /home/ubuntu/redfin/lib/python3.10/site-packages/airflow/example_dags/example_time_delta_sensor_async.py took 0.065 seconds
[2023-12-03T23:35:40.064+0000] {processor.py:157} INFO - Started process (PID=5585) to work on /home/ubuntu/redfin/lib/python3.10/site-packages/airflow/example_dags/example_time_delta_sensor_async.py
[2023-12-03T23:35:40.065+0000] {processor.py:829} INFO - Processing file /home/ubuntu/redfin/lib/python3.10/site-packages/airflow/example_dags/example_time_delta_sensor_async.py for tasks to queue
[2023-12-03T23:35:40.066+0000] {logging_mixin.py:154} INFO - [2023-12-03T23:35:40.066+0000] {dagbag.py:536} INFO - Filling up the DagBag from /home/ubuntu/redfin/lib/python3.10/site-packages/airflow/example_dags/example_time_delta_sensor_async.py
[2023-12-03T23:35:40.072+0000] {processor.py:839} INFO - DAG(s) dict_keys(['example_time_delta_sensor_async']) retrieved from /home/ubuntu/redfin/lib/python3.10/site-packages/airflow/example_dags/example_time_delta_sensor_async.py
[2023-12-03T23:35:40.093+0000] {logging_mixin.py:154} INFO - [2023-12-03T23:35:40.092+0000] {dag.py:2941} INFO - Sync 1 DAGs
[2023-12-03T23:35:40.107+0000] {logging_mixin.py:154} INFO - [2023-12-03T23:35:40.107+0000] {dag.py:3722} INFO - Setting next_dagrun for example_time_delta_sensor_async to None, run_after=None
[2023-12-03T23:35:40.131+0000] {processor.py:179} INFO - Processing /home/ubuntu/redfin/lib/python3.10/site-packages/airflow/example_dags/example_time_delta_sensor_async.py took 0.071 seconds
[2023-12-03T23:36:31.975+0000] {processor.py:157} INFO - Started process (PID=5641) to work on /home/ubuntu/redfin/lib/python3.10/site-packages/airflow/example_dags/example_time_delta_sensor_async.py
[2023-12-03T23:36:31.976+0000] {processor.py:829} INFO - Processing file /home/ubuntu/redfin/lib/python3.10/site-packages/airflow/example_dags/example_time_delta_sensor_async.py for tasks to queue
[2023-12-03T23:36:31.977+0000] {logging_mixin.py:154} INFO - [2023-12-03T23:36:31.977+0000] {dagbag.py:536} INFO - Filling up the DagBag from /home/ubuntu/redfin/lib/python3.10/site-packages/airflow/example_dags/example_time_delta_sensor_async.py
[2023-12-03T23:36:31.982+0000] {processor.py:839} INFO - DAG(s) dict_keys(['example_time_delta_sensor_async']) retrieved from /home/ubuntu/redfin/lib/python3.10/site-packages/airflow/example_dags/example_time_delta_sensor_async.py
[2023-12-03T23:36:32.000+0000] {logging_mixin.py:154} INFO - [2023-12-03T23:36:32.000+0000] {dag.py:2941} INFO - Sync 1 DAGs
[2023-12-03T23:36:32.013+0000] {logging_mixin.py:154} INFO - [2023-12-03T23:36:32.012+0000] {dag.py:3722} INFO - Setting next_dagrun for example_time_delta_sensor_async to None, run_after=None
[2023-12-03T23:36:32.034+0000] {processor.py:179} INFO - Processing /home/ubuntu/redfin/lib/python3.10/site-packages/airflow/example_dags/example_time_delta_sensor_async.py took 0.063 seconds
[2023-12-03T23:37:21.798+0000] {processor.py:157} INFO - Started process (PID=5694) to work on /home/ubuntu/redfin/lib/python3.10/site-packages/airflow/example_dags/example_time_delta_sensor_async.py
[2023-12-03T23:37:21.799+0000] {processor.py:829} INFO - Processing file /home/ubuntu/redfin/lib/python3.10/site-packages/airflow/example_dags/example_time_delta_sensor_async.py for tasks to queue
[2023-12-03T23:37:21.800+0000] {logging_mixin.py:154} INFO - [2023-12-03T23:37:21.800+0000] {dagbag.py:536} INFO - Filling up the DagBag from /home/ubuntu/redfin/lib/python3.10/site-packages/airflow/example_dags/example_time_delta_sensor_async.py
[2023-12-03T23:37:21.806+0000] {processor.py:839} INFO - DAG(s) dict_keys(['example_time_delta_sensor_async']) retrieved from /home/ubuntu/redfin/lib/python3.10/site-packages/airflow/example_dags/example_time_delta_sensor_async.py
[2023-12-03T23:37:21.825+0000] {logging_mixin.py:154} INFO - [2023-12-03T23:37:21.825+0000] {dag.py:2941} INFO - Sync 1 DAGs
[2023-12-03T23:37:21.838+0000] {logging_mixin.py:154} INFO - [2023-12-03T23:37:21.838+0000] {dag.py:3722} INFO - Setting next_dagrun for example_time_delta_sensor_async to None, run_after=None
[2023-12-03T23:37:21.861+0000] {processor.py:179} INFO - Processing /home/ubuntu/redfin/lib/python3.10/site-packages/airflow/example_dags/example_time_delta_sensor_async.py took 0.067 seconds
[2023-12-03T23:38:04.836+0000] {processor.py:157} INFO - Started process (PID=5743) to work on /home/ubuntu/redfin/lib/python3.10/site-packages/airflow/example_dags/example_time_delta_sensor_async.py
[2023-12-03T23:38:04.837+0000] {processor.py:829} INFO - Processing file /home/ubuntu/redfin/lib/python3.10/site-packages/airflow/example_dags/example_time_delta_sensor_async.py for tasks to queue
[2023-12-03T23:38:04.838+0000] {logging_mixin.py:154} INFO - [2023-12-03T23:38:04.838+0000] {dagbag.py:536} INFO - Filling up the DagBag from /home/ubuntu/redfin/lib/python3.10/site-packages/airflow/example_dags/example_time_delta_sensor_async.py
[2023-12-03T23:38:04.844+0000] {processor.py:839} INFO - DAG(s) dict_keys(['example_time_delta_sensor_async']) retrieved from /home/ubuntu/redfin/lib/python3.10/site-packages/airflow/example_dags/example_time_delta_sensor_async.py
[2023-12-03T23:38:04.862+0000] {logging_mixin.py:154} INFO - [2023-12-03T23:38:04.862+0000] {dag.py:2941} INFO - Sync 1 DAGs
[2023-12-03T23:38:04.875+0000] {logging_mixin.py:154} INFO - [2023-12-03T23:38:04.875+0000] {dag.py:3722} INFO - Setting next_dagrun for example_time_delta_sensor_async to None, run_after=None
[2023-12-03T23:38:04.898+0000] {processor.py:179} INFO - Processing /home/ubuntu/redfin/lib/python3.10/site-packages/airflow/example_dags/example_time_delta_sensor_async.py took 0.066 seconds
[2023-12-03T23:38:54.203+0000] {processor.py:157} INFO - Started process (PID=5798) to work on /home/ubuntu/redfin/lib/python3.10/site-packages/airflow/example_dags/example_time_delta_sensor_async.py
[2023-12-03T23:38:54.204+0000] {processor.py:829} INFO - Processing file /home/ubuntu/redfin/lib/python3.10/site-packages/airflow/example_dags/example_time_delta_sensor_async.py for tasks to queue
[2023-12-03T23:38:54.205+0000] {logging_mixin.py:154} INFO - [2023-12-03T23:38:54.205+0000] {dagbag.py:536} INFO - Filling up the DagBag from /home/ubuntu/redfin/lib/python3.10/site-packages/airflow/example_dags/example_time_delta_sensor_async.py
[2023-12-03T23:38:54.210+0000] {processor.py:839} INFO - DAG(s) dict_keys(['example_time_delta_sensor_async']) retrieved from /home/ubuntu/redfin/lib/python3.10/site-packages/airflow/example_dags/example_time_delta_sensor_async.py
[2023-12-03T23:38:54.229+0000] {logging_mixin.py:154} INFO - [2023-12-03T23:38:54.229+0000] {dag.py:2941} INFO - Sync 1 DAGs
[2023-12-03T23:38:54.241+0000] {logging_mixin.py:154} INFO - [2023-12-03T23:38:54.241+0000] {dag.py:3722} INFO - Setting next_dagrun for example_time_delta_sensor_async to None, run_after=None
[2023-12-03T23:38:54.264+0000] {processor.py:179} INFO - Processing /home/ubuntu/redfin/lib/python3.10/site-packages/airflow/example_dags/example_time_delta_sensor_async.py took 0.065 seconds
[2023-12-03T23:39:40.506+0000] {processor.py:157} INFO - Started process (PID=5848) to work on /home/ubuntu/redfin/lib/python3.10/site-packages/airflow/example_dags/example_time_delta_sensor_async.py
[2023-12-03T23:39:40.508+0000] {processor.py:829} INFO - Processing file /home/ubuntu/redfin/lib/python3.10/site-packages/airflow/example_dags/example_time_delta_sensor_async.py for tasks to queue
[2023-12-03T23:39:40.509+0000] {logging_mixin.py:154} INFO - [2023-12-03T23:39:40.508+0000] {dagbag.py:536} INFO - Filling up the DagBag from /home/ubuntu/redfin/lib/python3.10/site-packages/airflow/example_dags/example_time_delta_sensor_async.py
[2023-12-03T23:39:40.514+0000] {processor.py:839} INFO - DAG(s) dict_keys(['example_time_delta_sensor_async']) retrieved from /home/ubuntu/redfin/lib/python3.10/site-packages/airflow/example_dags/example_time_delta_sensor_async.py
[2023-12-03T23:39:40.533+0000] {logging_mixin.py:154} INFO - [2023-12-03T23:39:40.532+0000] {dag.py:2941} INFO - Sync 1 DAGs
[2023-12-03T23:39:40.545+0000] {logging_mixin.py:154} INFO - [2023-12-03T23:39:40.545+0000] {dag.py:3722} INFO - Setting next_dagrun for example_time_delta_sensor_async to None, run_after=None
[2023-12-03T23:39:40.567+0000] {processor.py:179} INFO - Processing /home/ubuntu/redfin/lib/python3.10/site-packages/airflow/example_dags/example_time_delta_sensor_async.py took 0.064 seconds
[2023-12-03T23:40:26.806+0000] {processor.py:157} INFO - Started process (PID=5898) to work on /home/ubuntu/redfin/lib/python3.10/site-packages/airflow/example_dags/example_time_delta_sensor_async.py
[2023-12-03T23:40:26.807+0000] {processor.py:829} INFO - Processing file /home/ubuntu/redfin/lib/python3.10/site-packages/airflow/example_dags/example_time_delta_sensor_async.py for tasks to queue
[2023-12-03T23:40:26.808+0000] {logging_mixin.py:154} INFO - [2023-12-03T23:40:26.808+0000] {dagbag.py:536} INFO - Filling up the DagBag from /home/ubuntu/redfin/lib/python3.10/site-packages/airflow/example_dags/example_time_delta_sensor_async.py
[2023-12-03T23:40:26.813+0000] {processor.py:839} INFO - DAG(s) dict_keys(['example_time_delta_sensor_async']) retrieved from /home/ubuntu/redfin/lib/python3.10/site-packages/airflow/example_dags/example_time_delta_sensor_async.py
[2023-12-03T23:40:26.832+0000] {logging_mixin.py:154} INFO - [2023-12-03T23:40:26.832+0000] {dag.py:2941} INFO - Sync 1 DAGs
[2023-12-03T23:40:26.844+0000] {logging_mixin.py:154} INFO - [2023-12-03T23:40:26.844+0000] {dag.py:3722} INFO - Setting next_dagrun for example_time_delta_sensor_async to None, run_after=None
[2023-12-03T23:40:26.866+0000] {processor.py:179} INFO - Processing /home/ubuntu/redfin/lib/python3.10/site-packages/airflow/example_dags/example_time_delta_sensor_async.py took 0.064 seconds
[2023-12-03T23:41:17.624+0000] {processor.py:157} INFO - Started process (PID=5952) to work on /home/ubuntu/redfin/lib/python3.10/site-packages/airflow/example_dags/example_time_delta_sensor_async.py
[2023-12-03T23:41:17.625+0000] {processor.py:829} INFO - Processing file /home/ubuntu/redfin/lib/python3.10/site-packages/airflow/example_dags/example_time_delta_sensor_async.py for tasks to queue
[2023-12-03T23:41:17.626+0000] {logging_mixin.py:154} INFO - [2023-12-03T23:41:17.626+0000] {dagbag.py:536} INFO - Filling up the DagBag from /home/ubuntu/redfin/lib/python3.10/site-packages/airflow/example_dags/example_time_delta_sensor_async.py
[2023-12-03T23:41:17.632+0000] {processor.py:839} INFO - DAG(s) dict_keys(['example_time_delta_sensor_async']) retrieved from /home/ubuntu/redfin/lib/python3.10/site-packages/airflow/example_dags/example_time_delta_sensor_async.py
[2023-12-03T23:41:17.650+0000] {logging_mixin.py:154} INFO - [2023-12-03T23:41:17.650+0000] {dag.py:2941} INFO - Sync 1 DAGs
[2023-12-03T23:41:17.663+0000] {logging_mixin.py:154} INFO - [2023-12-03T23:41:17.663+0000] {dag.py:3722} INFO - Setting next_dagrun for example_time_delta_sensor_async to None, run_after=None
[2023-12-03T23:41:17.685+0000] {processor.py:179} INFO - Processing /home/ubuntu/redfin/lib/python3.10/site-packages/airflow/example_dags/example_time_delta_sensor_async.py took 0.065 seconds
[2023-12-03T23:42:01.220+0000] {processor.py:157} INFO - Started process (PID=6001) to work on /home/ubuntu/redfin/lib/python3.10/site-packages/airflow/example_dags/example_time_delta_sensor_async.py
[2023-12-03T23:42:01.221+0000] {processor.py:829} INFO - Processing file /home/ubuntu/redfin/lib/python3.10/site-packages/airflow/example_dags/example_time_delta_sensor_async.py for tasks to queue
[2023-12-03T23:42:01.222+0000] {logging_mixin.py:154} INFO - [2023-12-03T23:42:01.222+0000] {dagbag.py:536} INFO - Filling up the DagBag from /home/ubuntu/redfin/lib/python3.10/site-packages/airflow/example_dags/example_time_delta_sensor_async.py
[2023-12-03T23:42:01.227+0000] {processor.py:839} INFO - DAG(s) dict_keys(['example_time_delta_sensor_async']) retrieved from /home/ubuntu/redfin/lib/python3.10/site-packages/airflow/example_dags/example_time_delta_sensor_async.py
[2023-12-03T23:42:01.246+0000] {logging_mixin.py:154} INFO - [2023-12-03T23:42:01.246+0000] {dag.py:2941} INFO - Sync 1 DAGs
[2023-12-03T23:42:01.258+0000] {logging_mixin.py:154} INFO - [2023-12-03T23:42:01.258+0000] {dag.py:3722} INFO - Setting next_dagrun for example_time_delta_sensor_async to None, run_after=None
[2023-12-03T23:42:01.281+0000] {processor.py:179} INFO - Processing /home/ubuntu/redfin/lib/python3.10/site-packages/airflow/example_dags/example_time_delta_sensor_async.py took 0.065 seconds
[2023-12-03T23:42:50.269+0000] {processor.py:157} INFO - Started process (PID=6056) to work on /home/ubuntu/redfin/lib/python3.10/site-packages/airflow/example_dags/example_time_delta_sensor_async.py
[2023-12-03T23:42:50.270+0000] {processor.py:829} INFO - Processing file /home/ubuntu/redfin/lib/python3.10/site-packages/airflow/example_dags/example_time_delta_sensor_async.py for tasks to queue
[2023-12-03T23:42:50.271+0000] {logging_mixin.py:154} INFO - [2023-12-03T23:42:50.271+0000] {dagbag.py:536} INFO - Filling up the DagBag from /home/ubuntu/redfin/lib/python3.10/site-packages/airflow/example_dags/example_time_delta_sensor_async.py
[2023-12-03T23:42:50.277+0000] {processor.py:839} INFO - DAG(s) dict_keys(['example_time_delta_sensor_async']) retrieved from /home/ubuntu/redfin/lib/python3.10/site-packages/airflow/example_dags/example_time_delta_sensor_async.py
[2023-12-03T23:42:50.296+0000] {logging_mixin.py:154} INFO - [2023-12-03T23:42:50.296+0000] {dag.py:2941} INFO - Sync 1 DAGs
[2023-12-03T23:42:50.310+0000] {logging_mixin.py:154} INFO - [2023-12-03T23:42:50.310+0000] {dag.py:3722} INFO - Setting next_dagrun for example_time_delta_sensor_async to None, run_after=None
[2023-12-03T23:42:50.333+0000] {processor.py:179} INFO - Processing /home/ubuntu/redfin/lib/python3.10/site-packages/airflow/example_dags/example_time_delta_sensor_async.py took 0.068 seconds
[2023-12-03T23:43:36.100+0000] {processor.py:157} INFO - Started process (PID=6105) to work on /home/ubuntu/redfin/lib/python3.10/site-packages/airflow/example_dags/example_time_delta_sensor_async.py
[2023-12-03T23:43:36.101+0000] {processor.py:829} INFO - Processing file /home/ubuntu/redfin/lib/python3.10/site-packages/airflow/example_dags/example_time_delta_sensor_async.py for tasks to queue
[2023-12-03T23:43:36.102+0000] {logging_mixin.py:154} INFO - [2023-12-03T23:43:36.102+0000] {dagbag.py:536} INFO - Filling up the DagBag from /home/ubuntu/redfin/lib/python3.10/site-packages/airflow/example_dags/example_time_delta_sensor_async.py
[2023-12-03T23:43:36.107+0000] {processor.py:839} INFO - DAG(s) dict_keys(['example_time_delta_sensor_async']) retrieved from /home/ubuntu/redfin/lib/python3.10/site-packages/airflow/example_dags/example_time_delta_sensor_async.py
[2023-12-03T23:43:36.126+0000] {logging_mixin.py:154} INFO - [2023-12-03T23:43:36.125+0000] {dag.py:2941} INFO - Sync 1 DAGs
[2023-12-03T23:43:36.138+0000] {logging_mixin.py:154} INFO - [2023-12-03T23:43:36.138+0000] {dag.py:3722} INFO - Setting next_dagrun for example_time_delta_sensor_async to None, run_after=None
[2023-12-03T23:43:36.160+0000] {processor.py:179} INFO - Processing /home/ubuntu/redfin/lib/python3.10/site-packages/airflow/example_dags/example_time_delta_sensor_async.py took 0.063 seconds
[2023-12-03T23:44:25.196+0000] {processor.py:157} INFO - Started process (PID=6412) to work on /home/ubuntu/redfin/lib/python3.10/site-packages/airflow/example_dags/example_time_delta_sensor_async.py
[2023-12-03T23:44:25.198+0000] {processor.py:829} INFO - Processing file /home/ubuntu/redfin/lib/python3.10/site-packages/airflow/example_dags/example_time_delta_sensor_async.py for tasks to queue
[2023-12-03T23:44:25.199+0000] {logging_mixin.py:154} INFO - [2023-12-03T23:44:25.199+0000] {dagbag.py:536} INFO - Filling up the DagBag from /home/ubuntu/redfin/lib/python3.10/site-packages/airflow/example_dags/example_time_delta_sensor_async.py
[2023-12-03T23:44:25.204+0000] {processor.py:839} INFO - DAG(s) dict_keys(['example_time_delta_sensor_async']) retrieved from /home/ubuntu/redfin/lib/python3.10/site-packages/airflow/example_dags/example_time_delta_sensor_async.py
[2023-12-03T23:44:25.223+0000] {logging_mixin.py:154} INFO - [2023-12-03T23:44:25.222+0000] {dag.py:2941} INFO - Sync 1 DAGs
[2023-12-03T23:44:25.235+0000] {logging_mixin.py:154} INFO - [2023-12-03T23:44:25.235+0000] {dag.py:3722} INFO - Setting next_dagrun for example_time_delta_sensor_async to None, run_after=None
[2023-12-03T23:44:25.257+0000] {processor.py:179} INFO - Processing /home/ubuntu/redfin/lib/python3.10/site-packages/airflow/example_dags/example_time_delta_sensor_async.py took 0.065 seconds
[2023-12-03T23:45:06.063+0000] {processor.py:157} INFO - Started process (PID=6615) to work on /home/ubuntu/redfin/lib/python3.10/site-packages/airflow/example_dags/example_time_delta_sensor_async.py
[2023-12-03T23:45:06.064+0000] {processor.py:829} INFO - Processing file /home/ubuntu/redfin/lib/python3.10/site-packages/airflow/example_dags/example_time_delta_sensor_async.py for tasks to queue
[2023-12-03T23:45:06.065+0000] {logging_mixin.py:154} INFO - [2023-12-03T23:45:06.065+0000] {dagbag.py:536} INFO - Filling up the DagBag from /home/ubuntu/redfin/lib/python3.10/site-packages/airflow/example_dags/example_time_delta_sensor_async.py
[2023-12-03T23:45:06.071+0000] {processor.py:839} INFO - DAG(s) dict_keys(['example_time_delta_sensor_async']) retrieved from /home/ubuntu/redfin/lib/python3.10/site-packages/airflow/example_dags/example_time_delta_sensor_async.py
[2023-12-03T23:45:06.090+0000] {logging_mixin.py:154} INFO - [2023-12-03T23:45:06.090+0000] {dag.py:2941} INFO - Sync 1 DAGs
[2023-12-03T23:45:06.104+0000] {logging_mixin.py:154} INFO - [2023-12-03T23:45:06.103+0000] {dag.py:3722} INFO - Setting next_dagrun for example_time_delta_sensor_async to None, run_after=None
[2023-12-03T23:45:06.127+0000] {processor.py:179} INFO - Processing /home/ubuntu/redfin/lib/python3.10/site-packages/airflow/example_dags/example_time_delta_sensor_async.py took 0.068 seconds
[2023-12-03T23:45:52.993+0000] {processor.py:157} INFO - Started process (PID=6667) to work on /home/ubuntu/redfin/lib/python3.10/site-packages/airflow/example_dags/example_time_delta_sensor_async.py
[2023-12-03T23:45:52.995+0000] {processor.py:829} INFO - Processing file /home/ubuntu/redfin/lib/python3.10/site-packages/airflow/example_dags/example_time_delta_sensor_async.py for tasks to queue
[2023-12-03T23:45:52.996+0000] {logging_mixin.py:154} INFO - [2023-12-03T23:45:52.995+0000] {dagbag.py:536} INFO - Filling up the DagBag from /home/ubuntu/redfin/lib/python3.10/site-packages/airflow/example_dags/example_time_delta_sensor_async.py
[2023-12-03T23:45:53.001+0000] {processor.py:839} INFO - DAG(s) dict_keys(['example_time_delta_sensor_async']) retrieved from /home/ubuntu/redfin/lib/python3.10/site-packages/airflow/example_dags/example_time_delta_sensor_async.py
[2023-12-03T23:45:53.020+0000] {logging_mixin.py:154} INFO - [2023-12-03T23:45:53.020+0000] {dag.py:2941} INFO - Sync 1 DAGs
[2023-12-03T23:45:53.034+0000] {logging_mixin.py:154} INFO - [2023-12-03T23:45:53.034+0000] {dag.py:3722} INFO - Setting next_dagrun for example_time_delta_sensor_async to None, run_after=None
[2023-12-03T23:45:53.059+0000] {processor.py:179} INFO - Processing /home/ubuntu/redfin/lib/python3.10/site-packages/airflow/example_dags/example_time_delta_sensor_async.py took 0.069 seconds
[2023-12-03T23:46:37.638+0000] {processor.py:157} INFO - Started process (PID=6716) to work on /home/ubuntu/redfin/lib/python3.10/site-packages/airflow/example_dags/example_time_delta_sensor_async.py
[2023-12-03T23:46:37.639+0000] {processor.py:829} INFO - Processing file /home/ubuntu/redfin/lib/python3.10/site-packages/airflow/example_dags/example_time_delta_sensor_async.py for tasks to queue
[2023-12-03T23:46:37.640+0000] {logging_mixin.py:154} INFO - [2023-12-03T23:46:37.639+0000] {dagbag.py:536} INFO - Filling up the DagBag from /home/ubuntu/redfin/lib/python3.10/site-packages/airflow/example_dags/example_time_delta_sensor_async.py
[2023-12-03T23:46:37.645+0000] {processor.py:839} INFO - DAG(s) dict_keys(['example_time_delta_sensor_async']) retrieved from /home/ubuntu/redfin/lib/python3.10/site-packages/airflow/example_dags/example_time_delta_sensor_async.py
[2023-12-03T23:46:37.663+0000] {logging_mixin.py:154} INFO - [2023-12-03T23:46:37.663+0000] {dag.py:2941} INFO - Sync 1 DAGs
[2023-12-03T23:46:37.676+0000] {logging_mixin.py:154} INFO - [2023-12-03T23:46:37.676+0000] {dag.py:3722} INFO - Setting next_dagrun for example_time_delta_sensor_async to None, run_after=None
[2023-12-03T23:46:37.699+0000] {processor.py:179} INFO - Processing /home/ubuntu/redfin/lib/python3.10/site-packages/airflow/example_dags/example_time_delta_sensor_async.py took 0.065 seconds
[2023-12-03T23:47:26.057+0000] {processor.py:157} INFO - Started process (PID=6776) to work on /home/ubuntu/redfin/lib/python3.10/site-packages/airflow/example_dags/example_time_delta_sensor_async.py
[2023-12-03T23:47:26.058+0000] {processor.py:829} INFO - Processing file /home/ubuntu/redfin/lib/python3.10/site-packages/airflow/example_dags/example_time_delta_sensor_async.py for tasks to queue
[2023-12-03T23:47:26.059+0000] {logging_mixin.py:154} INFO - [2023-12-03T23:47:26.059+0000] {dagbag.py:536} INFO - Filling up the DagBag from /home/ubuntu/redfin/lib/python3.10/site-packages/airflow/example_dags/example_time_delta_sensor_async.py
[2023-12-03T23:47:26.065+0000] {processor.py:839} INFO - DAG(s) dict_keys(['example_time_delta_sensor_async']) retrieved from /home/ubuntu/redfin/lib/python3.10/site-packages/airflow/example_dags/example_time_delta_sensor_async.py
[2023-12-03T23:47:26.084+0000] {logging_mixin.py:154} INFO - [2023-12-03T23:47:26.083+0000] {dag.py:2941} INFO - Sync 1 DAGs
[2023-12-03T23:47:26.097+0000] {logging_mixin.py:154} INFO - [2023-12-03T23:47:26.097+0000] {dag.py:3722} INFO - Setting next_dagrun for example_time_delta_sensor_async to None, run_after=None
[2023-12-03T23:47:26.121+0000] {processor.py:179} INFO - Processing /home/ubuntu/redfin/lib/python3.10/site-packages/airflow/example_dags/example_time_delta_sensor_async.py took 0.068 seconds
[2023-12-03T23:48:14.220+0000] {processor.py:157} INFO - Started process (PID=6858) to work on /home/ubuntu/redfin/lib/python3.10/site-packages/airflow/example_dags/example_time_delta_sensor_async.py
[2023-12-03T23:48:14.221+0000] {processor.py:829} INFO - Processing file /home/ubuntu/redfin/lib/python3.10/site-packages/airflow/example_dags/example_time_delta_sensor_async.py for tasks to queue
[2023-12-03T23:48:14.222+0000] {logging_mixin.py:154} INFO - [2023-12-03T23:48:14.222+0000] {dagbag.py:536} INFO - Filling up the DagBag from /home/ubuntu/redfin/lib/python3.10/site-packages/airflow/example_dags/example_time_delta_sensor_async.py
[2023-12-03T23:48:14.227+0000] {processor.py:839} INFO - DAG(s) dict_keys(['example_time_delta_sensor_async']) retrieved from /home/ubuntu/redfin/lib/python3.10/site-packages/airflow/example_dags/example_time_delta_sensor_async.py
[2023-12-03T23:48:14.246+0000] {logging_mixin.py:154} INFO - [2023-12-03T23:48:14.246+0000] {dag.py:2941} INFO - Sync 1 DAGs
[2023-12-03T23:48:14.259+0000] {logging_mixin.py:154} INFO - [2023-12-03T23:48:14.259+0000] {dag.py:3722} INFO - Setting next_dagrun for example_time_delta_sensor_async to None, run_after=None
[2023-12-03T23:48:14.285+0000] {processor.py:179} INFO - Processing /home/ubuntu/redfin/lib/python3.10/site-packages/airflow/example_dags/example_time_delta_sensor_async.py took 0.069 seconds
[2023-12-03T23:49:03.942+0000] {processor.py:157} INFO - Started process (PID=6916) to work on /home/ubuntu/redfin/lib/python3.10/site-packages/airflow/example_dags/example_time_delta_sensor_async.py
[2023-12-03T23:49:03.943+0000] {processor.py:829} INFO - Processing file /home/ubuntu/redfin/lib/python3.10/site-packages/airflow/example_dags/example_time_delta_sensor_async.py for tasks to queue
[2023-12-03T23:49:03.944+0000] {logging_mixin.py:154} INFO - [2023-12-03T23:49:03.944+0000] {dagbag.py:536} INFO - Filling up the DagBag from /home/ubuntu/redfin/lib/python3.10/site-packages/airflow/example_dags/example_time_delta_sensor_async.py
[2023-12-03T23:49:03.949+0000] {processor.py:839} INFO - DAG(s) dict_keys(['example_time_delta_sensor_async']) retrieved from /home/ubuntu/redfin/lib/python3.10/site-packages/airflow/example_dags/example_time_delta_sensor_async.py
[2023-12-03T23:49:03.968+0000] {logging_mixin.py:154} INFO - [2023-12-03T23:49:03.968+0000] {dag.py:2941} INFO - Sync 1 DAGs
[2023-12-03T23:49:03.981+0000] {logging_mixin.py:154} INFO - [2023-12-03T23:49:03.980+0000] {dag.py:3722} INFO - Setting next_dagrun for example_time_delta_sensor_async to None, run_after=None
[2023-12-03T23:49:04.003+0000] {processor.py:179} INFO - Processing /home/ubuntu/redfin/lib/python3.10/site-packages/airflow/example_dags/example_time_delta_sensor_async.py took 0.065 seconds
[2023-12-03T23:49:55.457+0000] {processor.py:157} INFO - Started process (PID=6970) to work on /home/ubuntu/redfin/lib/python3.10/site-packages/airflow/example_dags/example_time_delta_sensor_async.py
[2023-12-03T23:49:55.458+0000] {processor.py:829} INFO - Processing file /home/ubuntu/redfin/lib/python3.10/site-packages/airflow/example_dags/example_time_delta_sensor_async.py for tasks to queue
[2023-12-03T23:49:55.459+0000] {logging_mixin.py:154} INFO - [2023-12-03T23:49:55.459+0000] {dagbag.py:536} INFO - Filling up the DagBag from /home/ubuntu/redfin/lib/python3.10/site-packages/airflow/example_dags/example_time_delta_sensor_async.py
[2023-12-03T23:49:55.464+0000] {processor.py:839} INFO - DAG(s) dict_keys(['example_time_delta_sensor_async']) retrieved from /home/ubuntu/redfin/lib/python3.10/site-packages/airflow/example_dags/example_time_delta_sensor_async.py
[2023-12-03T23:49:55.483+0000] {logging_mixin.py:154} INFO - [2023-12-03T23:49:55.483+0000] {dag.py:2941} INFO - Sync 1 DAGs
[2023-12-03T23:49:55.496+0000] {logging_mixin.py:154} INFO - [2023-12-03T23:49:55.495+0000] {dag.py:3722} INFO - Setting next_dagrun for example_time_delta_sensor_async to None, run_after=None
[2023-12-03T23:49:55.517+0000] {processor.py:179} INFO - Processing /home/ubuntu/redfin/lib/python3.10/site-packages/airflow/example_dags/example_time_delta_sensor_async.py took 0.064 seconds
[2023-12-03T23:50:41.918+0000] {processor.py:157} INFO - Started process (PID=7024) to work on /home/ubuntu/redfin/lib/python3.10/site-packages/airflow/example_dags/example_time_delta_sensor_async.py
[2023-12-03T23:50:41.919+0000] {processor.py:829} INFO - Processing file /home/ubuntu/redfin/lib/python3.10/site-packages/airflow/example_dags/example_time_delta_sensor_async.py for tasks to queue
[2023-12-03T23:50:41.920+0000] {logging_mixin.py:154} INFO - [2023-12-03T23:50:41.919+0000] {dagbag.py:536} INFO - Filling up the DagBag from /home/ubuntu/redfin/lib/python3.10/site-packages/airflow/example_dags/example_time_delta_sensor_async.py
[2023-12-03T23:50:41.925+0000] {processor.py:839} INFO - DAG(s) dict_keys(['example_time_delta_sensor_async']) retrieved from /home/ubuntu/redfin/lib/python3.10/site-packages/airflow/example_dags/example_time_delta_sensor_async.py
[2023-12-03T23:50:41.945+0000] {logging_mixin.py:154} INFO - [2023-12-03T23:50:41.944+0000] {dag.py:2941} INFO - Sync 1 DAGs
[2023-12-03T23:50:41.958+0000] {logging_mixin.py:154} INFO - [2023-12-03T23:50:41.957+0000] {dag.py:3722} INFO - Setting next_dagrun for example_time_delta_sensor_async to None, run_after=None
[2023-12-03T23:50:41.980+0000] {processor.py:179} INFO - Processing /home/ubuntu/redfin/lib/python3.10/site-packages/airflow/example_dags/example_time_delta_sensor_async.py took 0.066 seconds
[2023-12-03T23:51:28.660+0000] {processor.py:157} INFO - Started process (PID=7075) to work on /home/ubuntu/redfin/lib/python3.10/site-packages/airflow/example_dags/example_time_delta_sensor_async.py
[2023-12-03T23:51:28.662+0000] {processor.py:829} INFO - Processing file /home/ubuntu/redfin/lib/python3.10/site-packages/airflow/example_dags/example_time_delta_sensor_async.py for tasks to queue
[2023-12-03T23:51:28.663+0000] {logging_mixin.py:154} INFO - [2023-12-03T23:51:28.662+0000] {dagbag.py:536} INFO - Filling up the DagBag from /home/ubuntu/redfin/lib/python3.10/site-packages/airflow/example_dags/example_time_delta_sensor_async.py
[2023-12-03T23:51:28.668+0000] {processor.py:839} INFO - DAG(s) dict_keys(['example_time_delta_sensor_async']) retrieved from /home/ubuntu/redfin/lib/python3.10/site-packages/airflow/example_dags/example_time_delta_sensor_async.py
[2023-12-03T23:51:28.686+0000] {logging_mixin.py:154} INFO - [2023-12-03T23:51:28.686+0000] {dag.py:2941} INFO - Sync 1 DAGs
[2023-12-03T23:51:28.698+0000] {logging_mixin.py:154} INFO - [2023-12-03T23:51:28.698+0000] {dag.py:3722} INFO - Setting next_dagrun for example_time_delta_sensor_async to None, run_after=None
[2023-12-03T23:51:28.719+0000] {processor.py:179} INFO - Processing /home/ubuntu/redfin/lib/python3.10/site-packages/airflow/example_dags/example_time_delta_sensor_async.py took 0.062 seconds
[2023-12-03T23:52:18.895+0000] {processor.py:157} INFO - Started process (PID=7130) to work on /home/ubuntu/redfin/lib/python3.10/site-packages/airflow/example_dags/example_time_delta_sensor_async.py
[2023-12-03T23:52:18.896+0000] {processor.py:829} INFO - Processing file /home/ubuntu/redfin/lib/python3.10/site-packages/airflow/example_dags/example_time_delta_sensor_async.py for tasks to queue
[2023-12-03T23:52:18.897+0000] {logging_mixin.py:154} INFO - [2023-12-03T23:52:18.897+0000] {dagbag.py:536} INFO - Filling up the DagBag from /home/ubuntu/redfin/lib/python3.10/site-packages/airflow/example_dags/example_time_delta_sensor_async.py
[2023-12-03T23:52:18.903+0000] {processor.py:839} INFO - DAG(s) dict_keys(['example_time_delta_sensor_async']) retrieved from /home/ubuntu/redfin/lib/python3.10/site-packages/airflow/example_dags/example_time_delta_sensor_async.py
[2023-12-03T23:52:18.922+0000] {logging_mixin.py:154} INFO - [2023-12-03T23:52:18.922+0000] {dag.py:2941} INFO - Sync 1 DAGs
[2023-12-03T23:52:18.935+0000] {logging_mixin.py:154} INFO - [2023-12-03T23:52:18.935+0000] {dag.py:3722} INFO - Setting next_dagrun for example_time_delta_sensor_async to None, run_after=None
[2023-12-03T23:52:18.958+0000] {processor.py:179} INFO - Processing /home/ubuntu/redfin/lib/python3.10/site-packages/airflow/example_dags/example_time_delta_sensor_async.py took 0.066 seconds
[2023-12-03T23:53:07.796+0000] {processor.py:157} INFO - Started process (PID=7182) to work on /home/ubuntu/redfin/lib/python3.10/site-packages/airflow/example_dags/example_time_delta_sensor_async.py
[2023-12-03T23:53:07.797+0000] {processor.py:829} INFO - Processing file /home/ubuntu/redfin/lib/python3.10/site-packages/airflow/example_dags/example_time_delta_sensor_async.py for tasks to queue
[2023-12-03T23:53:07.798+0000] {logging_mixin.py:154} INFO - [2023-12-03T23:53:07.798+0000] {dagbag.py:536} INFO - Filling up the DagBag from /home/ubuntu/redfin/lib/python3.10/site-packages/airflow/example_dags/example_time_delta_sensor_async.py
[2023-12-03T23:53:07.804+0000] {processor.py:839} INFO - DAG(s) dict_keys(['example_time_delta_sensor_async']) retrieved from /home/ubuntu/redfin/lib/python3.10/site-packages/airflow/example_dags/example_time_delta_sensor_async.py
[2023-12-03T23:53:07.822+0000] {logging_mixin.py:154} INFO - [2023-12-03T23:53:07.822+0000] {dag.py:2941} INFO - Sync 1 DAGs
[2023-12-03T23:53:07.835+0000] {logging_mixin.py:154} INFO - [2023-12-03T23:53:07.835+0000] {dag.py:3722} INFO - Setting next_dagrun for example_time_delta_sensor_async to None, run_after=None
[2023-12-03T23:53:07.858+0000] {processor.py:179} INFO - Processing /home/ubuntu/redfin/lib/python3.10/site-packages/airflow/example_dags/example_time_delta_sensor_async.py took 0.066 seconds
[2023-12-03T23:53:56.268+0000] {processor.py:157} INFO - Started process (PID=7238) to work on /home/ubuntu/redfin/lib/python3.10/site-packages/airflow/example_dags/example_time_delta_sensor_async.py
[2023-12-03T23:53:56.270+0000] {processor.py:829} INFO - Processing file /home/ubuntu/redfin/lib/python3.10/site-packages/airflow/example_dags/example_time_delta_sensor_async.py for tasks to queue
[2023-12-03T23:53:56.271+0000] {logging_mixin.py:154} INFO - [2023-12-03T23:53:56.270+0000] {dagbag.py:536} INFO - Filling up the DagBag from /home/ubuntu/redfin/lib/python3.10/site-packages/airflow/example_dags/example_time_delta_sensor_async.py
[2023-12-03T23:53:56.276+0000] {processor.py:839} INFO - DAG(s) dict_keys(['example_time_delta_sensor_async']) retrieved from /home/ubuntu/redfin/lib/python3.10/site-packages/airflow/example_dags/example_time_delta_sensor_async.py
[2023-12-03T23:53:56.294+0000] {logging_mixin.py:154} INFO - [2023-12-03T23:53:56.294+0000] {dag.py:2941} INFO - Sync 1 DAGs
[2023-12-03T23:53:56.306+0000] {logging_mixin.py:154} INFO - [2023-12-03T23:53:56.306+0000] {dag.py:3722} INFO - Setting next_dagrun for example_time_delta_sensor_async to None, run_after=None
[2023-12-03T23:53:56.329+0000] {processor.py:179} INFO - Processing /home/ubuntu/redfin/lib/python3.10/site-packages/airflow/example_dags/example_time_delta_sensor_async.py took 0.064 seconds
[2023-12-03T23:54:43.797+0000] {processor.py:157} INFO - Started process (PID=7289) to work on /home/ubuntu/redfin/lib/python3.10/site-packages/airflow/example_dags/example_time_delta_sensor_async.py
[2023-12-03T23:54:43.799+0000] {processor.py:829} INFO - Processing file /home/ubuntu/redfin/lib/python3.10/site-packages/airflow/example_dags/example_time_delta_sensor_async.py for tasks to queue
[2023-12-03T23:54:43.799+0000] {logging_mixin.py:154} INFO - [2023-12-03T23:54:43.799+0000] {dagbag.py:536} INFO - Filling up the DagBag from /home/ubuntu/redfin/lib/python3.10/site-packages/airflow/example_dags/example_time_delta_sensor_async.py
[2023-12-03T23:54:43.805+0000] {processor.py:839} INFO - DAG(s) dict_keys(['example_time_delta_sensor_async']) retrieved from /home/ubuntu/redfin/lib/python3.10/site-packages/airflow/example_dags/example_time_delta_sensor_async.py
[2023-12-03T23:54:43.825+0000] {logging_mixin.py:154} INFO - [2023-12-03T23:54:43.825+0000] {dag.py:2941} INFO - Sync 1 DAGs
[2023-12-03T23:54:43.839+0000] {logging_mixin.py:154} INFO - [2023-12-03T23:54:43.839+0000] {dag.py:3722} INFO - Setting next_dagrun for example_time_delta_sensor_async to None, run_after=None
[2023-12-03T23:54:43.865+0000] {processor.py:179} INFO - Processing /home/ubuntu/redfin/lib/python3.10/site-packages/airflow/example_dags/example_time_delta_sensor_async.py took 0.072 seconds
[2023-12-03T23:55:31.647+0000] {processor.py:157} INFO - Started process (PID=7343) to work on /home/ubuntu/redfin/lib/python3.10/site-packages/airflow/example_dags/example_time_delta_sensor_async.py
[2023-12-03T23:55:31.649+0000] {processor.py:829} INFO - Processing file /home/ubuntu/redfin/lib/python3.10/site-packages/airflow/example_dags/example_time_delta_sensor_async.py for tasks to queue
[2023-12-03T23:55:31.650+0000] {logging_mixin.py:154} INFO - [2023-12-03T23:55:31.649+0000] {dagbag.py:536} INFO - Filling up the DagBag from /home/ubuntu/redfin/lib/python3.10/site-packages/airflow/example_dags/example_time_delta_sensor_async.py
[2023-12-03T23:55:31.655+0000] {processor.py:839} INFO - DAG(s) dict_keys(['example_time_delta_sensor_async']) retrieved from /home/ubuntu/redfin/lib/python3.10/site-packages/airflow/example_dags/example_time_delta_sensor_async.py
[2023-12-03T23:55:31.674+0000] {logging_mixin.py:154} INFO - [2023-12-03T23:55:31.674+0000] {dag.py:2941} INFO - Sync 1 DAGs
[2023-12-03T23:55:31.687+0000] {logging_mixin.py:154} INFO - [2023-12-03T23:55:31.687+0000] {dag.py:3722} INFO - Setting next_dagrun for example_time_delta_sensor_async to None, run_after=None
[2023-12-03T23:55:31.710+0000] {processor.py:179} INFO - Processing /home/ubuntu/redfin/lib/python3.10/site-packages/airflow/example_dags/example_time_delta_sensor_async.py took 0.066 seconds
[2023-12-03T23:56:19.374+0000] {processor.py:157} INFO - Started process (PID=7394) to work on /home/ubuntu/redfin/lib/python3.10/site-packages/airflow/example_dags/example_time_delta_sensor_async.py
[2023-12-03T23:56:19.375+0000] {processor.py:829} INFO - Processing file /home/ubuntu/redfin/lib/python3.10/site-packages/airflow/example_dags/example_time_delta_sensor_async.py for tasks to queue
[2023-12-03T23:56:19.376+0000] {logging_mixin.py:154} INFO - [2023-12-03T23:56:19.376+0000] {dagbag.py:536} INFO - Filling up the DagBag from /home/ubuntu/redfin/lib/python3.10/site-packages/airflow/example_dags/example_time_delta_sensor_async.py
[2023-12-03T23:56:19.382+0000] {processor.py:839} INFO - DAG(s) dict_keys(['example_time_delta_sensor_async']) retrieved from /home/ubuntu/redfin/lib/python3.10/site-packages/airflow/example_dags/example_time_delta_sensor_async.py
[2023-12-03T23:56:19.402+0000] {logging_mixin.py:154} INFO - [2023-12-03T23:56:19.401+0000] {dag.py:2941} INFO - Sync 1 DAGs
[2023-12-03T23:56:19.415+0000] {logging_mixin.py:154} INFO - [2023-12-03T23:56:19.414+0000] {dag.py:3722} INFO - Setting next_dagrun for example_time_delta_sensor_async to None, run_after=None
[2023-12-03T23:56:19.440+0000] {processor.py:179} INFO - Processing /home/ubuntu/redfin/lib/python3.10/site-packages/airflow/example_dags/example_time_delta_sensor_async.py took 0.070 seconds
[2023-12-03T23:57:08.704+0000] {processor.py:157} INFO - Started process (PID=7450) to work on /home/ubuntu/redfin/lib/python3.10/site-packages/airflow/example_dags/example_time_delta_sensor_async.py
[2023-12-03T23:57:08.705+0000] {processor.py:829} INFO - Processing file /home/ubuntu/redfin/lib/python3.10/site-packages/airflow/example_dags/example_time_delta_sensor_async.py for tasks to queue
[2023-12-03T23:57:08.706+0000] {logging_mixin.py:154} INFO - [2023-12-03T23:57:08.706+0000] {dagbag.py:536} INFO - Filling up the DagBag from /home/ubuntu/redfin/lib/python3.10/site-packages/airflow/example_dags/example_time_delta_sensor_async.py
[2023-12-03T23:57:08.711+0000] {processor.py:839} INFO - DAG(s) dict_keys(['example_time_delta_sensor_async']) retrieved from /home/ubuntu/redfin/lib/python3.10/site-packages/airflow/example_dags/example_time_delta_sensor_async.py
[2023-12-03T23:57:08.730+0000] {logging_mixin.py:154} INFO - [2023-12-03T23:57:08.730+0000] {dag.py:2941} INFO - Sync 1 DAGs
[2023-12-03T23:57:08.743+0000] {logging_mixin.py:154} INFO - [2023-12-03T23:57:08.742+0000] {dag.py:3722} INFO - Setting next_dagrun for example_time_delta_sensor_async to None, run_after=None
[2023-12-03T23:57:08.767+0000] {processor.py:179} INFO - Processing /home/ubuntu/redfin/lib/python3.10/site-packages/airflow/example_dags/example_time_delta_sensor_async.py took 0.066 seconds
[2023-12-03T23:57:52.627+0000] {processor.py:157} INFO - Started process (PID=7499) to work on /home/ubuntu/redfin/lib/python3.10/site-packages/airflow/example_dags/example_time_delta_sensor_async.py
[2023-12-03T23:57:52.628+0000] {processor.py:829} INFO - Processing file /home/ubuntu/redfin/lib/python3.10/site-packages/airflow/example_dags/example_time_delta_sensor_async.py for tasks to queue
[2023-12-03T23:57:52.629+0000] {logging_mixin.py:154} INFO - [2023-12-03T23:57:52.629+0000] {dagbag.py:536} INFO - Filling up the DagBag from /home/ubuntu/redfin/lib/python3.10/site-packages/airflow/example_dags/example_time_delta_sensor_async.py
[2023-12-03T23:57:52.634+0000] {processor.py:839} INFO - DAG(s) dict_keys(['example_time_delta_sensor_async']) retrieved from /home/ubuntu/redfin/lib/python3.10/site-packages/airflow/example_dags/example_time_delta_sensor_async.py
[2023-12-03T23:57:52.653+0000] {logging_mixin.py:154} INFO - [2023-12-03T23:57:52.653+0000] {dag.py:2941} INFO - Sync 1 DAGs
[2023-12-03T23:57:52.667+0000] {logging_mixin.py:154} INFO - [2023-12-03T23:57:52.667+0000] {dag.py:3722} INFO - Setting next_dagrun for example_time_delta_sensor_async to None, run_after=None
[2023-12-03T23:57:52.691+0000] {processor.py:179} INFO - Processing /home/ubuntu/redfin/lib/python3.10/site-packages/airflow/example_dags/example_time_delta_sensor_async.py took 0.068 seconds
[2023-12-03T23:58:34.699+0000] {processor.py:157} INFO - Started process (PID=7546) to work on /home/ubuntu/redfin/lib/python3.10/site-packages/airflow/example_dags/example_time_delta_sensor_async.py
[2023-12-03T23:58:34.700+0000] {processor.py:829} INFO - Processing file /home/ubuntu/redfin/lib/python3.10/site-packages/airflow/example_dags/example_time_delta_sensor_async.py for tasks to queue
[2023-12-03T23:58:34.701+0000] {logging_mixin.py:154} INFO - [2023-12-03T23:58:34.701+0000] {dagbag.py:536} INFO - Filling up the DagBag from /home/ubuntu/redfin/lib/python3.10/site-packages/airflow/example_dags/example_time_delta_sensor_async.py
[2023-12-03T23:58:34.706+0000] {processor.py:839} INFO - DAG(s) dict_keys(['example_time_delta_sensor_async']) retrieved from /home/ubuntu/redfin/lib/python3.10/site-packages/airflow/example_dags/example_time_delta_sensor_async.py
[2023-12-03T23:58:34.725+0000] {logging_mixin.py:154} INFO - [2023-12-03T23:58:34.725+0000] {dag.py:2941} INFO - Sync 1 DAGs
[2023-12-03T23:58:34.738+0000] {logging_mixin.py:154} INFO - [2023-12-03T23:58:34.737+0000] {dag.py:3722} INFO - Setting next_dagrun for example_time_delta_sensor_async to None, run_after=None
[2023-12-03T23:58:34.760+0000] {processor.py:179} INFO - Processing /home/ubuntu/redfin/lib/python3.10/site-packages/airflow/example_dags/example_time_delta_sensor_async.py took 0.065 seconds
[2023-12-03T23:59:24.149+0000] {processor.py:157} INFO - Started process (PID=7602) to work on /home/ubuntu/redfin/lib/python3.10/site-packages/airflow/example_dags/example_time_delta_sensor_async.py
[2023-12-03T23:59:24.151+0000] {processor.py:829} INFO - Processing file /home/ubuntu/redfin/lib/python3.10/site-packages/airflow/example_dags/example_time_delta_sensor_async.py for tasks to queue
[2023-12-03T23:59:24.152+0000] {logging_mixin.py:154} INFO - [2023-12-03T23:59:24.151+0000] {dagbag.py:536} INFO - Filling up the DagBag from /home/ubuntu/redfin/lib/python3.10/site-packages/airflow/example_dags/example_time_delta_sensor_async.py
[2023-12-03T23:59:24.157+0000] {processor.py:839} INFO - DAG(s) dict_keys(['example_time_delta_sensor_async']) retrieved from /home/ubuntu/redfin/lib/python3.10/site-packages/airflow/example_dags/example_time_delta_sensor_async.py
[2023-12-03T23:59:24.177+0000] {logging_mixin.py:154} INFO - [2023-12-03T23:59:24.177+0000] {dag.py:2941} INFO - Sync 1 DAGs
[2023-12-03T23:59:24.190+0000] {logging_mixin.py:154} INFO - [2023-12-03T23:59:24.189+0000] {dag.py:3722} INFO - Setting next_dagrun for example_time_delta_sensor_async to None, run_after=None
[2023-12-03T23:59:24.213+0000] {processor.py:179} INFO - Processing /home/ubuntu/redfin/lib/python3.10/site-packages/airflow/example_dags/example_time_delta_sensor_async.py took 0.067 seconds
