[2023-12-03T23:08:03.570+0000] {processor.py:157} INFO - Started process (PID=3765) to work on /home/ubuntu/redfin/lib/python3.10/site-packages/airflow/example_dags/example_sensors.py
[2023-12-03T23:08:03.571+0000] {processor.py:829} INFO - Processing file /home/ubuntu/redfin/lib/python3.10/site-packages/airflow/example_dags/example_sensors.py for tasks to queue
[2023-12-03T23:08:03.572+0000] {logging_mixin.py:154} INFO - [2023-12-03T23:08:03.572+0000] {dagbag.py:536} INFO - Filling up the DagBag from /home/ubuntu/redfin/lib/python3.10/site-packages/airflow/example_dags/example_sensors.py
[2023-12-03T23:08:03.584+0000] {processor.py:839} INFO - DAG(s) dict_keys(['example_sensors']) retrieved from /home/ubuntu/redfin/lib/python3.10/site-packages/airflow/example_dags/example_sensors.py
[2023-12-03T23:08:03.708+0000] {logging_mixin.py:154} INFO - [2023-12-03T23:08:03.708+0000] {manager.py:499} INFO - Created Permission View: %s
[2023-12-03T23:08:03.722+0000] {logging_mixin.py:154} INFO - [2023-12-03T23:08:03.722+0000] {manager.py:499} INFO - Created Permission View: %s
[2023-12-03T23:08:03.732+0000] {logging_mixin.py:154} INFO - [2023-12-03T23:08:03.732+0000] {manager.py:499} INFO - Created Permission View: %s
[2023-12-03T23:08:03.733+0000] {logging_mixin.py:154} INFO - [2023-12-03T23:08:03.733+0000] {dag.py:2941} INFO - Sync 1 DAGs
[2023-12-03T23:08:03.747+0000] {logging_mixin.py:154} INFO - [2023-12-03T23:08:03.747+0000] {dag.py:2963} INFO - Creating ORM DAG for example_sensors
[2023-12-03T23:08:03.747+0000] {logging_mixin.py:154} INFO - [2023-12-03T23:08:03.747+0000] {dag.py:3722} INFO - Setting next_dagrun for example_sensors to None, run_after=None
[2023-12-03T23:08:03.771+0000] {processor.py:179} INFO - Processing /home/ubuntu/redfin/lib/python3.10/site-packages/airflow/example_dags/example_sensors.py took 0.205 seconds
[2023-12-03T23:08:53.390+0000] {processor.py:157} INFO - Started process (PID=3814) to work on /home/ubuntu/redfin/lib/python3.10/site-packages/airflow/example_dags/example_sensors.py
[2023-12-03T23:08:53.392+0000] {processor.py:829} INFO - Processing file /home/ubuntu/redfin/lib/python3.10/site-packages/airflow/example_dags/example_sensors.py for tasks to queue
[2023-12-03T23:08:53.393+0000] {logging_mixin.py:154} INFO - [2023-12-03T23:08:53.392+0000] {dagbag.py:536} INFO - Filling up the DagBag from /home/ubuntu/redfin/lib/python3.10/site-packages/airflow/example_dags/example_sensors.py
[2023-12-03T23:08:53.404+0000] {processor.py:839} INFO - DAG(s) dict_keys(['example_sensors']) retrieved from /home/ubuntu/redfin/lib/python3.10/site-packages/airflow/example_dags/example_sensors.py
[2023-12-03T23:08:53.429+0000] {logging_mixin.py:154} INFO - [2023-12-03T23:08:53.429+0000] {dag.py:2941} INFO - Sync 1 DAGs
[2023-12-03T23:08:53.442+0000] {logging_mixin.py:154} INFO - [2023-12-03T23:08:53.442+0000] {dag.py:3722} INFO - Setting next_dagrun for example_sensors to None, run_after=None
[2023-12-03T23:08:53.465+0000] {processor.py:179} INFO - Processing /home/ubuntu/redfin/lib/python3.10/site-packages/airflow/example_dags/example_sensors.py took 0.078 seconds
[2023-12-03T23:09:38.252+0000] {processor.py:157} INFO - Started process (PID=3863) to work on /home/ubuntu/redfin/lib/python3.10/site-packages/airflow/example_dags/example_sensors.py
[2023-12-03T23:09:38.254+0000] {processor.py:829} INFO - Processing file /home/ubuntu/redfin/lib/python3.10/site-packages/airflow/example_dags/example_sensors.py for tasks to queue
[2023-12-03T23:09:38.254+0000] {logging_mixin.py:154} INFO - [2023-12-03T23:09:38.254+0000] {dagbag.py:536} INFO - Filling up the DagBag from /home/ubuntu/redfin/lib/python3.10/site-packages/airflow/example_dags/example_sensors.py
[2023-12-03T23:09:38.266+0000] {processor.py:839} INFO - DAG(s) dict_keys(['example_sensors']) retrieved from /home/ubuntu/redfin/lib/python3.10/site-packages/airflow/example_dags/example_sensors.py
[2023-12-03T23:09:38.289+0000] {logging_mixin.py:154} INFO - [2023-12-03T23:09:38.289+0000] {dag.py:2941} INFO - Sync 1 DAGs
[2023-12-03T23:09:38.302+0000] {logging_mixin.py:154} INFO - [2023-12-03T23:09:38.302+0000] {dag.py:3722} INFO - Setting next_dagrun for example_sensors to None, run_after=None
[2023-12-03T23:09:38.326+0000] {processor.py:179} INFO - Processing /home/ubuntu/redfin/lib/python3.10/site-packages/airflow/example_dags/example_sensors.py took 0.078 seconds
[2023-12-03T23:10:26.708+0000] {processor.py:157} INFO - Started process (PID=3914) to work on /home/ubuntu/redfin/lib/python3.10/site-packages/airflow/example_dags/example_sensors.py
[2023-12-03T23:10:26.709+0000] {processor.py:829} INFO - Processing file /home/ubuntu/redfin/lib/python3.10/site-packages/airflow/example_dags/example_sensors.py for tasks to queue
[2023-12-03T23:10:26.710+0000] {logging_mixin.py:154} INFO - [2023-12-03T23:10:26.709+0000] {dagbag.py:536} INFO - Filling up the DagBag from /home/ubuntu/redfin/lib/python3.10/site-packages/airflow/example_dags/example_sensors.py
[2023-12-03T23:10:26.721+0000] {processor.py:839} INFO - DAG(s) dict_keys(['example_sensors']) retrieved from /home/ubuntu/redfin/lib/python3.10/site-packages/airflow/example_dags/example_sensors.py
[2023-12-03T23:10:26.744+0000] {logging_mixin.py:154} INFO - [2023-12-03T23:10:26.744+0000] {dag.py:2941} INFO - Sync 1 DAGs
[2023-12-03T23:10:26.758+0000] {logging_mixin.py:154} INFO - [2023-12-03T23:10:26.757+0000] {dag.py:3722} INFO - Setting next_dagrun for example_sensors to None, run_after=None
[2023-12-03T23:10:26.782+0000] {processor.py:179} INFO - Processing /home/ubuntu/redfin/lib/python3.10/site-packages/airflow/example_dags/example_sensors.py took 0.078 seconds
[2023-12-03T23:11:11.614+0000] {processor.py:157} INFO - Started process (PID=3963) to work on /home/ubuntu/redfin/lib/python3.10/site-packages/airflow/example_dags/example_sensors.py
[2023-12-03T23:11:11.615+0000] {processor.py:829} INFO - Processing file /home/ubuntu/redfin/lib/python3.10/site-packages/airflow/example_dags/example_sensors.py for tasks to queue
[2023-12-03T23:11:11.616+0000] {logging_mixin.py:154} INFO - [2023-12-03T23:11:11.616+0000] {dagbag.py:536} INFO - Filling up the DagBag from /home/ubuntu/redfin/lib/python3.10/site-packages/airflow/example_dags/example_sensors.py
[2023-12-03T23:11:11.627+0000] {processor.py:839} INFO - DAG(s) dict_keys(['example_sensors']) retrieved from /home/ubuntu/redfin/lib/python3.10/site-packages/airflow/example_dags/example_sensors.py
[2023-12-03T23:11:11.650+0000] {logging_mixin.py:154} INFO - [2023-12-03T23:11:11.650+0000] {dag.py:2941} INFO - Sync 1 DAGs
[2023-12-03T23:11:11.662+0000] {logging_mixin.py:154} INFO - [2023-12-03T23:11:11.662+0000] {dag.py:3722} INFO - Setting next_dagrun for example_sensors to None, run_after=None
[2023-12-03T23:11:11.685+0000] {processor.py:179} INFO - Processing /home/ubuntu/redfin/lib/python3.10/site-packages/airflow/example_dags/example_sensors.py took 0.075 seconds
[2023-12-03T23:11:59.417+0000] {processor.py:157} INFO - Started process (PID=4018) to work on /home/ubuntu/redfin/lib/python3.10/site-packages/airflow/example_dags/example_sensors.py
[2023-12-03T23:11:59.418+0000] {processor.py:829} INFO - Processing file /home/ubuntu/redfin/lib/python3.10/site-packages/airflow/example_dags/example_sensors.py for tasks to queue
[2023-12-03T23:11:59.419+0000] {logging_mixin.py:154} INFO - [2023-12-03T23:11:59.419+0000] {dagbag.py:536} INFO - Filling up the DagBag from /home/ubuntu/redfin/lib/python3.10/site-packages/airflow/example_dags/example_sensors.py
[2023-12-03T23:11:59.430+0000] {processor.py:839} INFO - DAG(s) dict_keys(['example_sensors']) retrieved from /home/ubuntu/redfin/lib/python3.10/site-packages/airflow/example_dags/example_sensors.py
[2023-12-03T23:11:59.453+0000] {logging_mixin.py:154} INFO - [2023-12-03T23:11:59.452+0000] {dag.py:2941} INFO - Sync 1 DAGs
[2023-12-03T23:11:59.465+0000] {logging_mixin.py:154} INFO - [2023-12-03T23:11:59.465+0000] {dag.py:3722} INFO - Setting next_dagrun for example_sensors to None, run_after=None
[2023-12-03T23:11:59.488+0000] {processor.py:179} INFO - Processing /home/ubuntu/redfin/lib/python3.10/site-packages/airflow/example_dags/example_sensors.py took 0.074 seconds
[2023-12-03T23:12:43.338+0000] {processor.py:157} INFO - Started process (PID=4067) to work on /home/ubuntu/redfin/lib/python3.10/site-packages/airflow/example_dags/example_sensors.py
[2023-12-03T23:12:43.339+0000] {processor.py:829} INFO - Processing file /home/ubuntu/redfin/lib/python3.10/site-packages/airflow/example_dags/example_sensors.py for tasks to queue
[2023-12-03T23:12:43.340+0000] {logging_mixin.py:154} INFO - [2023-12-03T23:12:43.340+0000] {dagbag.py:536} INFO - Filling up the DagBag from /home/ubuntu/redfin/lib/python3.10/site-packages/airflow/example_dags/example_sensors.py
[2023-12-03T23:12:43.351+0000] {processor.py:839} INFO - DAG(s) dict_keys(['example_sensors']) retrieved from /home/ubuntu/redfin/lib/python3.10/site-packages/airflow/example_dags/example_sensors.py
[2023-12-03T23:12:43.375+0000] {logging_mixin.py:154} INFO - [2023-12-03T23:12:43.374+0000] {dag.py:2941} INFO - Sync 1 DAGs
[2023-12-03T23:12:43.388+0000] {logging_mixin.py:154} INFO - [2023-12-03T23:12:43.388+0000] {dag.py:3722} INFO - Setting next_dagrun for example_sensors to None, run_after=None
[2023-12-03T23:12:43.410+0000] {processor.py:179} INFO - Processing /home/ubuntu/redfin/lib/python3.10/site-packages/airflow/example_dags/example_sensors.py took 0.076 seconds
[2023-12-03T23:13:31.018+0000] {processor.py:157} INFO - Started process (PID=4118) to work on /home/ubuntu/redfin/lib/python3.10/site-packages/airflow/example_dags/example_sensors.py
[2023-12-03T23:13:31.019+0000] {processor.py:829} INFO - Processing file /home/ubuntu/redfin/lib/python3.10/site-packages/airflow/example_dags/example_sensors.py for tasks to queue
[2023-12-03T23:13:31.020+0000] {logging_mixin.py:154} INFO - [2023-12-03T23:13:31.020+0000] {dagbag.py:536} INFO - Filling up the DagBag from /home/ubuntu/redfin/lib/python3.10/site-packages/airflow/example_dags/example_sensors.py
[2023-12-03T23:13:31.031+0000] {processor.py:839} INFO - DAG(s) dict_keys(['example_sensors']) retrieved from /home/ubuntu/redfin/lib/python3.10/site-packages/airflow/example_dags/example_sensors.py
[2023-12-03T23:13:31.053+0000] {logging_mixin.py:154} INFO - [2023-12-03T23:13:31.053+0000] {dag.py:2941} INFO - Sync 1 DAGs
[2023-12-03T23:13:31.066+0000] {logging_mixin.py:154} INFO - [2023-12-03T23:13:31.066+0000] {dag.py:3722} INFO - Setting next_dagrun for example_sensors to None, run_after=None
[2023-12-03T23:13:31.090+0000] {processor.py:179} INFO - Processing /home/ubuntu/redfin/lib/python3.10/site-packages/airflow/example_dags/example_sensors.py took 0.076 seconds
[2023-12-03T23:14:15.510+0000] {processor.py:157} INFO - Started process (PID=4167) to work on /home/ubuntu/redfin/lib/python3.10/site-packages/airflow/example_dags/example_sensors.py
[2023-12-03T23:14:15.511+0000] {processor.py:829} INFO - Processing file /home/ubuntu/redfin/lib/python3.10/site-packages/airflow/example_dags/example_sensors.py for tasks to queue
[2023-12-03T23:14:15.512+0000] {logging_mixin.py:154} INFO - [2023-12-03T23:14:15.512+0000] {dagbag.py:536} INFO - Filling up the DagBag from /home/ubuntu/redfin/lib/python3.10/site-packages/airflow/example_dags/example_sensors.py
[2023-12-03T23:14:15.523+0000] {processor.py:839} INFO - DAG(s) dict_keys(['example_sensors']) retrieved from /home/ubuntu/redfin/lib/python3.10/site-packages/airflow/example_dags/example_sensors.py
[2023-12-03T23:14:15.547+0000] {logging_mixin.py:154} INFO - [2023-12-03T23:14:15.547+0000] {dag.py:2941} INFO - Sync 1 DAGs
[2023-12-03T23:14:15.562+0000] {logging_mixin.py:154} INFO - [2023-12-03T23:14:15.561+0000] {dag.py:3722} INFO - Setting next_dagrun for example_sensors to None, run_after=None
[2023-12-03T23:14:15.587+0000] {processor.py:179} INFO - Processing /home/ubuntu/redfin/lib/python3.10/site-packages/airflow/example_dags/example_sensors.py took 0.081 seconds
[2023-12-03T23:15:04.768+0000] {processor.py:157} INFO - Started process (PID=4219) to work on /home/ubuntu/redfin/lib/python3.10/site-packages/airflow/example_dags/example_sensors.py
[2023-12-03T23:15:04.769+0000] {processor.py:829} INFO - Processing file /home/ubuntu/redfin/lib/python3.10/site-packages/airflow/example_dags/example_sensors.py for tasks to queue
[2023-12-03T23:15:04.770+0000] {logging_mixin.py:154} INFO - [2023-12-03T23:15:04.770+0000] {dagbag.py:536} INFO - Filling up the DagBag from /home/ubuntu/redfin/lib/python3.10/site-packages/airflow/example_dags/example_sensors.py
[2023-12-03T23:15:04.781+0000] {processor.py:839} INFO - DAG(s) dict_keys(['example_sensors']) retrieved from /home/ubuntu/redfin/lib/python3.10/site-packages/airflow/example_dags/example_sensors.py
[2023-12-03T23:15:04.804+0000] {logging_mixin.py:154} INFO - [2023-12-03T23:15:04.804+0000] {dag.py:2941} INFO - Sync 1 DAGs
[2023-12-03T23:15:04.816+0000] {logging_mixin.py:154} INFO - [2023-12-03T23:15:04.816+0000] {dag.py:3722} INFO - Setting next_dagrun for example_sensors to None, run_after=None
[2023-12-03T23:15:04.839+0000] {processor.py:179} INFO - Processing /home/ubuntu/redfin/lib/python3.10/site-packages/airflow/example_dags/example_sensors.py took 0.075 seconds
[2023-12-03T23:15:54.448+0000] {processor.py:157} INFO - Started process (PID=4275) to work on /home/ubuntu/redfin/lib/python3.10/site-packages/airflow/example_dags/example_sensors.py
[2023-12-03T23:15:54.449+0000] {processor.py:829} INFO - Processing file /home/ubuntu/redfin/lib/python3.10/site-packages/airflow/example_dags/example_sensors.py for tasks to queue
[2023-12-03T23:15:54.450+0000] {logging_mixin.py:154} INFO - [2023-12-03T23:15:54.450+0000] {dagbag.py:536} INFO - Filling up the DagBag from /home/ubuntu/redfin/lib/python3.10/site-packages/airflow/example_dags/example_sensors.py
[2023-12-03T23:15:54.461+0000] {processor.py:839} INFO - DAG(s) dict_keys(['example_sensors']) retrieved from /home/ubuntu/redfin/lib/python3.10/site-packages/airflow/example_dags/example_sensors.py
[2023-12-03T23:15:54.482+0000] {logging_mixin.py:154} INFO - [2023-12-03T23:15:54.482+0000] {dag.py:2941} INFO - Sync 1 DAGs
[2023-12-03T23:15:54.495+0000] {logging_mixin.py:154} INFO - [2023-12-03T23:15:54.495+0000] {dag.py:3722} INFO - Setting next_dagrun for example_sensors to None, run_after=None
[2023-12-03T23:15:54.516+0000] {processor.py:179} INFO - Processing /home/ubuntu/redfin/lib/python3.10/site-packages/airflow/example_dags/example_sensors.py took 0.072 seconds
[2023-12-03T23:16:40.744+0000] {processor.py:157} INFO - Started process (PID=4326) to work on /home/ubuntu/redfin/lib/python3.10/site-packages/airflow/example_dags/example_sensors.py
[2023-12-03T23:16:40.745+0000] {processor.py:829} INFO - Processing file /home/ubuntu/redfin/lib/python3.10/site-packages/airflow/example_dags/example_sensors.py for tasks to queue
[2023-12-03T23:16:40.746+0000] {logging_mixin.py:154} INFO - [2023-12-03T23:16:40.746+0000] {dagbag.py:536} INFO - Filling up the DagBag from /home/ubuntu/redfin/lib/python3.10/site-packages/airflow/example_dags/example_sensors.py
[2023-12-03T23:16:40.757+0000] {processor.py:839} INFO - DAG(s) dict_keys(['example_sensors']) retrieved from /home/ubuntu/redfin/lib/python3.10/site-packages/airflow/example_dags/example_sensors.py
[2023-12-03T23:16:40.779+0000] {logging_mixin.py:154} INFO - [2023-12-03T23:16:40.779+0000] {dag.py:2941} INFO - Sync 1 DAGs
[2023-12-03T23:16:40.791+0000] {logging_mixin.py:154} INFO - [2023-12-03T23:16:40.791+0000] {dag.py:3722} INFO - Setting next_dagrun for example_sensors to None, run_after=None
[2023-12-03T23:16:40.814+0000] {processor.py:179} INFO - Processing /home/ubuntu/redfin/lib/python3.10/site-packages/airflow/example_dags/example_sensors.py took 0.074 seconds
[2023-12-03T23:17:28.567+0000] {processor.py:157} INFO - Started process (PID=4383) to work on /home/ubuntu/redfin/lib/python3.10/site-packages/airflow/example_dags/example_sensors.py
[2023-12-03T23:17:28.568+0000] {processor.py:829} INFO - Processing file /home/ubuntu/redfin/lib/python3.10/site-packages/airflow/example_dags/example_sensors.py for tasks to queue
[2023-12-03T23:17:28.569+0000] {logging_mixin.py:154} INFO - [2023-12-03T23:17:28.569+0000] {dagbag.py:536} INFO - Filling up the DagBag from /home/ubuntu/redfin/lib/python3.10/site-packages/airflow/example_dags/example_sensors.py
[2023-12-03T23:17:28.580+0000] {processor.py:839} INFO - DAG(s) dict_keys(['example_sensors']) retrieved from /home/ubuntu/redfin/lib/python3.10/site-packages/airflow/example_dags/example_sensors.py
[2023-12-03T23:17:28.602+0000] {logging_mixin.py:154} INFO - [2023-12-03T23:17:28.602+0000] {dag.py:2941} INFO - Sync 1 DAGs
[2023-12-03T23:17:28.615+0000] {logging_mixin.py:154} INFO - [2023-12-03T23:17:28.615+0000] {dag.py:3722} INFO - Setting next_dagrun for example_sensors to None, run_after=None
[2023-12-03T23:17:28.637+0000] {processor.py:179} INFO - Processing /home/ubuntu/redfin/lib/python3.10/site-packages/airflow/example_dags/example_sensors.py took 0.075 seconds
[2023-12-03T23:18:12.962+0000] {processor.py:157} INFO - Started process (PID=4432) to work on /home/ubuntu/redfin/lib/python3.10/site-packages/airflow/example_dags/example_sensors.py
[2023-12-03T23:18:12.963+0000] {processor.py:829} INFO - Processing file /home/ubuntu/redfin/lib/python3.10/site-packages/airflow/example_dags/example_sensors.py for tasks to queue
[2023-12-03T23:18:12.964+0000] {logging_mixin.py:154} INFO - [2023-12-03T23:18:12.964+0000] {dagbag.py:536} INFO - Filling up the DagBag from /home/ubuntu/redfin/lib/python3.10/site-packages/airflow/example_dags/example_sensors.py
[2023-12-03T23:18:12.975+0000] {processor.py:839} INFO - DAG(s) dict_keys(['example_sensors']) retrieved from /home/ubuntu/redfin/lib/python3.10/site-packages/airflow/example_dags/example_sensors.py
[2023-12-03T23:18:12.999+0000] {logging_mixin.py:154} INFO - [2023-12-03T23:18:12.999+0000] {dag.py:2941} INFO - Sync 1 DAGs
[2023-12-03T23:18:13.012+0000] {logging_mixin.py:154} INFO - [2023-12-03T23:18:13.012+0000] {dag.py:3722} INFO - Setting next_dagrun for example_sensors to None, run_after=None
[2023-12-03T23:18:13.035+0000] {processor.py:179} INFO - Processing /home/ubuntu/redfin/lib/python3.10/site-packages/airflow/example_dags/example_sensors.py took 0.078 seconds
[2023-12-03T23:18:57.251+0000] {processor.py:157} INFO - Started process (PID=4483) to work on /home/ubuntu/redfin/lib/python3.10/site-packages/airflow/example_dags/example_sensors.py
[2023-12-03T23:18:57.253+0000] {processor.py:829} INFO - Processing file /home/ubuntu/redfin/lib/python3.10/site-packages/airflow/example_dags/example_sensors.py for tasks to queue
[2023-12-03T23:18:57.254+0000] {logging_mixin.py:154} INFO - [2023-12-03T23:18:57.253+0000] {dagbag.py:536} INFO - Filling up the DagBag from /home/ubuntu/redfin/lib/python3.10/site-packages/airflow/example_dags/example_sensors.py
[2023-12-03T23:18:57.265+0000] {processor.py:839} INFO - DAG(s) dict_keys(['example_sensors']) retrieved from /home/ubuntu/redfin/lib/python3.10/site-packages/airflow/example_dags/example_sensors.py
[2023-12-03T23:18:57.288+0000] {logging_mixin.py:154} INFO - [2023-12-03T23:18:57.288+0000] {dag.py:2941} INFO - Sync 1 DAGs
[2023-12-03T23:18:57.300+0000] {logging_mixin.py:154} INFO - [2023-12-03T23:18:57.300+0000] {dag.py:3722} INFO - Setting next_dagrun for example_sensors to None, run_after=None
[2023-12-03T23:18:57.323+0000] {processor.py:179} INFO - Processing /home/ubuntu/redfin/lib/python3.10/site-packages/airflow/example_dags/example_sensors.py took 0.075 seconds
[2023-12-03T23:19:40.558+0000] {processor.py:157} INFO - Started process (PID=4530) to work on /home/ubuntu/redfin/lib/python3.10/site-packages/airflow/example_dags/example_sensors.py
[2023-12-03T23:19:40.559+0000] {processor.py:829} INFO - Processing file /home/ubuntu/redfin/lib/python3.10/site-packages/airflow/example_dags/example_sensors.py for tasks to queue
[2023-12-03T23:19:40.560+0000] {logging_mixin.py:154} INFO - [2023-12-03T23:19:40.560+0000] {dagbag.py:536} INFO - Filling up the DagBag from /home/ubuntu/redfin/lib/python3.10/site-packages/airflow/example_dags/example_sensors.py
[2023-12-03T23:19:40.571+0000] {processor.py:839} INFO - DAG(s) dict_keys(['example_sensors']) retrieved from /home/ubuntu/redfin/lib/python3.10/site-packages/airflow/example_dags/example_sensors.py
[2023-12-03T23:19:40.594+0000] {logging_mixin.py:154} INFO - [2023-12-03T23:19:40.594+0000] {dag.py:2941} INFO - Sync 1 DAGs
[2023-12-03T23:19:40.607+0000] {logging_mixin.py:154} INFO - [2023-12-03T23:19:40.606+0000] {dag.py:3722} INFO - Setting next_dagrun for example_sensors to None, run_after=None
[2023-12-03T23:19:40.629+0000] {processor.py:179} INFO - Processing /home/ubuntu/redfin/lib/python3.10/site-packages/airflow/example_dags/example_sensors.py took 0.075 seconds
[2023-12-03T23:20:25.098+0000] {processor.py:157} INFO - Started process (PID=4579) to work on /home/ubuntu/redfin/lib/python3.10/site-packages/airflow/example_dags/example_sensors.py
[2023-12-03T23:20:25.100+0000] {processor.py:829} INFO - Processing file /home/ubuntu/redfin/lib/python3.10/site-packages/airflow/example_dags/example_sensors.py for tasks to queue
[2023-12-03T23:20:25.101+0000] {logging_mixin.py:154} INFO - [2023-12-03T23:20:25.100+0000] {dagbag.py:536} INFO - Filling up the DagBag from /home/ubuntu/redfin/lib/python3.10/site-packages/airflow/example_dags/example_sensors.py
[2023-12-03T23:20:25.112+0000] {processor.py:839} INFO - DAG(s) dict_keys(['example_sensors']) retrieved from /home/ubuntu/redfin/lib/python3.10/site-packages/airflow/example_dags/example_sensors.py
[2023-12-03T23:20:25.135+0000] {logging_mixin.py:154} INFO - [2023-12-03T23:20:25.135+0000] {dag.py:2941} INFO - Sync 1 DAGs
[2023-12-03T23:20:25.147+0000] {logging_mixin.py:154} INFO - [2023-12-03T23:20:25.147+0000] {dag.py:3722} INFO - Setting next_dagrun for example_sensors to None, run_after=None
[2023-12-03T23:20:25.171+0000] {processor.py:179} INFO - Processing /home/ubuntu/redfin/lib/python3.10/site-packages/airflow/example_dags/example_sensors.py took 0.076 seconds
[2023-12-03T23:21:08.244+0000] {processor.py:157} INFO - Started process (PID=4626) to work on /home/ubuntu/redfin/lib/python3.10/site-packages/airflow/example_dags/example_sensors.py
[2023-12-03T23:21:08.245+0000] {processor.py:829} INFO - Processing file /home/ubuntu/redfin/lib/python3.10/site-packages/airflow/example_dags/example_sensors.py for tasks to queue
[2023-12-03T23:21:08.246+0000] {logging_mixin.py:154} INFO - [2023-12-03T23:21:08.246+0000] {dagbag.py:536} INFO - Filling up the DagBag from /home/ubuntu/redfin/lib/python3.10/site-packages/airflow/example_dags/example_sensors.py
[2023-12-03T23:21:08.257+0000] {processor.py:839} INFO - DAG(s) dict_keys(['example_sensors']) retrieved from /home/ubuntu/redfin/lib/python3.10/site-packages/airflow/example_dags/example_sensors.py
[2023-12-03T23:21:08.280+0000] {logging_mixin.py:154} INFO - [2023-12-03T23:21:08.280+0000] {dag.py:2941} INFO - Sync 1 DAGs
[2023-12-03T23:21:08.294+0000] {logging_mixin.py:154} INFO - [2023-12-03T23:21:08.293+0000] {dag.py:3722} INFO - Setting next_dagrun for example_sensors to None, run_after=None
[2023-12-03T23:21:08.319+0000] {processor.py:179} INFO - Processing /home/ubuntu/redfin/lib/python3.10/site-packages/airflow/example_dags/example_sensors.py took 0.079 seconds
[2023-12-03T23:21:58.339+0000] {processor.py:157} INFO - Started process (PID=4681) to work on /home/ubuntu/redfin/lib/python3.10/site-packages/airflow/example_dags/example_sensors.py
[2023-12-03T23:21:58.341+0000] {processor.py:829} INFO - Processing file /home/ubuntu/redfin/lib/python3.10/site-packages/airflow/example_dags/example_sensors.py for tasks to queue
[2023-12-03T23:21:58.342+0000] {logging_mixin.py:154} INFO - [2023-12-03T23:21:58.341+0000] {dagbag.py:536} INFO - Filling up the DagBag from /home/ubuntu/redfin/lib/python3.10/site-packages/airflow/example_dags/example_sensors.py
[2023-12-03T23:21:58.353+0000] {processor.py:839} INFO - DAG(s) dict_keys(['example_sensors']) retrieved from /home/ubuntu/redfin/lib/python3.10/site-packages/airflow/example_dags/example_sensors.py
[2023-12-03T23:21:58.376+0000] {logging_mixin.py:154} INFO - [2023-12-03T23:21:58.376+0000] {dag.py:2941} INFO - Sync 1 DAGs
[2023-12-03T23:21:58.389+0000] {logging_mixin.py:154} INFO - [2023-12-03T23:21:58.389+0000] {dag.py:3722} INFO - Setting next_dagrun for example_sensors to None, run_after=None
[2023-12-03T23:21:58.413+0000] {processor.py:179} INFO - Processing /home/ubuntu/redfin/lib/python3.10/site-packages/airflow/example_dags/example_sensors.py took 0.078 seconds
[2023-12-03T23:22:45.156+0000] {processor.py:157} INFO - Started process (PID=4734) to work on /home/ubuntu/redfin/lib/python3.10/site-packages/airflow/example_dags/example_sensors.py
[2023-12-03T23:22:45.158+0000] {processor.py:829} INFO - Processing file /home/ubuntu/redfin/lib/python3.10/site-packages/airflow/example_dags/example_sensors.py for tasks to queue
[2023-12-03T23:22:45.159+0000] {logging_mixin.py:154} INFO - [2023-12-03T23:22:45.158+0000] {dagbag.py:536} INFO - Filling up the DagBag from /home/ubuntu/redfin/lib/python3.10/site-packages/airflow/example_dags/example_sensors.py
[2023-12-03T23:22:45.170+0000] {processor.py:839} INFO - DAG(s) dict_keys(['example_sensors']) retrieved from /home/ubuntu/redfin/lib/python3.10/site-packages/airflow/example_dags/example_sensors.py
[2023-12-03T23:22:45.193+0000] {logging_mixin.py:154} INFO - [2023-12-03T23:22:45.192+0000] {dag.py:2941} INFO - Sync 1 DAGs
[2023-12-03T23:22:45.206+0000] {logging_mixin.py:154} INFO - [2023-12-03T23:22:45.206+0000] {dag.py:3722} INFO - Setting next_dagrun for example_sensors to None, run_after=None
[2023-12-03T23:22:45.229+0000] {processor.py:179} INFO - Processing /home/ubuntu/redfin/lib/python3.10/site-packages/airflow/example_dags/example_sensors.py took 0.077 seconds
[2023-12-03T23:23:31.125+0000] {processor.py:157} INFO - Started process (PID=4784) to work on /home/ubuntu/redfin/lib/python3.10/site-packages/airflow/example_dags/example_sensors.py
[2023-12-03T23:23:31.126+0000] {processor.py:829} INFO - Processing file /home/ubuntu/redfin/lib/python3.10/site-packages/airflow/example_dags/example_sensors.py for tasks to queue
[2023-12-03T23:23:31.127+0000] {logging_mixin.py:154} INFO - [2023-12-03T23:23:31.127+0000] {dagbag.py:536} INFO - Filling up the DagBag from /home/ubuntu/redfin/lib/python3.10/site-packages/airflow/example_dags/example_sensors.py
[2023-12-03T23:23:31.138+0000] {processor.py:839} INFO - DAG(s) dict_keys(['example_sensors']) retrieved from /home/ubuntu/redfin/lib/python3.10/site-packages/airflow/example_dags/example_sensors.py
[2023-12-03T23:23:31.160+0000] {logging_mixin.py:154} INFO - [2023-12-03T23:23:31.160+0000] {dag.py:2941} INFO - Sync 1 DAGs
[2023-12-03T23:23:31.172+0000] {logging_mixin.py:154} INFO - [2023-12-03T23:23:31.172+0000] {dag.py:3722} INFO - Setting next_dagrun for example_sensors to None, run_after=None
[2023-12-03T23:23:31.195+0000] {processor.py:179} INFO - Processing /home/ubuntu/redfin/lib/python3.10/site-packages/airflow/example_dags/example_sensors.py took 0.074 seconds
[2023-12-03T23:24:19.262+0000] {processor.py:157} INFO - Started process (PID=4838) to work on /home/ubuntu/redfin/lib/python3.10/site-packages/airflow/example_dags/example_sensors.py
[2023-12-03T23:24:19.264+0000] {processor.py:829} INFO - Processing file /home/ubuntu/redfin/lib/python3.10/site-packages/airflow/example_dags/example_sensors.py for tasks to queue
[2023-12-03T23:24:19.265+0000] {logging_mixin.py:154} INFO - [2023-12-03T23:24:19.264+0000] {dagbag.py:536} INFO - Filling up the DagBag from /home/ubuntu/redfin/lib/python3.10/site-packages/airflow/example_dags/example_sensors.py
[2023-12-03T23:24:19.275+0000] {processor.py:839} INFO - DAG(s) dict_keys(['example_sensors']) retrieved from /home/ubuntu/redfin/lib/python3.10/site-packages/airflow/example_dags/example_sensors.py
[2023-12-03T23:24:19.297+0000] {logging_mixin.py:154} INFO - [2023-12-03T23:24:19.297+0000] {dag.py:2941} INFO - Sync 1 DAGs
[2023-12-03T23:24:19.310+0000] {logging_mixin.py:154} INFO - [2023-12-03T23:24:19.310+0000] {dag.py:3722} INFO - Setting next_dagrun for example_sensors to None, run_after=None
[2023-12-03T23:24:19.332+0000] {processor.py:179} INFO - Processing /home/ubuntu/redfin/lib/python3.10/site-packages/airflow/example_dags/example_sensors.py took 0.074 seconds
[2023-12-03T23:25:06.760+0000] {processor.py:157} INFO - Started process (PID=4888) to work on /home/ubuntu/redfin/lib/python3.10/site-packages/airflow/example_dags/example_sensors.py
[2023-12-03T23:25:06.762+0000] {processor.py:829} INFO - Processing file /home/ubuntu/redfin/lib/python3.10/site-packages/airflow/example_dags/example_sensors.py for tasks to queue
[2023-12-03T23:25:06.763+0000] {logging_mixin.py:154} INFO - [2023-12-03T23:25:06.762+0000] {dagbag.py:536} INFO - Filling up the DagBag from /home/ubuntu/redfin/lib/python3.10/site-packages/airflow/example_dags/example_sensors.py
[2023-12-03T23:25:06.773+0000] {processor.py:839} INFO - DAG(s) dict_keys(['example_sensors']) retrieved from /home/ubuntu/redfin/lib/python3.10/site-packages/airflow/example_dags/example_sensors.py
[2023-12-03T23:25:06.796+0000] {logging_mixin.py:154} INFO - [2023-12-03T23:25:06.796+0000] {dag.py:2941} INFO - Sync 1 DAGs
[2023-12-03T23:25:06.808+0000] {logging_mixin.py:154} INFO - [2023-12-03T23:25:06.808+0000] {dag.py:3722} INFO - Setting next_dagrun for example_sensors to None, run_after=None
[2023-12-03T23:25:06.831+0000] {processor.py:179} INFO - Processing /home/ubuntu/redfin/lib/python3.10/site-packages/airflow/example_dags/example_sensors.py took 0.074 seconds
[2023-12-03T23:25:55.056+0000] {processor.py:157} INFO - Started process (PID=4943) to work on /home/ubuntu/redfin/lib/python3.10/site-packages/airflow/example_dags/example_sensors.py
[2023-12-03T23:25:55.058+0000] {processor.py:829} INFO - Processing file /home/ubuntu/redfin/lib/python3.10/site-packages/airflow/example_dags/example_sensors.py for tasks to queue
[2023-12-03T23:25:55.059+0000] {logging_mixin.py:154} INFO - [2023-12-03T23:25:55.058+0000] {dagbag.py:536} INFO - Filling up the DagBag from /home/ubuntu/redfin/lib/python3.10/site-packages/airflow/example_dags/example_sensors.py
[2023-12-03T23:25:55.069+0000] {processor.py:839} INFO - DAG(s) dict_keys(['example_sensors']) retrieved from /home/ubuntu/redfin/lib/python3.10/site-packages/airflow/example_dags/example_sensors.py
[2023-12-03T23:25:55.092+0000] {logging_mixin.py:154} INFO - [2023-12-03T23:25:55.091+0000] {dag.py:2941} INFO - Sync 1 DAGs
[2023-12-03T23:25:55.104+0000] {logging_mixin.py:154} INFO - [2023-12-03T23:25:55.104+0000] {dag.py:3722} INFO - Setting next_dagrun for example_sensors to None, run_after=None
[2023-12-03T23:25:55.126+0000] {processor.py:179} INFO - Processing /home/ubuntu/redfin/lib/python3.10/site-packages/airflow/example_dags/example_sensors.py took 0.074 seconds
[2023-12-03T23:26:42.975+0000] {processor.py:157} INFO - Started process (PID=4995) to work on /home/ubuntu/redfin/lib/python3.10/site-packages/airflow/example_dags/example_sensors.py
[2023-12-03T23:26:42.976+0000] {processor.py:829} INFO - Processing file /home/ubuntu/redfin/lib/python3.10/site-packages/airflow/example_dags/example_sensors.py for tasks to queue
[2023-12-03T23:26:42.977+0000] {logging_mixin.py:154} INFO - [2023-12-03T23:26:42.977+0000] {dagbag.py:536} INFO - Filling up the DagBag from /home/ubuntu/redfin/lib/python3.10/site-packages/airflow/example_dags/example_sensors.py
[2023-12-03T23:26:42.988+0000] {processor.py:839} INFO - DAG(s) dict_keys(['example_sensors']) retrieved from /home/ubuntu/redfin/lib/python3.10/site-packages/airflow/example_dags/example_sensors.py
[2023-12-03T23:26:43.010+0000] {logging_mixin.py:154} INFO - [2023-12-03T23:26:43.010+0000] {dag.py:2941} INFO - Sync 1 DAGs
[2023-12-03T23:26:43.023+0000] {logging_mixin.py:154} INFO - [2023-12-03T23:26:43.023+0000] {dag.py:3722} INFO - Setting next_dagrun for example_sensors to None, run_after=None
[2023-12-03T23:26:43.045+0000] {processor.py:179} INFO - Processing /home/ubuntu/redfin/lib/python3.10/site-packages/airflow/example_dags/example_sensors.py took 0.074 seconds
[2023-12-03T23:27:25.485+0000] {processor.py:157} INFO - Started process (PID=5044) to work on /home/ubuntu/redfin/lib/python3.10/site-packages/airflow/example_dags/example_sensors.py
[2023-12-03T23:27:25.487+0000] {processor.py:829} INFO - Processing file /home/ubuntu/redfin/lib/python3.10/site-packages/airflow/example_dags/example_sensors.py for tasks to queue
[2023-12-03T23:27:25.488+0000] {logging_mixin.py:154} INFO - [2023-12-03T23:27:25.487+0000] {dagbag.py:536} INFO - Filling up the DagBag from /home/ubuntu/redfin/lib/python3.10/site-packages/airflow/example_dags/example_sensors.py
[2023-12-03T23:27:25.498+0000] {processor.py:839} INFO - DAG(s) dict_keys(['example_sensors']) retrieved from /home/ubuntu/redfin/lib/python3.10/site-packages/airflow/example_dags/example_sensors.py
[2023-12-03T23:27:25.521+0000] {logging_mixin.py:154} INFO - [2023-12-03T23:27:25.521+0000] {dag.py:2941} INFO - Sync 1 DAGs
[2023-12-03T23:27:25.534+0000] {logging_mixin.py:154} INFO - [2023-12-03T23:27:25.534+0000] {dag.py:3722} INFO - Setting next_dagrun for example_sensors to None, run_after=None
[2023-12-03T23:27:25.556+0000] {processor.py:179} INFO - Processing /home/ubuntu/redfin/lib/python3.10/site-packages/airflow/example_dags/example_sensors.py took 0.074 seconds
[2023-12-03T23:28:08.000+0000] {processor.py:157} INFO - Started process (PID=5091) to work on /home/ubuntu/redfin/lib/python3.10/site-packages/airflow/example_dags/example_sensors.py
[2023-12-03T23:28:08.001+0000] {processor.py:829} INFO - Processing file /home/ubuntu/redfin/lib/python3.10/site-packages/airflow/example_dags/example_sensors.py for tasks to queue
[2023-12-03T23:28:08.002+0000] {logging_mixin.py:154} INFO - [2023-12-03T23:28:08.002+0000] {dagbag.py:536} INFO - Filling up the DagBag from /home/ubuntu/redfin/lib/python3.10/site-packages/airflow/example_dags/example_sensors.py
[2023-12-03T23:28:08.012+0000] {processor.py:839} INFO - DAG(s) dict_keys(['example_sensors']) retrieved from /home/ubuntu/redfin/lib/python3.10/site-packages/airflow/example_dags/example_sensors.py
[2023-12-03T23:28:08.034+0000] {logging_mixin.py:154} INFO - [2023-12-03T23:28:08.034+0000] {dag.py:2941} INFO - Sync 1 DAGs
[2023-12-03T23:28:08.046+0000] {logging_mixin.py:154} INFO - [2023-12-03T23:28:08.046+0000] {dag.py:3722} INFO - Setting next_dagrun for example_sensors to None, run_after=None
[2023-12-03T23:28:08.070+0000] {processor.py:179} INFO - Processing /home/ubuntu/redfin/lib/python3.10/site-packages/airflow/example_dags/example_sensors.py took 0.074 seconds
[2023-12-03T23:28:56.965+0000] {processor.py:157} INFO - Started process (PID=5142) to work on /home/ubuntu/redfin/lib/python3.10/site-packages/airflow/example_dags/example_sensors.py
[2023-12-03T23:28:56.967+0000] {processor.py:829} INFO - Processing file /home/ubuntu/redfin/lib/python3.10/site-packages/airflow/example_dags/example_sensors.py for tasks to queue
[2023-12-03T23:28:56.968+0000] {logging_mixin.py:154} INFO - [2023-12-03T23:28:56.967+0000] {dagbag.py:536} INFO - Filling up the DagBag from /home/ubuntu/redfin/lib/python3.10/site-packages/airflow/example_dags/example_sensors.py
[2023-12-03T23:28:56.978+0000] {processor.py:839} INFO - DAG(s) dict_keys(['example_sensors']) retrieved from /home/ubuntu/redfin/lib/python3.10/site-packages/airflow/example_dags/example_sensors.py
[2023-12-03T23:28:57.000+0000] {logging_mixin.py:154} INFO - [2023-12-03T23:28:57.000+0000] {dag.py:2941} INFO - Sync 1 DAGs
[2023-12-03T23:28:57.013+0000] {logging_mixin.py:154} INFO - [2023-12-03T23:28:57.013+0000] {dag.py:3722} INFO - Setting next_dagrun for example_sensors to None, run_after=None
[2023-12-03T23:28:57.035+0000] {processor.py:179} INFO - Processing /home/ubuntu/redfin/lib/python3.10/site-packages/airflow/example_dags/example_sensors.py took 0.074 seconds
[2023-12-03T23:29:44.837+0000] {processor.py:157} INFO - Started process (PID=5195) to work on /home/ubuntu/redfin/lib/python3.10/site-packages/airflow/example_dags/example_sensors.py
[2023-12-03T23:29:44.839+0000] {processor.py:829} INFO - Processing file /home/ubuntu/redfin/lib/python3.10/site-packages/airflow/example_dags/example_sensors.py for tasks to queue
[2023-12-03T23:29:44.840+0000] {logging_mixin.py:154} INFO - [2023-12-03T23:29:44.839+0000] {dagbag.py:536} INFO - Filling up the DagBag from /home/ubuntu/redfin/lib/python3.10/site-packages/airflow/example_dags/example_sensors.py
[2023-12-03T23:29:44.850+0000] {processor.py:839} INFO - DAG(s) dict_keys(['example_sensors']) retrieved from /home/ubuntu/redfin/lib/python3.10/site-packages/airflow/example_dags/example_sensors.py
[2023-12-03T23:29:44.873+0000] {logging_mixin.py:154} INFO - [2023-12-03T23:29:44.873+0000] {dag.py:2941} INFO - Sync 1 DAGs
[2023-12-03T23:29:44.888+0000] {logging_mixin.py:154} INFO - [2023-12-03T23:29:44.887+0000] {dag.py:3722} INFO - Setting next_dagrun for example_sensors to None, run_after=None
[2023-12-03T23:29:44.913+0000] {processor.py:179} INFO - Processing /home/ubuntu/redfin/lib/python3.10/site-packages/airflow/example_dags/example_sensors.py took 0.079 seconds
[2023-12-03T23:30:33.422+0000] {processor.py:157} INFO - Started process (PID=5249) to work on /home/ubuntu/redfin/lib/python3.10/site-packages/airflow/example_dags/example_sensors.py
[2023-12-03T23:30:33.424+0000] {processor.py:829} INFO - Processing file /home/ubuntu/redfin/lib/python3.10/site-packages/airflow/example_dags/example_sensors.py for tasks to queue
[2023-12-03T23:30:33.425+0000] {logging_mixin.py:154} INFO - [2023-12-03T23:30:33.424+0000] {dagbag.py:536} INFO - Filling up the DagBag from /home/ubuntu/redfin/lib/python3.10/site-packages/airflow/example_dags/example_sensors.py
[2023-12-03T23:30:33.435+0000] {processor.py:839} INFO - DAG(s) dict_keys(['example_sensors']) retrieved from /home/ubuntu/redfin/lib/python3.10/site-packages/airflow/example_dags/example_sensors.py
[2023-12-03T23:30:33.458+0000] {logging_mixin.py:154} INFO - [2023-12-03T23:30:33.458+0000] {dag.py:2941} INFO - Sync 1 DAGs
[2023-12-03T23:30:33.471+0000] {logging_mixin.py:154} INFO - [2023-12-03T23:30:33.471+0000] {dag.py:3722} INFO - Setting next_dagrun for example_sensors to None, run_after=None
[2023-12-03T23:30:33.493+0000] {processor.py:179} INFO - Processing /home/ubuntu/redfin/lib/python3.10/site-packages/airflow/example_dags/example_sensors.py took 0.074 seconds
[2023-12-03T23:31:17.852+0000] {processor.py:157} INFO - Started process (PID=5298) to work on /home/ubuntu/redfin/lib/python3.10/site-packages/airflow/example_dags/example_sensors.py
[2023-12-03T23:31:17.853+0000] {processor.py:829} INFO - Processing file /home/ubuntu/redfin/lib/python3.10/site-packages/airflow/example_dags/example_sensors.py for tasks to queue
[2023-12-03T23:31:17.854+0000] {logging_mixin.py:154} INFO - [2023-12-03T23:31:17.854+0000] {dagbag.py:536} INFO - Filling up the DagBag from /home/ubuntu/redfin/lib/python3.10/site-packages/airflow/example_dags/example_sensors.py
[2023-12-03T23:31:17.865+0000] {processor.py:839} INFO - DAG(s) dict_keys(['example_sensors']) retrieved from /home/ubuntu/redfin/lib/python3.10/site-packages/airflow/example_dags/example_sensors.py
[2023-12-03T23:31:17.889+0000] {logging_mixin.py:154} INFO - [2023-12-03T23:31:17.889+0000] {dag.py:2941} INFO - Sync 1 DAGs
[2023-12-03T23:31:17.903+0000] {logging_mixin.py:154} INFO - [2023-12-03T23:31:17.903+0000] {dag.py:3722} INFO - Setting next_dagrun for example_sensors to None, run_after=None
[2023-12-03T23:31:17.926+0000] {processor.py:179} INFO - Processing /home/ubuntu/redfin/lib/python3.10/site-packages/airflow/example_dags/example_sensors.py took 0.078 seconds
[2023-12-03T23:32:05.977+0000] {processor.py:157} INFO - Started process (PID=5350) to work on /home/ubuntu/redfin/lib/python3.10/site-packages/airflow/example_dags/example_sensors.py
[2023-12-03T23:32:05.978+0000] {processor.py:829} INFO - Processing file /home/ubuntu/redfin/lib/python3.10/site-packages/airflow/example_dags/example_sensors.py for tasks to queue
[2023-12-03T23:32:05.979+0000] {logging_mixin.py:154} INFO - [2023-12-03T23:32:05.979+0000] {dagbag.py:536} INFO - Filling up the DagBag from /home/ubuntu/redfin/lib/python3.10/site-packages/airflow/example_dags/example_sensors.py
[2023-12-03T23:32:05.990+0000] {processor.py:839} INFO - DAG(s) dict_keys(['example_sensors']) retrieved from /home/ubuntu/redfin/lib/python3.10/site-packages/airflow/example_dags/example_sensors.py
[2023-12-03T23:32:06.013+0000] {logging_mixin.py:154} INFO - [2023-12-03T23:32:06.013+0000] {dag.py:2941} INFO - Sync 1 DAGs
[2023-12-03T23:32:06.025+0000] {logging_mixin.py:154} INFO - [2023-12-03T23:32:06.025+0000] {dag.py:3722} INFO - Setting next_dagrun for example_sensors to None, run_after=None
[2023-12-03T23:32:06.047+0000] {processor.py:179} INFO - Processing /home/ubuntu/redfin/lib/python3.10/site-packages/airflow/example_dags/example_sensors.py took 0.074 seconds
[2023-12-03T23:32:49.895+0000] {processor.py:157} INFO - Started process (PID=5399) to work on /home/ubuntu/redfin/lib/python3.10/site-packages/airflow/example_dags/example_sensors.py
[2023-12-03T23:32:49.896+0000] {processor.py:829} INFO - Processing file /home/ubuntu/redfin/lib/python3.10/site-packages/airflow/example_dags/example_sensors.py for tasks to queue
[2023-12-03T23:32:49.897+0000] {logging_mixin.py:154} INFO - [2023-12-03T23:32:49.897+0000] {dagbag.py:536} INFO - Filling up the DagBag from /home/ubuntu/redfin/lib/python3.10/site-packages/airflow/example_dags/example_sensors.py
[2023-12-03T23:32:49.907+0000] {processor.py:839} INFO - DAG(s) dict_keys(['example_sensors']) retrieved from /home/ubuntu/redfin/lib/python3.10/site-packages/airflow/example_dags/example_sensors.py
[2023-12-03T23:32:49.930+0000] {logging_mixin.py:154} INFO - [2023-12-03T23:32:49.929+0000] {dag.py:2941} INFO - Sync 1 DAGs
[2023-12-03T23:32:49.942+0000] {logging_mixin.py:154} INFO - [2023-12-03T23:32:49.942+0000] {dag.py:3722} INFO - Setting next_dagrun for example_sensors to None, run_after=None
[2023-12-03T23:32:49.964+0000] {processor.py:179} INFO - Processing /home/ubuntu/redfin/lib/python3.10/site-packages/airflow/example_dags/example_sensors.py took 0.073 seconds
[2023-12-03T23:33:36.266+0000] {processor.py:157} INFO - Started process (PID=5448) to work on /home/ubuntu/redfin/lib/python3.10/site-packages/airflow/example_dags/example_sensors.py
[2023-12-03T23:33:36.267+0000] {processor.py:829} INFO - Processing file /home/ubuntu/redfin/lib/python3.10/site-packages/airflow/example_dags/example_sensors.py for tasks to queue
[2023-12-03T23:33:36.268+0000] {logging_mixin.py:154} INFO - [2023-12-03T23:33:36.268+0000] {dagbag.py:536} INFO - Filling up the DagBag from /home/ubuntu/redfin/lib/python3.10/site-packages/airflow/example_dags/example_sensors.py
[2023-12-03T23:33:36.279+0000] {processor.py:839} INFO - DAG(s) dict_keys(['example_sensors']) retrieved from /home/ubuntu/redfin/lib/python3.10/site-packages/airflow/example_dags/example_sensors.py
[2023-12-03T23:33:36.302+0000] {logging_mixin.py:154} INFO - [2023-12-03T23:33:36.302+0000] {dag.py:2941} INFO - Sync 1 DAGs
[2023-12-03T23:33:36.315+0000] {logging_mixin.py:154} INFO - [2023-12-03T23:33:36.315+0000] {dag.py:3722} INFO - Setting next_dagrun for example_sensors to None, run_after=None
[2023-12-03T23:33:36.339+0000] {processor.py:179} INFO - Processing /home/ubuntu/redfin/lib/python3.10/site-packages/airflow/example_dags/example_sensors.py took 0.077 seconds
[2023-12-03T23:34:22.330+0000] {processor.py:157} INFO - Started process (PID=5501) to work on /home/ubuntu/redfin/lib/python3.10/site-packages/airflow/example_dags/example_sensors.py
[2023-12-03T23:34:22.332+0000] {processor.py:829} INFO - Processing file /home/ubuntu/redfin/lib/python3.10/site-packages/airflow/example_dags/example_sensors.py for tasks to queue
[2023-12-03T23:34:22.333+0000] {logging_mixin.py:154} INFO - [2023-12-03T23:34:22.332+0000] {dagbag.py:536} INFO - Filling up the DagBag from /home/ubuntu/redfin/lib/python3.10/site-packages/airflow/example_dags/example_sensors.py
[2023-12-03T23:34:22.343+0000] {processor.py:839} INFO - DAG(s) dict_keys(['example_sensors']) retrieved from /home/ubuntu/redfin/lib/python3.10/site-packages/airflow/example_dags/example_sensors.py
[2023-12-03T23:34:22.367+0000] {logging_mixin.py:154} INFO - [2023-12-03T23:34:22.366+0000] {dag.py:2941} INFO - Sync 1 DAGs
[2023-12-03T23:34:22.379+0000] {logging_mixin.py:154} INFO - [2023-12-03T23:34:22.379+0000] {dag.py:3722} INFO - Setting next_dagrun for example_sensors to None, run_after=None
[2023-12-03T23:34:22.401+0000] {processor.py:179} INFO - Processing /home/ubuntu/redfin/lib/python3.10/site-packages/airflow/example_dags/example_sensors.py took 0.075 seconds
[2023-12-03T23:35:11.752+0000] {processor.py:157} INFO - Started process (PID=5553) to work on /home/ubuntu/redfin/lib/python3.10/site-packages/airflow/example_dags/example_sensors.py
[2023-12-03T23:35:11.753+0000] {processor.py:829} INFO - Processing file /home/ubuntu/redfin/lib/python3.10/site-packages/airflow/example_dags/example_sensors.py for tasks to queue
[2023-12-03T23:35:11.754+0000] {logging_mixin.py:154} INFO - [2023-12-03T23:35:11.754+0000] {dagbag.py:536} INFO - Filling up the DagBag from /home/ubuntu/redfin/lib/python3.10/site-packages/airflow/example_dags/example_sensors.py
[2023-12-03T23:35:11.765+0000] {processor.py:839} INFO - DAG(s) dict_keys(['example_sensors']) retrieved from /home/ubuntu/redfin/lib/python3.10/site-packages/airflow/example_dags/example_sensors.py
[2023-12-03T23:35:11.788+0000] {logging_mixin.py:154} INFO - [2023-12-03T23:35:11.788+0000] {dag.py:2941} INFO - Sync 1 DAGs
[2023-12-03T23:35:11.801+0000] {logging_mixin.py:154} INFO - [2023-12-03T23:35:11.801+0000] {dag.py:3722} INFO - Setting next_dagrun for example_sensors to None, run_after=None
[2023-12-03T23:35:11.824+0000] {processor.py:179} INFO - Processing /home/ubuntu/redfin/lib/python3.10/site-packages/airflow/example_dags/example_sensors.py took 0.076 seconds
[2023-12-03T23:36:00.553+0000] {processor.py:157} INFO - Started process (PID=5608) to work on /home/ubuntu/redfin/lib/python3.10/site-packages/airflow/example_dags/example_sensors.py
[2023-12-03T23:36:00.555+0000] {processor.py:829} INFO - Processing file /home/ubuntu/redfin/lib/python3.10/site-packages/airflow/example_dags/example_sensors.py for tasks to queue
[2023-12-03T23:36:00.556+0000] {logging_mixin.py:154} INFO - [2023-12-03T23:36:00.555+0000] {dagbag.py:536} INFO - Filling up the DagBag from /home/ubuntu/redfin/lib/python3.10/site-packages/airflow/example_dags/example_sensors.py
[2023-12-03T23:36:00.567+0000] {processor.py:839} INFO - DAG(s) dict_keys(['example_sensors']) retrieved from /home/ubuntu/redfin/lib/python3.10/site-packages/airflow/example_dags/example_sensors.py
[2023-12-03T23:36:00.590+0000] {logging_mixin.py:154} INFO - [2023-12-03T23:36:00.590+0000] {dag.py:2941} INFO - Sync 1 DAGs
[2023-12-03T23:36:00.604+0000] {logging_mixin.py:154} INFO - [2023-12-03T23:36:00.603+0000] {dag.py:3722} INFO - Setting next_dagrun for example_sensors to None, run_after=None
[2023-12-03T23:36:00.629+0000] {processor.py:179} INFO - Processing /home/ubuntu/redfin/lib/python3.10/site-packages/airflow/example_dags/example_sensors.py took 0.080 seconds
[2023-12-03T23:36:51.947+0000] {processor.py:157} INFO - Started process (PID=5662) to work on /home/ubuntu/redfin/lib/python3.10/site-packages/airflow/example_dags/example_sensors.py
[2023-12-03T23:36:51.948+0000] {processor.py:829} INFO - Processing file /home/ubuntu/redfin/lib/python3.10/site-packages/airflow/example_dags/example_sensors.py for tasks to queue
[2023-12-03T23:36:51.949+0000] {logging_mixin.py:154} INFO - [2023-12-03T23:36:51.949+0000] {dagbag.py:536} INFO - Filling up the DagBag from /home/ubuntu/redfin/lib/python3.10/site-packages/airflow/example_dags/example_sensors.py
[2023-12-03T23:36:51.960+0000] {processor.py:839} INFO - DAG(s) dict_keys(['example_sensors']) retrieved from /home/ubuntu/redfin/lib/python3.10/site-packages/airflow/example_dags/example_sensors.py
[2023-12-03T23:36:51.984+0000] {logging_mixin.py:154} INFO - [2023-12-03T23:36:51.983+0000] {dag.py:2941} INFO - Sync 1 DAGs
[2023-12-03T23:36:51.997+0000] {logging_mixin.py:154} INFO - [2023-12-03T23:36:51.997+0000] {dag.py:3722} INFO - Setting next_dagrun for example_sensors to None, run_after=None
[2023-12-03T23:36:52.020+0000] {processor.py:179} INFO - Processing /home/ubuntu/redfin/lib/python3.10/site-packages/airflow/example_dags/example_sensors.py took 0.077 seconds
[2023-12-03T23:37:38.969+0000] {processor.py:157} INFO - Started process (PID=5716) to work on /home/ubuntu/redfin/lib/python3.10/site-packages/airflow/example_dags/example_sensors.py
[2023-12-03T23:37:38.971+0000] {processor.py:829} INFO - Processing file /home/ubuntu/redfin/lib/python3.10/site-packages/airflow/example_dags/example_sensors.py for tasks to queue
[2023-12-03T23:37:38.971+0000] {logging_mixin.py:154} INFO - [2023-12-03T23:37:38.971+0000] {dagbag.py:536} INFO - Filling up the DagBag from /home/ubuntu/redfin/lib/python3.10/site-packages/airflow/example_dags/example_sensors.py
[2023-12-03T23:37:38.983+0000] {processor.py:839} INFO - DAG(s) dict_keys(['example_sensors']) retrieved from /home/ubuntu/redfin/lib/python3.10/site-packages/airflow/example_dags/example_sensors.py
[2023-12-03T23:37:39.005+0000] {logging_mixin.py:154} INFO - [2023-12-03T23:37:39.005+0000] {dag.py:2941} INFO - Sync 1 DAGs
[2023-12-03T23:37:39.018+0000] {logging_mixin.py:154} INFO - [2023-12-03T23:37:39.018+0000] {dag.py:3722} INFO - Setting next_dagrun for example_sensors to None, run_after=None
[2023-12-03T23:37:39.041+0000] {processor.py:179} INFO - Processing /home/ubuntu/redfin/lib/python3.10/site-packages/airflow/example_dags/example_sensors.py took 0.075 seconds
[2023-12-03T23:38:24.473+0000] {processor.py:157} INFO - Started process (PID=5765) to work on /home/ubuntu/redfin/lib/python3.10/site-packages/airflow/example_dags/example_sensors.py
[2023-12-03T23:38:24.475+0000] {processor.py:829} INFO - Processing file /home/ubuntu/redfin/lib/python3.10/site-packages/airflow/example_dags/example_sensors.py for tasks to queue
[2023-12-03T23:38:24.476+0000] {logging_mixin.py:154} INFO - [2023-12-03T23:38:24.475+0000] {dagbag.py:536} INFO - Filling up the DagBag from /home/ubuntu/redfin/lib/python3.10/site-packages/airflow/example_dags/example_sensors.py
[2023-12-03T23:38:24.486+0000] {processor.py:839} INFO - DAG(s) dict_keys(['example_sensors']) retrieved from /home/ubuntu/redfin/lib/python3.10/site-packages/airflow/example_dags/example_sensors.py
[2023-12-03T23:38:24.509+0000] {logging_mixin.py:154} INFO - [2023-12-03T23:38:24.508+0000] {dag.py:2941} INFO - Sync 1 DAGs
[2023-12-03T23:38:24.521+0000] {logging_mixin.py:154} INFO - [2023-12-03T23:38:24.521+0000] {dag.py:3722} INFO - Setting next_dagrun for example_sensors to None, run_after=None
[2023-12-03T23:38:24.543+0000] {processor.py:179} INFO - Processing /home/ubuntu/redfin/lib/python3.10/site-packages/airflow/example_dags/example_sensors.py took 0.074 seconds
[2023-12-03T23:39:11.263+0000] {processor.py:157} INFO - Started process (PID=5816) to work on /home/ubuntu/redfin/lib/python3.10/site-packages/airflow/example_dags/example_sensors.py
[2023-12-03T23:39:11.265+0000] {processor.py:829} INFO - Processing file /home/ubuntu/redfin/lib/python3.10/site-packages/airflow/example_dags/example_sensors.py for tasks to queue
[2023-12-03T23:39:11.266+0000] {logging_mixin.py:154} INFO - [2023-12-03T23:39:11.265+0000] {dagbag.py:536} INFO - Filling up the DagBag from /home/ubuntu/redfin/lib/python3.10/site-packages/airflow/example_dags/example_sensors.py
[2023-12-03T23:39:11.277+0000] {processor.py:839} INFO - DAG(s) dict_keys(['example_sensors']) retrieved from /home/ubuntu/redfin/lib/python3.10/site-packages/airflow/example_dags/example_sensors.py
[2023-12-03T23:39:11.300+0000] {logging_mixin.py:154} INFO - [2023-12-03T23:39:11.300+0000] {dag.py:2941} INFO - Sync 1 DAGs
[2023-12-03T23:39:11.313+0000] {logging_mixin.py:154} INFO - [2023-12-03T23:39:11.313+0000] {dag.py:3722} INFO - Setting next_dagrun for example_sensors to None, run_after=None
[2023-12-03T23:39:11.337+0000] {processor.py:179} INFO - Processing /home/ubuntu/redfin/lib/python3.10/site-packages/airflow/example_dags/example_sensors.py took 0.077 seconds
[2023-12-03T23:39:57.513+0000] {processor.py:157} INFO - Started process (PID=5866) to work on /home/ubuntu/redfin/lib/python3.10/site-packages/airflow/example_dags/example_sensors.py
[2023-12-03T23:39:57.514+0000] {processor.py:829} INFO - Processing file /home/ubuntu/redfin/lib/python3.10/site-packages/airflow/example_dags/example_sensors.py for tasks to queue
[2023-12-03T23:39:57.515+0000] {logging_mixin.py:154} INFO - [2023-12-03T23:39:57.515+0000] {dagbag.py:536} INFO - Filling up the DagBag from /home/ubuntu/redfin/lib/python3.10/site-packages/airflow/example_dags/example_sensors.py
[2023-12-03T23:39:57.525+0000] {processor.py:839} INFO - DAG(s) dict_keys(['example_sensors']) retrieved from /home/ubuntu/redfin/lib/python3.10/site-packages/airflow/example_dags/example_sensors.py
[2023-12-03T23:39:57.547+0000] {logging_mixin.py:154} INFO - [2023-12-03T23:39:57.547+0000] {dag.py:2941} INFO - Sync 1 DAGs
[2023-12-03T23:39:57.560+0000] {logging_mixin.py:154} INFO - [2023-12-03T23:39:57.560+0000] {dag.py:3722} INFO - Setting next_dagrun for example_sensors to None, run_after=None
[2023-12-03T23:39:57.582+0000] {processor.py:179} INFO - Processing /home/ubuntu/redfin/lib/python3.10/site-packages/airflow/example_dags/example_sensors.py took 0.073 seconds
[2023-12-03T23:40:46.319+0000] {processor.py:157} INFO - Started process (PID=5918) to work on /home/ubuntu/redfin/lib/python3.10/site-packages/airflow/example_dags/example_sensors.py
[2023-12-03T23:40:46.320+0000] {processor.py:829} INFO - Processing file /home/ubuntu/redfin/lib/python3.10/site-packages/airflow/example_dags/example_sensors.py for tasks to queue
[2023-12-03T23:40:46.321+0000] {logging_mixin.py:154} INFO - [2023-12-03T23:40:46.321+0000] {dagbag.py:536} INFO - Filling up the DagBag from /home/ubuntu/redfin/lib/python3.10/site-packages/airflow/example_dags/example_sensors.py
[2023-12-03T23:40:46.332+0000] {processor.py:839} INFO - DAG(s) dict_keys(['example_sensors']) retrieved from /home/ubuntu/redfin/lib/python3.10/site-packages/airflow/example_dags/example_sensors.py
[2023-12-03T23:40:46.356+0000] {logging_mixin.py:154} INFO - [2023-12-03T23:40:46.355+0000] {dag.py:2941} INFO - Sync 1 DAGs
[2023-12-03T23:40:46.369+0000] {logging_mixin.py:154} INFO - [2023-12-03T23:40:46.369+0000] {dag.py:3722} INFO - Setting next_dagrun for example_sensors to None, run_after=None
[2023-12-03T23:40:46.392+0000] {processor.py:179} INFO - Processing /home/ubuntu/redfin/lib/python3.10/site-packages/airflow/example_dags/example_sensors.py took 0.077 seconds
[2023-12-03T23:41:37.758+0000] {processor.py:157} INFO - Started process (PID=5975) to work on /home/ubuntu/redfin/lib/python3.10/site-packages/airflow/example_dags/example_sensors.py
[2023-12-03T23:41:37.759+0000] {processor.py:829} INFO - Processing file /home/ubuntu/redfin/lib/python3.10/site-packages/airflow/example_dags/example_sensors.py for tasks to queue
[2023-12-03T23:41:37.760+0000] {logging_mixin.py:154} INFO - [2023-12-03T23:41:37.759+0000] {dagbag.py:536} INFO - Filling up the DagBag from /home/ubuntu/redfin/lib/python3.10/site-packages/airflow/example_dags/example_sensors.py
[2023-12-03T23:41:37.771+0000] {processor.py:839} INFO - DAG(s) dict_keys(['example_sensors']) retrieved from /home/ubuntu/redfin/lib/python3.10/site-packages/airflow/example_dags/example_sensors.py
[2023-12-03T23:41:37.794+0000] {logging_mixin.py:154} INFO - [2023-12-03T23:41:37.794+0000] {dag.py:2941} INFO - Sync 1 DAGs
[2023-12-03T23:41:37.807+0000] {logging_mixin.py:154} INFO - [2023-12-03T23:41:37.807+0000] {dag.py:3722} INFO - Setting next_dagrun for example_sensors to None, run_after=None
[2023-12-03T23:41:37.830+0000] {processor.py:179} INFO - Processing /home/ubuntu/redfin/lib/python3.10/site-packages/airflow/example_dags/example_sensors.py took 0.076 seconds
[2023-12-03T23:42:21.825+0000] {processor.py:157} INFO - Started process (PID=6024) to work on /home/ubuntu/redfin/lib/python3.10/site-packages/airflow/example_dags/example_sensors.py
[2023-12-03T23:42:21.826+0000] {processor.py:829} INFO - Processing file /home/ubuntu/redfin/lib/python3.10/site-packages/airflow/example_dags/example_sensors.py for tasks to queue
[2023-12-03T23:42:21.827+0000] {logging_mixin.py:154} INFO - [2023-12-03T23:42:21.826+0000] {dagbag.py:536} INFO - Filling up the DagBag from /home/ubuntu/redfin/lib/python3.10/site-packages/airflow/example_dags/example_sensors.py
[2023-12-03T23:42:21.837+0000] {processor.py:839} INFO - DAG(s) dict_keys(['example_sensors']) retrieved from /home/ubuntu/redfin/lib/python3.10/site-packages/airflow/example_dags/example_sensors.py
[2023-12-03T23:42:21.860+0000] {logging_mixin.py:154} INFO - [2023-12-03T23:42:21.860+0000] {dag.py:2941} INFO - Sync 1 DAGs
[2023-12-03T23:42:21.873+0000] {logging_mixin.py:154} INFO - [2023-12-03T23:42:21.873+0000] {dag.py:3722} INFO - Setting next_dagrun for example_sensors to None, run_after=None
[2023-12-03T23:42:21.896+0000] {processor.py:179} INFO - Processing /home/ubuntu/redfin/lib/python3.10/site-packages/airflow/example_dags/example_sensors.py took 0.075 seconds
[2023-12-03T23:43:09.413+0000] {processor.py:157} INFO - Started process (PID=6076) to work on /home/ubuntu/redfin/lib/python3.10/site-packages/airflow/example_dags/example_sensors.py
[2023-12-03T23:43:09.414+0000] {processor.py:829} INFO - Processing file /home/ubuntu/redfin/lib/python3.10/site-packages/airflow/example_dags/example_sensors.py for tasks to queue
[2023-12-03T23:43:09.415+0000] {logging_mixin.py:154} INFO - [2023-12-03T23:43:09.415+0000] {dagbag.py:536} INFO - Filling up the DagBag from /home/ubuntu/redfin/lib/python3.10/site-packages/airflow/example_dags/example_sensors.py
[2023-12-03T23:43:09.425+0000] {processor.py:839} INFO - DAG(s) dict_keys(['example_sensors']) retrieved from /home/ubuntu/redfin/lib/python3.10/site-packages/airflow/example_dags/example_sensors.py
[2023-12-03T23:43:09.448+0000] {logging_mixin.py:154} INFO - [2023-12-03T23:43:09.448+0000] {dag.py:2941} INFO - Sync 1 DAGs
[2023-12-03T23:43:09.460+0000] {logging_mixin.py:154} INFO - [2023-12-03T23:43:09.460+0000] {dag.py:3722} INFO - Setting next_dagrun for example_sensors to None, run_after=None
[2023-12-03T23:43:09.482+0000] {processor.py:179} INFO - Processing /home/ubuntu/redfin/lib/python3.10/site-packages/airflow/example_dags/example_sensors.py took 0.073 seconds
[2023-12-03T23:43:57.847+0000] {processor.py:157} INFO - Started process (PID=6129) to work on /home/ubuntu/redfin/lib/python3.10/site-packages/airflow/example_dags/example_sensors.py
[2023-12-03T23:43:57.848+0000] {processor.py:829} INFO - Processing file /home/ubuntu/redfin/lib/python3.10/site-packages/airflow/example_dags/example_sensors.py for tasks to queue
[2023-12-03T23:43:57.849+0000] {logging_mixin.py:154} INFO - [2023-12-03T23:43:57.849+0000] {dagbag.py:536} INFO - Filling up the DagBag from /home/ubuntu/redfin/lib/python3.10/site-packages/airflow/example_dags/example_sensors.py
[2023-12-03T23:43:57.860+0000] {processor.py:839} INFO - DAG(s) dict_keys(['example_sensors']) retrieved from /home/ubuntu/redfin/lib/python3.10/site-packages/airflow/example_dags/example_sensors.py
[2023-12-03T23:43:57.883+0000] {logging_mixin.py:154} INFO - [2023-12-03T23:43:57.882+0000] {dag.py:2941} INFO - Sync 1 DAGs
[2023-12-03T23:43:57.896+0000] {logging_mixin.py:154} INFO - [2023-12-03T23:43:57.896+0000] {dag.py:3722} INFO - Setting next_dagrun for example_sensors to None, run_after=None
[2023-12-03T23:43:57.919+0000] {processor.py:179} INFO - Processing /home/ubuntu/redfin/lib/python3.10/site-packages/airflow/example_dags/example_sensors.py took 0.076 seconds
[2023-12-03T23:44:40.985+0000] {processor.py:157} INFO - Started process (PID=6586) to work on /home/ubuntu/redfin/lib/python3.10/site-packages/airflow/example_dags/example_sensors.py
[2023-12-03T23:44:40.987+0000] {processor.py:829} INFO - Processing file /home/ubuntu/redfin/lib/python3.10/site-packages/airflow/example_dags/example_sensors.py for tasks to queue
[2023-12-03T23:44:40.988+0000] {logging_mixin.py:154} INFO - [2023-12-03T23:44:40.987+0000] {dagbag.py:536} INFO - Filling up the DagBag from /home/ubuntu/redfin/lib/python3.10/site-packages/airflow/example_dags/example_sensors.py
[2023-12-03T23:44:40.999+0000] {processor.py:839} INFO - DAG(s) dict_keys(['example_sensors']) retrieved from /home/ubuntu/redfin/lib/python3.10/site-packages/airflow/example_dags/example_sensors.py
[2023-12-03T23:44:41.022+0000] {logging_mixin.py:154} INFO - [2023-12-03T23:44:41.022+0000] {dag.py:2941} INFO - Sync 1 DAGs
[2023-12-03T23:44:41.035+0000] {logging_mixin.py:154} INFO - [2023-12-03T23:44:41.035+0000] {dag.py:3722} INFO - Setting next_dagrun for example_sensors to None, run_after=None
[2023-12-03T23:44:41.060+0000] {processor.py:179} INFO - Processing /home/ubuntu/redfin/lib/python3.10/site-packages/airflow/example_dags/example_sensors.py took 0.079 seconds
[2023-12-03T23:45:22.091+0000] {processor.py:157} INFO - Started process (PID=6631) to work on /home/ubuntu/redfin/lib/python3.10/site-packages/airflow/example_dags/example_sensors.py
[2023-12-03T23:45:22.093+0000] {processor.py:829} INFO - Processing file /home/ubuntu/redfin/lib/python3.10/site-packages/airflow/example_dags/example_sensors.py for tasks to queue
[2023-12-03T23:45:22.093+0000] {logging_mixin.py:154} INFO - [2023-12-03T23:45:22.093+0000] {dagbag.py:536} INFO - Filling up the DagBag from /home/ubuntu/redfin/lib/python3.10/site-packages/airflow/example_dags/example_sensors.py
[2023-12-03T23:45:22.104+0000] {processor.py:839} INFO - DAG(s) dict_keys(['example_sensors']) retrieved from /home/ubuntu/redfin/lib/python3.10/site-packages/airflow/example_dags/example_sensors.py
[2023-12-03T23:45:22.126+0000] {logging_mixin.py:154} INFO - [2023-12-03T23:45:22.126+0000] {dag.py:2941} INFO - Sync 1 DAGs
[2023-12-03T23:45:22.138+0000] {logging_mixin.py:154} INFO - [2023-12-03T23:45:22.138+0000] {dag.py:3722} INFO - Setting next_dagrun for example_sensors to None, run_after=None
[2023-12-03T23:45:22.160+0000] {processor.py:179} INFO - Processing /home/ubuntu/redfin/lib/python3.10/site-packages/airflow/example_dags/example_sensors.py took 0.073 seconds
[2023-12-03T23:46:07.877+0000] {processor.py:157} INFO - Started process (PID=6685) to work on /home/ubuntu/redfin/lib/python3.10/site-packages/airflow/example_dags/example_sensors.py
[2023-12-03T23:46:07.879+0000] {processor.py:829} INFO - Processing file /home/ubuntu/redfin/lib/python3.10/site-packages/airflow/example_dags/example_sensors.py for tasks to queue
[2023-12-03T23:46:07.880+0000] {logging_mixin.py:154} INFO - [2023-12-03T23:46:07.880+0000] {dagbag.py:536} INFO - Filling up the DagBag from /home/ubuntu/redfin/lib/python3.10/site-packages/airflow/example_dags/example_sensors.py
[2023-12-03T23:46:07.891+0000] {processor.py:839} INFO - DAG(s) dict_keys(['example_sensors']) retrieved from /home/ubuntu/redfin/lib/python3.10/site-packages/airflow/example_dags/example_sensors.py
[2023-12-03T23:46:07.915+0000] {logging_mixin.py:154} INFO - [2023-12-03T23:46:07.915+0000] {dag.py:2941} INFO - Sync 1 DAGs
[2023-12-03T23:46:07.929+0000] {logging_mixin.py:154} INFO - [2023-12-03T23:46:07.929+0000] {dag.py:3722} INFO - Setting next_dagrun for example_sensors to None, run_after=None
[2023-12-03T23:46:07.954+0000] {processor.py:179} INFO - Processing /home/ubuntu/redfin/lib/python3.10/site-packages/airflow/example_dags/example_sensors.py took 0.080 seconds
[2023-12-03T23:46:53.866+0000] {processor.py:157} INFO - Started process (PID=6737) to work on /home/ubuntu/redfin/lib/python3.10/site-packages/airflow/example_dags/example_sensors.py
[2023-12-03T23:46:53.868+0000] {processor.py:829} INFO - Processing file /home/ubuntu/redfin/lib/python3.10/site-packages/airflow/example_dags/example_sensors.py for tasks to queue
[2023-12-03T23:46:53.869+0000] {logging_mixin.py:154} INFO - [2023-12-03T23:46:53.868+0000] {dagbag.py:536} INFO - Filling up the DagBag from /home/ubuntu/redfin/lib/python3.10/site-packages/airflow/example_dags/example_sensors.py
[2023-12-03T23:46:53.880+0000] {processor.py:839} INFO - DAG(s) dict_keys(['example_sensors']) retrieved from /home/ubuntu/redfin/lib/python3.10/site-packages/airflow/example_dags/example_sensors.py
[2023-12-03T23:46:53.904+0000] {logging_mixin.py:154} INFO - [2023-12-03T23:46:53.904+0000] {dag.py:2941} INFO - Sync 1 DAGs
[2023-12-03T23:46:53.917+0000] {logging_mixin.py:154} INFO - [2023-12-03T23:46:53.917+0000] {dag.py:3722} INFO - Setting next_dagrun for example_sensors to None, run_after=None
[2023-12-03T23:46:53.940+0000] {processor.py:179} INFO - Processing /home/ubuntu/redfin/lib/python3.10/site-packages/airflow/example_dags/example_sensors.py took 0.078 seconds
[2023-12-03T23:47:41.518+0000] {processor.py:157} INFO - Started process (PID=6797) to work on /home/ubuntu/redfin/lib/python3.10/site-packages/airflow/example_dags/example_sensors.py
[2023-12-03T23:47:41.519+0000] {processor.py:829} INFO - Processing file /home/ubuntu/redfin/lib/python3.10/site-packages/airflow/example_dags/example_sensors.py for tasks to queue
[2023-12-03T23:47:41.520+0000] {logging_mixin.py:154} INFO - [2023-12-03T23:47:41.519+0000] {dagbag.py:536} INFO - Filling up the DagBag from /home/ubuntu/redfin/lib/python3.10/site-packages/airflow/example_dags/example_sensors.py
[2023-12-03T23:47:41.531+0000] {processor.py:839} INFO - DAG(s) dict_keys(['example_sensors']) retrieved from /home/ubuntu/redfin/lib/python3.10/site-packages/airflow/example_dags/example_sensors.py
[2023-12-03T23:47:41.556+0000] {logging_mixin.py:154} INFO - [2023-12-03T23:47:41.556+0000] {dag.py:2941} INFO - Sync 1 DAGs
[2023-12-03T23:47:41.568+0000] {logging_mixin.py:154} INFO - [2023-12-03T23:47:41.568+0000] {dag.py:3722} INFO - Setting next_dagrun for example_sensors to None, run_after=None
[2023-12-03T23:47:41.595+0000] {processor.py:179} INFO - Processing /home/ubuntu/redfin/lib/python3.10/site-packages/airflow/example_dags/example_sensors.py took 0.081 seconds
[2023-12-03T23:48:31.226+0000] {processor.py:157} INFO - Started process (PID=6878) to work on /home/ubuntu/redfin/lib/python3.10/site-packages/airflow/example_dags/example_sensors.py
[2023-12-03T23:48:31.228+0000] {processor.py:829} INFO - Processing file /home/ubuntu/redfin/lib/python3.10/site-packages/airflow/example_dags/example_sensors.py for tasks to queue
[2023-12-03T23:48:31.229+0000] {logging_mixin.py:154} INFO - [2023-12-03T23:48:31.228+0000] {dagbag.py:536} INFO - Filling up the DagBag from /home/ubuntu/redfin/lib/python3.10/site-packages/airflow/example_dags/example_sensors.py
[2023-12-03T23:48:31.239+0000] {processor.py:839} INFO - DAG(s) dict_keys(['example_sensors']) retrieved from /home/ubuntu/redfin/lib/python3.10/site-packages/airflow/example_dags/example_sensors.py
[2023-12-03T23:48:31.261+0000] {logging_mixin.py:154} INFO - [2023-12-03T23:48:31.261+0000] {dag.py:2941} INFO - Sync 1 DAGs
[2023-12-03T23:48:31.274+0000] {logging_mixin.py:154} INFO - [2023-12-03T23:48:31.274+0000] {dag.py:3722} INFO - Setting next_dagrun for example_sensors to None, run_after=None
[2023-12-03T23:48:31.295+0000] {processor.py:179} INFO - Processing /home/ubuntu/redfin/lib/python3.10/site-packages/airflow/example_dags/example_sensors.py took 0.073 seconds
[2023-12-03T23:49:21.692+0000] {processor.py:157} INFO - Started process (PID=6933) to work on /home/ubuntu/redfin/lib/python3.10/site-packages/airflow/example_dags/example_sensors.py
[2023-12-03T23:49:21.693+0000] {processor.py:829} INFO - Processing file /home/ubuntu/redfin/lib/python3.10/site-packages/airflow/example_dags/example_sensors.py for tasks to queue
[2023-12-03T23:49:21.694+0000] {logging_mixin.py:154} INFO - [2023-12-03T23:49:21.694+0000] {dagbag.py:536} INFO - Filling up the DagBag from /home/ubuntu/redfin/lib/python3.10/site-packages/airflow/example_dags/example_sensors.py
[2023-12-03T23:49:21.705+0000] {processor.py:839} INFO - DAG(s) dict_keys(['example_sensors']) retrieved from /home/ubuntu/redfin/lib/python3.10/site-packages/airflow/example_dags/example_sensors.py
[2023-12-03T23:49:21.729+0000] {logging_mixin.py:154} INFO - [2023-12-03T23:49:21.728+0000] {dag.py:2941} INFO - Sync 1 DAGs
[2023-12-03T23:49:21.741+0000] {logging_mixin.py:154} INFO - [2023-12-03T23:49:21.741+0000] {dag.py:3722} INFO - Setting next_dagrun for example_sensors to None, run_after=None
[2023-12-03T23:49:21.763+0000] {processor.py:179} INFO - Processing /home/ubuntu/redfin/lib/python3.10/site-packages/airflow/example_dags/example_sensors.py took 0.075 seconds
[2023-12-03T23:50:09.697+0000] {processor.py:157} INFO - Started process (PID=6988) to work on /home/ubuntu/redfin/lib/python3.10/site-packages/airflow/example_dags/example_sensors.py
[2023-12-03T23:50:09.698+0000] {processor.py:829} INFO - Processing file /home/ubuntu/redfin/lib/python3.10/site-packages/airflow/example_dags/example_sensors.py for tasks to queue
[2023-12-03T23:50:09.699+0000] {logging_mixin.py:154} INFO - [2023-12-03T23:50:09.699+0000] {dagbag.py:536} INFO - Filling up the DagBag from /home/ubuntu/redfin/lib/python3.10/site-packages/airflow/example_dags/example_sensors.py
[2023-12-03T23:50:09.710+0000] {processor.py:839} INFO - DAG(s) dict_keys(['example_sensors']) retrieved from /home/ubuntu/redfin/lib/python3.10/site-packages/airflow/example_dags/example_sensors.py
[2023-12-03T23:50:09.732+0000] {logging_mixin.py:154} INFO - [2023-12-03T23:50:09.732+0000] {dag.py:2941} INFO - Sync 1 DAGs
[2023-12-03T23:50:09.745+0000] {logging_mixin.py:154} INFO - [2023-12-03T23:50:09.745+0000] {dag.py:3722} INFO - Setting next_dagrun for example_sensors to None, run_after=None
[2023-12-03T23:50:09.767+0000] {processor.py:179} INFO - Processing /home/ubuntu/redfin/lib/python3.10/site-packages/airflow/example_dags/example_sensors.py took 0.074 seconds
[2023-12-03T23:50:57.672+0000] {processor.py:157} INFO - Started process (PID=7040) to work on /home/ubuntu/redfin/lib/python3.10/site-packages/airflow/example_dags/example_sensors.py
[2023-12-03T23:50:57.673+0000] {processor.py:829} INFO - Processing file /home/ubuntu/redfin/lib/python3.10/site-packages/airflow/example_dags/example_sensors.py for tasks to queue
[2023-12-03T23:50:57.674+0000] {logging_mixin.py:154} INFO - [2023-12-03T23:50:57.674+0000] {dagbag.py:536} INFO - Filling up the DagBag from /home/ubuntu/redfin/lib/python3.10/site-packages/airflow/example_dags/example_sensors.py
[2023-12-03T23:50:57.685+0000] {processor.py:839} INFO - DAG(s) dict_keys(['example_sensors']) retrieved from /home/ubuntu/redfin/lib/python3.10/site-packages/airflow/example_dags/example_sensors.py
[2023-12-03T23:50:57.708+0000] {logging_mixin.py:154} INFO - [2023-12-03T23:50:57.707+0000] {dag.py:2941} INFO - Sync 1 DAGs
[2023-12-03T23:50:57.720+0000] {logging_mixin.py:154} INFO - [2023-12-03T23:50:57.720+0000] {dag.py:3722} INFO - Setting next_dagrun for example_sensors to None, run_after=None
[2023-12-03T23:50:57.744+0000] {processor.py:179} INFO - Processing /home/ubuntu/redfin/lib/python3.10/site-packages/airflow/example_dags/example_sensors.py took 0.076 seconds
[2023-12-03T23:51:43.210+0000] {processor.py:157} INFO - Started process (PID=7093) to work on /home/ubuntu/redfin/lib/python3.10/site-packages/airflow/example_dags/example_sensors.py
[2023-12-03T23:51:43.212+0000] {processor.py:829} INFO - Processing file /home/ubuntu/redfin/lib/python3.10/site-packages/airflow/example_dags/example_sensors.py for tasks to queue
[2023-12-03T23:51:43.213+0000] {logging_mixin.py:154} INFO - [2023-12-03T23:51:43.212+0000] {dagbag.py:536} INFO - Filling up the DagBag from /home/ubuntu/redfin/lib/python3.10/site-packages/airflow/example_dags/example_sensors.py
[2023-12-03T23:51:43.223+0000] {processor.py:839} INFO - DAG(s) dict_keys(['example_sensors']) retrieved from /home/ubuntu/redfin/lib/python3.10/site-packages/airflow/example_dags/example_sensors.py
[2023-12-03T23:51:43.247+0000] {logging_mixin.py:154} INFO - [2023-12-03T23:51:43.246+0000] {dag.py:2941} INFO - Sync 1 DAGs
[2023-12-03T23:51:43.260+0000] {logging_mixin.py:154} INFO - [2023-12-03T23:51:43.260+0000] {dag.py:3722} INFO - Setting next_dagrun for example_sensors to None, run_after=None
[2023-12-03T23:51:43.283+0000] {processor.py:179} INFO - Processing /home/ubuntu/redfin/lib/python3.10/site-packages/airflow/example_dags/example_sensors.py took 0.076 seconds
[2023-12-03T23:52:35.106+0000] {processor.py:157} INFO - Started process (PID=7147) to work on /home/ubuntu/redfin/lib/python3.10/site-packages/airflow/example_dags/example_sensors.py
[2023-12-03T23:52:35.107+0000] {processor.py:829} INFO - Processing file /home/ubuntu/redfin/lib/python3.10/site-packages/airflow/example_dags/example_sensors.py for tasks to queue
[2023-12-03T23:52:35.108+0000] {logging_mixin.py:154} INFO - [2023-12-03T23:52:35.107+0000] {dagbag.py:536} INFO - Filling up the DagBag from /home/ubuntu/redfin/lib/python3.10/site-packages/airflow/example_dags/example_sensors.py
[2023-12-03T23:52:35.118+0000] {processor.py:839} INFO - DAG(s) dict_keys(['example_sensors']) retrieved from /home/ubuntu/redfin/lib/python3.10/site-packages/airflow/example_dags/example_sensors.py
[2023-12-03T23:52:35.140+0000] {logging_mixin.py:154} INFO - [2023-12-03T23:52:35.140+0000] {dag.py:2941} INFO - Sync 1 DAGs
[2023-12-03T23:52:35.153+0000] {logging_mixin.py:154} INFO - [2023-12-03T23:52:35.152+0000] {dag.py:3722} INFO - Setting next_dagrun for example_sensors to None, run_after=None
[2023-12-03T23:52:35.174+0000] {processor.py:179} INFO - Processing /home/ubuntu/redfin/lib/python3.10/site-packages/airflow/example_dags/example_sensors.py took 0.072 seconds
[2023-12-03T23:53:24.321+0000] {processor.py:157} INFO - Started process (PID=7201) to work on /home/ubuntu/redfin/lib/python3.10/site-packages/airflow/example_dags/example_sensors.py
[2023-12-03T23:53:24.323+0000] {processor.py:829} INFO - Processing file /home/ubuntu/redfin/lib/python3.10/site-packages/airflow/example_dags/example_sensors.py for tasks to queue
[2023-12-03T23:53:24.324+0000] {logging_mixin.py:154} INFO - [2023-12-03T23:53:24.323+0000] {dagbag.py:536} INFO - Filling up the DagBag from /home/ubuntu/redfin/lib/python3.10/site-packages/airflow/example_dags/example_sensors.py
[2023-12-03T23:53:24.335+0000] {processor.py:839} INFO - DAG(s) dict_keys(['example_sensors']) retrieved from /home/ubuntu/redfin/lib/python3.10/site-packages/airflow/example_dags/example_sensors.py
[2023-12-03T23:53:24.359+0000] {logging_mixin.py:154} INFO - [2023-12-03T23:53:24.359+0000] {dag.py:2941} INFO - Sync 1 DAGs
[2023-12-03T23:53:24.373+0000] {logging_mixin.py:154} INFO - [2023-12-03T23:53:24.373+0000] {dag.py:3722} INFO - Setting next_dagrun for example_sensors to None, run_after=None
[2023-12-03T23:53:24.397+0000] {processor.py:179} INFO - Processing /home/ubuntu/redfin/lib/python3.10/site-packages/airflow/example_dags/example_sensors.py took 0.079 seconds
[2023-12-03T23:54:11.624+0000] {processor.py:157} INFO - Started process (PID=7253) to work on /home/ubuntu/redfin/lib/python3.10/site-packages/airflow/example_dags/example_sensors.py
[2023-12-03T23:54:11.626+0000] {processor.py:829} INFO - Processing file /home/ubuntu/redfin/lib/python3.10/site-packages/airflow/example_dags/example_sensors.py for tasks to queue
[2023-12-03T23:54:11.627+0000] {logging_mixin.py:154} INFO - [2023-12-03T23:54:11.627+0000] {dagbag.py:536} INFO - Filling up the DagBag from /home/ubuntu/redfin/lib/python3.10/site-packages/airflow/example_dags/example_sensors.py
[2023-12-03T23:54:11.638+0000] {processor.py:839} INFO - DAG(s) dict_keys(['example_sensors']) retrieved from /home/ubuntu/redfin/lib/python3.10/site-packages/airflow/example_dags/example_sensors.py
[2023-12-03T23:54:11.662+0000] {logging_mixin.py:154} INFO - [2023-12-03T23:54:11.662+0000] {dag.py:2941} INFO - Sync 1 DAGs
[2023-12-03T23:54:11.675+0000] {logging_mixin.py:154} INFO - [2023-12-03T23:54:11.675+0000] {dag.py:3722} INFO - Setting next_dagrun for example_sensors to None, run_after=None
[2023-12-03T23:54:11.699+0000] {processor.py:179} INFO - Processing /home/ubuntu/redfin/lib/python3.10/site-packages/airflow/example_dags/example_sensors.py took 0.078 seconds
[2023-12-03T23:55:00.063+0000] {processor.py:157} INFO - Started process (PID=7307) to work on /home/ubuntu/redfin/lib/python3.10/site-packages/airflow/example_dags/example_sensors.py
[2023-12-03T23:55:00.064+0000] {processor.py:829} INFO - Processing file /home/ubuntu/redfin/lib/python3.10/site-packages/airflow/example_dags/example_sensors.py for tasks to queue
[2023-12-03T23:55:00.065+0000] {logging_mixin.py:154} INFO - [2023-12-03T23:55:00.065+0000] {dagbag.py:536} INFO - Filling up the DagBag from /home/ubuntu/redfin/lib/python3.10/site-packages/airflow/example_dags/example_sensors.py
[2023-12-03T23:55:00.076+0000] {processor.py:839} INFO - DAG(s) dict_keys(['example_sensors']) retrieved from /home/ubuntu/redfin/lib/python3.10/site-packages/airflow/example_dags/example_sensors.py
[2023-12-03T23:55:00.100+0000] {logging_mixin.py:154} INFO - [2023-12-03T23:55:00.100+0000] {dag.py:2941} INFO - Sync 1 DAGs
[2023-12-03T23:55:00.113+0000] {logging_mixin.py:154} INFO - [2023-12-03T23:55:00.113+0000] {dag.py:3722} INFO - Setting next_dagrun for example_sensors to None, run_after=None
[2023-12-03T23:55:00.136+0000] {processor.py:179} INFO - Processing /home/ubuntu/redfin/lib/python3.10/site-packages/airflow/example_dags/example_sensors.py took 0.077 seconds
[2023-12-03T23:55:46.226+0000] {processor.py:157} INFO - Started process (PID=7358) to work on /home/ubuntu/redfin/lib/python3.10/site-packages/airflow/example_dags/example_sensors.py
[2023-12-03T23:55:46.228+0000] {processor.py:829} INFO - Processing file /home/ubuntu/redfin/lib/python3.10/site-packages/airflow/example_dags/example_sensors.py for tasks to queue
[2023-12-03T23:55:46.229+0000] {logging_mixin.py:154} INFO - [2023-12-03T23:55:46.228+0000] {dagbag.py:536} INFO - Filling up the DagBag from /home/ubuntu/redfin/lib/python3.10/site-packages/airflow/example_dags/example_sensors.py
[2023-12-03T23:55:46.239+0000] {processor.py:839} INFO - DAG(s) dict_keys(['example_sensors']) retrieved from /home/ubuntu/redfin/lib/python3.10/site-packages/airflow/example_dags/example_sensors.py
[2023-12-03T23:55:46.261+0000] {logging_mixin.py:154} INFO - [2023-12-03T23:55:46.261+0000] {dag.py:2941} INFO - Sync 1 DAGs
[2023-12-03T23:55:46.273+0000] {logging_mixin.py:154} INFO - [2023-12-03T23:55:46.273+0000] {dag.py:3722} INFO - Setting next_dagrun for example_sensors to None, run_after=None
[2023-12-03T23:55:46.295+0000] {processor.py:179} INFO - Processing /home/ubuntu/redfin/lib/python3.10/site-packages/airflow/example_dags/example_sensors.py took 0.073 seconds
[2023-12-03T23:56:36.934+0000] {processor.py:157} INFO - Started process (PID=7413) to work on /home/ubuntu/redfin/lib/python3.10/site-packages/airflow/example_dags/example_sensors.py
[2023-12-03T23:56:36.936+0000] {processor.py:829} INFO - Processing file /home/ubuntu/redfin/lib/python3.10/site-packages/airflow/example_dags/example_sensors.py for tasks to queue
[2023-12-03T23:56:36.937+0000] {logging_mixin.py:154} INFO - [2023-12-03T23:56:36.936+0000] {dagbag.py:536} INFO - Filling up the DagBag from /home/ubuntu/redfin/lib/python3.10/site-packages/airflow/example_dags/example_sensors.py
[2023-12-03T23:56:36.947+0000] {processor.py:839} INFO - DAG(s) dict_keys(['example_sensors']) retrieved from /home/ubuntu/redfin/lib/python3.10/site-packages/airflow/example_dags/example_sensors.py
[2023-12-03T23:56:36.971+0000] {logging_mixin.py:154} INFO - [2023-12-03T23:56:36.970+0000] {dag.py:2941} INFO - Sync 1 DAGs
[2023-12-03T23:56:36.983+0000] {logging_mixin.py:154} INFO - [2023-12-03T23:56:36.983+0000] {dag.py:3722} INFO - Setting next_dagrun for example_sensors to None, run_after=None
[2023-12-03T23:56:37.007+0000] {processor.py:179} INFO - Processing /home/ubuntu/redfin/lib/python3.10/site-packages/airflow/example_dags/example_sensors.py took 0.076 seconds
[2023-12-03T23:57:23.591+0000] {processor.py:157} INFO - Started process (PID=7465) to work on /home/ubuntu/redfin/lib/python3.10/site-packages/airflow/example_dags/example_sensors.py
[2023-12-03T23:57:23.592+0000] {processor.py:829} INFO - Processing file /home/ubuntu/redfin/lib/python3.10/site-packages/airflow/example_dags/example_sensors.py for tasks to queue
[2023-12-03T23:57:23.593+0000] {logging_mixin.py:154} INFO - [2023-12-03T23:57:23.593+0000] {dagbag.py:536} INFO - Filling up the DagBag from /home/ubuntu/redfin/lib/python3.10/site-packages/airflow/example_dags/example_sensors.py
[2023-12-03T23:57:23.604+0000] {processor.py:839} INFO - DAG(s) dict_keys(['example_sensors']) retrieved from /home/ubuntu/redfin/lib/python3.10/site-packages/airflow/example_dags/example_sensors.py
[2023-12-03T23:57:23.627+0000] {logging_mixin.py:154} INFO - [2023-12-03T23:57:23.627+0000] {dag.py:2941} INFO - Sync 1 DAGs
[2023-12-03T23:57:23.640+0000] {logging_mixin.py:154} INFO - [2023-12-03T23:57:23.640+0000] {dag.py:3722} INFO - Setting next_dagrun for example_sensors to None, run_after=None
[2023-12-03T23:57:23.664+0000] {processor.py:179} INFO - Processing /home/ubuntu/redfin/lib/python3.10/site-packages/airflow/example_dags/example_sensors.py took 0.077 seconds
[2023-12-03T23:58:06.817+0000] {processor.py:157} INFO - Started process (PID=7514) to work on /home/ubuntu/redfin/lib/python3.10/site-packages/airflow/example_dags/example_sensors.py
[2023-12-03T23:58:06.818+0000] {processor.py:829} INFO - Processing file /home/ubuntu/redfin/lib/python3.10/site-packages/airflow/example_dags/example_sensors.py for tasks to queue
[2023-12-03T23:58:06.819+0000] {logging_mixin.py:154} INFO - [2023-12-03T23:58:06.819+0000] {dagbag.py:536} INFO - Filling up the DagBag from /home/ubuntu/redfin/lib/python3.10/site-packages/airflow/example_dags/example_sensors.py
[2023-12-03T23:58:06.830+0000] {processor.py:839} INFO - DAG(s) dict_keys(['example_sensors']) retrieved from /home/ubuntu/redfin/lib/python3.10/site-packages/airflow/example_dags/example_sensors.py
[2023-12-03T23:58:06.852+0000] {logging_mixin.py:154} INFO - [2023-12-03T23:58:06.852+0000] {dag.py:2941} INFO - Sync 1 DAGs
[2023-12-03T23:58:06.865+0000] {logging_mixin.py:154} INFO - [2023-12-03T23:58:06.864+0000] {dag.py:3722} INFO - Setting next_dagrun for example_sensors to None, run_after=None
[2023-12-03T23:58:06.888+0000] {processor.py:179} INFO - Processing /home/ubuntu/redfin/lib/python3.10/site-packages/airflow/example_dags/example_sensors.py took 0.075 seconds
[2023-12-03T23:58:53.108+0000] {processor.py:157} INFO - Started process (PID=7567) to work on /home/ubuntu/redfin/lib/python3.10/site-packages/airflow/example_dags/example_sensors.py
[2023-12-03T23:58:53.109+0000] {processor.py:829} INFO - Processing file /home/ubuntu/redfin/lib/python3.10/site-packages/airflow/example_dags/example_sensors.py for tasks to queue
[2023-12-03T23:58:53.110+0000] {logging_mixin.py:154} INFO - [2023-12-03T23:58:53.110+0000] {dagbag.py:536} INFO - Filling up the DagBag from /home/ubuntu/redfin/lib/python3.10/site-packages/airflow/example_dags/example_sensors.py
[2023-12-03T23:58:53.121+0000] {processor.py:839} INFO - DAG(s) dict_keys(['example_sensors']) retrieved from /home/ubuntu/redfin/lib/python3.10/site-packages/airflow/example_dags/example_sensors.py
[2023-12-03T23:58:53.146+0000] {logging_mixin.py:154} INFO - [2023-12-03T23:58:53.145+0000] {dag.py:2941} INFO - Sync 1 DAGs
[2023-12-03T23:58:53.159+0000] {logging_mixin.py:154} INFO - [2023-12-03T23:58:53.159+0000] {dag.py:3722} INFO - Setting next_dagrun for example_sensors to None, run_after=None
[2023-12-03T23:58:53.183+0000] {processor.py:179} INFO - Processing /home/ubuntu/redfin/lib/python3.10/site-packages/airflow/example_dags/example_sensors.py took 0.079 seconds
[2023-12-03T23:59:40.070+0000] {processor.py:157} INFO - Started process (PID=7620) to work on /home/ubuntu/redfin/lib/python3.10/site-packages/airflow/example_dags/example_sensors.py
[2023-12-03T23:59:40.071+0000] {processor.py:829} INFO - Processing file /home/ubuntu/redfin/lib/python3.10/site-packages/airflow/example_dags/example_sensors.py for tasks to queue
[2023-12-03T23:59:40.072+0000] {logging_mixin.py:154} INFO - [2023-12-03T23:59:40.072+0000] {dagbag.py:536} INFO - Filling up the DagBag from /home/ubuntu/redfin/lib/python3.10/site-packages/airflow/example_dags/example_sensors.py
[2023-12-03T23:59:40.083+0000] {processor.py:839} INFO - DAG(s) dict_keys(['example_sensors']) retrieved from /home/ubuntu/redfin/lib/python3.10/site-packages/airflow/example_dags/example_sensors.py
[2023-12-03T23:59:40.106+0000] {logging_mixin.py:154} INFO - [2023-12-03T23:59:40.106+0000] {dag.py:2941} INFO - Sync 1 DAGs
[2023-12-03T23:59:40.118+0000] {logging_mixin.py:154} INFO - [2023-12-03T23:59:40.118+0000] {dag.py:3722} INFO - Setting next_dagrun for example_sensors to None, run_after=None
[2023-12-03T23:59:40.141+0000] {processor.py:179} INFO - Processing /home/ubuntu/redfin/lib/python3.10/site-packages/airflow/example_dags/example_sensors.py took 0.075 seconds
