[2023-12-03T23:07:54.201+0000] {processor.py:157} INFO - Started process (PID=3756) to work on /home/ubuntu/redfin/lib/python3.10/site-packages/airflow/example_dags/tutorial_taskflow_api_virtualenv.py
[2023-12-03T23:07:54.202+0000] {processor.py:829} INFO - Processing file /home/ubuntu/redfin/lib/python3.10/site-packages/airflow/example_dags/tutorial_taskflow_api_virtualenv.py for tasks to queue
[2023-12-03T23:07:54.203+0000] {logging_mixin.py:154} INFO - [2023-12-03T23:07:54.203+0000] {dagbag.py:536} INFO - Filling up the DagBag from /home/ubuntu/redfin/lib/python3.10/site-packages/airflow/example_dags/tutorial_taskflow_api_virtualenv.py
[2023-12-03T23:07:54.207+0000] {logging_mixin.py:154} INFO - [2023-12-03T23:07:54.206+0000] {tutorial_taskflow_api_virtualenv.py:29} WARNING - The tutorial_taskflow_api_virtualenv example DAG requires virtualenv, please install it.
[2023-12-03T23:07:54.207+0000] {processor.py:841} WARNING - No viable dags retrieved from /home/ubuntu/redfin/lib/python3.10/site-packages/airflow/example_dags/tutorial_taskflow_api_virtualenv.py
[2023-12-03T23:07:54.218+0000] {processor.py:179} INFO - Processing /home/ubuntu/redfin/lib/python3.10/site-packages/airflow/example_dags/tutorial_taskflow_api_virtualenv.py took 0.021 seconds
[2023-12-03T23:08:45.494+0000] {processor.py:157} INFO - Started process (PID=3806) to work on /home/ubuntu/redfin/lib/python3.10/site-packages/airflow/example_dags/tutorial_taskflow_api_virtualenv.py
[2023-12-03T23:08:45.495+0000] {processor.py:829} INFO - Processing file /home/ubuntu/redfin/lib/python3.10/site-packages/airflow/example_dags/tutorial_taskflow_api_virtualenv.py for tasks to queue
[2023-12-03T23:08:45.496+0000] {logging_mixin.py:154} INFO - [2023-12-03T23:08:45.496+0000] {dagbag.py:536} INFO - Filling up the DagBag from /home/ubuntu/redfin/lib/python3.10/site-packages/airflow/example_dags/tutorial_taskflow_api_virtualenv.py
[2023-12-03T23:08:45.499+0000] {logging_mixin.py:154} INFO - [2023-12-03T23:08:45.499+0000] {tutorial_taskflow_api_virtualenv.py:29} WARNING - The tutorial_taskflow_api_virtualenv example DAG requires virtualenv, please install it.
[2023-12-03T23:08:45.500+0000] {processor.py:841} WARNING - No viable dags retrieved from /home/ubuntu/redfin/lib/python3.10/site-packages/airflow/example_dags/tutorial_taskflow_api_virtualenv.py
[2023-12-03T23:08:45.512+0000] {processor.py:179} INFO - Processing /home/ubuntu/redfin/lib/python3.10/site-packages/airflow/example_dags/tutorial_taskflow_api_virtualenv.py took 0.021 seconds
[2023-12-03T23:09:30.555+0000] {processor.py:157} INFO - Started process (PID=3855) to work on /home/ubuntu/redfin/lib/python3.10/site-packages/airflow/example_dags/tutorial_taskflow_api_virtualenv.py
[2023-12-03T23:09:30.556+0000] {processor.py:829} INFO - Processing file /home/ubuntu/redfin/lib/python3.10/site-packages/airflow/example_dags/tutorial_taskflow_api_virtualenv.py for tasks to queue
[2023-12-03T23:09:30.557+0000] {logging_mixin.py:154} INFO - [2023-12-03T23:09:30.557+0000] {dagbag.py:536} INFO - Filling up the DagBag from /home/ubuntu/redfin/lib/python3.10/site-packages/airflow/example_dags/tutorial_taskflow_api_virtualenv.py
[2023-12-03T23:09:30.560+0000] {logging_mixin.py:154} INFO - [2023-12-03T23:09:30.560+0000] {tutorial_taskflow_api_virtualenv.py:29} WARNING - The tutorial_taskflow_api_virtualenv example DAG requires virtualenv, please install it.
[2023-12-03T23:09:30.561+0000] {processor.py:841} WARNING - No viable dags retrieved from /home/ubuntu/redfin/lib/python3.10/site-packages/airflow/example_dags/tutorial_taskflow_api_virtualenv.py
[2023-12-03T23:09:30.572+0000] {processor.py:179} INFO - Processing /home/ubuntu/redfin/lib/python3.10/site-packages/airflow/example_dags/tutorial_taskflow_api_virtualenv.py took 0.021 seconds
[2023-12-03T23:10:18.229+0000] {processor.py:157} INFO - Started process (PID=3906) to work on /home/ubuntu/redfin/lib/python3.10/site-packages/airflow/example_dags/tutorial_taskflow_api_virtualenv.py
[2023-12-03T23:10:18.230+0000] {processor.py:829} INFO - Processing file /home/ubuntu/redfin/lib/python3.10/site-packages/airflow/example_dags/tutorial_taskflow_api_virtualenv.py for tasks to queue
[2023-12-03T23:10:18.231+0000] {logging_mixin.py:154} INFO - [2023-12-03T23:10:18.231+0000] {dagbag.py:536} INFO - Filling up the DagBag from /home/ubuntu/redfin/lib/python3.10/site-packages/airflow/example_dags/tutorial_taskflow_api_virtualenv.py
[2023-12-03T23:10:18.234+0000] {logging_mixin.py:154} INFO - [2023-12-03T23:10:18.234+0000] {tutorial_taskflow_api_virtualenv.py:29} WARNING - The tutorial_taskflow_api_virtualenv example DAG requires virtualenv, please install it.
[2023-12-03T23:10:18.235+0000] {processor.py:841} WARNING - No viable dags retrieved from /home/ubuntu/redfin/lib/python3.10/site-packages/airflow/example_dags/tutorial_taskflow_api_virtualenv.py
[2023-12-03T23:10:18.247+0000] {processor.py:179} INFO - Processing /home/ubuntu/redfin/lib/python3.10/site-packages/airflow/example_dags/tutorial_taskflow_api_virtualenv.py took 0.021 seconds
[2023-12-03T23:11:03.346+0000] {processor.py:157} INFO - Started process (PID=3955) to work on /home/ubuntu/redfin/lib/python3.10/site-packages/airflow/example_dags/tutorial_taskflow_api_virtualenv.py
[2023-12-03T23:11:03.347+0000] {processor.py:829} INFO - Processing file /home/ubuntu/redfin/lib/python3.10/site-packages/airflow/example_dags/tutorial_taskflow_api_virtualenv.py for tasks to queue
[2023-12-03T23:11:03.348+0000] {logging_mixin.py:154} INFO - [2023-12-03T23:11:03.347+0000] {dagbag.py:536} INFO - Filling up the DagBag from /home/ubuntu/redfin/lib/python3.10/site-packages/airflow/example_dags/tutorial_taskflow_api_virtualenv.py
[2023-12-03T23:11:03.351+0000] {logging_mixin.py:154} INFO - [2023-12-03T23:11:03.351+0000] {tutorial_taskflow_api_virtualenv.py:29} WARNING - The tutorial_taskflow_api_virtualenv example DAG requires virtualenv, please install it.
[2023-12-03T23:11:03.351+0000] {processor.py:841} WARNING - No viable dags retrieved from /home/ubuntu/redfin/lib/python3.10/site-packages/airflow/example_dags/tutorial_taskflow_api_virtualenv.py
[2023-12-03T23:11:03.363+0000] {processor.py:179} INFO - Processing /home/ubuntu/redfin/lib/python3.10/site-packages/airflow/example_dags/tutorial_taskflow_api_virtualenv.py took 0.021 seconds
[2023-12-03T23:11:51.050+0000] {processor.py:157} INFO - Started process (PID=4010) to work on /home/ubuntu/redfin/lib/python3.10/site-packages/airflow/example_dags/tutorial_taskflow_api_virtualenv.py
[2023-12-03T23:11:51.052+0000] {processor.py:829} INFO - Processing file /home/ubuntu/redfin/lib/python3.10/site-packages/airflow/example_dags/tutorial_taskflow_api_virtualenv.py for tasks to queue
[2023-12-03T23:11:51.053+0000] {logging_mixin.py:154} INFO - [2023-12-03T23:11:51.052+0000] {dagbag.py:536} INFO - Filling up the DagBag from /home/ubuntu/redfin/lib/python3.10/site-packages/airflow/example_dags/tutorial_taskflow_api_virtualenv.py
[2023-12-03T23:11:51.056+0000] {logging_mixin.py:154} INFO - [2023-12-03T23:11:51.056+0000] {tutorial_taskflow_api_virtualenv.py:29} WARNING - The tutorial_taskflow_api_virtualenv example DAG requires virtualenv, please install it.
[2023-12-03T23:11:51.056+0000] {processor.py:841} WARNING - No viable dags retrieved from /home/ubuntu/redfin/lib/python3.10/site-packages/airflow/example_dags/tutorial_taskflow_api_virtualenv.py
[2023-12-03T23:11:51.068+0000] {processor.py:179} INFO - Processing /home/ubuntu/redfin/lib/python3.10/site-packages/airflow/example_dags/tutorial_taskflow_api_virtualenv.py took 0.021 seconds
[2023-12-03T23:12:35.891+0000] {processor.py:157} INFO - Started process (PID=4059) to work on /home/ubuntu/redfin/lib/python3.10/site-packages/airflow/example_dags/tutorial_taskflow_api_virtualenv.py
[2023-12-03T23:12:35.892+0000] {processor.py:829} INFO - Processing file /home/ubuntu/redfin/lib/python3.10/site-packages/airflow/example_dags/tutorial_taskflow_api_virtualenv.py for tasks to queue
[2023-12-03T23:12:35.893+0000] {logging_mixin.py:154} INFO - [2023-12-03T23:12:35.893+0000] {dagbag.py:536} INFO - Filling up the DagBag from /home/ubuntu/redfin/lib/python3.10/site-packages/airflow/example_dags/tutorial_taskflow_api_virtualenv.py
[2023-12-03T23:12:35.896+0000] {logging_mixin.py:154} INFO - [2023-12-03T23:12:35.896+0000] {tutorial_taskflow_api_virtualenv.py:29} WARNING - The tutorial_taskflow_api_virtualenv example DAG requires virtualenv, please install it.
[2023-12-03T23:12:35.897+0000] {processor.py:841} WARNING - No viable dags retrieved from /home/ubuntu/redfin/lib/python3.10/site-packages/airflow/example_dags/tutorial_taskflow_api_virtualenv.py
[2023-12-03T23:12:35.908+0000] {processor.py:179} INFO - Processing /home/ubuntu/redfin/lib/python3.10/site-packages/airflow/example_dags/tutorial_taskflow_api_virtualenv.py took 0.020 seconds
[2023-12-03T23:13:23.584+0000] {processor.py:157} INFO - Started process (PID=4110) to work on /home/ubuntu/redfin/lib/python3.10/site-packages/airflow/example_dags/tutorial_taskflow_api_virtualenv.py
[2023-12-03T23:13:23.585+0000] {processor.py:829} INFO - Processing file /home/ubuntu/redfin/lib/python3.10/site-packages/airflow/example_dags/tutorial_taskflow_api_virtualenv.py for tasks to queue
[2023-12-03T23:13:23.586+0000] {logging_mixin.py:154} INFO - [2023-12-03T23:13:23.585+0000] {dagbag.py:536} INFO - Filling up the DagBag from /home/ubuntu/redfin/lib/python3.10/site-packages/airflow/example_dags/tutorial_taskflow_api_virtualenv.py
[2023-12-03T23:13:23.589+0000] {logging_mixin.py:154} INFO - [2023-12-03T23:13:23.589+0000] {tutorial_taskflow_api_virtualenv.py:29} WARNING - The tutorial_taskflow_api_virtualenv example DAG requires virtualenv, please install it.
[2023-12-03T23:13:23.589+0000] {processor.py:841} WARNING - No viable dags retrieved from /home/ubuntu/redfin/lib/python3.10/site-packages/airflow/example_dags/tutorial_taskflow_api_virtualenv.py
[2023-12-03T23:13:23.600+0000] {processor.py:179} INFO - Processing /home/ubuntu/redfin/lib/python3.10/site-packages/airflow/example_dags/tutorial_taskflow_api_virtualenv.py took 0.020 seconds
[2023-12-03T23:14:08.731+0000] {processor.py:157} INFO - Started process (PID=4159) to work on /home/ubuntu/redfin/lib/python3.10/site-packages/airflow/example_dags/tutorial_taskflow_api_virtualenv.py
[2023-12-03T23:14:08.732+0000] {processor.py:829} INFO - Processing file /home/ubuntu/redfin/lib/python3.10/site-packages/airflow/example_dags/tutorial_taskflow_api_virtualenv.py for tasks to queue
[2023-12-03T23:14:08.733+0000] {logging_mixin.py:154} INFO - [2023-12-03T23:14:08.733+0000] {dagbag.py:536} INFO - Filling up the DagBag from /home/ubuntu/redfin/lib/python3.10/site-packages/airflow/example_dags/tutorial_taskflow_api_virtualenv.py
[2023-12-03T23:14:08.736+0000] {logging_mixin.py:154} INFO - [2023-12-03T23:14:08.736+0000] {tutorial_taskflow_api_virtualenv.py:29} WARNING - The tutorial_taskflow_api_virtualenv example DAG requires virtualenv, please install it.
[2023-12-03T23:14:08.736+0000] {processor.py:841} WARNING - No viable dags retrieved from /home/ubuntu/redfin/lib/python3.10/site-packages/airflow/example_dags/tutorial_taskflow_api_virtualenv.py
[2023-12-03T23:14:08.747+0000] {processor.py:179} INFO - Processing /home/ubuntu/redfin/lib/python3.10/site-packages/airflow/example_dags/tutorial_taskflow_api_virtualenv.py took 0.021 seconds
[2023-12-03T23:14:56.583+0000] {processor.py:157} INFO - Started process (PID=4211) to work on /home/ubuntu/redfin/lib/python3.10/site-packages/airflow/example_dags/tutorial_taskflow_api_virtualenv.py
[2023-12-03T23:14:56.584+0000] {processor.py:829} INFO - Processing file /home/ubuntu/redfin/lib/python3.10/site-packages/airflow/example_dags/tutorial_taskflow_api_virtualenv.py for tasks to queue
[2023-12-03T23:14:56.585+0000] {logging_mixin.py:154} INFO - [2023-12-03T23:14:56.585+0000] {dagbag.py:536} INFO - Filling up the DagBag from /home/ubuntu/redfin/lib/python3.10/site-packages/airflow/example_dags/tutorial_taskflow_api_virtualenv.py
[2023-12-03T23:14:56.588+0000] {logging_mixin.py:154} INFO - [2023-12-03T23:14:56.588+0000] {tutorial_taskflow_api_virtualenv.py:29} WARNING - The tutorial_taskflow_api_virtualenv example DAG requires virtualenv, please install it.
[2023-12-03T23:14:56.589+0000] {processor.py:841} WARNING - No viable dags retrieved from /home/ubuntu/redfin/lib/python3.10/site-packages/airflow/example_dags/tutorial_taskflow_api_virtualenv.py
[2023-12-03T23:14:56.601+0000] {processor.py:179} INFO - Processing /home/ubuntu/redfin/lib/python3.10/site-packages/airflow/example_dags/tutorial_taskflow_api_virtualenv.py took 0.021 seconds
[2023-12-03T23:15:46.587+0000] {processor.py:157} INFO - Started process (PID=4267) to work on /home/ubuntu/redfin/lib/python3.10/site-packages/airflow/example_dags/tutorial_taskflow_api_virtualenv.py
[2023-12-03T23:15:46.588+0000] {processor.py:829} INFO - Processing file /home/ubuntu/redfin/lib/python3.10/site-packages/airflow/example_dags/tutorial_taskflow_api_virtualenv.py for tasks to queue
[2023-12-03T23:15:46.589+0000] {logging_mixin.py:154} INFO - [2023-12-03T23:15:46.589+0000] {dagbag.py:536} INFO - Filling up the DagBag from /home/ubuntu/redfin/lib/python3.10/site-packages/airflow/example_dags/tutorial_taskflow_api_virtualenv.py
[2023-12-03T23:15:46.592+0000] {logging_mixin.py:154} INFO - [2023-12-03T23:15:46.592+0000] {tutorial_taskflow_api_virtualenv.py:29} WARNING - The tutorial_taskflow_api_virtualenv example DAG requires virtualenv, please install it.
[2023-12-03T23:15:46.592+0000] {processor.py:841} WARNING - No viable dags retrieved from /home/ubuntu/redfin/lib/python3.10/site-packages/airflow/example_dags/tutorial_taskflow_api_virtualenv.py
[2023-12-03T23:15:46.604+0000] {processor.py:179} INFO - Processing /home/ubuntu/redfin/lib/python3.10/site-packages/airflow/example_dags/tutorial_taskflow_api_virtualenv.py took 0.021 seconds
[2023-12-03T23:16:33.818+0000] {processor.py:157} INFO - Started process (PID=4318) to work on /home/ubuntu/redfin/lib/python3.10/site-packages/airflow/example_dags/tutorial_taskflow_api_virtualenv.py
[2023-12-03T23:16:33.820+0000] {processor.py:829} INFO - Processing file /home/ubuntu/redfin/lib/python3.10/site-packages/airflow/example_dags/tutorial_taskflow_api_virtualenv.py for tasks to queue
[2023-12-03T23:16:33.821+0000] {logging_mixin.py:154} INFO - [2023-12-03T23:16:33.820+0000] {dagbag.py:536} INFO - Filling up the DagBag from /home/ubuntu/redfin/lib/python3.10/site-packages/airflow/example_dags/tutorial_taskflow_api_virtualenv.py
[2023-12-03T23:16:33.824+0000] {logging_mixin.py:154} INFO - [2023-12-03T23:16:33.824+0000] {tutorial_taskflow_api_virtualenv.py:29} WARNING - The tutorial_taskflow_api_virtualenv example DAG requires virtualenv, please install it.
[2023-12-03T23:16:33.824+0000] {processor.py:841} WARNING - No viable dags retrieved from /home/ubuntu/redfin/lib/python3.10/site-packages/airflow/example_dags/tutorial_taskflow_api_virtualenv.py
[2023-12-03T23:16:33.835+0000] {processor.py:179} INFO - Processing /home/ubuntu/redfin/lib/python3.10/site-packages/airflow/example_dags/tutorial_taskflow_api_virtualenv.py took 0.020 seconds
[2023-12-03T23:17:21.134+0000] {processor.py:157} INFO - Started process (PID=4375) to work on /home/ubuntu/redfin/lib/python3.10/site-packages/airflow/example_dags/tutorial_taskflow_api_virtualenv.py
[2023-12-03T23:17:21.136+0000] {processor.py:829} INFO - Processing file /home/ubuntu/redfin/lib/python3.10/site-packages/airflow/example_dags/tutorial_taskflow_api_virtualenv.py for tasks to queue
[2023-12-03T23:17:21.137+0000] {logging_mixin.py:154} INFO - [2023-12-03T23:17:21.136+0000] {dagbag.py:536} INFO - Filling up the DagBag from /home/ubuntu/redfin/lib/python3.10/site-packages/airflow/example_dags/tutorial_taskflow_api_virtualenv.py
[2023-12-03T23:17:21.140+0000] {logging_mixin.py:154} INFO - [2023-12-03T23:17:21.140+0000] {tutorial_taskflow_api_virtualenv.py:29} WARNING - The tutorial_taskflow_api_virtualenv example DAG requires virtualenv, please install it.
[2023-12-03T23:17:21.140+0000] {processor.py:841} WARNING - No viable dags retrieved from /home/ubuntu/redfin/lib/python3.10/site-packages/airflow/example_dags/tutorial_taskflow_api_virtualenv.py
[2023-12-03T23:17:21.151+0000] {processor.py:179} INFO - Processing /home/ubuntu/redfin/lib/python3.10/site-packages/airflow/example_dags/tutorial_taskflow_api_virtualenv.py took 0.020 seconds
[2023-12-03T23:18:05.887+0000] {processor.py:157} INFO - Started process (PID=4424) to work on /home/ubuntu/redfin/lib/python3.10/site-packages/airflow/example_dags/tutorial_taskflow_api_virtualenv.py
[2023-12-03T23:18:05.888+0000] {processor.py:829} INFO - Processing file /home/ubuntu/redfin/lib/python3.10/site-packages/airflow/example_dags/tutorial_taskflow_api_virtualenv.py for tasks to queue
[2023-12-03T23:18:05.889+0000] {logging_mixin.py:154} INFO - [2023-12-03T23:18:05.889+0000] {dagbag.py:536} INFO - Filling up the DagBag from /home/ubuntu/redfin/lib/python3.10/site-packages/airflow/example_dags/tutorial_taskflow_api_virtualenv.py
[2023-12-03T23:18:05.893+0000] {logging_mixin.py:154} INFO - [2023-12-03T23:18:05.892+0000] {tutorial_taskflow_api_virtualenv.py:29} WARNING - The tutorial_taskflow_api_virtualenv example DAG requires virtualenv, please install it.
[2023-12-03T23:18:05.893+0000] {processor.py:841} WARNING - No viable dags retrieved from /home/ubuntu/redfin/lib/python3.10/site-packages/airflow/example_dags/tutorial_taskflow_api_virtualenv.py
[2023-12-03T23:18:05.905+0000] {processor.py:179} INFO - Processing /home/ubuntu/redfin/lib/python3.10/site-packages/airflow/example_dags/tutorial_taskflow_api_virtualenv.py took 0.022 seconds
[2023-12-03T23:18:50.103+0000] {processor.py:157} INFO - Started process (PID=4475) to work on /home/ubuntu/redfin/lib/python3.10/site-packages/airflow/example_dags/tutorial_taskflow_api_virtualenv.py
[2023-12-03T23:18:50.104+0000] {processor.py:829} INFO - Processing file /home/ubuntu/redfin/lib/python3.10/site-packages/airflow/example_dags/tutorial_taskflow_api_virtualenv.py for tasks to queue
[2023-12-03T23:18:50.105+0000] {logging_mixin.py:154} INFO - [2023-12-03T23:18:50.105+0000] {dagbag.py:536} INFO - Filling up the DagBag from /home/ubuntu/redfin/lib/python3.10/site-packages/airflow/example_dags/tutorial_taskflow_api_virtualenv.py
[2023-12-03T23:18:50.109+0000] {logging_mixin.py:154} INFO - [2023-12-03T23:18:50.108+0000] {tutorial_taskflow_api_virtualenv.py:29} WARNING - The tutorial_taskflow_api_virtualenv example DAG requires virtualenv, please install it.
[2023-12-03T23:18:50.109+0000] {processor.py:841} WARNING - No viable dags retrieved from /home/ubuntu/redfin/lib/python3.10/site-packages/airflow/example_dags/tutorial_taskflow_api_virtualenv.py
[2023-12-03T23:18:50.120+0000] {processor.py:179} INFO - Processing /home/ubuntu/redfin/lib/python3.10/site-packages/airflow/example_dags/tutorial_taskflow_api_virtualenv.py took 0.021 seconds
[2023-12-03T23:19:33.674+0000] {processor.py:157} INFO - Started process (PID=4522) to work on /home/ubuntu/redfin/lib/python3.10/site-packages/airflow/example_dags/tutorial_taskflow_api_virtualenv.py
[2023-12-03T23:19:33.676+0000] {processor.py:829} INFO - Processing file /home/ubuntu/redfin/lib/python3.10/site-packages/airflow/example_dags/tutorial_taskflow_api_virtualenv.py for tasks to queue
[2023-12-03T23:19:33.677+0000] {logging_mixin.py:154} INFO - [2023-12-03T23:19:33.676+0000] {dagbag.py:536} INFO - Filling up the DagBag from /home/ubuntu/redfin/lib/python3.10/site-packages/airflow/example_dags/tutorial_taskflow_api_virtualenv.py
[2023-12-03T23:19:33.680+0000] {logging_mixin.py:154} INFO - [2023-12-03T23:19:33.680+0000] {tutorial_taskflow_api_virtualenv.py:29} WARNING - The tutorial_taskflow_api_virtualenv example DAG requires virtualenv, please install it.
[2023-12-03T23:19:33.680+0000] {processor.py:841} WARNING - No viable dags retrieved from /home/ubuntu/redfin/lib/python3.10/site-packages/airflow/example_dags/tutorial_taskflow_api_virtualenv.py
[2023-12-03T23:19:33.692+0000] {processor.py:179} INFO - Processing /home/ubuntu/redfin/lib/python3.10/site-packages/airflow/example_dags/tutorial_taskflow_api_virtualenv.py took 0.021 seconds
[2023-12-03T23:20:17.666+0000] {processor.py:157} INFO - Started process (PID=4571) to work on /home/ubuntu/redfin/lib/python3.10/site-packages/airflow/example_dags/tutorial_taskflow_api_virtualenv.py
[2023-12-03T23:20:17.668+0000] {processor.py:829} INFO - Processing file /home/ubuntu/redfin/lib/python3.10/site-packages/airflow/example_dags/tutorial_taskflow_api_virtualenv.py for tasks to queue
[2023-12-03T23:20:17.669+0000] {logging_mixin.py:154} INFO - [2023-12-03T23:20:17.668+0000] {dagbag.py:536} INFO - Filling up the DagBag from /home/ubuntu/redfin/lib/python3.10/site-packages/airflow/example_dags/tutorial_taskflow_api_virtualenv.py
[2023-12-03T23:20:17.672+0000] {logging_mixin.py:154} INFO - [2023-12-03T23:20:17.672+0000] {tutorial_taskflow_api_virtualenv.py:29} WARNING - The tutorial_taskflow_api_virtualenv example DAG requires virtualenv, please install it.
[2023-12-03T23:20:17.672+0000] {processor.py:841} WARNING - No viable dags retrieved from /home/ubuntu/redfin/lib/python3.10/site-packages/airflow/example_dags/tutorial_taskflow_api_virtualenv.py
[2023-12-03T23:20:17.685+0000] {processor.py:179} INFO - Processing /home/ubuntu/redfin/lib/python3.10/site-packages/airflow/example_dags/tutorial_taskflow_api_virtualenv.py took 0.023 seconds
[2023-12-03T23:20:59.659+0000] {processor.py:157} INFO - Started process (PID=4618) to work on /home/ubuntu/redfin/lib/python3.10/site-packages/airflow/example_dags/tutorial_taskflow_api_virtualenv.py
[2023-12-03T23:20:59.660+0000] {processor.py:829} INFO - Processing file /home/ubuntu/redfin/lib/python3.10/site-packages/airflow/example_dags/tutorial_taskflow_api_virtualenv.py for tasks to queue
[2023-12-03T23:20:59.661+0000] {logging_mixin.py:154} INFO - [2023-12-03T23:20:59.661+0000] {dagbag.py:536} INFO - Filling up the DagBag from /home/ubuntu/redfin/lib/python3.10/site-packages/airflow/example_dags/tutorial_taskflow_api_virtualenv.py
[2023-12-03T23:20:59.665+0000] {logging_mixin.py:154} INFO - [2023-12-03T23:20:59.665+0000] {tutorial_taskflow_api_virtualenv.py:29} WARNING - The tutorial_taskflow_api_virtualenv example DAG requires virtualenv, please install it.
[2023-12-03T23:20:59.665+0000] {processor.py:841} WARNING - No viable dags retrieved from /home/ubuntu/redfin/lib/python3.10/site-packages/airflow/example_dags/tutorial_taskflow_api_virtualenv.py
[2023-12-03T23:20:59.677+0000] {processor.py:179} INFO - Processing /home/ubuntu/redfin/lib/python3.10/site-packages/airflow/example_dags/tutorial_taskflow_api_virtualenv.py took 0.022 seconds
[2023-12-03T23:21:49.197+0000] {processor.py:157} INFO - Started process (PID=4673) to work on /home/ubuntu/redfin/lib/python3.10/site-packages/airflow/example_dags/tutorial_taskflow_api_virtualenv.py
[2023-12-03T23:21:49.198+0000] {processor.py:829} INFO - Processing file /home/ubuntu/redfin/lib/python3.10/site-packages/airflow/example_dags/tutorial_taskflow_api_virtualenv.py for tasks to queue
[2023-12-03T23:21:49.199+0000] {logging_mixin.py:154} INFO - [2023-12-03T23:21:49.199+0000] {dagbag.py:536} INFO - Filling up the DagBag from /home/ubuntu/redfin/lib/python3.10/site-packages/airflow/example_dags/tutorial_taskflow_api_virtualenv.py
[2023-12-03T23:21:49.203+0000] {logging_mixin.py:154} INFO - [2023-12-03T23:21:49.203+0000] {tutorial_taskflow_api_virtualenv.py:29} WARNING - The tutorial_taskflow_api_virtualenv example DAG requires virtualenv, please install it.
[2023-12-03T23:21:49.203+0000] {processor.py:841} WARNING - No viable dags retrieved from /home/ubuntu/redfin/lib/python3.10/site-packages/airflow/example_dags/tutorial_taskflow_api_virtualenv.py
[2023-12-03T23:21:49.214+0000] {processor.py:179} INFO - Processing /home/ubuntu/redfin/lib/python3.10/site-packages/airflow/example_dags/tutorial_taskflow_api_virtualenv.py took 0.021 seconds
[2023-12-03T23:22:29.702+0000] {processor.py:157} INFO - Started process (PID=4718) to work on /home/ubuntu/redfin/lib/python3.10/site-packages/airflow/example_dags/tutorial_taskflow_api_virtualenv.py
[2023-12-03T23:22:29.704+0000] {processor.py:829} INFO - Processing file /home/ubuntu/redfin/lib/python3.10/site-packages/airflow/example_dags/tutorial_taskflow_api_virtualenv.py for tasks to queue
[2023-12-03T23:22:29.704+0000] {logging_mixin.py:154} INFO - [2023-12-03T23:22:29.704+0000] {dagbag.py:536} INFO - Filling up the DagBag from /home/ubuntu/redfin/lib/python3.10/site-packages/airflow/example_dags/tutorial_taskflow_api_virtualenv.py
[2023-12-03T23:22:29.708+0000] {logging_mixin.py:154} INFO - [2023-12-03T23:22:29.707+0000] {tutorial_taskflow_api_virtualenv.py:29} WARNING - The tutorial_taskflow_api_virtualenv example DAG requires virtualenv, please install it.
[2023-12-03T23:22:29.708+0000] {processor.py:841} WARNING - No viable dags retrieved from /home/ubuntu/redfin/lib/python3.10/site-packages/airflow/example_dags/tutorial_taskflow_api_virtualenv.py
[2023-12-03T23:22:29.719+0000] {processor.py:179} INFO - Processing /home/ubuntu/redfin/lib/python3.10/site-packages/airflow/example_dags/tutorial_taskflow_api_virtualenv.py took 0.021 seconds
[2023-12-03T23:23:14.832+0000] {processor.py:157} INFO - Started process (PID=4767) to work on /home/ubuntu/redfin/lib/python3.10/site-packages/airflow/example_dags/tutorial_taskflow_api_virtualenv.py
[2023-12-03T23:23:14.833+0000] {processor.py:829} INFO - Processing file /home/ubuntu/redfin/lib/python3.10/site-packages/airflow/example_dags/tutorial_taskflow_api_virtualenv.py for tasks to queue
[2023-12-03T23:23:14.834+0000] {logging_mixin.py:154} INFO - [2023-12-03T23:23:14.834+0000] {dagbag.py:536} INFO - Filling up the DagBag from /home/ubuntu/redfin/lib/python3.10/site-packages/airflow/example_dags/tutorial_taskflow_api_virtualenv.py
[2023-12-03T23:23:14.837+0000] {logging_mixin.py:154} INFO - [2023-12-03T23:23:14.837+0000] {tutorial_taskflow_api_virtualenv.py:29} WARNING - The tutorial_taskflow_api_virtualenv example DAG requires virtualenv, please install it.
[2023-12-03T23:23:14.837+0000] {processor.py:841} WARNING - No viable dags retrieved from /home/ubuntu/redfin/lib/python3.10/site-packages/airflow/example_dags/tutorial_taskflow_api_virtualenv.py
[2023-12-03T23:23:14.849+0000] {processor.py:179} INFO - Processing /home/ubuntu/redfin/lib/python3.10/site-packages/airflow/example_dags/tutorial_taskflow_api_virtualenv.py took 0.020 seconds
[2023-12-03T23:24:02.660+0000] {processor.py:157} INFO - Started process (PID=4818) to work on /home/ubuntu/redfin/lib/python3.10/site-packages/airflow/example_dags/tutorial_taskflow_api_virtualenv.py
[2023-12-03T23:24:02.661+0000] {processor.py:829} INFO - Processing file /home/ubuntu/redfin/lib/python3.10/site-packages/airflow/example_dags/tutorial_taskflow_api_virtualenv.py for tasks to queue
[2023-12-03T23:24:02.662+0000] {logging_mixin.py:154} INFO - [2023-12-03T23:24:02.661+0000] {dagbag.py:536} INFO - Filling up the DagBag from /home/ubuntu/redfin/lib/python3.10/site-packages/airflow/example_dags/tutorial_taskflow_api_virtualenv.py
[2023-12-03T23:24:02.665+0000] {logging_mixin.py:154} INFO - [2023-12-03T23:24:02.665+0000] {tutorial_taskflow_api_virtualenv.py:29} WARNING - The tutorial_taskflow_api_virtualenv example DAG requires virtualenv, please install it.
[2023-12-03T23:24:02.665+0000] {processor.py:841} WARNING - No viable dags retrieved from /home/ubuntu/redfin/lib/python3.10/site-packages/airflow/example_dags/tutorial_taskflow_api_virtualenv.py
[2023-12-03T23:24:02.678+0000] {processor.py:179} INFO - Processing /home/ubuntu/redfin/lib/python3.10/site-packages/airflow/example_dags/tutorial_taskflow_api_virtualenv.py took 0.022 seconds
[2023-12-03T23:24:49.015+0000] {processor.py:157} INFO - Started process (PID=4871) to work on /home/ubuntu/redfin/lib/python3.10/site-packages/airflow/example_dags/tutorial_taskflow_api_virtualenv.py
[2023-12-03T23:24:49.016+0000] {processor.py:829} INFO - Processing file /home/ubuntu/redfin/lib/python3.10/site-packages/airflow/example_dags/tutorial_taskflow_api_virtualenv.py for tasks to queue
[2023-12-03T23:24:49.017+0000] {logging_mixin.py:154} INFO - [2023-12-03T23:24:49.017+0000] {dagbag.py:536} INFO - Filling up the DagBag from /home/ubuntu/redfin/lib/python3.10/site-packages/airflow/example_dags/tutorial_taskflow_api_virtualenv.py
[2023-12-03T23:24:49.021+0000] {logging_mixin.py:154} INFO - [2023-12-03T23:24:49.020+0000] {tutorial_taskflow_api_virtualenv.py:29} WARNING - The tutorial_taskflow_api_virtualenv example DAG requires virtualenv, please install it.
[2023-12-03T23:24:49.021+0000] {processor.py:841} WARNING - No viable dags retrieved from /home/ubuntu/redfin/lib/python3.10/site-packages/airflow/example_dags/tutorial_taskflow_api_virtualenv.py
[2023-12-03T23:24:49.033+0000] {processor.py:179} INFO - Processing /home/ubuntu/redfin/lib/python3.10/site-packages/airflow/example_dags/tutorial_taskflow_api_virtualenv.py took 0.022 seconds
[2023-12-03T23:25:39.407+0000] {processor.py:157} INFO - Started process (PID=4924) to work on /home/ubuntu/redfin/lib/python3.10/site-packages/airflow/example_dags/tutorial_taskflow_api_virtualenv.py
[2023-12-03T23:25:39.410+0000] {processor.py:829} INFO - Processing file /home/ubuntu/redfin/lib/python3.10/site-packages/airflow/example_dags/tutorial_taskflow_api_virtualenv.py for tasks to queue
[2023-12-03T23:25:39.411+0000] {logging_mixin.py:154} INFO - [2023-12-03T23:25:39.411+0000] {dagbag.py:536} INFO - Filling up the DagBag from /home/ubuntu/redfin/lib/python3.10/site-packages/airflow/example_dags/tutorial_taskflow_api_virtualenv.py
[2023-12-03T23:25:39.414+0000] {logging_mixin.py:154} INFO - [2023-12-03T23:25:39.414+0000] {tutorial_taskflow_api_virtualenv.py:29} WARNING - The tutorial_taskflow_api_virtualenv example DAG requires virtualenv, please install it.
[2023-12-03T23:25:39.414+0000] {processor.py:841} WARNING - No viable dags retrieved from /home/ubuntu/redfin/lib/python3.10/site-packages/airflow/example_dags/tutorial_taskflow_api_virtualenv.py
[2023-12-03T23:25:39.426+0000] {processor.py:179} INFO - Processing /home/ubuntu/redfin/lib/python3.10/site-packages/airflow/example_dags/tutorial_taskflow_api_virtualenv.py took 0.022 seconds
[2023-12-03T23:26:25.594+0000] {processor.py:157} INFO - Started process (PID=4974) to work on /home/ubuntu/redfin/lib/python3.10/site-packages/airflow/example_dags/tutorial_taskflow_api_virtualenv.py
[2023-12-03T23:26:25.595+0000] {processor.py:829} INFO - Processing file /home/ubuntu/redfin/lib/python3.10/site-packages/airflow/example_dags/tutorial_taskflow_api_virtualenv.py for tasks to queue
[2023-12-03T23:26:25.596+0000] {logging_mixin.py:154} INFO - [2023-12-03T23:26:25.596+0000] {dagbag.py:536} INFO - Filling up the DagBag from /home/ubuntu/redfin/lib/python3.10/site-packages/airflow/example_dags/tutorial_taskflow_api_virtualenv.py
[2023-12-03T23:26:25.600+0000] {logging_mixin.py:154} INFO - [2023-12-03T23:26:25.599+0000] {tutorial_taskflow_api_virtualenv.py:29} WARNING - The tutorial_taskflow_api_virtualenv example DAG requires virtualenv, please install it.
[2023-12-03T23:26:25.600+0000] {processor.py:841} WARNING - No viable dags retrieved from /home/ubuntu/redfin/lib/python3.10/site-packages/airflow/example_dags/tutorial_taskflow_api_virtualenv.py
[2023-12-03T23:26:25.611+0000] {processor.py:179} INFO - Processing /home/ubuntu/redfin/lib/python3.10/site-packages/airflow/example_dags/tutorial_taskflow_api_virtualenv.py took 0.021 seconds
[2023-12-03T23:27:08.456+0000] {processor.py:157} INFO - Started process (PID=5023) to work on /home/ubuntu/redfin/lib/python3.10/site-packages/airflow/example_dags/tutorial_taskflow_api_virtualenv.py
[2023-12-03T23:27:08.457+0000] {processor.py:829} INFO - Processing file /home/ubuntu/redfin/lib/python3.10/site-packages/airflow/example_dags/tutorial_taskflow_api_virtualenv.py for tasks to queue
[2023-12-03T23:27:08.458+0000] {logging_mixin.py:154} INFO - [2023-12-03T23:27:08.457+0000] {dagbag.py:536} INFO - Filling up the DagBag from /home/ubuntu/redfin/lib/python3.10/site-packages/airflow/example_dags/tutorial_taskflow_api_virtualenv.py
[2023-12-03T23:27:08.461+0000] {logging_mixin.py:154} INFO - [2023-12-03T23:27:08.461+0000] {tutorial_taskflow_api_virtualenv.py:29} WARNING - The tutorial_taskflow_api_virtualenv example DAG requires virtualenv, please install it.
[2023-12-03T23:27:08.461+0000] {processor.py:841} WARNING - No viable dags retrieved from /home/ubuntu/redfin/lib/python3.10/site-packages/airflow/example_dags/tutorial_taskflow_api_virtualenv.py
[2023-12-03T23:27:08.473+0000] {processor.py:179} INFO - Processing /home/ubuntu/redfin/lib/python3.10/site-packages/airflow/example_dags/tutorial_taskflow_api_virtualenv.py took 0.021 seconds
[2023-12-03T23:27:50.249+0000] {processor.py:157} INFO - Started process (PID=5070) to work on /home/ubuntu/redfin/lib/python3.10/site-packages/airflow/example_dags/tutorial_taskflow_api_virtualenv.py
[2023-12-03T23:27:50.250+0000] {processor.py:829} INFO - Processing file /home/ubuntu/redfin/lib/python3.10/site-packages/airflow/example_dags/tutorial_taskflow_api_virtualenv.py for tasks to queue
[2023-12-03T23:27:50.251+0000] {logging_mixin.py:154} INFO - [2023-12-03T23:27:50.250+0000] {dagbag.py:536} INFO - Filling up the DagBag from /home/ubuntu/redfin/lib/python3.10/site-packages/airflow/example_dags/tutorial_taskflow_api_virtualenv.py
[2023-12-03T23:27:50.254+0000] {logging_mixin.py:154} INFO - [2023-12-03T23:27:50.254+0000] {tutorial_taskflow_api_virtualenv.py:29} WARNING - The tutorial_taskflow_api_virtualenv example DAG requires virtualenv, please install it.
[2023-12-03T23:27:50.254+0000] {processor.py:841} WARNING - No viable dags retrieved from /home/ubuntu/redfin/lib/python3.10/site-packages/airflow/example_dags/tutorial_taskflow_api_virtualenv.py
[2023-12-03T23:27:50.266+0000] {processor.py:179} INFO - Processing /home/ubuntu/redfin/lib/python3.10/site-packages/airflow/example_dags/tutorial_taskflow_api_virtualenv.py took 0.021 seconds
[2023-12-03T23:28:36.431+0000] {processor.py:157} INFO - Started process (PID=5119) to work on /home/ubuntu/redfin/lib/python3.10/site-packages/airflow/example_dags/tutorial_taskflow_api_virtualenv.py
[2023-12-03T23:28:36.432+0000] {processor.py:829} INFO - Processing file /home/ubuntu/redfin/lib/python3.10/site-packages/airflow/example_dags/tutorial_taskflow_api_virtualenv.py for tasks to queue
[2023-12-03T23:28:36.433+0000] {logging_mixin.py:154} INFO - [2023-12-03T23:28:36.433+0000] {dagbag.py:536} INFO - Filling up the DagBag from /home/ubuntu/redfin/lib/python3.10/site-packages/airflow/example_dags/tutorial_taskflow_api_virtualenv.py
[2023-12-03T23:28:36.436+0000] {logging_mixin.py:154} INFO - [2023-12-03T23:28:36.436+0000] {tutorial_taskflow_api_virtualenv.py:29} WARNING - The tutorial_taskflow_api_virtualenv example DAG requires virtualenv, please install it.
[2023-12-03T23:28:36.436+0000] {processor.py:841} WARNING - No viable dags retrieved from /home/ubuntu/redfin/lib/python3.10/site-packages/airflow/example_dags/tutorial_taskflow_api_virtualenv.py
[2023-12-03T23:28:36.448+0000] {processor.py:179} INFO - Processing /home/ubuntu/redfin/lib/python3.10/site-packages/airflow/example_dags/tutorial_taskflow_api_virtualenv.py took 0.021 seconds
[2023-12-03T23:29:24.233+0000] {processor.py:157} INFO - Started process (PID=5173) to work on /home/ubuntu/redfin/lib/python3.10/site-packages/airflow/example_dags/tutorial_taskflow_api_virtualenv.py
[2023-12-03T23:29:24.235+0000] {processor.py:829} INFO - Processing file /home/ubuntu/redfin/lib/python3.10/site-packages/airflow/example_dags/tutorial_taskflow_api_virtualenv.py for tasks to queue
[2023-12-03T23:29:24.235+0000] {logging_mixin.py:154} INFO - [2023-12-03T23:29:24.235+0000] {dagbag.py:536} INFO - Filling up the DagBag from /home/ubuntu/redfin/lib/python3.10/site-packages/airflow/example_dags/tutorial_taskflow_api_virtualenv.py
[2023-12-03T23:29:24.239+0000] {logging_mixin.py:154} INFO - [2023-12-03T23:29:24.238+0000] {tutorial_taskflow_api_virtualenv.py:29} WARNING - The tutorial_taskflow_api_virtualenv example DAG requires virtualenv, please install it.
[2023-12-03T23:29:24.239+0000] {processor.py:841} WARNING - No viable dags retrieved from /home/ubuntu/redfin/lib/python3.10/site-packages/airflow/example_dags/tutorial_taskflow_api_virtualenv.py
[2023-12-03T23:29:24.250+0000] {processor.py:179} INFO - Processing /home/ubuntu/redfin/lib/python3.10/site-packages/airflow/example_dags/tutorial_taskflow_api_virtualenv.py took 0.021 seconds
[2023-12-03T23:30:12.882+0000] {processor.py:157} INFO - Started process (PID=5226) to work on /home/ubuntu/redfin/lib/python3.10/site-packages/airflow/example_dags/tutorial_taskflow_api_virtualenv.py
[2023-12-03T23:30:12.883+0000] {processor.py:829} INFO - Processing file /home/ubuntu/redfin/lib/python3.10/site-packages/airflow/example_dags/tutorial_taskflow_api_virtualenv.py for tasks to queue
[2023-12-03T23:30:12.884+0000] {logging_mixin.py:154} INFO - [2023-12-03T23:30:12.883+0000] {dagbag.py:536} INFO - Filling up the DagBag from /home/ubuntu/redfin/lib/python3.10/site-packages/airflow/example_dags/tutorial_taskflow_api_virtualenv.py
[2023-12-03T23:30:12.887+0000] {logging_mixin.py:154} INFO - [2023-12-03T23:30:12.887+0000] {tutorial_taskflow_api_virtualenv.py:29} WARNING - The tutorial_taskflow_api_virtualenv example DAG requires virtualenv, please install it.
[2023-12-03T23:30:12.887+0000] {processor.py:841} WARNING - No viable dags retrieved from /home/ubuntu/redfin/lib/python3.10/site-packages/airflow/example_dags/tutorial_taskflow_api_virtualenv.py
[2023-12-03T23:30:12.899+0000] {processor.py:179} INFO - Processing /home/ubuntu/redfin/lib/python3.10/site-packages/airflow/example_dags/tutorial_taskflow_api_virtualenv.py took 0.021 seconds
[2023-12-03T23:30:57.561+0000] {processor.py:157} INFO - Started process (PID=5276) to work on /home/ubuntu/redfin/lib/python3.10/site-packages/airflow/example_dags/tutorial_taskflow_api_virtualenv.py
[2023-12-03T23:30:57.563+0000] {processor.py:829} INFO - Processing file /home/ubuntu/redfin/lib/python3.10/site-packages/airflow/example_dags/tutorial_taskflow_api_virtualenv.py for tasks to queue
[2023-12-03T23:30:57.563+0000] {logging_mixin.py:154} INFO - [2023-12-03T23:30:57.563+0000] {dagbag.py:536} INFO - Filling up the DagBag from /home/ubuntu/redfin/lib/python3.10/site-packages/airflow/example_dags/tutorial_taskflow_api_virtualenv.py
[2023-12-03T23:30:57.566+0000] {logging_mixin.py:154} INFO - [2023-12-03T23:30:57.566+0000] {tutorial_taskflow_api_virtualenv.py:29} WARNING - The tutorial_taskflow_api_virtualenv example DAG requires virtualenv, please install it.
[2023-12-03T23:30:57.567+0000] {processor.py:841} WARNING - No viable dags retrieved from /home/ubuntu/redfin/lib/python3.10/site-packages/airflow/example_dags/tutorial_taskflow_api_virtualenv.py
[2023-12-03T23:30:57.578+0000] {processor.py:179} INFO - Processing /home/ubuntu/redfin/lib/python3.10/site-packages/airflow/example_dags/tutorial_taskflow_api_virtualenv.py took 0.021 seconds
[2023-12-03T23:31:46.336+0000] {processor.py:157} INFO - Started process (PID=5330) to work on /home/ubuntu/redfin/lib/python3.10/site-packages/airflow/example_dags/tutorial_taskflow_api_virtualenv.py
[2023-12-03T23:31:46.338+0000] {processor.py:829} INFO - Processing file /home/ubuntu/redfin/lib/python3.10/site-packages/airflow/example_dags/tutorial_taskflow_api_virtualenv.py for tasks to queue
[2023-12-03T23:31:46.338+0000] {logging_mixin.py:154} INFO - [2023-12-03T23:31:46.338+0000] {dagbag.py:536} INFO - Filling up the DagBag from /home/ubuntu/redfin/lib/python3.10/site-packages/airflow/example_dags/tutorial_taskflow_api_virtualenv.py
[2023-12-03T23:31:46.342+0000] {logging_mixin.py:154} INFO - [2023-12-03T23:31:46.342+0000] {tutorial_taskflow_api_virtualenv.py:29} WARNING - The tutorial_taskflow_api_virtualenv example DAG requires virtualenv, please install it.
[2023-12-03T23:31:46.342+0000] {processor.py:841} WARNING - No viable dags retrieved from /home/ubuntu/redfin/lib/python3.10/site-packages/airflow/example_dags/tutorial_taskflow_api_virtualenv.py
[2023-12-03T23:31:46.354+0000] {processor.py:179} INFO - Processing /home/ubuntu/redfin/lib/python3.10/site-packages/airflow/example_dags/tutorial_taskflow_api_virtualenv.py took 0.021 seconds
[2023-12-03T23:32:31.012+0000] {processor.py:157} INFO - Started process (PID=5379) to work on /home/ubuntu/redfin/lib/python3.10/site-packages/airflow/example_dags/tutorial_taskflow_api_virtualenv.py
[2023-12-03T23:32:31.014+0000] {processor.py:829} INFO - Processing file /home/ubuntu/redfin/lib/python3.10/site-packages/airflow/example_dags/tutorial_taskflow_api_virtualenv.py for tasks to queue
[2023-12-03T23:32:31.015+0000] {logging_mixin.py:154} INFO - [2023-12-03T23:32:31.014+0000] {dagbag.py:536} INFO - Filling up the DagBag from /home/ubuntu/redfin/lib/python3.10/site-packages/airflow/example_dags/tutorial_taskflow_api_virtualenv.py
[2023-12-03T23:32:31.018+0000] {logging_mixin.py:154} INFO - [2023-12-03T23:32:31.018+0000] {tutorial_taskflow_api_virtualenv.py:29} WARNING - The tutorial_taskflow_api_virtualenv example DAG requires virtualenv, please install it.
[2023-12-03T23:32:31.018+0000] {processor.py:841} WARNING - No viable dags retrieved from /home/ubuntu/redfin/lib/python3.10/site-packages/airflow/example_dags/tutorial_taskflow_api_virtualenv.py
[2023-12-03T23:32:31.031+0000] {processor.py:179} INFO - Processing /home/ubuntu/redfin/lib/python3.10/site-packages/airflow/example_dags/tutorial_taskflow_api_virtualenv.py took 0.022 seconds
[2023-12-03T23:33:15.091+0000] {processor.py:157} INFO - Started process (PID=5427) to work on /home/ubuntu/redfin/lib/python3.10/site-packages/airflow/example_dags/tutorial_taskflow_api_virtualenv.py
[2023-12-03T23:33:15.092+0000] {processor.py:829} INFO - Processing file /home/ubuntu/redfin/lib/python3.10/site-packages/airflow/example_dags/tutorial_taskflow_api_virtualenv.py for tasks to queue
[2023-12-03T23:33:15.093+0000] {logging_mixin.py:154} INFO - [2023-12-03T23:33:15.093+0000] {dagbag.py:536} INFO - Filling up the DagBag from /home/ubuntu/redfin/lib/python3.10/site-packages/airflow/example_dags/tutorial_taskflow_api_virtualenv.py
[2023-12-03T23:33:15.097+0000] {logging_mixin.py:154} INFO - [2023-12-03T23:33:15.096+0000] {tutorial_taskflow_api_virtualenv.py:29} WARNING - The tutorial_taskflow_api_virtualenv example DAG requires virtualenv, please install it.
[2023-12-03T23:33:15.097+0000] {processor.py:841} WARNING - No viable dags retrieved from /home/ubuntu/redfin/lib/python3.10/site-packages/airflow/example_dags/tutorial_taskflow_api_virtualenv.py
[2023-12-03T23:33:15.109+0000] {processor.py:179} INFO - Processing /home/ubuntu/redfin/lib/python3.10/site-packages/airflow/example_dags/tutorial_taskflow_api_virtualenv.py took 0.022 seconds
[2023-12-03T23:34:00.971+0000] {processor.py:157} INFO - Started process (PID=5477) to work on /home/ubuntu/redfin/lib/python3.10/site-packages/airflow/example_dags/tutorial_taskflow_api_virtualenv.py
[2023-12-03T23:34:00.972+0000] {processor.py:829} INFO - Processing file /home/ubuntu/redfin/lib/python3.10/site-packages/airflow/example_dags/tutorial_taskflow_api_virtualenv.py for tasks to queue
[2023-12-03T23:34:00.973+0000] {logging_mixin.py:154} INFO - [2023-12-03T23:34:00.973+0000] {dagbag.py:536} INFO - Filling up the DagBag from /home/ubuntu/redfin/lib/python3.10/site-packages/airflow/example_dags/tutorial_taskflow_api_virtualenv.py
[2023-12-03T23:34:00.976+0000] {logging_mixin.py:154} INFO - [2023-12-03T23:34:00.976+0000] {tutorial_taskflow_api_virtualenv.py:29} WARNING - The tutorial_taskflow_api_virtualenv example DAG requires virtualenv, please install it.
[2023-12-03T23:34:00.977+0000] {processor.py:841} WARNING - No viable dags retrieved from /home/ubuntu/redfin/lib/python3.10/site-packages/airflow/example_dags/tutorial_taskflow_api_virtualenv.py
[2023-12-03T23:34:00.989+0000] {processor.py:179} INFO - Processing /home/ubuntu/redfin/lib/python3.10/site-packages/airflow/example_dags/tutorial_taskflow_api_virtualenv.py took 0.022 seconds
[2023-12-03T23:34:50.002+0000] {processor.py:157} INFO - Started process (PID=5531) to work on /home/ubuntu/redfin/lib/python3.10/site-packages/airflow/example_dags/tutorial_taskflow_api_virtualenv.py
[2023-12-03T23:34:50.004+0000] {processor.py:829} INFO - Processing file /home/ubuntu/redfin/lib/python3.10/site-packages/airflow/example_dags/tutorial_taskflow_api_virtualenv.py for tasks to queue
[2023-12-03T23:34:50.004+0000] {logging_mixin.py:154} INFO - [2023-12-03T23:34:50.004+0000] {dagbag.py:536} INFO - Filling up the DagBag from /home/ubuntu/redfin/lib/python3.10/site-packages/airflow/example_dags/tutorial_taskflow_api_virtualenv.py
[2023-12-03T23:34:50.008+0000] {logging_mixin.py:154} INFO - [2023-12-03T23:34:50.008+0000] {tutorial_taskflow_api_virtualenv.py:29} WARNING - The tutorial_taskflow_api_virtualenv example DAG requires virtualenv, please install it.
[2023-12-03T23:34:50.008+0000] {processor.py:841} WARNING - No viable dags retrieved from /home/ubuntu/redfin/lib/python3.10/site-packages/airflow/example_dags/tutorial_taskflow_api_virtualenv.py
[2023-12-03T23:34:50.020+0000] {processor.py:179} INFO - Processing /home/ubuntu/redfin/lib/python3.10/site-packages/airflow/example_dags/tutorial_taskflow_api_virtualenv.py took 0.022 seconds
[2023-12-03T23:35:39.095+0000] {processor.py:157} INFO - Started process (PID=5584) to work on /home/ubuntu/redfin/lib/python3.10/site-packages/airflow/example_dags/tutorial_taskflow_api_virtualenv.py
[2023-12-03T23:35:39.097+0000] {processor.py:829} INFO - Processing file /home/ubuntu/redfin/lib/python3.10/site-packages/airflow/example_dags/tutorial_taskflow_api_virtualenv.py for tasks to queue
[2023-12-03T23:35:39.098+0000] {logging_mixin.py:154} INFO - [2023-12-03T23:35:39.097+0000] {dagbag.py:536} INFO - Filling up the DagBag from /home/ubuntu/redfin/lib/python3.10/site-packages/airflow/example_dags/tutorial_taskflow_api_virtualenv.py
[2023-12-03T23:35:39.101+0000] {logging_mixin.py:154} INFO - [2023-12-03T23:35:39.101+0000] {tutorial_taskflow_api_virtualenv.py:29} WARNING - The tutorial_taskflow_api_virtualenv example DAG requires virtualenv, please install it.
[2023-12-03T23:35:39.101+0000] {processor.py:841} WARNING - No viable dags retrieved from /home/ubuntu/redfin/lib/python3.10/site-packages/airflow/example_dags/tutorial_taskflow_api_virtualenv.py
[2023-12-03T23:35:39.113+0000] {processor.py:179} INFO - Processing /home/ubuntu/redfin/lib/python3.10/site-packages/airflow/example_dags/tutorial_taskflow_api_virtualenv.py took 0.022 seconds
[2023-12-03T23:36:31.502+0000] {processor.py:157} INFO - Started process (PID=5640) to work on /home/ubuntu/redfin/lib/python3.10/site-packages/airflow/example_dags/tutorial_taskflow_api_virtualenv.py
[2023-12-03T23:36:31.503+0000] {processor.py:829} INFO - Processing file /home/ubuntu/redfin/lib/python3.10/site-packages/airflow/example_dags/tutorial_taskflow_api_virtualenv.py for tasks to queue
[2023-12-03T23:36:31.504+0000] {logging_mixin.py:154} INFO - [2023-12-03T23:36:31.504+0000] {dagbag.py:536} INFO - Filling up the DagBag from /home/ubuntu/redfin/lib/python3.10/site-packages/airflow/example_dags/tutorial_taskflow_api_virtualenv.py
[2023-12-03T23:36:31.507+0000] {logging_mixin.py:154} INFO - [2023-12-03T23:36:31.507+0000] {tutorial_taskflow_api_virtualenv.py:29} WARNING - The tutorial_taskflow_api_virtualenv example DAG requires virtualenv, please install it.
[2023-12-03T23:36:31.507+0000] {processor.py:841} WARNING - No viable dags retrieved from /home/ubuntu/redfin/lib/python3.10/site-packages/airflow/example_dags/tutorial_taskflow_api_virtualenv.py
[2023-12-03T23:36:31.520+0000] {processor.py:179} INFO - Processing /home/ubuntu/redfin/lib/python3.10/site-packages/airflow/example_dags/tutorial_taskflow_api_virtualenv.py took 0.022 seconds
[2023-12-03T23:37:20.656+0000] {processor.py:157} INFO - Started process (PID=5693) to work on /home/ubuntu/redfin/lib/python3.10/site-packages/airflow/example_dags/tutorial_taskflow_api_virtualenv.py
[2023-12-03T23:37:20.658+0000] {processor.py:829} INFO - Processing file /home/ubuntu/redfin/lib/python3.10/site-packages/airflow/example_dags/tutorial_taskflow_api_virtualenv.py for tasks to queue
[2023-12-03T23:37:20.659+0000] {logging_mixin.py:154} INFO - [2023-12-03T23:37:20.658+0000] {dagbag.py:536} INFO - Filling up the DagBag from /home/ubuntu/redfin/lib/python3.10/site-packages/airflow/example_dags/tutorial_taskflow_api_virtualenv.py
[2023-12-03T23:37:20.662+0000] {logging_mixin.py:154} INFO - [2023-12-03T23:37:20.662+0000] {tutorial_taskflow_api_virtualenv.py:29} WARNING - The tutorial_taskflow_api_virtualenv example DAG requires virtualenv, please install it.
[2023-12-03T23:37:20.662+0000] {processor.py:841} WARNING - No viable dags retrieved from /home/ubuntu/redfin/lib/python3.10/site-packages/airflow/example_dags/tutorial_taskflow_api_virtualenv.py
[2023-12-03T23:37:20.675+0000] {processor.py:179} INFO - Processing /home/ubuntu/redfin/lib/python3.10/site-packages/airflow/example_dags/tutorial_taskflow_api_virtualenv.py took 0.022 seconds
[2023-12-03T23:38:04.514+0000] {processor.py:157} INFO - Started process (PID=5742) to work on /home/ubuntu/redfin/lib/python3.10/site-packages/airflow/example_dags/tutorial_taskflow_api_virtualenv.py
[2023-12-03T23:38:04.516+0000] {processor.py:829} INFO - Processing file /home/ubuntu/redfin/lib/python3.10/site-packages/airflow/example_dags/tutorial_taskflow_api_virtualenv.py for tasks to queue
[2023-12-03T23:38:04.517+0000] {logging_mixin.py:154} INFO - [2023-12-03T23:38:04.516+0000] {dagbag.py:536} INFO - Filling up the DagBag from /home/ubuntu/redfin/lib/python3.10/site-packages/airflow/example_dags/tutorial_taskflow_api_virtualenv.py
[2023-12-03T23:38:04.520+0000] {logging_mixin.py:154} INFO - [2023-12-03T23:38:04.520+0000] {tutorial_taskflow_api_virtualenv.py:29} WARNING - The tutorial_taskflow_api_virtualenv example DAG requires virtualenv, please install it.
[2023-12-03T23:38:04.520+0000] {processor.py:841} WARNING - No viable dags retrieved from /home/ubuntu/redfin/lib/python3.10/site-packages/airflow/example_dags/tutorial_taskflow_api_virtualenv.py
[2023-12-03T23:38:04.531+0000] {processor.py:179} INFO - Processing /home/ubuntu/redfin/lib/python3.10/site-packages/airflow/example_dags/tutorial_taskflow_api_virtualenv.py took 0.021 seconds
[2023-12-03T23:38:53.061+0000] {processor.py:157} INFO - Started process (PID=5797) to work on /home/ubuntu/redfin/lib/python3.10/site-packages/airflow/example_dags/tutorial_taskflow_api_virtualenv.py
[2023-12-03T23:38:53.063+0000] {processor.py:829} INFO - Processing file /home/ubuntu/redfin/lib/python3.10/site-packages/airflow/example_dags/tutorial_taskflow_api_virtualenv.py for tasks to queue
[2023-12-03T23:38:53.064+0000] {logging_mixin.py:154} INFO - [2023-12-03T23:38:53.063+0000] {dagbag.py:536} INFO - Filling up the DagBag from /home/ubuntu/redfin/lib/python3.10/site-packages/airflow/example_dags/tutorial_taskflow_api_virtualenv.py
[2023-12-03T23:38:53.067+0000] {logging_mixin.py:154} INFO - [2023-12-03T23:38:53.067+0000] {tutorial_taskflow_api_virtualenv.py:29} WARNING - The tutorial_taskflow_api_virtualenv example DAG requires virtualenv, please install it.
[2023-12-03T23:38:53.067+0000] {processor.py:841} WARNING - No viable dags retrieved from /home/ubuntu/redfin/lib/python3.10/site-packages/airflow/example_dags/tutorial_taskflow_api_virtualenv.py
[2023-12-03T23:38:53.079+0000] {processor.py:179} INFO - Processing /home/ubuntu/redfin/lib/python3.10/site-packages/airflow/example_dags/tutorial_taskflow_api_virtualenv.py took 0.021 seconds
[2023-12-03T23:39:39.383+0000] {processor.py:157} INFO - Started process (PID=5847) to work on /home/ubuntu/redfin/lib/python3.10/site-packages/airflow/example_dags/tutorial_taskflow_api_virtualenv.py
[2023-12-03T23:39:39.385+0000] {processor.py:829} INFO - Processing file /home/ubuntu/redfin/lib/python3.10/site-packages/airflow/example_dags/tutorial_taskflow_api_virtualenv.py for tasks to queue
[2023-12-03T23:39:39.386+0000] {logging_mixin.py:154} INFO - [2023-12-03T23:39:39.385+0000] {dagbag.py:536} INFO - Filling up the DagBag from /home/ubuntu/redfin/lib/python3.10/site-packages/airflow/example_dags/tutorial_taskflow_api_virtualenv.py
[2023-12-03T23:39:39.389+0000] {logging_mixin.py:154} INFO - [2023-12-03T23:39:39.389+0000] {tutorial_taskflow_api_virtualenv.py:29} WARNING - The tutorial_taskflow_api_virtualenv example DAG requires virtualenv, please install it.
[2023-12-03T23:39:39.389+0000] {processor.py:841} WARNING - No viable dags retrieved from /home/ubuntu/redfin/lib/python3.10/site-packages/airflow/example_dags/tutorial_taskflow_api_virtualenv.py
[2023-12-03T23:39:39.401+0000] {processor.py:179} INFO - Processing /home/ubuntu/redfin/lib/python3.10/site-packages/airflow/example_dags/tutorial_taskflow_api_virtualenv.py took 0.022 seconds
[2023-12-03T23:40:26.043+0000] {processor.py:157} INFO - Started process (PID=5897) to work on /home/ubuntu/redfin/lib/python3.10/site-packages/airflow/example_dags/tutorial_taskflow_api_virtualenv.py
[2023-12-03T23:40:26.044+0000] {processor.py:829} INFO - Processing file /home/ubuntu/redfin/lib/python3.10/site-packages/airflow/example_dags/tutorial_taskflow_api_virtualenv.py for tasks to queue
[2023-12-03T23:40:26.045+0000] {logging_mixin.py:154} INFO - [2023-12-03T23:40:26.045+0000] {dagbag.py:536} INFO - Filling up the DagBag from /home/ubuntu/redfin/lib/python3.10/site-packages/airflow/example_dags/tutorial_taskflow_api_virtualenv.py
[2023-12-03T23:40:26.048+0000] {logging_mixin.py:154} INFO - [2023-12-03T23:40:26.048+0000] {tutorial_taskflow_api_virtualenv.py:29} WARNING - The tutorial_taskflow_api_virtualenv example DAG requires virtualenv, please install it.
[2023-12-03T23:40:26.048+0000] {processor.py:841} WARNING - No viable dags retrieved from /home/ubuntu/redfin/lib/python3.10/site-packages/airflow/example_dags/tutorial_taskflow_api_virtualenv.py
[2023-12-03T23:40:26.060+0000] {processor.py:179} INFO - Processing /home/ubuntu/redfin/lib/python3.10/site-packages/airflow/example_dags/tutorial_taskflow_api_virtualenv.py took 0.021 seconds
[2023-12-03T23:41:17.269+0000] {processor.py:157} INFO - Started process (PID=5951) to work on /home/ubuntu/redfin/lib/python3.10/site-packages/airflow/example_dags/tutorial_taskflow_api_virtualenv.py
[2023-12-03T23:41:17.270+0000] {processor.py:829} INFO - Processing file /home/ubuntu/redfin/lib/python3.10/site-packages/airflow/example_dags/tutorial_taskflow_api_virtualenv.py for tasks to queue
[2023-12-03T23:41:17.271+0000] {logging_mixin.py:154} INFO - [2023-12-03T23:41:17.271+0000] {dagbag.py:536} INFO - Filling up the DagBag from /home/ubuntu/redfin/lib/python3.10/site-packages/airflow/example_dags/tutorial_taskflow_api_virtualenv.py
[2023-12-03T23:41:17.274+0000] {logging_mixin.py:154} INFO - [2023-12-03T23:41:17.274+0000] {tutorial_taskflow_api_virtualenv.py:29} WARNING - The tutorial_taskflow_api_virtualenv example DAG requires virtualenv, please install it.
[2023-12-03T23:41:17.275+0000] {processor.py:841} WARNING - No viable dags retrieved from /home/ubuntu/redfin/lib/python3.10/site-packages/airflow/example_dags/tutorial_taskflow_api_virtualenv.py
[2023-12-03T23:41:17.286+0000] {processor.py:179} INFO - Processing /home/ubuntu/redfin/lib/python3.10/site-packages/airflow/example_dags/tutorial_taskflow_api_virtualenv.py took 0.021 seconds
[2023-12-03T23:42:00.690+0000] {processor.py:157} INFO - Started process (PID=6000) to work on /home/ubuntu/redfin/lib/python3.10/site-packages/airflow/example_dags/tutorial_taskflow_api_virtualenv.py
[2023-12-03T23:42:00.691+0000] {processor.py:829} INFO - Processing file /home/ubuntu/redfin/lib/python3.10/site-packages/airflow/example_dags/tutorial_taskflow_api_virtualenv.py for tasks to queue
[2023-12-03T23:42:00.692+0000] {logging_mixin.py:154} INFO - [2023-12-03T23:42:00.692+0000] {dagbag.py:536} INFO - Filling up the DagBag from /home/ubuntu/redfin/lib/python3.10/site-packages/airflow/example_dags/tutorial_taskflow_api_virtualenv.py
[2023-12-03T23:42:00.696+0000] {logging_mixin.py:154} INFO - [2023-12-03T23:42:00.695+0000] {tutorial_taskflow_api_virtualenv.py:29} WARNING - The tutorial_taskflow_api_virtualenv example DAG requires virtualenv, please install it.
[2023-12-03T23:42:00.696+0000] {processor.py:841} WARNING - No viable dags retrieved from /home/ubuntu/redfin/lib/python3.10/site-packages/airflow/example_dags/tutorial_taskflow_api_virtualenv.py
[2023-12-03T23:42:00.708+0000] {processor.py:179} INFO - Processing /home/ubuntu/redfin/lib/python3.10/site-packages/airflow/example_dags/tutorial_taskflow_api_virtualenv.py took 0.022 seconds
[2023-12-03T23:42:49.125+0000] {processor.py:157} INFO - Started process (PID=6055) to work on /home/ubuntu/redfin/lib/python3.10/site-packages/airflow/example_dags/tutorial_taskflow_api_virtualenv.py
[2023-12-03T23:42:49.126+0000] {processor.py:829} INFO - Processing file /home/ubuntu/redfin/lib/python3.10/site-packages/airflow/example_dags/tutorial_taskflow_api_virtualenv.py for tasks to queue
[2023-12-03T23:42:49.127+0000] {logging_mixin.py:154} INFO - [2023-12-03T23:42:49.127+0000] {dagbag.py:536} INFO - Filling up the DagBag from /home/ubuntu/redfin/lib/python3.10/site-packages/airflow/example_dags/tutorial_taskflow_api_virtualenv.py
[2023-12-03T23:42:49.130+0000] {logging_mixin.py:154} INFO - [2023-12-03T23:42:49.130+0000] {tutorial_taskflow_api_virtualenv.py:29} WARNING - The tutorial_taskflow_api_virtualenv example DAG requires virtualenv, please install it.
[2023-12-03T23:42:49.131+0000] {processor.py:841} WARNING - No viable dags retrieved from /home/ubuntu/redfin/lib/python3.10/site-packages/airflow/example_dags/tutorial_taskflow_api_virtualenv.py
[2023-12-03T23:42:49.143+0000] {processor.py:179} INFO - Processing /home/ubuntu/redfin/lib/python3.10/site-packages/airflow/example_dags/tutorial_taskflow_api_virtualenv.py took 0.022 seconds
[2023-12-03T23:43:34.959+0000] {processor.py:157} INFO - Started process (PID=6104) to work on /home/ubuntu/redfin/lib/python3.10/site-packages/airflow/example_dags/tutorial_taskflow_api_virtualenv.py
[2023-12-03T23:43:34.960+0000] {processor.py:829} INFO - Processing file /home/ubuntu/redfin/lib/python3.10/site-packages/airflow/example_dags/tutorial_taskflow_api_virtualenv.py for tasks to queue
[2023-12-03T23:43:34.961+0000] {logging_mixin.py:154} INFO - [2023-12-03T23:43:34.960+0000] {dagbag.py:536} INFO - Filling up the DagBag from /home/ubuntu/redfin/lib/python3.10/site-packages/airflow/example_dags/tutorial_taskflow_api_virtualenv.py
[2023-12-03T23:43:34.964+0000] {logging_mixin.py:154} INFO - [2023-12-03T23:43:34.964+0000] {tutorial_taskflow_api_virtualenv.py:29} WARNING - The tutorial_taskflow_api_virtualenv example DAG requires virtualenv, please install it.
[2023-12-03T23:43:34.964+0000] {processor.py:841} WARNING - No viable dags retrieved from /home/ubuntu/redfin/lib/python3.10/site-packages/airflow/example_dags/tutorial_taskflow_api_virtualenv.py
[2023-12-03T23:43:34.976+0000] {processor.py:179} INFO - Processing /home/ubuntu/redfin/lib/python3.10/site-packages/airflow/example_dags/tutorial_taskflow_api_virtualenv.py took 0.021 seconds
[2023-12-03T23:44:24.054+0000] {processor.py:157} INFO - Started process (PID=6411) to work on /home/ubuntu/redfin/lib/python3.10/site-packages/airflow/example_dags/tutorial_taskflow_api_virtualenv.py
[2023-12-03T23:44:24.056+0000] {processor.py:829} INFO - Processing file /home/ubuntu/redfin/lib/python3.10/site-packages/airflow/example_dags/tutorial_taskflow_api_virtualenv.py for tasks to queue
[2023-12-03T23:44:24.057+0000] {logging_mixin.py:154} INFO - [2023-12-03T23:44:24.056+0000] {dagbag.py:536} INFO - Filling up the DagBag from /home/ubuntu/redfin/lib/python3.10/site-packages/airflow/example_dags/tutorial_taskflow_api_virtualenv.py
[2023-12-03T23:44:24.060+0000] {logging_mixin.py:154} INFO - [2023-12-03T23:44:24.060+0000] {tutorial_taskflow_api_virtualenv.py:29} WARNING - The tutorial_taskflow_api_virtualenv example DAG requires virtualenv, please install it.
[2023-12-03T23:44:24.060+0000] {processor.py:841} WARNING - No viable dags retrieved from /home/ubuntu/redfin/lib/python3.10/site-packages/airflow/example_dags/tutorial_taskflow_api_virtualenv.py
[2023-12-03T23:44:24.071+0000] {processor.py:179} INFO - Processing /home/ubuntu/redfin/lib/python3.10/site-packages/airflow/example_dags/tutorial_taskflow_api_virtualenv.py took 0.021 seconds
[2023-12-03T23:45:04.921+0000] {processor.py:157} INFO - Started process (PID=6614) to work on /home/ubuntu/redfin/lib/python3.10/site-packages/airflow/example_dags/tutorial_taskflow_api_virtualenv.py
[2023-12-03T23:45:04.923+0000] {processor.py:829} INFO - Processing file /home/ubuntu/redfin/lib/python3.10/site-packages/airflow/example_dags/tutorial_taskflow_api_virtualenv.py for tasks to queue
[2023-12-03T23:45:04.924+0000] {logging_mixin.py:154} INFO - [2023-12-03T23:45:04.923+0000] {dagbag.py:536} INFO - Filling up the DagBag from /home/ubuntu/redfin/lib/python3.10/site-packages/airflow/example_dags/tutorial_taskflow_api_virtualenv.py
[2023-12-03T23:45:04.927+0000] {logging_mixin.py:154} INFO - [2023-12-03T23:45:04.927+0000] {tutorial_taskflow_api_virtualenv.py:29} WARNING - The tutorial_taskflow_api_virtualenv example DAG requires virtualenv, please install it.
[2023-12-03T23:45:04.927+0000] {processor.py:841} WARNING - No viable dags retrieved from /home/ubuntu/redfin/lib/python3.10/site-packages/airflow/example_dags/tutorial_taskflow_api_virtualenv.py
[2023-12-03T23:45:04.939+0000] {processor.py:179} INFO - Processing /home/ubuntu/redfin/lib/python3.10/site-packages/airflow/example_dags/tutorial_taskflow_api_virtualenv.py took 0.021 seconds
[2023-12-03T23:45:51.849+0000] {processor.py:157} INFO - Started process (PID=6666) to work on /home/ubuntu/redfin/lib/python3.10/site-packages/airflow/example_dags/tutorial_taskflow_api_virtualenv.py
[2023-12-03T23:45:51.850+0000] {processor.py:829} INFO - Processing file /home/ubuntu/redfin/lib/python3.10/site-packages/airflow/example_dags/tutorial_taskflow_api_virtualenv.py for tasks to queue
[2023-12-03T23:45:51.851+0000] {logging_mixin.py:154} INFO - [2023-12-03T23:45:51.851+0000] {dagbag.py:536} INFO - Filling up the DagBag from /home/ubuntu/redfin/lib/python3.10/site-packages/airflow/example_dags/tutorial_taskflow_api_virtualenv.py
[2023-12-03T23:45:51.854+0000] {logging_mixin.py:154} INFO - [2023-12-03T23:45:51.854+0000] {tutorial_taskflow_api_virtualenv.py:29} WARNING - The tutorial_taskflow_api_virtualenv example DAG requires virtualenv, please install it.
[2023-12-03T23:45:51.855+0000] {processor.py:841} WARNING - No viable dags retrieved from /home/ubuntu/redfin/lib/python3.10/site-packages/airflow/example_dags/tutorial_taskflow_api_virtualenv.py
[2023-12-03T23:45:51.866+0000] {processor.py:179} INFO - Processing /home/ubuntu/redfin/lib/python3.10/site-packages/airflow/example_dags/tutorial_taskflow_api_virtualenv.py took 0.021 seconds
[2023-12-03T23:46:36.497+0000] {processor.py:157} INFO - Started process (PID=6715) to work on /home/ubuntu/redfin/lib/python3.10/site-packages/airflow/example_dags/tutorial_taskflow_api_virtualenv.py
[2023-12-03T23:46:36.498+0000] {processor.py:829} INFO - Processing file /home/ubuntu/redfin/lib/python3.10/site-packages/airflow/example_dags/tutorial_taskflow_api_virtualenv.py for tasks to queue
[2023-12-03T23:46:36.499+0000] {logging_mixin.py:154} INFO - [2023-12-03T23:46:36.499+0000] {dagbag.py:536} INFO - Filling up the DagBag from /home/ubuntu/redfin/lib/python3.10/site-packages/airflow/example_dags/tutorial_taskflow_api_virtualenv.py
[2023-12-03T23:46:36.502+0000] {logging_mixin.py:154} INFO - [2023-12-03T23:46:36.502+0000] {tutorial_taskflow_api_virtualenv.py:29} WARNING - The tutorial_taskflow_api_virtualenv example DAG requires virtualenv, please install it.
[2023-12-03T23:46:36.503+0000] {processor.py:841} WARNING - No viable dags retrieved from /home/ubuntu/redfin/lib/python3.10/site-packages/airflow/example_dags/tutorial_taskflow_api_virtualenv.py
[2023-12-03T23:46:36.515+0000] {processor.py:179} INFO - Processing /home/ubuntu/redfin/lib/python3.10/site-packages/airflow/example_dags/tutorial_taskflow_api_virtualenv.py took 0.022 seconds
[2023-12-03T23:47:25.585+0000] {processor.py:157} INFO - Started process (PID=6775) to work on /home/ubuntu/redfin/lib/python3.10/site-packages/airflow/example_dags/tutorial_taskflow_api_virtualenv.py
[2023-12-03T23:47:25.587+0000] {processor.py:829} INFO - Processing file /home/ubuntu/redfin/lib/python3.10/site-packages/airflow/example_dags/tutorial_taskflow_api_virtualenv.py for tasks to queue
[2023-12-03T23:47:25.588+0000] {logging_mixin.py:154} INFO - [2023-12-03T23:47:25.587+0000] {dagbag.py:536} INFO - Filling up the DagBag from /home/ubuntu/redfin/lib/python3.10/site-packages/airflow/example_dags/tutorial_taskflow_api_virtualenv.py
[2023-12-03T23:47:25.591+0000] {logging_mixin.py:154} INFO - [2023-12-03T23:47:25.591+0000] {tutorial_taskflow_api_virtualenv.py:29} WARNING - The tutorial_taskflow_api_virtualenv example DAG requires virtualenv, please install it.
[2023-12-03T23:47:25.591+0000] {processor.py:841} WARNING - No viable dags retrieved from /home/ubuntu/redfin/lib/python3.10/site-packages/airflow/example_dags/tutorial_taskflow_api_virtualenv.py
[2023-12-03T23:47:25.603+0000] {processor.py:179} INFO - Processing /home/ubuntu/redfin/lib/python3.10/site-packages/airflow/example_dags/tutorial_taskflow_api_virtualenv.py took 0.022 seconds
[2023-12-03T23:48:13.592+0000] {processor.py:157} INFO - Started process (PID=6857) to work on /home/ubuntu/redfin/lib/python3.10/site-packages/airflow/example_dags/tutorial_taskflow_api_virtualenv.py
[2023-12-03T23:48:13.593+0000] {processor.py:829} INFO - Processing file /home/ubuntu/redfin/lib/python3.10/site-packages/airflow/example_dags/tutorial_taskflow_api_virtualenv.py for tasks to queue
[2023-12-03T23:48:13.594+0000] {logging_mixin.py:154} INFO - [2023-12-03T23:48:13.593+0000] {dagbag.py:536} INFO - Filling up the DagBag from /home/ubuntu/redfin/lib/python3.10/site-packages/airflow/example_dags/tutorial_taskflow_api_virtualenv.py
[2023-12-03T23:48:13.597+0000] {logging_mixin.py:154} INFO - [2023-12-03T23:48:13.597+0000] {tutorial_taskflow_api_virtualenv.py:29} WARNING - The tutorial_taskflow_api_virtualenv example DAG requires virtualenv, please install it.
[2023-12-03T23:48:13.597+0000] {processor.py:841} WARNING - No viable dags retrieved from /home/ubuntu/redfin/lib/python3.10/site-packages/airflow/example_dags/tutorial_taskflow_api_virtualenv.py
[2023-12-03T23:48:13.609+0000] {processor.py:179} INFO - Processing /home/ubuntu/redfin/lib/python3.10/site-packages/airflow/example_dags/tutorial_taskflow_api_virtualenv.py took 0.020 seconds
[2023-12-03T23:49:03.476+0000] {processor.py:157} INFO - Started process (PID=6915) to work on /home/ubuntu/redfin/lib/python3.10/site-packages/airflow/example_dags/tutorial_taskflow_api_virtualenv.py
[2023-12-03T23:49:03.477+0000] {processor.py:829} INFO - Processing file /home/ubuntu/redfin/lib/python3.10/site-packages/airflow/example_dags/tutorial_taskflow_api_virtualenv.py for tasks to queue
[2023-12-03T23:49:03.478+0000] {logging_mixin.py:154} INFO - [2023-12-03T23:49:03.478+0000] {dagbag.py:536} INFO - Filling up the DagBag from /home/ubuntu/redfin/lib/python3.10/site-packages/airflow/example_dags/tutorial_taskflow_api_virtualenv.py
[2023-12-03T23:49:03.481+0000] {logging_mixin.py:154} INFO - [2023-12-03T23:49:03.481+0000] {tutorial_taskflow_api_virtualenv.py:29} WARNING - The tutorial_taskflow_api_virtualenv example DAG requires virtualenv, please install it.
[2023-12-03T23:49:03.482+0000] {processor.py:841} WARNING - No viable dags retrieved from /home/ubuntu/redfin/lib/python3.10/site-packages/airflow/example_dags/tutorial_taskflow_api_virtualenv.py
[2023-12-03T23:49:03.494+0000] {processor.py:179} INFO - Processing /home/ubuntu/redfin/lib/python3.10/site-packages/airflow/example_dags/tutorial_taskflow_api_virtualenv.py took 0.022 seconds
[2023-12-03T23:49:54.983+0000] {processor.py:157} INFO - Started process (PID=6969) to work on /home/ubuntu/redfin/lib/python3.10/site-packages/airflow/example_dags/tutorial_taskflow_api_virtualenv.py
[2023-12-03T23:49:54.984+0000] {processor.py:829} INFO - Processing file /home/ubuntu/redfin/lib/python3.10/site-packages/airflow/example_dags/tutorial_taskflow_api_virtualenv.py for tasks to queue
[2023-12-03T23:49:54.985+0000] {logging_mixin.py:154} INFO - [2023-12-03T23:49:54.985+0000] {dagbag.py:536} INFO - Filling up the DagBag from /home/ubuntu/redfin/lib/python3.10/site-packages/airflow/example_dags/tutorial_taskflow_api_virtualenv.py
[2023-12-03T23:49:54.988+0000] {logging_mixin.py:154} INFO - [2023-12-03T23:49:54.988+0000] {tutorial_taskflow_api_virtualenv.py:29} WARNING - The tutorial_taskflow_api_virtualenv example DAG requires virtualenv, please install it.
[2023-12-03T23:49:54.989+0000] {processor.py:841} WARNING - No viable dags retrieved from /home/ubuntu/redfin/lib/python3.10/site-packages/airflow/example_dags/tutorial_taskflow_api_virtualenv.py
[2023-12-03T23:49:55.000+0000] {processor.py:179} INFO - Processing /home/ubuntu/redfin/lib/python3.10/site-packages/airflow/example_dags/tutorial_taskflow_api_virtualenv.py took 0.020 seconds
[2023-12-03T23:50:41.683+0000] {processor.py:157} INFO - Started process (PID=7023) to work on /home/ubuntu/redfin/lib/python3.10/site-packages/airflow/example_dags/tutorial_taskflow_api_virtualenv.py
[2023-12-03T23:50:41.685+0000] {processor.py:829} INFO - Processing file /home/ubuntu/redfin/lib/python3.10/site-packages/airflow/example_dags/tutorial_taskflow_api_virtualenv.py for tasks to queue
[2023-12-03T23:50:41.686+0000] {logging_mixin.py:154} INFO - [2023-12-03T23:50:41.686+0000] {dagbag.py:536} INFO - Filling up the DagBag from /home/ubuntu/redfin/lib/python3.10/site-packages/airflow/example_dags/tutorial_taskflow_api_virtualenv.py
[2023-12-03T23:50:41.689+0000] {logging_mixin.py:154} INFO - [2023-12-03T23:50:41.689+0000] {tutorial_taskflow_api_virtualenv.py:29} WARNING - The tutorial_taskflow_api_virtualenv example DAG requires virtualenv, please install it.
[2023-12-03T23:50:41.689+0000] {processor.py:841} WARNING - No viable dags retrieved from /home/ubuntu/redfin/lib/python3.10/site-packages/airflow/example_dags/tutorial_taskflow_api_virtualenv.py
[2023-12-03T23:50:41.701+0000] {processor.py:179} INFO - Processing /home/ubuntu/redfin/lib/python3.10/site-packages/airflow/example_dags/tutorial_taskflow_api_virtualenv.py took 0.021 seconds
[2023-12-03T23:51:28.194+0000] {processor.py:157} INFO - Started process (PID=7074) to work on /home/ubuntu/redfin/lib/python3.10/site-packages/airflow/example_dags/tutorial_taskflow_api_virtualenv.py
[2023-12-03T23:51:28.195+0000] {processor.py:829} INFO - Processing file /home/ubuntu/redfin/lib/python3.10/site-packages/airflow/example_dags/tutorial_taskflow_api_virtualenv.py for tasks to queue
[2023-12-03T23:51:28.196+0000] {logging_mixin.py:154} INFO - [2023-12-03T23:51:28.196+0000] {dagbag.py:536} INFO - Filling up the DagBag from /home/ubuntu/redfin/lib/python3.10/site-packages/airflow/example_dags/tutorial_taskflow_api_virtualenv.py
[2023-12-03T23:51:28.199+0000] {logging_mixin.py:154} INFO - [2023-12-03T23:51:28.199+0000] {tutorial_taskflow_api_virtualenv.py:29} WARNING - The tutorial_taskflow_api_virtualenv example DAG requires virtualenv, please install it.
[2023-12-03T23:51:28.200+0000] {processor.py:841} WARNING - No viable dags retrieved from /home/ubuntu/redfin/lib/python3.10/site-packages/airflow/example_dags/tutorial_taskflow_api_virtualenv.py
[2023-12-03T23:51:28.211+0000] {processor.py:179} INFO - Processing /home/ubuntu/redfin/lib/python3.10/site-packages/airflow/example_dags/tutorial_taskflow_api_virtualenv.py took 0.021 seconds
[2023-12-03T23:52:17.750+0000] {processor.py:157} INFO - Started process (PID=7129) to work on /home/ubuntu/redfin/lib/python3.10/site-packages/airflow/example_dags/tutorial_taskflow_api_virtualenv.py
[2023-12-03T23:52:17.752+0000] {processor.py:829} INFO - Processing file /home/ubuntu/redfin/lib/python3.10/site-packages/airflow/example_dags/tutorial_taskflow_api_virtualenv.py for tasks to queue
[2023-12-03T23:52:17.753+0000] {logging_mixin.py:154} INFO - [2023-12-03T23:52:17.752+0000] {dagbag.py:536} INFO - Filling up the DagBag from /home/ubuntu/redfin/lib/python3.10/site-packages/airflow/example_dags/tutorial_taskflow_api_virtualenv.py
[2023-12-03T23:52:17.756+0000] {logging_mixin.py:154} INFO - [2023-12-03T23:52:17.756+0000] {tutorial_taskflow_api_virtualenv.py:29} WARNING - The tutorial_taskflow_api_virtualenv example DAG requires virtualenv, please install it.
[2023-12-03T23:52:17.756+0000] {processor.py:841} WARNING - No viable dags retrieved from /home/ubuntu/redfin/lib/python3.10/site-packages/airflow/example_dags/tutorial_taskflow_api_virtualenv.py
[2023-12-03T23:52:17.768+0000] {processor.py:179} INFO - Processing /home/ubuntu/redfin/lib/python3.10/site-packages/airflow/example_dags/tutorial_taskflow_api_virtualenv.py took 0.021 seconds
[2023-12-03T23:53:06.643+0000] {processor.py:157} INFO - Started process (PID=7181) to work on /home/ubuntu/redfin/lib/python3.10/site-packages/airflow/example_dags/tutorial_taskflow_api_virtualenv.py
[2023-12-03T23:53:06.644+0000] {processor.py:829} INFO - Processing file /home/ubuntu/redfin/lib/python3.10/site-packages/airflow/example_dags/tutorial_taskflow_api_virtualenv.py for tasks to queue
[2023-12-03T23:53:06.645+0000] {logging_mixin.py:154} INFO - [2023-12-03T23:53:06.645+0000] {dagbag.py:536} INFO - Filling up the DagBag from /home/ubuntu/redfin/lib/python3.10/site-packages/airflow/example_dags/tutorial_taskflow_api_virtualenv.py
[2023-12-03T23:53:06.649+0000] {logging_mixin.py:154} INFO - [2023-12-03T23:53:06.648+0000] {tutorial_taskflow_api_virtualenv.py:29} WARNING - The tutorial_taskflow_api_virtualenv example DAG requires virtualenv, please install it.
[2023-12-03T23:53:06.649+0000] {processor.py:841} WARNING - No viable dags retrieved from /home/ubuntu/redfin/lib/python3.10/site-packages/airflow/example_dags/tutorial_taskflow_api_virtualenv.py
[2023-12-03T23:53:06.660+0000] {processor.py:179} INFO - Processing /home/ubuntu/redfin/lib/python3.10/site-packages/airflow/example_dags/tutorial_taskflow_api_virtualenv.py took 0.021 seconds
[2023-12-03T23:53:55.127+0000] {processor.py:157} INFO - Started process (PID=7237) to work on /home/ubuntu/redfin/lib/python3.10/site-packages/airflow/example_dags/tutorial_taskflow_api_virtualenv.py
[2023-12-03T23:53:55.129+0000] {processor.py:829} INFO - Processing file /home/ubuntu/redfin/lib/python3.10/site-packages/airflow/example_dags/tutorial_taskflow_api_virtualenv.py for tasks to queue
[2023-12-03T23:53:55.130+0000] {logging_mixin.py:154} INFO - [2023-12-03T23:53:55.129+0000] {dagbag.py:536} INFO - Filling up the DagBag from /home/ubuntu/redfin/lib/python3.10/site-packages/airflow/example_dags/tutorial_taskflow_api_virtualenv.py
[2023-12-03T23:53:55.133+0000] {logging_mixin.py:154} INFO - [2023-12-03T23:53:55.133+0000] {tutorial_taskflow_api_virtualenv.py:29} WARNING - The tutorial_taskflow_api_virtualenv example DAG requires virtualenv, please install it.
[2023-12-03T23:53:55.133+0000] {processor.py:841} WARNING - No viable dags retrieved from /home/ubuntu/redfin/lib/python3.10/site-packages/airflow/example_dags/tutorial_taskflow_api_virtualenv.py
[2023-12-03T23:53:55.145+0000] {processor.py:179} INFO - Processing /home/ubuntu/redfin/lib/python3.10/site-packages/airflow/example_dags/tutorial_taskflow_api_virtualenv.py took 0.022 seconds
[2023-12-03T23:54:42.648+0000] {processor.py:157} INFO - Started process (PID=7288) to work on /home/ubuntu/redfin/lib/python3.10/site-packages/airflow/example_dags/tutorial_taskflow_api_virtualenv.py
[2023-12-03T23:54:42.650+0000] {processor.py:829} INFO - Processing file /home/ubuntu/redfin/lib/python3.10/site-packages/airflow/example_dags/tutorial_taskflow_api_virtualenv.py for tasks to queue
[2023-12-03T23:54:42.651+0000] {logging_mixin.py:154} INFO - [2023-12-03T23:54:42.650+0000] {dagbag.py:536} INFO - Filling up the DagBag from /home/ubuntu/redfin/lib/python3.10/site-packages/airflow/example_dags/tutorial_taskflow_api_virtualenv.py
[2023-12-03T23:54:42.654+0000] {logging_mixin.py:154} INFO - [2023-12-03T23:54:42.654+0000] {tutorial_taskflow_api_virtualenv.py:29} WARNING - The tutorial_taskflow_api_virtualenv example DAG requires virtualenv, please install it.
[2023-12-03T23:54:42.654+0000] {processor.py:841} WARNING - No viable dags retrieved from /home/ubuntu/redfin/lib/python3.10/site-packages/airflow/example_dags/tutorial_taskflow_api_virtualenv.py
[2023-12-03T23:54:42.667+0000] {processor.py:179} INFO - Processing /home/ubuntu/redfin/lib/python3.10/site-packages/airflow/example_dags/tutorial_taskflow_api_virtualenv.py took 0.022 seconds
[2023-12-03T23:55:31.016+0000] {processor.py:157} INFO - Started process (PID=7342) to work on /home/ubuntu/redfin/lib/python3.10/site-packages/airflow/example_dags/tutorial_taskflow_api_virtualenv.py
[2023-12-03T23:55:31.017+0000] {processor.py:829} INFO - Processing file /home/ubuntu/redfin/lib/python3.10/site-packages/airflow/example_dags/tutorial_taskflow_api_virtualenv.py for tasks to queue
[2023-12-03T23:55:31.018+0000] {logging_mixin.py:154} INFO - [2023-12-03T23:55:31.018+0000] {dagbag.py:536} INFO - Filling up the DagBag from /home/ubuntu/redfin/lib/python3.10/site-packages/airflow/example_dags/tutorial_taskflow_api_virtualenv.py
[2023-12-03T23:55:31.022+0000] {logging_mixin.py:154} INFO - [2023-12-03T23:55:31.022+0000] {tutorial_taskflow_api_virtualenv.py:29} WARNING - The tutorial_taskflow_api_virtualenv example DAG requires virtualenv, please install it.
[2023-12-03T23:55:31.022+0000] {processor.py:841} WARNING - No viable dags retrieved from /home/ubuntu/redfin/lib/python3.10/site-packages/airflow/example_dags/tutorial_taskflow_api_virtualenv.py
[2023-12-03T23:55:31.034+0000] {processor.py:179} INFO - Processing /home/ubuntu/redfin/lib/python3.10/site-packages/airflow/example_dags/tutorial_taskflow_api_virtualenv.py took 0.022 seconds
[2023-12-03T23:56:18.220+0000] {processor.py:157} INFO - Started process (PID=7393) to work on /home/ubuntu/redfin/lib/python3.10/site-packages/airflow/example_dags/tutorial_taskflow_api_virtualenv.py
[2023-12-03T23:56:18.221+0000] {processor.py:829} INFO - Processing file /home/ubuntu/redfin/lib/python3.10/site-packages/airflow/example_dags/tutorial_taskflow_api_virtualenv.py for tasks to queue
[2023-12-03T23:56:18.222+0000] {logging_mixin.py:154} INFO - [2023-12-03T23:56:18.222+0000] {dagbag.py:536} INFO - Filling up the DagBag from /home/ubuntu/redfin/lib/python3.10/site-packages/airflow/example_dags/tutorial_taskflow_api_virtualenv.py
[2023-12-03T23:56:18.226+0000] {logging_mixin.py:154} INFO - [2023-12-03T23:56:18.226+0000] {tutorial_taskflow_api_virtualenv.py:29} WARNING - The tutorial_taskflow_api_virtualenv example DAG requires virtualenv, please install it.
[2023-12-03T23:56:18.226+0000] {processor.py:841} WARNING - No viable dags retrieved from /home/ubuntu/redfin/lib/python3.10/site-packages/airflow/example_dags/tutorial_taskflow_api_virtualenv.py
[2023-12-03T23:56:18.239+0000] {processor.py:179} INFO - Processing /home/ubuntu/redfin/lib/python3.10/site-packages/airflow/example_dags/tutorial_taskflow_api_virtualenv.py took 0.023 seconds
[2023-12-03T23:57:08.450+0000] {processor.py:157} INFO - Started process (PID=7449) to work on /home/ubuntu/redfin/lib/python3.10/site-packages/airflow/example_dags/tutorial_taskflow_api_virtualenv.py
[2023-12-03T23:57:08.451+0000] {processor.py:829} INFO - Processing file /home/ubuntu/redfin/lib/python3.10/site-packages/airflow/example_dags/tutorial_taskflow_api_virtualenv.py for tasks to queue
[2023-12-03T23:57:08.452+0000] {logging_mixin.py:154} INFO - [2023-12-03T23:57:08.452+0000] {dagbag.py:536} INFO - Filling up the DagBag from /home/ubuntu/redfin/lib/python3.10/site-packages/airflow/example_dags/tutorial_taskflow_api_virtualenv.py
[2023-12-03T23:57:08.455+0000] {logging_mixin.py:154} INFO - [2023-12-03T23:57:08.455+0000] {tutorial_taskflow_api_virtualenv.py:29} WARNING - The tutorial_taskflow_api_virtualenv example DAG requires virtualenv, please install it.
[2023-12-03T23:57:08.455+0000] {processor.py:841} WARNING - No viable dags retrieved from /home/ubuntu/redfin/lib/python3.10/site-packages/airflow/example_dags/tutorial_taskflow_api_virtualenv.py
[2023-12-03T23:57:08.467+0000] {processor.py:179} INFO - Processing /home/ubuntu/redfin/lib/python3.10/site-packages/airflow/example_dags/tutorial_taskflow_api_virtualenv.py took 0.021 seconds
[2023-12-03T23:57:51.471+0000] {processor.py:157} INFO - Started process (PID=7498) to work on /home/ubuntu/redfin/lib/python3.10/site-packages/airflow/example_dags/tutorial_taskflow_api_virtualenv.py
[2023-12-03T23:57:51.472+0000] {processor.py:829} INFO - Processing file /home/ubuntu/redfin/lib/python3.10/site-packages/airflow/example_dags/tutorial_taskflow_api_virtualenv.py for tasks to queue
[2023-12-03T23:57:51.473+0000] {logging_mixin.py:154} INFO - [2023-12-03T23:57:51.473+0000] {dagbag.py:536} INFO - Filling up the DagBag from /home/ubuntu/redfin/lib/python3.10/site-packages/airflow/example_dags/tutorial_taskflow_api_virtualenv.py
[2023-12-03T23:57:51.477+0000] {logging_mixin.py:154} INFO - [2023-12-03T23:57:51.476+0000] {tutorial_taskflow_api_virtualenv.py:29} WARNING - The tutorial_taskflow_api_virtualenv example DAG requires virtualenv, please install it.
[2023-12-03T23:57:51.477+0000] {processor.py:841} WARNING - No viable dags retrieved from /home/ubuntu/redfin/lib/python3.10/site-packages/airflow/example_dags/tutorial_taskflow_api_virtualenv.py
[2023-12-03T23:57:51.489+0000] {processor.py:179} INFO - Processing /home/ubuntu/redfin/lib/python3.10/site-packages/airflow/example_dags/tutorial_taskflow_api_virtualenv.py took 0.021 seconds
[2023-12-03T23:58:33.554+0000] {processor.py:157} INFO - Started process (PID=7545) to work on /home/ubuntu/redfin/lib/python3.10/site-packages/airflow/example_dags/tutorial_taskflow_api_virtualenv.py
[2023-12-03T23:58:33.556+0000] {processor.py:829} INFO - Processing file /home/ubuntu/redfin/lib/python3.10/site-packages/airflow/example_dags/tutorial_taskflow_api_virtualenv.py for tasks to queue
[2023-12-03T23:58:33.557+0000] {logging_mixin.py:154} INFO - [2023-12-03T23:58:33.556+0000] {dagbag.py:536} INFO - Filling up the DagBag from /home/ubuntu/redfin/lib/python3.10/site-packages/airflow/example_dags/tutorial_taskflow_api_virtualenv.py
[2023-12-03T23:58:33.560+0000] {logging_mixin.py:154} INFO - [2023-12-03T23:58:33.560+0000] {tutorial_taskflow_api_virtualenv.py:29} WARNING - The tutorial_taskflow_api_virtualenv example DAG requires virtualenv, please install it.
[2023-12-03T23:58:33.560+0000] {processor.py:841} WARNING - No viable dags retrieved from /home/ubuntu/redfin/lib/python3.10/site-packages/airflow/example_dags/tutorial_taskflow_api_virtualenv.py
[2023-12-03T23:58:33.572+0000] {processor.py:179} INFO - Processing /home/ubuntu/redfin/lib/python3.10/site-packages/airflow/example_dags/tutorial_taskflow_api_virtualenv.py took 0.021 seconds
[2023-12-03T23:59:23.008+0000] {processor.py:157} INFO - Started process (PID=7601) to work on /home/ubuntu/redfin/lib/python3.10/site-packages/airflow/example_dags/tutorial_taskflow_api_virtualenv.py
[2023-12-03T23:59:23.009+0000] {processor.py:829} INFO - Processing file /home/ubuntu/redfin/lib/python3.10/site-packages/airflow/example_dags/tutorial_taskflow_api_virtualenv.py for tasks to queue
[2023-12-03T23:59:23.010+0000] {logging_mixin.py:154} INFO - [2023-12-03T23:59:23.010+0000] {dagbag.py:536} INFO - Filling up the DagBag from /home/ubuntu/redfin/lib/python3.10/site-packages/airflow/example_dags/tutorial_taskflow_api_virtualenv.py
[2023-12-03T23:59:23.013+0000] {logging_mixin.py:154} INFO - [2023-12-03T23:59:23.013+0000] {tutorial_taskflow_api_virtualenv.py:29} WARNING - The tutorial_taskflow_api_virtualenv example DAG requires virtualenv, please install it.
[2023-12-03T23:59:23.014+0000] {processor.py:841} WARNING - No viable dags retrieved from /home/ubuntu/redfin/lib/python3.10/site-packages/airflow/example_dags/tutorial_taskflow_api_virtualenv.py
[2023-12-03T23:59:23.026+0000] {processor.py:179} INFO - Processing /home/ubuntu/redfin/lib/python3.10/site-packages/airflow/example_dags/tutorial_taskflow_api_virtualenv.py took 0.022 seconds
