[2023-12-03T23:07:56.959+0000] {processor.py:157} INFO - Started process (PID=3759) to work on /home/ubuntu/redfin/lib/python3.10/site-packages/airflow/example_dags/tutorial_dag.py
[2023-12-03T23:07:56.960+0000] {processor.py:829} INFO - Processing file /home/ubuntu/redfin/lib/python3.10/site-packages/airflow/example_dags/tutorial_dag.py for tasks to queue
[2023-12-03T23:07:56.960+0000] {logging_mixin.py:154} INFO - [2023-12-03T23:07:56.960+0000] {dagbag.py:536} INFO - Filling up the DagBag from /home/ubuntu/redfin/lib/python3.10/site-packages/airflow/example_dags/tutorial_dag.py
[2023-12-03T23:07:56.967+0000] {processor.py:839} INFO - DAG(s) dict_keys(['tutorial_dag']) retrieved from /home/ubuntu/redfin/lib/python3.10/site-packages/airflow/example_dags/tutorial_dag.py
[2023-12-03T23:07:57.082+0000] {logging_mixin.py:154} INFO - [2023-12-03T23:07:57.082+0000] {manager.py:499} INFO - Created Permission View: %s
[2023-12-03T23:07:57.096+0000] {logging_mixin.py:154} INFO - [2023-12-03T23:07:57.095+0000] {manager.py:499} INFO - Created Permission View: %s
[2023-12-03T23:07:57.105+0000] {logging_mixin.py:154} INFO - [2023-12-03T23:07:57.105+0000] {manager.py:499} INFO - Created Permission View: %s
[2023-12-03T23:07:57.106+0000] {logging_mixin.py:154} INFO - [2023-12-03T23:07:57.106+0000] {dag.py:2941} INFO - Sync 1 DAGs
[2023-12-03T23:07:57.118+0000] {logging_mixin.py:154} INFO - [2023-12-03T23:07:57.118+0000] {dag.py:2963} INFO - Creating ORM DAG for tutorial_dag
[2023-12-03T23:07:57.119+0000] {logging_mixin.py:154} INFO - [2023-12-03T23:07:57.118+0000] {dag.py:3722} INFO - Setting next_dagrun for tutorial_dag to None, run_after=None
[2023-12-03T23:07:57.143+0000] {processor.py:179} INFO - Processing /home/ubuntu/redfin/lib/python3.10/site-packages/airflow/example_dags/tutorial_dag.py took 0.189 seconds
[2023-12-03T23:08:48.676+0000] {processor.py:157} INFO - Started process (PID=3809) to work on /home/ubuntu/redfin/lib/python3.10/site-packages/airflow/example_dags/tutorial_dag.py
[2023-12-03T23:08:48.677+0000] {processor.py:829} INFO - Processing file /home/ubuntu/redfin/lib/python3.10/site-packages/airflow/example_dags/tutorial_dag.py for tasks to queue
[2023-12-03T23:08:48.678+0000] {logging_mixin.py:154} INFO - [2023-12-03T23:08:48.678+0000] {dagbag.py:536} INFO - Filling up the DagBag from /home/ubuntu/redfin/lib/python3.10/site-packages/airflow/example_dags/tutorial_dag.py
[2023-12-03T23:08:48.685+0000] {processor.py:839} INFO - DAG(s) dict_keys(['tutorial_dag']) retrieved from /home/ubuntu/redfin/lib/python3.10/site-packages/airflow/example_dags/tutorial_dag.py
[2023-12-03T23:08:48.705+0000] {logging_mixin.py:154} INFO - [2023-12-03T23:08:48.705+0000] {dag.py:2941} INFO - Sync 1 DAGs
[2023-12-03T23:08:48.719+0000] {logging_mixin.py:154} INFO - [2023-12-03T23:08:48.718+0000] {dag.py:3722} INFO - Setting next_dagrun for tutorial_dag to None, run_after=None
[2023-12-03T23:08:48.741+0000] {processor.py:179} INFO - Processing /home/ubuntu/redfin/lib/python3.10/site-packages/airflow/example_dags/tutorial_dag.py took 0.069 seconds
[2023-12-03T23:09:33.989+0000] {processor.py:157} INFO - Started process (PID=3858) to work on /home/ubuntu/redfin/lib/python3.10/site-packages/airflow/example_dags/tutorial_dag.py
[2023-12-03T23:09:33.990+0000] {processor.py:829} INFO - Processing file /home/ubuntu/redfin/lib/python3.10/site-packages/airflow/example_dags/tutorial_dag.py for tasks to queue
[2023-12-03T23:09:33.991+0000] {logging_mixin.py:154} INFO - [2023-12-03T23:09:33.990+0000] {dagbag.py:536} INFO - Filling up the DagBag from /home/ubuntu/redfin/lib/python3.10/site-packages/airflow/example_dags/tutorial_dag.py
[2023-12-03T23:09:33.997+0000] {processor.py:839} INFO - DAG(s) dict_keys(['tutorial_dag']) retrieved from /home/ubuntu/redfin/lib/python3.10/site-packages/airflow/example_dags/tutorial_dag.py
[2023-12-03T23:09:34.014+0000] {logging_mixin.py:154} INFO - [2023-12-03T23:09:34.014+0000] {dag.py:2941} INFO - Sync 1 DAGs
[2023-12-03T23:09:34.027+0000] {logging_mixin.py:154} INFO - [2023-12-03T23:09:34.027+0000] {dag.py:3722} INFO - Setting next_dagrun for tutorial_dag to None, run_after=None
[2023-12-03T23:09:34.050+0000] {processor.py:179} INFO - Processing /home/ubuntu/redfin/lib/python3.10/site-packages/airflow/example_dags/tutorial_dag.py took 0.065 seconds
[2023-12-03T23:10:20.989+0000] {processor.py:157} INFO - Started process (PID=3909) to work on /home/ubuntu/redfin/lib/python3.10/site-packages/airflow/example_dags/tutorial_dag.py
[2023-12-03T23:10:20.990+0000] {processor.py:829} INFO - Processing file /home/ubuntu/redfin/lib/python3.10/site-packages/airflow/example_dags/tutorial_dag.py for tasks to queue
[2023-12-03T23:10:20.991+0000] {logging_mixin.py:154} INFO - [2023-12-03T23:10:20.991+0000] {dagbag.py:536} INFO - Filling up the DagBag from /home/ubuntu/redfin/lib/python3.10/site-packages/airflow/example_dags/tutorial_dag.py
[2023-12-03T23:10:20.997+0000] {processor.py:839} INFO - DAG(s) dict_keys(['tutorial_dag']) retrieved from /home/ubuntu/redfin/lib/python3.10/site-packages/airflow/example_dags/tutorial_dag.py
[2023-12-03T23:10:21.016+0000] {logging_mixin.py:154} INFO - [2023-12-03T23:10:21.016+0000] {dag.py:2941} INFO - Sync 1 DAGs
[2023-12-03T23:10:21.029+0000] {logging_mixin.py:154} INFO - [2023-12-03T23:10:21.028+0000] {dag.py:3722} INFO - Setting next_dagrun for tutorial_dag to None, run_after=None
[2023-12-03T23:10:21.051+0000] {processor.py:179} INFO - Processing /home/ubuntu/redfin/lib/python3.10/site-packages/airflow/example_dags/tutorial_dag.py took 0.066 seconds
[2023-12-03T23:11:06.780+0000] {processor.py:157} INFO - Started process (PID=3958) to work on /home/ubuntu/redfin/lib/python3.10/site-packages/airflow/example_dags/tutorial_dag.py
[2023-12-03T23:11:06.781+0000] {processor.py:829} INFO - Processing file /home/ubuntu/redfin/lib/python3.10/site-packages/airflow/example_dags/tutorial_dag.py for tasks to queue
[2023-12-03T23:11:06.782+0000] {logging_mixin.py:154} INFO - [2023-12-03T23:11:06.781+0000] {dagbag.py:536} INFO - Filling up the DagBag from /home/ubuntu/redfin/lib/python3.10/site-packages/airflow/example_dags/tutorial_dag.py
[2023-12-03T23:11:06.788+0000] {processor.py:839} INFO - DAG(s) dict_keys(['tutorial_dag']) retrieved from /home/ubuntu/redfin/lib/python3.10/site-packages/airflow/example_dags/tutorial_dag.py
[2023-12-03T23:11:06.805+0000] {logging_mixin.py:154} INFO - [2023-12-03T23:11:06.805+0000] {dag.py:2941} INFO - Sync 1 DAGs
[2023-12-03T23:11:06.817+0000] {logging_mixin.py:154} INFO - [2023-12-03T23:11:06.817+0000] {dag.py:3722} INFO - Setting next_dagrun for tutorial_dag to None, run_after=None
[2023-12-03T23:11:06.839+0000] {processor.py:179} INFO - Processing /home/ubuntu/redfin/lib/python3.10/site-packages/airflow/example_dags/tutorial_dag.py took 0.063 seconds
[2023-12-03T23:11:54.156+0000] {processor.py:157} INFO - Started process (PID=4013) to work on /home/ubuntu/redfin/lib/python3.10/site-packages/airflow/example_dags/tutorial_dag.py
[2023-12-03T23:11:54.159+0000] {processor.py:829} INFO - Processing file /home/ubuntu/redfin/lib/python3.10/site-packages/airflow/example_dags/tutorial_dag.py for tasks to queue
[2023-12-03T23:11:54.160+0000] {logging_mixin.py:154} INFO - [2023-12-03T23:11:54.159+0000] {dagbag.py:536} INFO - Filling up the DagBag from /home/ubuntu/redfin/lib/python3.10/site-packages/airflow/example_dags/tutorial_dag.py
[2023-12-03T23:11:54.166+0000] {processor.py:839} INFO - DAG(s) dict_keys(['tutorial_dag']) retrieved from /home/ubuntu/redfin/lib/python3.10/site-packages/airflow/example_dags/tutorial_dag.py
[2023-12-03T23:11:54.186+0000] {logging_mixin.py:154} INFO - [2023-12-03T23:11:54.185+0000] {dag.py:2941} INFO - Sync 1 DAGs
[2023-12-03T23:11:54.198+0000] {logging_mixin.py:154} INFO - [2023-12-03T23:11:54.198+0000] {dag.py:3722} INFO - Setting next_dagrun for tutorial_dag to None, run_after=None
[2023-12-03T23:11:54.221+0000] {processor.py:179} INFO - Processing /home/ubuntu/redfin/lib/python3.10/site-packages/airflow/example_dags/tutorial_dag.py took 0.068 seconds
[2023-12-03T23:12:38.405+0000] {processor.py:157} INFO - Started process (PID=4062) to work on /home/ubuntu/redfin/lib/python3.10/site-packages/airflow/example_dags/tutorial_dag.py
[2023-12-03T23:12:38.407+0000] {processor.py:829} INFO - Processing file /home/ubuntu/redfin/lib/python3.10/site-packages/airflow/example_dags/tutorial_dag.py for tasks to queue
[2023-12-03T23:12:38.408+0000] {logging_mixin.py:154} INFO - [2023-12-03T23:12:38.407+0000] {dagbag.py:536} INFO - Filling up the DagBag from /home/ubuntu/redfin/lib/python3.10/site-packages/airflow/example_dags/tutorial_dag.py
[2023-12-03T23:12:38.414+0000] {processor.py:839} INFO - DAG(s) dict_keys(['tutorial_dag']) retrieved from /home/ubuntu/redfin/lib/python3.10/site-packages/airflow/example_dags/tutorial_dag.py
[2023-12-03T23:12:38.434+0000] {logging_mixin.py:154} INFO - [2023-12-03T23:12:38.433+0000] {dag.py:2941} INFO - Sync 1 DAGs
[2023-12-03T23:12:38.447+0000] {logging_mixin.py:154} INFO - [2023-12-03T23:12:38.447+0000] {dag.py:3722} INFO - Setting next_dagrun for tutorial_dag to None, run_after=None
[2023-12-03T23:12:38.471+0000] {processor.py:179} INFO - Processing /home/ubuntu/redfin/lib/python3.10/site-packages/airflow/example_dags/tutorial_dag.py took 0.070 seconds
[2023-12-03T23:13:26.130+0000] {processor.py:157} INFO - Started process (PID=4113) to work on /home/ubuntu/redfin/lib/python3.10/site-packages/airflow/example_dags/tutorial_dag.py
[2023-12-03T23:13:26.131+0000] {processor.py:829} INFO - Processing file /home/ubuntu/redfin/lib/python3.10/site-packages/airflow/example_dags/tutorial_dag.py for tasks to queue
[2023-12-03T23:13:26.132+0000] {logging_mixin.py:154} INFO - [2023-12-03T23:13:26.132+0000] {dagbag.py:536} INFO - Filling up the DagBag from /home/ubuntu/redfin/lib/python3.10/site-packages/airflow/example_dags/tutorial_dag.py
[2023-12-03T23:13:26.139+0000] {processor.py:839} INFO - DAG(s) dict_keys(['tutorial_dag']) retrieved from /home/ubuntu/redfin/lib/python3.10/site-packages/airflow/example_dags/tutorial_dag.py
[2023-12-03T23:13:26.157+0000] {logging_mixin.py:154} INFO - [2023-12-03T23:13:26.157+0000] {dag.py:2941} INFO - Sync 1 DAGs
[2023-12-03T23:13:26.171+0000] {logging_mixin.py:154} INFO - [2023-12-03T23:13:26.171+0000] {dag.py:3722} INFO - Setting next_dagrun for tutorial_dag to None, run_after=None
[2023-12-03T23:13:26.195+0000] {processor.py:179} INFO - Processing /home/ubuntu/redfin/lib/python3.10/site-packages/airflow/example_dags/tutorial_dag.py took 0.069 seconds
[2023-12-03T23:14:10.526+0000] {processor.py:157} INFO - Started process (PID=4162) to work on /home/ubuntu/redfin/lib/python3.10/site-packages/airflow/example_dags/tutorial_dag.py
[2023-12-03T23:14:10.527+0000] {processor.py:829} INFO - Processing file /home/ubuntu/redfin/lib/python3.10/site-packages/airflow/example_dags/tutorial_dag.py for tasks to queue
[2023-12-03T23:14:10.528+0000] {logging_mixin.py:154} INFO - [2023-12-03T23:14:10.528+0000] {dagbag.py:536} INFO - Filling up the DagBag from /home/ubuntu/redfin/lib/python3.10/site-packages/airflow/example_dags/tutorial_dag.py
[2023-12-03T23:14:10.535+0000] {processor.py:839} INFO - DAG(s) dict_keys(['tutorial_dag']) retrieved from /home/ubuntu/redfin/lib/python3.10/site-packages/airflow/example_dags/tutorial_dag.py
[2023-12-03T23:14:10.553+0000] {logging_mixin.py:154} INFO - [2023-12-03T23:14:10.553+0000] {dag.py:2941} INFO - Sync 1 DAGs
[2023-12-03T23:14:10.565+0000] {logging_mixin.py:154} INFO - [2023-12-03T23:14:10.565+0000] {dag.py:3722} INFO - Setting next_dagrun for tutorial_dag to None, run_after=None
[2023-12-03T23:14:10.588+0000] {processor.py:179} INFO - Processing /home/ubuntu/redfin/lib/python3.10/site-packages/airflow/example_dags/tutorial_dag.py took 0.066 seconds
[2023-12-03T23:15:00.008+0000] {processor.py:157} INFO - Started process (PID=4214) to work on /home/ubuntu/redfin/lib/python3.10/site-packages/airflow/example_dags/tutorial_dag.py
[2023-12-03T23:15:00.009+0000] {processor.py:829} INFO - Processing file /home/ubuntu/redfin/lib/python3.10/site-packages/airflow/example_dags/tutorial_dag.py for tasks to queue
[2023-12-03T23:15:00.010+0000] {logging_mixin.py:154} INFO - [2023-12-03T23:15:00.009+0000] {dagbag.py:536} INFO - Filling up the DagBag from /home/ubuntu/redfin/lib/python3.10/site-packages/airflow/example_dags/tutorial_dag.py
[2023-12-03T23:15:00.017+0000] {processor.py:839} INFO - DAG(s) dict_keys(['tutorial_dag']) retrieved from /home/ubuntu/redfin/lib/python3.10/site-packages/airflow/example_dags/tutorial_dag.py
[2023-12-03T23:15:00.035+0000] {logging_mixin.py:154} INFO - [2023-12-03T23:15:00.035+0000] {dag.py:2941} INFO - Sync 1 DAGs
[2023-12-03T23:15:00.048+0000] {logging_mixin.py:154} INFO - [2023-12-03T23:15:00.048+0000] {dag.py:3722} INFO - Setting next_dagrun for tutorial_dag to None, run_after=None
[2023-12-03T23:15:00.075+0000] {processor.py:179} INFO - Processing /home/ubuntu/redfin/lib/python3.10/site-packages/airflow/example_dags/tutorial_dag.py took 0.071 seconds
[2023-12-03T23:15:49.747+0000] {processor.py:157} INFO - Started process (PID=4270) to work on /home/ubuntu/redfin/lib/python3.10/site-packages/airflow/example_dags/tutorial_dag.py
[2023-12-03T23:15:49.749+0000] {processor.py:829} INFO - Processing file /home/ubuntu/redfin/lib/python3.10/site-packages/airflow/example_dags/tutorial_dag.py for tasks to queue
[2023-12-03T23:15:49.750+0000] {logging_mixin.py:154} INFO - [2023-12-03T23:15:49.749+0000] {dagbag.py:536} INFO - Filling up the DagBag from /home/ubuntu/redfin/lib/python3.10/site-packages/airflow/example_dags/tutorial_dag.py
[2023-12-03T23:15:49.756+0000] {processor.py:839} INFO - DAG(s) dict_keys(['tutorial_dag']) retrieved from /home/ubuntu/redfin/lib/python3.10/site-packages/airflow/example_dags/tutorial_dag.py
[2023-12-03T23:15:49.774+0000] {logging_mixin.py:154} INFO - [2023-12-03T23:15:49.774+0000] {dag.py:2941} INFO - Sync 1 DAGs
[2023-12-03T23:15:49.787+0000] {logging_mixin.py:154} INFO - [2023-12-03T23:15:49.787+0000] {dag.py:3722} INFO - Setting next_dagrun for tutorial_dag to None, run_after=None
[2023-12-03T23:15:49.809+0000] {processor.py:179} INFO - Processing /home/ubuntu/redfin/lib/python3.10/site-packages/airflow/example_dags/tutorial_dag.py took 0.065 seconds
[2023-12-03T23:16:36.567+0000] {processor.py:157} INFO - Started process (PID=4321) to work on /home/ubuntu/redfin/lib/python3.10/site-packages/airflow/example_dags/tutorial_dag.py
[2023-12-03T23:16:36.569+0000] {processor.py:829} INFO - Processing file /home/ubuntu/redfin/lib/python3.10/site-packages/airflow/example_dags/tutorial_dag.py for tasks to queue
[2023-12-03T23:16:36.570+0000] {logging_mixin.py:154} INFO - [2023-12-03T23:16:36.569+0000] {dagbag.py:536} INFO - Filling up the DagBag from /home/ubuntu/redfin/lib/python3.10/site-packages/airflow/example_dags/tutorial_dag.py
[2023-12-03T23:16:36.576+0000] {processor.py:839} INFO - DAG(s) dict_keys(['tutorial_dag']) retrieved from /home/ubuntu/redfin/lib/python3.10/site-packages/airflow/example_dags/tutorial_dag.py
[2023-12-03T23:16:36.595+0000] {logging_mixin.py:154} INFO - [2023-12-03T23:16:36.595+0000] {dag.py:2941} INFO - Sync 1 DAGs
[2023-12-03T23:16:36.608+0000] {logging_mixin.py:154} INFO - [2023-12-03T23:16:36.608+0000] {dag.py:3722} INFO - Setting next_dagrun for tutorial_dag to None, run_after=None
[2023-12-03T23:16:36.632+0000] {processor.py:179} INFO - Processing /home/ubuntu/redfin/lib/python3.10/site-packages/airflow/example_dags/tutorial_dag.py took 0.068 seconds
[2023-12-03T23:17:24.558+0000] {processor.py:157} INFO - Started process (PID=4378) to work on /home/ubuntu/redfin/lib/python3.10/site-packages/airflow/example_dags/tutorial_dag.py
[2023-12-03T23:17:24.560+0000] {processor.py:829} INFO - Processing file /home/ubuntu/redfin/lib/python3.10/site-packages/airflow/example_dags/tutorial_dag.py for tasks to queue
[2023-12-03T23:17:24.561+0000] {logging_mixin.py:154} INFO - [2023-12-03T23:17:24.560+0000] {dagbag.py:536} INFO - Filling up the DagBag from /home/ubuntu/redfin/lib/python3.10/site-packages/airflow/example_dags/tutorial_dag.py
[2023-12-03T23:17:24.567+0000] {processor.py:839} INFO - DAG(s) dict_keys(['tutorial_dag']) retrieved from /home/ubuntu/redfin/lib/python3.10/site-packages/airflow/example_dags/tutorial_dag.py
[2023-12-03T23:17:24.586+0000] {logging_mixin.py:154} INFO - [2023-12-03T23:17:24.586+0000] {dag.py:2941} INFO - Sync 1 DAGs
[2023-12-03T23:17:24.599+0000] {logging_mixin.py:154} INFO - [2023-12-03T23:17:24.599+0000] {dag.py:3722} INFO - Setting next_dagrun for tutorial_dag to None, run_after=None
[2023-12-03T23:17:24.621+0000] {processor.py:179} INFO - Processing /home/ubuntu/redfin/lib/python3.10/site-packages/airflow/example_dags/tutorial_dag.py took 0.066 seconds
[2023-12-03T23:18:08.795+0000] {processor.py:157} INFO - Started process (PID=4427) to work on /home/ubuntu/redfin/lib/python3.10/site-packages/airflow/example_dags/tutorial_dag.py
[2023-12-03T23:18:08.796+0000] {processor.py:829} INFO - Processing file /home/ubuntu/redfin/lib/python3.10/site-packages/airflow/example_dags/tutorial_dag.py for tasks to queue
[2023-12-03T23:18:08.797+0000] {logging_mixin.py:154} INFO - [2023-12-03T23:18:08.797+0000] {dagbag.py:536} INFO - Filling up the DagBag from /home/ubuntu/redfin/lib/python3.10/site-packages/airflow/example_dags/tutorial_dag.py
[2023-12-03T23:18:08.804+0000] {processor.py:839} INFO - DAG(s) dict_keys(['tutorial_dag']) retrieved from /home/ubuntu/redfin/lib/python3.10/site-packages/airflow/example_dags/tutorial_dag.py
[2023-12-03T23:18:08.823+0000] {logging_mixin.py:154} INFO - [2023-12-03T23:18:08.822+0000] {dag.py:2941} INFO - Sync 1 DAGs
[2023-12-03T23:18:08.835+0000] {logging_mixin.py:154} INFO - [2023-12-03T23:18:08.835+0000] {dag.py:3722} INFO - Setting next_dagrun for tutorial_dag to None, run_after=None
[2023-12-03T23:18:08.861+0000] {processor.py:179} INFO - Processing /home/ubuntu/redfin/lib/python3.10/site-packages/airflow/example_dags/tutorial_dag.py took 0.070 seconds
[2023-12-03T23:18:52.962+0000] {processor.py:157} INFO - Started process (PID=4478) to work on /home/ubuntu/redfin/lib/python3.10/site-packages/airflow/example_dags/tutorial_dag.py
[2023-12-03T23:18:52.963+0000] {processor.py:829} INFO - Processing file /home/ubuntu/redfin/lib/python3.10/site-packages/airflow/example_dags/tutorial_dag.py for tasks to queue
[2023-12-03T23:18:52.964+0000] {logging_mixin.py:154} INFO - [2023-12-03T23:18:52.964+0000] {dagbag.py:536} INFO - Filling up the DagBag from /home/ubuntu/redfin/lib/python3.10/site-packages/airflow/example_dags/tutorial_dag.py
[2023-12-03T23:18:52.971+0000] {processor.py:839} INFO - DAG(s) dict_keys(['tutorial_dag']) retrieved from /home/ubuntu/redfin/lib/python3.10/site-packages/airflow/example_dags/tutorial_dag.py
[2023-12-03T23:18:52.989+0000] {logging_mixin.py:154} INFO - [2023-12-03T23:18:52.989+0000] {dag.py:2941} INFO - Sync 1 DAGs
[2023-12-03T23:18:53.003+0000] {logging_mixin.py:154} INFO - [2023-12-03T23:18:53.003+0000] {dag.py:3722} INFO - Setting next_dagrun for tutorial_dag to None, run_after=None
[2023-12-03T23:18:53.025+0000] {processor.py:179} INFO - Processing /home/ubuntu/redfin/lib/python3.10/site-packages/airflow/example_dags/tutorial_dag.py took 0.067 seconds
[2023-12-03T23:19:36.396+0000] {processor.py:157} INFO - Started process (PID=4525) to work on /home/ubuntu/redfin/lib/python3.10/site-packages/airflow/example_dags/tutorial_dag.py
[2023-12-03T23:19:36.398+0000] {processor.py:829} INFO - Processing file /home/ubuntu/redfin/lib/python3.10/site-packages/airflow/example_dags/tutorial_dag.py for tasks to queue
[2023-12-03T23:19:36.399+0000] {logging_mixin.py:154} INFO - [2023-12-03T23:19:36.398+0000] {dagbag.py:536} INFO - Filling up the DagBag from /home/ubuntu/redfin/lib/python3.10/site-packages/airflow/example_dags/tutorial_dag.py
[2023-12-03T23:19:36.406+0000] {processor.py:839} INFO - DAG(s) dict_keys(['tutorial_dag']) retrieved from /home/ubuntu/redfin/lib/python3.10/site-packages/airflow/example_dags/tutorial_dag.py
[2023-12-03T23:19:36.424+0000] {logging_mixin.py:154} INFO - [2023-12-03T23:19:36.424+0000] {dag.py:2941} INFO - Sync 1 DAGs
[2023-12-03T23:19:36.437+0000] {logging_mixin.py:154} INFO - [2023-12-03T23:19:36.437+0000] {dag.py:3722} INFO - Setting next_dagrun for tutorial_dag to None, run_after=None
[2023-12-03T23:19:36.461+0000] {processor.py:179} INFO - Processing /home/ubuntu/redfin/lib/python3.10/site-packages/airflow/example_dags/tutorial_dag.py took 0.068 seconds
[2023-12-03T23:20:20.191+0000] {processor.py:157} INFO - Started process (PID=4574) to work on /home/ubuntu/redfin/lib/python3.10/site-packages/airflow/example_dags/tutorial_dag.py
[2023-12-03T23:20:20.192+0000] {processor.py:829} INFO - Processing file /home/ubuntu/redfin/lib/python3.10/site-packages/airflow/example_dags/tutorial_dag.py for tasks to queue
[2023-12-03T23:20:20.193+0000] {logging_mixin.py:154} INFO - [2023-12-03T23:20:20.193+0000] {dagbag.py:536} INFO - Filling up the DagBag from /home/ubuntu/redfin/lib/python3.10/site-packages/airflow/example_dags/tutorial_dag.py
[2023-12-03T23:20:20.200+0000] {processor.py:839} INFO - DAG(s) dict_keys(['tutorial_dag']) retrieved from /home/ubuntu/redfin/lib/python3.10/site-packages/airflow/example_dags/tutorial_dag.py
[2023-12-03T23:20:20.218+0000] {logging_mixin.py:154} INFO - [2023-12-03T23:20:20.218+0000] {dag.py:2941} INFO - Sync 1 DAGs
[2023-12-03T23:20:20.231+0000] {logging_mixin.py:154} INFO - [2023-12-03T23:20:20.231+0000] {dag.py:3722} INFO - Setting next_dagrun for tutorial_dag to None, run_after=None
[2023-12-03T23:20:20.252+0000] {processor.py:179} INFO - Processing /home/ubuntu/redfin/lib/python3.10/site-packages/airflow/example_dags/tutorial_dag.py took 0.065 seconds
[2023-12-03T23:21:03.093+0000] {processor.py:157} INFO - Started process (PID=4621) to work on /home/ubuntu/redfin/lib/python3.10/site-packages/airflow/example_dags/tutorial_dag.py
[2023-12-03T23:21:03.095+0000] {processor.py:829} INFO - Processing file /home/ubuntu/redfin/lib/python3.10/site-packages/airflow/example_dags/tutorial_dag.py for tasks to queue
[2023-12-03T23:21:03.096+0000] {logging_mixin.py:154} INFO - [2023-12-03T23:21:03.095+0000] {dagbag.py:536} INFO - Filling up the DagBag from /home/ubuntu/redfin/lib/python3.10/site-packages/airflow/example_dags/tutorial_dag.py
[2023-12-03T23:21:03.103+0000] {processor.py:839} INFO - DAG(s) dict_keys(['tutorial_dag']) retrieved from /home/ubuntu/redfin/lib/python3.10/site-packages/airflow/example_dags/tutorial_dag.py
[2023-12-03T23:21:03.121+0000] {logging_mixin.py:154} INFO - [2023-12-03T23:21:03.121+0000] {dag.py:2941} INFO - Sync 1 DAGs
[2023-12-03T23:21:03.133+0000] {logging_mixin.py:154} INFO - [2023-12-03T23:21:03.133+0000] {dag.py:3722} INFO - Setting next_dagrun for tutorial_dag to None, run_after=None
[2023-12-03T23:21:03.157+0000] {processor.py:179} INFO - Processing /home/ubuntu/redfin/lib/python3.10/site-packages/airflow/example_dags/tutorial_dag.py took 0.067 seconds
[2023-12-03T23:21:52.626+0000] {processor.py:157} INFO - Started process (PID=4676) to work on /home/ubuntu/redfin/lib/python3.10/site-packages/airflow/example_dags/tutorial_dag.py
[2023-12-03T23:21:52.627+0000] {processor.py:829} INFO - Processing file /home/ubuntu/redfin/lib/python3.10/site-packages/airflow/example_dags/tutorial_dag.py for tasks to queue
[2023-12-03T23:21:52.628+0000] {logging_mixin.py:154} INFO - [2023-12-03T23:21:52.627+0000] {dagbag.py:536} INFO - Filling up the DagBag from /home/ubuntu/redfin/lib/python3.10/site-packages/airflow/example_dags/tutorial_dag.py
[2023-12-03T23:21:52.634+0000] {processor.py:839} INFO - DAG(s) dict_keys(['tutorial_dag']) retrieved from /home/ubuntu/redfin/lib/python3.10/site-packages/airflow/example_dags/tutorial_dag.py
[2023-12-03T23:21:52.653+0000] {logging_mixin.py:154} INFO - [2023-12-03T23:21:52.653+0000] {dag.py:2941} INFO - Sync 1 DAGs
[2023-12-03T23:21:52.666+0000] {logging_mixin.py:154} INFO - [2023-12-03T23:21:52.666+0000] {dag.py:3722} INFO - Setting next_dagrun for tutorial_dag to None, run_after=None
[2023-12-03T23:21:52.690+0000] {processor.py:179} INFO - Processing /home/ubuntu/redfin/lib/python3.10/site-packages/airflow/example_dags/tutorial_dag.py took 0.068 seconds
[2023-12-03T23:22:40.519+0000] {processor.py:157} INFO - Started process (PID=4729) to work on /home/ubuntu/redfin/lib/python3.10/site-packages/airflow/example_dags/tutorial_dag.py
[2023-12-03T23:22:40.521+0000] {processor.py:829} INFO - Processing file /home/ubuntu/redfin/lib/python3.10/site-packages/airflow/example_dags/tutorial_dag.py for tasks to queue
[2023-12-03T23:22:40.521+0000] {logging_mixin.py:154} INFO - [2023-12-03T23:22:40.521+0000] {dagbag.py:536} INFO - Filling up the DagBag from /home/ubuntu/redfin/lib/python3.10/site-packages/airflow/example_dags/tutorial_dag.py
[2023-12-03T23:22:40.528+0000] {processor.py:839} INFO - DAG(s) dict_keys(['tutorial_dag']) retrieved from /home/ubuntu/redfin/lib/python3.10/site-packages/airflow/example_dags/tutorial_dag.py
[2023-12-03T23:22:40.547+0000] {logging_mixin.py:154} INFO - [2023-12-03T23:22:40.547+0000] {dag.py:2941} INFO - Sync 1 DAGs
[2023-12-03T23:22:40.560+0000] {logging_mixin.py:154} INFO - [2023-12-03T23:22:40.559+0000] {dag.py:3722} INFO - Setting next_dagrun for tutorial_dag to None, run_after=None
[2023-12-03T23:22:40.583+0000] {processor.py:179} INFO - Processing /home/ubuntu/redfin/lib/python3.10/site-packages/airflow/example_dags/tutorial_dag.py took 0.067 seconds
[2023-12-03T23:23:26.385+0000] {processor.py:157} INFO - Started process (PID=4779) to work on /home/ubuntu/redfin/lib/python3.10/site-packages/airflow/example_dags/tutorial_dag.py
[2023-12-03T23:23:26.386+0000] {processor.py:829} INFO - Processing file /home/ubuntu/redfin/lib/python3.10/site-packages/airflow/example_dags/tutorial_dag.py for tasks to queue
[2023-12-03T23:23:26.387+0000] {logging_mixin.py:154} INFO - [2023-12-03T23:23:26.386+0000] {dagbag.py:536} INFO - Filling up the DagBag from /home/ubuntu/redfin/lib/python3.10/site-packages/airflow/example_dags/tutorial_dag.py
[2023-12-03T23:23:26.393+0000] {processor.py:839} INFO - DAG(s) dict_keys(['tutorial_dag']) retrieved from /home/ubuntu/redfin/lib/python3.10/site-packages/airflow/example_dags/tutorial_dag.py
[2023-12-03T23:23:26.412+0000] {logging_mixin.py:154} INFO - [2023-12-03T23:23:26.412+0000] {dag.py:2941} INFO - Sync 1 DAGs
[2023-12-03T23:23:26.425+0000] {logging_mixin.py:154} INFO - [2023-12-03T23:23:26.424+0000] {dag.py:3722} INFO - Setting next_dagrun for tutorial_dag to None, run_after=None
[2023-12-03T23:23:26.447+0000] {processor.py:179} INFO - Processing /home/ubuntu/redfin/lib/python3.10/site-packages/airflow/example_dags/tutorial_dag.py took 0.066 seconds
[2023-12-03T23:24:15.256+0000] {processor.py:157} INFO - Started process (PID=4833) to work on /home/ubuntu/redfin/lib/python3.10/site-packages/airflow/example_dags/tutorial_dag.py
[2023-12-03T23:24:15.258+0000] {processor.py:829} INFO - Processing file /home/ubuntu/redfin/lib/python3.10/site-packages/airflow/example_dags/tutorial_dag.py for tasks to queue
[2023-12-03T23:24:15.258+0000] {logging_mixin.py:154} INFO - [2023-12-03T23:24:15.258+0000] {dagbag.py:536} INFO - Filling up the DagBag from /home/ubuntu/redfin/lib/python3.10/site-packages/airflow/example_dags/tutorial_dag.py
[2023-12-03T23:24:15.265+0000] {processor.py:839} INFO - DAG(s) dict_keys(['tutorial_dag']) retrieved from /home/ubuntu/redfin/lib/python3.10/site-packages/airflow/example_dags/tutorial_dag.py
[2023-12-03T23:24:15.283+0000] {logging_mixin.py:154} INFO - [2023-12-03T23:24:15.283+0000] {dag.py:2941} INFO - Sync 1 DAGs
[2023-12-03T23:24:15.295+0000] {logging_mixin.py:154} INFO - [2023-12-03T23:24:15.295+0000] {dag.py:3722} INFO - Setting next_dagrun for tutorial_dag to None, run_after=None
[2023-12-03T23:24:15.318+0000] {processor.py:179} INFO - Processing /home/ubuntu/redfin/lib/python3.10/site-packages/airflow/example_dags/tutorial_dag.py took 0.066 seconds
[2023-12-03T23:25:01.049+0000] {processor.py:157} INFO - Started process (PID=4883) to work on /home/ubuntu/redfin/lib/python3.10/site-packages/airflow/example_dags/tutorial_dag.py
[2023-12-03T23:25:01.050+0000] {processor.py:829} INFO - Processing file /home/ubuntu/redfin/lib/python3.10/site-packages/airflow/example_dags/tutorial_dag.py for tasks to queue
[2023-12-03T23:25:01.051+0000] {logging_mixin.py:154} INFO - [2023-12-03T23:25:01.051+0000] {dagbag.py:536} INFO - Filling up the DagBag from /home/ubuntu/redfin/lib/python3.10/site-packages/airflow/example_dags/tutorial_dag.py
[2023-12-03T23:25:01.057+0000] {processor.py:839} INFO - DAG(s) dict_keys(['tutorial_dag']) retrieved from /home/ubuntu/redfin/lib/python3.10/site-packages/airflow/example_dags/tutorial_dag.py
[2023-12-03T23:25:01.076+0000] {logging_mixin.py:154} INFO - [2023-12-03T23:25:01.076+0000] {dag.py:2941} INFO - Sync 1 DAGs
[2023-12-03T23:25:01.088+0000] {logging_mixin.py:154} INFO - [2023-12-03T23:25:01.088+0000] {dag.py:3722} INFO - Setting next_dagrun for tutorial_dag to None, run_after=None
[2023-12-03T23:25:01.110+0000] {processor.py:179} INFO - Processing /home/ubuntu/redfin/lib/python3.10/site-packages/airflow/example_dags/tutorial_dag.py took 0.065 seconds
[2023-12-03T23:25:50.206+0000] {processor.py:157} INFO - Started process (PID=4938) to work on /home/ubuntu/redfin/lib/python3.10/site-packages/airflow/example_dags/tutorial_dag.py
[2023-12-03T23:25:50.207+0000] {processor.py:829} INFO - Processing file /home/ubuntu/redfin/lib/python3.10/site-packages/airflow/example_dags/tutorial_dag.py for tasks to queue
[2023-12-03T23:25:50.208+0000] {logging_mixin.py:154} INFO - [2023-12-03T23:25:50.208+0000] {dagbag.py:536} INFO - Filling up the DagBag from /home/ubuntu/redfin/lib/python3.10/site-packages/airflow/example_dags/tutorial_dag.py
[2023-12-03T23:25:50.214+0000] {processor.py:839} INFO - DAG(s) dict_keys(['tutorial_dag']) retrieved from /home/ubuntu/redfin/lib/python3.10/site-packages/airflow/example_dags/tutorial_dag.py
[2023-12-03T23:25:50.233+0000] {logging_mixin.py:154} INFO - [2023-12-03T23:25:50.233+0000] {dag.py:2941} INFO - Sync 1 DAGs
[2023-12-03T23:25:50.246+0000] {logging_mixin.py:154} INFO - [2023-12-03T23:25:50.246+0000] {dag.py:3722} INFO - Setting next_dagrun for tutorial_dag to None, run_after=None
[2023-12-03T23:25:50.269+0000] {processor.py:179} INFO - Processing /home/ubuntu/redfin/lib/python3.10/site-packages/airflow/example_dags/tutorial_dag.py took 0.067 seconds
[2023-12-03T23:26:38.019+0000] {processor.py:157} INFO - Started process (PID=4990) to work on /home/ubuntu/redfin/lib/python3.10/site-packages/airflow/example_dags/tutorial_dag.py
[2023-12-03T23:26:38.021+0000] {processor.py:829} INFO - Processing file /home/ubuntu/redfin/lib/python3.10/site-packages/airflow/example_dags/tutorial_dag.py for tasks to queue
[2023-12-03T23:26:38.022+0000] {logging_mixin.py:154} INFO - [2023-12-03T23:26:38.021+0000] {dagbag.py:536} INFO - Filling up the DagBag from /home/ubuntu/redfin/lib/python3.10/site-packages/airflow/example_dags/tutorial_dag.py
[2023-12-03T23:26:38.028+0000] {processor.py:839} INFO - DAG(s) dict_keys(['tutorial_dag']) retrieved from /home/ubuntu/redfin/lib/python3.10/site-packages/airflow/example_dags/tutorial_dag.py
[2023-12-03T23:26:38.046+0000] {logging_mixin.py:154} INFO - [2023-12-03T23:26:38.046+0000] {dag.py:2941} INFO - Sync 1 DAGs
[2023-12-03T23:26:38.058+0000] {logging_mixin.py:154} INFO - [2023-12-03T23:26:38.058+0000] {dag.py:3722} INFO - Setting next_dagrun for tutorial_dag to None, run_after=None
[2023-12-03T23:26:38.081+0000] {processor.py:179} INFO - Processing /home/ubuntu/redfin/lib/python3.10/site-packages/airflow/example_dags/tutorial_dag.py took 0.065 seconds
[2023-12-03T23:27:21.477+0000] {processor.py:157} INFO - Started process (PID=5039) to work on /home/ubuntu/redfin/lib/python3.10/site-packages/airflow/example_dags/tutorial_dag.py
[2023-12-03T23:27:21.479+0000] {processor.py:829} INFO - Processing file /home/ubuntu/redfin/lib/python3.10/site-packages/airflow/example_dags/tutorial_dag.py for tasks to queue
[2023-12-03T23:27:21.480+0000] {logging_mixin.py:154} INFO - [2023-12-03T23:27:21.479+0000] {dagbag.py:536} INFO - Filling up the DagBag from /home/ubuntu/redfin/lib/python3.10/site-packages/airflow/example_dags/tutorial_dag.py
[2023-12-03T23:27:21.486+0000] {processor.py:839} INFO - DAG(s) dict_keys(['tutorial_dag']) retrieved from /home/ubuntu/redfin/lib/python3.10/site-packages/airflow/example_dags/tutorial_dag.py
[2023-12-03T23:27:21.505+0000] {logging_mixin.py:154} INFO - [2023-12-03T23:27:21.505+0000] {dag.py:2941} INFO - Sync 1 DAGs
[2023-12-03T23:27:21.518+0000] {logging_mixin.py:154} INFO - [2023-12-03T23:27:21.518+0000] {dag.py:3722} INFO - Setting next_dagrun for tutorial_dag to None, run_after=None
[2023-12-03T23:27:21.543+0000] {processor.py:179} INFO - Processing /home/ubuntu/redfin/lib/python3.10/site-packages/airflow/example_dags/tutorial_dag.py took 0.069 seconds
[2023-12-03T23:28:03.106+0000] {processor.py:157} INFO - Started process (PID=5086) to work on /home/ubuntu/redfin/lib/python3.10/site-packages/airflow/example_dags/tutorial_dag.py
[2023-12-03T23:28:03.108+0000] {processor.py:829} INFO - Processing file /home/ubuntu/redfin/lib/python3.10/site-packages/airflow/example_dags/tutorial_dag.py for tasks to queue
[2023-12-03T23:28:03.109+0000] {logging_mixin.py:154} INFO - [2023-12-03T23:28:03.108+0000] {dagbag.py:536} INFO - Filling up the DagBag from /home/ubuntu/redfin/lib/python3.10/site-packages/airflow/example_dags/tutorial_dag.py
[2023-12-03T23:28:03.115+0000] {processor.py:839} INFO - DAG(s) dict_keys(['tutorial_dag']) retrieved from /home/ubuntu/redfin/lib/python3.10/site-packages/airflow/example_dags/tutorial_dag.py
[2023-12-03T23:28:03.134+0000] {logging_mixin.py:154} INFO - [2023-12-03T23:28:03.134+0000] {dag.py:2941} INFO - Sync 1 DAGs
[2023-12-03T23:28:03.147+0000] {logging_mixin.py:154} INFO - [2023-12-03T23:28:03.147+0000] {dag.py:3722} INFO - Setting next_dagrun for tutorial_dag to None, run_after=None
[2023-12-03T23:28:03.174+0000] {processor.py:179} INFO - Processing /home/ubuntu/redfin/lib/python3.10/site-packages/airflow/example_dags/tutorial_dag.py took 0.072 seconds
[2023-12-03T23:28:51.973+0000] {processor.py:157} INFO - Started process (PID=5137) to work on /home/ubuntu/redfin/lib/python3.10/site-packages/airflow/example_dags/tutorial_dag.py
[2023-12-03T23:28:51.975+0000] {processor.py:829} INFO - Processing file /home/ubuntu/redfin/lib/python3.10/site-packages/airflow/example_dags/tutorial_dag.py for tasks to queue
[2023-12-03T23:28:51.976+0000] {logging_mixin.py:154} INFO - [2023-12-03T23:28:51.975+0000] {dagbag.py:536} INFO - Filling up the DagBag from /home/ubuntu/redfin/lib/python3.10/site-packages/airflow/example_dags/tutorial_dag.py
[2023-12-03T23:28:51.982+0000] {processor.py:839} INFO - DAG(s) dict_keys(['tutorial_dag']) retrieved from /home/ubuntu/redfin/lib/python3.10/site-packages/airflow/example_dags/tutorial_dag.py
[2023-12-03T23:28:52.001+0000] {logging_mixin.py:154} INFO - [2023-12-03T23:28:52.001+0000] {dag.py:2941} INFO - Sync 1 DAGs
[2023-12-03T23:28:52.014+0000] {logging_mixin.py:154} INFO - [2023-12-03T23:28:52.013+0000] {dag.py:3722} INFO - Setting next_dagrun for tutorial_dag to None, run_after=None
[2023-12-03T23:28:52.037+0000] {processor.py:179} INFO - Processing /home/ubuntu/redfin/lib/python3.10/site-packages/airflow/example_dags/tutorial_dag.py took 0.067 seconds
[2023-12-03T23:29:39.843+0000] {processor.py:157} INFO - Started process (PID=5190) to work on /home/ubuntu/redfin/lib/python3.10/site-packages/airflow/example_dags/tutorial_dag.py
[2023-12-03T23:29:39.844+0000] {processor.py:829} INFO - Processing file /home/ubuntu/redfin/lib/python3.10/site-packages/airflow/example_dags/tutorial_dag.py for tasks to queue
[2023-12-03T23:29:39.845+0000] {logging_mixin.py:154} INFO - [2023-12-03T23:29:39.845+0000] {dagbag.py:536} INFO - Filling up the DagBag from /home/ubuntu/redfin/lib/python3.10/site-packages/airflow/example_dags/tutorial_dag.py
[2023-12-03T23:29:39.852+0000] {processor.py:839} INFO - DAG(s) dict_keys(['tutorial_dag']) retrieved from /home/ubuntu/redfin/lib/python3.10/site-packages/airflow/example_dags/tutorial_dag.py
[2023-12-03T23:29:39.871+0000] {logging_mixin.py:154} INFO - [2023-12-03T23:29:39.870+0000] {dag.py:2941} INFO - Sync 1 DAGs
[2023-12-03T23:29:39.884+0000] {logging_mixin.py:154} INFO - [2023-12-03T23:29:39.884+0000] {dag.py:3722} INFO - Setting next_dagrun for tutorial_dag to None, run_after=None
[2023-12-03T23:29:39.907+0000] {processor.py:179} INFO - Processing /home/ubuntu/redfin/lib/python3.10/site-packages/airflow/example_dags/tutorial_dag.py took 0.068 seconds
[2023-12-03T23:30:28.275+0000] {processor.py:157} INFO - Started process (PID=5244) to work on /home/ubuntu/redfin/lib/python3.10/site-packages/airflow/example_dags/tutorial_dag.py
[2023-12-03T23:30:28.276+0000] {processor.py:829} INFO - Processing file /home/ubuntu/redfin/lib/python3.10/site-packages/airflow/example_dags/tutorial_dag.py for tasks to queue
[2023-12-03T23:30:28.277+0000] {logging_mixin.py:154} INFO - [2023-12-03T23:30:28.277+0000] {dagbag.py:536} INFO - Filling up the DagBag from /home/ubuntu/redfin/lib/python3.10/site-packages/airflow/example_dags/tutorial_dag.py
[2023-12-03T23:30:28.283+0000] {processor.py:839} INFO - DAG(s) dict_keys(['tutorial_dag']) retrieved from /home/ubuntu/redfin/lib/python3.10/site-packages/airflow/example_dags/tutorial_dag.py
[2023-12-03T23:30:28.301+0000] {logging_mixin.py:154} INFO - [2023-12-03T23:30:28.301+0000] {dag.py:2941} INFO - Sync 1 DAGs
[2023-12-03T23:30:28.314+0000] {logging_mixin.py:154} INFO - [2023-12-03T23:30:28.313+0000] {dag.py:3722} INFO - Setting next_dagrun for tutorial_dag to None, run_after=None
[2023-12-03T23:30:28.336+0000] {processor.py:179} INFO - Processing /home/ubuntu/redfin/lib/python3.10/site-packages/airflow/example_dags/tutorial_dag.py took 0.065 seconds
[2023-12-03T23:31:12.945+0000] {processor.py:157} INFO - Started process (PID=5293) to work on /home/ubuntu/redfin/lib/python3.10/site-packages/airflow/example_dags/tutorial_dag.py
[2023-12-03T23:31:12.946+0000] {processor.py:829} INFO - Processing file /home/ubuntu/redfin/lib/python3.10/site-packages/airflow/example_dags/tutorial_dag.py for tasks to queue
[2023-12-03T23:31:12.947+0000] {logging_mixin.py:154} INFO - [2023-12-03T23:31:12.947+0000] {dagbag.py:536} INFO - Filling up the DagBag from /home/ubuntu/redfin/lib/python3.10/site-packages/airflow/example_dags/tutorial_dag.py
[2023-12-03T23:31:12.954+0000] {processor.py:839} INFO - DAG(s) dict_keys(['tutorial_dag']) retrieved from /home/ubuntu/redfin/lib/python3.10/site-packages/airflow/example_dags/tutorial_dag.py
[2023-12-03T23:31:12.973+0000] {logging_mixin.py:154} INFO - [2023-12-03T23:31:12.973+0000] {dag.py:2941} INFO - Sync 1 DAGs
[2023-12-03T23:31:12.988+0000] {logging_mixin.py:154} INFO - [2023-12-03T23:31:12.987+0000] {dag.py:3722} INFO - Setting next_dagrun for tutorial_dag to None, run_after=None
[2023-12-03T23:31:13.011+0000] {processor.py:179} INFO - Processing /home/ubuntu/redfin/lib/python3.10/site-packages/airflow/example_dags/tutorial_dag.py took 0.071 seconds
[2023-12-03T23:32:01.220+0000] {processor.py:157} INFO - Started process (PID=5345) to work on /home/ubuntu/redfin/lib/python3.10/site-packages/airflow/example_dags/tutorial_dag.py
[2023-12-03T23:32:01.221+0000] {processor.py:829} INFO - Processing file /home/ubuntu/redfin/lib/python3.10/site-packages/airflow/example_dags/tutorial_dag.py for tasks to queue
[2023-12-03T23:32:01.222+0000] {logging_mixin.py:154} INFO - [2023-12-03T23:32:01.221+0000] {dagbag.py:536} INFO - Filling up the DagBag from /home/ubuntu/redfin/lib/python3.10/site-packages/airflow/example_dags/tutorial_dag.py
[2023-12-03T23:32:01.228+0000] {processor.py:839} INFO - DAG(s) dict_keys(['tutorial_dag']) retrieved from /home/ubuntu/redfin/lib/python3.10/site-packages/airflow/example_dags/tutorial_dag.py
[2023-12-03T23:32:01.247+0000] {logging_mixin.py:154} INFO - [2023-12-03T23:32:01.247+0000] {dag.py:2941} INFO - Sync 1 DAGs
[2023-12-03T23:32:01.260+0000] {logging_mixin.py:154} INFO - [2023-12-03T23:32:01.260+0000] {dag.py:3722} INFO - Setting next_dagrun for tutorial_dag to None, run_after=None
[2023-12-03T23:32:01.283+0000] {processor.py:179} INFO - Processing /home/ubuntu/redfin/lib/python3.10/site-packages/airflow/example_dags/tutorial_dag.py took 0.067 seconds
[2023-12-03T23:32:44.741+0000] {processor.py:157} INFO - Started process (PID=5394) to work on /home/ubuntu/redfin/lib/python3.10/site-packages/airflow/example_dags/tutorial_dag.py
[2023-12-03T23:32:44.743+0000] {processor.py:829} INFO - Processing file /home/ubuntu/redfin/lib/python3.10/site-packages/airflow/example_dags/tutorial_dag.py for tasks to queue
[2023-12-03T23:32:44.744+0000] {logging_mixin.py:154} INFO - [2023-12-03T23:32:44.744+0000] {dagbag.py:536} INFO - Filling up the DagBag from /home/ubuntu/redfin/lib/python3.10/site-packages/airflow/example_dags/tutorial_dag.py
[2023-12-03T23:32:44.750+0000] {processor.py:839} INFO - DAG(s) dict_keys(['tutorial_dag']) retrieved from /home/ubuntu/redfin/lib/python3.10/site-packages/airflow/example_dags/tutorial_dag.py
[2023-12-03T23:32:44.769+0000] {logging_mixin.py:154} INFO - [2023-12-03T23:32:44.769+0000] {dag.py:2941} INFO - Sync 1 DAGs
[2023-12-03T23:32:44.783+0000] {logging_mixin.py:154} INFO - [2023-12-03T23:32:44.782+0000] {dag.py:3722} INFO - Setting next_dagrun for tutorial_dag to None, run_after=None
[2023-12-03T23:32:44.805+0000] {processor.py:179} INFO - Processing /home/ubuntu/redfin/lib/python3.10/site-packages/airflow/example_dags/tutorial_dag.py took 0.068 seconds
[2023-12-03T23:33:31.113+0000] {processor.py:157} INFO - Started process (PID=5443) to work on /home/ubuntu/redfin/lib/python3.10/site-packages/airflow/example_dags/tutorial_dag.py
[2023-12-03T23:33:31.115+0000] {processor.py:829} INFO - Processing file /home/ubuntu/redfin/lib/python3.10/site-packages/airflow/example_dags/tutorial_dag.py for tasks to queue
[2023-12-03T23:33:31.116+0000] {logging_mixin.py:154} INFO - [2023-12-03T23:33:31.115+0000] {dagbag.py:536} INFO - Filling up the DagBag from /home/ubuntu/redfin/lib/python3.10/site-packages/airflow/example_dags/tutorial_dag.py
[2023-12-03T23:33:31.122+0000] {processor.py:839} INFO - DAG(s) dict_keys(['tutorial_dag']) retrieved from /home/ubuntu/redfin/lib/python3.10/site-packages/airflow/example_dags/tutorial_dag.py
[2023-12-03T23:33:31.142+0000] {logging_mixin.py:154} INFO - [2023-12-03T23:33:31.141+0000] {dag.py:2941} INFO - Sync 1 DAGs
[2023-12-03T23:33:31.154+0000] {logging_mixin.py:154} INFO - [2023-12-03T23:33:31.154+0000] {dag.py:3722} INFO - Setting next_dagrun for tutorial_dag to None, run_after=None
[2023-12-03T23:33:31.178+0000] {processor.py:179} INFO - Processing /home/ubuntu/redfin/lib/python3.10/site-packages/airflow/example_dags/tutorial_dag.py took 0.069 seconds
[2023-12-03T23:34:17.478+0000] {processor.py:157} INFO - Started process (PID=5496) to work on /home/ubuntu/redfin/lib/python3.10/site-packages/airflow/example_dags/tutorial_dag.py
[2023-12-03T23:34:17.480+0000] {processor.py:829} INFO - Processing file /home/ubuntu/redfin/lib/python3.10/site-packages/airflow/example_dags/tutorial_dag.py for tasks to queue
[2023-12-03T23:34:17.480+0000] {logging_mixin.py:154} INFO - [2023-12-03T23:34:17.480+0000] {dagbag.py:536} INFO - Filling up the DagBag from /home/ubuntu/redfin/lib/python3.10/site-packages/airflow/example_dags/tutorial_dag.py
[2023-12-03T23:34:17.487+0000] {processor.py:839} INFO - DAG(s) dict_keys(['tutorial_dag']) retrieved from /home/ubuntu/redfin/lib/python3.10/site-packages/airflow/example_dags/tutorial_dag.py
[2023-12-03T23:34:17.505+0000] {logging_mixin.py:154} INFO - [2023-12-03T23:34:17.505+0000] {dag.py:2941} INFO - Sync 1 DAGs
[2023-12-03T23:34:17.518+0000] {logging_mixin.py:154} INFO - [2023-12-03T23:34:17.518+0000] {dag.py:3722} INFO - Setting next_dagrun for tutorial_dag to None, run_after=None
[2023-12-03T23:34:17.541+0000] {processor.py:179} INFO - Processing /home/ubuntu/redfin/lib/python3.10/site-packages/airflow/example_dags/tutorial_dag.py took 0.066 seconds
[2023-12-03T23:35:06.600+0000] {processor.py:157} INFO - Started process (PID=5548) to work on /home/ubuntu/redfin/lib/python3.10/site-packages/airflow/example_dags/tutorial_dag.py
[2023-12-03T23:35:06.602+0000] {processor.py:829} INFO - Processing file /home/ubuntu/redfin/lib/python3.10/site-packages/airflow/example_dags/tutorial_dag.py for tasks to queue
[2023-12-03T23:35:06.603+0000] {logging_mixin.py:154} INFO - [2023-12-03T23:35:06.602+0000] {dagbag.py:536} INFO - Filling up the DagBag from /home/ubuntu/redfin/lib/python3.10/site-packages/airflow/example_dags/tutorial_dag.py
[2023-12-03T23:35:06.609+0000] {processor.py:839} INFO - DAG(s) dict_keys(['tutorial_dag']) retrieved from /home/ubuntu/redfin/lib/python3.10/site-packages/airflow/example_dags/tutorial_dag.py
[2023-12-03T23:35:06.628+0000] {logging_mixin.py:154} INFO - [2023-12-03T23:35:06.628+0000] {dag.py:2941} INFO - Sync 1 DAGs
[2023-12-03T23:35:06.642+0000] {logging_mixin.py:154} INFO - [2023-12-03T23:35:06.641+0000] {dag.py:3722} INFO - Setting next_dagrun for tutorial_dag to None, run_after=None
[2023-12-03T23:35:06.666+0000] {processor.py:179} INFO - Processing /home/ubuntu/redfin/lib/python3.10/site-packages/airflow/example_dags/tutorial_dag.py took 0.070 seconds
[2023-12-03T23:35:55.324+0000] {processor.py:157} INFO - Started process (PID=5602) to work on /home/ubuntu/redfin/lib/python3.10/site-packages/airflow/example_dags/tutorial_dag.py
[2023-12-03T23:35:55.325+0000] {processor.py:829} INFO - Processing file /home/ubuntu/redfin/lib/python3.10/site-packages/airflow/example_dags/tutorial_dag.py for tasks to queue
[2023-12-03T23:35:55.326+0000] {logging_mixin.py:154} INFO - [2023-12-03T23:35:55.326+0000] {dagbag.py:536} INFO - Filling up the DagBag from /home/ubuntu/redfin/lib/python3.10/site-packages/airflow/example_dags/tutorial_dag.py
[2023-12-03T23:35:55.332+0000] {processor.py:839} INFO - DAG(s) dict_keys(['tutorial_dag']) retrieved from /home/ubuntu/redfin/lib/python3.10/site-packages/airflow/example_dags/tutorial_dag.py
[2023-12-03T23:35:55.350+0000] {logging_mixin.py:154} INFO - [2023-12-03T23:35:55.350+0000] {dag.py:2941} INFO - Sync 1 DAGs
[2023-12-03T23:35:55.362+0000] {logging_mixin.py:154} INFO - [2023-12-03T23:35:55.362+0000] {dag.py:3722} INFO - Setting next_dagrun for tutorial_dag to None, run_after=None
[2023-12-03T23:35:55.384+0000] {processor.py:179} INFO - Processing /home/ubuntu/redfin/lib/python3.10/site-packages/airflow/example_dags/tutorial_dag.py took 0.064 seconds
[2023-12-03T23:36:47.113+0000] {processor.py:157} INFO - Started process (PID=5657) to work on /home/ubuntu/redfin/lib/python3.10/site-packages/airflow/example_dags/tutorial_dag.py
[2023-12-03T23:36:47.114+0000] {processor.py:829} INFO - Processing file /home/ubuntu/redfin/lib/python3.10/site-packages/airflow/example_dags/tutorial_dag.py for tasks to queue
[2023-12-03T23:36:47.115+0000] {logging_mixin.py:154} INFO - [2023-12-03T23:36:47.115+0000] {dagbag.py:536} INFO - Filling up the DagBag from /home/ubuntu/redfin/lib/python3.10/site-packages/airflow/example_dags/tutorial_dag.py
[2023-12-03T23:36:47.122+0000] {processor.py:839} INFO - DAG(s) dict_keys(['tutorial_dag']) retrieved from /home/ubuntu/redfin/lib/python3.10/site-packages/airflow/example_dags/tutorial_dag.py
[2023-12-03T23:36:47.140+0000] {logging_mixin.py:154} INFO - [2023-12-03T23:36:47.140+0000] {dag.py:2941} INFO - Sync 1 DAGs
[2023-12-03T23:36:47.153+0000] {logging_mixin.py:154} INFO - [2023-12-03T23:36:47.153+0000] {dag.py:3722} INFO - Setting next_dagrun for tutorial_dag to None, run_after=None
[2023-12-03T23:36:47.176+0000] {processor.py:179} INFO - Processing /home/ubuntu/redfin/lib/python3.10/site-packages/airflow/example_dags/tutorial_dag.py took 0.067 seconds
[2023-12-03T23:37:34.403+0000] {processor.py:157} INFO - Started process (PID=5711) to work on /home/ubuntu/redfin/lib/python3.10/site-packages/airflow/example_dags/tutorial_dag.py
[2023-12-03T23:37:34.405+0000] {processor.py:829} INFO - Processing file /home/ubuntu/redfin/lib/python3.10/site-packages/airflow/example_dags/tutorial_dag.py for tasks to queue
[2023-12-03T23:37:34.406+0000] {logging_mixin.py:154} INFO - [2023-12-03T23:37:34.406+0000] {dagbag.py:536} INFO - Filling up the DagBag from /home/ubuntu/redfin/lib/python3.10/site-packages/airflow/example_dags/tutorial_dag.py
[2023-12-03T23:37:34.412+0000] {processor.py:839} INFO - DAG(s) dict_keys(['tutorial_dag']) retrieved from /home/ubuntu/redfin/lib/python3.10/site-packages/airflow/example_dags/tutorial_dag.py
[2023-12-03T23:37:34.431+0000] {logging_mixin.py:154} INFO - [2023-12-03T23:37:34.431+0000] {dag.py:2941} INFO - Sync 1 DAGs
[2023-12-03T23:37:34.443+0000] {logging_mixin.py:154} INFO - [2023-12-03T23:37:34.443+0000] {dag.py:3722} INFO - Setting next_dagrun for tutorial_dag to None, run_after=None
[2023-12-03T23:37:34.465+0000] {processor.py:179} INFO - Processing /home/ubuntu/redfin/lib/python3.10/site-packages/airflow/example_dags/tutorial_dag.py took 0.066 seconds
[2023-12-03T23:38:19.548+0000] {processor.py:157} INFO - Started process (PID=5760) to work on /home/ubuntu/redfin/lib/python3.10/site-packages/airflow/example_dags/tutorial_dag.py
[2023-12-03T23:38:19.549+0000] {processor.py:829} INFO - Processing file /home/ubuntu/redfin/lib/python3.10/site-packages/airflow/example_dags/tutorial_dag.py for tasks to queue
[2023-12-03T23:38:19.550+0000] {logging_mixin.py:154} INFO - [2023-12-03T23:38:19.550+0000] {dagbag.py:536} INFO - Filling up the DagBag from /home/ubuntu/redfin/lib/python3.10/site-packages/airflow/example_dags/tutorial_dag.py
[2023-12-03T23:38:19.556+0000] {processor.py:839} INFO - DAG(s) dict_keys(['tutorial_dag']) retrieved from /home/ubuntu/redfin/lib/python3.10/site-packages/airflow/example_dags/tutorial_dag.py
[2023-12-03T23:38:19.575+0000] {logging_mixin.py:154} INFO - [2023-12-03T23:38:19.575+0000] {dag.py:2941} INFO - Sync 1 DAGs
[2023-12-03T23:38:19.588+0000] {logging_mixin.py:154} INFO - [2023-12-03T23:38:19.587+0000] {dag.py:3722} INFO - Setting next_dagrun for tutorial_dag to None, run_after=None
[2023-12-03T23:38:19.613+0000] {processor.py:179} INFO - Processing /home/ubuntu/redfin/lib/python3.10/site-packages/airflow/example_dags/tutorial_dag.py took 0.068 seconds
[2023-12-03T23:39:06.219+0000] {processor.py:157} INFO - Started process (PID=5811) to work on /home/ubuntu/redfin/lib/python3.10/site-packages/airflow/example_dags/tutorial_dag.py
[2023-12-03T23:39:06.220+0000] {processor.py:829} INFO - Processing file /home/ubuntu/redfin/lib/python3.10/site-packages/airflow/example_dags/tutorial_dag.py for tasks to queue
[2023-12-03T23:39:06.221+0000] {logging_mixin.py:154} INFO - [2023-12-03T23:39:06.221+0000] {dagbag.py:536} INFO - Filling up the DagBag from /home/ubuntu/redfin/lib/python3.10/site-packages/airflow/example_dags/tutorial_dag.py
[2023-12-03T23:39:06.227+0000] {processor.py:839} INFO - DAG(s) dict_keys(['tutorial_dag']) retrieved from /home/ubuntu/redfin/lib/python3.10/site-packages/airflow/example_dags/tutorial_dag.py
[2023-12-03T23:39:06.246+0000] {logging_mixin.py:154} INFO - [2023-12-03T23:39:06.246+0000] {dag.py:2941} INFO - Sync 1 DAGs
[2023-12-03T23:39:06.258+0000] {logging_mixin.py:154} INFO - [2023-12-03T23:39:06.258+0000] {dag.py:3722} INFO - Setting next_dagrun for tutorial_dag to None, run_after=None
[2023-12-03T23:39:06.284+0000] {processor.py:179} INFO - Processing /home/ubuntu/redfin/lib/python3.10/site-packages/airflow/example_dags/tutorial_dag.py took 0.069 seconds
[2023-12-03T23:39:52.673+0000] {processor.py:157} INFO - Started process (PID=5861) to work on /home/ubuntu/redfin/lib/python3.10/site-packages/airflow/example_dags/tutorial_dag.py
[2023-12-03T23:39:52.674+0000] {processor.py:829} INFO - Processing file /home/ubuntu/redfin/lib/python3.10/site-packages/airflow/example_dags/tutorial_dag.py for tasks to queue
[2023-12-03T23:39:52.675+0000] {logging_mixin.py:154} INFO - [2023-12-03T23:39:52.675+0000] {dagbag.py:536} INFO - Filling up the DagBag from /home/ubuntu/redfin/lib/python3.10/site-packages/airflow/example_dags/tutorial_dag.py
[2023-12-03T23:39:52.681+0000] {processor.py:839} INFO - DAG(s) dict_keys(['tutorial_dag']) retrieved from /home/ubuntu/redfin/lib/python3.10/site-packages/airflow/example_dags/tutorial_dag.py
[2023-12-03T23:39:52.700+0000] {logging_mixin.py:154} INFO - [2023-12-03T23:39:52.700+0000] {dag.py:2941} INFO - Sync 1 DAGs
[2023-12-03T23:39:52.714+0000] {logging_mixin.py:154} INFO - [2023-12-03T23:39:52.714+0000] {dag.py:3722} INFO - Setting next_dagrun for tutorial_dag to None, run_after=None
[2023-12-03T23:39:52.738+0000] {processor.py:179} INFO - Processing /home/ubuntu/redfin/lib/python3.10/site-packages/airflow/example_dags/tutorial_dag.py took 0.069 seconds
[2023-12-03T23:40:41.188+0000] {processor.py:157} INFO - Started process (PID=5913) to work on /home/ubuntu/redfin/lib/python3.10/site-packages/airflow/example_dags/tutorial_dag.py
[2023-12-03T23:40:41.189+0000] {processor.py:829} INFO - Processing file /home/ubuntu/redfin/lib/python3.10/site-packages/airflow/example_dags/tutorial_dag.py for tasks to queue
[2023-12-03T23:40:41.190+0000] {logging_mixin.py:154} INFO - [2023-12-03T23:40:41.189+0000] {dagbag.py:536} INFO - Filling up the DagBag from /home/ubuntu/redfin/lib/python3.10/site-packages/airflow/example_dags/tutorial_dag.py
[2023-12-03T23:40:41.196+0000] {processor.py:839} INFO - DAG(s) dict_keys(['tutorial_dag']) retrieved from /home/ubuntu/redfin/lib/python3.10/site-packages/airflow/example_dags/tutorial_dag.py
[2023-12-03T23:40:41.215+0000] {logging_mixin.py:154} INFO - [2023-12-03T23:40:41.214+0000] {dag.py:2941} INFO - Sync 1 DAGs
[2023-12-03T23:40:41.228+0000] {logging_mixin.py:154} INFO - [2023-12-03T23:40:41.227+0000] {dag.py:3722} INFO - Setting next_dagrun for tutorial_dag to None, run_after=None
[2023-12-03T23:40:41.250+0000] {processor.py:179} INFO - Processing /home/ubuntu/redfin/lib/python3.10/site-packages/airflow/example_dags/tutorial_dag.py took 0.066 seconds
[2023-12-03T23:41:32.609+0000] {processor.py:157} INFO - Started process (PID=5970) to work on /home/ubuntu/redfin/lib/python3.10/site-packages/airflow/example_dags/tutorial_dag.py
[2023-12-03T23:41:32.610+0000] {processor.py:829} INFO - Processing file /home/ubuntu/redfin/lib/python3.10/site-packages/airflow/example_dags/tutorial_dag.py for tasks to queue
[2023-12-03T23:41:32.611+0000] {logging_mixin.py:154} INFO - [2023-12-03T23:41:32.611+0000] {dagbag.py:536} INFO - Filling up the DagBag from /home/ubuntu/redfin/lib/python3.10/site-packages/airflow/example_dags/tutorial_dag.py
[2023-12-03T23:41:32.618+0000] {processor.py:839} INFO - DAG(s) dict_keys(['tutorial_dag']) retrieved from /home/ubuntu/redfin/lib/python3.10/site-packages/airflow/example_dags/tutorial_dag.py
[2023-12-03T23:41:32.638+0000] {logging_mixin.py:154} INFO - [2023-12-03T23:41:32.638+0000] {dag.py:2941} INFO - Sync 1 DAGs
[2023-12-03T23:41:32.652+0000] {logging_mixin.py:154} INFO - [2023-12-03T23:41:32.652+0000] {dag.py:3722} INFO - Setting next_dagrun for tutorial_dag to None, run_after=None
[2023-12-03T23:41:32.675+0000] {processor.py:179} INFO - Processing /home/ubuntu/redfin/lib/python3.10/site-packages/airflow/example_dags/tutorial_dag.py took 0.070 seconds
[2023-12-03T23:42:16.673+0000] {processor.py:157} INFO - Started process (PID=6019) to work on /home/ubuntu/redfin/lib/python3.10/site-packages/airflow/example_dags/tutorial_dag.py
[2023-12-03T23:42:16.674+0000] {processor.py:829} INFO - Processing file /home/ubuntu/redfin/lib/python3.10/site-packages/airflow/example_dags/tutorial_dag.py for tasks to queue
[2023-12-03T23:42:16.675+0000] {logging_mixin.py:154} INFO - [2023-12-03T23:42:16.675+0000] {dagbag.py:536} INFO - Filling up the DagBag from /home/ubuntu/redfin/lib/python3.10/site-packages/airflow/example_dags/tutorial_dag.py
[2023-12-03T23:42:16.682+0000] {processor.py:839} INFO - DAG(s) dict_keys(['tutorial_dag']) retrieved from /home/ubuntu/redfin/lib/python3.10/site-packages/airflow/example_dags/tutorial_dag.py
[2023-12-03T23:42:16.700+0000] {logging_mixin.py:154} INFO - [2023-12-03T23:42:16.700+0000] {dag.py:2941} INFO - Sync 1 DAGs
[2023-12-03T23:42:16.712+0000] {logging_mixin.py:154} INFO - [2023-12-03T23:42:16.712+0000] {dag.py:3722} INFO - Setting next_dagrun for tutorial_dag to None, run_after=None
[2023-12-03T23:42:16.735+0000] {processor.py:179} INFO - Processing /home/ubuntu/redfin/lib/python3.10/site-packages/airflow/example_dags/tutorial_dag.py took 0.065 seconds
[2023-12-03T23:43:05.254+0000] {processor.py:157} INFO - Started process (PID=6071) to work on /home/ubuntu/redfin/lib/python3.10/site-packages/airflow/example_dags/tutorial_dag.py
[2023-12-03T23:43:05.256+0000] {processor.py:829} INFO - Processing file /home/ubuntu/redfin/lib/python3.10/site-packages/airflow/example_dags/tutorial_dag.py for tasks to queue
[2023-12-03T23:43:05.257+0000] {logging_mixin.py:154} INFO - [2023-12-03T23:43:05.256+0000] {dagbag.py:536} INFO - Filling up the DagBag from /home/ubuntu/redfin/lib/python3.10/site-packages/airflow/example_dags/tutorial_dag.py
[2023-12-03T23:43:05.263+0000] {processor.py:839} INFO - DAG(s) dict_keys(['tutorial_dag']) retrieved from /home/ubuntu/redfin/lib/python3.10/site-packages/airflow/example_dags/tutorial_dag.py
[2023-12-03T23:43:05.281+0000] {logging_mixin.py:154} INFO - [2023-12-03T23:43:05.281+0000] {dag.py:2941} INFO - Sync 1 DAGs
[2023-12-03T23:43:05.294+0000] {logging_mixin.py:154} INFO - [2023-12-03T23:43:05.294+0000] {dag.py:3722} INFO - Setting next_dagrun for tutorial_dag to None, run_after=None
[2023-12-03T23:43:05.316+0000] {processor.py:179} INFO - Processing /home/ubuntu/redfin/lib/python3.10/site-packages/airflow/example_dags/tutorial_dag.py took 0.066 seconds
[2023-12-03T23:43:52.479+0000] {processor.py:157} INFO - Started process (PID=6122) to work on /home/ubuntu/redfin/lib/python3.10/site-packages/airflow/example_dags/tutorial_dag.py
[2023-12-03T23:43:52.480+0000] {processor.py:829} INFO - Processing file /home/ubuntu/redfin/lib/python3.10/site-packages/airflow/example_dags/tutorial_dag.py for tasks to queue
[2023-12-03T23:43:52.481+0000] {logging_mixin.py:154} INFO - [2023-12-03T23:43:52.480+0000] {dagbag.py:536} INFO - Filling up the DagBag from /home/ubuntu/redfin/lib/python3.10/site-packages/airflow/example_dags/tutorial_dag.py
[2023-12-03T23:43:52.487+0000] {processor.py:839} INFO - DAG(s) dict_keys(['tutorial_dag']) retrieved from /home/ubuntu/redfin/lib/python3.10/site-packages/airflow/example_dags/tutorial_dag.py
[2023-12-03T23:43:52.505+0000] {logging_mixin.py:154} INFO - [2023-12-03T23:43:52.504+0000] {dag.py:2941} INFO - Sync 1 DAGs
[2023-12-03T23:43:52.517+0000] {logging_mixin.py:154} INFO - [2023-12-03T23:43:52.516+0000] {dag.py:3722} INFO - Setting next_dagrun for tutorial_dag to None, run_after=None
[2023-12-03T23:43:52.541+0000] {processor.py:179} INFO - Processing /home/ubuntu/redfin/lib/python3.10/site-packages/airflow/example_dags/tutorial_dag.py took 0.066 seconds
[2023-12-03T23:44:36.986+0000] {processor.py:157} INFO - Started process (PID=6473) to work on /home/ubuntu/redfin/lib/python3.10/site-packages/airflow/example_dags/tutorial_dag.py
[2023-12-03T23:44:36.988+0000] {processor.py:829} INFO - Processing file /home/ubuntu/redfin/lib/python3.10/site-packages/airflow/example_dags/tutorial_dag.py for tasks to queue
[2023-12-03T23:44:36.989+0000] {logging_mixin.py:154} INFO - [2023-12-03T23:44:36.989+0000] {dagbag.py:536} INFO - Filling up the DagBag from /home/ubuntu/redfin/lib/python3.10/site-packages/airflow/example_dags/tutorial_dag.py
[2023-12-03T23:44:36.996+0000] {processor.py:839} INFO - DAG(s) dict_keys(['tutorial_dag']) retrieved from /home/ubuntu/redfin/lib/python3.10/site-packages/airflow/example_dags/tutorial_dag.py
[2023-12-03T23:44:37.015+0000] {logging_mixin.py:154} INFO - [2023-12-03T23:44:37.015+0000] {dag.py:2941} INFO - Sync 1 DAGs
[2023-12-03T23:44:37.028+0000] {logging_mixin.py:154} INFO - [2023-12-03T23:44:37.028+0000] {dag.py:3722} INFO - Setting next_dagrun for tutorial_dag to None, run_after=None
[2023-12-03T23:44:37.050+0000] {processor.py:179} INFO - Processing /home/ubuntu/redfin/lib/python3.10/site-packages/airflow/example_dags/tutorial_dag.py took 0.067 seconds
[2023-12-03T23:45:16.939+0000] {processor.py:157} INFO - Started process (PID=6626) to work on /home/ubuntu/redfin/lib/python3.10/site-packages/airflow/example_dags/tutorial_dag.py
[2023-12-03T23:45:16.940+0000] {processor.py:829} INFO - Processing file /home/ubuntu/redfin/lib/python3.10/site-packages/airflow/example_dags/tutorial_dag.py for tasks to queue
[2023-12-03T23:45:16.941+0000] {logging_mixin.py:154} INFO - [2023-12-03T23:45:16.941+0000] {dagbag.py:536} INFO - Filling up the DagBag from /home/ubuntu/redfin/lib/python3.10/site-packages/airflow/example_dags/tutorial_dag.py
[2023-12-03T23:45:16.948+0000] {processor.py:839} INFO - DAG(s) dict_keys(['tutorial_dag']) retrieved from /home/ubuntu/redfin/lib/python3.10/site-packages/airflow/example_dags/tutorial_dag.py
[2023-12-03T23:45:16.967+0000] {logging_mixin.py:154} INFO - [2023-12-03T23:45:16.967+0000] {dag.py:2941} INFO - Sync 1 DAGs
[2023-12-03T23:45:16.980+0000] {logging_mixin.py:154} INFO - [2023-12-03T23:45:16.980+0000] {dag.py:3722} INFO - Setting next_dagrun for tutorial_dag to None, run_after=None
[2023-12-03T23:45:17.003+0000] {processor.py:179} INFO - Processing /home/ubuntu/redfin/lib/python3.10/site-packages/airflow/example_dags/tutorial_dag.py took 0.068 seconds
[2023-12-03T23:46:03.140+0000] {processor.py:157} INFO - Started process (PID=6680) to work on /home/ubuntu/redfin/lib/python3.10/site-packages/airflow/example_dags/tutorial_dag.py
[2023-12-03T23:46:03.142+0000] {processor.py:829} INFO - Processing file /home/ubuntu/redfin/lib/python3.10/site-packages/airflow/example_dags/tutorial_dag.py for tasks to queue
[2023-12-03T23:46:03.142+0000] {logging_mixin.py:154} INFO - [2023-12-03T23:46:03.142+0000] {dagbag.py:536} INFO - Filling up the DagBag from /home/ubuntu/redfin/lib/python3.10/site-packages/airflow/example_dags/tutorial_dag.py
[2023-12-03T23:46:03.149+0000] {processor.py:839} INFO - DAG(s) dict_keys(['tutorial_dag']) retrieved from /home/ubuntu/redfin/lib/python3.10/site-packages/airflow/example_dags/tutorial_dag.py
[2023-12-03T23:46:03.168+0000] {logging_mixin.py:154} INFO - [2023-12-03T23:46:03.168+0000] {dag.py:2941} INFO - Sync 1 DAGs
[2023-12-03T23:46:03.181+0000] {logging_mixin.py:154} INFO - [2023-12-03T23:46:03.181+0000] {dag.py:3722} INFO - Setting next_dagrun for tutorial_dag to None, run_after=None
[2023-12-03T23:46:03.204+0000] {processor.py:179} INFO - Processing /home/ubuntu/redfin/lib/python3.10/site-packages/airflow/example_dags/tutorial_dag.py took 0.068 seconds
[2023-12-03T23:46:49.476+0000] {processor.py:157} INFO - Started process (PID=6732) to work on /home/ubuntu/redfin/lib/python3.10/site-packages/airflow/example_dags/tutorial_dag.py
[2023-12-03T23:46:49.477+0000] {processor.py:829} INFO - Processing file /home/ubuntu/redfin/lib/python3.10/site-packages/airflow/example_dags/tutorial_dag.py for tasks to queue
[2023-12-03T23:46:49.478+0000] {logging_mixin.py:154} INFO - [2023-12-03T23:46:49.478+0000] {dagbag.py:536} INFO - Filling up the DagBag from /home/ubuntu/redfin/lib/python3.10/site-packages/airflow/example_dags/tutorial_dag.py
[2023-12-03T23:46:49.485+0000] {processor.py:839} INFO - DAG(s) dict_keys(['tutorial_dag']) retrieved from /home/ubuntu/redfin/lib/python3.10/site-packages/airflow/example_dags/tutorial_dag.py
[2023-12-03T23:46:49.504+0000] {logging_mixin.py:154} INFO - [2023-12-03T23:46:49.503+0000] {dag.py:2941} INFO - Sync 1 DAGs
[2023-12-03T23:46:49.517+0000] {logging_mixin.py:154} INFO - [2023-12-03T23:46:49.516+0000] {dag.py:3722} INFO - Setting next_dagrun for tutorial_dag to None, run_after=None
[2023-12-03T23:46:49.539+0000] {processor.py:179} INFO - Processing /home/ubuntu/redfin/lib/python3.10/site-packages/airflow/example_dags/tutorial_dag.py took 0.067 seconds
[2023-12-03T23:47:36.817+0000] {processor.py:157} INFO - Started process (PID=6789) to work on /home/ubuntu/redfin/lib/python3.10/site-packages/airflow/example_dags/tutorial_dag.py
[2023-12-03T23:47:36.819+0000] {processor.py:829} INFO - Processing file /home/ubuntu/redfin/lib/python3.10/site-packages/airflow/example_dags/tutorial_dag.py for tasks to queue
[2023-12-03T23:47:36.820+0000] {logging_mixin.py:154} INFO - [2023-12-03T23:47:36.819+0000] {dagbag.py:536} INFO - Filling up the DagBag from /home/ubuntu/redfin/lib/python3.10/site-packages/airflow/example_dags/tutorial_dag.py
[2023-12-03T23:47:36.825+0000] {processor.py:839} INFO - DAG(s) dict_keys(['tutorial_dag']) retrieved from /home/ubuntu/redfin/lib/python3.10/site-packages/airflow/example_dags/tutorial_dag.py
[2023-12-03T23:47:36.844+0000] {logging_mixin.py:154} INFO - [2023-12-03T23:47:36.843+0000] {dag.py:2941} INFO - Sync 1 DAGs
[2023-12-03T23:47:36.856+0000] {logging_mixin.py:154} INFO - [2023-12-03T23:47:36.856+0000] {dag.py:3722} INFO - Setting next_dagrun for tutorial_dag to None, run_after=None
[2023-12-03T23:47:36.881+0000] {processor.py:179} INFO - Processing /home/ubuntu/redfin/lib/python3.10/site-packages/airflow/example_dags/tutorial_dag.py took 0.068 seconds
[2023-12-03T23:48:25.508+0000] {processor.py:157} INFO - Started process (PID=6873) to work on /home/ubuntu/redfin/lib/python3.10/site-packages/airflow/example_dags/tutorial_dag.py
[2023-12-03T23:48:25.510+0000] {processor.py:829} INFO - Processing file /home/ubuntu/redfin/lib/python3.10/site-packages/airflow/example_dags/tutorial_dag.py for tasks to queue
[2023-12-03T23:48:25.511+0000] {logging_mixin.py:154} INFO - [2023-12-03T23:48:25.510+0000] {dagbag.py:536} INFO - Filling up the DagBag from /home/ubuntu/redfin/lib/python3.10/site-packages/airflow/example_dags/tutorial_dag.py
[2023-12-03T23:48:25.517+0000] {processor.py:839} INFO - DAG(s) dict_keys(['tutorial_dag']) retrieved from /home/ubuntu/redfin/lib/python3.10/site-packages/airflow/example_dags/tutorial_dag.py
[2023-12-03T23:48:25.535+0000] {logging_mixin.py:154} INFO - [2023-12-03T23:48:25.535+0000] {dag.py:2941} INFO - Sync 1 DAGs
[2023-12-03T23:48:25.548+0000] {logging_mixin.py:154} INFO - [2023-12-03T23:48:25.547+0000] {dag.py:3722} INFO - Setting next_dagrun for tutorial_dag to None, run_after=None
[2023-12-03T23:48:25.570+0000] {processor.py:179} INFO - Processing /home/ubuntu/redfin/lib/python3.10/site-packages/airflow/example_dags/tutorial_dag.py took 0.066 seconds
[2023-12-03T23:49:16.226+0000] {processor.py:157} INFO - Started process (PID=6928) to work on /home/ubuntu/redfin/lib/python3.10/site-packages/airflow/example_dags/tutorial_dag.py
[2023-12-03T23:49:16.227+0000] {processor.py:829} INFO - Processing file /home/ubuntu/redfin/lib/python3.10/site-packages/airflow/example_dags/tutorial_dag.py for tasks to queue
[2023-12-03T23:49:16.228+0000] {logging_mixin.py:154} INFO - [2023-12-03T23:49:16.228+0000] {dagbag.py:536} INFO - Filling up the DagBag from /home/ubuntu/redfin/lib/python3.10/site-packages/airflow/example_dags/tutorial_dag.py
[2023-12-03T23:49:16.235+0000] {processor.py:839} INFO - DAG(s) dict_keys(['tutorial_dag']) retrieved from /home/ubuntu/redfin/lib/python3.10/site-packages/airflow/example_dags/tutorial_dag.py
[2023-12-03T23:49:16.253+0000] {logging_mixin.py:154} INFO - [2023-12-03T23:49:16.253+0000] {dag.py:2941} INFO - Sync 1 DAGs
[2023-12-03T23:49:16.265+0000] {logging_mixin.py:154} INFO - [2023-12-03T23:49:16.265+0000] {dag.py:3722} INFO - Setting next_dagrun for tutorial_dag to None, run_after=None
[2023-12-03T23:49:16.288+0000] {processor.py:179} INFO - Processing /home/ubuntu/redfin/lib/python3.10/site-packages/airflow/example_dags/tutorial_dag.py took 0.067 seconds
[2023-12-03T23:50:05.092+0000] {processor.py:157} INFO - Started process (PID=6983) to work on /home/ubuntu/redfin/lib/python3.10/site-packages/airflow/example_dags/tutorial_dag.py
[2023-12-03T23:50:05.094+0000] {processor.py:829} INFO - Processing file /home/ubuntu/redfin/lib/python3.10/site-packages/airflow/example_dags/tutorial_dag.py for tasks to queue
[2023-12-03T23:50:05.095+0000] {logging_mixin.py:154} INFO - [2023-12-03T23:50:05.094+0000] {dagbag.py:536} INFO - Filling up the DagBag from /home/ubuntu/redfin/lib/python3.10/site-packages/airflow/example_dags/tutorial_dag.py
[2023-12-03T23:50:05.101+0000] {processor.py:839} INFO - DAG(s) dict_keys(['tutorial_dag']) retrieved from /home/ubuntu/redfin/lib/python3.10/site-packages/airflow/example_dags/tutorial_dag.py
[2023-12-03T23:50:05.119+0000] {logging_mixin.py:154} INFO - [2023-12-03T23:50:05.119+0000] {dag.py:2941} INFO - Sync 1 DAGs
[2023-12-03T23:50:05.132+0000] {logging_mixin.py:154} INFO - [2023-12-03T23:50:05.132+0000] {dag.py:3722} INFO - Setting next_dagrun for tutorial_dag to None, run_after=None
[2023-12-03T23:50:05.155+0000] {processor.py:179} INFO - Processing /home/ubuntu/redfin/lib/python3.10/site-packages/airflow/example_dags/tutorial_dag.py took 0.067 seconds
[2023-12-03T23:50:52.563+0000] {processor.py:157} INFO - Started process (PID=7035) to work on /home/ubuntu/redfin/lib/python3.10/site-packages/airflow/example_dags/tutorial_dag.py
[2023-12-03T23:50:52.564+0000] {processor.py:829} INFO - Processing file /home/ubuntu/redfin/lib/python3.10/site-packages/airflow/example_dags/tutorial_dag.py for tasks to queue
[2023-12-03T23:50:52.565+0000] {logging_mixin.py:154} INFO - [2023-12-03T23:50:52.565+0000] {dagbag.py:536} INFO - Filling up the DagBag from /home/ubuntu/redfin/lib/python3.10/site-packages/airflow/example_dags/tutorial_dag.py
[2023-12-03T23:50:52.571+0000] {processor.py:839} INFO - DAG(s) dict_keys(['tutorial_dag']) retrieved from /home/ubuntu/redfin/lib/python3.10/site-packages/airflow/example_dags/tutorial_dag.py
[2023-12-03T23:50:52.591+0000] {logging_mixin.py:154} INFO - [2023-12-03T23:50:52.590+0000] {dag.py:2941} INFO - Sync 1 DAGs
[2023-12-03T23:50:52.604+0000] {logging_mixin.py:154} INFO - [2023-12-03T23:50:52.603+0000] {dag.py:3722} INFO - Setting next_dagrun for tutorial_dag to None, run_after=None
[2023-12-03T23:50:52.627+0000] {processor.py:179} INFO - Processing /home/ubuntu/redfin/lib/python3.10/site-packages/airflow/example_dags/tutorial_dag.py took 0.068 seconds
[2023-12-03T23:51:38.337+0000] {processor.py:157} INFO - Started process (PID=7088) to work on /home/ubuntu/redfin/lib/python3.10/site-packages/airflow/example_dags/tutorial_dag.py
[2023-12-03T23:51:38.338+0000] {processor.py:829} INFO - Processing file /home/ubuntu/redfin/lib/python3.10/site-packages/airflow/example_dags/tutorial_dag.py for tasks to queue
[2023-12-03T23:51:38.339+0000] {logging_mixin.py:154} INFO - [2023-12-03T23:51:38.338+0000] {dagbag.py:536} INFO - Filling up the DagBag from /home/ubuntu/redfin/lib/python3.10/site-packages/airflow/example_dags/tutorial_dag.py
[2023-12-03T23:51:38.345+0000] {processor.py:839} INFO - DAG(s) dict_keys(['tutorial_dag']) retrieved from /home/ubuntu/redfin/lib/python3.10/site-packages/airflow/example_dags/tutorial_dag.py
[2023-12-03T23:51:38.364+0000] {logging_mixin.py:154} INFO - [2023-12-03T23:51:38.364+0000] {dag.py:2941} INFO - Sync 1 DAGs
[2023-12-03T23:51:38.377+0000] {logging_mixin.py:154} INFO - [2023-12-03T23:51:38.377+0000] {dag.py:3722} INFO - Setting next_dagrun for tutorial_dag to None, run_after=None
[2023-12-03T23:51:38.402+0000] {processor.py:179} INFO - Processing /home/ubuntu/redfin/lib/python3.10/site-packages/airflow/example_dags/tutorial_dag.py took 0.069 seconds
[2023-12-03T23:52:30.181+0000] {processor.py:157} INFO - Started process (PID=7142) to work on /home/ubuntu/redfin/lib/python3.10/site-packages/airflow/example_dags/tutorial_dag.py
[2023-12-03T23:52:30.182+0000] {processor.py:829} INFO - Processing file /home/ubuntu/redfin/lib/python3.10/site-packages/airflow/example_dags/tutorial_dag.py for tasks to queue
[2023-12-03T23:52:30.183+0000] {logging_mixin.py:154} INFO - [2023-12-03T23:52:30.183+0000] {dagbag.py:536} INFO - Filling up the DagBag from /home/ubuntu/redfin/lib/python3.10/site-packages/airflow/example_dags/tutorial_dag.py
[2023-12-03T23:52:30.190+0000] {processor.py:839} INFO - DAG(s) dict_keys(['tutorial_dag']) retrieved from /home/ubuntu/redfin/lib/python3.10/site-packages/airflow/example_dags/tutorial_dag.py
[2023-12-03T23:52:30.208+0000] {logging_mixin.py:154} INFO - [2023-12-03T23:52:30.208+0000] {dag.py:2941} INFO - Sync 1 DAGs
[2023-12-03T23:52:30.221+0000] {logging_mixin.py:154} INFO - [2023-12-03T23:52:30.220+0000] {dag.py:3722} INFO - Setting next_dagrun for tutorial_dag to None, run_after=None
[2023-12-03T23:52:30.244+0000] {processor.py:179} INFO - Processing /home/ubuntu/redfin/lib/python3.10/site-packages/airflow/example_dags/tutorial_dag.py took 0.067 seconds
[2023-12-03T23:53:19.760+0000] {processor.py:157} INFO - Started process (PID=7196) to work on /home/ubuntu/redfin/lib/python3.10/site-packages/airflow/example_dags/tutorial_dag.py
[2023-12-03T23:53:19.762+0000] {processor.py:829} INFO - Processing file /home/ubuntu/redfin/lib/python3.10/site-packages/airflow/example_dags/tutorial_dag.py for tasks to queue
[2023-12-03T23:53:19.763+0000] {logging_mixin.py:154} INFO - [2023-12-03T23:53:19.762+0000] {dagbag.py:536} INFO - Filling up the DagBag from /home/ubuntu/redfin/lib/python3.10/site-packages/airflow/example_dags/tutorial_dag.py
[2023-12-03T23:53:19.769+0000] {processor.py:839} INFO - DAG(s) dict_keys(['tutorial_dag']) retrieved from /home/ubuntu/redfin/lib/python3.10/site-packages/airflow/example_dags/tutorial_dag.py
[2023-12-03T23:53:19.788+0000] {logging_mixin.py:154} INFO - [2023-12-03T23:53:19.787+0000] {dag.py:2941} INFO - Sync 1 DAGs
[2023-12-03T23:53:19.801+0000] {logging_mixin.py:154} INFO - [2023-12-03T23:53:19.801+0000] {dag.py:3722} INFO - Setting next_dagrun for tutorial_dag to None, run_after=None
[2023-12-03T23:53:19.825+0000] {processor.py:179} INFO - Processing /home/ubuntu/redfin/lib/python3.10/site-packages/airflow/example_dags/tutorial_dag.py took 0.068 seconds
[2023-12-03T23:54:06.075+0000] {processor.py:157} INFO - Started process (PID=7248) to work on /home/ubuntu/redfin/lib/python3.10/site-packages/airflow/example_dags/tutorial_dag.py
[2023-12-03T23:54:06.076+0000] {processor.py:829} INFO - Processing file /home/ubuntu/redfin/lib/python3.10/site-packages/airflow/example_dags/tutorial_dag.py for tasks to queue
[2023-12-03T23:54:06.077+0000] {logging_mixin.py:154} INFO - [2023-12-03T23:54:06.077+0000] {dagbag.py:536} INFO - Filling up the DagBag from /home/ubuntu/redfin/lib/python3.10/site-packages/airflow/example_dags/tutorial_dag.py
[2023-12-03T23:54:06.084+0000] {processor.py:839} INFO - DAG(s) dict_keys(['tutorial_dag']) retrieved from /home/ubuntu/redfin/lib/python3.10/site-packages/airflow/example_dags/tutorial_dag.py
[2023-12-03T23:54:06.102+0000] {logging_mixin.py:154} INFO - [2023-12-03T23:54:06.102+0000] {dag.py:2941} INFO - Sync 1 DAGs
[2023-12-03T23:54:06.115+0000] {logging_mixin.py:154} INFO - [2023-12-03T23:54:06.115+0000] {dag.py:3722} INFO - Setting next_dagrun for tutorial_dag to None, run_after=None
[2023-12-03T23:54:06.147+0000] {processor.py:179} INFO - Processing /home/ubuntu/redfin/lib/python3.10/site-packages/airflow/example_dags/tutorial_dag.py took 0.076 seconds
[2023-12-03T23:54:54.917+0000] {processor.py:157} INFO - Started process (PID=7302) to work on /home/ubuntu/redfin/lib/python3.10/site-packages/airflow/example_dags/tutorial_dag.py
[2023-12-03T23:54:54.918+0000] {processor.py:829} INFO - Processing file /home/ubuntu/redfin/lib/python3.10/site-packages/airflow/example_dags/tutorial_dag.py for tasks to queue
[2023-12-03T23:54:54.919+0000] {logging_mixin.py:154} INFO - [2023-12-03T23:54:54.919+0000] {dagbag.py:536} INFO - Filling up the DagBag from /home/ubuntu/redfin/lib/python3.10/site-packages/airflow/example_dags/tutorial_dag.py
[2023-12-03T23:54:54.925+0000] {processor.py:839} INFO - DAG(s) dict_keys(['tutorial_dag']) retrieved from /home/ubuntu/redfin/lib/python3.10/site-packages/airflow/example_dags/tutorial_dag.py
[2023-12-03T23:54:54.943+0000] {logging_mixin.py:154} INFO - [2023-12-03T23:54:54.943+0000] {dag.py:2941} INFO - Sync 1 DAGs
[2023-12-03T23:54:54.956+0000] {logging_mixin.py:154} INFO - [2023-12-03T23:54:54.956+0000] {dag.py:3722} INFO - Setting next_dagrun for tutorial_dag to None, run_after=None
[2023-12-03T23:54:54.978+0000] {processor.py:179} INFO - Processing /home/ubuntu/redfin/lib/python3.10/site-packages/airflow/example_dags/tutorial_dag.py took 0.065 seconds
[2023-12-03T23:55:41.160+0000] {processor.py:157} INFO - Started process (PID=7353) to work on /home/ubuntu/redfin/lib/python3.10/site-packages/airflow/example_dags/tutorial_dag.py
[2023-12-03T23:55:41.161+0000] {processor.py:829} INFO - Processing file /home/ubuntu/redfin/lib/python3.10/site-packages/airflow/example_dags/tutorial_dag.py for tasks to queue
[2023-12-03T23:55:41.162+0000] {logging_mixin.py:154} INFO - [2023-12-03T23:55:41.162+0000] {dagbag.py:536} INFO - Filling up the DagBag from /home/ubuntu/redfin/lib/python3.10/site-packages/airflow/example_dags/tutorial_dag.py
[2023-12-03T23:55:41.169+0000] {processor.py:839} INFO - DAG(s) dict_keys(['tutorial_dag']) retrieved from /home/ubuntu/redfin/lib/python3.10/site-packages/airflow/example_dags/tutorial_dag.py
[2023-12-03T23:55:41.187+0000] {logging_mixin.py:154} INFO - [2023-12-03T23:55:41.187+0000] {dag.py:2941} INFO - Sync 1 DAGs
[2023-12-03T23:55:41.199+0000] {logging_mixin.py:154} INFO - [2023-12-03T23:55:41.199+0000] {dag.py:3722} INFO - Setting next_dagrun for tutorial_dag to None, run_after=None
[2023-12-03T23:55:41.222+0000] {processor.py:179} INFO - Processing /home/ubuntu/redfin/lib/python3.10/site-packages/airflow/example_dags/tutorial_dag.py took 0.065 seconds
[2023-12-03T23:56:31.784+0000] {processor.py:157} INFO - Started process (PID=7408) to work on /home/ubuntu/redfin/lib/python3.10/site-packages/airflow/example_dags/tutorial_dag.py
[2023-12-03T23:56:31.785+0000] {processor.py:829} INFO - Processing file /home/ubuntu/redfin/lib/python3.10/site-packages/airflow/example_dags/tutorial_dag.py for tasks to queue
[2023-12-03T23:56:31.786+0000] {logging_mixin.py:154} INFO - [2023-12-03T23:56:31.786+0000] {dagbag.py:536} INFO - Filling up the DagBag from /home/ubuntu/redfin/lib/python3.10/site-packages/airflow/example_dags/tutorial_dag.py
[2023-12-03T23:56:31.793+0000] {processor.py:839} INFO - DAG(s) dict_keys(['tutorial_dag']) retrieved from /home/ubuntu/redfin/lib/python3.10/site-packages/airflow/example_dags/tutorial_dag.py
[2023-12-03T23:56:31.812+0000] {logging_mixin.py:154} INFO - [2023-12-03T23:56:31.812+0000] {dag.py:2941} INFO - Sync 1 DAGs
[2023-12-03T23:56:31.827+0000] {logging_mixin.py:154} INFO - [2023-12-03T23:56:31.826+0000] {dag.py:3722} INFO - Setting next_dagrun for tutorial_dag to None, run_after=None
[2023-12-03T23:56:31.852+0000] {processor.py:179} INFO - Processing /home/ubuntu/redfin/lib/python3.10/site-packages/airflow/example_dags/tutorial_dag.py took 0.073 seconds
[2023-12-03T23:57:18.847+0000] {processor.py:157} INFO - Started process (PID=7460) to work on /home/ubuntu/redfin/lib/python3.10/site-packages/airflow/example_dags/tutorial_dag.py
[2023-12-03T23:57:18.848+0000] {processor.py:829} INFO - Processing file /home/ubuntu/redfin/lib/python3.10/site-packages/airflow/example_dags/tutorial_dag.py for tasks to queue
[2023-12-03T23:57:18.849+0000] {logging_mixin.py:154} INFO - [2023-12-03T23:57:18.849+0000] {dagbag.py:536} INFO - Filling up the DagBag from /home/ubuntu/redfin/lib/python3.10/site-packages/airflow/example_dags/tutorial_dag.py
[2023-12-03T23:57:18.855+0000] {processor.py:839} INFO - DAG(s) dict_keys(['tutorial_dag']) retrieved from /home/ubuntu/redfin/lib/python3.10/site-packages/airflow/example_dags/tutorial_dag.py
[2023-12-03T23:57:18.873+0000] {logging_mixin.py:154} INFO - [2023-12-03T23:57:18.873+0000] {dag.py:2941} INFO - Sync 1 DAGs
[2023-12-03T23:57:18.886+0000] {logging_mixin.py:154} INFO - [2023-12-03T23:57:18.886+0000] {dag.py:3722} INFO - Setting next_dagrun for tutorial_dag to None, run_after=None
[2023-12-03T23:57:18.911+0000] {processor.py:179} INFO - Processing /home/ubuntu/redfin/lib/python3.10/site-packages/airflow/example_dags/tutorial_dag.py took 0.068 seconds
[2023-12-03T23:58:02.817+0000] {processor.py:157} INFO - Started process (PID=7509) to work on /home/ubuntu/redfin/lib/python3.10/site-packages/airflow/example_dags/tutorial_dag.py
[2023-12-03T23:58:02.818+0000] {processor.py:829} INFO - Processing file /home/ubuntu/redfin/lib/python3.10/site-packages/airflow/example_dags/tutorial_dag.py for tasks to queue
[2023-12-03T23:58:02.819+0000] {logging_mixin.py:154} INFO - [2023-12-03T23:58:02.819+0000] {dagbag.py:536} INFO - Filling up the DagBag from /home/ubuntu/redfin/lib/python3.10/site-packages/airflow/example_dags/tutorial_dag.py
[2023-12-03T23:58:02.826+0000] {processor.py:839} INFO - DAG(s) dict_keys(['tutorial_dag']) retrieved from /home/ubuntu/redfin/lib/python3.10/site-packages/airflow/example_dags/tutorial_dag.py
[2023-12-03T23:58:02.845+0000] {logging_mixin.py:154} INFO - [2023-12-03T23:58:02.845+0000] {dag.py:2941} INFO - Sync 1 DAGs
[2023-12-03T23:58:02.858+0000] {logging_mixin.py:154} INFO - [2023-12-03T23:58:02.858+0000] {dag.py:3722} INFO - Setting next_dagrun for tutorial_dag to None, run_after=None
[2023-12-03T23:58:02.881+0000] {processor.py:179} INFO - Processing /home/ubuntu/redfin/lib/python3.10/site-packages/airflow/example_dags/tutorial_dag.py took 0.068 seconds
[2023-12-03T23:58:47.527+0000] {processor.py:157} INFO - Started process (PID=7562) to work on /home/ubuntu/redfin/lib/python3.10/site-packages/airflow/example_dags/tutorial_dag.py
[2023-12-03T23:58:47.528+0000] {processor.py:829} INFO - Processing file /home/ubuntu/redfin/lib/python3.10/site-packages/airflow/example_dags/tutorial_dag.py for tasks to queue
[2023-12-03T23:58:47.529+0000] {logging_mixin.py:154} INFO - [2023-12-03T23:58:47.529+0000] {dagbag.py:536} INFO - Filling up the DagBag from /home/ubuntu/redfin/lib/python3.10/site-packages/airflow/example_dags/tutorial_dag.py
[2023-12-03T23:58:47.535+0000] {processor.py:839} INFO - DAG(s) dict_keys(['tutorial_dag']) retrieved from /home/ubuntu/redfin/lib/python3.10/site-packages/airflow/example_dags/tutorial_dag.py
[2023-12-03T23:58:47.553+0000] {logging_mixin.py:154} INFO - [2023-12-03T23:58:47.553+0000] {dag.py:2941} INFO - Sync 1 DAGs
[2023-12-03T23:58:47.565+0000] {logging_mixin.py:154} INFO - [2023-12-03T23:58:47.565+0000] {dag.py:3722} INFO - Setting next_dagrun for tutorial_dag to None, run_after=None
[2023-12-03T23:58:47.587+0000] {processor.py:179} INFO - Processing /home/ubuntu/redfin/lib/python3.10/site-packages/airflow/example_dags/tutorial_dag.py took 0.064 seconds
[2023-12-03T23:59:34.918+0000] {processor.py:157} INFO - Started process (PID=7614) to work on /home/ubuntu/redfin/lib/python3.10/site-packages/airflow/example_dags/tutorial_dag.py
[2023-12-03T23:59:34.919+0000] {processor.py:829} INFO - Processing file /home/ubuntu/redfin/lib/python3.10/site-packages/airflow/example_dags/tutorial_dag.py for tasks to queue
[2023-12-03T23:59:34.920+0000] {logging_mixin.py:154} INFO - [2023-12-03T23:59:34.920+0000] {dagbag.py:536} INFO - Filling up the DagBag from /home/ubuntu/redfin/lib/python3.10/site-packages/airflow/example_dags/tutorial_dag.py
[2023-12-03T23:59:34.926+0000] {processor.py:839} INFO - DAG(s) dict_keys(['tutorial_dag']) retrieved from /home/ubuntu/redfin/lib/python3.10/site-packages/airflow/example_dags/tutorial_dag.py
[2023-12-03T23:59:34.944+0000] {logging_mixin.py:154} INFO - [2023-12-03T23:59:34.944+0000] {dag.py:2941} INFO - Sync 1 DAGs
[2023-12-03T23:59:34.956+0000] {logging_mixin.py:154} INFO - [2023-12-03T23:59:34.956+0000] {dag.py:3722} INFO - Setting next_dagrun for tutorial_dag to None, run_after=None
[2023-12-03T23:59:34.978+0000] {processor.py:179} INFO - Processing /home/ubuntu/redfin/lib/python3.10/site-packages/airflow/example_dags/tutorial_dag.py took 0.064 seconds
