[2023-12-03T23:07:55.913+0000] {processor.py:157} INFO - Started process (PID=3758) to work on /home/ubuntu/redfin/lib/python3.10/site-packages/airflow/example_dags/tutorial.py
[2023-12-03T23:07:55.914+0000] {processor.py:829} INFO - Processing file /home/ubuntu/redfin/lib/python3.10/site-packages/airflow/example_dags/tutorial.py for tasks to queue
[2023-12-03T23:07:55.915+0000] {logging_mixin.py:154} INFO - [2023-12-03T23:07:55.915+0000] {dagbag.py:536} INFO - Filling up the DagBag from /home/ubuntu/redfin/lib/python3.10/site-packages/airflow/example_dags/tutorial.py
[2023-12-03T23:07:55.923+0000] {processor.py:839} INFO - DAG(s) dict_keys(['tutorial']) retrieved from /home/ubuntu/redfin/lib/python3.10/site-packages/airflow/example_dags/tutorial.py
[2023-12-03T23:07:56.044+0000] {logging_mixin.py:154} INFO - [2023-12-03T23:07:56.044+0000] {manager.py:499} INFO - Created Permission View: %s
[2023-12-03T23:07:56.057+0000] {logging_mixin.py:154} INFO - [2023-12-03T23:07:56.057+0000] {manager.py:499} INFO - Created Permission View: %s
[2023-12-03T23:07:56.067+0000] {logging_mixin.py:154} INFO - [2023-12-03T23:07:56.066+0000] {manager.py:499} INFO - Created Permission View: %s
[2023-12-03T23:07:56.067+0000] {logging_mixin.py:154} INFO - [2023-12-03T23:07:56.067+0000] {dag.py:2941} INFO - Sync 1 DAGs
[2023-12-03T23:07:56.078+0000] {logging_mixin.py:154} INFO - [2023-12-03T23:07:56.078+0000] {dag.py:2963} INFO - Creating ORM DAG for tutorial
[2023-12-03T23:07:56.089+0000] {logging_mixin.py:154} INFO - [2023-12-03T23:07:56.089+0000] {dag.py:3722} INFO - Setting next_dagrun for tutorial to 2023-12-02T23:07:56.089241+00:00, run_after=2023-12-03T23:07:56.089241+00:00
[2023-12-03T23:07:56.112+0000] {processor.py:179} INFO - Processing /home/ubuntu/redfin/lib/python3.10/site-packages/airflow/example_dags/tutorial.py took 0.202 seconds
[2023-12-03T23:08:47.530+0000] {processor.py:157} INFO - Started process (PID=3808) to work on /home/ubuntu/redfin/lib/python3.10/site-packages/airflow/example_dags/tutorial.py
[2023-12-03T23:08:47.532+0000] {processor.py:829} INFO - Processing file /home/ubuntu/redfin/lib/python3.10/site-packages/airflow/example_dags/tutorial.py for tasks to queue
[2023-12-03T23:08:47.534+0000] {logging_mixin.py:154} INFO - [2023-12-03T23:08:47.532+0000] {dagbag.py:536} INFO - Filling up the DagBag from /home/ubuntu/redfin/lib/python3.10/site-packages/airflow/example_dags/tutorial.py
[2023-12-03T23:08:47.541+0000] {processor.py:839} INFO - DAG(s) dict_keys(['tutorial']) retrieved from /home/ubuntu/redfin/lib/python3.10/site-packages/airflow/example_dags/tutorial.py
[2023-12-03T23:08:47.560+0000] {logging_mixin.py:154} INFO - [2023-12-03T23:08:47.560+0000] {dag.py:2941} INFO - Sync 1 DAGs
[2023-12-03T23:08:47.583+0000] {logging_mixin.py:154} INFO - [2023-12-03T23:08:47.583+0000] {dag.py:3722} INFO - Setting next_dagrun for tutorial to 2023-12-02T23:08:47.583001+00:00, run_after=2023-12-03T23:08:47.583001+00:00
[2023-12-03T23:08:47.607+0000] {processor.py:179} INFO - Processing /home/ubuntu/redfin/lib/python3.10/site-packages/airflow/example_dags/tutorial.py took 0.080 seconds
[2023-12-03T23:09:32.847+0000] {processor.py:157} INFO - Started process (PID=3857) to work on /home/ubuntu/redfin/lib/python3.10/site-packages/airflow/example_dags/tutorial.py
[2023-12-03T23:09:32.848+0000] {processor.py:829} INFO - Processing file /home/ubuntu/redfin/lib/python3.10/site-packages/airflow/example_dags/tutorial.py for tasks to queue
[2023-12-03T23:09:32.849+0000] {logging_mixin.py:154} INFO - [2023-12-03T23:09:32.848+0000] {dagbag.py:536} INFO - Filling up the DagBag from /home/ubuntu/redfin/lib/python3.10/site-packages/airflow/example_dags/tutorial.py
[2023-12-03T23:09:32.856+0000] {processor.py:839} INFO - DAG(s) dict_keys(['tutorial']) retrieved from /home/ubuntu/redfin/lib/python3.10/site-packages/airflow/example_dags/tutorial.py
[2023-12-03T23:09:32.873+0000] {logging_mixin.py:154} INFO - [2023-12-03T23:09:32.873+0000] {dag.py:2941} INFO - Sync 1 DAGs
[2023-12-03T23:09:32.894+0000] {logging_mixin.py:154} INFO - [2023-12-03T23:09:32.893+0000] {dag.py:3722} INFO - Setting next_dagrun for tutorial to 2023-12-02T23:09:32.893716+00:00, run_after=2023-12-03T23:09:32.893716+00:00
[2023-12-03T23:09:32.917+0000] {processor.py:179} INFO - Processing /home/ubuntu/redfin/lib/python3.10/site-packages/airflow/example_dags/tutorial.py took 0.074 seconds
[2023-12-03T23:10:19.847+0000] {processor.py:157} INFO - Started process (PID=3908) to work on /home/ubuntu/redfin/lib/python3.10/site-packages/airflow/example_dags/tutorial.py
[2023-12-03T23:10:19.849+0000] {processor.py:829} INFO - Processing file /home/ubuntu/redfin/lib/python3.10/site-packages/airflow/example_dags/tutorial.py for tasks to queue
[2023-12-03T23:10:19.850+0000] {logging_mixin.py:154} INFO - [2023-12-03T23:10:19.849+0000] {dagbag.py:536} INFO - Filling up the DagBag from /home/ubuntu/redfin/lib/python3.10/site-packages/airflow/example_dags/tutorial.py
[2023-12-03T23:10:19.857+0000] {processor.py:839} INFO - DAG(s) dict_keys(['tutorial']) retrieved from /home/ubuntu/redfin/lib/python3.10/site-packages/airflow/example_dags/tutorial.py
[2023-12-03T23:10:19.875+0000] {logging_mixin.py:154} INFO - [2023-12-03T23:10:19.875+0000] {dag.py:2941} INFO - Sync 1 DAGs
[2023-12-03T23:10:19.896+0000] {logging_mixin.py:154} INFO - [2023-12-03T23:10:19.896+0000] {dag.py:3722} INFO - Setting next_dagrun for tutorial to 2023-12-02T23:10:19.896278+00:00, run_after=2023-12-03T23:10:19.896278+00:00
[2023-12-03T23:10:19.919+0000] {processor.py:179} INFO - Processing /home/ubuntu/redfin/lib/python3.10/site-packages/airflow/example_dags/tutorial.py took 0.075 seconds
[2023-12-03T23:11:05.638+0000] {processor.py:157} INFO - Started process (PID=3957) to work on /home/ubuntu/redfin/lib/python3.10/site-packages/airflow/example_dags/tutorial.py
[2023-12-03T23:11:05.639+0000] {processor.py:829} INFO - Processing file /home/ubuntu/redfin/lib/python3.10/site-packages/airflow/example_dags/tutorial.py for tasks to queue
[2023-12-03T23:11:05.640+0000] {logging_mixin.py:154} INFO - [2023-12-03T23:11:05.640+0000] {dagbag.py:536} INFO - Filling up the DagBag from /home/ubuntu/redfin/lib/python3.10/site-packages/airflow/example_dags/tutorial.py
[2023-12-03T23:11:05.648+0000] {processor.py:839} INFO - DAG(s) dict_keys(['tutorial']) retrieved from /home/ubuntu/redfin/lib/python3.10/site-packages/airflow/example_dags/tutorial.py
[2023-12-03T23:11:05.665+0000] {logging_mixin.py:154} INFO - [2023-12-03T23:11:05.665+0000] {dag.py:2941} INFO - Sync 1 DAGs
[2023-12-03T23:11:05.686+0000] {logging_mixin.py:154} INFO - [2023-12-03T23:11:05.686+0000] {dag.py:3722} INFO - Setting next_dagrun for tutorial to 2023-12-02T23:11:05.686283+00:00, run_after=2023-12-03T23:11:05.686283+00:00
[2023-12-03T23:11:05.712+0000] {processor.py:179} INFO - Processing /home/ubuntu/redfin/lib/python3.10/site-packages/airflow/example_dags/tutorial.py took 0.078 seconds
[2023-12-03T23:11:53.010+0000] {processor.py:157} INFO - Started process (PID=4012) to work on /home/ubuntu/redfin/lib/python3.10/site-packages/airflow/example_dags/tutorial.py
[2023-12-03T23:11:53.011+0000] {processor.py:829} INFO - Processing file /home/ubuntu/redfin/lib/python3.10/site-packages/airflow/example_dags/tutorial.py for tasks to queue
[2023-12-03T23:11:53.012+0000] {logging_mixin.py:154} INFO - [2023-12-03T23:11:53.012+0000] {dagbag.py:536} INFO - Filling up the DagBag from /home/ubuntu/redfin/lib/python3.10/site-packages/airflow/example_dags/tutorial.py
[2023-12-03T23:11:53.020+0000] {processor.py:839} INFO - DAG(s) dict_keys(['tutorial']) retrieved from /home/ubuntu/redfin/lib/python3.10/site-packages/airflow/example_dags/tutorial.py
[2023-12-03T23:11:53.038+0000] {logging_mixin.py:154} INFO - [2023-12-03T23:11:53.038+0000] {dag.py:2941} INFO - Sync 1 DAGs
[2023-12-03T23:11:53.059+0000] {logging_mixin.py:154} INFO - [2023-12-03T23:11:53.059+0000] {dag.py:3722} INFO - Setting next_dagrun for tutorial to 2023-12-02T23:11:53.059349+00:00, run_after=2023-12-03T23:11:53.059349+00:00
[2023-12-03T23:11:53.082+0000] {processor.py:179} INFO - Processing /home/ubuntu/redfin/lib/python3.10/site-packages/airflow/example_dags/tutorial.py took 0.075 seconds
[2023-12-03T23:12:37.263+0000] {processor.py:157} INFO - Started process (PID=4061) to work on /home/ubuntu/redfin/lib/python3.10/site-packages/airflow/example_dags/tutorial.py
[2023-12-03T23:12:37.265+0000] {processor.py:829} INFO - Processing file /home/ubuntu/redfin/lib/python3.10/site-packages/airflow/example_dags/tutorial.py for tasks to queue
[2023-12-03T23:12:37.266+0000] {logging_mixin.py:154} INFO - [2023-12-03T23:12:37.265+0000] {dagbag.py:536} INFO - Filling up the DagBag from /home/ubuntu/redfin/lib/python3.10/site-packages/airflow/example_dags/tutorial.py
[2023-12-03T23:12:37.274+0000] {processor.py:839} INFO - DAG(s) dict_keys(['tutorial']) retrieved from /home/ubuntu/redfin/lib/python3.10/site-packages/airflow/example_dags/tutorial.py
[2023-12-03T23:12:37.292+0000] {logging_mixin.py:154} INFO - [2023-12-03T23:12:37.291+0000] {dag.py:2941} INFO - Sync 1 DAGs
[2023-12-03T23:12:37.314+0000] {logging_mixin.py:154} INFO - [2023-12-03T23:12:37.314+0000] {dag.py:3722} INFO - Setting next_dagrun for tutorial to 2023-12-02T23:12:37.314239+00:00, run_after=2023-12-03T23:12:37.314239+00:00
[2023-12-03T23:12:37.338+0000] {processor.py:179} INFO - Processing /home/ubuntu/redfin/lib/python3.10/site-packages/airflow/example_dags/tutorial.py took 0.078 seconds
[2023-12-03T23:13:24.987+0000] {processor.py:157} INFO - Started process (PID=4112) to work on /home/ubuntu/redfin/lib/python3.10/site-packages/airflow/example_dags/tutorial.py
[2023-12-03T23:13:24.989+0000] {processor.py:829} INFO - Processing file /home/ubuntu/redfin/lib/python3.10/site-packages/airflow/example_dags/tutorial.py for tasks to queue
[2023-12-03T23:13:24.990+0000] {logging_mixin.py:154} INFO - [2023-12-03T23:13:24.989+0000] {dagbag.py:536} INFO - Filling up the DagBag from /home/ubuntu/redfin/lib/python3.10/site-packages/airflow/example_dags/tutorial.py
[2023-12-03T23:13:24.997+0000] {processor.py:839} INFO - DAG(s) dict_keys(['tutorial']) retrieved from /home/ubuntu/redfin/lib/python3.10/site-packages/airflow/example_dags/tutorial.py
[2023-12-03T23:13:25.015+0000] {logging_mixin.py:154} INFO - [2023-12-03T23:13:25.015+0000] {dag.py:2941} INFO - Sync 1 DAGs
[2023-12-03T23:13:25.037+0000] {logging_mixin.py:154} INFO - [2023-12-03T23:13:25.036+0000] {dag.py:3722} INFO - Setting next_dagrun for tutorial to 2023-12-02T23:13:25.036562+00:00, run_after=2023-12-03T23:13:25.036562+00:00
[2023-12-03T23:13:25.060+0000] {processor.py:179} INFO - Processing /home/ubuntu/redfin/lib/python3.10/site-packages/airflow/example_dags/tutorial.py took 0.077 seconds
[2023-12-03T23:14:09.381+0000] {processor.py:157} INFO - Started process (PID=4161) to work on /home/ubuntu/redfin/lib/python3.10/site-packages/airflow/example_dags/tutorial.py
[2023-12-03T23:14:09.382+0000] {processor.py:829} INFO - Processing file /home/ubuntu/redfin/lib/python3.10/site-packages/airflow/example_dags/tutorial.py for tasks to queue
[2023-12-03T23:14:09.383+0000] {logging_mixin.py:154} INFO - [2023-12-03T23:14:09.383+0000] {dagbag.py:536} INFO - Filling up the DagBag from /home/ubuntu/redfin/lib/python3.10/site-packages/airflow/example_dags/tutorial.py
[2023-12-03T23:14:09.391+0000] {processor.py:839} INFO - DAG(s) dict_keys(['tutorial']) retrieved from /home/ubuntu/redfin/lib/python3.10/site-packages/airflow/example_dags/tutorial.py
[2023-12-03T23:14:09.409+0000] {logging_mixin.py:154} INFO - [2023-12-03T23:14:09.409+0000] {dag.py:2941} INFO - Sync 1 DAGs
[2023-12-03T23:14:09.432+0000] {logging_mixin.py:154} INFO - [2023-12-03T23:14:09.431+0000] {dag.py:3722} INFO - Setting next_dagrun for tutorial to 2023-12-02T23:14:09.431656+00:00, run_after=2023-12-03T23:14:09.431656+00:00
[2023-12-03T23:14:09.455+0000] {processor.py:179} INFO - Processing /home/ubuntu/redfin/lib/python3.10/site-packages/airflow/example_dags/tutorial.py took 0.078 seconds
[2023-12-03T23:14:58.865+0000] {processor.py:157} INFO - Started process (PID=4213) to work on /home/ubuntu/redfin/lib/python3.10/site-packages/airflow/example_dags/tutorial.py
[2023-12-03T23:14:58.867+0000] {processor.py:829} INFO - Processing file /home/ubuntu/redfin/lib/python3.10/site-packages/airflow/example_dags/tutorial.py for tasks to queue
[2023-12-03T23:14:58.868+0000] {logging_mixin.py:154} INFO - [2023-12-03T23:14:58.867+0000] {dagbag.py:536} INFO - Filling up the DagBag from /home/ubuntu/redfin/lib/python3.10/site-packages/airflow/example_dags/tutorial.py
[2023-12-03T23:14:58.875+0000] {processor.py:839} INFO - DAG(s) dict_keys(['tutorial']) retrieved from /home/ubuntu/redfin/lib/python3.10/site-packages/airflow/example_dags/tutorial.py
[2023-12-03T23:14:58.893+0000] {logging_mixin.py:154} INFO - [2023-12-03T23:14:58.893+0000] {dag.py:2941} INFO - Sync 1 DAGs
[2023-12-03T23:14:58.914+0000] {logging_mixin.py:154} INFO - [2023-12-03T23:14:58.914+0000] {dag.py:3722} INFO - Setting next_dagrun for tutorial to 2023-12-02T23:14:58.913923+00:00, run_after=2023-12-03T23:14:58.913923+00:00
[2023-12-03T23:14:58.936+0000] {processor.py:179} INFO - Processing /home/ubuntu/redfin/lib/python3.10/site-packages/airflow/example_dags/tutorial.py took 0.074 seconds
[2023-12-03T23:15:48.605+0000] {processor.py:157} INFO - Started process (PID=4269) to work on /home/ubuntu/redfin/lib/python3.10/site-packages/airflow/example_dags/tutorial.py
[2023-12-03T23:15:48.607+0000] {processor.py:829} INFO - Processing file /home/ubuntu/redfin/lib/python3.10/site-packages/airflow/example_dags/tutorial.py for tasks to queue
[2023-12-03T23:15:48.608+0000] {logging_mixin.py:154} INFO - [2023-12-03T23:15:48.607+0000] {dagbag.py:536} INFO - Filling up the DagBag from /home/ubuntu/redfin/lib/python3.10/site-packages/airflow/example_dags/tutorial.py
[2023-12-03T23:15:48.616+0000] {processor.py:839} INFO - DAG(s) dict_keys(['tutorial']) retrieved from /home/ubuntu/redfin/lib/python3.10/site-packages/airflow/example_dags/tutorial.py
[2023-12-03T23:15:48.633+0000] {logging_mixin.py:154} INFO - [2023-12-03T23:15:48.633+0000] {dag.py:2941} INFO - Sync 1 DAGs
[2023-12-03T23:15:48.655+0000] {logging_mixin.py:154} INFO - [2023-12-03T23:15:48.655+0000] {dag.py:3722} INFO - Setting next_dagrun for tutorial to 2023-12-02T23:15:48.655408+00:00, run_after=2023-12-03T23:15:48.655408+00:00
[2023-12-03T23:15:48.679+0000] {processor.py:179} INFO - Processing /home/ubuntu/redfin/lib/python3.10/site-packages/airflow/example_dags/tutorial.py took 0.077 seconds
[2023-12-03T23:16:35.425+0000] {processor.py:157} INFO - Started process (PID=4320) to work on /home/ubuntu/redfin/lib/python3.10/site-packages/airflow/example_dags/tutorial.py
[2023-12-03T23:16:35.427+0000] {processor.py:829} INFO - Processing file /home/ubuntu/redfin/lib/python3.10/site-packages/airflow/example_dags/tutorial.py for tasks to queue
[2023-12-03T23:16:35.428+0000] {logging_mixin.py:154} INFO - [2023-12-03T23:16:35.427+0000] {dagbag.py:536} INFO - Filling up the DagBag from /home/ubuntu/redfin/lib/python3.10/site-packages/airflow/example_dags/tutorial.py
[2023-12-03T23:16:35.435+0000] {processor.py:839} INFO - DAG(s) dict_keys(['tutorial']) retrieved from /home/ubuntu/redfin/lib/python3.10/site-packages/airflow/example_dags/tutorial.py
[2023-12-03T23:16:35.452+0000] {logging_mixin.py:154} INFO - [2023-12-03T23:16:35.452+0000] {dag.py:2941} INFO - Sync 1 DAGs
[2023-12-03T23:16:35.473+0000] {logging_mixin.py:154} INFO - [2023-12-03T23:16:35.473+0000] {dag.py:3722} INFO - Setting next_dagrun for tutorial to 2023-12-02T23:16:35.473094+00:00, run_after=2023-12-03T23:16:35.473094+00:00
[2023-12-03T23:16:35.495+0000] {processor.py:179} INFO - Processing /home/ubuntu/redfin/lib/python3.10/site-packages/airflow/example_dags/tutorial.py took 0.073 seconds
[2023-12-03T23:17:23.417+0000] {processor.py:157} INFO - Started process (PID=4377) to work on /home/ubuntu/redfin/lib/python3.10/site-packages/airflow/example_dags/tutorial.py
[2023-12-03T23:17:23.418+0000] {processor.py:829} INFO - Processing file /home/ubuntu/redfin/lib/python3.10/site-packages/airflow/example_dags/tutorial.py for tasks to queue
[2023-12-03T23:17:23.419+0000] {logging_mixin.py:154} INFO - [2023-12-03T23:17:23.419+0000] {dagbag.py:536} INFO - Filling up the DagBag from /home/ubuntu/redfin/lib/python3.10/site-packages/airflow/example_dags/tutorial.py
[2023-12-03T23:17:23.427+0000] {processor.py:839} INFO - DAG(s) dict_keys(['tutorial']) retrieved from /home/ubuntu/redfin/lib/python3.10/site-packages/airflow/example_dags/tutorial.py
[2023-12-03T23:17:23.444+0000] {logging_mixin.py:154} INFO - [2023-12-03T23:17:23.444+0000] {dag.py:2941} INFO - Sync 1 DAGs
[2023-12-03T23:17:23.466+0000] {logging_mixin.py:154} INFO - [2023-12-03T23:17:23.465+0000] {dag.py:3722} INFO - Setting next_dagrun for tutorial to 2023-12-02T23:17:23.465512+00:00, run_after=2023-12-03T23:17:23.465512+00:00
[2023-12-03T23:17:23.488+0000] {processor.py:179} INFO - Processing /home/ubuntu/redfin/lib/python3.10/site-packages/airflow/example_dags/tutorial.py took 0.075 seconds
[2023-12-03T23:18:07.654+0000] {processor.py:157} INFO - Started process (PID=4426) to work on /home/ubuntu/redfin/lib/python3.10/site-packages/airflow/example_dags/tutorial.py
[2023-12-03T23:18:07.655+0000] {processor.py:829} INFO - Processing file /home/ubuntu/redfin/lib/python3.10/site-packages/airflow/example_dags/tutorial.py for tasks to queue
[2023-12-03T23:18:07.656+0000] {logging_mixin.py:154} INFO - [2023-12-03T23:18:07.655+0000] {dagbag.py:536} INFO - Filling up the DagBag from /home/ubuntu/redfin/lib/python3.10/site-packages/airflow/example_dags/tutorial.py
[2023-12-03T23:18:07.664+0000] {processor.py:839} INFO - DAG(s) dict_keys(['tutorial']) retrieved from /home/ubuntu/redfin/lib/python3.10/site-packages/airflow/example_dags/tutorial.py
[2023-12-03T23:18:07.681+0000] {logging_mixin.py:154} INFO - [2023-12-03T23:18:07.681+0000] {dag.py:2941} INFO - Sync 1 DAGs
[2023-12-03T23:18:07.703+0000] {logging_mixin.py:154} INFO - [2023-12-03T23:18:07.703+0000] {dag.py:3722} INFO - Setting next_dagrun for tutorial to 2023-12-02T23:18:07.702703+00:00, run_after=2023-12-03T23:18:07.702703+00:00
[2023-12-03T23:18:07.726+0000] {processor.py:179} INFO - Processing /home/ubuntu/redfin/lib/python3.10/site-packages/airflow/example_dags/tutorial.py took 0.076 seconds
[2023-12-03T23:18:52.385+0000] {processor.py:157} INFO - Started process (PID=4477) to work on /home/ubuntu/redfin/lib/python3.10/site-packages/airflow/example_dags/tutorial.py
[2023-12-03T23:18:52.386+0000] {processor.py:829} INFO - Processing file /home/ubuntu/redfin/lib/python3.10/site-packages/airflow/example_dags/tutorial.py for tasks to queue
[2023-12-03T23:18:52.387+0000] {logging_mixin.py:154} INFO - [2023-12-03T23:18:52.387+0000] {dagbag.py:536} INFO - Filling up the DagBag from /home/ubuntu/redfin/lib/python3.10/site-packages/airflow/example_dags/tutorial.py
[2023-12-03T23:18:52.395+0000] {processor.py:839} INFO - DAG(s) dict_keys(['tutorial']) retrieved from /home/ubuntu/redfin/lib/python3.10/site-packages/airflow/example_dags/tutorial.py
[2023-12-03T23:18:52.411+0000] {logging_mixin.py:154} INFO - [2023-12-03T23:18:52.411+0000] {dag.py:2941} INFO - Sync 1 DAGs
[2023-12-03T23:18:52.432+0000] {logging_mixin.py:154} INFO - [2023-12-03T23:18:52.432+0000] {dag.py:3722} INFO - Setting next_dagrun for tutorial to 2023-12-02T23:18:52.432042+00:00, run_after=2023-12-03T23:18:52.432042+00:00
[2023-12-03T23:18:52.454+0000] {processor.py:179} INFO - Processing /home/ubuntu/redfin/lib/python3.10/site-packages/airflow/example_dags/tutorial.py took 0.073 seconds
[2023-12-03T23:19:35.401+0000] {processor.py:157} INFO - Started process (PID=4524) to work on /home/ubuntu/redfin/lib/python3.10/site-packages/airflow/example_dags/tutorial.py
[2023-12-03T23:19:35.403+0000] {processor.py:829} INFO - Processing file /home/ubuntu/redfin/lib/python3.10/site-packages/airflow/example_dags/tutorial.py for tasks to queue
[2023-12-03T23:19:35.404+0000] {logging_mixin.py:154} INFO - [2023-12-03T23:19:35.403+0000] {dagbag.py:536} INFO - Filling up the DagBag from /home/ubuntu/redfin/lib/python3.10/site-packages/airflow/example_dags/tutorial.py
[2023-12-03T23:19:35.411+0000] {processor.py:839} INFO - DAG(s) dict_keys(['tutorial']) retrieved from /home/ubuntu/redfin/lib/python3.10/site-packages/airflow/example_dags/tutorial.py
[2023-12-03T23:19:35.429+0000] {logging_mixin.py:154} INFO - [2023-12-03T23:19:35.428+0000] {dag.py:2941} INFO - Sync 1 DAGs
[2023-12-03T23:19:35.449+0000] {logging_mixin.py:154} INFO - [2023-12-03T23:19:35.449+0000] {dag.py:3722} INFO - Setting next_dagrun for tutorial to 2023-12-02T23:19:35.449400+00:00, run_after=2023-12-03T23:19:35.449400+00:00
[2023-12-03T23:19:35.472+0000] {processor.py:179} INFO - Processing /home/ubuntu/redfin/lib/python3.10/site-packages/airflow/example_dags/tutorial.py took 0.074 seconds
[2023-12-03T23:20:19.048+0000] {processor.py:157} INFO - Started process (PID=4573) to work on /home/ubuntu/redfin/lib/python3.10/site-packages/airflow/example_dags/tutorial.py
[2023-12-03T23:20:19.050+0000] {processor.py:829} INFO - Processing file /home/ubuntu/redfin/lib/python3.10/site-packages/airflow/example_dags/tutorial.py for tasks to queue
[2023-12-03T23:20:19.051+0000] {logging_mixin.py:154} INFO - [2023-12-03T23:20:19.050+0000] {dagbag.py:536} INFO - Filling up the DagBag from /home/ubuntu/redfin/lib/python3.10/site-packages/airflow/example_dags/tutorial.py
[2023-12-03T23:20:19.058+0000] {processor.py:839} INFO - DAG(s) dict_keys(['tutorial']) retrieved from /home/ubuntu/redfin/lib/python3.10/site-packages/airflow/example_dags/tutorial.py
[2023-12-03T23:20:19.075+0000] {logging_mixin.py:154} INFO - [2023-12-03T23:20:19.075+0000] {dag.py:2941} INFO - Sync 1 DAGs
[2023-12-03T23:20:19.096+0000] {logging_mixin.py:154} INFO - [2023-12-03T23:20:19.096+0000] {dag.py:3722} INFO - Setting next_dagrun for tutorial to 2023-12-02T23:20:19.095733+00:00, run_after=2023-12-03T23:20:19.095733+00:00
[2023-12-03T23:20:19.118+0000] {processor.py:179} INFO - Processing /home/ubuntu/redfin/lib/python3.10/site-packages/airflow/example_dags/tutorial.py took 0.073 seconds
[2023-12-03T23:21:01.941+0000] {processor.py:157} INFO - Started process (PID=4620) to work on /home/ubuntu/redfin/lib/python3.10/site-packages/airflow/example_dags/tutorial.py
[2023-12-03T23:21:01.943+0000] {processor.py:829} INFO - Processing file /home/ubuntu/redfin/lib/python3.10/site-packages/airflow/example_dags/tutorial.py for tasks to queue
[2023-12-03T23:21:01.944+0000] {logging_mixin.py:154} INFO - [2023-12-03T23:21:01.944+0000] {dagbag.py:536} INFO - Filling up the DagBag from /home/ubuntu/redfin/lib/python3.10/site-packages/airflow/example_dags/tutorial.py
[2023-12-03T23:21:01.952+0000] {processor.py:839} INFO - DAG(s) dict_keys(['tutorial']) retrieved from /home/ubuntu/redfin/lib/python3.10/site-packages/airflow/example_dags/tutorial.py
[2023-12-03T23:21:01.970+0000] {logging_mixin.py:154} INFO - [2023-12-03T23:21:01.970+0000] {dag.py:2941} INFO - Sync 1 DAGs
[2023-12-03T23:21:01.992+0000] {logging_mixin.py:154} INFO - [2023-12-03T23:21:01.992+0000] {dag.py:3722} INFO - Setting next_dagrun for tutorial to 2023-12-02T23:21:01.992133+00:00, run_after=2023-12-03T23:21:01.992133+00:00
[2023-12-03T23:21:02.015+0000] {processor.py:179} INFO - Processing /home/ubuntu/redfin/lib/python3.10/site-packages/airflow/example_dags/tutorial.py took 0.078 seconds
[2023-12-03T23:21:51.483+0000] {processor.py:157} INFO - Started process (PID=4675) to work on /home/ubuntu/redfin/lib/python3.10/site-packages/airflow/example_dags/tutorial.py
[2023-12-03T23:21:51.485+0000] {processor.py:829} INFO - Processing file /home/ubuntu/redfin/lib/python3.10/site-packages/airflow/example_dags/tutorial.py for tasks to queue
[2023-12-03T23:21:51.486+0000] {logging_mixin.py:154} INFO - [2023-12-03T23:21:51.485+0000] {dagbag.py:536} INFO - Filling up the DagBag from /home/ubuntu/redfin/lib/python3.10/site-packages/airflow/example_dags/tutorial.py
[2023-12-03T23:21:51.494+0000] {processor.py:839} INFO - DAG(s) dict_keys(['tutorial']) retrieved from /home/ubuntu/redfin/lib/python3.10/site-packages/airflow/example_dags/tutorial.py
[2023-12-03T23:21:51.513+0000] {logging_mixin.py:154} INFO - [2023-12-03T23:21:51.512+0000] {dag.py:2941} INFO - Sync 1 DAGs
[2023-12-03T23:21:51.535+0000] {logging_mixin.py:154} INFO - [2023-12-03T23:21:51.535+0000] {dag.py:3722} INFO - Setting next_dagrun for tutorial to 2023-12-02T23:21:51.534878+00:00, run_after=2023-12-03T23:21:51.534878+00:00
[2023-12-03T23:21:51.560+0000] {processor.py:179} INFO - Processing /home/ubuntu/redfin/lib/python3.10/site-packages/airflow/example_dags/tutorial.py took 0.081 seconds
[2023-12-03T23:22:40.004+0000] {processor.py:157} INFO - Started process (PID=4728) to work on /home/ubuntu/redfin/lib/python3.10/site-packages/airflow/example_dags/tutorial.py
[2023-12-03T23:22:40.006+0000] {processor.py:829} INFO - Processing file /home/ubuntu/redfin/lib/python3.10/site-packages/airflow/example_dags/tutorial.py for tasks to queue
[2023-12-03T23:22:40.007+0000] {logging_mixin.py:154} INFO - [2023-12-03T23:22:40.006+0000] {dagbag.py:536} INFO - Filling up the DagBag from /home/ubuntu/redfin/lib/python3.10/site-packages/airflow/example_dags/tutorial.py
[2023-12-03T23:22:40.015+0000] {processor.py:839} INFO - DAG(s) dict_keys(['tutorial']) retrieved from /home/ubuntu/redfin/lib/python3.10/site-packages/airflow/example_dags/tutorial.py
[2023-12-03T23:22:40.033+0000] {logging_mixin.py:154} INFO - [2023-12-03T23:22:40.032+0000] {dag.py:2941} INFO - Sync 1 DAGs
[2023-12-03T23:22:40.055+0000] {logging_mixin.py:154} INFO - [2023-12-03T23:22:40.054+0000] {dag.py:3722} INFO - Setting next_dagrun for tutorial to 2023-12-02T23:22:40.054667+00:00, run_after=2023-12-03T23:22:40.054667+00:00
[2023-12-03T23:22:40.078+0000] {processor.py:179} INFO - Processing /home/ubuntu/redfin/lib/python3.10/site-packages/airflow/example_dags/tutorial.py took 0.077 seconds
[2023-12-03T23:23:25.808+0000] {processor.py:157} INFO - Started process (PID=4778) to work on /home/ubuntu/redfin/lib/python3.10/site-packages/airflow/example_dags/tutorial.py
[2023-12-03T23:23:25.810+0000] {processor.py:829} INFO - Processing file /home/ubuntu/redfin/lib/python3.10/site-packages/airflow/example_dags/tutorial.py for tasks to queue
[2023-12-03T23:23:25.811+0000] {logging_mixin.py:154} INFO - [2023-12-03T23:23:25.810+0000] {dagbag.py:536} INFO - Filling up the DagBag from /home/ubuntu/redfin/lib/python3.10/site-packages/airflow/example_dags/tutorial.py
[2023-12-03T23:23:25.818+0000] {processor.py:839} INFO - DAG(s) dict_keys(['tutorial']) retrieved from /home/ubuntu/redfin/lib/python3.10/site-packages/airflow/example_dags/tutorial.py
[2023-12-03T23:23:25.836+0000] {logging_mixin.py:154} INFO - [2023-12-03T23:23:25.835+0000] {dag.py:2941} INFO - Sync 1 DAGs
[2023-12-03T23:23:25.856+0000] {logging_mixin.py:154} INFO - [2023-12-03T23:23:25.856+0000] {dag.py:3722} INFO - Setting next_dagrun for tutorial to 2023-12-02T23:23:25.855793+00:00, run_after=2023-12-03T23:23:25.855793+00:00
[2023-12-03T23:23:25.878+0000] {processor.py:179} INFO - Processing /home/ubuntu/redfin/lib/python3.10/site-packages/airflow/example_dags/tutorial.py took 0.073 seconds
[2023-12-03T23:24:14.115+0000] {processor.py:157} INFO - Started process (PID=4832) to work on /home/ubuntu/redfin/lib/python3.10/site-packages/airflow/example_dags/tutorial.py
[2023-12-03T23:24:14.117+0000] {processor.py:829} INFO - Processing file /home/ubuntu/redfin/lib/python3.10/site-packages/airflow/example_dags/tutorial.py for tasks to queue
[2023-12-03T23:24:14.117+0000] {logging_mixin.py:154} INFO - [2023-12-03T23:24:14.117+0000] {dagbag.py:536} INFO - Filling up the DagBag from /home/ubuntu/redfin/lib/python3.10/site-packages/airflow/example_dags/tutorial.py
[2023-12-03T23:24:14.125+0000] {processor.py:839} INFO - DAG(s) dict_keys(['tutorial']) retrieved from /home/ubuntu/redfin/lib/python3.10/site-packages/airflow/example_dags/tutorial.py
[2023-12-03T23:24:14.143+0000] {logging_mixin.py:154} INFO - [2023-12-03T23:24:14.142+0000] {dag.py:2941} INFO - Sync 1 DAGs
[2023-12-03T23:24:14.165+0000] {logging_mixin.py:154} INFO - [2023-12-03T23:24:14.165+0000] {dag.py:3722} INFO - Setting next_dagrun for tutorial to 2023-12-02T23:24:14.164953+00:00, run_after=2023-12-03T23:24:14.164953+00:00
[2023-12-03T23:24:14.188+0000] {processor.py:179} INFO - Processing /home/ubuntu/redfin/lib/python3.10/site-packages/airflow/example_dags/tutorial.py took 0.077 seconds
[2023-12-03T23:25:00.466+0000] {processor.py:157} INFO - Started process (PID=4882) to work on /home/ubuntu/redfin/lib/python3.10/site-packages/airflow/example_dags/tutorial.py
[2023-12-03T23:25:00.467+0000] {processor.py:829} INFO - Processing file /home/ubuntu/redfin/lib/python3.10/site-packages/airflow/example_dags/tutorial.py for tasks to queue
[2023-12-03T23:25:00.468+0000] {logging_mixin.py:154} INFO - [2023-12-03T23:25:00.468+0000] {dagbag.py:536} INFO - Filling up the DagBag from /home/ubuntu/redfin/lib/python3.10/site-packages/airflow/example_dags/tutorial.py
[2023-12-03T23:25:00.476+0000] {processor.py:839} INFO - DAG(s) dict_keys(['tutorial']) retrieved from /home/ubuntu/redfin/lib/python3.10/site-packages/airflow/example_dags/tutorial.py
[2023-12-03T23:25:00.493+0000] {logging_mixin.py:154} INFO - [2023-12-03T23:25:00.493+0000] {dag.py:2941} INFO - Sync 1 DAGs
[2023-12-03T23:25:00.515+0000] {logging_mixin.py:154} INFO - [2023-12-03T23:25:00.515+0000] {dag.py:3722} INFO - Setting next_dagrun for tutorial to 2023-12-02T23:25:00.515014+00:00, run_after=2023-12-03T23:25:00.515014+00:00
[2023-12-03T23:25:00.538+0000] {processor.py:179} INFO - Processing /home/ubuntu/redfin/lib/python3.10/site-packages/airflow/example_dags/tutorial.py took 0.076 seconds
[2023-12-03T23:25:49.065+0000] {processor.py:157} INFO - Started process (PID=4937) to work on /home/ubuntu/redfin/lib/python3.10/site-packages/airflow/example_dags/tutorial.py
[2023-12-03T23:25:49.066+0000] {processor.py:829} INFO - Processing file /home/ubuntu/redfin/lib/python3.10/site-packages/airflow/example_dags/tutorial.py for tasks to queue
[2023-12-03T23:25:49.067+0000] {logging_mixin.py:154} INFO - [2023-12-03T23:25:49.067+0000] {dagbag.py:536} INFO - Filling up the DagBag from /home/ubuntu/redfin/lib/python3.10/site-packages/airflow/example_dags/tutorial.py
[2023-12-03T23:25:49.075+0000] {processor.py:839} INFO - DAG(s) dict_keys(['tutorial']) retrieved from /home/ubuntu/redfin/lib/python3.10/site-packages/airflow/example_dags/tutorial.py
[2023-12-03T23:25:49.095+0000] {logging_mixin.py:154} INFO - [2023-12-03T23:25:49.095+0000] {dag.py:2941} INFO - Sync 1 DAGs
[2023-12-03T23:25:49.118+0000] {logging_mixin.py:154} INFO - [2023-12-03T23:25:49.117+0000] {dag.py:3722} INFO - Setting next_dagrun for tutorial to 2023-12-02T23:25:49.117478+00:00, run_after=2023-12-03T23:25:49.117478+00:00
[2023-12-03T23:25:49.141+0000] {processor.py:179} INFO - Processing /home/ubuntu/redfin/lib/python3.10/site-packages/airflow/example_dags/tutorial.py took 0.080 seconds
[2023-12-03T23:26:36.878+0000] {processor.py:157} INFO - Started process (PID=4989) to work on /home/ubuntu/redfin/lib/python3.10/site-packages/airflow/example_dags/tutorial.py
[2023-12-03T23:26:36.880+0000] {processor.py:829} INFO - Processing file /home/ubuntu/redfin/lib/python3.10/site-packages/airflow/example_dags/tutorial.py for tasks to queue
[2023-12-03T23:26:36.881+0000] {logging_mixin.py:154} INFO - [2023-12-03T23:26:36.880+0000] {dagbag.py:536} INFO - Filling up the DagBag from /home/ubuntu/redfin/lib/python3.10/site-packages/airflow/example_dags/tutorial.py
[2023-12-03T23:26:36.888+0000] {processor.py:839} INFO - DAG(s) dict_keys(['tutorial']) retrieved from /home/ubuntu/redfin/lib/python3.10/site-packages/airflow/example_dags/tutorial.py
[2023-12-03T23:26:36.906+0000] {logging_mixin.py:154} INFO - [2023-12-03T23:26:36.906+0000] {dag.py:2941} INFO - Sync 1 DAGs
[2023-12-03T23:26:36.928+0000] {logging_mixin.py:154} INFO - [2023-12-03T23:26:36.928+0000] {dag.py:3722} INFO - Setting next_dagrun for tutorial to 2023-12-02T23:26:36.927793+00:00, run_after=2023-12-03T23:26:36.927793+00:00
[2023-12-03T23:26:36.952+0000] {processor.py:179} INFO - Processing /home/ubuntu/redfin/lib/python3.10/site-packages/airflow/example_dags/tutorial.py took 0.077 seconds
[2023-12-03T23:27:20.335+0000] {processor.py:157} INFO - Started process (PID=5038) to work on /home/ubuntu/redfin/lib/python3.10/site-packages/airflow/example_dags/tutorial.py
[2023-12-03T23:27:20.337+0000] {processor.py:829} INFO - Processing file /home/ubuntu/redfin/lib/python3.10/site-packages/airflow/example_dags/tutorial.py for tasks to queue
[2023-12-03T23:27:20.338+0000] {logging_mixin.py:154} INFO - [2023-12-03T23:27:20.337+0000] {dagbag.py:536} INFO - Filling up the DagBag from /home/ubuntu/redfin/lib/python3.10/site-packages/airflow/example_dags/tutorial.py
[2023-12-03T23:27:20.345+0000] {processor.py:839} INFO - DAG(s) dict_keys(['tutorial']) retrieved from /home/ubuntu/redfin/lib/python3.10/site-packages/airflow/example_dags/tutorial.py
[2023-12-03T23:27:20.364+0000] {logging_mixin.py:154} INFO - [2023-12-03T23:27:20.363+0000] {dag.py:2941} INFO - Sync 1 DAGs
[2023-12-03T23:27:20.386+0000] {logging_mixin.py:154} INFO - [2023-12-03T23:27:20.385+0000] {dag.py:3722} INFO - Setting next_dagrun for tutorial to 2023-12-02T23:27:20.385492+00:00, run_after=2023-12-03T23:27:20.385492+00:00
[2023-12-03T23:27:20.409+0000] {processor.py:179} INFO - Processing /home/ubuntu/redfin/lib/python3.10/site-packages/airflow/example_dags/tutorial.py took 0.077 seconds
[2023-12-03T23:28:02.846+0000] {processor.py:157} INFO - Started process (PID=5085) to work on /home/ubuntu/redfin/lib/python3.10/site-packages/airflow/example_dags/tutorial.py
[2023-12-03T23:28:02.847+0000] {processor.py:829} INFO - Processing file /home/ubuntu/redfin/lib/python3.10/site-packages/airflow/example_dags/tutorial.py for tasks to queue
[2023-12-03T23:28:02.848+0000] {logging_mixin.py:154} INFO - [2023-12-03T23:28:02.848+0000] {dagbag.py:536} INFO - Filling up the DagBag from /home/ubuntu/redfin/lib/python3.10/site-packages/airflow/example_dags/tutorial.py
[2023-12-03T23:28:02.856+0000] {processor.py:839} INFO - DAG(s) dict_keys(['tutorial']) retrieved from /home/ubuntu/redfin/lib/python3.10/site-packages/airflow/example_dags/tutorial.py
[2023-12-03T23:28:02.874+0000] {logging_mixin.py:154} INFO - [2023-12-03T23:28:02.873+0000] {dag.py:2941} INFO - Sync 1 DAGs
[2023-12-03T23:28:02.895+0000] {logging_mixin.py:154} INFO - [2023-12-03T23:28:02.895+0000] {dag.py:3722} INFO - Setting next_dagrun for tutorial to 2023-12-02T23:28:02.895239+00:00, run_after=2023-12-03T23:28:02.895239+00:00
[2023-12-03T23:28:02.921+0000] {processor.py:179} INFO - Processing /home/ubuntu/redfin/lib/python3.10/site-packages/airflow/example_dags/tutorial.py took 0.079 seconds
[2023-12-03T23:28:50.832+0000] {processor.py:157} INFO - Started process (PID=5136) to work on /home/ubuntu/redfin/lib/python3.10/site-packages/airflow/example_dags/tutorial.py
[2023-12-03T23:28:50.833+0000] {processor.py:829} INFO - Processing file /home/ubuntu/redfin/lib/python3.10/site-packages/airflow/example_dags/tutorial.py for tasks to queue
[2023-12-03T23:28:50.834+0000] {logging_mixin.py:154} INFO - [2023-12-03T23:28:50.834+0000] {dagbag.py:536} INFO - Filling up the DagBag from /home/ubuntu/redfin/lib/python3.10/site-packages/airflow/example_dags/tutorial.py
[2023-12-03T23:28:50.842+0000] {processor.py:839} INFO - DAG(s) dict_keys(['tutorial']) retrieved from /home/ubuntu/redfin/lib/python3.10/site-packages/airflow/example_dags/tutorial.py
[2023-12-03T23:28:50.860+0000] {logging_mixin.py:154} INFO - [2023-12-03T23:28:50.859+0000] {dag.py:2941} INFO - Sync 1 DAGs
[2023-12-03T23:28:50.880+0000] {logging_mixin.py:154} INFO - [2023-12-03T23:28:50.880+0000] {dag.py:3722} INFO - Setting next_dagrun for tutorial to 2023-12-02T23:28:50.880271+00:00, run_after=2023-12-03T23:28:50.880271+00:00
[2023-12-03T23:28:50.904+0000] {processor.py:179} INFO - Processing /home/ubuntu/redfin/lib/python3.10/site-packages/airflow/example_dags/tutorial.py took 0.076 seconds
[2023-12-03T23:29:38.697+0000] {processor.py:157} INFO - Started process (PID=5188) to work on /home/ubuntu/redfin/lib/python3.10/site-packages/airflow/example_dags/tutorial.py
[2023-12-03T23:29:38.698+0000] {processor.py:829} INFO - Processing file /home/ubuntu/redfin/lib/python3.10/site-packages/airflow/example_dags/tutorial.py for tasks to queue
[2023-12-03T23:29:38.699+0000] {logging_mixin.py:154} INFO - [2023-12-03T23:29:38.699+0000] {dagbag.py:536} INFO - Filling up the DagBag from /home/ubuntu/redfin/lib/python3.10/site-packages/airflow/example_dags/tutorial.py
[2023-12-03T23:29:38.707+0000] {processor.py:839} INFO - DAG(s) dict_keys(['tutorial']) retrieved from /home/ubuntu/redfin/lib/python3.10/site-packages/airflow/example_dags/tutorial.py
[2023-12-03T23:29:38.724+0000] {logging_mixin.py:154} INFO - [2023-12-03T23:29:38.724+0000] {dag.py:2941} INFO - Sync 1 DAGs
[2023-12-03T23:29:38.745+0000] {logging_mixin.py:154} INFO - [2023-12-03T23:29:38.745+0000] {dag.py:3722} INFO - Setting next_dagrun for tutorial to 2023-12-02T23:29:38.745234+00:00, run_after=2023-12-03T23:29:38.745234+00:00
[2023-12-03T23:29:38.769+0000] {processor.py:179} INFO - Processing /home/ubuntu/redfin/lib/python3.10/site-packages/airflow/example_dags/tutorial.py took 0.076 seconds
[2023-12-03T23:30:27.130+0000] {processor.py:157} INFO - Started process (PID=5243) to work on /home/ubuntu/redfin/lib/python3.10/site-packages/airflow/example_dags/tutorial.py
[2023-12-03T23:30:27.132+0000] {processor.py:829} INFO - Processing file /home/ubuntu/redfin/lib/python3.10/site-packages/airflow/example_dags/tutorial.py for tasks to queue
[2023-12-03T23:30:27.133+0000] {logging_mixin.py:154} INFO - [2023-12-03T23:30:27.132+0000] {dagbag.py:536} INFO - Filling up the DagBag from /home/ubuntu/redfin/lib/python3.10/site-packages/airflow/example_dags/tutorial.py
[2023-12-03T23:30:27.141+0000] {processor.py:839} INFO - DAG(s) dict_keys(['tutorial']) retrieved from /home/ubuntu/redfin/lib/python3.10/site-packages/airflow/example_dags/tutorial.py
[2023-12-03T23:30:27.160+0000] {logging_mixin.py:154} INFO - [2023-12-03T23:30:27.160+0000] {dag.py:2941} INFO - Sync 1 DAGs
[2023-12-03T23:30:27.182+0000] {logging_mixin.py:154} INFO - [2023-12-03T23:30:27.181+0000] {dag.py:3722} INFO - Setting next_dagrun for tutorial to 2023-12-02T23:30:27.181545+00:00, run_after=2023-12-03T23:30:27.181545+00:00
[2023-12-03T23:30:27.206+0000] {processor.py:179} INFO - Processing /home/ubuntu/redfin/lib/python3.10/site-packages/airflow/example_dags/tutorial.py took 0.080 seconds
[2023-12-03T23:31:11.792+0000] {processor.py:157} INFO - Started process (PID=5292) to work on /home/ubuntu/redfin/lib/python3.10/site-packages/airflow/example_dags/tutorial.py
[2023-12-03T23:31:11.793+0000] {processor.py:829} INFO - Processing file /home/ubuntu/redfin/lib/python3.10/site-packages/airflow/example_dags/tutorial.py for tasks to queue
[2023-12-03T23:31:11.794+0000] {logging_mixin.py:154} INFO - [2023-12-03T23:31:11.794+0000] {dagbag.py:536} INFO - Filling up the DagBag from /home/ubuntu/redfin/lib/python3.10/site-packages/airflow/example_dags/tutorial.py
[2023-12-03T23:31:11.803+0000] {processor.py:839} INFO - DAG(s) dict_keys(['tutorial']) retrieved from /home/ubuntu/redfin/lib/python3.10/site-packages/airflow/example_dags/tutorial.py
[2023-12-03T23:31:11.821+0000] {logging_mixin.py:154} INFO - [2023-12-03T23:31:11.821+0000] {dag.py:2941} INFO - Sync 1 DAGs
[2023-12-03T23:31:11.843+0000] {logging_mixin.py:154} INFO - [2023-12-03T23:31:11.843+0000] {dag.py:3722} INFO - Setting next_dagrun for tutorial to 2023-12-02T23:31:11.842999+00:00, run_after=2023-12-03T23:31:11.842999+00:00
[2023-12-03T23:31:11.868+0000] {processor.py:179} INFO - Processing /home/ubuntu/redfin/lib/python3.10/site-packages/airflow/example_dags/tutorial.py took 0.079 seconds
[2023-12-03T23:32:00.078+0000] {processor.py:157} INFO - Started process (PID=5344) to work on /home/ubuntu/redfin/lib/python3.10/site-packages/airflow/example_dags/tutorial.py
[2023-12-03T23:32:00.080+0000] {processor.py:829} INFO - Processing file /home/ubuntu/redfin/lib/python3.10/site-packages/airflow/example_dags/tutorial.py for tasks to queue
[2023-12-03T23:32:00.081+0000] {logging_mixin.py:154} INFO - [2023-12-03T23:32:00.080+0000] {dagbag.py:536} INFO - Filling up the DagBag from /home/ubuntu/redfin/lib/python3.10/site-packages/airflow/example_dags/tutorial.py
[2023-12-03T23:32:00.088+0000] {processor.py:839} INFO - DAG(s) dict_keys(['tutorial']) retrieved from /home/ubuntu/redfin/lib/python3.10/site-packages/airflow/example_dags/tutorial.py
[2023-12-03T23:32:00.106+0000] {logging_mixin.py:154} INFO - [2023-12-03T23:32:00.106+0000] {dag.py:2941} INFO - Sync 1 DAGs
[2023-12-03T23:32:00.128+0000] {logging_mixin.py:154} INFO - [2023-12-03T23:32:00.127+0000] {dag.py:3722} INFO - Setting next_dagrun for tutorial to 2023-12-02T23:32:00.127556+00:00, run_after=2023-12-03T23:32:00.127556+00:00
[2023-12-03T23:32:00.150+0000] {processor.py:179} INFO - Processing /home/ubuntu/redfin/lib/python3.10/site-packages/airflow/example_dags/tutorial.py took 0.076 seconds
[2023-12-03T23:32:44.583+0000] {processor.py:157} INFO - Started process (PID=5393) to work on /home/ubuntu/redfin/lib/python3.10/site-packages/airflow/example_dags/tutorial.py
[2023-12-03T23:32:44.584+0000] {processor.py:829} INFO - Processing file /home/ubuntu/redfin/lib/python3.10/site-packages/airflow/example_dags/tutorial.py for tasks to queue
[2023-12-03T23:32:44.585+0000] {logging_mixin.py:154} INFO - [2023-12-03T23:32:44.585+0000] {dagbag.py:536} INFO - Filling up the DagBag from /home/ubuntu/redfin/lib/python3.10/site-packages/airflow/example_dags/tutorial.py
[2023-12-03T23:32:44.593+0000] {processor.py:839} INFO - DAG(s) dict_keys(['tutorial']) retrieved from /home/ubuntu/redfin/lib/python3.10/site-packages/airflow/example_dags/tutorial.py
[2023-12-03T23:32:44.610+0000] {logging_mixin.py:154} INFO - [2023-12-03T23:32:44.610+0000] {dag.py:2941} INFO - Sync 1 DAGs
[2023-12-03T23:32:44.632+0000] {logging_mixin.py:154} INFO - [2023-12-03T23:32:44.632+0000] {dag.py:3722} INFO - Setting next_dagrun for tutorial to 2023-12-02T23:32:44.632069+00:00, run_after=2023-12-03T23:32:44.632069+00:00
[2023-12-03T23:32:44.656+0000] {processor.py:179} INFO - Processing /home/ubuntu/redfin/lib/python3.10/site-packages/airflow/example_dags/tutorial.py took 0.077 seconds
[2023-12-03T23:33:30.539+0000] {processor.py:157} INFO - Started process (PID=5442) to work on /home/ubuntu/redfin/lib/python3.10/site-packages/airflow/example_dags/tutorial.py
[2023-12-03T23:33:30.541+0000] {processor.py:829} INFO - Processing file /home/ubuntu/redfin/lib/python3.10/site-packages/airflow/example_dags/tutorial.py for tasks to queue
[2023-12-03T23:33:30.542+0000] {logging_mixin.py:154} INFO - [2023-12-03T23:33:30.541+0000] {dagbag.py:536} INFO - Filling up the DagBag from /home/ubuntu/redfin/lib/python3.10/site-packages/airflow/example_dags/tutorial.py
[2023-12-03T23:33:30.549+0000] {processor.py:839} INFO - DAG(s) dict_keys(['tutorial']) retrieved from /home/ubuntu/redfin/lib/python3.10/site-packages/airflow/example_dags/tutorial.py
[2023-12-03T23:33:30.568+0000] {logging_mixin.py:154} INFO - [2023-12-03T23:33:30.568+0000] {dag.py:2941} INFO - Sync 1 DAGs
[2023-12-03T23:33:30.591+0000] {logging_mixin.py:154} INFO - [2023-12-03T23:33:30.591+0000] {dag.py:3722} INFO - Setting next_dagrun for tutorial to 2023-12-02T23:33:30.590832+00:00, run_after=2023-12-03T23:33:30.590832+00:00
[2023-12-03T23:33:30.614+0000] {processor.py:179} INFO - Processing /home/ubuntu/redfin/lib/python3.10/site-packages/airflow/example_dags/tutorial.py took 0.078 seconds
[2023-12-03T23:34:16.903+0000] {processor.py:157} INFO - Started process (PID=5495) to work on /home/ubuntu/redfin/lib/python3.10/site-packages/airflow/example_dags/tutorial.py
[2023-12-03T23:34:16.904+0000] {processor.py:829} INFO - Processing file /home/ubuntu/redfin/lib/python3.10/site-packages/airflow/example_dags/tutorial.py for tasks to queue
[2023-12-03T23:34:16.905+0000] {logging_mixin.py:154} INFO - [2023-12-03T23:34:16.905+0000] {dagbag.py:536} INFO - Filling up the DagBag from /home/ubuntu/redfin/lib/python3.10/site-packages/airflow/example_dags/tutorial.py
[2023-12-03T23:34:16.913+0000] {processor.py:839} INFO - DAG(s) dict_keys(['tutorial']) retrieved from /home/ubuntu/redfin/lib/python3.10/site-packages/airflow/example_dags/tutorial.py
[2023-12-03T23:34:16.930+0000] {logging_mixin.py:154} INFO - [2023-12-03T23:34:16.930+0000] {dag.py:2941} INFO - Sync 1 DAGs
[2023-12-03T23:34:16.952+0000] {logging_mixin.py:154} INFO - [2023-12-03T23:34:16.952+0000] {dag.py:3722} INFO - Setting next_dagrun for tutorial to 2023-12-02T23:34:16.951785+00:00, run_after=2023-12-03T23:34:16.951785+00:00
[2023-12-03T23:34:16.974+0000] {processor.py:179} INFO - Processing /home/ubuntu/redfin/lib/python3.10/site-packages/airflow/example_dags/tutorial.py took 0.075 seconds
[2023-12-03T23:35:05.458+0000] {processor.py:157} INFO - Started process (PID=5547) to work on /home/ubuntu/redfin/lib/python3.10/site-packages/airflow/example_dags/tutorial.py
[2023-12-03T23:35:05.459+0000] {processor.py:829} INFO - Processing file /home/ubuntu/redfin/lib/python3.10/site-packages/airflow/example_dags/tutorial.py for tasks to queue
[2023-12-03T23:35:05.460+0000] {logging_mixin.py:154} INFO - [2023-12-03T23:35:05.460+0000] {dagbag.py:536} INFO - Filling up the DagBag from /home/ubuntu/redfin/lib/python3.10/site-packages/airflow/example_dags/tutorial.py
[2023-12-03T23:35:05.468+0000] {processor.py:839} INFO - DAG(s) dict_keys(['tutorial']) retrieved from /home/ubuntu/redfin/lib/python3.10/site-packages/airflow/example_dags/tutorial.py
[2023-12-03T23:35:05.486+0000] {logging_mixin.py:154} INFO - [2023-12-03T23:35:05.486+0000] {dag.py:2941} INFO - Sync 1 DAGs
[2023-12-03T23:35:05.510+0000] {logging_mixin.py:154} INFO - [2023-12-03T23:35:05.509+0000] {dag.py:3722} INFO - Setting next_dagrun for tutorial to 2023-12-02T23:35:05.509440+00:00, run_after=2023-12-03T23:35:05.509440+00:00
[2023-12-03T23:35:05.535+0000] {processor.py:179} INFO - Processing /home/ubuntu/redfin/lib/python3.10/site-packages/airflow/example_dags/tutorial.py took 0.081 seconds
[2023-12-03T23:35:54.183+0000] {processor.py:157} INFO - Started process (PID=5601) to work on /home/ubuntu/redfin/lib/python3.10/site-packages/airflow/example_dags/tutorial.py
[2023-12-03T23:35:54.184+0000] {processor.py:829} INFO - Processing file /home/ubuntu/redfin/lib/python3.10/site-packages/airflow/example_dags/tutorial.py for tasks to queue
[2023-12-03T23:35:54.185+0000] {logging_mixin.py:154} INFO - [2023-12-03T23:35:54.185+0000] {dagbag.py:536} INFO - Filling up the DagBag from /home/ubuntu/redfin/lib/python3.10/site-packages/airflow/example_dags/tutorial.py
[2023-12-03T23:35:54.193+0000] {processor.py:839} INFO - DAG(s) dict_keys(['tutorial']) retrieved from /home/ubuntu/redfin/lib/python3.10/site-packages/airflow/example_dags/tutorial.py
[2023-12-03T23:35:54.211+0000] {logging_mixin.py:154} INFO - [2023-12-03T23:35:54.211+0000] {dag.py:2941} INFO - Sync 1 DAGs
[2023-12-03T23:35:54.232+0000] {logging_mixin.py:154} INFO - [2023-12-03T23:35:54.232+0000] {dag.py:3722} INFO - Setting next_dagrun for tutorial to 2023-12-02T23:35:54.232070+00:00, run_after=2023-12-03T23:35:54.232070+00:00
[2023-12-03T23:35:54.259+0000] {processor.py:179} INFO - Processing /home/ubuntu/redfin/lib/python3.10/site-packages/airflow/example_dags/tutorial.py took 0.080 seconds
[2023-12-03T23:36:45.971+0000] {processor.py:157} INFO - Started process (PID=5656) to work on /home/ubuntu/redfin/lib/python3.10/site-packages/airflow/example_dags/tutorial.py
[2023-12-03T23:36:45.973+0000] {processor.py:829} INFO - Processing file /home/ubuntu/redfin/lib/python3.10/site-packages/airflow/example_dags/tutorial.py for tasks to queue
[2023-12-03T23:36:45.974+0000] {logging_mixin.py:154} INFO - [2023-12-03T23:36:45.973+0000] {dagbag.py:536} INFO - Filling up the DagBag from /home/ubuntu/redfin/lib/python3.10/site-packages/airflow/example_dags/tutorial.py
[2023-12-03T23:36:45.981+0000] {processor.py:839} INFO - DAG(s) dict_keys(['tutorial']) retrieved from /home/ubuntu/redfin/lib/python3.10/site-packages/airflow/example_dags/tutorial.py
[2023-12-03T23:36:45.998+0000] {logging_mixin.py:154} INFO - [2023-12-03T23:36:45.998+0000] {dag.py:2941} INFO - Sync 1 DAGs
[2023-12-03T23:36:46.020+0000] {logging_mixin.py:154} INFO - [2023-12-03T23:36:46.020+0000] {dag.py:3722} INFO - Setting next_dagrun for tutorial to 2023-12-02T23:36:46.020296+00:00, run_after=2023-12-03T23:36:46.020296+00:00
[2023-12-03T23:36:46.042+0000] {processor.py:179} INFO - Processing /home/ubuntu/redfin/lib/python3.10/site-packages/airflow/example_dags/tutorial.py took 0.075 seconds
[2023-12-03T23:37:33.818+0000] {processor.py:157} INFO - Started process (PID=5710) to work on /home/ubuntu/redfin/lib/python3.10/site-packages/airflow/example_dags/tutorial.py
[2023-12-03T23:37:33.819+0000] {processor.py:829} INFO - Processing file /home/ubuntu/redfin/lib/python3.10/site-packages/airflow/example_dags/tutorial.py for tasks to queue
[2023-12-03T23:37:33.820+0000] {logging_mixin.py:154} INFO - [2023-12-03T23:37:33.819+0000] {dagbag.py:536} INFO - Filling up the DagBag from /home/ubuntu/redfin/lib/python3.10/site-packages/airflow/example_dags/tutorial.py
[2023-12-03T23:37:33.828+0000] {processor.py:839} INFO - DAG(s) dict_keys(['tutorial']) retrieved from /home/ubuntu/redfin/lib/python3.10/site-packages/airflow/example_dags/tutorial.py
[2023-12-03T23:37:33.845+0000] {logging_mixin.py:154} INFO - [2023-12-03T23:37:33.845+0000] {dag.py:2941} INFO - Sync 1 DAGs
[2023-12-03T23:37:33.867+0000] {logging_mixin.py:154} INFO - [2023-12-03T23:37:33.867+0000] {dag.py:3722} INFO - Setting next_dagrun for tutorial to 2023-12-02T23:37:33.866710+00:00, run_after=2023-12-03T23:37:33.866710+00:00
[2023-12-03T23:37:33.889+0000] {processor.py:179} INFO - Processing /home/ubuntu/redfin/lib/python3.10/site-packages/airflow/example_dags/tutorial.py took 0.075 seconds
[2023-12-03T23:38:18.406+0000] {processor.py:157} INFO - Started process (PID=5759) to work on /home/ubuntu/redfin/lib/python3.10/site-packages/airflow/example_dags/tutorial.py
[2023-12-03T23:38:18.408+0000] {processor.py:829} INFO - Processing file /home/ubuntu/redfin/lib/python3.10/site-packages/airflow/example_dags/tutorial.py for tasks to queue
[2023-12-03T23:38:18.408+0000] {logging_mixin.py:154} INFO - [2023-12-03T23:38:18.408+0000] {dagbag.py:536} INFO - Filling up the DagBag from /home/ubuntu/redfin/lib/python3.10/site-packages/airflow/example_dags/tutorial.py
[2023-12-03T23:38:18.416+0000] {processor.py:839} INFO - DAG(s) dict_keys(['tutorial']) retrieved from /home/ubuntu/redfin/lib/python3.10/site-packages/airflow/example_dags/tutorial.py
[2023-12-03T23:38:18.434+0000] {logging_mixin.py:154} INFO - [2023-12-03T23:38:18.433+0000] {dag.py:2941} INFO - Sync 1 DAGs
[2023-12-03T23:38:18.456+0000] {logging_mixin.py:154} INFO - [2023-12-03T23:38:18.455+0000] {dag.py:3722} INFO - Setting next_dagrun for tutorial to 2023-12-02T23:38:18.455541+00:00, run_after=2023-12-03T23:38:18.455541+00:00
[2023-12-03T23:38:18.478+0000] {processor.py:179} INFO - Processing /home/ubuntu/redfin/lib/python3.10/site-packages/airflow/example_dags/tutorial.py took 0.075 seconds
[2023-12-03T23:39:05.645+0000] {processor.py:157} INFO - Started process (PID=5810) to work on /home/ubuntu/redfin/lib/python3.10/site-packages/airflow/example_dags/tutorial.py
[2023-12-03T23:39:05.647+0000] {processor.py:829} INFO - Processing file /home/ubuntu/redfin/lib/python3.10/site-packages/airflow/example_dags/tutorial.py for tasks to queue
[2023-12-03T23:39:05.648+0000] {logging_mixin.py:154} INFO - [2023-12-03T23:39:05.647+0000] {dagbag.py:536} INFO - Filling up the DagBag from /home/ubuntu/redfin/lib/python3.10/site-packages/airflow/example_dags/tutorial.py
[2023-12-03T23:39:05.656+0000] {processor.py:839} INFO - DAG(s) dict_keys(['tutorial']) retrieved from /home/ubuntu/redfin/lib/python3.10/site-packages/airflow/example_dags/tutorial.py
[2023-12-03T23:39:05.674+0000] {logging_mixin.py:154} INFO - [2023-12-03T23:39:05.674+0000] {dag.py:2941} INFO - Sync 1 DAGs
[2023-12-03T23:39:05.696+0000] {logging_mixin.py:154} INFO - [2023-12-03T23:39:05.695+0000] {dag.py:3722} INFO - Setting next_dagrun for tutorial to 2023-12-02T23:39:05.695680+00:00, run_after=2023-12-03T23:39:05.695680+00:00
[2023-12-03T23:39:05.719+0000] {processor.py:179} INFO - Processing /home/ubuntu/redfin/lib/python3.10/site-packages/airflow/example_dags/tutorial.py took 0.077 seconds
[2023-12-03T23:39:52.100+0000] {processor.py:157} INFO - Started process (PID=5860) to work on /home/ubuntu/redfin/lib/python3.10/site-packages/airflow/example_dags/tutorial.py
[2023-12-03T23:39:52.101+0000] {processor.py:829} INFO - Processing file /home/ubuntu/redfin/lib/python3.10/site-packages/airflow/example_dags/tutorial.py for tasks to queue
[2023-12-03T23:39:52.102+0000] {logging_mixin.py:154} INFO - [2023-12-03T23:39:52.102+0000] {dagbag.py:536} INFO - Filling up the DagBag from /home/ubuntu/redfin/lib/python3.10/site-packages/airflow/example_dags/tutorial.py
[2023-12-03T23:39:52.110+0000] {processor.py:839} INFO - DAG(s) dict_keys(['tutorial']) retrieved from /home/ubuntu/redfin/lib/python3.10/site-packages/airflow/example_dags/tutorial.py
[2023-12-03T23:39:52.127+0000] {logging_mixin.py:154} INFO - [2023-12-03T23:39:52.127+0000] {dag.py:2941} INFO - Sync 1 DAGs
[2023-12-03T23:39:52.149+0000] {logging_mixin.py:154} INFO - [2023-12-03T23:39:52.149+0000] {dag.py:3722} INFO - Setting next_dagrun for tutorial to 2023-12-02T23:39:52.149308+00:00, run_after=2023-12-03T23:39:52.149308+00:00
[2023-12-03T23:39:52.172+0000] {processor.py:179} INFO - Processing /home/ubuntu/redfin/lib/python3.10/site-packages/airflow/example_dags/tutorial.py took 0.076 seconds
[2023-12-03T23:40:40.653+0000] {processor.py:157} INFO - Started process (PID=5912) to work on /home/ubuntu/redfin/lib/python3.10/site-packages/airflow/example_dags/tutorial.py
[2023-12-03T23:40:40.654+0000] {processor.py:829} INFO - Processing file /home/ubuntu/redfin/lib/python3.10/site-packages/airflow/example_dags/tutorial.py for tasks to queue
[2023-12-03T23:40:40.655+0000] {logging_mixin.py:154} INFO - [2023-12-03T23:40:40.655+0000] {dagbag.py:536} INFO - Filling up the DagBag from /home/ubuntu/redfin/lib/python3.10/site-packages/airflow/example_dags/tutorial.py
[2023-12-03T23:40:40.663+0000] {processor.py:839} INFO - DAG(s) dict_keys(['tutorial']) retrieved from /home/ubuntu/redfin/lib/python3.10/site-packages/airflow/example_dags/tutorial.py
[2023-12-03T23:40:40.681+0000] {logging_mixin.py:154} INFO - [2023-12-03T23:40:40.681+0000] {dag.py:2941} INFO - Sync 1 DAGs
[2023-12-03T23:40:40.704+0000] {logging_mixin.py:154} INFO - [2023-12-03T23:40:40.704+0000] {dag.py:3722} INFO - Setting next_dagrun for tutorial to 2023-12-02T23:40:40.704188+00:00, run_after=2023-12-03T23:40:40.704188+00:00
[2023-12-03T23:40:40.727+0000] {processor.py:179} INFO - Processing /home/ubuntu/redfin/lib/python3.10/site-packages/airflow/example_dags/tutorial.py took 0.078 seconds
[2023-12-03T23:41:31.465+0000] {processor.py:157} INFO - Started process (PID=5969) to work on /home/ubuntu/redfin/lib/python3.10/site-packages/airflow/example_dags/tutorial.py
[2023-12-03T23:41:31.466+0000] {processor.py:829} INFO - Processing file /home/ubuntu/redfin/lib/python3.10/site-packages/airflow/example_dags/tutorial.py for tasks to queue
[2023-12-03T23:41:31.467+0000] {logging_mixin.py:154} INFO - [2023-12-03T23:41:31.467+0000] {dagbag.py:536} INFO - Filling up the DagBag from /home/ubuntu/redfin/lib/python3.10/site-packages/airflow/example_dags/tutorial.py
[2023-12-03T23:41:31.475+0000] {processor.py:839} INFO - DAG(s) dict_keys(['tutorial']) retrieved from /home/ubuntu/redfin/lib/python3.10/site-packages/airflow/example_dags/tutorial.py
[2023-12-03T23:41:31.494+0000] {logging_mixin.py:154} INFO - [2023-12-03T23:41:31.494+0000] {dag.py:2941} INFO - Sync 1 DAGs
[2023-12-03T23:41:31.517+0000] {logging_mixin.py:154} INFO - [2023-12-03T23:41:31.516+0000] {dag.py:3722} INFO - Setting next_dagrun for tutorial to 2023-12-02T23:41:31.516597+00:00, run_after=2023-12-03T23:41:31.516597+00:00
[2023-12-03T23:41:31.540+0000] {processor.py:179} INFO - Processing /home/ubuntu/redfin/lib/python3.10/site-packages/airflow/example_dags/tutorial.py took 0.079 seconds
[2023-12-03T23:42:15.989+0000] {processor.py:157} INFO - Started process (PID=6018) to work on /home/ubuntu/redfin/lib/python3.10/site-packages/airflow/example_dags/tutorial.py
[2023-12-03T23:42:15.990+0000] {processor.py:829} INFO - Processing file /home/ubuntu/redfin/lib/python3.10/site-packages/airflow/example_dags/tutorial.py for tasks to queue
[2023-12-03T23:42:15.991+0000] {logging_mixin.py:154} INFO - [2023-12-03T23:42:15.991+0000] {dagbag.py:536} INFO - Filling up the DagBag from /home/ubuntu/redfin/lib/python3.10/site-packages/airflow/example_dags/tutorial.py
[2023-12-03T23:42:15.999+0000] {processor.py:839} INFO - DAG(s) dict_keys(['tutorial']) retrieved from /home/ubuntu/redfin/lib/python3.10/site-packages/airflow/example_dags/tutorial.py
[2023-12-03T23:42:16.016+0000] {logging_mixin.py:154} INFO - [2023-12-03T23:42:16.016+0000] {dag.py:2941} INFO - Sync 1 DAGs
[2023-12-03T23:42:16.037+0000] {logging_mixin.py:154} INFO - [2023-12-03T23:42:16.036+0000] {dag.py:3722} INFO - Setting next_dagrun for tutorial to 2023-12-02T23:42:16.036642+00:00, run_after=2023-12-03T23:42:16.036642+00:00
[2023-12-03T23:42:16.059+0000] {processor.py:179} INFO - Processing /home/ubuntu/redfin/lib/python3.10/site-packages/airflow/example_dags/tutorial.py took 0.073 seconds
[2023-12-03T23:43:04.112+0000] {processor.py:157} INFO - Started process (PID=6070) to work on /home/ubuntu/redfin/lib/python3.10/site-packages/airflow/example_dags/tutorial.py
[2023-12-03T23:43:04.113+0000] {processor.py:829} INFO - Processing file /home/ubuntu/redfin/lib/python3.10/site-packages/airflow/example_dags/tutorial.py for tasks to queue
[2023-12-03T23:43:04.114+0000] {logging_mixin.py:154} INFO - [2023-12-03T23:43:04.114+0000] {dagbag.py:536} INFO - Filling up the DagBag from /home/ubuntu/redfin/lib/python3.10/site-packages/airflow/example_dags/tutorial.py
[2023-12-03T23:43:04.122+0000] {processor.py:839} INFO - DAG(s) dict_keys(['tutorial']) retrieved from /home/ubuntu/redfin/lib/python3.10/site-packages/airflow/example_dags/tutorial.py
[2023-12-03T23:43:04.141+0000] {logging_mixin.py:154} INFO - [2023-12-03T23:43:04.140+0000] {dag.py:2941} INFO - Sync 1 DAGs
[2023-12-03T23:43:04.162+0000] {logging_mixin.py:154} INFO - [2023-12-03T23:43:04.162+0000] {dag.py:3722} INFO - Setting next_dagrun for tutorial to 2023-12-02T23:43:04.161818+00:00, run_after=2023-12-03T23:43:04.161818+00:00
[2023-12-03T23:43:04.184+0000] {processor.py:179} INFO - Processing /home/ubuntu/redfin/lib/python3.10/site-packages/airflow/example_dags/tutorial.py took 0.076 seconds
[2023-12-03T23:43:51.337+0000] {processor.py:157} INFO - Started process (PID=6121) to work on /home/ubuntu/redfin/lib/python3.10/site-packages/airflow/example_dags/tutorial.py
[2023-12-03T23:43:51.339+0000] {processor.py:829} INFO - Processing file /home/ubuntu/redfin/lib/python3.10/site-packages/airflow/example_dags/tutorial.py for tasks to queue
[2023-12-03T23:43:51.340+0000] {logging_mixin.py:154} INFO - [2023-12-03T23:43:51.339+0000] {dagbag.py:536} INFO - Filling up the DagBag from /home/ubuntu/redfin/lib/python3.10/site-packages/airflow/example_dags/tutorial.py
[2023-12-03T23:43:51.347+0000] {processor.py:839} INFO - DAG(s) dict_keys(['tutorial']) retrieved from /home/ubuntu/redfin/lib/python3.10/site-packages/airflow/example_dags/tutorial.py
[2023-12-03T23:43:51.364+0000] {logging_mixin.py:154} INFO - [2023-12-03T23:43:51.364+0000] {dag.py:2941} INFO - Sync 1 DAGs
[2023-12-03T23:43:51.384+0000] {logging_mixin.py:154} INFO - [2023-12-03T23:43:51.384+0000] {dag.py:3722} INFO - Setting next_dagrun for tutorial to 2023-12-02T23:43:51.384147+00:00, run_after=2023-12-03T23:43:51.384147+00:00
[2023-12-03T23:43:51.407+0000] {processor.py:179} INFO - Processing /home/ubuntu/redfin/lib/python3.10/site-packages/airflow/example_dags/tutorial.py took 0.073 seconds
[2023-12-03T23:44:35.834+0000] {processor.py:157} INFO - Started process (PID=6424) to work on /home/ubuntu/redfin/lib/python3.10/site-packages/airflow/example_dags/tutorial.py
[2023-12-03T23:44:35.835+0000] {processor.py:829} INFO - Processing file /home/ubuntu/redfin/lib/python3.10/site-packages/airflow/example_dags/tutorial.py for tasks to queue
[2023-12-03T23:44:35.836+0000] {logging_mixin.py:154} INFO - [2023-12-03T23:44:35.836+0000] {dagbag.py:536} INFO - Filling up the DagBag from /home/ubuntu/redfin/lib/python3.10/site-packages/airflow/example_dags/tutorial.py
[2023-12-03T23:44:35.844+0000] {processor.py:839} INFO - DAG(s) dict_keys(['tutorial']) retrieved from /home/ubuntu/redfin/lib/python3.10/site-packages/airflow/example_dags/tutorial.py
[2023-12-03T23:44:35.862+0000] {logging_mixin.py:154} INFO - [2023-12-03T23:44:35.862+0000] {dag.py:2941} INFO - Sync 1 DAGs
[2023-12-03T23:44:35.884+0000] {logging_mixin.py:154} INFO - [2023-12-03T23:44:35.884+0000] {dag.py:3722} INFO - Setting next_dagrun for tutorial to 2023-12-02T23:44:35.884018+00:00, run_after=2023-12-03T23:44:35.884018+00:00
[2023-12-03T23:44:35.908+0000] {processor.py:179} INFO - Processing /home/ubuntu/redfin/lib/python3.10/site-packages/airflow/example_dags/tutorial.py took 0.078 seconds
[2023-12-03T23:45:16.317+0000] {processor.py:157} INFO - Started process (PID=6625) to work on /home/ubuntu/redfin/lib/python3.10/site-packages/airflow/example_dags/tutorial.py
[2023-12-03T23:45:16.319+0000] {processor.py:829} INFO - Processing file /home/ubuntu/redfin/lib/python3.10/site-packages/airflow/example_dags/tutorial.py for tasks to queue
[2023-12-03T23:45:16.319+0000] {logging_mixin.py:154} INFO - [2023-12-03T23:45:16.319+0000] {dagbag.py:536} INFO - Filling up the DagBag from /home/ubuntu/redfin/lib/python3.10/site-packages/airflow/example_dags/tutorial.py
[2023-12-03T23:45:16.327+0000] {processor.py:839} INFO - DAG(s) dict_keys(['tutorial']) retrieved from /home/ubuntu/redfin/lib/python3.10/site-packages/airflow/example_dags/tutorial.py
[2023-12-03T23:45:16.346+0000] {logging_mixin.py:154} INFO - [2023-12-03T23:45:16.345+0000] {dag.py:2941} INFO - Sync 1 DAGs
[2023-12-03T23:45:16.367+0000] {logging_mixin.py:154} INFO - [2023-12-03T23:45:16.367+0000] {dag.py:3722} INFO - Setting next_dagrun for tutorial to 2023-12-02T23:45:16.367024+00:00, run_after=2023-12-03T23:45:16.367024+00:00
[2023-12-03T23:45:16.391+0000] {processor.py:179} INFO - Processing /home/ubuntu/redfin/lib/python3.10/site-packages/airflow/example_dags/tutorial.py took 0.078 seconds
[2023-12-03T23:46:01.994+0000] {processor.py:157} INFO - Started process (PID=6679) to work on /home/ubuntu/redfin/lib/python3.10/site-packages/airflow/example_dags/tutorial.py
[2023-12-03T23:46:01.995+0000] {processor.py:829} INFO - Processing file /home/ubuntu/redfin/lib/python3.10/site-packages/airflow/example_dags/tutorial.py for tasks to queue
[2023-12-03T23:46:01.996+0000] {logging_mixin.py:154} INFO - [2023-12-03T23:46:01.995+0000] {dagbag.py:536} INFO - Filling up the DagBag from /home/ubuntu/redfin/lib/python3.10/site-packages/airflow/example_dags/tutorial.py
[2023-12-03T23:46:02.004+0000] {processor.py:839} INFO - DAG(s) dict_keys(['tutorial']) retrieved from /home/ubuntu/redfin/lib/python3.10/site-packages/airflow/example_dags/tutorial.py
[2023-12-03T23:46:02.023+0000] {logging_mixin.py:154} INFO - [2023-12-03T23:46:02.022+0000] {dag.py:2941} INFO - Sync 1 DAGs
[2023-12-03T23:46:02.045+0000] {logging_mixin.py:154} INFO - [2023-12-03T23:46:02.045+0000] {dag.py:3722} INFO - Setting next_dagrun for tutorial to 2023-12-02T23:46:02.045159+00:00, run_after=2023-12-03T23:46:02.045159+00:00
[2023-12-03T23:46:02.069+0000] {processor.py:179} INFO - Processing /home/ubuntu/redfin/lib/python3.10/site-packages/airflow/example_dags/tutorial.py took 0.079 seconds
[2023-12-03T23:46:48.334+0000] {processor.py:157} INFO - Started process (PID=6731) to work on /home/ubuntu/redfin/lib/python3.10/site-packages/airflow/example_dags/tutorial.py
[2023-12-03T23:46:48.335+0000] {processor.py:829} INFO - Processing file /home/ubuntu/redfin/lib/python3.10/site-packages/airflow/example_dags/tutorial.py for tasks to queue
[2023-12-03T23:46:48.336+0000] {logging_mixin.py:154} INFO - [2023-12-03T23:46:48.336+0000] {dagbag.py:536} INFO - Filling up the DagBag from /home/ubuntu/redfin/lib/python3.10/site-packages/airflow/example_dags/tutorial.py
[2023-12-03T23:46:48.344+0000] {processor.py:839} INFO - DAG(s) dict_keys(['tutorial']) retrieved from /home/ubuntu/redfin/lib/python3.10/site-packages/airflow/example_dags/tutorial.py
[2023-12-03T23:46:48.362+0000] {logging_mixin.py:154} INFO - [2023-12-03T23:46:48.362+0000] {dag.py:2941} INFO - Sync 1 DAGs
[2023-12-03T23:46:48.385+0000] {logging_mixin.py:154} INFO - [2023-12-03T23:46:48.385+0000] {dag.py:3722} INFO - Setting next_dagrun for tutorial to 2023-12-02T23:46:48.385083+00:00, run_after=2023-12-03T23:46:48.385083+00:00
[2023-12-03T23:46:48.413+0000] {processor.py:179} INFO - Processing /home/ubuntu/redfin/lib/python3.10/site-packages/airflow/example_dags/tutorial.py took 0.083 seconds
[2023-12-03T23:47:36.365+0000] {processor.py:157} INFO - Started process (PID=6788) to work on /home/ubuntu/redfin/lib/python3.10/site-packages/airflow/example_dags/tutorial.py
[2023-12-03T23:47:36.367+0000] {processor.py:829} INFO - Processing file /home/ubuntu/redfin/lib/python3.10/site-packages/airflow/example_dags/tutorial.py for tasks to queue
[2023-12-03T23:47:36.368+0000] {logging_mixin.py:154} INFO - [2023-12-03T23:47:36.367+0000] {dagbag.py:536} INFO - Filling up the DagBag from /home/ubuntu/redfin/lib/python3.10/site-packages/airflow/example_dags/tutorial.py
[2023-12-03T23:47:36.375+0000] {processor.py:839} INFO - DAG(s) dict_keys(['tutorial']) retrieved from /home/ubuntu/redfin/lib/python3.10/site-packages/airflow/example_dags/tutorial.py
[2023-12-03T23:47:36.393+0000] {logging_mixin.py:154} INFO - [2023-12-03T23:47:36.393+0000] {dag.py:2941} INFO - Sync 1 DAGs
[2023-12-03T23:47:36.413+0000] {logging_mixin.py:154} INFO - [2023-12-03T23:47:36.413+0000] {dag.py:3722} INFO - Setting next_dagrun for tutorial to 2023-12-02T23:47:36.413314+00:00, run_after=2023-12-03T23:47:36.413314+00:00
[2023-12-03T23:47:36.437+0000] {processor.py:179} INFO - Processing /home/ubuntu/redfin/lib/python3.10/site-packages/airflow/example_dags/tutorial.py took 0.075 seconds
[2023-12-03T23:48:24.363+0000] {processor.py:157} INFO - Started process (PID=6872) to work on /home/ubuntu/redfin/lib/python3.10/site-packages/airflow/example_dags/tutorial.py
[2023-12-03T23:48:24.365+0000] {processor.py:829} INFO - Processing file /home/ubuntu/redfin/lib/python3.10/site-packages/airflow/example_dags/tutorial.py for tasks to queue
[2023-12-03T23:48:24.366+0000] {logging_mixin.py:154} INFO - [2023-12-03T23:48:24.365+0000] {dagbag.py:536} INFO - Filling up the DagBag from /home/ubuntu/redfin/lib/python3.10/site-packages/airflow/example_dags/tutorial.py
[2023-12-03T23:48:24.374+0000] {processor.py:839} INFO - DAG(s) dict_keys(['tutorial']) retrieved from /home/ubuntu/redfin/lib/python3.10/site-packages/airflow/example_dags/tutorial.py
[2023-12-03T23:48:24.393+0000] {logging_mixin.py:154} INFO - [2023-12-03T23:48:24.393+0000] {dag.py:2941} INFO - Sync 1 DAGs
[2023-12-03T23:48:24.416+0000] {logging_mixin.py:154} INFO - [2023-12-03T23:48:24.416+0000] {dag.py:3722} INFO - Setting next_dagrun for tutorial to 2023-12-02T23:48:24.416270+00:00, run_after=2023-12-03T23:48:24.416270+00:00
[2023-12-03T23:48:24.440+0000] {processor.py:179} INFO - Processing /home/ubuntu/redfin/lib/python3.10/site-packages/airflow/example_dags/tutorial.py took 0.080 seconds
[2023-12-03T23:49:15.081+0000] {processor.py:157} INFO - Started process (PID=6927) to work on /home/ubuntu/redfin/lib/python3.10/site-packages/airflow/example_dags/tutorial.py
[2023-12-03T23:49:15.083+0000] {processor.py:829} INFO - Processing file /home/ubuntu/redfin/lib/python3.10/site-packages/airflow/example_dags/tutorial.py for tasks to queue
[2023-12-03T23:49:15.084+0000] {logging_mixin.py:154} INFO - [2023-12-03T23:49:15.083+0000] {dagbag.py:536} INFO - Filling up the DagBag from /home/ubuntu/redfin/lib/python3.10/site-packages/airflow/example_dags/tutorial.py
[2023-12-03T23:49:15.091+0000] {processor.py:839} INFO - DAG(s) dict_keys(['tutorial']) retrieved from /home/ubuntu/redfin/lib/python3.10/site-packages/airflow/example_dags/tutorial.py
[2023-12-03T23:49:15.109+0000] {logging_mixin.py:154} INFO - [2023-12-03T23:49:15.109+0000] {dag.py:2941} INFO - Sync 1 DAGs
[2023-12-03T23:49:15.130+0000] {logging_mixin.py:154} INFO - [2023-12-03T23:49:15.129+0000] {dag.py:3722} INFO - Setting next_dagrun for tutorial to 2023-12-02T23:49:15.129570+00:00, run_after=2023-12-03T23:49:15.129570+00:00
[2023-12-03T23:49:15.152+0000] {processor.py:179} INFO - Processing /home/ubuntu/redfin/lib/python3.10/site-packages/airflow/example_dags/tutorial.py took 0.075 seconds
[2023-12-03T23:50:03.950+0000] {processor.py:157} INFO - Started process (PID=6982) to work on /home/ubuntu/redfin/lib/python3.10/site-packages/airflow/example_dags/tutorial.py
[2023-12-03T23:50:03.952+0000] {processor.py:829} INFO - Processing file /home/ubuntu/redfin/lib/python3.10/site-packages/airflow/example_dags/tutorial.py for tasks to queue
[2023-12-03T23:50:03.952+0000] {logging_mixin.py:154} INFO - [2023-12-03T23:50:03.952+0000] {dagbag.py:536} INFO - Filling up the DagBag from /home/ubuntu/redfin/lib/python3.10/site-packages/airflow/example_dags/tutorial.py
[2023-12-03T23:50:03.960+0000] {processor.py:839} INFO - DAG(s) dict_keys(['tutorial']) retrieved from /home/ubuntu/redfin/lib/python3.10/site-packages/airflow/example_dags/tutorial.py
[2023-12-03T23:50:03.979+0000] {logging_mixin.py:154} INFO - [2023-12-03T23:50:03.978+0000] {dag.py:2941} INFO - Sync 1 DAGs
[2023-12-03T23:50:04.001+0000] {logging_mixin.py:154} INFO - [2023-12-03T23:50:04.000+0000] {dag.py:3722} INFO - Setting next_dagrun for tutorial to 2023-12-02T23:50:04.000674+00:00, run_after=2023-12-03T23:50:04.000674+00:00
[2023-12-03T23:50:04.024+0000] {processor.py:179} INFO - Processing /home/ubuntu/redfin/lib/python3.10/site-packages/airflow/example_dags/tutorial.py took 0.078 seconds
[2023-12-03T23:50:51.669+0000] {processor.py:157} INFO - Started process (PID=7034) to work on /home/ubuntu/redfin/lib/python3.10/site-packages/airflow/example_dags/tutorial.py
[2023-12-03T23:50:51.671+0000] {processor.py:829} INFO - Processing file /home/ubuntu/redfin/lib/python3.10/site-packages/airflow/example_dags/tutorial.py for tasks to queue
[2023-12-03T23:50:51.672+0000] {logging_mixin.py:154} INFO - [2023-12-03T23:50:51.671+0000] {dagbag.py:536} INFO - Filling up the DagBag from /home/ubuntu/redfin/lib/python3.10/site-packages/airflow/example_dags/tutorial.py
[2023-12-03T23:50:51.680+0000] {processor.py:839} INFO - DAG(s) dict_keys(['tutorial']) retrieved from /home/ubuntu/redfin/lib/python3.10/site-packages/airflow/example_dags/tutorial.py
[2023-12-03T23:50:51.697+0000] {logging_mixin.py:154} INFO - [2023-12-03T23:50:51.697+0000] {dag.py:2941} INFO - Sync 1 DAGs
[2023-12-03T23:50:51.719+0000] {logging_mixin.py:154} INFO - [2023-12-03T23:50:51.719+0000] {dag.py:3722} INFO - Setting next_dagrun for tutorial to 2023-12-02T23:50:51.718939+00:00, run_after=2023-12-03T23:50:51.718939+00:00
[2023-12-03T23:50:51.743+0000] {processor.py:179} INFO - Processing /home/ubuntu/redfin/lib/python3.10/site-packages/airflow/example_dags/tutorial.py took 0.077 seconds
[2023-12-03T23:51:37.192+0000] {processor.py:157} INFO - Started process (PID=7087) to work on /home/ubuntu/redfin/lib/python3.10/site-packages/airflow/example_dags/tutorial.py
[2023-12-03T23:51:37.194+0000] {processor.py:829} INFO - Processing file /home/ubuntu/redfin/lib/python3.10/site-packages/airflow/example_dags/tutorial.py for tasks to queue
[2023-12-03T23:51:37.195+0000] {logging_mixin.py:154} INFO - [2023-12-03T23:51:37.194+0000] {dagbag.py:536} INFO - Filling up the DagBag from /home/ubuntu/redfin/lib/python3.10/site-packages/airflow/example_dags/tutorial.py
[2023-12-03T23:51:37.203+0000] {processor.py:839} INFO - DAG(s) dict_keys(['tutorial']) retrieved from /home/ubuntu/redfin/lib/python3.10/site-packages/airflow/example_dags/tutorial.py
[2023-12-03T23:51:37.220+0000] {logging_mixin.py:154} INFO - [2023-12-03T23:51:37.220+0000] {dag.py:2941} INFO - Sync 1 DAGs
[2023-12-03T23:51:37.242+0000] {logging_mixin.py:154} INFO - [2023-12-03T23:51:37.241+0000] {dag.py:3722} INFO - Setting next_dagrun for tutorial to 2023-12-02T23:51:37.241671+00:00, run_after=2023-12-03T23:51:37.241671+00:00
[2023-12-03T23:51:37.264+0000] {processor.py:179} INFO - Processing /home/ubuntu/redfin/lib/python3.10/site-packages/airflow/example_dags/tutorial.py took 0.075 seconds
[2023-12-03T23:52:29.039+0000] {processor.py:157} INFO - Started process (PID=7141) to work on /home/ubuntu/redfin/lib/python3.10/site-packages/airflow/example_dags/tutorial.py
[2023-12-03T23:52:29.040+0000] {processor.py:829} INFO - Processing file /home/ubuntu/redfin/lib/python3.10/site-packages/airflow/example_dags/tutorial.py for tasks to queue
[2023-12-03T23:52:29.041+0000] {logging_mixin.py:154} INFO - [2023-12-03T23:52:29.041+0000] {dagbag.py:536} INFO - Filling up the DagBag from /home/ubuntu/redfin/lib/python3.10/site-packages/airflow/example_dags/tutorial.py
[2023-12-03T23:52:29.049+0000] {processor.py:839} INFO - DAG(s) dict_keys(['tutorial']) retrieved from /home/ubuntu/redfin/lib/python3.10/site-packages/airflow/example_dags/tutorial.py
[2023-12-03T23:52:29.067+0000] {logging_mixin.py:154} INFO - [2023-12-03T23:52:29.067+0000] {dag.py:2941} INFO - Sync 1 DAGs
[2023-12-03T23:52:29.088+0000] {logging_mixin.py:154} INFO - [2023-12-03T23:52:29.088+0000] {dag.py:3722} INFO - Setting next_dagrun for tutorial to 2023-12-02T23:52:29.088339+00:00, run_after=2023-12-03T23:52:29.088339+00:00
[2023-12-03T23:52:29.113+0000] {processor.py:179} INFO - Processing /home/ubuntu/redfin/lib/python3.10/site-packages/airflow/example_dags/tutorial.py took 0.077 seconds
[2023-12-03T23:53:18.615+0000] {processor.py:157} INFO - Started process (PID=7195) to work on /home/ubuntu/redfin/lib/python3.10/site-packages/airflow/example_dags/tutorial.py
[2023-12-03T23:53:18.617+0000] {processor.py:829} INFO - Processing file /home/ubuntu/redfin/lib/python3.10/site-packages/airflow/example_dags/tutorial.py for tasks to queue
[2023-12-03T23:53:18.618+0000] {logging_mixin.py:154} INFO - [2023-12-03T23:53:18.617+0000] {dagbag.py:536} INFO - Filling up the DagBag from /home/ubuntu/redfin/lib/python3.10/site-packages/airflow/example_dags/tutorial.py
[2023-12-03T23:53:18.625+0000] {processor.py:839} INFO - DAG(s) dict_keys(['tutorial']) retrieved from /home/ubuntu/redfin/lib/python3.10/site-packages/airflow/example_dags/tutorial.py
[2023-12-03T23:53:18.643+0000] {logging_mixin.py:154} INFO - [2023-12-03T23:53:18.643+0000] {dag.py:2941} INFO - Sync 1 DAGs
[2023-12-03T23:53:18.664+0000] {logging_mixin.py:154} INFO - [2023-12-03T23:53:18.664+0000] {dag.py:3722} INFO - Setting next_dagrun for tutorial to 2023-12-02T23:53:18.664319+00:00, run_after=2023-12-03T23:53:18.664319+00:00
[2023-12-03T23:53:18.687+0000] {processor.py:179} INFO - Processing /home/ubuntu/redfin/lib/python3.10/site-packages/airflow/example_dags/tutorial.py took 0.076 seconds
[2023-12-03T23:54:05.532+0000] {processor.py:157} INFO - Started process (PID=7247) to work on /home/ubuntu/redfin/lib/python3.10/site-packages/airflow/example_dags/tutorial.py
[2023-12-03T23:54:05.534+0000] {processor.py:829} INFO - Processing file /home/ubuntu/redfin/lib/python3.10/site-packages/airflow/example_dags/tutorial.py for tasks to queue
[2023-12-03T23:54:05.535+0000] {logging_mixin.py:154} INFO - [2023-12-03T23:54:05.534+0000] {dagbag.py:536} INFO - Filling up the DagBag from /home/ubuntu/redfin/lib/python3.10/site-packages/airflow/example_dags/tutorial.py
[2023-12-03T23:54:05.543+0000] {processor.py:839} INFO - DAG(s) dict_keys(['tutorial']) retrieved from /home/ubuntu/redfin/lib/python3.10/site-packages/airflow/example_dags/tutorial.py
[2023-12-03T23:54:05.560+0000] {logging_mixin.py:154} INFO - [2023-12-03T23:54:05.560+0000] {dag.py:2941} INFO - Sync 1 DAGs
[2023-12-03T23:54:05.581+0000] {logging_mixin.py:154} INFO - [2023-12-03T23:54:05.581+0000] {dag.py:3722} INFO - Setting next_dagrun for tutorial to 2023-12-02T23:54:05.581103+00:00, run_after=2023-12-03T23:54:05.581103+00:00
[2023-12-03T23:54:05.605+0000] {processor.py:179} INFO - Processing /home/ubuntu/redfin/lib/python3.10/site-packages/airflow/example_dags/tutorial.py took 0.076 seconds
[2023-12-03T23:54:53.775+0000] {processor.py:157} INFO - Started process (PID=7301) to work on /home/ubuntu/redfin/lib/python3.10/site-packages/airflow/example_dags/tutorial.py
[2023-12-03T23:54:53.777+0000] {processor.py:829} INFO - Processing file /home/ubuntu/redfin/lib/python3.10/site-packages/airflow/example_dags/tutorial.py for tasks to queue
[2023-12-03T23:54:53.778+0000] {logging_mixin.py:154} INFO - [2023-12-03T23:54:53.777+0000] {dagbag.py:536} INFO - Filling up the DagBag from /home/ubuntu/redfin/lib/python3.10/site-packages/airflow/example_dags/tutorial.py
[2023-12-03T23:54:53.786+0000] {processor.py:839} INFO - DAG(s) dict_keys(['tutorial']) retrieved from /home/ubuntu/redfin/lib/python3.10/site-packages/airflow/example_dags/tutorial.py
[2023-12-03T23:54:53.804+0000] {logging_mixin.py:154} INFO - [2023-12-03T23:54:53.804+0000] {dag.py:2941} INFO - Sync 1 DAGs
[2023-12-03T23:54:53.827+0000] {logging_mixin.py:154} INFO - [2023-12-03T23:54:53.826+0000] {dag.py:3722} INFO - Setting next_dagrun for tutorial to 2023-12-02T23:54:53.826665+00:00, run_after=2023-12-03T23:54:53.826665+00:00
[2023-12-03T23:54:53.850+0000] {processor.py:179} INFO - Processing /home/ubuntu/redfin/lib/python3.10/site-packages/airflow/example_dags/tutorial.py took 0.079 seconds
[2023-12-03T23:55:40.511+0000] {processor.py:157} INFO - Started process (PID=7352) to work on /home/ubuntu/redfin/lib/python3.10/site-packages/airflow/example_dags/tutorial.py
[2023-12-03T23:55:40.513+0000] {processor.py:829} INFO - Processing file /home/ubuntu/redfin/lib/python3.10/site-packages/airflow/example_dags/tutorial.py for tasks to queue
[2023-12-03T23:55:40.514+0000] {logging_mixin.py:154} INFO - [2023-12-03T23:55:40.513+0000] {dagbag.py:536} INFO - Filling up the DagBag from /home/ubuntu/redfin/lib/python3.10/site-packages/airflow/example_dags/tutorial.py
[2023-12-03T23:55:40.522+0000] {processor.py:839} INFO - DAG(s) dict_keys(['tutorial']) retrieved from /home/ubuntu/redfin/lib/python3.10/site-packages/airflow/example_dags/tutorial.py
[2023-12-03T23:55:40.540+0000] {logging_mixin.py:154} INFO - [2023-12-03T23:55:40.540+0000] {dag.py:2941} INFO - Sync 1 DAGs
[2023-12-03T23:55:40.562+0000] {logging_mixin.py:154} INFO - [2023-12-03T23:55:40.562+0000] {dag.py:3722} INFO - Setting next_dagrun for tutorial to 2023-12-02T23:55:40.562049+00:00, run_after=2023-12-03T23:55:40.562049+00:00
[2023-12-03T23:55:40.586+0000] {processor.py:179} INFO - Processing /home/ubuntu/redfin/lib/python3.10/site-packages/airflow/example_dags/tutorial.py took 0.079 seconds
[2023-12-03T23:56:30.641+0000] {processor.py:157} INFO - Started process (PID=7407) to work on /home/ubuntu/redfin/lib/python3.10/site-packages/airflow/example_dags/tutorial.py
[2023-12-03T23:56:30.642+0000] {processor.py:829} INFO - Processing file /home/ubuntu/redfin/lib/python3.10/site-packages/airflow/example_dags/tutorial.py for tasks to queue
[2023-12-03T23:56:30.643+0000] {logging_mixin.py:154} INFO - [2023-12-03T23:56:30.643+0000] {dagbag.py:536} INFO - Filling up the DagBag from /home/ubuntu/redfin/lib/python3.10/site-packages/airflow/example_dags/tutorial.py
[2023-12-03T23:56:30.651+0000] {processor.py:839} INFO - DAG(s) dict_keys(['tutorial']) retrieved from /home/ubuntu/redfin/lib/python3.10/site-packages/airflow/example_dags/tutorial.py
[2023-12-03T23:56:30.670+0000] {logging_mixin.py:154} INFO - [2023-12-03T23:56:30.670+0000] {dag.py:2941} INFO - Sync 1 DAGs
[2023-12-03T23:56:30.693+0000] {logging_mixin.py:154} INFO - [2023-12-03T23:56:30.693+0000] {dag.py:3722} INFO - Setting next_dagrun for tutorial to 2023-12-02T23:56:30.692790+00:00, run_after=2023-12-03T23:56:30.692790+00:00
[2023-12-03T23:56:30.718+0000] {processor.py:179} INFO - Processing /home/ubuntu/redfin/lib/python3.10/site-packages/airflow/example_dags/tutorial.py took 0.081 seconds
[2023-12-03T23:57:17.705+0000] {processor.py:157} INFO - Started process (PID=7459) to work on /home/ubuntu/redfin/lib/python3.10/site-packages/airflow/example_dags/tutorial.py
[2023-12-03T23:57:17.707+0000] {processor.py:829} INFO - Processing file /home/ubuntu/redfin/lib/python3.10/site-packages/airflow/example_dags/tutorial.py for tasks to queue
[2023-12-03T23:57:17.708+0000] {logging_mixin.py:154} INFO - [2023-12-03T23:57:17.707+0000] {dagbag.py:536} INFO - Filling up the DagBag from /home/ubuntu/redfin/lib/python3.10/site-packages/airflow/example_dags/tutorial.py
[2023-12-03T23:57:17.715+0000] {processor.py:839} INFO - DAG(s) dict_keys(['tutorial']) retrieved from /home/ubuntu/redfin/lib/python3.10/site-packages/airflow/example_dags/tutorial.py
[2023-12-03T23:57:17.733+0000] {logging_mixin.py:154} INFO - [2023-12-03T23:57:17.733+0000] {dag.py:2941} INFO - Sync 1 DAGs
[2023-12-03T23:57:17.755+0000] {logging_mixin.py:154} INFO - [2023-12-03T23:57:17.755+0000] {dag.py:3722} INFO - Setting next_dagrun for tutorial to 2023-12-02T23:57:17.754821+00:00, run_after=2023-12-03T23:57:17.754821+00:00
[2023-12-03T23:57:17.779+0000] {processor.py:179} INFO - Processing /home/ubuntu/redfin/lib/python3.10/site-packages/airflow/example_dags/tutorial.py took 0.078 seconds
[2023-12-03T23:58:01.664+0000] {processor.py:157} INFO - Started process (PID=7508) to work on /home/ubuntu/redfin/lib/python3.10/site-packages/airflow/example_dags/tutorial.py
[2023-12-03T23:58:01.665+0000] {processor.py:829} INFO - Processing file /home/ubuntu/redfin/lib/python3.10/site-packages/airflow/example_dags/tutorial.py for tasks to queue
[2023-12-03T23:58:01.666+0000] {logging_mixin.py:154} INFO - [2023-12-03T23:58:01.666+0000] {dagbag.py:536} INFO - Filling up the DagBag from /home/ubuntu/redfin/lib/python3.10/site-packages/airflow/example_dags/tutorial.py
[2023-12-03T23:58:01.674+0000] {processor.py:839} INFO - DAG(s) dict_keys(['tutorial']) retrieved from /home/ubuntu/redfin/lib/python3.10/site-packages/airflow/example_dags/tutorial.py
[2023-12-03T23:58:01.693+0000] {logging_mixin.py:154} INFO - [2023-12-03T23:58:01.693+0000] {dag.py:2941} INFO - Sync 1 DAGs
[2023-12-03T23:58:01.716+0000] {logging_mixin.py:154} INFO - [2023-12-03T23:58:01.716+0000] {dag.py:3722} INFO - Setting next_dagrun for tutorial to 2023-12-02T23:58:01.716015+00:00, run_after=2023-12-03T23:58:01.716015+00:00
[2023-12-03T23:58:01.744+0000] {processor.py:179} INFO - Processing /home/ubuntu/redfin/lib/python3.10/site-packages/airflow/example_dags/tutorial.py took 0.084 seconds
[2023-12-03T23:58:46.385+0000] {processor.py:157} INFO - Started process (PID=7561) to work on /home/ubuntu/redfin/lib/python3.10/site-packages/airflow/example_dags/tutorial.py
[2023-12-03T23:58:46.387+0000] {processor.py:829} INFO - Processing file /home/ubuntu/redfin/lib/python3.10/site-packages/airflow/example_dags/tutorial.py for tasks to queue
[2023-12-03T23:58:46.387+0000] {logging_mixin.py:154} INFO - [2023-12-03T23:58:46.387+0000] {dagbag.py:536} INFO - Filling up the DagBag from /home/ubuntu/redfin/lib/python3.10/site-packages/airflow/example_dags/tutorial.py
[2023-12-03T23:58:46.395+0000] {processor.py:839} INFO - DAG(s) dict_keys(['tutorial']) retrieved from /home/ubuntu/redfin/lib/python3.10/site-packages/airflow/example_dags/tutorial.py
[2023-12-03T23:58:46.413+0000] {logging_mixin.py:154} INFO - [2023-12-03T23:58:46.412+0000] {dag.py:2941} INFO - Sync 1 DAGs
[2023-12-03T23:58:46.435+0000] {logging_mixin.py:154} INFO - [2023-12-03T23:58:46.435+0000] {dag.py:3722} INFO - Setting next_dagrun for tutorial to 2023-12-02T23:58:46.434854+00:00, run_after=2023-12-03T23:58:46.434854+00:00
[2023-12-03T23:58:46.458+0000] {processor.py:179} INFO - Processing /home/ubuntu/redfin/lib/python3.10/site-packages/airflow/example_dags/tutorial.py took 0.077 seconds
[2023-12-03T23:59:34.344+0000] {processor.py:157} INFO - Started process (PID=7613) to work on /home/ubuntu/redfin/lib/python3.10/site-packages/airflow/example_dags/tutorial.py
[2023-12-03T23:59:34.345+0000] {processor.py:829} INFO - Processing file /home/ubuntu/redfin/lib/python3.10/site-packages/airflow/example_dags/tutorial.py for tasks to queue
[2023-12-03T23:59:34.346+0000] {logging_mixin.py:154} INFO - [2023-12-03T23:59:34.346+0000] {dagbag.py:536} INFO - Filling up the DagBag from /home/ubuntu/redfin/lib/python3.10/site-packages/airflow/example_dags/tutorial.py
[2023-12-03T23:59:34.353+0000] {processor.py:839} INFO - DAG(s) dict_keys(['tutorial']) retrieved from /home/ubuntu/redfin/lib/python3.10/site-packages/airflow/example_dags/tutorial.py
[2023-12-03T23:59:34.371+0000] {logging_mixin.py:154} INFO - [2023-12-03T23:59:34.371+0000] {dag.py:2941} INFO - Sync 1 DAGs
[2023-12-03T23:59:34.392+0000] {logging_mixin.py:154} INFO - [2023-12-03T23:59:34.392+0000] {dag.py:3722} INFO - Setting next_dagrun for tutorial to 2023-12-02T23:59:34.392262+00:00, run_after=2023-12-03T23:59:34.392262+00:00
[2023-12-03T23:59:34.414+0000] {processor.py:179} INFO - Processing /home/ubuntu/redfin/lib/python3.10/site-packages/airflow/example_dags/tutorial.py took 0.074 seconds
