[2023-12-03T23:07:52.959+0000] {processor.py:157} INFO - Started process (PID=3755) to work on /home/ubuntu/redfin/lib/python3.10/site-packages/airflow/example_dags/tutorial_taskflow_api.py
[2023-12-03T23:07:52.960+0000] {processor.py:829} INFO - Processing file /home/ubuntu/redfin/lib/python3.10/site-packages/airflow/example_dags/tutorial_taskflow_api.py for tasks to queue
[2023-12-03T23:07:52.961+0000] {logging_mixin.py:154} INFO - [2023-12-03T23:07:52.961+0000] {dagbag.py:536} INFO - Filling up the DagBag from /home/ubuntu/redfin/lib/python3.10/site-packages/airflow/example_dags/tutorial_taskflow_api.py
[2023-12-03T23:07:52.968+0000] {processor.py:839} INFO - DAG(s) dict_keys(['tutorial_taskflow_api']) retrieved from /home/ubuntu/redfin/lib/python3.10/site-packages/airflow/example_dags/tutorial_taskflow_api.py
[2023-12-03T23:07:53.084+0000] {logging_mixin.py:154} INFO - [2023-12-03T23:07:53.083+0000] {manager.py:499} INFO - Created Permission View: %s
[2023-12-03T23:07:53.097+0000] {logging_mixin.py:154} INFO - [2023-12-03T23:07:53.097+0000] {manager.py:499} INFO - Created Permission View: %s
[2023-12-03T23:07:53.107+0000] {logging_mixin.py:154} INFO - [2023-12-03T23:07:53.107+0000] {manager.py:499} INFO - Created Permission View: %s
[2023-12-03T23:07:53.108+0000] {logging_mixin.py:154} INFO - [2023-12-03T23:07:53.108+0000] {dag.py:2941} INFO - Sync 1 DAGs
[2023-12-03T23:07:53.120+0000] {logging_mixin.py:154} INFO - [2023-12-03T23:07:53.120+0000] {dag.py:2963} INFO - Creating ORM DAG for tutorial_taskflow_api
[2023-12-03T23:07:53.121+0000] {logging_mixin.py:154} INFO - [2023-12-03T23:07:53.120+0000] {dag.py:3722} INFO - Setting next_dagrun for tutorial_taskflow_api to None, run_after=None
[2023-12-03T23:07:53.145+0000] {processor.py:179} INFO - Processing /home/ubuntu/redfin/lib/python3.10/site-packages/airflow/example_dags/tutorial_taskflow_api.py took 0.190 seconds
[2023-12-03T23:08:44.343+0000] {processor.py:157} INFO - Started process (PID=3805) to work on /home/ubuntu/redfin/lib/python3.10/site-packages/airflow/example_dags/tutorial_taskflow_api.py
[2023-12-03T23:08:44.344+0000] {processor.py:829} INFO - Processing file /home/ubuntu/redfin/lib/python3.10/site-packages/airflow/example_dags/tutorial_taskflow_api.py for tasks to queue
[2023-12-03T23:08:44.345+0000] {logging_mixin.py:154} INFO - [2023-12-03T23:08:44.345+0000] {dagbag.py:536} INFO - Filling up the DagBag from /home/ubuntu/redfin/lib/python3.10/site-packages/airflow/example_dags/tutorial_taskflow_api.py
[2023-12-03T23:08:44.354+0000] {processor.py:839} INFO - DAG(s) dict_keys(['tutorial_taskflow_api']) retrieved from /home/ubuntu/redfin/lib/python3.10/site-packages/airflow/example_dags/tutorial_taskflow_api.py
[2023-12-03T23:08:44.374+0000] {logging_mixin.py:154} INFO - [2023-12-03T23:08:44.373+0000] {dag.py:2941} INFO - Sync 1 DAGs
[2023-12-03T23:08:44.387+0000] {logging_mixin.py:154} INFO - [2023-12-03T23:08:44.387+0000] {dag.py:3722} INFO - Setting next_dagrun for tutorial_taskflow_api to None, run_after=None
[2023-12-03T23:08:44.411+0000] {processor.py:179} INFO - Processing /home/ubuntu/redfin/lib/python3.10/site-packages/airflow/example_dags/tutorial_taskflow_api.py took 0.072 seconds
[2023-12-03T23:09:30.394+0000] {processor.py:157} INFO - Started process (PID=3854) to work on /home/ubuntu/redfin/lib/python3.10/site-packages/airflow/example_dags/tutorial_taskflow_api.py
[2023-12-03T23:09:30.396+0000] {processor.py:829} INFO - Processing file /home/ubuntu/redfin/lib/python3.10/site-packages/airflow/example_dags/tutorial_taskflow_api.py for tasks to queue
[2023-12-03T23:09:30.397+0000] {logging_mixin.py:154} INFO - [2023-12-03T23:09:30.396+0000] {dagbag.py:536} INFO - Filling up the DagBag from /home/ubuntu/redfin/lib/python3.10/site-packages/airflow/example_dags/tutorial_taskflow_api.py
[2023-12-03T23:09:30.404+0000] {processor.py:839} INFO - DAG(s) dict_keys(['tutorial_taskflow_api']) retrieved from /home/ubuntu/redfin/lib/python3.10/site-packages/airflow/example_dags/tutorial_taskflow_api.py
[2023-12-03T23:09:30.422+0000] {logging_mixin.py:154} INFO - [2023-12-03T23:09:30.422+0000] {dag.py:2941} INFO - Sync 1 DAGs
[2023-12-03T23:09:30.436+0000] {logging_mixin.py:154} INFO - [2023-12-03T23:09:30.435+0000] {dag.py:3722} INFO - Setting next_dagrun for tutorial_taskflow_api to None, run_after=None
[2023-12-03T23:09:30.459+0000] {processor.py:179} INFO - Processing /home/ubuntu/redfin/lib/python3.10/site-packages/airflow/example_dags/tutorial_taskflow_api.py took 0.068 seconds
[2023-12-03T23:10:17.078+0000] {processor.py:157} INFO - Started process (PID=3905) to work on /home/ubuntu/redfin/lib/python3.10/site-packages/airflow/example_dags/tutorial_taskflow_api.py
[2023-12-03T23:10:17.080+0000] {processor.py:829} INFO - Processing file /home/ubuntu/redfin/lib/python3.10/site-packages/airflow/example_dags/tutorial_taskflow_api.py for tasks to queue
[2023-12-03T23:10:17.081+0000] {logging_mixin.py:154} INFO - [2023-12-03T23:10:17.080+0000] {dagbag.py:536} INFO - Filling up the DagBag from /home/ubuntu/redfin/lib/python3.10/site-packages/airflow/example_dags/tutorial_taskflow_api.py
[2023-12-03T23:10:17.088+0000] {processor.py:839} INFO - DAG(s) dict_keys(['tutorial_taskflow_api']) retrieved from /home/ubuntu/redfin/lib/python3.10/site-packages/airflow/example_dags/tutorial_taskflow_api.py
[2023-12-03T23:10:17.107+0000] {logging_mixin.py:154} INFO - [2023-12-03T23:10:17.107+0000] {dag.py:2941} INFO - Sync 1 DAGs
[2023-12-03T23:10:17.119+0000] {logging_mixin.py:154} INFO - [2023-12-03T23:10:17.119+0000] {dag.py:3722} INFO - Setting next_dagrun for tutorial_taskflow_api to None, run_after=None
[2023-12-03T23:10:17.142+0000] {processor.py:179} INFO - Processing /home/ubuntu/redfin/lib/python3.10/site-packages/airflow/example_dags/tutorial_taskflow_api.py took 0.068 seconds
[2023-12-03T23:11:02.713+0000] {processor.py:157} INFO - Started process (PID=3954) to work on /home/ubuntu/redfin/lib/python3.10/site-packages/airflow/example_dags/tutorial_taskflow_api.py
[2023-12-03T23:11:02.714+0000] {processor.py:829} INFO - Processing file /home/ubuntu/redfin/lib/python3.10/site-packages/airflow/example_dags/tutorial_taskflow_api.py for tasks to queue
[2023-12-03T23:11:02.715+0000] {logging_mixin.py:154} INFO - [2023-12-03T23:11:02.715+0000] {dagbag.py:536} INFO - Filling up the DagBag from /home/ubuntu/redfin/lib/python3.10/site-packages/airflow/example_dags/tutorial_taskflow_api.py
[2023-12-03T23:11:02.723+0000] {processor.py:839} INFO - DAG(s) dict_keys(['tutorial_taskflow_api']) retrieved from /home/ubuntu/redfin/lib/python3.10/site-packages/airflow/example_dags/tutorial_taskflow_api.py
[2023-12-03T23:11:02.742+0000] {logging_mixin.py:154} INFO - [2023-12-03T23:11:02.742+0000] {dag.py:2941} INFO - Sync 1 DAGs
[2023-12-03T23:11:02.755+0000] {logging_mixin.py:154} INFO - [2023-12-03T23:11:02.754+0000] {dag.py:3722} INFO - Setting next_dagrun for tutorial_taskflow_api to None, run_after=None
[2023-12-03T23:11:02.777+0000] {processor.py:179} INFO - Processing /home/ubuntu/redfin/lib/python3.10/site-packages/airflow/example_dags/tutorial_taskflow_api.py took 0.068 seconds
[2023-12-03T23:11:49.904+0000] {processor.py:157} INFO - Started process (PID=4009) to work on /home/ubuntu/redfin/lib/python3.10/site-packages/airflow/example_dags/tutorial_taskflow_api.py
[2023-12-03T23:11:49.906+0000] {processor.py:829} INFO - Processing file /home/ubuntu/redfin/lib/python3.10/site-packages/airflow/example_dags/tutorial_taskflow_api.py for tasks to queue
[2023-12-03T23:11:49.907+0000] {logging_mixin.py:154} INFO - [2023-12-03T23:11:49.906+0000] {dagbag.py:536} INFO - Filling up the DagBag from /home/ubuntu/redfin/lib/python3.10/site-packages/airflow/example_dags/tutorial_taskflow_api.py
[2023-12-03T23:11:49.915+0000] {processor.py:839} INFO - DAG(s) dict_keys(['tutorial_taskflow_api']) retrieved from /home/ubuntu/redfin/lib/python3.10/site-packages/airflow/example_dags/tutorial_taskflow_api.py
[2023-12-03T23:11:49.934+0000] {logging_mixin.py:154} INFO - [2023-12-03T23:11:49.934+0000] {dag.py:2941} INFO - Sync 1 DAGs
[2023-12-03T23:11:49.947+0000] {logging_mixin.py:154} INFO - [2023-12-03T23:11:49.947+0000] {dag.py:3722} INFO - Setting next_dagrun for tutorial_taskflow_api to None, run_after=None
[2023-12-03T23:11:49.971+0000] {processor.py:179} INFO - Processing /home/ubuntu/redfin/lib/python3.10/site-packages/airflow/example_dags/tutorial_taskflow_api.py took 0.070 seconds
[2023-12-03T23:12:35.595+0000] {processor.py:157} INFO - Started process (PID=4058) to work on /home/ubuntu/redfin/lib/python3.10/site-packages/airflow/example_dags/tutorial_taskflow_api.py
[2023-12-03T23:12:35.596+0000] {processor.py:829} INFO - Processing file /home/ubuntu/redfin/lib/python3.10/site-packages/airflow/example_dags/tutorial_taskflow_api.py for tasks to queue
[2023-12-03T23:12:35.597+0000] {logging_mixin.py:154} INFO - [2023-12-03T23:12:35.597+0000] {dagbag.py:536} INFO - Filling up the DagBag from /home/ubuntu/redfin/lib/python3.10/site-packages/airflow/example_dags/tutorial_taskflow_api.py
[2023-12-03T23:12:35.605+0000] {processor.py:839} INFO - DAG(s) dict_keys(['tutorial_taskflow_api']) retrieved from /home/ubuntu/redfin/lib/python3.10/site-packages/airflow/example_dags/tutorial_taskflow_api.py
[2023-12-03T23:12:35.623+0000] {logging_mixin.py:154} INFO - [2023-12-03T23:12:35.623+0000] {dag.py:2941} INFO - Sync 1 DAGs
[2023-12-03T23:12:35.636+0000] {logging_mixin.py:154} INFO - [2023-12-03T23:12:35.636+0000] {dag.py:3722} INFO - Setting next_dagrun for tutorial_taskflow_api to None, run_after=None
[2023-12-03T23:12:35.660+0000] {processor.py:179} INFO - Processing /home/ubuntu/redfin/lib/python3.10/site-packages/airflow/example_dags/tutorial_taskflow_api.py took 0.068 seconds
[2023-12-03T23:13:22.432+0000] {processor.py:157} INFO - Started process (PID=4109) to work on /home/ubuntu/redfin/lib/python3.10/site-packages/airflow/example_dags/tutorial_taskflow_api.py
[2023-12-03T23:13:22.433+0000] {processor.py:829} INFO - Processing file /home/ubuntu/redfin/lib/python3.10/site-packages/airflow/example_dags/tutorial_taskflow_api.py for tasks to queue
[2023-12-03T23:13:22.434+0000] {logging_mixin.py:154} INFO - [2023-12-03T23:13:22.434+0000] {dagbag.py:536} INFO - Filling up the DagBag from /home/ubuntu/redfin/lib/python3.10/site-packages/airflow/example_dags/tutorial_taskflow_api.py
[2023-12-03T23:13:22.442+0000] {processor.py:839} INFO - DAG(s) dict_keys(['tutorial_taskflow_api']) retrieved from /home/ubuntu/redfin/lib/python3.10/site-packages/airflow/example_dags/tutorial_taskflow_api.py
[2023-12-03T23:13:22.460+0000] {logging_mixin.py:154} INFO - [2023-12-03T23:13:22.460+0000] {dag.py:2941} INFO - Sync 1 DAGs
[2023-12-03T23:13:22.472+0000] {logging_mixin.py:154} INFO - [2023-12-03T23:13:22.472+0000] {dag.py:3722} INFO - Setting next_dagrun for tutorial_taskflow_api to None, run_after=None
[2023-12-03T23:13:22.494+0000] {processor.py:179} INFO - Processing /home/ubuntu/redfin/lib/python3.10/site-packages/airflow/example_dags/tutorial_taskflow_api.py took 0.066 seconds
[2023-12-03T23:14:07.589+0000] {processor.py:157} INFO - Started process (PID=4158) to work on /home/ubuntu/redfin/lib/python3.10/site-packages/airflow/example_dags/tutorial_taskflow_api.py
[2023-12-03T23:14:07.591+0000] {processor.py:829} INFO - Processing file /home/ubuntu/redfin/lib/python3.10/site-packages/airflow/example_dags/tutorial_taskflow_api.py for tasks to queue
[2023-12-03T23:14:07.592+0000] {logging_mixin.py:154} INFO - [2023-12-03T23:14:07.591+0000] {dagbag.py:536} INFO - Filling up the DagBag from /home/ubuntu/redfin/lib/python3.10/site-packages/airflow/example_dags/tutorial_taskflow_api.py
[2023-12-03T23:14:07.599+0000] {processor.py:839} INFO - DAG(s) dict_keys(['tutorial_taskflow_api']) retrieved from /home/ubuntu/redfin/lib/python3.10/site-packages/airflow/example_dags/tutorial_taskflow_api.py
[2023-12-03T23:14:07.618+0000] {logging_mixin.py:154} INFO - [2023-12-03T23:14:07.617+0000] {dag.py:2941} INFO - Sync 1 DAGs
[2023-12-03T23:14:07.631+0000] {logging_mixin.py:154} INFO - [2023-12-03T23:14:07.630+0000] {dag.py:3722} INFO - Setting next_dagrun for tutorial_taskflow_api to None, run_after=None
[2023-12-03T23:14:07.653+0000] {processor.py:179} INFO - Processing /home/ubuntu/redfin/lib/python3.10/site-packages/airflow/example_dags/tutorial_taskflow_api.py took 0.068 seconds
[2023-12-03T23:14:55.429+0000] {processor.py:157} INFO - Started process (PID=4210) to work on /home/ubuntu/redfin/lib/python3.10/site-packages/airflow/example_dags/tutorial_taskflow_api.py
[2023-12-03T23:14:55.430+0000] {processor.py:829} INFO - Processing file /home/ubuntu/redfin/lib/python3.10/site-packages/airflow/example_dags/tutorial_taskflow_api.py for tasks to queue
[2023-12-03T23:14:55.431+0000] {logging_mixin.py:154} INFO - [2023-12-03T23:14:55.431+0000] {dagbag.py:536} INFO - Filling up the DagBag from /home/ubuntu/redfin/lib/python3.10/site-packages/airflow/example_dags/tutorial_taskflow_api.py
[2023-12-03T23:14:55.439+0000] {processor.py:839} INFO - DAG(s) dict_keys(['tutorial_taskflow_api']) retrieved from /home/ubuntu/redfin/lib/python3.10/site-packages/airflow/example_dags/tutorial_taskflow_api.py
[2023-12-03T23:14:55.457+0000] {logging_mixin.py:154} INFO - [2023-12-03T23:14:55.457+0000] {dag.py:2941} INFO - Sync 1 DAGs
[2023-12-03T23:14:55.470+0000] {logging_mixin.py:154} INFO - [2023-12-03T23:14:55.470+0000] {dag.py:3722} INFO - Setting next_dagrun for tutorial_taskflow_api to None, run_after=None
[2023-12-03T23:14:55.494+0000] {processor.py:179} INFO - Processing /home/ubuntu/redfin/lib/python3.10/site-packages/airflow/example_dags/tutorial_taskflow_api.py took 0.068 seconds
[2023-12-03T23:15:45.446+0000] {processor.py:157} INFO - Started process (PID=4266) to work on /home/ubuntu/redfin/lib/python3.10/site-packages/airflow/example_dags/tutorial_taskflow_api.py
[2023-12-03T23:15:45.447+0000] {processor.py:829} INFO - Processing file /home/ubuntu/redfin/lib/python3.10/site-packages/airflow/example_dags/tutorial_taskflow_api.py for tasks to queue
[2023-12-03T23:15:45.448+0000] {logging_mixin.py:154} INFO - [2023-12-03T23:15:45.448+0000] {dagbag.py:536} INFO - Filling up the DagBag from /home/ubuntu/redfin/lib/python3.10/site-packages/airflow/example_dags/tutorial_taskflow_api.py
[2023-12-03T23:15:45.456+0000] {processor.py:839} INFO - DAG(s) dict_keys(['tutorial_taskflow_api']) retrieved from /home/ubuntu/redfin/lib/python3.10/site-packages/airflow/example_dags/tutorial_taskflow_api.py
[2023-12-03T23:15:45.474+0000] {logging_mixin.py:154} INFO - [2023-12-03T23:15:45.474+0000] {dag.py:2941} INFO - Sync 1 DAGs
[2023-12-03T23:15:45.487+0000] {logging_mixin.py:154} INFO - [2023-12-03T23:15:45.487+0000] {dag.py:3722} INFO - Setting next_dagrun for tutorial_taskflow_api to None, run_after=None
[2023-12-03T23:15:45.511+0000] {processor.py:179} INFO - Processing /home/ubuntu/redfin/lib/python3.10/site-packages/airflow/example_dags/tutorial_taskflow_api.py took 0.069 seconds
[2023-12-03T23:16:33.245+0000] {processor.py:157} INFO - Started process (PID=4317) to work on /home/ubuntu/redfin/lib/python3.10/site-packages/airflow/example_dags/tutorial_taskflow_api.py
[2023-12-03T23:16:33.247+0000] {processor.py:829} INFO - Processing file /home/ubuntu/redfin/lib/python3.10/site-packages/airflow/example_dags/tutorial_taskflow_api.py for tasks to queue
[2023-12-03T23:16:33.248+0000] {logging_mixin.py:154} INFO - [2023-12-03T23:16:33.247+0000] {dagbag.py:536} INFO - Filling up the DagBag from /home/ubuntu/redfin/lib/python3.10/site-packages/airflow/example_dags/tutorial_taskflow_api.py
[2023-12-03T23:16:33.255+0000] {processor.py:839} INFO - DAG(s) dict_keys(['tutorial_taskflow_api']) retrieved from /home/ubuntu/redfin/lib/python3.10/site-packages/airflow/example_dags/tutorial_taskflow_api.py
[2023-12-03T23:16:33.273+0000] {logging_mixin.py:154} INFO - [2023-12-03T23:16:33.273+0000] {dag.py:2941} INFO - Sync 1 DAGs
[2023-12-03T23:16:33.286+0000] {logging_mixin.py:154} INFO - [2023-12-03T23:16:33.286+0000] {dag.py:3722} INFO - Setting next_dagrun for tutorial_taskflow_api to None, run_after=None
[2023-12-03T23:16:33.309+0000] {processor.py:179} INFO - Processing /home/ubuntu/redfin/lib/python3.10/site-packages/airflow/example_dags/tutorial_taskflow_api.py took 0.067 seconds
[2023-12-03T23:17:19.983+0000] {processor.py:157} INFO - Started process (PID=4374) to work on /home/ubuntu/redfin/lib/python3.10/site-packages/airflow/example_dags/tutorial_taskflow_api.py
[2023-12-03T23:17:19.984+0000] {processor.py:829} INFO - Processing file /home/ubuntu/redfin/lib/python3.10/site-packages/airflow/example_dags/tutorial_taskflow_api.py for tasks to queue
[2023-12-03T23:17:19.985+0000] {logging_mixin.py:154} INFO - [2023-12-03T23:17:19.985+0000] {dagbag.py:536} INFO - Filling up the DagBag from /home/ubuntu/redfin/lib/python3.10/site-packages/airflow/example_dags/tutorial_taskflow_api.py
[2023-12-03T23:17:19.993+0000] {processor.py:839} INFO - DAG(s) dict_keys(['tutorial_taskflow_api']) retrieved from /home/ubuntu/redfin/lib/python3.10/site-packages/airflow/example_dags/tutorial_taskflow_api.py
[2023-12-03T23:17:20.011+0000] {logging_mixin.py:154} INFO - [2023-12-03T23:17:20.011+0000] {dag.py:2941} INFO - Sync 1 DAGs
[2023-12-03T23:17:20.026+0000] {logging_mixin.py:154} INFO - [2023-12-03T23:17:20.025+0000] {dag.py:3722} INFO - Setting next_dagrun for tutorial_taskflow_api to None, run_after=None
[2023-12-03T23:17:20.050+0000] {processor.py:179} INFO - Processing /home/ubuntu/redfin/lib/python3.10/site-packages/airflow/example_dags/tutorial_taskflow_api.py took 0.071 seconds
[2023-12-03T23:18:04.787+0000] {processor.py:157} INFO - Started process (PID=4423) to work on /home/ubuntu/redfin/lib/python3.10/site-packages/airflow/example_dags/tutorial_taskflow_api.py
[2023-12-03T23:18:04.788+0000] {processor.py:829} INFO - Processing file /home/ubuntu/redfin/lib/python3.10/site-packages/airflow/example_dags/tutorial_taskflow_api.py for tasks to queue
[2023-12-03T23:18:04.789+0000] {logging_mixin.py:154} INFO - [2023-12-03T23:18:04.789+0000] {dagbag.py:536} INFO - Filling up the DagBag from /home/ubuntu/redfin/lib/python3.10/site-packages/airflow/example_dags/tutorial_taskflow_api.py
[2023-12-03T23:18:04.797+0000] {processor.py:839} INFO - DAG(s) dict_keys(['tutorial_taskflow_api']) retrieved from /home/ubuntu/redfin/lib/python3.10/site-packages/airflow/example_dags/tutorial_taskflow_api.py
[2023-12-03T23:18:04.815+0000] {logging_mixin.py:154} INFO - [2023-12-03T23:18:04.815+0000] {dag.py:2941} INFO - Sync 1 DAGs
[2023-12-03T23:18:04.828+0000] {logging_mixin.py:154} INFO - [2023-12-03T23:18:04.828+0000] {dag.py:3722} INFO - Setting next_dagrun for tutorial_taskflow_api to None, run_after=None
[2023-12-03T23:18:04.851+0000] {processor.py:179} INFO - Processing /home/ubuntu/redfin/lib/python3.10/site-packages/airflow/example_dags/tutorial_taskflow_api.py took 0.068 seconds
[2023-12-03T23:18:48.962+0000] {processor.py:157} INFO - Started process (PID=4474) to work on /home/ubuntu/redfin/lib/python3.10/site-packages/airflow/example_dags/tutorial_taskflow_api.py
[2023-12-03T23:18:48.963+0000] {processor.py:829} INFO - Processing file /home/ubuntu/redfin/lib/python3.10/site-packages/airflow/example_dags/tutorial_taskflow_api.py for tasks to queue
[2023-12-03T23:18:48.964+0000] {logging_mixin.py:154} INFO - [2023-12-03T23:18:48.964+0000] {dagbag.py:536} INFO - Filling up the DagBag from /home/ubuntu/redfin/lib/python3.10/site-packages/airflow/example_dags/tutorial_taskflow_api.py
[2023-12-03T23:18:48.971+0000] {processor.py:839} INFO - DAG(s) dict_keys(['tutorial_taskflow_api']) retrieved from /home/ubuntu/redfin/lib/python3.10/site-packages/airflow/example_dags/tutorial_taskflow_api.py
[2023-12-03T23:18:48.989+0000] {logging_mixin.py:154} INFO - [2023-12-03T23:18:48.989+0000] {dag.py:2941} INFO - Sync 1 DAGs
[2023-12-03T23:18:49.003+0000] {logging_mixin.py:154} INFO - [2023-12-03T23:18:49.003+0000] {dag.py:3722} INFO - Setting next_dagrun for tutorial_taskflow_api to None, run_after=None
[2023-12-03T23:18:49.026+0000] {processor.py:179} INFO - Processing /home/ubuntu/redfin/lib/python3.10/site-packages/airflow/example_dags/tutorial_taskflow_api.py took 0.067 seconds
[2023-12-03T23:19:32.533+0000] {processor.py:157} INFO - Started process (PID=4521) to work on /home/ubuntu/redfin/lib/python3.10/site-packages/airflow/example_dags/tutorial_taskflow_api.py
[2023-12-03T23:19:32.534+0000] {processor.py:829} INFO - Processing file /home/ubuntu/redfin/lib/python3.10/site-packages/airflow/example_dags/tutorial_taskflow_api.py for tasks to queue
[2023-12-03T23:19:32.535+0000] {logging_mixin.py:154} INFO - [2023-12-03T23:19:32.535+0000] {dagbag.py:536} INFO - Filling up the DagBag from /home/ubuntu/redfin/lib/python3.10/site-packages/airflow/example_dags/tutorial_taskflow_api.py
[2023-12-03T23:19:32.543+0000] {processor.py:839} INFO - DAG(s) dict_keys(['tutorial_taskflow_api']) retrieved from /home/ubuntu/redfin/lib/python3.10/site-packages/airflow/example_dags/tutorial_taskflow_api.py
[2023-12-03T23:19:32.561+0000] {logging_mixin.py:154} INFO - [2023-12-03T23:19:32.560+0000] {dag.py:2941} INFO - Sync 1 DAGs
[2023-12-03T23:19:32.573+0000] {logging_mixin.py:154} INFO - [2023-12-03T23:19:32.573+0000] {dag.py:3722} INFO - Setting next_dagrun for tutorial_taskflow_api to None, run_after=None
[2023-12-03T23:19:32.596+0000] {processor.py:179} INFO - Processing /home/ubuntu/redfin/lib/python3.10/site-packages/airflow/example_dags/tutorial_taskflow_api.py took 0.066 seconds
[2023-12-03T23:20:16.524+0000] {processor.py:157} INFO - Started process (PID=4570) to work on /home/ubuntu/redfin/lib/python3.10/site-packages/airflow/example_dags/tutorial_taskflow_api.py
[2023-12-03T23:20:16.526+0000] {processor.py:829} INFO - Processing file /home/ubuntu/redfin/lib/python3.10/site-packages/airflow/example_dags/tutorial_taskflow_api.py for tasks to queue
[2023-12-03T23:20:16.526+0000] {logging_mixin.py:154} INFO - [2023-12-03T23:20:16.526+0000] {dagbag.py:536} INFO - Filling up the DagBag from /home/ubuntu/redfin/lib/python3.10/site-packages/airflow/example_dags/tutorial_taskflow_api.py
[2023-12-03T23:20:16.534+0000] {processor.py:839} INFO - DAG(s) dict_keys(['tutorial_taskflow_api']) retrieved from /home/ubuntu/redfin/lib/python3.10/site-packages/airflow/example_dags/tutorial_taskflow_api.py
[2023-12-03T23:20:16.553+0000] {logging_mixin.py:154} INFO - [2023-12-03T23:20:16.553+0000] {dag.py:2941} INFO - Sync 1 DAGs
[2023-12-03T23:20:16.567+0000] {logging_mixin.py:154} INFO - [2023-12-03T23:20:16.567+0000] {dag.py:3722} INFO - Setting next_dagrun for tutorial_taskflow_api to None, run_after=None
[2023-12-03T23:20:16.590+0000] {processor.py:179} INFO - Processing /home/ubuntu/redfin/lib/python3.10/site-packages/airflow/example_dags/tutorial_taskflow_api.py took 0.070 seconds
[2023-12-03T23:20:58.511+0000] {processor.py:157} INFO - Started process (PID=4617) to work on /home/ubuntu/redfin/lib/python3.10/site-packages/airflow/example_dags/tutorial_taskflow_api.py
[2023-12-03T23:20:58.512+0000] {processor.py:829} INFO - Processing file /home/ubuntu/redfin/lib/python3.10/site-packages/airflow/example_dags/tutorial_taskflow_api.py for tasks to queue
[2023-12-03T23:20:58.513+0000] {logging_mixin.py:154} INFO - [2023-12-03T23:20:58.513+0000] {dagbag.py:536} INFO - Filling up the DagBag from /home/ubuntu/redfin/lib/python3.10/site-packages/airflow/example_dags/tutorial_taskflow_api.py
[2023-12-03T23:20:58.521+0000] {processor.py:839} INFO - DAG(s) dict_keys(['tutorial_taskflow_api']) retrieved from /home/ubuntu/redfin/lib/python3.10/site-packages/airflow/example_dags/tutorial_taskflow_api.py
[2023-12-03T23:20:58.539+0000] {logging_mixin.py:154} INFO - [2023-12-03T23:20:58.538+0000] {dag.py:2941} INFO - Sync 1 DAGs
[2023-12-03T23:20:58.551+0000] {logging_mixin.py:154} INFO - [2023-12-03T23:20:58.551+0000] {dag.py:3722} INFO - Setting next_dagrun for tutorial_taskflow_api to None, run_after=None
[2023-12-03T23:20:58.574+0000] {processor.py:179} INFO - Processing /home/ubuntu/redfin/lib/python3.10/site-packages/airflow/example_dags/tutorial_taskflow_api.py took 0.066 seconds
[2023-12-03T23:21:40.197+0000] {processor.py:157} INFO - Started process (PID=4661) to work on /home/ubuntu/redfin/lib/python3.10/site-packages/airflow/example_dags/tutorial_taskflow_api.py
[2023-12-03T23:21:40.198+0000] {processor.py:829} INFO - Processing file /home/ubuntu/redfin/lib/python3.10/site-packages/airflow/example_dags/tutorial_taskflow_api.py for tasks to queue
[2023-12-03T23:21:40.199+0000] {logging_mixin.py:154} INFO - [2023-12-03T23:21:40.199+0000] {dagbag.py:536} INFO - Filling up the DagBag from /home/ubuntu/redfin/lib/python3.10/site-packages/airflow/example_dags/tutorial_taskflow_api.py
[2023-12-03T23:21:40.207+0000] {processor.py:839} INFO - DAG(s) dict_keys(['tutorial_taskflow_api']) retrieved from /home/ubuntu/redfin/lib/python3.10/site-packages/airflow/example_dags/tutorial_taskflow_api.py
[2023-12-03T23:21:40.224+0000] {logging_mixin.py:154} INFO - [2023-12-03T23:21:40.224+0000] {dag.py:2941} INFO - Sync 1 DAGs
[2023-12-03T23:21:40.236+0000] {logging_mixin.py:154} INFO - [2023-12-03T23:21:40.236+0000] {dag.py:3722} INFO - Setting next_dagrun for tutorial_taskflow_api to None, run_after=None
[2023-12-03T23:21:40.259+0000] {processor.py:179} INFO - Processing /home/ubuntu/redfin/lib/python3.10/site-packages/airflow/example_dags/tutorial_taskflow_api.py took 0.066 seconds
[2023-12-03T23:22:29.398+0000] {processor.py:157} INFO - Started process (PID=4717) to work on /home/ubuntu/redfin/lib/python3.10/site-packages/airflow/example_dags/tutorial_taskflow_api.py
[2023-12-03T23:22:29.400+0000] {processor.py:829} INFO - Processing file /home/ubuntu/redfin/lib/python3.10/site-packages/airflow/example_dags/tutorial_taskflow_api.py for tasks to queue
[2023-12-03T23:22:29.400+0000] {logging_mixin.py:154} INFO - [2023-12-03T23:22:29.400+0000] {dagbag.py:536} INFO - Filling up the DagBag from /home/ubuntu/redfin/lib/python3.10/site-packages/airflow/example_dags/tutorial_taskflow_api.py
[2023-12-03T23:22:29.408+0000] {processor.py:839} INFO - DAG(s) dict_keys(['tutorial_taskflow_api']) retrieved from /home/ubuntu/redfin/lib/python3.10/site-packages/airflow/example_dags/tutorial_taskflow_api.py
[2023-12-03T23:22:29.425+0000] {logging_mixin.py:154} INFO - [2023-12-03T23:22:29.425+0000] {dag.py:2941} INFO - Sync 1 DAGs
[2023-12-03T23:22:29.438+0000] {logging_mixin.py:154} INFO - [2023-12-03T23:22:29.437+0000] {dag.py:3722} INFO - Setting next_dagrun for tutorial_taskflow_api to None, run_after=None
[2023-12-03T23:22:29.460+0000] {processor.py:179} INFO - Processing /home/ubuntu/redfin/lib/python3.10/site-packages/airflow/example_dags/tutorial_taskflow_api.py took 0.066 seconds
[2023-12-03T23:23:14.450+0000] {processor.py:157} INFO - Started process (PID=4766) to work on /home/ubuntu/redfin/lib/python3.10/site-packages/airflow/example_dags/tutorial_taskflow_api.py
[2023-12-03T23:23:14.451+0000] {processor.py:829} INFO - Processing file /home/ubuntu/redfin/lib/python3.10/site-packages/airflow/example_dags/tutorial_taskflow_api.py for tasks to queue
[2023-12-03T23:23:14.452+0000] {logging_mixin.py:154} INFO - [2023-12-03T23:23:14.452+0000] {dagbag.py:536} INFO - Filling up the DagBag from /home/ubuntu/redfin/lib/python3.10/site-packages/airflow/example_dags/tutorial_taskflow_api.py
[2023-12-03T23:23:14.460+0000] {processor.py:839} INFO - DAG(s) dict_keys(['tutorial_taskflow_api']) retrieved from /home/ubuntu/redfin/lib/python3.10/site-packages/airflow/example_dags/tutorial_taskflow_api.py
[2023-12-03T23:23:14.478+0000] {logging_mixin.py:154} INFO - [2023-12-03T23:23:14.478+0000] {dag.py:2941} INFO - Sync 1 DAGs
[2023-12-03T23:23:14.491+0000] {logging_mixin.py:154} INFO - [2023-12-03T23:23:14.490+0000] {dag.py:3722} INFO - Setting next_dagrun for tutorial_taskflow_api to None, run_after=None
[2023-12-03T23:23:14.514+0000] {processor.py:179} INFO - Processing /home/ubuntu/redfin/lib/python3.10/site-packages/airflow/example_dags/tutorial_taskflow_api.py took 0.067 seconds
[2023-12-03T23:24:01.514+0000] {processor.py:157} INFO - Started process (PID=4817) to work on /home/ubuntu/redfin/lib/python3.10/site-packages/airflow/example_dags/tutorial_taskflow_api.py
[2023-12-03T23:24:01.516+0000] {processor.py:829} INFO - Processing file /home/ubuntu/redfin/lib/python3.10/site-packages/airflow/example_dags/tutorial_taskflow_api.py for tasks to queue
[2023-12-03T23:24:01.517+0000] {logging_mixin.py:154} INFO - [2023-12-03T23:24:01.516+0000] {dagbag.py:536} INFO - Filling up the DagBag from /home/ubuntu/redfin/lib/python3.10/site-packages/airflow/example_dags/tutorial_taskflow_api.py
[2023-12-03T23:24:01.524+0000] {processor.py:839} INFO - DAG(s) dict_keys(['tutorial_taskflow_api']) retrieved from /home/ubuntu/redfin/lib/python3.10/site-packages/airflow/example_dags/tutorial_taskflow_api.py
[2023-12-03T23:24:01.543+0000] {logging_mixin.py:154} INFO - [2023-12-03T23:24:01.542+0000] {dag.py:2941} INFO - Sync 1 DAGs
[2023-12-03T23:24:01.555+0000] {logging_mixin.py:154} INFO - [2023-12-03T23:24:01.555+0000] {dag.py:3722} INFO - Setting next_dagrun for tutorial_taskflow_api to None, run_after=None
[2023-12-03T23:24:01.578+0000] {processor.py:179} INFO - Processing /home/ubuntu/redfin/lib/python3.10/site-packages/airflow/example_dags/tutorial_taskflow_api.py took 0.067 seconds
[2023-12-03T23:24:48.194+0000] {processor.py:157} INFO - Started process (PID=4870) to work on /home/ubuntu/redfin/lib/python3.10/site-packages/airflow/example_dags/tutorial_taskflow_api.py
[2023-12-03T23:24:48.195+0000] {processor.py:829} INFO - Processing file /home/ubuntu/redfin/lib/python3.10/site-packages/airflow/example_dags/tutorial_taskflow_api.py for tasks to queue
[2023-12-03T23:24:48.196+0000] {logging_mixin.py:154} INFO - [2023-12-03T23:24:48.196+0000] {dagbag.py:536} INFO - Filling up the DagBag from /home/ubuntu/redfin/lib/python3.10/site-packages/airflow/example_dags/tutorial_taskflow_api.py
[2023-12-03T23:24:48.203+0000] {processor.py:839} INFO - DAG(s) dict_keys(['tutorial_taskflow_api']) retrieved from /home/ubuntu/redfin/lib/python3.10/site-packages/airflow/example_dags/tutorial_taskflow_api.py
[2023-12-03T23:24:48.221+0000] {logging_mixin.py:154} INFO - [2023-12-03T23:24:48.221+0000] {dag.py:2941} INFO - Sync 1 DAGs
[2023-12-03T23:24:48.233+0000] {logging_mixin.py:154} INFO - [2023-12-03T23:24:48.233+0000] {dag.py:3722} INFO - Setting next_dagrun for tutorial_taskflow_api to None, run_after=None
[2023-12-03T23:24:48.255+0000] {processor.py:179} INFO - Processing /home/ubuntu/redfin/lib/python3.10/site-packages/airflow/example_dags/tutorial_taskflow_api.py took 0.065 seconds
[2023-12-03T23:25:38.262+0000] {processor.py:157} INFO - Started process (PID=4923) to work on /home/ubuntu/redfin/lib/python3.10/site-packages/airflow/example_dags/tutorial_taskflow_api.py
[2023-12-03T23:25:38.263+0000] {processor.py:829} INFO - Processing file /home/ubuntu/redfin/lib/python3.10/site-packages/airflow/example_dags/tutorial_taskflow_api.py for tasks to queue
[2023-12-03T23:25:38.264+0000] {logging_mixin.py:154} INFO - [2023-12-03T23:25:38.263+0000] {dagbag.py:536} INFO - Filling up the DagBag from /home/ubuntu/redfin/lib/python3.10/site-packages/airflow/example_dags/tutorial_taskflow_api.py
[2023-12-03T23:25:38.272+0000] {processor.py:839} INFO - DAG(s) dict_keys(['tutorial_taskflow_api']) retrieved from /home/ubuntu/redfin/lib/python3.10/site-packages/airflow/example_dags/tutorial_taskflow_api.py
[2023-12-03T23:25:38.290+0000] {logging_mixin.py:154} INFO - [2023-12-03T23:25:38.290+0000] {dag.py:2941} INFO - Sync 1 DAGs
[2023-12-03T23:25:38.303+0000] {logging_mixin.py:154} INFO - [2023-12-03T23:25:38.302+0000] {dag.py:3722} INFO - Setting next_dagrun for tutorial_taskflow_api to None, run_after=None
[2023-12-03T23:25:38.332+0000] {processor.py:179} INFO - Processing /home/ubuntu/redfin/lib/python3.10/site-packages/airflow/example_dags/tutorial_taskflow_api.py took 0.074 seconds
[2023-12-03T23:26:24.452+0000] {processor.py:157} INFO - Started process (PID=4973) to work on /home/ubuntu/redfin/lib/python3.10/site-packages/airflow/example_dags/tutorial_taskflow_api.py
[2023-12-03T23:26:24.453+0000] {processor.py:829} INFO - Processing file /home/ubuntu/redfin/lib/python3.10/site-packages/airflow/example_dags/tutorial_taskflow_api.py for tasks to queue
[2023-12-03T23:26:24.454+0000] {logging_mixin.py:154} INFO - [2023-12-03T23:26:24.454+0000] {dagbag.py:536} INFO - Filling up the DagBag from /home/ubuntu/redfin/lib/python3.10/site-packages/airflow/example_dags/tutorial_taskflow_api.py
[2023-12-03T23:26:24.462+0000] {processor.py:839} INFO - DAG(s) dict_keys(['tutorial_taskflow_api']) retrieved from /home/ubuntu/redfin/lib/python3.10/site-packages/airflow/example_dags/tutorial_taskflow_api.py
[2023-12-03T23:26:24.480+0000] {logging_mixin.py:154} INFO - [2023-12-03T23:26:24.480+0000] {dag.py:2941} INFO - Sync 1 DAGs
[2023-12-03T23:26:24.493+0000] {logging_mixin.py:154} INFO - [2023-12-03T23:26:24.493+0000] {dag.py:3722} INFO - Setting next_dagrun for tutorial_taskflow_api to None, run_after=None
[2023-12-03T23:26:24.519+0000] {processor.py:179} INFO - Processing /home/ubuntu/redfin/lib/python3.10/site-packages/airflow/example_dags/tutorial_taskflow_api.py took 0.071 seconds
[2023-12-03T23:27:07.314+0000] {processor.py:157} INFO - Started process (PID=5022) to work on /home/ubuntu/redfin/lib/python3.10/site-packages/airflow/example_dags/tutorial_taskflow_api.py
[2023-12-03T23:27:07.315+0000] {processor.py:829} INFO - Processing file /home/ubuntu/redfin/lib/python3.10/site-packages/airflow/example_dags/tutorial_taskflow_api.py for tasks to queue
[2023-12-03T23:27:07.316+0000] {logging_mixin.py:154} INFO - [2023-12-03T23:27:07.316+0000] {dagbag.py:536} INFO - Filling up the DagBag from /home/ubuntu/redfin/lib/python3.10/site-packages/airflow/example_dags/tutorial_taskflow_api.py
[2023-12-03T23:27:07.324+0000] {processor.py:839} INFO - DAG(s) dict_keys(['tutorial_taskflow_api']) retrieved from /home/ubuntu/redfin/lib/python3.10/site-packages/airflow/example_dags/tutorial_taskflow_api.py
[2023-12-03T23:27:07.342+0000] {logging_mixin.py:154} INFO - [2023-12-03T23:27:07.342+0000] {dag.py:2941} INFO - Sync 1 DAGs
[2023-12-03T23:27:07.355+0000] {logging_mixin.py:154} INFO - [2023-12-03T23:27:07.355+0000] {dag.py:3722} INFO - Setting next_dagrun for tutorial_taskflow_api to None, run_after=None
[2023-12-03T23:27:07.378+0000] {processor.py:179} INFO - Processing /home/ubuntu/redfin/lib/python3.10/site-packages/airflow/example_dags/tutorial_taskflow_api.py took 0.068 seconds
[2023-12-03T23:27:49.106+0000] {processor.py:157} INFO - Started process (PID=5069) to work on /home/ubuntu/redfin/lib/python3.10/site-packages/airflow/example_dags/tutorial_taskflow_api.py
[2023-12-03T23:27:49.108+0000] {processor.py:829} INFO - Processing file /home/ubuntu/redfin/lib/python3.10/site-packages/airflow/example_dags/tutorial_taskflow_api.py for tasks to queue
[2023-12-03T23:27:49.109+0000] {logging_mixin.py:154} INFO - [2023-12-03T23:27:49.108+0000] {dagbag.py:536} INFO - Filling up the DagBag from /home/ubuntu/redfin/lib/python3.10/site-packages/airflow/example_dags/tutorial_taskflow_api.py
[2023-12-03T23:27:49.117+0000] {processor.py:839} INFO - DAG(s) dict_keys(['tutorial_taskflow_api']) retrieved from /home/ubuntu/redfin/lib/python3.10/site-packages/airflow/example_dags/tutorial_taskflow_api.py
[2023-12-03T23:27:49.137+0000] {logging_mixin.py:154} INFO - [2023-12-03T23:27:49.136+0000] {dag.py:2941} INFO - Sync 1 DAGs
[2023-12-03T23:27:49.150+0000] {logging_mixin.py:154} INFO - [2023-12-03T23:27:49.150+0000] {dag.py:3722} INFO - Setting next_dagrun for tutorial_taskflow_api to None, run_after=None
[2023-12-03T23:27:49.175+0000] {processor.py:179} INFO - Processing /home/ubuntu/redfin/lib/python3.10/site-packages/airflow/example_dags/tutorial_taskflow_api.py took 0.072 seconds
[2023-12-03T23:28:35.287+0000] {processor.py:157} INFO - Started process (PID=5118) to work on /home/ubuntu/redfin/lib/python3.10/site-packages/airflow/example_dags/tutorial_taskflow_api.py
[2023-12-03T23:28:35.288+0000] {processor.py:829} INFO - Processing file /home/ubuntu/redfin/lib/python3.10/site-packages/airflow/example_dags/tutorial_taskflow_api.py for tasks to queue
[2023-12-03T23:28:35.289+0000] {logging_mixin.py:154} INFO - [2023-12-03T23:28:35.289+0000] {dagbag.py:536} INFO - Filling up the DagBag from /home/ubuntu/redfin/lib/python3.10/site-packages/airflow/example_dags/tutorial_taskflow_api.py
[2023-12-03T23:28:35.297+0000] {processor.py:839} INFO - DAG(s) dict_keys(['tutorial_taskflow_api']) retrieved from /home/ubuntu/redfin/lib/python3.10/site-packages/airflow/example_dags/tutorial_taskflow_api.py
[2023-12-03T23:28:35.314+0000] {logging_mixin.py:154} INFO - [2023-12-03T23:28:35.314+0000] {dag.py:2941} INFO - Sync 1 DAGs
[2023-12-03T23:28:35.327+0000] {logging_mixin.py:154} INFO - [2023-12-03T23:28:35.327+0000] {dag.py:3722} INFO - Setting next_dagrun for tutorial_taskflow_api to None, run_after=None
[2023-12-03T23:28:35.349+0000] {processor.py:179} INFO - Processing /home/ubuntu/redfin/lib/python3.10/site-packages/airflow/example_dags/tutorial_taskflow_api.py took 0.066 seconds
[2023-12-03T23:29:23.083+0000] {processor.py:157} INFO - Started process (PID=5172) to work on /home/ubuntu/redfin/lib/python3.10/site-packages/airflow/example_dags/tutorial_taskflow_api.py
[2023-12-03T23:29:23.084+0000] {processor.py:829} INFO - Processing file /home/ubuntu/redfin/lib/python3.10/site-packages/airflow/example_dags/tutorial_taskflow_api.py for tasks to queue
[2023-12-03T23:29:23.085+0000] {logging_mixin.py:154} INFO - [2023-12-03T23:29:23.085+0000] {dagbag.py:536} INFO - Filling up the DagBag from /home/ubuntu/redfin/lib/python3.10/site-packages/airflow/example_dags/tutorial_taskflow_api.py
[2023-12-03T23:29:23.093+0000] {processor.py:839} INFO - DAG(s) dict_keys(['tutorial_taskflow_api']) retrieved from /home/ubuntu/redfin/lib/python3.10/site-packages/airflow/example_dags/tutorial_taskflow_api.py
[2023-12-03T23:29:23.113+0000] {logging_mixin.py:154} INFO - [2023-12-03T23:29:23.112+0000] {dag.py:2941} INFO - Sync 1 DAGs
[2023-12-03T23:29:23.126+0000] {logging_mixin.py:154} INFO - [2023-12-03T23:29:23.126+0000] {dag.py:3722} INFO - Setting next_dagrun for tutorial_taskflow_api to None, run_after=None
[2023-12-03T23:29:23.153+0000] {processor.py:179} INFO - Processing /home/ubuntu/redfin/lib/python3.10/site-packages/airflow/example_dags/tutorial_taskflow_api.py took 0.073 seconds
[2023-12-03T23:30:11.740+0000] {processor.py:157} INFO - Started process (PID=5225) to work on /home/ubuntu/redfin/lib/python3.10/site-packages/airflow/example_dags/tutorial_taskflow_api.py
[2023-12-03T23:30:11.741+0000] {processor.py:829} INFO - Processing file /home/ubuntu/redfin/lib/python3.10/site-packages/airflow/example_dags/tutorial_taskflow_api.py for tasks to queue
[2023-12-03T23:30:11.742+0000] {logging_mixin.py:154} INFO - [2023-12-03T23:30:11.742+0000] {dagbag.py:536} INFO - Filling up the DagBag from /home/ubuntu/redfin/lib/python3.10/site-packages/airflow/example_dags/tutorial_taskflow_api.py
[2023-12-03T23:30:11.749+0000] {processor.py:839} INFO - DAG(s) dict_keys(['tutorial_taskflow_api']) retrieved from /home/ubuntu/redfin/lib/python3.10/site-packages/airflow/example_dags/tutorial_taskflow_api.py
[2023-12-03T23:30:11.768+0000] {logging_mixin.py:154} INFO - [2023-12-03T23:30:11.767+0000] {dag.py:2941} INFO - Sync 1 DAGs
[2023-12-03T23:30:11.780+0000] {logging_mixin.py:154} INFO - [2023-12-03T23:30:11.779+0000] {dag.py:3722} INFO - Setting next_dagrun for tutorial_taskflow_api to None, run_after=None
[2023-12-03T23:30:11.802+0000] {processor.py:179} INFO - Processing /home/ubuntu/redfin/lib/python3.10/site-packages/airflow/example_dags/tutorial_taskflow_api.py took 0.065 seconds
[2023-12-03T23:30:56.989+0000] {processor.py:157} INFO - Started process (PID=5275) to work on /home/ubuntu/redfin/lib/python3.10/site-packages/airflow/example_dags/tutorial_taskflow_api.py
[2023-12-03T23:30:56.990+0000] {processor.py:829} INFO - Processing file /home/ubuntu/redfin/lib/python3.10/site-packages/airflow/example_dags/tutorial_taskflow_api.py for tasks to queue
[2023-12-03T23:30:56.991+0000] {logging_mixin.py:154} INFO - [2023-12-03T23:30:56.991+0000] {dagbag.py:536} INFO - Filling up the DagBag from /home/ubuntu/redfin/lib/python3.10/site-packages/airflow/example_dags/tutorial_taskflow_api.py
[2023-12-03T23:30:56.998+0000] {processor.py:839} INFO - DAG(s) dict_keys(['tutorial_taskflow_api']) retrieved from /home/ubuntu/redfin/lib/python3.10/site-packages/airflow/example_dags/tutorial_taskflow_api.py
[2023-12-03T23:30:57.016+0000] {logging_mixin.py:154} INFO - [2023-12-03T23:30:57.016+0000] {dag.py:2941} INFO - Sync 1 DAGs
[2023-12-03T23:30:57.028+0000] {logging_mixin.py:154} INFO - [2023-12-03T23:30:57.028+0000] {dag.py:3722} INFO - Setting next_dagrun for tutorial_taskflow_api to None, run_after=None
[2023-12-03T23:30:57.051+0000] {processor.py:179} INFO - Processing /home/ubuntu/redfin/lib/python3.10/site-packages/airflow/example_dags/tutorial_taskflow_api.py took 0.066 seconds
[2023-12-03T23:31:45.195+0000] {processor.py:157} INFO - Started process (PID=5329) to work on /home/ubuntu/redfin/lib/python3.10/site-packages/airflow/example_dags/tutorial_taskflow_api.py
[2023-12-03T23:31:45.196+0000] {processor.py:829} INFO - Processing file /home/ubuntu/redfin/lib/python3.10/site-packages/airflow/example_dags/tutorial_taskflow_api.py for tasks to queue
[2023-12-03T23:31:45.197+0000] {logging_mixin.py:154} INFO - [2023-12-03T23:31:45.197+0000] {dagbag.py:536} INFO - Filling up the DagBag from /home/ubuntu/redfin/lib/python3.10/site-packages/airflow/example_dags/tutorial_taskflow_api.py
[2023-12-03T23:31:45.205+0000] {processor.py:839} INFO - DAG(s) dict_keys(['tutorial_taskflow_api']) retrieved from /home/ubuntu/redfin/lib/python3.10/site-packages/airflow/example_dags/tutorial_taskflow_api.py
[2023-12-03T23:31:45.223+0000] {logging_mixin.py:154} INFO - [2023-12-03T23:31:45.223+0000] {dag.py:2941} INFO - Sync 1 DAGs
[2023-12-03T23:31:45.235+0000] {logging_mixin.py:154} INFO - [2023-12-03T23:31:45.235+0000] {dag.py:3722} INFO - Setting next_dagrun for tutorial_taskflow_api to None, run_after=None
[2023-12-03T23:31:45.258+0000] {processor.py:179} INFO - Processing /home/ubuntu/redfin/lib/python3.10/site-packages/airflow/example_dags/tutorial_taskflow_api.py took 0.067 seconds
[2023-12-03T23:32:29.868+0000] {processor.py:157} INFO - Started process (PID=5378) to work on /home/ubuntu/redfin/lib/python3.10/site-packages/airflow/example_dags/tutorial_taskflow_api.py
[2023-12-03T23:32:29.870+0000] {processor.py:829} INFO - Processing file /home/ubuntu/redfin/lib/python3.10/site-packages/airflow/example_dags/tutorial_taskflow_api.py for tasks to queue
[2023-12-03T23:32:29.871+0000] {logging_mixin.py:154} INFO - [2023-12-03T23:32:29.870+0000] {dagbag.py:536} INFO - Filling up the DagBag from /home/ubuntu/redfin/lib/python3.10/site-packages/airflow/example_dags/tutorial_taskflow_api.py
[2023-12-03T23:32:29.878+0000] {processor.py:839} INFO - DAG(s) dict_keys(['tutorial_taskflow_api']) retrieved from /home/ubuntu/redfin/lib/python3.10/site-packages/airflow/example_dags/tutorial_taskflow_api.py
[2023-12-03T23:32:29.896+0000] {logging_mixin.py:154} INFO - [2023-12-03T23:32:29.896+0000] {dag.py:2941} INFO - Sync 1 DAGs
[2023-12-03T23:32:29.908+0000] {logging_mixin.py:154} INFO - [2023-12-03T23:32:29.908+0000] {dag.py:3722} INFO - Setting next_dagrun for tutorial_taskflow_api to None, run_after=None
[2023-12-03T23:32:29.932+0000] {processor.py:179} INFO - Processing /home/ubuntu/redfin/lib/python3.10/site-packages/airflow/example_dags/tutorial_taskflow_api.py took 0.067 seconds
[2023-12-03T23:33:13.948+0000] {processor.py:157} INFO - Started process (PID=5426) to work on /home/ubuntu/redfin/lib/python3.10/site-packages/airflow/example_dags/tutorial_taskflow_api.py
[2023-12-03T23:33:13.950+0000] {processor.py:829} INFO - Processing file /home/ubuntu/redfin/lib/python3.10/site-packages/airflow/example_dags/tutorial_taskflow_api.py for tasks to queue
[2023-12-03T23:33:13.951+0000] {logging_mixin.py:154} INFO - [2023-12-03T23:33:13.950+0000] {dagbag.py:536} INFO - Filling up the DagBag from /home/ubuntu/redfin/lib/python3.10/site-packages/airflow/example_dags/tutorial_taskflow_api.py
[2023-12-03T23:33:13.958+0000] {processor.py:839} INFO - DAG(s) dict_keys(['tutorial_taskflow_api']) retrieved from /home/ubuntu/redfin/lib/python3.10/site-packages/airflow/example_dags/tutorial_taskflow_api.py
[2023-12-03T23:33:13.977+0000] {logging_mixin.py:154} INFO - [2023-12-03T23:33:13.976+0000] {dag.py:2941} INFO - Sync 1 DAGs
[2023-12-03T23:33:13.990+0000] {logging_mixin.py:154} INFO - [2023-12-03T23:33:13.989+0000] {dag.py:3722} INFO - Setting next_dagrun for tutorial_taskflow_api to None, run_after=None
[2023-12-03T23:33:14.013+0000] {processor.py:179} INFO - Processing /home/ubuntu/redfin/lib/python3.10/site-packages/airflow/example_dags/tutorial_taskflow_api.py took 0.068 seconds
[2023-12-03T23:34:00.409+0000] {processor.py:157} INFO - Started process (PID=5476) to work on /home/ubuntu/redfin/lib/python3.10/site-packages/airflow/example_dags/tutorial_taskflow_api.py
[2023-12-03T23:34:00.411+0000] {processor.py:829} INFO - Processing file /home/ubuntu/redfin/lib/python3.10/site-packages/airflow/example_dags/tutorial_taskflow_api.py for tasks to queue
[2023-12-03T23:34:00.412+0000] {logging_mixin.py:154} INFO - [2023-12-03T23:34:00.411+0000] {dagbag.py:536} INFO - Filling up the DagBag from /home/ubuntu/redfin/lib/python3.10/site-packages/airflow/example_dags/tutorial_taskflow_api.py
[2023-12-03T23:34:00.419+0000] {processor.py:839} INFO - DAG(s) dict_keys(['tutorial_taskflow_api']) retrieved from /home/ubuntu/redfin/lib/python3.10/site-packages/airflow/example_dags/tutorial_taskflow_api.py
[2023-12-03T23:34:00.438+0000] {logging_mixin.py:154} INFO - [2023-12-03T23:34:00.438+0000] {dag.py:2941} INFO - Sync 1 DAGs
[2023-12-03T23:34:00.452+0000] {logging_mixin.py:154} INFO - [2023-12-03T23:34:00.452+0000] {dag.py:3722} INFO - Setting next_dagrun for tutorial_taskflow_api to None, run_after=None
[2023-12-03T23:34:00.475+0000] {processor.py:179} INFO - Processing /home/ubuntu/redfin/lib/python3.10/site-packages/airflow/example_dags/tutorial_taskflow_api.py took 0.069 seconds
[2023-12-03T23:34:48.848+0000] {processor.py:157} INFO - Started process (PID=5530) to work on /home/ubuntu/redfin/lib/python3.10/site-packages/airflow/example_dags/tutorial_taskflow_api.py
[2023-12-03T23:34:48.850+0000] {processor.py:829} INFO - Processing file /home/ubuntu/redfin/lib/python3.10/site-packages/airflow/example_dags/tutorial_taskflow_api.py for tasks to queue
[2023-12-03T23:34:48.850+0000] {logging_mixin.py:154} INFO - [2023-12-03T23:34:48.850+0000] {dagbag.py:536} INFO - Filling up the DagBag from /home/ubuntu/redfin/lib/python3.10/site-packages/airflow/example_dags/tutorial_taskflow_api.py
[2023-12-03T23:34:48.858+0000] {processor.py:839} INFO - DAG(s) dict_keys(['tutorial_taskflow_api']) retrieved from /home/ubuntu/redfin/lib/python3.10/site-packages/airflow/example_dags/tutorial_taskflow_api.py
[2023-12-03T23:34:48.877+0000] {logging_mixin.py:154} INFO - [2023-12-03T23:34:48.877+0000] {dag.py:2941} INFO - Sync 1 DAGs
[2023-12-03T23:34:48.890+0000] {logging_mixin.py:154} INFO - [2023-12-03T23:34:48.889+0000] {dag.py:3722} INFO - Setting next_dagrun for tutorial_taskflow_api to None, run_after=None
[2023-12-03T23:34:48.913+0000] {processor.py:179} INFO - Processing /home/ubuntu/redfin/lib/python3.10/site-packages/airflow/example_dags/tutorial_taskflow_api.py took 0.068 seconds
[2023-12-03T23:35:37.949+0000] {processor.py:157} INFO - Started process (PID=5583) to work on /home/ubuntu/redfin/lib/python3.10/site-packages/airflow/example_dags/tutorial_taskflow_api.py
[2023-12-03T23:35:37.950+0000] {processor.py:829} INFO - Processing file /home/ubuntu/redfin/lib/python3.10/site-packages/airflow/example_dags/tutorial_taskflow_api.py for tasks to queue
[2023-12-03T23:35:37.951+0000] {logging_mixin.py:154} INFO - [2023-12-03T23:35:37.951+0000] {dagbag.py:536} INFO - Filling up the DagBag from /home/ubuntu/redfin/lib/python3.10/site-packages/airflow/example_dags/tutorial_taskflow_api.py
[2023-12-03T23:35:37.958+0000] {processor.py:839} INFO - DAG(s) dict_keys(['tutorial_taskflow_api']) retrieved from /home/ubuntu/redfin/lib/python3.10/site-packages/airflow/example_dags/tutorial_taskflow_api.py
[2023-12-03T23:35:37.977+0000] {logging_mixin.py:154} INFO - [2023-12-03T23:35:37.976+0000] {dag.py:2941} INFO - Sync 1 DAGs
[2023-12-03T23:35:37.990+0000] {logging_mixin.py:154} INFO - [2023-12-03T23:35:37.989+0000] {dag.py:3722} INFO - Setting next_dagrun for tutorial_taskflow_api to None, run_after=None
[2023-12-03T23:35:38.012+0000] {processor.py:179} INFO - Processing /home/ubuntu/redfin/lib/python3.10/site-packages/airflow/example_dags/tutorial_taskflow_api.py took 0.067 seconds
[2023-12-03T23:36:30.361+0000] {processor.py:157} INFO - Started process (PID=5639) to work on /home/ubuntu/redfin/lib/python3.10/site-packages/airflow/example_dags/tutorial_taskflow_api.py
[2023-12-03T23:36:30.362+0000] {processor.py:829} INFO - Processing file /home/ubuntu/redfin/lib/python3.10/site-packages/airflow/example_dags/tutorial_taskflow_api.py for tasks to queue
[2023-12-03T23:36:30.363+0000] {logging_mixin.py:154} INFO - [2023-12-03T23:36:30.362+0000] {dagbag.py:536} INFO - Filling up the DagBag from /home/ubuntu/redfin/lib/python3.10/site-packages/airflow/example_dags/tutorial_taskflow_api.py
[2023-12-03T23:36:30.370+0000] {processor.py:839} INFO - DAG(s) dict_keys(['tutorial_taskflow_api']) retrieved from /home/ubuntu/redfin/lib/python3.10/site-packages/airflow/example_dags/tutorial_taskflow_api.py
[2023-12-03T23:36:30.387+0000] {logging_mixin.py:154} INFO - [2023-12-03T23:36:30.387+0000] {dag.py:2941} INFO - Sync 1 DAGs
[2023-12-03T23:36:30.400+0000] {logging_mixin.py:154} INFO - [2023-12-03T23:36:30.400+0000] {dag.py:3722} INFO - Setting next_dagrun for tutorial_taskflow_api to None, run_after=None
[2023-12-03T23:36:30.422+0000] {processor.py:179} INFO - Processing /home/ubuntu/redfin/lib/python3.10/site-packages/airflow/example_dags/tutorial_taskflow_api.py took 0.065 seconds
[2023-12-03T23:37:19.514+0000] {processor.py:157} INFO - Started process (PID=5692) to work on /home/ubuntu/redfin/lib/python3.10/site-packages/airflow/example_dags/tutorial_taskflow_api.py
[2023-12-03T23:37:19.516+0000] {processor.py:829} INFO - Processing file /home/ubuntu/redfin/lib/python3.10/site-packages/airflow/example_dags/tutorial_taskflow_api.py for tasks to queue
[2023-12-03T23:37:19.516+0000] {logging_mixin.py:154} INFO - [2023-12-03T23:37:19.516+0000] {dagbag.py:536} INFO - Filling up the DagBag from /home/ubuntu/redfin/lib/python3.10/site-packages/airflow/example_dags/tutorial_taskflow_api.py
[2023-12-03T23:37:19.524+0000] {processor.py:839} INFO - DAG(s) dict_keys(['tutorial_taskflow_api']) retrieved from /home/ubuntu/redfin/lib/python3.10/site-packages/airflow/example_dags/tutorial_taskflow_api.py
[2023-12-03T23:37:19.542+0000] {logging_mixin.py:154} INFO - [2023-12-03T23:37:19.542+0000] {dag.py:2941} INFO - Sync 1 DAGs
[2023-12-03T23:37:19.554+0000] {logging_mixin.py:154} INFO - [2023-12-03T23:37:19.554+0000] {dag.py:3722} INFO - Setting next_dagrun for tutorial_taskflow_api to None, run_after=None
[2023-12-03T23:37:19.579+0000] {processor.py:179} INFO - Processing /home/ubuntu/redfin/lib/python3.10/site-packages/airflow/example_dags/tutorial_taskflow_api.py took 0.069 seconds
[2023-12-03T23:38:04.042+0000] {processor.py:157} INFO - Started process (PID=5741) to work on /home/ubuntu/redfin/lib/python3.10/site-packages/airflow/example_dags/tutorial_taskflow_api.py
[2023-12-03T23:38:04.043+0000] {processor.py:829} INFO - Processing file /home/ubuntu/redfin/lib/python3.10/site-packages/airflow/example_dags/tutorial_taskflow_api.py for tasks to queue
[2023-12-03T23:38:04.044+0000] {logging_mixin.py:154} INFO - [2023-12-03T23:38:04.044+0000] {dagbag.py:536} INFO - Filling up the DagBag from /home/ubuntu/redfin/lib/python3.10/site-packages/airflow/example_dags/tutorial_taskflow_api.py
[2023-12-03T23:38:04.052+0000] {processor.py:839} INFO - DAG(s) dict_keys(['tutorial_taskflow_api']) retrieved from /home/ubuntu/redfin/lib/python3.10/site-packages/airflow/example_dags/tutorial_taskflow_api.py
[2023-12-03T23:38:04.071+0000] {logging_mixin.py:154} INFO - [2023-12-03T23:38:04.070+0000] {dag.py:2941} INFO - Sync 1 DAGs
[2023-12-03T23:38:04.084+0000] {logging_mixin.py:154} INFO - [2023-12-03T23:38:04.083+0000] {dag.py:3722} INFO - Setting next_dagrun for tutorial_taskflow_api to None, run_after=None
[2023-12-03T23:38:04.107+0000] {processor.py:179} INFO - Processing /home/ubuntu/redfin/lib/python3.10/site-packages/airflow/example_dags/tutorial_taskflow_api.py took 0.069 seconds
[2023-12-03T23:38:51.917+0000] {processor.py:157} INFO - Started process (PID=5796) to work on /home/ubuntu/redfin/lib/python3.10/site-packages/airflow/example_dags/tutorial_taskflow_api.py
[2023-12-03T23:38:51.919+0000] {processor.py:829} INFO - Processing file /home/ubuntu/redfin/lib/python3.10/site-packages/airflow/example_dags/tutorial_taskflow_api.py for tasks to queue
[2023-12-03T23:38:51.920+0000] {logging_mixin.py:154} INFO - [2023-12-03T23:38:51.919+0000] {dagbag.py:536} INFO - Filling up the DagBag from /home/ubuntu/redfin/lib/python3.10/site-packages/airflow/example_dags/tutorial_taskflow_api.py
[2023-12-03T23:38:51.928+0000] {processor.py:839} INFO - DAG(s) dict_keys(['tutorial_taskflow_api']) retrieved from /home/ubuntu/redfin/lib/python3.10/site-packages/airflow/example_dags/tutorial_taskflow_api.py
[2023-12-03T23:38:51.946+0000] {logging_mixin.py:154} INFO - [2023-12-03T23:38:51.946+0000] {dag.py:2941} INFO - Sync 1 DAGs
[2023-12-03T23:38:51.959+0000] {logging_mixin.py:154} INFO - [2023-12-03T23:38:51.958+0000] {dag.py:3722} INFO - Setting next_dagrun for tutorial_taskflow_api to None, run_after=None
[2023-12-03T23:38:51.982+0000] {processor.py:179} INFO - Processing /home/ubuntu/redfin/lib/python3.10/site-packages/airflow/example_dags/tutorial_taskflow_api.py took 0.068 seconds
[2023-12-03T23:39:38.237+0000] {processor.py:157} INFO - Started process (PID=5846) to work on /home/ubuntu/redfin/lib/python3.10/site-packages/airflow/example_dags/tutorial_taskflow_api.py
[2023-12-03T23:39:38.239+0000] {processor.py:829} INFO - Processing file /home/ubuntu/redfin/lib/python3.10/site-packages/airflow/example_dags/tutorial_taskflow_api.py for tasks to queue
[2023-12-03T23:39:38.240+0000] {logging_mixin.py:154} INFO - [2023-12-03T23:39:38.239+0000] {dagbag.py:536} INFO - Filling up the DagBag from /home/ubuntu/redfin/lib/python3.10/site-packages/airflow/example_dags/tutorial_taskflow_api.py
[2023-12-03T23:39:38.248+0000] {processor.py:839} INFO - DAG(s) dict_keys(['tutorial_taskflow_api']) retrieved from /home/ubuntu/redfin/lib/python3.10/site-packages/airflow/example_dags/tutorial_taskflow_api.py
[2023-12-03T23:39:38.267+0000] {logging_mixin.py:154} INFO - [2023-12-03T23:39:38.266+0000] {dag.py:2941} INFO - Sync 1 DAGs
[2023-12-03T23:39:38.280+0000] {logging_mixin.py:154} INFO - [2023-12-03T23:39:38.279+0000] {dag.py:3722} INFO - Setting next_dagrun for tutorial_taskflow_api to None, run_after=None
[2023-12-03T23:39:38.304+0000] {processor.py:179} INFO - Processing /home/ubuntu/redfin/lib/python3.10/site-packages/airflow/example_dags/tutorial_taskflow_api.py took 0.071 seconds
[2023-12-03T23:40:25.714+0000] {processor.py:157} INFO - Started process (PID=5896) to work on /home/ubuntu/redfin/lib/python3.10/site-packages/airflow/example_dags/tutorial_taskflow_api.py
[2023-12-03T23:40:25.715+0000] {processor.py:829} INFO - Processing file /home/ubuntu/redfin/lib/python3.10/site-packages/airflow/example_dags/tutorial_taskflow_api.py for tasks to queue
[2023-12-03T23:40:25.716+0000] {logging_mixin.py:154} INFO - [2023-12-03T23:40:25.715+0000] {dagbag.py:536} INFO - Filling up the DagBag from /home/ubuntu/redfin/lib/python3.10/site-packages/airflow/example_dags/tutorial_taskflow_api.py
[2023-12-03T23:40:25.723+0000] {processor.py:839} INFO - DAG(s) dict_keys(['tutorial_taskflow_api']) retrieved from /home/ubuntu/redfin/lib/python3.10/site-packages/airflow/example_dags/tutorial_taskflow_api.py
[2023-12-03T23:40:25.741+0000] {logging_mixin.py:154} INFO - [2023-12-03T23:40:25.741+0000] {dag.py:2941} INFO - Sync 1 DAGs
[2023-12-03T23:40:25.753+0000] {logging_mixin.py:154} INFO - [2023-12-03T23:40:25.753+0000] {dag.py:3722} INFO - Setting next_dagrun for tutorial_taskflow_api to None, run_after=None
[2023-12-03T23:40:25.774+0000] {processor.py:179} INFO - Processing /home/ubuntu/redfin/lib/python3.10/site-packages/airflow/example_dags/tutorial_taskflow_api.py took 0.064 seconds
[2023-12-03T23:41:16.126+0000] {processor.py:157} INFO - Started process (PID=5950) to work on /home/ubuntu/redfin/lib/python3.10/site-packages/airflow/example_dags/tutorial_taskflow_api.py
[2023-12-03T23:41:16.128+0000] {processor.py:829} INFO - Processing file /home/ubuntu/redfin/lib/python3.10/site-packages/airflow/example_dags/tutorial_taskflow_api.py for tasks to queue
[2023-12-03T23:41:16.129+0000] {logging_mixin.py:154} INFO - [2023-12-03T23:41:16.128+0000] {dagbag.py:536} INFO - Filling up the DagBag from /home/ubuntu/redfin/lib/python3.10/site-packages/airflow/example_dags/tutorial_taskflow_api.py
[2023-12-03T23:41:16.137+0000] {processor.py:839} INFO - DAG(s) dict_keys(['tutorial_taskflow_api']) retrieved from /home/ubuntu/redfin/lib/python3.10/site-packages/airflow/example_dags/tutorial_taskflow_api.py
[2023-12-03T23:41:16.157+0000] {logging_mixin.py:154} INFO - [2023-12-03T23:41:16.157+0000] {dag.py:2941} INFO - Sync 1 DAGs
[2023-12-03T23:41:16.172+0000] {logging_mixin.py:154} INFO - [2023-12-03T23:41:16.171+0000] {dag.py:3722} INFO - Setting next_dagrun for tutorial_taskflow_api to None, run_after=None
[2023-12-03T23:41:16.197+0000] {processor.py:179} INFO - Processing /home/ubuntu/redfin/lib/python3.10/site-packages/airflow/example_dags/tutorial_taskflow_api.py took 0.074 seconds
[2023-12-03T23:41:59.549+0000] {processor.py:157} INFO - Started process (PID=5999) to work on /home/ubuntu/redfin/lib/python3.10/site-packages/airflow/example_dags/tutorial_taskflow_api.py
[2023-12-03T23:41:59.550+0000] {processor.py:829} INFO - Processing file /home/ubuntu/redfin/lib/python3.10/site-packages/airflow/example_dags/tutorial_taskflow_api.py for tasks to queue
[2023-12-03T23:41:59.551+0000] {logging_mixin.py:154} INFO - [2023-12-03T23:41:59.551+0000] {dagbag.py:536} INFO - Filling up the DagBag from /home/ubuntu/redfin/lib/python3.10/site-packages/airflow/example_dags/tutorial_taskflow_api.py
[2023-12-03T23:41:59.559+0000] {processor.py:839} INFO - DAG(s) dict_keys(['tutorial_taskflow_api']) retrieved from /home/ubuntu/redfin/lib/python3.10/site-packages/airflow/example_dags/tutorial_taskflow_api.py
[2023-12-03T23:41:59.577+0000] {logging_mixin.py:154} INFO - [2023-12-03T23:41:59.577+0000] {dag.py:2941} INFO - Sync 1 DAGs
[2023-12-03T23:41:59.590+0000] {logging_mixin.py:154} INFO - [2023-12-03T23:41:59.590+0000] {dag.py:3722} INFO - Setting next_dagrun for tutorial_taskflow_api to None, run_after=None
[2023-12-03T23:41:59.614+0000] {processor.py:179} INFO - Processing /home/ubuntu/redfin/lib/python3.10/site-packages/airflow/example_dags/tutorial_taskflow_api.py took 0.069 seconds
[2023-12-03T23:42:48.737+0000] {processor.py:157} INFO - Started process (PID=6054) to work on /home/ubuntu/redfin/lib/python3.10/site-packages/airflow/example_dags/tutorial_taskflow_api.py
[2023-12-03T23:42:48.739+0000] {processor.py:829} INFO - Processing file /home/ubuntu/redfin/lib/python3.10/site-packages/airflow/example_dags/tutorial_taskflow_api.py for tasks to queue
[2023-12-03T23:42:48.740+0000] {logging_mixin.py:154} INFO - [2023-12-03T23:42:48.739+0000] {dagbag.py:536} INFO - Filling up the DagBag from /home/ubuntu/redfin/lib/python3.10/site-packages/airflow/example_dags/tutorial_taskflow_api.py
[2023-12-03T23:42:48.748+0000] {processor.py:839} INFO - DAG(s) dict_keys(['tutorial_taskflow_api']) retrieved from /home/ubuntu/redfin/lib/python3.10/site-packages/airflow/example_dags/tutorial_taskflow_api.py
[2023-12-03T23:42:48.767+0000] {logging_mixin.py:154} INFO - [2023-12-03T23:42:48.767+0000] {dag.py:2941} INFO - Sync 1 DAGs
[2023-12-03T23:42:48.781+0000] {logging_mixin.py:154} INFO - [2023-12-03T23:42:48.781+0000] {dag.py:3722} INFO - Setting next_dagrun for tutorial_taskflow_api to None, run_after=None
[2023-12-03T23:42:48.804+0000] {processor.py:179} INFO - Processing /home/ubuntu/redfin/lib/python3.10/site-packages/airflow/example_dags/tutorial_taskflow_api.py took 0.070 seconds
[2023-12-03T23:43:33.807+0000] {processor.py:157} INFO - Started process (PID=6103) to work on /home/ubuntu/redfin/lib/python3.10/site-packages/airflow/example_dags/tutorial_taskflow_api.py
[2023-12-03T23:43:33.809+0000] {processor.py:829} INFO - Processing file /home/ubuntu/redfin/lib/python3.10/site-packages/airflow/example_dags/tutorial_taskflow_api.py for tasks to queue
[2023-12-03T23:43:33.809+0000] {logging_mixin.py:154} INFO - [2023-12-03T23:43:33.809+0000] {dagbag.py:536} INFO - Filling up the DagBag from /home/ubuntu/redfin/lib/python3.10/site-packages/airflow/example_dags/tutorial_taskflow_api.py
[2023-12-03T23:43:33.817+0000] {processor.py:839} INFO - DAG(s) dict_keys(['tutorial_taskflow_api']) retrieved from /home/ubuntu/redfin/lib/python3.10/site-packages/airflow/example_dags/tutorial_taskflow_api.py
[2023-12-03T23:43:33.835+0000] {logging_mixin.py:154} INFO - [2023-12-03T23:43:33.834+0000] {dag.py:2941} INFO - Sync 1 DAGs
[2023-12-03T23:43:33.847+0000] {logging_mixin.py:154} INFO - [2023-12-03T23:43:33.847+0000] {dag.py:3722} INFO - Setting next_dagrun for tutorial_taskflow_api to None, run_after=None
[2023-12-03T23:43:33.869+0000] {processor.py:179} INFO - Processing /home/ubuntu/redfin/lib/python3.10/site-packages/airflow/example_dags/tutorial_taskflow_api.py took 0.065 seconds
[2023-12-03T23:44:22.913+0000] {processor.py:157} INFO - Started process (PID=6410) to work on /home/ubuntu/redfin/lib/python3.10/site-packages/airflow/example_dags/tutorial_taskflow_api.py
[2023-12-03T23:44:22.914+0000] {processor.py:829} INFO - Processing file /home/ubuntu/redfin/lib/python3.10/site-packages/airflow/example_dags/tutorial_taskflow_api.py for tasks to queue
[2023-12-03T23:44:22.915+0000] {logging_mixin.py:154} INFO - [2023-12-03T23:44:22.915+0000] {dagbag.py:536} INFO - Filling up the DagBag from /home/ubuntu/redfin/lib/python3.10/site-packages/airflow/example_dags/tutorial_taskflow_api.py
[2023-12-03T23:44:22.922+0000] {processor.py:839} INFO - DAG(s) dict_keys(['tutorial_taskflow_api']) retrieved from /home/ubuntu/redfin/lib/python3.10/site-packages/airflow/example_dags/tutorial_taskflow_api.py
[2023-12-03T23:44:22.940+0000] {logging_mixin.py:154} INFO - [2023-12-03T23:44:22.939+0000] {dag.py:2941} INFO - Sync 1 DAGs
[2023-12-03T23:44:22.952+0000] {logging_mixin.py:154} INFO - [2023-12-03T23:44:22.952+0000] {dag.py:3722} INFO - Setting next_dagrun for tutorial_taskflow_api to None, run_after=None
[2023-12-03T23:44:22.974+0000] {processor.py:179} INFO - Processing /home/ubuntu/redfin/lib/python3.10/site-packages/airflow/example_dags/tutorial_taskflow_api.py took 0.065 seconds
[2023-12-03T23:45:03.779+0000] {processor.py:157} INFO - Started process (PID=6613) to work on /home/ubuntu/redfin/lib/python3.10/site-packages/airflow/example_dags/tutorial_taskflow_api.py
[2023-12-03T23:45:03.781+0000] {processor.py:829} INFO - Processing file /home/ubuntu/redfin/lib/python3.10/site-packages/airflow/example_dags/tutorial_taskflow_api.py for tasks to queue
[2023-12-03T23:45:03.781+0000] {logging_mixin.py:154} INFO - [2023-12-03T23:45:03.781+0000] {dagbag.py:536} INFO - Filling up the DagBag from /home/ubuntu/redfin/lib/python3.10/site-packages/airflow/example_dags/tutorial_taskflow_api.py
[2023-12-03T23:45:03.789+0000] {processor.py:839} INFO - DAG(s) dict_keys(['tutorial_taskflow_api']) retrieved from /home/ubuntu/redfin/lib/python3.10/site-packages/airflow/example_dags/tutorial_taskflow_api.py
[2023-12-03T23:45:03.807+0000] {logging_mixin.py:154} INFO - [2023-12-03T23:45:03.807+0000] {dag.py:2941} INFO - Sync 1 DAGs
[2023-12-03T23:45:03.820+0000] {logging_mixin.py:154} INFO - [2023-12-03T23:45:03.819+0000] {dag.py:3722} INFO - Setting next_dagrun for tutorial_taskflow_api to None, run_after=None
[2023-12-03T23:45:03.842+0000] {processor.py:179} INFO - Processing /home/ubuntu/redfin/lib/python3.10/site-packages/airflow/example_dags/tutorial_taskflow_api.py took 0.066 seconds
[2023-12-03T23:45:51.487+0000] {processor.py:157} INFO - Started process (PID=6665) to work on /home/ubuntu/redfin/lib/python3.10/site-packages/airflow/example_dags/tutorial_taskflow_api.py
[2023-12-03T23:45:51.489+0000] {processor.py:829} INFO - Processing file /home/ubuntu/redfin/lib/python3.10/site-packages/airflow/example_dags/tutorial_taskflow_api.py for tasks to queue
[2023-12-03T23:45:51.490+0000] {logging_mixin.py:154} INFO - [2023-12-03T23:45:51.489+0000] {dagbag.py:536} INFO - Filling up the DagBag from /home/ubuntu/redfin/lib/python3.10/site-packages/airflow/example_dags/tutorial_taskflow_api.py
[2023-12-03T23:45:51.497+0000] {processor.py:839} INFO - DAG(s) dict_keys(['tutorial_taskflow_api']) retrieved from /home/ubuntu/redfin/lib/python3.10/site-packages/airflow/example_dags/tutorial_taskflow_api.py
[2023-12-03T23:45:51.516+0000] {logging_mixin.py:154} INFO - [2023-12-03T23:45:51.516+0000] {dag.py:2941} INFO - Sync 1 DAGs
[2023-12-03T23:45:51.530+0000] {logging_mixin.py:154} INFO - [2023-12-03T23:45:51.530+0000] {dag.py:3722} INFO - Setting next_dagrun for tutorial_taskflow_api to None, run_after=None
[2023-12-03T23:45:51.554+0000] {processor.py:179} INFO - Processing /home/ubuntu/redfin/lib/python3.10/site-packages/airflow/example_dags/tutorial_taskflow_api.py took 0.070 seconds
[2023-12-03T23:46:35.355+0000] {processor.py:157} INFO - Started process (PID=6714) to work on /home/ubuntu/redfin/lib/python3.10/site-packages/airflow/example_dags/tutorial_taskflow_api.py
[2023-12-03T23:46:35.356+0000] {processor.py:829} INFO - Processing file /home/ubuntu/redfin/lib/python3.10/site-packages/airflow/example_dags/tutorial_taskflow_api.py for tasks to queue
[2023-12-03T23:46:35.357+0000] {logging_mixin.py:154} INFO - [2023-12-03T23:46:35.357+0000] {dagbag.py:536} INFO - Filling up the DagBag from /home/ubuntu/redfin/lib/python3.10/site-packages/airflow/example_dags/tutorial_taskflow_api.py
[2023-12-03T23:46:35.365+0000] {processor.py:839} INFO - DAG(s) dict_keys(['tutorial_taskflow_api']) retrieved from /home/ubuntu/redfin/lib/python3.10/site-packages/airflow/example_dags/tutorial_taskflow_api.py
[2023-12-03T23:46:35.383+0000] {logging_mixin.py:154} INFO - [2023-12-03T23:46:35.382+0000] {dag.py:2941} INFO - Sync 1 DAGs
[2023-12-03T23:46:35.395+0000] {logging_mixin.py:154} INFO - [2023-12-03T23:46:35.395+0000] {dag.py:3722} INFO - Setting next_dagrun for tutorial_taskflow_api to None, run_after=None
[2023-12-03T23:46:35.417+0000] {processor.py:179} INFO - Processing /home/ubuntu/redfin/lib/python3.10/site-packages/airflow/example_dags/tutorial_taskflow_api.py took 0.065 seconds
[2023-12-03T23:47:24.444+0000] {processor.py:157} INFO - Started process (PID=6774) to work on /home/ubuntu/redfin/lib/python3.10/site-packages/airflow/example_dags/tutorial_taskflow_api.py
[2023-12-03T23:47:24.445+0000] {processor.py:829} INFO - Processing file /home/ubuntu/redfin/lib/python3.10/site-packages/airflow/example_dags/tutorial_taskflow_api.py for tasks to queue
[2023-12-03T23:47:24.446+0000] {logging_mixin.py:154} INFO - [2023-12-03T23:47:24.446+0000] {dagbag.py:536} INFO - Filling up the DagBag from /home/ubuntu/redfin/lib/python3.10/site-packages/airflow/example_dags/tutorial_taskflow_api.py
[2023-12-03T23:47:24.454+0000] {processor.py:839} INFO - DAG(s) dict_keys(['tutorial_taskflow_api']) retrieved from /home/ubuntu/redfin/lib/python3.10/site-packages/airflow/example_dags/tutorial_taskflow_api.py
[2023-12-03T23:47:24.472+0000] {logging_mixin.py:154} INFO - [2023-12-03T23:47:24.472+0000] {dag.py:2941} INFO - Sync 1 DAGs
[2023-12-03T23:47:24.485+0000] {logging_mixin.py:154} INFO - [2023-12-03T23:47:24.485+0000] {dag.py:3722} INFO - Setting next_dagrun for tutorial_taskflow_api to None, run_after=None
[2023-12-03T23:47:24.509+0000] {processor.py:179} INFO - Processing /home/ubuntu/redfin/lib/python3.10/site-packages/airflow/example_dags/tutorial_taskflow_api.py took 0.069 seconds
[2023-12-03T23:48:12.438+0000] {processor.py:157} INFO - Started process (PID=6856) to work on /home/ubuntu/redfin/lib/python3.10/site-packages/airflow/example_dags/tutorial_taskflow_api.py
[2023-12-03T23:48:12.440+0000] {processor.py:829} INFO - Processing file /home/ubuntu/redfin/lib/python3.10/site-packages/airflow/example_dags/tutorial_taskflow_api.py for tasks to queue
[2023-12-03T23:48:12.441+0000] {logging_mixin.py:154} INFO - [2023-12-03T23:48:12.440+0000] {dagbag.py:536} INFO - Filling up the DagBag from /home/ubuntu/redfin/lib/python3.10/site-packages/airflow/example_dags/tutorial_taskflow_api.py
[2023-12-03T23:48:12.448+0000] {processor.py:839} INFO - DAG(s) dict_keys(['tutorial_taskflow_api']) retrieved from /home/ubuntu/redfin/lib/python3.10/site-packages/airflow/example_dags/tutorial_taskflow_api.py
[2023-12-03T23:48:12.466+0000] {logging_mixin.py:154} INFO - [2023-12-03T23:48:12.466+0000] {dag.py:2941} INFO - Sync 1 DAGs
[2023-12-03T23:48:12.479+0000] {logging_mixin.py:154} INFO - [2023-12-03T23:48:12.479+0000] {dag.py:3722} INFO - Setting next_dagrun for tutorial_taskflow_api to None, run_after=None
[2023-12-03T23:48:12.502+0000] {processor.py:179} INFO - Processing /home/ubuntu/redfin/lib/python3.10/site-packages/airflow/example_dags/tutorial_taskflow_api.py took 0.067 seconds
[2023-12-03T23:49:02.327+0000] {processor.py:157} INFO - Started process (PID=6914) to work on /home/ubuntu/redfin/lib/python3.10/site-packages/airflow/example_dags/tutorial_taskflow_api.py
[2023-12-03T23:49:02.329+0000] {processor.py:829} INFO - Processing file /home/ubuntu/redfin/lib/python3.10/site-packages/airflow/example_dags/tutorial_taskflow_api.py for tasks to queue
[2023-12-03T23:49:02.330+0000] {logging_mixin.py:154} INFO - [2023-12-03T23:49:02.329+0000] {dagbag.py:536} INFO - Filling up the DagBag from /home/ubuntu/redfin/lib/python3.10/site-packages/airflow/example_dags/tutorial_taskflow_api.py
[2023-12-03T23:49:02.337+0000] {processor.py:839} INFO - DAG(s) dict_keys(['tutorial_taskflow_api']) retrieved from /home/ubuntu/redfin/lib/python3.10/site-packages/airflow/example_dags/tutorial_taskflow_api.py
[2023-12-03T23:49:02.356+0000] {logging_mixin.py:154} INFO - [2023-12-03T23:49:02.356+0000] {dag.py:2941} INFO - Sync 1 DAGs
[2023-12-03T23:49:02.369+0000] {logging_mixin.py:154} INFO - [2023-12-03T23:49:02.368+0000] {dag.py:3722} INFO - Setting next_dagrun for tutorial_taskflow_api to None, run_after=None
[2023-12-03T23:49:02.392+0000] {processor.py:179} INFO - Processing /home/ubuntu/redfin/lib/python3.10/site-packages/airflow/example_dags/tutorial_taskflow_api.py took 0.069 seconds
[2023-12-03T23:49:53.841+0000] {processor.py:157} INFO - Started process (PID=6968) to work on /home/ubuntu/redfin/lib/python3.10/site-packages/airflow/example_dags/tutorial_taskflow_api.py
[2023-12-03T23:49:53.843+0000] {processor.py:829} INFO - Processing file /home/ubuntu/redfin/lib/python3.10/site-packages/airflow/example_dags/tutorial_taskflow_api.py for tasks to queue
[2023-12-03T23:49:53.844+0000] {logging_mixin.py:154} INFO - [2023-12-03T23:49:53.843+0000] {dagbag.py:536} INFO - Filling up the DagBag from /home/ubuntu/redfin/lib/python3.10/site-packages/airflow/example_dags/tutorial_taskflow_api.py
[2023-12-03T23:49:53.852+0000] {processor.py:839} INFO - DAG(s) dict_keys(['tutorial_taskflow_api']) retrieved from /home/ubuntu/redfin/lib/python3.10/site-packages/airflow/example_dags/tutorial_taskflow_api.py
[2023-12-03T23:49:53.871+0000] {logging_mixin.py:154} INFO - [2023-12-03T23:49:53.870+0000] {dag.py:2941} INFO - Sync 1 DAGs
[2023-12-03T23:49:53.884+0000] {logging_mixin.py:154} INFO - [2023-12-03T23:49:53.884+0000] {dag.py:3722} INFO - Setting next_dagrun for tutorial_taskflow_api to None, run_after=None
[2023-12-03T23:49:53.907+0000] {processor.py:179} INFO - Processing /home/ubuntu/redfin/lib/python3.10/site-packages/airflow/example_dags/tutorial_taskflow_api.py took 0.069 seconds
[2023-12-03T23:50:40.541+0000] {processor.py:157} INFO - Started process (PID=7022) to work on /home/ubuntu/redfin/lib/python3.10/site-packages/airflow/example_dags/tutorial_taskflow_api.py
[2023-12-03T23:50:40.542+0000] {processor.py:829} INFO - Processing file /home/ubuntu/redfin/lib/python3.10/site-packages/airflow/example_dags/tutorial_taskflow_api.py for tasks to queue
[2023-12-03T23:50:40.543+0000] {logging_mixin.py:154} INFO - [2023-12-03T23:50:40.543+0000] {dagbag.py:536} INFO - Filling up the DagBag from /home/ubuntu/redfin/lib/python3.10/site-packages/airflow/example_dags/tutorial_taskflow_api.py
[2023-12-03T23:50:40.551+0000] {processor.py:839} INFO - DAG(s) dict_keys(['tutorial_taskflow_api']) retrieved from /home/ubuntu/redfin/lib/python3.10/site-packages/airflow/example_dags/tutorial_taskflow_api.py
[2023-12-03T23:50:40.570+0000] {logging_mixin.py:154} INFO - [2023-12-03T23:50:40.570+0000] {dag.py:2941} INFO - Sync 1 DAGs
[2023-12-03T23:50:40.582+0000] {logging_mixin.py:154} INFO - [2023-12-03T23:50:40.582+0000] {dag.py:3722} INFO - Setting next_dagrun for tutorial_taskflow_api to None, run_after=None
[2023-12-03T23:50:40.605+0000] {processor.py:179} INFO - Processing /home/ubuntu/redfin/lib/python3.10/site-packages/airflow/example_dags/tutorial_taskflow_api.py took 0.068 seconds
[2023-12-03T23:51:27.049+0000] {processor.py:157} INFO - Started process (PID=7073) to work on /home/ubuntu/redfin/lib/python3.10/site-packages/airflow/example_dags/tutorial_taskflow_api.py
[2023-12-03T23:51:27.050+0000] {processor.py:829} INFO - Processing file /home/ubuntu/redfin/lib/python3.10/site-packages/airflow/example_dags/tutorial_taskflow_api.py for tasks to queue
[2023-12-03T23:51:27.051+0000] {logging_mixin.py:154} INFO - [2023-12-03T23:51:27.051+0000] {dagbag.py:536} INFO - Filling up the DagBag from /home/ubuntu/redfin/lib/python3.10/site-packages/airflow/example_dags/tutorial_taskflow_api.py
[2023-12-03T23:51:27.059+0000] {processor.py:839} INFO - DAG(s) dict_keys(['tutorial_taskflow_api']) retrieved from /home/ubuntu/redfin/lib/python3.10/site-packages/airflow/example_dags/tutorial_taskflow_api.py
[2023-12-03T23:51:27.078+0000] {logging_mixin.py:154} INFO - [2023-12-03T23:51:27.078+0000] {dag.py:2941} INFO - Sync 1 DAGs
[2023-12-03T23:51:27.091+0000] {logging_mixin.py:154} INFO - [2023-12-03T23:51:27.091+0000] {dag.py:3722} INFO - Setting next_dagrun for tutorial_taskflow_api to None, run_after=None
[2023-12-03T23:51:27.115+0000] {processor.py:179} INFO - Processing /home/ubuntu/redfin/lib/python3.10/site-packages/airflow/example_dags/tutorial_taskflow_api.py took 0.070 seconds
[2023-12-03T23:52:17.439+0000] {processor.py:157} INFO - Started process (PID=7128) to work on /home/ubuntu/redfin/lib/python3.10/site-packages/airflow/example_dags/tutorial_taskflow_api.py
[2023-12-03T23:52:17.440+0000] {processor.py:829} INFO - Processing file /home/ubuntu/redfin/lib/python3.10/site-packages/airflow/example_dags/tutorial_taskflow_api.py for tasks to queue
[2023-12-03T23:52:17.441+0000] {logging_mixin.py:154} INFO - [2023-12-03T23:52:17.441+0000] {dagbag.py:536} INFO - Filling up the DagBag from /home/ubuntu/redfin/lib/python3.10/site-packages/airflow/example_dags/tutorial_taskflow_api.py
[2023-12-03T23:52:17.449+0000] {processor.py:839} INFO - DAG(s) dict_keys(['tutorial_taskflow_api']) retrieved from /home/ubuntu/redfin/lib/python3.10/site-packages/airflow/example_dags/tutorial_taskflow_api.py
[2023-12-03T23:52:17.467+0000] {logging_mixin.py:154} INFO - [2023-12-03T23:52:17.467+0000] {dag.py:2941} INFO - Sync 1 DAGs
[2023-12-03T23:52:17.480+0000] {logging_mixin.py:154} INFO - [2023-12-03T23:52:17.480+0000] {dag.py:3722} INFO - Setting next_dagrun for tutorial_taskflow_api to None, run_after=None
[2023-12-03T23:52:17.503+0000] {processor.py:179} INFO - Processing /home/ubuntu/redfin/lib/python3.10/site-packages/airflow/example_dags/tutorial_taskflow_api.py took 0.068 seconds
[2023-12-03T23:53:05.499+0000] {processor.py:157} INFO - Started process (PID=7180) to work on /home/ubuntu/redfin/lib/python3.10/site-packages/airflow/example_dags/tutorial_taskflow_api.py
[2023-12-03T23:53:05.500+0000] {processor.py:829} INFO - Processing file /home/ubuntu/redfin/lib/python3.10/site-packages/airflow/example_dags/tutorial_taskflow_api.py for tasks to queue
[2023-12-03T23:53:05.501+0000] {logging_mixin.py:154} INFO - [2023-12-03T23:53:05.500+0000] {dagbag.py:536} INFO - Filling up the DagBag from /home/ubuntu/redfin/lib/python3.10/site-packages/airflow/example_dags/tutorial_taskflow_api.py
[2023-12-03T23:53:05.508+0000] {processor.py:839} INFO - DAG(s) dict_keys(['tutorial_taskflow_api']) retrieved from /home/ubuntu/redfin/lib/python3.10/site-packages/airflow/example_dags/tutorial_taskflow_api.py
[2023-12-03T23:53:05.526+0000] {logging_mixin.py:154} INFO - [2023-12-03T23:53:05.526+0000] {dag.py:2941} INFO - Sync 1 DAGs
[2023-12-03T23:53:05.539+0000] {logging_mixin.py:154} INFO - [2023-12-03T23:53:05.539+0000] {dag.py:3722} INFO - Setting next_dagrun for tutorial_taskflow_api to None, run_after=None
[2023-12-03T23:53:05.562+0000] {processor.py:179} INFO - Processing /home/ubuntu/redfin/lib/python3.10/site-packages/airflow/example_dags/tutorial_taskflow_api.py took 0.067 seconds
[2023-12-03T23:53:53.986+0000] {processor.py:157} INFO - Started process (PID=7236) to work on /home/ubuntu/redfin/lib/python3.10/site-packages/airflow/example_dags/tutorial_taskflow_api.py
[2023-12-03T23:53:53.987+0000] {processor.py:829} INFO - Processing file /home/ubuntu/redfin/lib/python3.10/site-packages/airflow/example_dags/tutorial_taskflow_api.py for tasks to queue
[2023-12-03T23:53:53.988+0000] {logging_mixin.py:154} INFO - [2023-12-03T23:53:53.988+0000] {dagbag.py:536} INFO - Filling up the DagBag from /home/ubuntu/redfin/lib/python3.10/site-packages/airflow/example_dags/tutorial_taskflow_api.py
[2023-12-03T23:53:53.996+0000] {processor.py:839} INFO - DAG(s) dict_keys(['tutorial_taskflow_api']) retrieved from /home/ubuntu/redfin/lib/python3.10/site-packages/airflow/example_dags/tutorial_taskflow_api.py
[2023-12-03T23:53:54.014+0000] {logging_mixin.py:154} INFO - [2023-12-03T23:53:54.014+0000] {dag.py:2941} INFO - Sync 1 DAGs
[2023-12-03T23:53:54.027+0000] {logging_mixin.py:154} INFO - [2023-12-03T23:53:54.027+0000] {dag.py:3722} INFO - Setting next_dagrun for tutorial_taskflow_api to None, run_after=None
[2023-12-03T23:53:54.050+0000] {processor.py:179} INFO - Processing /home/ubuntu/redfin/lib/python3.10/site-packages/airflow/example_dags/tutorial_taskflow_api.py took 0.068 seconds
[2023-12-03T23:54:42.072+0000] {processor.py:157} INFO - Started process (PID=7287) to work on /home/ubuntu/redfin/lib/python3.10/site-packages/airflow/example_dags/tutorial_taskflow_api.py
[2023-12-03T23:54:42.074+0000] {processor.py:829} INFO - Processing file /home/ubuntu/redfin/lib/python3.10/site-packages/airflow/example_dags/tutorial_taskflow_api.py for tasks to queue
[2023-12-03T23:54:42.074+0000] {logging_mixin.py:154} INFO - [2023-12-03T23:54:42.074+0000] {dagbag.py:536} INFO - Filling up the DagBag from /home/ubuntu/redfin/lib/python3.10/site-packages/airflow/example_dags/tutorial_taskflow_api.py
[2023-12-03T23:54:42.082+0000] {processor.py:839} INFO - DAG(s) dict_keys(['tutorial_taskflow_api']) retrieved from /home/ubuntu/redfin/lib/python3.10/site-packages/airflow/example_dags/tutorial_taskflow_api.py
[2023-12-03T23:54:42.100+0000] {logging_mixin.py:154} INFO - [2023-12-03T23:54:42.099+0000] {dag.py:2941} INFO - Sync 1 DAGs
[2023-12-03T23:54:42.112+0000] {logging_mixin.py:154} INFO - [2023-12-03T23:54:42.112+0000] {dag.py:3722} INFO - Setting next_dagrun for tutorial_taskflow_api to None, run_after=None
[2023-12-03T23:54:42.135+0000] {processor.py:179} INFO - Processing /home/ubuntu/redfin/lib/python3.10/site-packages/airflow/example_dags/tutorial_taskflow_api.py took 0.067 seconds
[2023-12-03T23:55:29.934+0000] {processor.py:157} INFO - Started process (PID=7341) to work on /home/ubuntu/redfin/lib/python3.10/site-packages/airflow/example_dags/tutorial_taskflow_api.py
[2023-12-03T23:55:29.935+0000] {processor.py:829} INFO - Processing file /home/ubuntu/redfin/lib/python3.10/site-packages/airflow/example_dags/tutorial_taskflow_api.py for tasks to queue
[2023-12-03T23:55:29.936+0000] {logging_mixin.py:154} INFO - [2023-12-03T23:55:29.936+0000] {dagbag.py:536} INFO - Filling up the DagBag from /home/ubuntu/redfin/lib/python3.10/site-packages/airflow/example_dags/tutorial_taskflow_api.py
[2023-12-03T23:55:29.943+0000] {processor.py:839} INFO - DAG(s) dict_keys(['tutorial_taskflow_api']) retrieved from /home/ubuntu/redfin/lib/python3.10/site-packages/airflow/example_dags/tutorial_taskflow_api.py
[2023-12-03T23:55:29.961+0000] {logging_mixin.py:154} INFO - [2023-12-03T23:55:29.961+0000] {dag.py:2941} INFO - Sync 1 DAGs
[2023-12-03T23:55:29.973+0000] {logging_mixin.py:154} INFO - [2023-12-03T23:55:29.973+0000] {dag.py:3722} INFO - Setting next_dagrun for tutorial_taskflow_api to None, run_after=None
[2023-12-03T23:55:29.994+0000] {processor.py:179} INFO - Processing /home/ubuntu/redfin/lib/python3.10/site-packages/airflow/example_dags/tutorial_taskflow_api.py took 0.065 seconds
[2023-12-03T23:56:17.754+0000] {processor.py:157} INFO - Started process (PID=7392) to work on /home/ubuntu/redfin/lib/python3.10/site-packages/airflow/example_dags/tutorial_taskflow_api.py
[2023-12-03T23:56:17.755+0000] {processor.py:829} INFO - Processing file /home/ubuntu/redfin/lib/python3.10/site-packages/airflow/example_dags/tutorial_taskflow_api.py for tasks to queue
[2023-12-03T23:56:17.756+0000] {logging_mixin.py:154} INFO - [2023-12-03T23:56:17.756+0000] {dagbag.py:536} INFO - Filling up the DagBag from /home/ubuntu/redfin/lib/python3.10/site-packages/airflow/example_dags/tutorial_taskflow_api.py
[2023-12-03T23:56:17.764+0000] {processor.py:839} INFO - DAG(s) dict_keys(['tutorial_taskflow_api']) retrieved from /home/ubuntu/redfin/lib/python3.10/site-packages/airflow/example_dags/tutorial_taskflow_api.py
[2023-12-03T23:56:17.782+0000] {logging_mixin.py:154} INFO - [2023-12-03T23:56:17.782+0000] {dag.py:2941} INFO - Sync 1 DAGs
[2023-12-03T23:56:17.796+0000] {logging_mixin.py:154} INFO - [2023-12-03T23:56:17.795+0000] {dag.py:3722} INFO - Setting next_dagrun for tutorial_taskflow_api to None, run_after=None
[2023-12-03T23:56:17.820+0000] {processor.py:179} INFO - Processing /home/ubuntu/redfin/lib/python3.10/site-packages/airflow/example_dags/tutorial_taskflow_api.py took 0.070 seconds
[2023-12-03T23:57:07.308+0000] {processor.py:157} INFO - Started process (PID=7448) to work on /home/ubuntu/redfin/lib/python3.10/site-packages/airflow/example_dags/tutorial_taskflow_api.py
[2023-12-03T23:57:07.309+0000] {processor.py:829} INFO - Processing file /home/ubuntu/redfin/lib/python3.10/site-packages/airflow/example_dags/tutorial_taskflow_api.py for tasks to queue
[2023-12-03T23:57:07.310+0000] {logging_mixin.py:154} INFO - [2023-12-03T23:57:07.310+0000] {dagbag.py:536} INFO - Filling up the DagBag from /home/ubuntu/redfin/lib/python3.10/site-packages/airflow/example_dags/tutorial_taskflow_api.py
[2023-12-03T23:57:07.317+0000] {processor.py:839} INFO - DAG(s) dict_keys(['tutorial_taskflow_api']) retrieved from /home/ubuntu/redfin/lib/python3.10/site-packages/airflow/example_dags/tutorial_taskflow_api.py
[2023-12-03T23:57:07.335+0000] {logging_mixin.py:154} INFO - [2023-12-03T23:57:07.335+0000] {dag.py:2941} INFO - Sync 1 DAGs
[2023-12-03T23:57:07.347+0000] {logging_mixin.py:154} INFO - [2023-12-03T23:57:07.347+0000] {dag.py:3722} INFO - Setting next_dagrun for tutorial_taskflow_api to None, run_after=None
[2023-12-03T23:57:07.370+0000] {processor.py:179} INFO - Processing /home/ubuntu/redfin/lib/python3.10/site-packages/airflow/example_dags/tutorial_taskflow_api.py took 0.065 seconds
[2023-12-03T23:57:50.902+0000] {processor.py:157} INFO - Started process (PID=7497) to work on /home/ubuntu/redfin/lib/python3.10/site-packages/airflow/example_dags/tutorial_taskflow_api.py
[2023-12-03T23:57:50.903+0000] {processor.py:829} INFO - Processing file /home/ubuntu/redfin/lib/python3.10/site-packages/airflow/example_dags/tutorial_taskflow_api.py for tasks to queue
[2023-12-03T23:57:50.904+0000] {logging_mixin.py:154} INFO - [2023-12-03T23:57:50.903+0000] {dagbag.py:536} INFO - Filling up the DagBag from /home/ubuntu/redfin/lib/python3.10/site-packages/airflow/example_dags/tutorial_taskflow_api.py
[2023-12-03T23:57:50.911+0000] {processor.py:839} INFO - DAG(s) dict_keys(['tutorial_taskflow_api']) retrieved from /home/ubuntu/redfin/lib/python3.10/site-packages/airflow/example_dags/tutorial_taskflow_api.py
[2023-12-03T23:57:50.929+0000] {logging_mixin.py:154} INFO - [2023-12-03T23:57:50.929+0000] {dag.py:2941} INFO - Sync 1 DAGs
[2023-12-03T23:57:50.942+0000] {logging_mixin.py:154} INFO - [2023-12-03T23:57:50.942+0000] {dag.py:3722} INFO - Setting next_dagrun for tutorial_taskflow_api to None, run_after=None
[2023-12-03T23:57:50.965+0000] {processor.py:179} INFO - Processing /home/ubuntu/redfin/lib/python3.10/site-packages/airflow/example_dags/tutorial_taskflow_api.py took 0.068 seconds
[2023-12-03T23:58:33.093+0000] {processor.py:157} INFO - Started process (PID=7544) to work on /home/ubuntu/redfin/lib/python3.10/site-packages/airflow/example_dags/tutorial_taskflow_api.py
[2023-12-03T23:58:33.095+0000] {processor.py:829} INFO - Processing file /home/ubuntu/redfin/lib/python3.10/site-packages/airflow/example_dags/tutorial_taskflow_api.py for tasks to queue
[2023-12-03T23:58:33.096+0000] {logging_mixin.py:154} INFO - [2023-12-03T23:58:33.095+0000] {dagbag.py:536} INFO - Filling up the DagBag from /home/ubuntu/redfin/lib/python3.10/site-packages/airflow/example_dags/tutorial_taskflow_api.py
[2023-12-03T23:58:33.104+0000] {processor.py:839} INFO - DAG(s) dict_keys(['tutorial_taskflow_api']) retrieved from /home/ubuntu/redfin/lib/python3.10/site-packages/airflow/example_dags/tutorial_taskflow_api.py
[2023-12-03T23:58:33.122+0000] {logging_mixin.py:154} INFO - [2023-12-03T23:58:33.122+0000] {dag.py:2941} INFO - Sync 1 DAGs
[2023-12-03T23:58:33.134+0000] {logging_mixin.py:154} INFO - [2023-12-03T23:58:33.134+0000] {dag.py:3722} INFO - Setting next_dagrun for tutorial_taskflow_api to None, run_after=None
[2023-12-03T23:58:33.156+0000] {processor.py:179} INFO - Processing /home/ubuntu/redfin/lib/python3.10/site-packages/airflow/example_dags/tutorial_taskflow_api.py took 0.067 seconds
[2023-12-03T23:59:21.866+0000] {processor.py:157} INFO - Started process (PID=7600) to work on /home/ubuntu/redfin/lib/python3.10/site-packages/airflow/example_dags/tutorial_taskflow_api.py
[2023-12-03T23:59:21.867+0000] {processor.py:829} INFO - Processing file /home/ubuntu/redfin/lib/python3.10/site-packages/airflow/example_dags/tutorial_taskflow_api.py for tasks to queue
[2023-12-03T23:59:21.868+0000] {logging_mixin.py:154} INFO - [2023-12-03T23:59:21.868+0000] {dagbag.py:536} INFO - Filling up the DagBag from /home/ubuntu/redfin/lib/python3.10/site-packages/airflow/example_dags/tutorial_taskflow_api.py
[2023-12-03T23:59:21.876+0000] {processor.py:839} INFO - DAG(s) dict_keys(['tutorial_taskflow_api']) retrieved from /home/ubuntu/redfin/lib/python3.10/site-packages/airflow/example_dags/tutorial_taskflow_api.py
[2023-12-03T23:59:21.894+0000] {logging_mixin.py:154} INFO - [2023-12-03T23:59:21.893+0000] {dag.py:2941} INFO - Sync 1 DAGs
[2023-12-03T23:59:21.906+0000] {logging_mixin.py:154} INFO - [2023-12-03T23:59:21.906+0000] {dag.py:3722} INFO - Setting next_dagrun for tutorial_taskflow_api to None, run_after=None
[2023-12-03T23:59:21.930+0000] {processor.py:179} INFO - Processing /home/ubuntu/redfin/lib/python3.10/site-packages/airflow/example_dags/tutorial_taskflow_api.py took 0.068 seconds
