[2023-12-03T23:07:39.386+0000] {processor.py:157} INFO - Started process (PID=3740) to work on /home/ubuntu/redfin/lib/python3.10/site-packages/airflow/example_dags/plugins/event_listener.py
[2023-12-03T23:07:39.387+0000] {processor.py:829} INFO - Processing file /home/ubuntu/redfin/lib/python3.10/site-packages/airflow/example_dags/plugins/event_listener.py for tasks to queue
[2023-12-03T23:07:39.388+0000] {logging_mixin.py:154} INFO - [2023-12-03T23:07:39.388+0000] {dagbag.py:536} INFO - Filling up the DagBag from /home/ubuntu/redfin/lib/python3.10/site-packages/airflow/example_dags/plugins/event_listener.py
[2023-12-03T23:07:39.391+0000] {processor.py:841} WARNING - No viable dags retrieved from /home/ubuntu/redfin/lib/python3.10/site-packages/airflow/example_dags/plugins/event_listener.py
[2023-12-03T23:07:39.402+0000] {processor.py:179} INFO - Processing /home/ubuntu/redfin/lib/python3.10/site-packages/airflow/example_dags/plugins/event_listener.py took 0.019 seconds
[2023-12-03T23:08:35.193+0000] {processor.py:157} INFO - Started process (PID=3794) to work on /home/ubuntu/redfin/lib/python3.10/site-packages/airflow/example_dags/plugins/event_listener.py
[2023-12-03T23:08:35.194+0000] {processor.py:829} INFO - Processing file /home/ubuntu/redfin/lib/python3.10/site-packages/airflow/example_dags/plugins/event_listener.py for tasks to queue
[2023-12-03T23:08:35.195+0000] {logging_mixin.py:154} INFO - [2023-12-03T23:08:35.195+0000] {dagbag.py:536} INFO - Filling up the DagBag from /home/ubuntu/redfin/lib/python3.10/site-packages/airflow/example_dags/plugins/event_listener.py
[2023-12-03T23:08:35.198+0000] {processor.py:841} WARNING - No viable dags retrieved from /home/ubuntu/redfin/lib/python3.10/site-packages/airflow/example_dags/plugins/event_listener.py
[2023-12-03T23:08:35.209+0000] {processor.py:179} INFO - Processing /home/ubuntu/redfin/lib/python3.10/site-packages/airflow/example_dags/plugins/event_listener.py took 0.020 seconds
[2023-12-03T23:09:12.586+0000] {processor.py:157} INFO - Started process (PID=3836) to work on /home/ubuntu/redfin/lib/python3.10/site-packages/airflow/example_dags/plugins/event_listener.py
[2023-12-03T23:09:12.587+0000] {processor.py:829} INFO - Processing file /home/ubuntu/redfin/lib/python3.10/site-packages/airflow/example_dags/plugins/event_listener.py for tasks to queue
[2023-12-03T23:09:12.588+0000] {logging_mixin.py:154} INFO - [2023-12-03T23:09:12.588+0000] {dagbag.py:536} INFO - Filling up the DagBag from /home/ubuntu/redfin/lib/python3.10/site-packages/airflow/example_dags/plugins/event_listener.py
[2023-12-03T23:09:12.591+0000] {processor.py:841} WARNING - No viable dags retrieved from /home/ubuntu/redfin/lib/python3.10/site-packages/airflow/example_dags/plugins/event_listener.py
[2023-12-03T23:09:12.603+0000] {processor.py:179} INFO - Processing /home/ubuntu/redfin/lib/python3.10/site-packages/airflow/example_dags/plugins/event_listener.py took 0.021 seconds
[2023-12-03T23:09:57.622+0000] {processor.py:157} INFO - Started process (PID=3885) to work on /home/ubuntu/redfin/lib/python3.10/site-packages/airflow/example_dags/plugins/event_listener.py
[2023-12-03T23:09:57.624+0000] {processor.py:829} INFO - Processing file /home/ubuntu/redfin/lib/python3.10/site-packages/airflow/example_dags/plugins/event_listener.py for tasks to queue
[2023-12-03T23:09:57.625+0000] {logging_mixin.py:154} INFO - [2023-12-03T23:09:57.625+0000] {dagbag.py:536} INFO - Filling up the DagBag from /home/ubuntu/redfin/lib/python3.10/site-packages/airflow/example_dags/plugins/event_listener.py
[2023-12-03T23:09:57.628+0000] {processor.py:841} WARNING - No viable dags retrieved from /home/ubuntu/redfin/lib/python3.10/site-packages/airflow/example_dags/plugins/event_listener.py
[2023-12-03T23:09:57.638+0000] {processor.py:179} INFO - Processing /home/ubuntu/redfin/lib/python3.10/site-packages/airflow/example_dags/plugins/event_listener.py took 0.020 seconds
[2023-12-03T23:10:29.880+0000] {processor.py:157} INFO - Started process (PID=3920) to work on /home/ubuntu/redfin/lib/python3.10/site-packages/airflow/example_dags/plugins/event_listener.py
[2023-12-03T23:10:29.881+0000] {processor.py:829} INFO - Processing file /home/ubuntu/redfin/lib/python3.10/site-packages/airflow/example_dags/plugins/event_listener.py for tasks to queue
[2023-12-03T23:10:29.882+0000] {logging_mixin.py:154} INFO - [2023-12-03T23:10:29.882+0000] {dagbag.py:536} INFO - Filling up the DagBag from /home/ubuntu/redfin/lib/python3.10/site-packages/airflow/example_dags/plugins/event_listener.py
[2023-12-03T23:10:29.885+0000] {processor.py:841} WARNING - No viable dags retrieved from /home/ubuntu/redfin/lib/python3.10/site-packages/airflow/example_dags/plugins/event_listener.py
[2023-12-03T23:10:29.897+0000] {processor.py:179} INFO - Processing /home/ubuntu/redfin/lib/python3.10/site-packages/airflow/example_dags/plugins/event_listener.py took 0.020 seconds
[2023-12-03T23:11:16.241+0000] {processor.py:157} INFO - Started process (PID=3970) to work on /home/ubuntu/redfin/lib/python3.10/site-packages/airflow/example_dags/plugins/event_listener.py
[2023-12-03T23:11:16.242+0000] {processor.py:829} INFO - Processing file /home/ubuntu/redfin/lib/python3.10/site-packages/airflow/example_dags/plugins/event_listener.py for tasks to queue
[2023-12-03T23:11:16.243+0000] {logging_mixin.py:154} INFO - [2023-12-03T23:11:16.243+0000] {dagbag.py:536} INFO - Filling up the DagBag from /home/ubuntu/redfin/lib/python3.10/site-packages/airflow/example_dags/plugins/event_listener.py
[2023-12-03T23:11:16.246+0000] {processor.py:841} WARNING - No viable dags retrieved from /home/ubuntu/redfin/lib/python3.10/site-packages/airflow/example_dags/plugins/event_listener.py
[2023-12-03T23:11:16.257+0000] {processor.py:179} INFO - Processing /home/ubuntu/redfin/lib/python3.10/site-packages/airflow/example_dags/plugins/event_listener.py took 0.020 seconds
[2023-12-03T23:11:49.315+0000] {processor.py:157} INFO - Started process (PID=4007) to work on /home/ubuntu/redfin/lib/python3.10/site-packages/airflow/example_dags/plugins/event_listener.py
[2023-12-03T23:11:49.316+0000] {processor.py:829} INFO - Processing file /home/ubuntu/redfin/lib/python3.10/site-packages/airflow/example_dags/plugins/event_listener.py for tasks to queue
[2023-12-03T23:11:49.317+0000] {logging_mixin.py:154} INFO - [2023-12-03T23:11:49.317+0000] {dagbag.py:536} INFO - Filling up the DagBag from /home/ubuntu/redfin/lib/python3.10/site-packages/airflow/example_dags/plugins/event_listener.py
[2023-12-03T23:11:49.320+0000] {processor.py:841} WARNING - No viable dags retrieved from /home/ubuntu/redfin/lib/python3.10/site-packages/airflow/example_dags/plugins/event_listener.py
[2023-12-03T23:11:49.332+0000] {processor.py:179} INFO - Processing /home/ubuntu/redfin/lib/python3.10/site-packages/airflow/example_dags/plugins/event_listener.py took 0.020 seconds
[2023-12-03T23:12:33.334+0000] {processor.py:157} INFO - Started process (PID=4056) to work on /home/ubuntu/redfin/lib/python3.10/site-packages/airflow/example_dags/plugins/event_listener.py
[2023-12-03T23:12:33.336+0000] {processor.py:829} INFO - Processing file /home/ubuntu/redfin/lib/python3.10/site-packages/airflow/example_dags/plugins/event_listener.py for tasks to queue
[2023-12-03T23:12:33.337+0000] {logging_mixin.py:154} INFO - [2023-12-03T23:12:33.336+0000] {dagbag.py:536} INFO - Filling up the DagBag from /home/ubuntu/redfin/lib/python3.10/site-packages/airflow/example_dags/plugins/event_listener.py
[2023-12-03T23:12:33.339+0000] {processor.py:841} WARNING - No viable dags retrieved from /home/ubuntu/redfin/lib/python3.10/site-packages/airflow/example_dags/plugins/event_listener.py
[2023-12-03T23:12:33.351+0000] {processor.py:179} INFO - Processing /home/ubuntu/redfin/lib/python3.10/site-packages/airflow/example_dags/plugins/event_listener.py took 0.020 seconds
[2023-12-03T23:13:21.019+0000] {processor.py:157} INFO - Started process (PID=4106) to work on /home/ubuntu/redfin/lib/python3.10/site-packages/airflow/example_dags/plugins/event_listener.py
[2023-12-03T23:13:21.020+0000] {processor.py:829} INFO - Processing file /home/ubuntu/redfin/lib/python3.10/site-packages/airflow/example_dags/plugins/event_listener.py for tasks to queue
[2023-12-03T23:13:21.021+0000] {logging_mixin.py:154} INFO - [2023-12-03T23:13:21.021+0000] {dagbag.py:536} INFO - Filling up the DagBag from /home/ubuntu/redfin/lib/python3.10/site-packages/airflow/example_dags/plugins/event_listener.py
[2023-12-03T23:13:21.024+0000] {processor.py:841} WARNING - No viable dags retrieved from /home/ubuntu/redfin/lib/python3.10/site-packages/airflow/example_dags/plugins/event_listener.py
[2023-12-03T23:13:21.035+0000] {processor.py:179} INFO - Processing /home/ubuntu/redfin/lib/python3.10/site-packages/airflow/example_dags/plugins/event_listener.py took 0.020 seconds
[2023-12-03T23:14:05.203+0000] {processor.py:157} INFO - Started process (PID=4156) to work on /home/ubuntu/redfin/lib/python3.10/site-packages/airflow/example_dags/plugins/event_listener.py
[2023-12-03T23:14:05.205+0000] {processor.py:829} INFO - Processing file /home/ubuntu/redfin/lib/python3.10/site-packages/airflow/example_dags/plugins/event_listener.py for tasks to queue
[2023-12-03T23:14:05.206+0000] {logging_mixin.py:154} INFO - [2023-12-03T23:14:05.205+0000] {dagbag.py:536} INFO - Filling up the DagBag from /home/ubuntu/redfin/lib/python3.10/site-packages/airflow/example_dags/plugins/event_listener.py
[2023-12-03T23:14:05.208+0000] {processor.py:841} WARNING - No viable dags retrieved from /home/ubuntu/redfin/lib/python3.10/site-packages/airflow/example_dags/plugins/event_listener.py
[2023-12-03T23:14:05.220+0000] {processor.py:179} INFO - Processing /home/ubuntu/redfin/lib/python3.10/site-packages/airflow/example_dags/plugins/event_listener.py took 0.021 seconds
[2023-12-03T23:14:37.852+0000] {processor.py:157} INFO - Started process (PID=4192) to work on /home/ubuntu/redfin/lib/python3.10/site-packages/airflow/example_dags/plugins/event_listener.py
[2023-12-03T23:14:37.852+0000] {processor.py:829} INFO - Processing file /home/ubuntu/redfin/lib/python3.10/site-packages/airflow/example_dags/plugins/event_listener.py for tasks to queue
[2023-12-03T23:14:37.853+0000] {logging_mixin.py:154} INFO - [2023-12-03T23:14:37.853+0000] {dagbag.py:536} INFO - Filling up the DagBag from /home/ubuntu/redfin/lib/python3.10/site-packages/airflow/example_dags/plugins/event_listener.py
[2023-12-03T23:14:37.856+0000] {processor.py:841} WARNING - No viable dags retrieved from /home/ubuntu/redfin/lib/python3.10/site-packages/airflow/example_dags/plugins/event_listener.py
[2023-12-03T23:14:37.867+0000] {processor.py:179} INFO - Processing /home/ubuntu/redfin/lib/python3.10/site-packages/airflow/example_dags/plugins/event_listener.py took 0.019 seconds
[2023-12-03T23:15:09.866+0000] {processor.py:157} INFO - Started process (PID=4227) to work on /home/ubuntu/redfin/lib/python3.10/site-packages/airflow/example_dags/plugins/event_listener.py
[2023-12-03T23:15:09.867+0000] {processor.py:829} INFO - Processing file /home/ubuntu/redfin/lib/python3.10/site-packages/airflow/example_dags/plugins/event_listener.py for tasks to queue
[2023-12-03T23:15:09.868+0000] {logging_mixin.py:154} INFO - [2023-12-03T23:15:09.868+0000] {dagbag.py:536} INFO - Filling up the DagBag from /home/ubuntu/redfin/lib/python3.10/site-packages/airflow/example_dags/plugins/event_listener.py
[2023-12-03T23:15:09.871+0000] {processor.py:841} WARNING - No viable dags retrieved from /home/ubuntu/redfin/lib/python3.10/site-packages/airflow/example_dags/plugins/event_listener.py
[2023-12-03T23:15:09.883+0000] {processor.py:179} INFO - Processing /home/ubuntu/redfin/lib/python3.10/site-packages/airflow/example_dags/plugins/event_listener.py took 0.020 seconds
[2023-12-03T23:15:43.161+0000] {processor.py:157} INFO - Started process (PID=4264) to work on /home/ubuntu/redfin/lib/python3.10/site-packages/airflow/example_dags/plugins/event_listener.py
[2023-12-03T23:15:43.162+0000] {processor.py:829} INFO - Processing file /home/ubuntu/redfin/lib/python3.10/site-packages/airflow/example_dags/plugins/event_listener.py for tasks to queue
[2023-12-03T23:15:43.163+0000] {logging_mixin.py:154} INFO - [2023-12-03T23:15:43.163+0000] {dagbag.py:536} INFO - Filling up the DagBag from /home/ubuntu/redfin/lib/python3.10/site-packages/airflow/example_dags/plugins/event_listener.py
[2023-12-03T23:15:43.166+0000] {processor.py:841} WARNING - No viable dags retrieved from /home/ubuntu/redfin/lib/python3.10/site-packages/airflow/example_dags/plugins/event_listener.py
[2023-12-03T23:15:43.176+0000] {processor.py:179} INFO - Processing /home/ubuntu/redfin/lib/python3.10/site-packages/airflow/example_dags/plugins/event_listener.py took 0.019 seconds
[2023-12-03T23:16:29.820+0000] {processor.py:157} INFO - Started process (PID=4314) to work on /home/ubuntu/redfin/lib/python3.10/site-packages/airflow/example_dags/plugins/event_listener.py
[2023-12-03T23:16:29.821+0000] {processor.py:829} INFO - Processing file /home/ubuntu/redfin/lib/python3.10/site-packages/airflow/example_dags/plugins/event_listener.py for tasks to queue
[2023-12-03T23:16:29.822+0000] {logging_mixin.py:154} INFO - [2023-12-03T23:16:29.822+0000] {dagbag.py:536} INFO - Filling up the DagBag from /home/ubuntu/redfin/lib/python3.10/site-packages/airflow/example_dags/plugins/event_listener.py
[2023-12-03T23:16:29.825+0000] {processor.py:841} WARNING - No viable dags retrieved from /home/ubuntu/redfin/lib/python3.10/site-packages/airflow/example_dags/plugins/event_listener.py
[2023-12-03T23:16:29.838+0000] {processor.py:179} INFO - Processing /home/ubuntu/redfin/lib/python3.10/site-packages/airflow/example_dags/plugins/event_listener.py took 0.021 seconds
[2023-12-03T23:17:01.816+0000] {processor.py:157} INFO - Started process (PID=4352) to work on /home/ubuntu/redfin/lib/python3.10/site-packages/airflow/example_dags/plugins/event_listener.py
[2023-12-03T23:17:01.816+0000] {processor.py:829} INFO - Processing file /home/ubuntu/redfin/lib/python3.10/site-packages/airflow/example_dags/plugins/event_listener.py for tasks to queue
[2023-12-03T23:17:01.817+0000] {logging_mixin.py:154} INFO - [2023-12-03T23:17:01.817+0000] {dagbag.py:536} INFO - Filling up the DagBag from /home/ubuntu/redfin/lib/python3.10/site-packages/airflow/example_dags/plugins/event_listener.py
[2023-12-03T23:17:01.820+0000] {processor.py:841} WARNING - No viable dags retrieved from /home/ubuntu/redfin/lib/python3.10/site-packages/airflow/example_dags/plugins/event_listener.py
[2023-12-03T23:17:01.831+0000] {processor.py:179} INFO - Processing /home/ubuntu/redfin/lib/python3.10/site-packages/airflow/example_dags/plugins/event_listener.py took 0.019 seconds
[2023-12-03T23:17:46.746+0000] {processor.py:157} INFO - Started process (PID=4402) to work on /home/ubuntu/redfin/lib/python3.10/site-packages/airflow/example_dags/plugins/event_listener.py
[2023-12-03T23:17:46.747+0000] {processor.py:829} INFO - Processing file /home/ubuntu/redfin/lib/python3.10/site-packages/airflow/example_dags/plugins/event_listener.py for tasks to queue
[2023-12-03T23:17:46.748+0000] {logging_mixin.py:154} INFO - [2023-12-03T23:17:46.748+0000] {dagbag.py:536} INFO - Filling up the DagBag from /home/ubuntu/redfin/lib/python3.10/site-packages/airflow/example_dags/plugins/event_listener.py
[2023-12-03T23:17:46.751+0000] {processor.py:841} WARNING - No viable dags retrieved from /home/ubuntu/redfin/lib/python3.10/site-packages/airflow/example_dags/plugins/event_listener.py
[2023-12-03T23:17:46.762+0000] {processor.py:179} INFO - Processing /home/ubuntu/redfin/lib/python3.10/site-packages/airflow/example_dags/plugins/event_listener.py took 0.020 seconds
[2023-12-03T23:18:32.362+0000] {processor.py:157} INFO - Started process (PID=4455) to work on /home/ubuntu/redfin/lib/python3.10/site-packages/airflow/example_dags/plugins/event_listener.py
[2023-12-03T23:18:32.363+0000] {processor.py:829} INFO - Processing file /home/ubuntu/redfin/lib/python3.10/site-packages/airflow/example_dags/plugins/event_listener.py for tasks to queue
[2023-12-03T23:18:32.364+0000] {logging_mixin.py:154} INFO - [2023-12-03T23:18:32.364+0000] {dagbag.py:536} INFO - Filling up the DagBag from /home/ubuntu/redfin/lib/python3.10/site-packages/airflow/example_dags/plugins/event_listener.py
[2023-12-03T23:18:32.367+0000] {processor.py:841} WARNING - No viable dags retrieved from /home/ubuntu/redfin/lib/python3.10/site-packages/airflow/example_dags/plugins/event_listener.py
[2023-12-03T23:18:32.378+0000] {processor.py:179} INFO - Processing /home/ubuntu/redfin/lib/python3.10/site-packages/airflow/example_dags/plugins/event_listener.py took 0.020 seconds
[2023-12-03T23:19:16.238+0000] {processor.py:157} INFO - Started process (PID=4504) to work on /home/ubuntu/redfin/lib/python3.10/site-packages/airflow/example_dags/plugins/event_listener.py
[2023-12-03T23:19:16.240+0000] {processor.py:829} INFO - Processing file /home/ubuntu/redfin/lib/python3.10/site-packages/airflow/example_dags/plugins/event_listener.py for tasks to queue
[2023-12-03T23:19:16.241+0000] {logging_mixin.py:154} INFO - [2023-12-03T23:19:16.240+0000] {dagbag.py:536} INFO - Filling up the DagBag from /home/ubuntu/redfin/lib/python3.10/site-packages/airflow/example_dags/plugins/event_listener.py
[2023-12-03T23:19:16.243+0000] {processor.py:841} WARNING - No viable dags retrieved from /home/ubuntu/redfin/lib/python3.10/site-packages/airflow/example_dags/plugins/event_listener.py
[2023-12-03T23:19:16.254+0000] {processor.py:179} INFO - Processing /home/ubuntu/redfin/lib/python3.10/site-packages/airflow/example_dags/plugins/event_listener.py took 0.020 seconds
[2023-12-03T23:20:00.009+0000] {processor.py:157} INFO - Started process (PID=4553) to work on /home/ubuntu/redfin/lib/python3.10/site-packages/airflow/example_dags/plugins/event_listener.py
[2023-12-03T23:20:00.010+0000] {processor.py:829} INFO - Processing file /home/ubuntu/redfin/lib/python3.10/site-packages/airflow/example_dags/plugins/event_listener.py for tasks to queue
[2023-12-03T23:20:00.011+0000] {logging_mixin.py:154} INFO - [2023-12-03T23:20:00.011+0000] {dagbag.py:536} INFO - Filling up the DagBag from /home/ubuntu/redfin/lib/python3.10/site-packages/airflow/example_dags/plugins/event_listener.py
[2023-12-03T23:20:00.014+0000] {processor.py:841} WARNING - No viable dags retrieved from /home/ubuntu/redfin/lib/python3.10/site-packages/airflow/example_dags/plugins/event_listener.py
[2023-12-03T23:20:00.026+0000] {processor.py:179} INFO - Processing /home/ubuntu/redfin/lib/python3.10/site-packages/airflow/example_dags/plugins/event_listener.py took 0.021 seconds
[2023-12-03T23:20:42.581+0000] {processor.py:157} INFO - Started process (PID=4601) to work on /home/ubuntu/redfin/lib/python3.10/site-packages/airflow/example_dags/plugins/event_listener.py
[2023-12-03T23:20:42.582+0000] {processor.py:829} INFO - Processing file /home/ubuntu/redfin/lib/python3.10/site-packages/airflow/example_dags/plugins/event_listener.py for tasks to queue
[2023-12-03T23:20:42.583+0000] {logging_mixin.py:154} INFO - [2023-12-03T23:20:42.583+0000] {dagbag.py:536} INFO - Filling up the DagBag from /home/ubuntu/redfin/lib/python3.10/site-packages/airflow/example_dags/plugins/event_listener.py
[2023-12-03T23:20:42.586+0000] {processor.py:841} WARNING - No viable dags retrieved from /home/ubuntu/redfin/lib/python3.10/site-packages/airflow/example_dags/plugins/event_listener.py
[2023-12-03T23:20:42.598+0000] {processor.py:179} INFO - Processing /home/ubuntu/redfin/lib/python3.10/site-packages/airflow/example_dags/plugins/event_listener.py took 0.021 seconds
[2023-12-03T23:21:29.954+0000] {processor.py:157} INFO - Started process (PID=4651) to work on /home/ubuntu/redfin/lib/python3.10/site-packages/airflow/example_dags/plugins/event_listener.py
[2023-12-03T23:21:29.955+0000] {processor.py:829} INFO - Processing file /home/ubuntu/redfin/lib/python3.10/site-packages/airflow/example_dags/plugins/event_listener.py for tasks to queue
[2023-12-03T23:21:29.956+0000] {logging_mixin.py:154} INFO - [2023-12-03T23:21:29.956+0000] {dagbag.py:536} INFO - Filling up the DagBag from /home/ubuntu/redfin/lib/python3.10/site-packages/airflow/example_dags/plugins/event_listener.py
[2023-12-03T23:21:29.959+0000] {processor.py:841} WARNING - No viable dags retrieved from /home/ubuntu/redfin/lib/python3.10/site-packages/airflow/example_dags/plugins/event_listener.py
[2023-12-03T23:21:29.971+0000] {processor.py:179} INFO - Processing /home/ubuntu/redfin/lib/python3.10/site-packages/airflow/example_dags/plugins/event_listener.py took 0.021 seconds
[2023-12-03T23:22:04.012+0000] {processor.py:157} INFO - Started process (PID=4689) to work on /home/ubuntu/redfin/lib/python3.10/site-packages/airflow/example_dags/plugins/event_listener.py
[2023-12-03T23:22:04.013+0000] {processor.py:829} INFO - Processing file /home/ubuntu/redfin/lib/python3.10/site-packages/airflow/example_dags/plugins/event_listener.py for tasks to queue
[2023-12-03T23:22:04.014+0000] {logging_mixin.py:154} INFO - [2023-12-03T23:22:04.014+0000] {dagbag.py:536} INFO - Filling up the DagBag from /home/ubuntu/redfin/lib/python3.10/site-packages/airflow/example_dags/plugins/event_listener.py
[2023-12-03T23:22:04.017+0000] {processor.py:841} WARNING - No viable dags retrieved from /home/ubuntu/redfin/lib/python3.10/site-packages/airflow/example_dags/plugins/event_listener.py
[2023-12-03T23:22:04.029+0000] {processor.py:179} INFO - Processing /home/ubuntu/redfin/lib/python3.10/site-packages/airflow/example_dags/plugins/event_listener.py took 0.020 seconds
[2023-12-03T23:22:37.093+0000] {processor.py:157} INFO - Started process (PID=4725) to work on /home/ubuntu/redfin/lib/python3.10/site-packages/airflow/example_dags/plugins/event_listener.py
[2023-12-03T23:22:37.094+0000] {processor.py:829} INFO - Processing file /home/ubuntu/redfin/lib/python3.10/site-packages/airflow/example_dags/plugins/event_listener.py for tasks to queue
[2023-12-03T23:22:37.095+0000] {logging_mixin.py:154} INFO - [2023-12-03T23:22:37.095+0000] {dagbag.py:536} INFO - Filling up the DagBag from /home/ubuntu/redfin/lib/python3.10/site-packages/airflow/example_dags/plugins/event_listener.py
[2023-12-03T23:22:37.098+0000] {processor.py:841} WARNING - No viable dags retrieved from /home/ubuntu/redfin/lib/python3.10/site-packages/airflow/example_dags/plugins/event_listener.py
[2023-12-03T23:22:37.108+0000] {processor.py:179} INFO - Processing /home/ubuntu/redfin/lib/python3.10/site-packages/airflow/example_dags/plugins/event_listener.py took 0.019 seconds
[2023-12-03T23:23:22.385+0000] {processor.py:157} INFO - Started process (PID=4775) to work on /home/ubuntu/redfin/lib/python3.10/site-packages/airflow/example_dags/plugins/event_listener.py
[2023-12-03T23:23:22.387+0000] {processor.py:829} INFO - Processing file /home/ubuntu/redfin/lib/python3.10/site-packages/airflow/example_dags/plugins/event_listener.py for tasks to queue
[2023-12-03T23:23:22.388+0000] {logging_mixin.py:154} INFO - [2023-12-03T23:23:22.387+0000] {dagbag.py:536} INFO - Filling up the DagBag from /home/ubuntu/redfin/lib/python3.10/site-packages/airflow/example_dags/plugins/event_listener.py
[2023-12-03T23:23:22.390+0000] {processor.py:841} WARNING - No viable dags retrieved from /home/ubuntu/redfin/lib/python3.10/site-packages/airflow/example_dags/plugins/event_listener.py
[2023-12-03T23:23:22.401+0000] {processor.py:179} INFO - Processing /home/ubuntu/redfin/lib/python3.10/site-packages/airflow/example_dags/plugins/event_listener.py took 0.020 seconds
[2023-12-03T23:24:10.405+0000] {processor.py:157} INFO - Started process (PID=4828) to work on /home/ubuntu/redfin/lib/python3.10/site-packages/airflow/example_dags/plugins/event_listener.py
[2023-12-03T23:24:10.406+0000] {processor.py:829} INFO - Processing file /home/ubuntu/redfin/lib/python3.10/site-packages/airflow/example_dags/plugins/event_listener.py for tasks to queue
[2023-12-03T23:24:10.407+0000] {logging_mixin.py:154} INFO - [2023-12-03T23:24:10.406+0000] {dagbag.py:536} INFO - Filling up the DagBag from /home/ubuntu/redfin/lib/python3.10/site-packages/airflow/example_dags/plugins/event_listener.py
[2023-12-03T23:24:10.410+0000] {processor.py:841} WARNING - No viable dags retrieved from /home/ubuntu/redfin/lib/python3.10/site-packages/airflow/example_dags/plugins/event_listener.py
[2023-12-03T23:24:10.421+0000] {processor.py:179} INFO - Processing /home/ubuntu/redfin/lib/python3.10/site-packages/airflow/example_dags/plugins/event_listener.py took 0.020 seconds
[2023-12-03T23:24:56.459+0000] {processor.py:157} INFO - Started process (PID=4878) to work on /home/ubuntu/redfin/lib/python3.10/site-packages/airflow/example_dags/plugins/event_listener.py
[2023-12-03T23:24:56.460+0000] {processor.py:829} INFO - Processing file /home/ubuntu/redfin/lib/python3.10/site-packages/airflow/example_dags/plugins/event_listener.py for tasks to queue
[2023-12-03T23:24:56.461+0000] {logging_mixin.py:154} INFO - [2023-12-03T23:24:56.461+0000] {dagbag.py:536} INFO - Filling up the DagBag from /home/ubuntu/redfin/lib/python3.10/site-packages/airflow/example_dags/plugins/event_listener.py
[2023-12-03T23:24:56.464+0000] {processor.py:841} WARNING - No viable dags retrieved from /home/ubuntu/redfin/lib/python3.10/site-packages/airflow/example_dags/plugins/event_listener.py
[2023-12-03T23:24:56.475+0000] {processor.py:179} INFO - Processing /home/ubuntu/redfin/lib/python3.10/site-packages/airflow/example_dags/plugins/event_listener.py took 0.020 seconds
[2023-12-03T23:25:30.524+0000] {processor.py:157} INFO - Started process (PID=4915) to work on /home/ubuntu/redfin/lib/python3.10/site-packages/airflow/example_dags/plugins/event_listener.py
[2023-12-03T23:25:30.525+0000] {processor.py:829} INFO - Processing file /home/ubuntu/redfin/lib/python3.10/site-packages/airflow/example_dags/plugins/event_listener.py for tasks to queue
[2023-12-03T23:25:30.526+0000] {logging_mixin.py:154} INFO - [2023-12-03T23:25:30.526+0000] {dagbag.py:536} INFO - Filling up the DagBag from /home/ubuntu/redfin/lib/python3.10/site-packages/airflow/example_dags/plugins/event_listener.py
[2023-12-03T23:25:30.529+0000] {processor.py:841} WARNING - No viable dags retrieved from /home/ubuntu/redfin/lib/python3.10/site-packages/airflow/example_dags/plugins/event_listener.py
[2023-12-03T23:25:30.541+0000] {processor.py:179} INFO - Processing /home/ubuntu/redfin/lib/python3.10/site-packages/airflow/example_dags/plugins/event_listener.py took 0.021 seconds
[2023-12-03T23:26:01.519+0000] {processor.py:157} INFO - Started process (PID=4950) to work on /home/ubuntu/redfin/lib/python3.10/site-packages/airflow/example_dags/plugins/event_listener.py
[2023-12-03T23:26:01.520+0000] {processor.py:829} INFO - Processing file /home/ubuntu/redfin/lib/python3.10/site-packages/airflow/example_dags/plugins/event_listener.py for tasks to queue
[2023-12-03T23:26:01.521+0000] {logging_mixin.py:154} INFO - [2023-12-03T23:26:01.520+0000] {dagbag.py:536} INFO - Filling up the DagBag from /home/ubuntu/redfin/lib/python3.10/site-packages/airflow/example_dags/plugins/event_listener.py
[2023-12-03T23:26:01.524+0000] {processor.py:841} WARNING - No viable dags retrieved from /home/ubuntu/redfin/lib/python3.10/site-packages/airflow/example_dags/plugins/event_listener.py
[2023-12-03T23:26:01.536+0000] {processor.py:179} INFO - Processing /home/ubuntu/redfin/lib/python3.10/site-packages/airflow/example_dags/plugins/event_listener.py took 0.020 seconds
[2023-12-03T23:26:33.452+0000] {processor.py:157} INFO - Started process (PID=4986) to work on /home/ubuntu/redfin/lib/python3.10/site-packages/airflow/example_dags/plugins/event_listener.py
[2023-12-03T23:26:33.453+0000] {processor.py:829} INFO - Processing file /home/ubuntu/redfin/lib/python3.10/site-packages/airflow/example_dags/plugins/event_listener.py for tasks to queue
[2023-12-03T23:26:33.454+0000] {logging_mixin.py:154} INFO - [2023-12-03T23:26:33.454+0000] {dagbag.py:536} INFO - Filling up the DagBag from /home/ubuntu/redfin/lib/python3.10/site-packages/airflow/example_dags/plugins/event_listener.py
[2023-12-03T23:26:33.457+0000] {processor.py:841} WARNING - No viable dags retrieved from /home/ubuntu/redfin/lib/python3.10/site-packages/airflow/example_dags/plugins/event_listener.py
[2023-12-03T23:26:33.468+0000] {processor.py:179} INFO - Processing /home/ubuntu/redfin/lib/python3.10/site-packages/airflow/example_dags/plugins/event_listener.py took 0.020 seconds
[2023-12-03T23:27:17.646+0000] {processor.py:157} INFO - Started process (PID=5035) to work on /home/ubuntu/redfin/lib/python3.10/site-packages/airflow/example_dags/plugins/event_listener.py
[2023-12-03T23:27:17.647+0000] {processor.py:829} INFO - Processing file /home/ubuntu/redfin/lib/python3.10/site-packages/airflow/example_dags/plugins/event_listener.py for tasks to queue
[2023-12-03T23:27:17.648+0000] {logging_mixin.py:154} INFO - [2023-12-03T23:27:17.647+0000] {dagbag.py:536} INFO - Filling up the DagBag from /home/ubuntu/redfin/lib/python3.10/site-packages/airflow/example_dags/plugins/event_listener.py
[2023-12-03T23:27:17.650+0000] {processor.py:841} WARNING - No viable dags retrieved from /home/ubuntu/redfin/lib/python3.10/site-packages/airflow/example_dags/plugins/event_listener.py
[2023-12-03T23:27:17.662+0000] {processor.py:179} INFO - Processing /home/ubuntu/redfin/lib/python3.10/site-packages/airflow/example_dags/plugins/event_listener.py took 0.020 seconds
[2023-12-03T23:28:00.277+0000] {processor.py:157} INFO - Started process (PID=5082) to work on /home/ubuntu/redfin/lib/python3.10/site-packages/airflow/example_dags/plugins/event_listener.py
[2023-12-03T23:28:00.279+0000] {processor.py:829} INFO - Processing file /home/ubuntu/redfin/lib/python3.10/site-packages/airflow/example_dags/plugins/event_listener.py for tasks to queue
[2023-12-03T23:28:00.280+0000] {logging_mixin.py:154} INFO - [2023-12-03T23:28:00.279+0000] {dagbag.py:536} INFO - Filling up the DagBag from /home/ubuntu/redfin/lib/python3.10/site-packages/airflow/example_dags/plugins/event_listener.py
[2023-12-03T23:28:00.282+0000] {processor.py:841} WARNING - No viable dags retrieved from /home/ubuntu/redfin/lib/python3.10/site-packages/airflow/example_dags/plugins/event_listener.py
[2023-12-03T23:28:00.293+0000] {processor.py:179} INFO - Processing /home/ubuntu/redfin/lib/python3.10/site-packages/airflow/example_dags/plugins/event_listener.py took 0.020 seconds
[2023-12-03T23:28:46.822+0000] {processor.py:157} INFO - Started process (PID=5132) to work on /home/ubuntu/redfin/lib/python3.10/site-packages/airflow/example_dags/plugins/event_listener.py
[2023-12-03T23:28:46.823+0000] {processor.py:829} INFO - Processing file /home/ubuntu/redfin/lib/python3.10/site-packages/airflow/example_dags/plugins/event_listener.py for tasks to queue
[2023-12-03T23:28:46.824+0000] {logging_mixin.py:154} INFO - [2023-12-03T23:28:46.824+0000] {dagbag.py:536} INFO - Filling up the DagBag from /home/ubuntu/redfin/lib/python3.10/site-packages/airflow/example_dags/plugins/event_listener.py
[2023-12-03T23:28:46.827+0000] {processor.py:841} WARNING - No viable dags retrieved from /home/ubuntu/redfin/lib/python3.10/site-packages/airflow/example_dags/plugins/event_listener.py
[2023-12-03T23:28:46.838+0000] {processor.py:179} INFO - Processing /home/ubuntu/redfin/lib/python3.10/site-packages/airflow/example_dags/plugins/event_listener.py took 0.020 seconds
[2023-12-03T23:29:33.385+0000] {processor.py:157} INFO - Started process (PID=5182) to work on /home/ubuntu/redfin/lib/python3.10/site-packages/airflow/example_dags/plugins/event_listener.py
[2023-12-03T23:29:33.386+0000] {processor.py:829} INFO - Processing file /home/ubuntu/redfin/lib/python3.10/site-packages/airflow/example_dags/plugins/event_listener.py for tasks to queue
[2023-12-03T23:29:33.387+0000] {logging_mixin.py:154} INFO - [2023-12-03T23:29:33.387+0000] {dagbag.py:536} INFO - Filling up the DagBag from /home/ubuntu/redfin/lib/python3.10/site-packages/airflow/example_dags/plugins/event_listener.py
[2023-12-03T23:29:33.390+0000] {processor.py:841} WARNING - No viable dags retrieved from /home/ubuntu/redfin/lib/python3.10/site-packages/airflow/example_dags/plugins/event_listener.py
[2023-12-03T23:29:33.401+0000] {processor.py:179} INFO - Processing /home/ubuntu/redfin/lib/python3.10/site-packages/airflow/example_dags/plugins/event_listener.py took 0.020 seconds
[2023-12-03T23:30:05.820+0000] {processor.py:157} INFO - Started process (PID=5219) to work on /home/ubuntu/redfin/lib/python3.10/site-packages/airflow/example_dags/plugins/event_listener.py
[2023-12-03T23:30:05.822+0000] {processor.py:829} INFO - Processing file /home/ubuntu/redfin/lib/python3.10/site-packages/airflow/example_dags/plugins/event_listener.py for tasks to queue
[2023-12-03T23:30:05.823+0000] {logging_mixin.py:154} INFO - [2023-12-03T23:30:05.822+0000] {dagbag.py:536} INFO - Filling up the DagBag from /home/ubuntu/redfin/lib/python3.10/site-packages/airflow/example_dags/plugins/event_listener.py
[2023-12-03T23:30:05.825+0000] {processor.py:841} WARNING - No viable dags retrieved from /home/ubuntu/redfin/lib/python3.10/site-packages/airflow/example_dags/plugins/event_listener.py
[2023-12-03T23:30:05.837+0000] {processor.py:179} INFO - Processing /home/ubuntu/redfin/lib/python3.10/site-packages/airflow/example_dags/plugins/event_listener.py took 0.021 seconds
[2023-12-03T23:30:37.274+0000] {processor.py:157} INFO - Started process (PID=5254) to work on /home/ubuntu/redfin/lib/python3.10/site-packages/airflow/example_dags/plugins/event_listener.py
[2023-12-03T23:30:37.276+0000] {processor.py:829} INFO - Processing file /home/ubuntu/redfin/lib/python3.10/site-packages/airflow/example_dags/plugins/event_listener.py for tasks to queue
[2023-12-03T23:30:37.276+0000] {logging_mixin.py:154} INFO - [2023-12-03T23:30:37.276+0000] {dagbag.py:536} INFO - Filling up the DagBag from /home/ubuntu/redfin/lib/python3.10/site-packages/airflow/example_dags/plugins/event_listener.py
[2023-12-03T23:30:37.279+0000] {processor.py:841} WARNING - No viable dags retrieved from /home/ubuntu/redfin/lib/python3.10/site-packages/airflow/example_dags/plugins/event_listener.py
[2023-12-03T23:30:37.291+0000] {processor.py:179} INFO - Processing /home/ubuntu/redfin/lib/python3.10/site-packages/airflow/example_dags/plugins/event_listener.py took 0.020 seconds
[2023-12-03T23:31:23.252+0000] {processor.py:157} INFO - Started process (PID=5304) to work on /home/ubuntu/redfin/lib/python3.10/site-packages/airflow/example_dags/plugins/event_listener.py
[2023-12-03T23:31:23.254+0000] {processor.py:829} INFO - Processing file /home/ubuntu/redfin/lib/python3.10/site-packages/airflow/example_dags/plugins/event_listener.py for tasks to queue
[2023-12-03T23:31:23.255+0000] {logging_mixin.py:154} INFO - [2023-12-03T23:31:23.255+0000] {dagbag.py:536} INFO - Filling up the DagBag from /home/ubuntu/redfin/lib/python3.10/site-packages/airflow/example_dags/plugins/event_listener.py
[2023-12-03T23:31:23.258+0000] {processor.py:841} WARNING - No viable dags retrieved from /home/ubuntu/redfin/lib/python3.10/site-packages/airflow/example_dags/plugins/event_listener.py
[2023-12-03T23:31:23.270+0000] {processor.py:179} INFO - Processing /home/ubuntu/redfin/lib/python3.10/site-packages/airflow/example_dags/plugins/event_listener.py took 0.021 seconds
[2023-12-03T23:31:56.557+0000] {processor.py:157} INFO - Started process (PID=5340) to work on /home/ubuntu/redfin/lib/python3.10/site-packages/airflow/example_dags/plugins/event_listener.py
[2023-12-03T23:31:56.558+0000] {processor.py:829} INFO - Processing file /home/ubuntu/redfin/lib/python3.10/site-packages/airflow/example_dags/plugins/event_listener.py for tasks to queue
[2023-12-03T23:31:56.559+0000] {logging_mixin.py:154} INFO - [2023-12-03T23:31:56.559+0000] {dagbag.py:536} INFO - Filling up the DagBag from /home/ubuntu/redfin/lib/python3.10/site-packages/airflow/example_dags/plugins/event_listener.py
[2023-12-03T23:31:56.562+0000] {processor.py:841} WARNING - No viable dags retrieved from /home/ubuntu/redfin/lib/python3.10/site-packages/airflow/example_dags/plugins/event_listener.py
[2023-12-03T23:31:56.573+0000] {processor.py:179} INFO - Processing /home/ubuntu/redfin/lib/python3.10/site-packages/airflow/example_dags/plugins/event_listener.py took 0.020 seconds
[2023-12-03T23:32:40.012+0000] {processor.py:157} INFO - Started process (PID=5389) to work on /home/ubuntu/redfin/lib/python3.10/site-packages/airflow/example_dags/plugins/event_listener.py
[2023-12-03T23:32:40.014+0000] {processor.py:829} INFO - Processing file /home/ubuntu/redfin/lib/python3.10/site-packages/airflow/example_dags/plugins/event_listener.py for tasks to queue
[2023-12-03T23:32:40.015+0000] {logging_mixin.py:154} INFO - [2023-12-03T23:32:40.014+0000] {dagbag.py:536} INFO - Filling up the DagBag from /home/ubuntu/redfin/lib/python3.10/site-packages/airflow/example_dags/plugins/event_listener.py
[2023-12-03T23:32:40.018+0000] {processor.py:841} WARNING - No viable dags retrieved from /home/ubuntu/redfin/lib/python3.10/site-packages/airflow/example_dags/plugins/event_listener.py
[2023-12-03T23:32:40.029+0000] {processor.py:179} INFO - Processing /home/ubuntu/redfin/lib/python3.10/site-packages/airflow/example_dags/plugins/event_listener.py took 0.020 seconds
[2023-12-03T23:33:25.955+0000] {processor.py:157} INFO - Started process (PID=5438) to work on /home/ubuntu/redfin/lib/python3.10/site-packages/airflow/example_dags/plugins/event_listener.py
[2023-12-03T23:33:25.956+0000] {processor.py:829} INFO - Processing file /home/ubuntu/redfin/lib/python3.10/site-packages/airflow/example_dags/plugins/event_listener.py for tasks to queue
[2023-12-03T23:33:25.957+0000] {logging_mixin.py:154} INFO - [2023-12-03T23:33:25.957+0000] {dagbag.py:536} INFO - Filling up the DagBag from /home/ubuntu/redfin/lib/python3.10/site-packages/airflow/example_dags/plugins/event_listener.py
[2023-12-03T23:33:25.960+0000] {processor.py:841} WARNING - No viable dags retrieved from /home/ubuntu/redfin/lib/python3.10/site-packages/airflow/example_dags/plugins/event_listener.py
[2023-12-03T23:33:25.972+0000] {processor.py:179} INFO - Processing /home/ubuntu/redfin/lib/python3.10/site-packages/airflow/example_dags/plugins/event_listener.py took 0.021 seconds
[2023-12-03T23:34:12.327+0000] {processor.py:157} INFO - Started process (PID=5491) to work on /home/ubuntu/redfin/lib/python3.10/site-packages/airflow/example_dags/plugins/event_listener.py
[2023-12-03T23:34:12.329+0000] {processor.py:829} INFO - Processing file /home/ubuntu/redfin/lib/python3.10/site-packages/airflow/example_dags/plugins/event_listener.py for tasks to queue
[2023-12-03T23:34:12.330+0000] {logging_mixin.py:154} INFO - [2023-12-03T23:34:12.330+0000] {dagbag.py:536} INFO - Filling up the DagBag from /home/ubuntu/redfin/lib/python3.10/site-packages/airflow/example_dags/plugins/event_listener.py
[2023-12-03T23:34:12.333+0000] {processor.py:841} WARNING - No viable dags retrieved from /home/ubuntu/redfin/lib/python3.10/site-packages/airflow/example_dags/plugins/event_listener.py
[2023-12-03T23:34:12.344+0000] {processor.py:179} INFO - Processing /home/ubuntu/redfin/lib/python3.10/site-packages/airflow/example_dags/plugins/event_listener.py took 0.020 seconds
[2023-12-03T23:34:59.151+0000] {processor.py:157} INFO - Started process (PID=5541) to work on /home/ubuntu/redfin/lib/python3.10/site-packages/airflow/example_dags/plugins/event_listener.py
[2023-12-03T23:34:59.153+0000] {processor.py:829} INFO - Processing file /home/ubuntu/redfin/lib/python3.10/site-packages/airflow/example_dags/plugins/event_listener.py for tasks to queue
[2023-12-03T23:34:59.154+0000] {logging_mixin.py:154} INFO - [2023-12-03T23:34:59.153+0000] {dagbag.py:536} INFO - Filling up the DagBag from /home/ubuntu/redfin/lib/python3.10/site-packages/airflow/example_dags/plugins/event_listener.py
[2023-12-03T23:34:59.156+0000] {processor.py:841} WARNING - No viable dags retrieved from /home/ubuntu/redfin/lib/python3.10/site-packages/airflow/example_dags/plugins/event_listener.py
[2023-12-03T23:34:59.168+0000] {processor.py:179} INFO - Processing /home/ubuntu/redfin/lib/python3.10/site-packages/airflow/example_dags/plugins/event_listener.py took 0.020 seconds
[2023-12-03T23:35:32.883+0000] {processor.py:157} INFO - Started process (PID=5577) to work on /home/ubuntu/redfin/lib/python3.10/site-packages/airflow/example_dags/plugins/event_listener.py
[2023-12-03T23:35:32.884+0000] {processor.py:829} INFO - Processing file /home/ubuntu/redfin/lib/python3.10/site-packages/airflow/example_dags/plugins/event_listener.py for tasks to queue
[2023-12-03T23:35:32.885+0000] {logging_mixin.py:154} INFO - [2023-12-03T23:35:32.885+0000] {dagbag.py:536} INFO - Filling up the DagBag from /home/ubuntu/redfin/lib/python3.10/site-packages/airflow/example_dags/plugins/event_listener.py
[2023-12-03T23:35:32.888+0000] {processor.py:841} WARNING - No viable dags retrieved from /home/ubuntu/redfin/lib/python3.10/site-packages/airflow/example_dags/plugins/event_listener.py
[2023-12-03T23:35:32.899+0000] {processor.py:179} INFO - Processing /home/ubuntu/redfin/lib/python3.10/site-packages/airflow/example_dags/plugins/event_listener.py took 0.020 seconds
[2023-12-03T23:36:05.467+0000] {processor.py:157} INFO - Started process (PID=5613) to work on /home/ubuntu/redfin/lib/python3.10/site-packages/airflow/example_dags/plugins/event_listener.py
[2023-12-03T23:36:05.468+0000] {processor.py:829} INFO - Processing file /home/ubuntu/redfin/lib/python3.10/site-packages/airflow/example_dags/plugins/event_listener.py for tasks to queue
[2023-12-03T23:36:05.469+0000] {logging_mixin.py:154} INFO - [2023-12-03T23:36:05.469+0000] {dagbag.py:536} INFO - Filling up the DagBag from /home/ubuntu/redfin/lib/python3.10/site-packages/airflow/example_dags/plugins/event_listener.py
[2023-12-03T23:36:05.472+0000] {processor.py:841} WARNING - No viable dags retrieved from /home/ubuntu/redfin/lib/python3.10/site-packages/airflow/example_dags/plugins/event_listener.py
[2023-12-03T23:36:05.483+0000] {processor.py:179} INFO - Processing /home/ubuntu/redfin/lib/python3.10/site-packages/airflow/example_dags/plugins/event_listener.py took 0.020 seconds
[2023-12-03T23:36:40.210+0000] {processor.py:157} INFO - Started process (PID=5650) to work on /home/ubuntu/redfin/lib/python3.10/site-packages/airflow/example_dags/plugins/event_listener.py
[2023-12-03T23:36:40.211+0000] {processor.py:829} INFO - Processing file /home/ubuntu/redfin/lib/python3.10/site-packages/airflow/example_dags/plugins/event_listener.py for tasks to queue
[2023-12-03T23:36:40.212+0000] {logging_mixin.py:154} INFO - [2023-12-03T23:36:40.212+0000] {dagbag.py:536} INFO - Filling up the DagBag from /home/ubuntu/redfin/lib/python3.10/site-packages/airflow/example_dags/plugins/event_listener.py
[2023-12-03T23:36:40.215+0000] {processor.py:841} WARNING - No viable dags retrieved from /home/ubuntu/redfin/lib/python3.10/site-packages/airflow/example_dags/plugins/event_listener.py
[2023-12-03T23:36:40.227+0000] {processor.py:179} INFO - Processing /home/ubuntu/redfin/lib/python3.10/site-packages/airflow/example_dags/plugins/event_listener.py took 0.021 seconds
[2023-12-03T23:37:13.206+0000] {processor.py:157} INFO - Started process (PID=5686) to work on /home/ubuntu/redfin/lib/python3.10/site-packages/airflow/example_dags/plugins/event_listener.py
[2023-12-03T23:37:13.208+0000] {processor.py:829} INFO - Processing file /home/ubuntu/redfin/lib/python3.10/site-packages/airflow/example_dags/plugins/event_listener.py for tasks to queue
[2023-12-03T23:37:13.209+0000] {logging_mixin.py:154} INFO - [2023-12-03T23:37:13.208+0000] {dagbag.py:536} INFO - Filling up the DagBag from /home/ubuntu/redfin/lib/python3.10/site-packages/airflow/example_dags/plugins/event_listener.py
[2023-12-03T23:37:13.211+0000] {processor.py:841} WARNING - No viable dags retrieved from /home/ubuntu/redfin/lib/python3.10/site-packages/airflow/example_dags/plugins/event_listener.py
[2023-12-03T23:37:13.223+0000] {processor.py:179} INFO - Processing /home/ubuntu/redfin/lib/python3.10/site-packages/airflow/example_dags/plugins/event_listener.py took 0.020 seconds
[2023-12-03T23:37:44.124+0000] {processor.py:157} INFO - Started process (PID=5722) to work on /home/ubuntu/redfin/lib/python3.10/site-packages/airflow/example_dags/plugins/event_listener.py
[2023-12-03T23:37:44.125+0000] {processor.py:829} INFO - Processing file /home/ubuntu/redfin/lib/python3.10/site-packages/airflow/example_dags/plugins/event_listener.py for tasks to queue
[2023-12-03T23:37:44.125+0000] {logging_mixin.py:154} INFO - [2023-12-03T23:37:44.125+0000] {dagbag.py:536} INFO - Filling up the DagBag from /home/ubuntu/redfin/lib/python3.10/site-packages/airflow/example_dags/plugins/event_listener.py
[2023-12-03T23:37:44.128+0000] {processor.py:841} WARNING - No viable dags retrieved from /home/ubuntu/redfin/lib/python3.10/site-packages/airflow/example_dags/plugins/event_listener.py
[2023-12-03T23:37:44.140+0000] {processor.py:179} INFO - Processing /home/ubuntu/redfin/lib/python3.10/site-packages/airflow/example_dags/plugins/event_listener.py took 0.020 seconds
[2023-12-03T23:38:30.199+0000] {processor.py:157} INFO - Started process (PID=5771) to work on /home/ubuntu/redfin/lib/python3.10/site-packages/airflow/example_dags/plugins/event_listener.py
[2023-12-03T23:38:30.200+0000] {processor.py:829} INFO - Processing file /home/ubuntu/redfin/lib/python3.10/site-packages/airflow/example_dags/plugins/event_listener.py for tasks to queue
[2023-12-03T23:38:30.201+0000] {logging_mixin.py:154} INFO - [2023-12-03T23:38:30.201+0000] {dagbag.py:536} INFO - Filling up the DagBag from /home/ubuntu/redfin/lib/python3.10/site-packages/airflow/example_dags/plugins/event_listener.py
[2023-12-03T23:38:30.204+0000] {processor.py:841} WARNING - No viable dags retrieved from /home/ubuntu/redfin/lib/python3.10/site-packages/airflow/example_dags/plugins/event_listener.py
[2023-12-03T23:38:30.215+0000] {processor.py:179} INFO - Processing /home/ubuntu/redfin/lib/python3.10/site-packages/airflow/example_dags/plugins/event_listener.py took 0.020 seconds
[2023-12-03T23:39:02.220+0000] {processor.py:157} INFO - Started process (PID=5807) to work on /home/ubuntu/redfin/lib/python3.10/site-packages/airflow/example_dags/plugins/event_listener.py
[2023-12-03T23:39:02.221+0000] {processor.py:829} INFO - Processing file /home/ubuntu/redfin/lib/python3.10/site-packages/airflow/example_dags/plugins/event_listener.py for tasks to queue
[2023-12-03T23:39:02.222+0000] {logging_mixin.py:154} INFO - [2023-12-03T23:39:02.222+0000] {dagbag.py:536} INFO - Filling up the DagBag from /home/ubuntu/redfin/lib/python3.10/site-packages/airflow/example_dags/plugins/event_listener.py
[2023-12-03T23:39:02.225+0000] {processor.py:841} WARNING - No viable dags retrieved from /home/ubuntu/redfin/lib/python3.10/site-packages/airflow/example_dags/plugins/event_listener.py
[2023-12-03T23:39:02.236+0000] {processor.py:179} INFO - Processing /home/ubuntu/redfin/lib/python3.10/site-packages/airflow/example_dags/plugins/event_listener.py took 0.019 seconds
[2023-12-03T23:39:48.675+0000] {processor.py:157} INFO - Started process (PID=5857) to work on /home/ubuntu/redfin/lib/python3.10/site-packages/airflow/example_dags/plugins/event_listener.py
[2023-12-03T23:39:48.676+0000] {processor.py:829} INFO - Processing file /home/ubuntu/redfin/lib/python3.10/site-packages/airflow/example_dags/plugins/event_listener.py for tasks to queue
[2023-12-03T23:39:48.677+0000] {logging_mixin.py:154} INFO - [2023-12-03T23:39:48.677+0000] {dagbag.py:536} INFO - Filling up the DagBag from /home/ubuntu/redfin/lib/python3.10/site-packages/airflow/example_dags/plugins/event_listener.py
[2023-12-03T23:39:48.680+0000] {processor.py:841} WARNING - No viable dags retrieved from /home/ubuntu/redfin/lib/python3.10/site-packages/airflow/example_dags/plugins/event_listener.py
[2023-12-03T23:39:48.691+0000] {processor.py:179} INFO - Processing /home/ubuntu/redfin/lib/python3.10/site-packages/airflow/example_dags/plugins/event_listener.py took 0.020 seconds
[2023-12-03T23:40:36.013+0000] {processor.py:157} INFO - Started process (PID=5907) to work on /home/ubuntu/redfin/lib/python3.10/site-packages/airflow/example_dags/plugins/event_listener.py
[2023-12-03T23:40:36.015+0000] {processor.py:829} INFO - Processing file /home/ubuntu/redfin/lib/python3.10/site-packages/airflow/example_dags/plugins/event_listener.py for tasks to queue
[2023-12-03T23:40:36.016+0000] {logging_mixin.py:154} INFO - [2023-12-03T23:40:36.015+0000] {dagbag.py:536} INFO - Filling up the DagBag from /home/ubuntu/redfin/lib/python3.10/site-packages/airflow/example_dags/plugins/event_listener.py
[2023-12-03T23:40:36.018+0000] {processor.py:841} WARNING - No viable dags retrieved from /home/ubuntu/redfin/lib/python3.10/site-packages/airflow/example_dags/plugins/event_listener.py
[2023-12-03T23:40:36.029+0000] {processor.py:179} INFO - Processing /home/ubuntu/redfin/lib/python3.10/site-packages/airflow/example_dags/plugins/event_listener.py took 0.019 seconds
[2023-12-03T23:41:09.712+0000] {processor.py:157} INFO - Started process (PID=5944) to work on /home/ubuntu/redfin/lib/python3.10/site-packages/airflow/example_dags/plugins/event_listener.py
[2023-12-03T23:41:09.713+0000] {processor.py:829} INFO - Processing file /home/ubuntu/redfin/lib/python3.10/site-packages/airflow/example_dags/plugins/event_listener.py for tasks to queue
[2023-12-03T23:41:09.714+0000] {logging_mixin.py:154} INFO - [2023-12-03T23:41:09.713+0000] {dagbag.py:536} INFO - Filling up the DagBag from /home/ubuntu/redfin/lib/python3.10/site-packages/airflow/example_dags/plugins/event_listener.py
[2023-12-03T23:41:09.716+0000] {processor.py:841} WARNING - No viable dags retrieved from /home/ubuntu/redfin/lib/python3.10/site-packages/airflow/example_dags/plugins/event_listener.py
[2023-12-03T23:41:09.728+0000] {processor.py:179} INFO - Processing /home/ubuntu/redfin/lib/python3.10/site-packages/airflow/example_dags/plugins/event_listener.py took 0.019 seconds
[2023-12-03T23:41:41.946+0000] {processor.py:157} INFO - Started process (PID=5981) to work on /home/ubuntu/redfin/lib/python3.10/site-packages/airflow/example_dags/plugins/event_listener.py
[2023-12-03T23:41:41.948+0000] {processor.py:829} INFO - Processing file /home/ubuntu/redfin/lib/python3.10/site-packages/airflow/example_dags/plugins/event_listener.py for tasks to queue
[2023-12-03T23:41:41.948+0000] {logging_mixin.py:154} INFO - [2023-12-03T23:41:41.948+0000] {dagbag.py:536} INFO - Filling up the DagBag from /home/ubuntu/redfin/lib/python3.10/site-packages/airflow/example_dags/plugins/event_listener.py
[2023-12-03T23:41:41.951+0000] {processor.py:841} WARNING - No viable dags retrieved from /home/ubuntu/redfin/lib/python3.10/site-packages/airflow/example_dags/plugins/event_listener.py
[2023-12-03T23:41:41.963+0000] {processor.py:179} INFO - Processing /home/ubuntu/redfin/lib/python3.10/site-packages/airflow/example_dags/plugins/event_listener.py took 0.020 seconds
[2023-12-03T23:42:26.976+0000] {processor.py:157} INFO - Started process (PID=6029) to work on /home/ubuntu/redfin/lib/python3.10/site-packages/airflow/example_dags/plugins/event_listener.py
[2023-12-03T23:42:26.977+0000] {processor.py:829} INFO - Processing file /home/ubuntu/redfin/lib/python3.10/site-packages/airflow/example_dags/plugins/event_listener.py for tasks to queue
[2023-12-03T23:42:26.978+0000] {logging_mixin.py:154} INFO - [2023-12-03T23:42:26.978+0000] {dagbag.py:536} INFO - Filling up the DagBag from /home/ubuntu/redfin/lib/python3.10/site-packages/airflow/example_dags/plugins/event_listener.py
[2023-12-03T23:42:26.981+0000] {processor.py:841} WARNING - No viable dags retrieved from /home/ubuntu/redfin/lib/python3.10/site-packages/airflow/example_dags/plugins/event_listener.py
[2023-12-03T23:42:26.992+0000] {processor.py:179} INFO - Processing /home/ubuntu/redfin/lib/python3.10/site-packages/airflow/example_dags/plugins/event_listener.py took 0.020 seconds
[2023-12-03T23:42:59.269+0000] {processor.py:157} INFO - Started process (PID=6065) to work on /home/ubuntu/redfin/lib/python3.10/site-packages/airflow/example_dags/plugins/event_listener.py
[2023-12-03T23:42:59.270+0000] {processor.py:829} INFO - Processing file /home/ubuntu/redfin/lib/python3.10/site-packages/airflow/example_dags/plugins/event_listener.py for tasks to queue
[2023-12-03T23:42:59.271+0000] {logging_mixin.py:154} INFO - [2023-12-03T23:42:59.271+0000] {dagbag.py:536} INFO - Filling up the DagBag from /home/ubuntu/redfin/lib/python3.10/site-packages/airflow/example_dags/plugins/event_listener.py
[2023-12-03T23:42:59.274+0000] {processor.py:841} WARNING - No viable dags retrieved from /home/ubuntu/redfin/lib/python3.10/site-packages/airflow/example_dags/plugins/event_listener.py
[2023-12-03T23:42:59.285+0000] {processor.py:179} INFO - Processing /home/ubuntu/redfin/lib/python3.10/site-packages/airflow/example_dags/plugins/event_listener.py took 0.020 seconds
[2023-12-03T23:43:45.260+0000] {processor.py:157} INFO - Started process (PID=6115) to work on /home/ubuntu/redfin/lib/python3.10/site-packages/airflow/example_dags/plugins/event_listener.py
[2023-12-03T23:43:45.262+0000] {processor.py:829} INFO - Processing file /home/ubuntu/redfin/lib/python3.10/site-packages/airflow/example_dags/plugins/event_listener.py for tasks to queue
[2023-12-03T23:43:45.263+0000] {logging_mixin.py:154} INFO - [2023-12-03T23:43:45.262+0000] {dagbag.py:536} INFO - Filling up the DagBag from /home/ubuntu/redfin/lib/python3.10/site-packages/airflow/example_dags/plugins/event_listener.py
[2023-12-03T23:43:45.265+0000] {processor.py:841} WARNING - No viable dags retrieved from /home/ubuntu/redfin/lib/python3.10/site-packages/airflow/example_dags/plugins/event_listener.py
[2023-12-03T23:43:45.277+0000] {processor.py:179} INFO - Processing /home/ubuntu/redfin/lib/python3.10/site-packages/airflow/example_dags/plugins/event_listener.py took 0.020 seconds
[2023-12-03T23:44:19.701+0000] {processor.py:157} INFO - Started process (PID=6406) to work on /home/ubuntu/redfin/lib/python3.10/site-packages/airflow/example_dags/plugins/event_listener.py
[2023-12-03T23:44:19.702+0000] {processor.py:829} INFO - Processing file /home/ubuntu/redfin/lib/python3.10/site-packages/airflow/example_dags/plugins/event_listener.py for tasks to queue
[2023-12-03T23:44:19.703+0000] {logging_mixin.py:154} INFO - [2023-12-03T23:44:19.702+0000] {dagbag.py:536} INFO - Filling up the DagBag from /home/ubuntu/redfin/lib/python3.10/site-packages/airflow/example_dags/plugins/event_listener.py
[2023-12-03T23:44:19.705+0000] {processor.py:841} WARNING - No viable dags retrieved from /home/ubuntu/redfin/lib/python3.10/site-packages/airflow/example_dags/plugins/event_listener.py
[2023-12-03T23:44:19.716+0000] {processor.py:179} INFO - Processing /home/ubuntu/redfin/lib/python3.10/site-packages/airflow/example_dags/plugins/event_listener.py took 0.020 seconds
[2023-12-03T23:45:00.028+0000] {processor.py:157} INFO - Started process (PID=6609) to work on /home/ubuntu/redfin/lib/python3.10/site-packages/airflow/example_dags/plugins/event_listener.py
[2023-12-03T23:45:00.029+0000] {processor.py:829} INFO - Processing file /home/ubuntu/redfin/lib/python3.10/site-packages/airflow/example_dags/plugins/event_listener.py for tasks to queue
[2023-12-03T23:45:00.030+0000] {logging_mixin.py:154} INFO - [2023-12-03T23:45:00.030+0000] {dagbag.py:536} INFO - Filling up the DagBag from /home/ubuntu/redfin/lib/python3.10/site-packages/airflow/example_dags/plugins/event_listener.py
[2023-12-03T23:45:00.033+0000] {processor.py:841} WARNING - No viable dags retrieved from /home/ubuntu/redfin/lib/python3.10/site-packages/airflow/example_dags/plugins/event_listener.py
[2023-12-03T23:45:00.044+0000] {processor.py:179} INFO - Processing /home/ubuntu/redfin/lib/python3.10/site-packages/airflow/example_dags/plugins/event_listener.py took 0.020 seconds
[2023-12-03T23:45:45.461+0000] {processor.py:157} INFO - Started process (PID=6659) to work on /home/ubuntu/redfin/lib/python3.10/site-packages/airflow/example_dags/plugins/event_listener.py
[2023-12-03T23:45:45.463+0000] {processor.py:829} INFO - Processing file /home/ubuntu/redfin/lib/python3.10/site-packages/airflow/example_dags/plugins/event_listener.py for tasks to queue
[2023-12-03T23:45:45.464+0000] {logging_mixin.py:154} INFO - [2023-12-03T23:45:45.463+0000] {dagbag.py:536} INFO - Filling up the DagBag from /home/ubuntu/redfin/lib/python3.10/site-packages/airflow/example_dags/plugins/event_listener.py
[2023-12-03T23:45:45.466+0000] {processor.py:841} WARNING - No viable dags retrieved from /home/ubuntu/redfin/lib/python3.10/site-packages/airflow/example_dags/plugins/event_listener.py
[2023-12-03T23:45:45.478+0000] {processor.py:179} INFO - Processing /home/ubuntu/redfin/lib/python3.10/site-packages/airflow/example_dags/plugins/event_listener.py took 0.020 seconds
[2023-12-03T23:46:30.200+0000] {processor.py:157} INFO - Started process (PID=6708) to work on /home/ubuntu/redfin/lib/python3.10/site-packages/airflow/example_dags/plugins/event_listener.py
[2023-12-03T23:46:30.202+0000] {processor.py:829} INFO - Processing file /home/ubuntu/redfin/lib/python3.10/site-packages/airflow/example_dags/plugins/event_listener.py for tasks to queue
[2023-12-03T23:46:30.203+0000] {logging_mixin.py:154} INFO - [2023-12-03T23:46:30.202+0000] {dagbag.py:536} INFO - Filling up the DagBag from /home/ubuntu/redfin/lib/python3.10/site-packages/airflow/example_dags/plugins/event_listener.py
[2023-12-03T23:46:30.205+0000] {processor.py:841} WARNING - No viable dags retrieved from /home/ubuntu/redfin/lib/python3.10/site-packages/airflow/example_dags/plugins/event_listener.py
[2023-12-03T23:46:30.217+0000] {processor.py:179} INFO - Processing /home/ubuntu/redfin/lib/python3.10/site-packages/airflow/example_dags/plugins/event_listener.py took 0.021 seconds
[2023-12-03T23:47:16.339+0000] {processor.py:157} INFO - Started process (PID=6766) to work on /home/ubuntu/redfin/lib/python3.10/site-packages/airflow/example_dags/plugins/event_listener.py
[2023-12-03T23:47:16.340+0000] {processor.py:829} INFO - Processing file /home/ubuntu/redfin/lib/python3.10/site-packages/airflow/example_dags/plugins/event_listener.py for tasks to queue
[2023-12-03T23:47:16.341+0000] {logging_mixin.py:154} INFO - [2023-12-03T23:47:16.341+0000] {dagbag.py:536} INFO - Filling up the DagBag from /home/ubuntu/redfin/lib/python3.10/site-packages/airflow/example_dags/plugins/event_listener.py
[2023-12-03T23:47:16.344+0000] {processor.py:841} WARNING - No viable dags retrieved from /home/ubuntu/redfin/lib/python3.10/site-packages/airflow/example_dags/plugins/event_listener.py
[2023-12-03T23:47:16.356+0000] {processor.py:179} INFO - Processing /home/ubuntu/redfin/lib/python3.10/site-packages/airflow/example_dags/plugins/event_listener.py took 0.021 seconds
[2023-12-03T23:47:49.430+0000] {processor.py:157} INFO - Started process (PID=6832) to work on /home/ubuntu/redfin/lib/python3.10/site-packages/airflow/example_dags/plugins/event_listener.py
[2023-12-03T23:47:49.435+0000] {processor.py:829} INFO - Processing file /home/ubuntu/redfin/lib/python3.10/site-packages/airflow/example_dags/plugins/event_listener.py for tasks to queue
[2023-12-03T23:47:49.441+0000] {logging_mixin.py:154} INFO - [2023-12-03T23:47:49.438+0000] {dagbag.py:536} INFO - Filling up the DagBag from /home/ubuntu/redfin/lib/python3.10/site-packages/airflow/example_dags/plugins/event_listener.py
[2023-12-03T23:47:49.447+0000] {processor.py:841} WARNING - No viable dags retrieved from /home/ubuntu/redfin/lib/python3.10/site-packages/airflow/example_dags/plugins/event_listener.py
[2023-12-03T23:47:49.462+0000] {processor.py:179} INFO - Processing /home/ubuntu/redfin/lib/python3.10/site-packages/airflow/example_dags/plugins/event_listener.py took 0.037 seconds
[2023-12-03T23:48:21.529+0000] {processor.py:157} INFO - Started process (PID=6869) to work on /home/ubuntu/redfin/lib/python3.10/site-packages/airflow/example_dags/plugins/event_listener.py
[2023-12-03T23:48:21.530+0000] {processor.py:829} INFO - Processing file /home/ubuntu/redfin/lib/python3.10/site-packages/airflow/example_dags/plugins/event_listener.py for tasks to queue
[2023-12-03T23:48:21.531+0000] {logging_mixin.py:154} INFO - [2023-12-03T23:48:21.531+0000] {dagbag.py:536} INFO - Filling up the DagBag from /home/ubuntu/redfin/lib/python3.10/site-packages/airflow/example_dags/plugins/event_listener.py
[2023-12-03T23:48:21.534+0000] {processor.py:841} WARNING - No viable dags retrieved from /home/ubuntu/redfin/lib/python3.10/site-packages/airflow/example_dags/plugins/event_listener.py
[2023-12-03T23:48:21.546+0000] {processor.py:179} INFO - Processing /home/ubuntu/redfin/lib/python3.10/site-packages/airflow/example_dags/plugins/event_listener.py took 0.021 seconds
[2023-12-03T23:48:54.792+0000] {processor.py:157} INFO - Started process (PID=6906) to work on /home/ubuntu/redfin/lib/python3.10/site-packages/airflow/example_dags/plugins/event_listener.py
[2023-12-03T23:48:54.794+0000] {processor.py:829} INFO - Processing file /home/ubuntu/redfin/lib/python3.10/site-packages/airflow/example_dags/plugins/event_listener.py for tasks to queue
[2023-12-03T23:48:54.795+0000] {logging_mixin.py:154} INFO - [2023-12-03T23:48:54.794+0000] {dagbag.py:536} INFO - Filling up the DagBag from /home/ubuntu/redfin/lib/python3.10/site-packages/airflow/example_dags/plugins/event_listener.py
[2023-12-03T23:48:54.797+0000] {processor.py:841} WARNING - No viable dags retrieved from /home/ubuntu/redfin/lib/python3.10/site-packages/airflow/example_dags/plugins/event_listener.py
[2023-12-03T23:48:54.809+0000] {processor.py:179} INFO - Processing /home/ubuntu/redfin/lib/python3.10/site-packages/airflow/example_dags/plugins/event_listener.py took 0.020 seconds
[2023-12-03T23:49:29.061+0000] {processor.py:157} INFO - Started process (PID=6943) to work on /home/ubuntu/redfin/lib/python3.10/site-packages/airflow/example_dags/plugins/event_listener.py
[2023-12-03T23:49:29.063+0000] {processor.py:829} INFO - Processing file /home/ubuntu/redfin/lib/python3.10/site-packages/airflow/example_dags/plugins/event_listener.py for tasks to queue
[2023-12-03T23:49:29.063+0000] {logging_mixin.py:154} INFO - [2023-12-03T23:49:29.063+0000] {dagbag.py:536} INFO - Filling up the DagBag from /home/ubuntu/redfin/lib/python3.10/site-packages/airflow/example_dags/plugins/event_listener.py
[2023-12-03T23:49:29.066+0000] {processor.py:841} WARNING - No viable dags retrieved from /home/ubuntu/redfin/lib/python3.10/site-packages/airflow/example_dags/plugins/event_listener.py
[2023-12-03T23:49:29.078+0000] {processor.py:179} INFO - Processing /home/ubuntu/redfin/lib/python3.10/site-packages/airflow/example_dags/plugins/event_listener.py took 0.020 seconds
[2023-12-03T23:50:02.264+0000] {processor.py:157} INFO - Started process (PID=6980) to work on /home/ubuntu/redfin/lib/python3.10/site-packages/airflow/example_dags/plugins/event_listener.py
[2023-12-03T23:50:02.265+0000] {processor.py:829} INFO - Processing file /home/ubuntu/redfin/lib/python3.10/site-packages/airflow/example_dags/plugins/event_listener.py for tasks to queue
[2023-12-03T23:50:02.266+0000] {logging_mixin.py:154} INFO - [2023-12-03T23:50:02.266+0000] {dagbag.py:536} INFO - Filling up the DagBag from /home/ubuntu/redfin/lib/python3.10/site-packages/airflow/example_dags/plugins/event_listener.py
[2023-12-03T23:50:02.269+0000] {processor.py:841} WARNING - No viable dags retrieved from /home/ubuntu/redfin/lib/python3.10/site-packages/airflow/example_dags/plugins/event_listener.py
[2023-12-03T23:50:02.280+0000] {processor.py:179} INFO - Processing /home/ubuntu/redfin/lib/python3.10/site-packages/airflow/example_dags/plugins/event_listener.py took 0.021 seconds
[2023-12-03T23:50:49.386+0000] {processor.py:157} INFO - Started process (PID=7032) to work on /home/ubuntu/redfin/lib/python3.10/site-packages/airflow/example_dags/plugins/event_listener.py
[2023-12-03T23:50:49.388+0000] {processor.py:829} INFO - Processing file /home/ubuntu/redfin/lib/python3.10/site-packages/airflow/example_dags/plugins/event_listener.py for tasks to queue
[2023-12-03T23:50:49.389+0000] {logging_mixin.py:154} INFO - [2023-12-03T23:50:49.388+0000] {dagbag.py:536} INFO - Filling up the DagBag from /home/ubuntu/redfin/lib/python3.10/site-packages/airflow/example_dags/plugins/event_listener.py
[2023-12-03T23:50:49.391+0000] {processor.py:841} WARNING - No viable dags retrieved from /home/ubuntu/redfin/lib/python3.10/site-packages/airflow/example_dags/plugins/event_listener.py
[2023-12-03T23:50:49.402+0000] {processor.py:179} INFO - Processing /home/ubuntu/redfin/lib/python3.10/site-packages/airflow/example_dags/plugins/event_listener.py took 0.020 seconds
[2023-12-03T23:51:35.730+0000] {processor.py:157} INFO - Started process (PID=7085) to work on /home/ubuntu/redfin/lib/python3.10/site-packages/airflow/example_dags/plugins/event_listener.py
[2023-12-03T23:51:35.732+0000] {processor.py:829} INFO - Processing file /home/ubuntu/redfin/lib/python3.10/site-packages/airflow/example_dags/plugins/event_listener.py for tasks to queue
[2023-12-03T23:51:35.733+0000] {logging_mixin.py:154} INFO - [2023-12-03T23:51:35.732+0000] {dagbag.py:536} INFO - Filling up the DagBag from /home/ubuntu/redfin/lib/python3.10/site-packages/airflow/example_dags/plugins/event_listener.py
[2023-12-03T23:51:35.735+0000] {processor.py:841} WARNING - No viable dags retrieved from /home/ubuntu/redfin/lib/python3.10/site-packages/airflow/example_dags/plugins/event_listener.py
[2023-12-03T23:51:35.747+0000] {processor.py:179} INFO - Processing /home/ubuntu/redfin/lib/python3.10/site-packages/airflow/example_dags/plugins/event_listener.py took 0.020 seconds
[2023-12-03T23:52:08.752+0000] {processor.py:157} INFO - Started process (PID=7120) to work on /home/ubuntu/redfin/lib/python3.10/site-packages/airflow/example_dags/plugins/event_listener.py
[2023-12-03T23:52:08.753+0000] {processor.py:829} INFO - Processing file /home/ubuntu/redfin/lib/python3.10/site-packages/airflow/example_dags/plugins/event_listener.py for tasks to queue
[2023-12-03T23:52:08.754+0000] {logging_mixin.py:154} INFO - [2023-12-03T23:52:08.754+0000] {dagbag.py:536} INFO - Filling up the DagBag from /home/ubuntu/redfin/lib/python3.10/site-packages/airflow/example_dags/plugins/event_listener.py
[2023-12-03T23:52:08.757+0000] {processor.py:841} WARNING - No viable dags retrieved from /home/ubuntu/redfin/lib/python3.10/site-packages/airflow/example_dags/plugins/event_listener.py
[2023-12-03T23:52:08.770+0000] {processor.py:179} INFO - Processing /home/ubuntu/redfin/lib/python3.10/site-packages/airflow/example_dags/plugins/event_listener.py took 0.022 seconds
[2023-12-03T23:52:43.606+0000] {processor.py:157} INFO - Started process (PID=7158) to work on /home/ubuntu/redfin/lib/python3.10/site-packages/airflow/example_dags/plugins/event_listener.py
[2023-12-03T23:52:43.607+0000] {processor.py:829} INFO - Processing file /home/ubuntu/redfin/lib/python3.10/site-packages/airflow/example_dags/plugins/event_listener.py for tasks to queue
[2023-12-03T23:52:43.608+0000] {logging_mixin.py:154} INFO - [2023-12-03T23:52:43.607+0000] {dagbag.py:536} INFO - Filling up the DagBag from /home/ubuntu/redfin/lib/python3.10/site-packages/airflow/example_dags/plugins/event_listener.py
[2023-12-03T23:52:43.610+0000] {processor.py:841} WARNING - No viable dags retrieved from /home/ubuntu/redfin/lib/python3.10/site-packages/airflow/example_dags/plugins/event_listener.py
[2023-12-03T23:52:43.621+0000] {processor.py:179} INFO - Processing /home/ubuntu/redfin/lib/python3.10/site-packages/airflow/example_dags/plugins/event_listener.py took 0.019 seconds
[2023-12-03T23:53:15.736+0000] {processor.py:157} INFO - Started process (PID=7192) to work on /home/ubuntu/redfin/lib/python3.10/site-packages/airflow/example_dags/plugins/event_listener.py
[2023-12-03T23:53:15.737+0000] {processor.py:829} INFO - Processing file /home/ubuntu/redfin/lib/python3.10/site-packages/airflow/example_dags/plugins/event_listener.py for tasks to queue
[2023-12-03T23:53:15.738+0000] {logging_mixin.py:154} INFO - [2023-12-03T23:53:15.738+0000] {dagbag.py:536} INFO - Filling up the DagBag from /home/ubuntu/redfin/lib/python3.10/site-packages/airflow/example_dags/plugins/event_listener.py
[2023-12-03T23:53:15.741+0000] {processor.py:841} WARNING - No viable dags retrieved from /home/ubuntu/redfin/lib/python3.10/site-packages/airflow/example_dags/plugins/event_listener.py
[2023-12-03T23:53:15.752+0000] {processor.py:179} INFO - Processing /home/ubuntu/redfin/lib/python3.10/site-packages/airflow/example_dags/plugins/event_listener.py took 0.020 seconds
[2023-12-03T23:53:48.834+0000] {processor.py:157} INFO - Started process (PID=7230) to work on /home/ubuntu/redfin/lib/python3.10/site-packages/airflow/example_dags/plugins/event_listener.py
[2023-12-03T23:53:48.835+0000] {processor.py:829} INFO - Processing file /home/ubuntu/redfin/lib/python3.10/site-packages/airflow/example_dags/plugins/event_listener.py for tasks to queue
[2023-12-03T23:53:48.836+0000] {logging_mixin.py:154} INFO - [2023-12-03T23:53:48.836+0000] {dagbag.py:536} INFO - Filling up the DagBag from /home/ubuntu/redfin/lib/python3.10/site-packages/airflow/example_dags/plugins/event_listener.py
[2023-12-03T23:53:48.839+0000] {processor.py:841} WARNING - No viable dags retrieved from /home/ubuntu/redfin/lib/python3.10/site-packages/airflow/example_dags/plugins/event_listener.py
[2023-12-03T23:53:48.850+0000] {processor.py:179} INFO - Processing /home/ubuntu/redfin/lib/python3.10/site-packages/airflow/example_dags/plugins/event_listener.py took 0.020 seconds
[2023-12-03T23:54:35.677+0000] {processor.py:157} INFO - Started process (PID=7281) to work on /home/ubuntu/redfin/lib/python3.10/site-packages/airflow/example_dags/plugins/event_listener.py
[2023-12-03T23:54:35.679+0000] {processor.py:829} INFO - Processing file /home/ubuntu/redfin/lib/python3.10/site-packages/airflow/example_dags/plugins/event_listener.py for tasks to queue
[2023-12-03T23:54:35.680+0000] {logging_mixin.py:154} INFO - [2023-12-03T23:54:35.679+0000] {dagbag.py:536} INFO - Filling up the DagBag from /home/ubuntu/redfin/lib/python3.10/site-packages/airflow/example_dags/plugins/event_listener.py
[2023-12-03T23:54:35.682+0000] {processor.py:841} WARNING - No viable dags retrieved from /home/ubuntu/redfin/lib/python3.10/site-packages/airflow/example_dags/plugins/event_listener.py
[2023-12-03T23:54:35.694+0000] {processor.py:179} INFO - Processing /home/ubuntu/redfin/lib/python3.10/site-packages/airflow/example_dags/plugins/event_listener.py took 0.020 seconds
[2023-12-03T23:55:07.782+0000] {processor.py:157} INFO - Started process (PID=7316) to work on /home/ubuntu/redfin/lib/python3.10/site-packages/airflow/example_dags/plugins/event_listener.py
[2023-12-03T23:55:07.784+0000] {processor.py:829} INFO - Processing file /home/ubuntu/redfin/lib/python3.10/site-packages/airflow/example_dags/plugins/event_listener.py for tasks to queue
[2023-12-03T23:55:07.785+0000] {logging_mixin.py:154} INFO - [2023-12-03T23:55:07.784+0000] {dagbag.py:536} INFO - Filling up the DagBag from /home/ubuntu/redfin/lib/python3.10/site-packages/airflow/example_dags/plugins/event_listener.py
[2023-12-03T23:55:07.787+0000] {processor.py:841} WARNING - No viable dags retrieved from /home/ubuntu/redfin/lib/python3.10/site-packages/airflow/example_dags/plugins/event_listener.py
[2023-12-03T23:55:07.798+0000] {processor.py:179} INFO - Processing /home/ubuntu/redfin/lib/python3.10/site-packages/airflow/example_dags/plugins/event_listener.py took 0.020 seconds
[2023-12-03T23:55:54.122+0000] {processor.py:157} INFO - Started process (PID=7369) to work on /home/ubuntu/redfin/lib/python3.10/site-packages/airflow/example_dags/plugins/event_listener.py
[2023-12-03T23:55:54.124+0000] {processor.py:829} INFO - Processing file /home/ubuntu/redfin/lib/python3.10/site-packages/airflow/example_dags/plugins/event_listener.py for tasks to queue
[2023-12-03T23:55:54.125+0000] {logging_mixin.py:154} INFO - [2023-12-03T23:55:54.124+0000] {dagbag.py:536} INFO - Filling up the DagBag from /home/ubuntu/redfin/lib/python3.10/site-packages/airflow/example_dags/plugins/event_listener.py
[2023-12-03T23:55:54.127+0000] {processor.py:841} WARNING - No viable dags retrieved from /home/ubuntu/redfin/lib/python3.10/site-packages/airflow/example_dags/plugins/event_listener.py
[2023-12-03T23:55:54.139+0000] {processor.py:179} INFO - Processing /home/ubuntu/redfin/lib/python3.10/site-packages/airflow/example_dags/plugins/event_listener.py took 0.020 seconds
[2023-12-03T23:56:27.203+0000] {processor.py:157} INFO - Started process (PID=7404) to work on /home/ubuntu/redfin/lib/python3.10/site-packages/airflow/example_dags/plugins/event_listener.py
[2023-12-03T23:56:27.205+0000] {processor.py:829} INFO - Processing file /home/ubuntu/redfin/lib/python3.10/site-packages/airflow/example_dags/plugins/event_listener.py for tasks to queue
[2023-12-03T23:56:27.206+0000] {logging_mixin.py:154} INFO - [2023-12-03T23:56:27.205+0000] {dagbag.py:536} INFO - Filling up the DagBag from /home/ubuntu/redfin/lib/python3.10/site-packages/airflow/example_dags/plugins/event_listener.py
[2023-12-03T23:56:27.208+0000] {processor.py:841} WARNING - No viable dags retrieved from /home/ubuntu/redfin/lib/python3.10/site-packages/airflow/example_dags/plugins/event_listener.py
[2023-12-03T23:56:27.220+0000] {processor.py:179} INFO - Processing /home/ubuntu/redfin/lib/python3.10/site-packages/airflow/example_dags/plugins/event_listener.py took 0.021 seconds
[2023-12-03T23:57:01.013+0000] {processor.py:157} INFO - Started process (PID=7442) to work on /home/ubuntu/redfin/lib/python3.10/site-packages/airflow/example_dags/plugins/event_listener.py
[2023-12-03T23:57:01.014+0000] {processor.py:829} INFO - Processing file /home/ubuntu/redfin/lib/python3.10/site-packages/airflow/example_dags/plugins/event_listener.py for tasks to queue
[2023-12-03T23:57:01.015+0000] {logging_mixin.py:154} INFO - [2023-12-03T23:57:01.014+0000] {dagbag.py:536} INFO - Filling up the DagBag from /home/ubuntu/redfin/lib/python3.10/site-packages/airflow/example_dags/plugins/event_listener.py
[2023-12-03T23:57:01.017+0000] {processor.py:841} WARNING - No viable dags retrieved from /home/ubuntu/redfin/lib/python3.10/site-packages/airflow/example_dags/plugins/event_listener.py
[2023-12-03T23:57:01.029+0000] {processor.py:179} INFO - Processing /home/ubuntu/redfin/lib/python3.10/site-packages/airflow/example_dags/plugins/event_listener.py took 0.020 seconds
[2023-12-03T23:57:44.231+0000] {processor.py:157} INFO - Started process (PID=7491) to work on /home/ubuntu/redfin/lib/python3.10/site-packages/airflow/example_dags/plugins/event_listener.py
[2023-12-03T23:57:44.232+0000] {processor.py:829} INFO - Processing file /home/ubuntu/redfin/lib/python3.10/site-packages/airflow/example_dags/plugins/event_listener.py for tasks to queue
[2023-12-03T23:57:44.233+0000] {logging_mixin.py:154} INFO - [2023-12-03T23:57:44.233+0000] {dagbag.py:536} INFO - Filling up the DagBag from /home/ubuntu/redfin/lib/python3.10/site-packages/airflow/example_dags/plugins/event_listener.py
[2023-12-03T23:57:44.236+0000] {processor.py:841} WARNING - No viable dags retrieved from /home/ubuntu/redfin/lib/python3.10/site-packages/airflow/example_dags/plugins/event_listener.py
[2023-12-03T23:57:44.247+0000] {processor.py:179} INFO - Processing /home/ubuntu/redfin/lib/python3.10/site-packages/airflow/example_dags/plugins/event_listener.py took 0.020 seconds
[2023-12-03T23:58:26.802+0000] {processor.py:157} INFO - Started process (PID=7538) to work on /home/ubuntu/redfin/lib/python3.10/site-packages/airflow/example_dags/plugins/event_listener.py
[2023-12-03T23:58:26.803+0000] {processor.py:829} INFO - Processing file /home/ubuntu/redfin/lib/python3.10/site-packages/airflow/example_dags/plugins/event_listener.py for tasks to queue
[2023-12-03T23:58:26.804+0000] {logging_mixin.py:154} INFO - [2023-12-03T23:58:26.804+0000] {dagbag.py:536} INFO - Filling up the DagBag from /home/ubuntu/redfin/lib/python3.10/site-packages/airflow/example_dags/plugins/event_listener.py
[2023-12-03T23:58:26.807+0000] {processor.py:841} WARNING - No viable dags retrieved from /home/ubuntu/redfin/lib/python3.10/site-packages/airflow/example_dags/plugins/event_listener.py
[2023-12-03T23:58:26.818+0000] {processor.py:179} INFO - Processing /home/ubuntu/redfin/lib/python3.10/site-packages/airflow/example_dags/plugins/event_listener.py took 0.020 seconds
[2023-12-03T23:58:58.836+0000] {processor.py:157} INFO - Started process (PID=7574) to work on /home/ubuntu/redfin/lib/python3.10/site-packages/airflow/example_dags/plugins/event_listener.py
[2023-12-03T23:58:58.837+0000] {processor.py:829} INFO - Processing file /home/ubuntu/redfin/lib/python3.10/site-packages/airflow/example_dags/plugins/event_listener.py for tasks to queue
[2023-12-03T23:58:58.838+0000] {logging_mixin.py:154} INFO - [2023-12-03T23:58:58.838+0000] {dagbag.py:536} INFO - Filling up the DagBag from /home/ubuntu/redfin/lib/python3.10/site-packages/airflow/example_dags/plugins/event_listener.py
[2023-12-03T23:58:58.841+0000] {processor.py:841} WARNING - No viable dags retrieved from /home/ubuntu/redfin/lib/python3.10/site-packages/airflow/example_dags/plugins/event_listener.py
[2023-12-03T23:58:58.853+0000] {processor.py:179} INFO - Processing /home/ubuntu/redfin/lib/python3.10/site-packages/airflow/example_dags/plugins/event_listener.py took 0.021 seconds
[2023-12-03T23:59:30.920+0000] {processor.py:157} INFO - Started process (PID=7610) to work on /home/ubuntu/redfin/lib/python3.10/site-packages/airflow/example_dags/plugins/event_listener.py
[2023-12-03T23:59:30.921+0000] {processor.py:829} INFO - Processing file /home/ubuntu/redfin/lib/python3.10/site-packages/airflow/example_dags/plugins/event_listener.py for tasks to queue
[2023-12-03T23:59:30.922+0000] {logging_mixin.py:154} INFO - [2023-12-03T23:59:30.922+0000] {dagbag.py:536} INFO - Filling up the DagBag from /home/ubuntu/redfin/lib/python3.10/site-packages/airflow/example_dags/plugins/event_listener.py
[2023-12-03T23:59:30.924+0000] {processor.py:841} WARNING - No viable dags retrieved from /home/ubuntu/redfin/lib/python3.10/site-packages/airflow/example_dags/plugins/event_listener.py
[2023-12-03T23:59:30.936+0000] {processor.py:179} INFO - Processing /home/ubuntu/redfin/lib/python3.10/site-packages/airflow/example_dags/plugins/event_listener.py took 0.020 seconds
