[2023-12-03T23:07:36.780+0000] {processor.py:157} INFO - Started process (PID=3735) to work on /home/ubuntu/redfin/lib/python3.10/site-packages/airflow/example_dags/plugins/listener_plugin.py
[2023-12-03T23:07:36.781+0000] {processor.py:829} INFO - Processing file /home/ubuntu/redfin/lib/python3.10/site-packages/airflow/example_dags/plugins/listener_plugin.py for tasks to queue
[2023-12-03T23:07:36.782+0000] {logging_mixin.py:154} INFO - [2023-12-03T23:07:36.781+0000] {dagbag.py:536} INFO - Filling up the DagBag from /home/ubuntu/redfin/lib/python3.10/site-packages/airflow/example_dags/plugins/listener_plugin.py
[2023-12-03T23:07:36.785+0000] {processor.py:841} WARNING - No viable dags retrieved from /home/ubuntu/redfin/lib/python3.10/site-packages/airflow/example_dags/plugins/listener_plugin.py
[2023-12-03T23:07:36.797+0000] {processor.py:179} INFO - Processing /home/ubuntu/redfin/lib/python3.10/site-packages/airflow/example_dags/plugins/listener_plugin.py took 0.020 seconds
[2023-12-03T23:08:33.566+0000] {processor.py:157} INFO - Started process (PID=3789) to work on /home/ubuntu/redfin/lib/python3.10/site-packages/airflow/example_dags/plugins/listener_plugin.py
[2023-12-03T23:08:33.568+0000] {processor.py:829} INFO - Processing file /home/ubuntu/redfin/lib/python3.10/site-packages/airflow/example_dags/plugins/listener_plugin.py for tasks to queue
[2023-12-03T23:08:33.569+0000] {logging_mixin.py:154} INFO - [2023-12-03T23:08:33.568+0000] {dagbag.py:536} INFO - Filling up the DagBag from /home/ubuntu/redfin/lib/python3.10/site-packages/airflow/example_dags/plugins/listener_plugin.py
[2023-12-03T23:08:33.573+0000] {processor.py:841} WARNING - No viable dags retrieved from /home/ubuntu/redfin/lib/python3.10/site-packages/airflow/example_dags/plugins/listener_plugin.py
[2023-12-03T23:08:33.585+0000] {processor.py:179} INFO - Processing /home/ubuntu/redfin/lib/python3.10/site-packages/airflow/example_dags/plugins/listener_plugin.py took 0.022 seconds
[2023-12-03T23:09:09.991+0000] {processor.py:157} INFO - Started process (PID=3831) to work on /home/ubuntu/redfin/lib/python3.10/site-packages/airflow/example_dags/plugins/listener_plugin.py
[2023-12-03T23:09:09.992+0000] {processor.py:829} INFO - Processing file /home/ubuntu/redfin/lib/python3.10/site-packages/airflow/example_dags/plugins/listener_plugin.py for tasks to queue
[2023-12-03T23:09:09.993+0000] {logging_mixin.py:154} INFO - [2023-12-03T23:09:09.993+0000] {dagbag.py:536} INFO - Filling up the DagBag from /home/ubuntu/redfin/lib/python3.10/site-packages/airflow/example_dags/plugins/listener_plugin.py
[2023-12-03T23:09:09.996+0000] {processor.py:841} WARNING - No viable dags retrieved from /home/ubuntu/redfin/lib/python3.10/site-packages/airflow/example_dags/plugins/listener_plugin.py
[2023-12-03T23:09:10.008+0000] {processor.py:179} INFO - Processing /home/ubuntu/redfin/lib/python3.10/site-packages/airflow/example_dags/plugins/listener_plugin.py took 0.021 seconds
[2023-12-03T23:09:40.721+0000] {processor.py:157} INFO - Started process (PID=3866) to work on /home/ubuntu/redfin/lib/python3.10/site-packages/airflow/example_dags/plugins/listener_plugin.py
[2023-12-03T23:09:40.722+0000] {processor.py:829} INFO - Processing file /home/ubuntu/redfin/lib/python3.10/site-packages/airflow/example_dags/plugins/listener_plugin.py for tasks to queue
[2023-12-03T23:09:40.722+0000] {logging_mixin.py:154} INFO - [2023-12-03T23:09:40.722+0000] {dagbag.py:536} INFO - Filling up the DagBag from /home/ubuntu/redfin/lib/python3.10/site-packages/airflow/example_dags/plugins/listener_plugin.py
[2023-12-03T23:09:40.726+0000] {processor.py:841} WARNING - No viable dags retrieved from /home/ubuntu/redfin/lib/python3.10/site-packages/airflow/example_dags/plugins/listener_plugin.py
[2023-12-03T23:09:40.737+0000] {processor.py:179} INFO - Processing /home/ubuntu/redfin/lib/python3.10/site-packages/airflow/example_dags/plugins/listener_plugin.py took 0.021 seconds
[2023-12-03T23:10:11.928+0000] {processor.py:157} INFO - Started process (PID=3900) to work on /home/ubuntu/redfin/lib/python3.10/site-packages/airflow/example_dags/plugins/listener_plugin.py
[2023-12-03T23:10:11.929+0000] {processor.py:829} INFO - Processing file /home/ubuntu/redfin/lib/python3.10/site-packages/airflow/example_dags/plugins/listener_plugin.py for tasks to queue
[2023-12-03T23:10:11.930+0000] {logging_mixin.py:154} INFO - [2023-12-03T23:10:11.930+0000] {dagbag.py:536} INFO - Filling up the DagBag from /home/ubuntu/redfin/lib/python3.10/site-packages/airflow/example_dags/plugins/listener_plugin.py
[2023-12-03T23:10:11.933+0000] {processor.py:841} WARNING - No viable dags retrieved from /home/ubuntu/redfin/lib/python3.10/site-packages/airflow/example_dags/plugins/listener_plugin.py
[2023-12-03T23:10:11.946+0000] {processor.py:179} INFO - Processing /home/ubuntu/redfin/lib/python3.10/site-packages/airflow/example_dags/plugins/listener_plugin.py took 0.022 seconds
[2023-12-03T23:10:43.885+0000] {processor.py:157} INFO - Started process (PID=3936) to work on /home/ubuntu/redfin/lib/python3.10/site-packages/airflow/example_dags/plugins/listener_plugin.py
[2023-12-03T23:10:43.886+0000] {processor.py:829} INFO - Processing file /home/ubuntu/redfin/lib/python3.10/site-packages/airflow/example_dags/plugins/listener_plugin.py for tasks to queue
[2023-12-03T23:10:43.887+0000] {logging_mixin.py:154} INFO - [2023-12-03T23:10:43.886+0000] {dagbag.py:536} INFO - Filling up the DagBag from /home/ubuntu/redfin/lib/python3.10/site-packages/airflow/example_dags/plugins/listener_plugin.py
[2023-12-03T23:10:43.890+0000] {processor.py:841} WARNING - No viable dags retrieved from /home/ubuntu/redfin/lib/python3.10/site-packages/airflow/example_dags/plugins/listener_plugin.py
[2023-12-03T23:10:43.902+0000] {processor.py:179} INFO - Processing /home/ubuntu/redfin/lib/python3.10/site-packages/airflow/example_dags/plugins/listener_plugin.py took 0.021 seconds
[2023-12-03T23:11:30.759+0000] {processor.py:157} INFO - Started process (PID=3985) to work on /home/ubuntu/redfin/lib/python3.10/site-packages/airflow/example_dags/plugins/listener_plugin.py
[2023-12-03T23:11:30.761+0000] {processor.py:829} INFO - Processing file /home/ubuntu/redfin/lib/python3.10/site-packages/airflow/example_dags/plugins/listener_plugin.py for tasks to queue
[2023-12-03T23:11:30.762+0000] {logging_mixin.py:154} INFO - [2023-12-03T23:11:30.762+0000] {dagbag.py:536} INFO - Filling up the DagBag from /home/ubuntu/redfin/lib/python3.10/site-packages/airflow/example_dags/plugins/listener_plugin.py
[2023-12-03T23:11:30.765+0000] {processor.py:841} WARNING - No viable dags retrieved from /home/ubuntu/redfin/lib/python3.10/site-packages/airflow/example_dags/plugins/listener_plugin.py
[2023-12-03T23:11:30.778+0000] {processor.py:179} INFO - Processing /home/ubuntu/redfin/lib/python3.10/site-packages/airflow/example_dags/plugins/listener_plugin.py took 0.022 seconds
[2023-12-03T23:12:01.145+0000] {processor.py:157} INFO - Started process (PID=4020) to work on /home/ubuntu/redfin/lib/python3.10/site-packages/airflow/example_dags/plugins/listener_plugin.py
[2023-12-03T23:12:01.147+0000] {processor.py:829} INFO - Processing file /home/ubuntu/redfin/lib/python3.10/site-packages/airflow/example_dags/plugins/listener_plugin.py for tasks to queue
[2023-12-03T23:12:01.148+0000] {logging_mixin.py:154} INFO - [2023-12-03T23:12:01.147+0000] {dagbag.py:536} INFO - Filling up the DagBag from /home/ubuntu/redfin/lib/python3.10/site-packages/airflow/example_dags/plugins/listener_plugin.py
[2023-12-03T23:12:01.151+0000] {processor.py:841} WARNING - No viable dags retrieved from /home/ubuntu/redfin/lib/python3.10/site-packages/airflow/example_dags/plugins/listener_plugin.py
[2023-12-03T23:12:01.163+0000] {processor.py:179} INFO - Processing /home/ubuntu/redfin/lib/python3.10/site-packages/airflow/example_dags/plugins/listener_plugin.py took 0.021 seconds
[2023-12-03T23:12:45.621+0000] {processor.py:157} INFO - Started process (PID=4069) to work on /home/ubuntu/redfin/lib/python3.10/site-packages/airflow/example_dags/plugins/listener_plugin.py
[2023-12-03T23:12:45.623+0000] {processor.py:829} INFO - Processing file /home/ubuntu/redfin/lib/python3.10/site-packages/airflow/example_dags/plugins/listener_plugin.py for tasks to queue
[2023-12-03T23:12:45.624+0000] {logging_mixin.py:154} INFO - [2023-12-03T23:12:45.623+0000] {dagbag.py:536} INFO - Filling up the DagBag from /home/ubuntu/redfin/lib/python3.10/site-packages/airflow/example_dags/plugins/listener_plugin.py
[2023-12-03T23:12:45.627+0000] {processor.py:841} WARNING - No viable dags retrieved from /home/ubuntu/redfin/lib/python3.10/site-packages/airflow/example_dags/plugins/listener_plugin.py
[2023-12-03T23:12:45.638+0000] {processor.py:179} INFO - Processing /home/ubuntu/redfin/lib/python3.10/site-packages/airflow/example_dags/plugins/listener_plugin.py took 0.020 seconds
[2023-12-03T23:13:18.434+0000] {processor.py:157} INFO - Started process (PID=4101) to work on /home/ubuntu/redfin/lib/python3.10/site-packages/airflow/example_dags/plugins/listener_plugin.py
[2023-12-03T23:13:18.435+0000] {processor.py:829} INFO - Processing file /home/ubuntu/redfin/lib/python3.10/site-packages/airflow/example_dags/plugins/listener_plugin.py for tasks to queue
[2023-12-03T23:13:18.436+0000] {logging_mixin.py:154} INFO - [2023-12-03T23:13:18.436+0000] {dagbag.py:536} INFO - Filling up the DagBag from /home/ubuntu/redfin/lib/python3.10/site-packages/airflow/example_dags/plugins/listener_plugin.py
[2023-12-03T23:13:18.440+0000] {processor.py:841} WARNING - No viable dags retrieved from /home/ubuntu/redfin/lib/python3.10/site-packages/airflow/example_dags/plugins/listener_plugin.py
[2023-12-03T23:13:18.451+0000] {processor.py:179} INFO - Processing /home/ubuntu/redfin/lib/python3.10/site-packages/airflow/example_dags/plugins/listener_plugin.py took 0.021 seconds
[2023-12-03T23:14:02.740+0000] {processor.py:157} INFO - Started process (PID=4151) to work on /home/ubuntu/redfin/lib/python3.10/site-packages/airflow/example_dags/plugins/listener_plugin.py
[2023-12-03T23:14:02.741+0000] {processor.py:829} INFO - Processing file /home/ubuntu/redfin/lib/python3.10/site-packages/airflow/example_dags/plugins/listener_plugin.py for tasks to queue
[2023-12-03T23:14:02.742+0000] {logging_mixin.py:154} INFO - [2023-12-03T23:14:02.742+0000] {dagbag.py:536} INFO - Filling up the DagBag from /home/ubuntu/redfin/lib/python3.10/site-packages/airflow/example_dags/plugins/listener_plugin.py
[2023-12-03T23:14:02.746+0000] {processor.py:841} WARNING - No viable dags retrieved from /home/ubuntu/redfin/lib/python3.10/site-packages/airflow/example_dags/plugins/listener_plugin.py
[2023-12-03T23:14:02.757+0000] {processor.py:179} INFO - Processing /home/ubuntu/redfin/lib/python3.10/site-packages/airflow/example_dags/plugins/listener_plugin.py took 0.021 seconds
[2023-12-03T23:14:35.980+0000] {processor.py:157} INFO - Started process (PID=4187) to work on /home/ubuntu/redfin/lib/python3.10/site-packages/airflow/example_dags/plugins/listener_plugin.py
[2023-12-03T23:14:35.982+0000] {processor.py:829} INFO - Processing file /home/ubuntu/redfin/lib/python3.10/site-packages/airflow/example_dags/plugins/listener_plugin.py for tasks to queue
[2023-12-03T23:14:35.983+0000] {logging_mixin.py:154} INFO - [2023-12-03T23:14:35.982+0000] {dagbag.py:536} INFO - Filling up the DagBag from /home/ubuntu/redfin/lib/python3.10/site-packages/airflow/example_dags/plugins/listener_plugin.py
[2023-12-03T23:14:35.986+0000] {processor.py:841} WARNING - No viable dags retrieved from /home/ubuntu/redfin/lib/python3.10/site-packages/airflow/example_dags/plugins/listener_plugin.py
[2023-12-03T23:14:35.998+0000] {processor.py:179} INFO - Processing /home/ubuntu/redfin/lib/python3.10/site-packages/airflow/example_dags/plugins/listener_plugin.py took 0.021 seconds
[2023-12-03T23:15:08.029+0000] {processor.py:157} INFO - Started process (PID=4222) to work on /home/ubuntu/redfin/lib/python3.10/site-packages/airflow/example_dags/plugins/listener_plugin.py
[2023-12-03T23:15:08.030+0000] {processor.py:829} INFO - Processing file /home/ubuntu/redfin/lib/python3.10/site-packages/airflow/example_dags/plugins/listener_plugin.py for tasks to queue
[2023-12-03T23:15:08.031+0000] {logging_mixin.py:154} INFO - [2023-12-03T23:15:08.031+0000] {dagbag.py:536} INFO - Filling up the DagBag from /home/ubuntu/redfin/lib/python3.10/site-packages/airflow/example_dags/plugins/listener_plugin.py
[2023-12-03T23:15:08.034+0000] {processor.py:841} WARNING - No viable dags retrieved from /home/ubuntu/redfin/lib/python3.10/site-packages/airflow/example_dags/plugins/listener_plugin.py
[2023-12-03T23:15:08.045+0000] {processor.py:179} INFO - Processing /home/ubuntu/redfin/lib/python3.10/site-packages/airflow/example_dags/plugins/listener_plugin.py took 0.020 seconds
[2023-12-03T23:15:41.306+0000] {processor.py:157} INFO - Started process (PID=4259) to work on /home/ubuntu/redfin/lib/python3.10/site-packages/airflow/example_dags/plugins/listener_plugin.py
[2023-12-03T23:15:41.308+0000] {processor.py:829} INFO - Processing file /home/ubuntu/redfin/lib/python3.10/site-packages/airflow/example_dags/plugins/listener_plugin.py for tasks to queue
[2023-12-03T23:15:41.309+0000] {logging_mixin.py:154} INFO - [2023-12-03T23:15:41.308+0000] {dagbag.py:536} INFO - Filling up the DagBag from /home/ubuntu/redfin/lib/python3.10/site-packages/airflow/example_dags/plugins/listener_plugin.py
[2023-12-03T23:15:41.312+0000] {processor.py:841} WARNING - No viable dags retrieved from /home/ubuntu/redfin/lib/python3.10/site-packages/airflow/example_dags/plugins/listener_plugin.py
[2023-12-03T23:15:41.322+0000] {processor.py:179} INFO - Processing /home/ubuntu/redfin/lib/python3.10/site-packages/airflow/example_dags/plugins/listener_plugin.py took 0.020 seconds
[2023-12-03T23:16:13.207+0000] {processor.py:157} INFO - Started process (PID=4294) to work on /home/ubuntu/redfin/lib/python3.10/site-packages/airflow/example_dags/plugins/listener_plugin.py
[2023-12-03T23:16:13.208+0000] {processor.py:829} INFO - Processing file /home/ubuntu/redfin/lib/python3.10/site-packages/airflow/example_dags/plugins/listener_plugin.py for tasks to queue
[2023-12-03T23:16:13.209+0000] {logging_mixin.py:154} INFO - [2023-12-03T23:16:13.209+0000] {dagbag.py:536} INFO - Filling up the DagBag from /home/ubuntu/redfin/lib/python3.10/site-packages/airflow/example_dags/plugins/listener_plugin.py
[2023-12-03T23:16:13.212+0000] {processor.py:841} WARNING - No viable dags retrieved from /home/ubuntu/redfin/lib/python3.10/site-packages/airflow/example_dags/plugins/listener_plugin.py
[2023-12-03T23:16:13.224+0000] {processor.py:179} INFO - Processing /home/ubuntu/redfin/lib/python3.10/site-packages/airflow/example_dags/plugins/listener_plugin.py took 0.021 seconds
[2023-12-03T23:16:44.121+0000] {processor.py:157} INFO - Started process (PID=4329) to work on /home/ubuntu/redfin/lib/python3.10/site-packages/airflow/example_dags/plugins/listener_plugin.py
[2023-12-03T23:16:44.122+0000] {processor.py:829} INFO - Processing file /home/ubuntu/redfin/lib/python3.10/site-packages/airflow/example_dags/plugins/listener_plugin.py for tasks to queue
[2023-12-03T23:16:44.123+0000] {logging_mixin.py:154} INFO - [2023-12-03T23:16:44.123+0000] {dagbag.py:536} INFO - Filling up the DagBag from /home/ubuntu/redfin/lib/python3.10/site-packages/airflow/example_dags/plugins/listener_plugin.py
[2023-12-03T23:16:44.126+0000] {processor.py:841} WARNING - No viable dags retrieved from /home/ubuntu/redfin/lib/python3.10/site-packages/airflow/example_dags/plugins/listener_plugin.py
[2023-12-03T23:16:44.137+0000] {processor.py:179} INFO - Processing /home/ubuntu/redfin/lib/python3.10/site-packages/airflow/example_dags/plugins/listener_plugin.py took 0.019 seconds
[2023-12-03T23:17:15.157+0000] {processor.py:157} INFO - Started process (PID=4367) to work on /home/ubuntu/redfin/lib/python3.10/site-packages/airflow/example_dags/plugins/listener_plugin.py
[2023-12-03T23:17:15.158+0000] {processor.py:829} INFO - Processing file /home/ubuntu/redfin/lib/python3.10/site-packages/airflow/example_dags/plugins/listener_plugin.py for tasks to queue
[2023-12-03T23:17:15.159+0000] {logging_mixin.py:154} INFO - [2023-12-03T23:17:15.159+0000] {dagbag.py:536} INFO - Filling up the DagBag from /home/ubuntu/redfin/lib/python3.10/site-packages/airflow/example_dags/plugins/listener_plugin.py
[2023-12-03T23:17:15.163+0000] {processor.py:841} WARNING - No viable dags retrieved from /home/ubuntu/redfin/lib/python3.10/site-packages/airflow/example_dags/plugins/listener_plugin.py
[2023-12-03T23:17:15.174+0000] {processor.py:179} INFO - Processing /home/ubuntu/redfin/lib/python3.10/site-packages/airflow/example_dags/plugins/listener_plugin.py took 0.021 seconds
[2023-12-03T23:17:45.592+0000] {processor.py:157} INFO - Started process (PID=4401) to work on /home/ubuntu/redfin/lib/python3.10/site-packages/airflow/example_dags/plugins/listener_plugin.py
[2023-12-03T23:17:45.593+0000] {processor.py:829} INFO - Processing file /home/ubuntu/redfin/lib/python3.10/site-packages/airflow/example_dags/plugins/listener_plugin.py for tasks to queue
[2023-12-03T23:17:45.594+0000] {logging_mixin.py:154} INFO - [2023-12-03T23:17:45.593+0000] {dagbag.py:536} INFO - Filling up the DagBag from /home/ubuntu/redfin/lib/python3.10/site-packages/airflow/example_dags/plugins/listener_plugin.py
[2023-12-03T23:17:45.597+0000] {processor.py:841} WARNING - No viable dags retrieved from /home/ubuntu/redfin/lib/python3.10/site-packages/airflow/example_dags/plugins/listener_plugin.py
[2023-12-03T23:17:45.608+0000] {processor.py:179} INFO - Processing /home/ubuntu/redfin/lib/python3.10/site-packages/airflow/example_dags/plugins/listener_plugin.py took 0.020 seconds
[2023-12-03T23:18:16.811+0000] {processor.py:157} INFO - Started process (PID=4436) to work on /home/ubuntu/redfin/lib/python3.10/site-packages/airflow/example_dags/plugins/listener_plugin.py
[2023-12-03T23:18:16.812+0000] {processor.py:829} INFO - Processing file /home/ubuntu/redfin/lib/python3.10/site-packages/airflow/example_dags/plugins/listener_plugin.py for tasks to queue
[2023-12-03T23:18:16.813+0000] {logging_mixin.py:154} INFO - [2023-12-03T23:18:16.812+0000] {dagbag.py:536} INFO - Filling up the DagBag from /home/ubuntu/redfin/lib/python3.10/site-packages/airflow/example_dags/plugins/listener_plugin.py
[2023-12-03T23:18:16.816+0000] {processor.py:841} WARNING - No viable dags retrieved from /home/ubuntu/redfin/lib/python3.10/site-packages/airflow/example_dags/plugins/listener_plugin.py
[2023-12-03T23:18:16.827+0000] {processor.py:179} INFO - Processing /home/ubuntu/redfin/lib/python3.10/site-packages/airflow/example_dags/plugins/listener_plugin.py took 0.020 seconds
[2023-12-03T23:19:00.407+0000] {processor.py:157} INFO - Started process (PID=4486) to work on /home/ubuntu/redfin/lib/python3.10/site-packages/airflow/example_dags/plugins/listener_plugin.py
[2023-12-03T23:19:00.408+0000] {processor.py:829} INFO - Processing file /home/ubuntu/redfin/lib/python3.10/site-packages/airflow/example_dags/plugins/listener_plugin.py for tasks to queue
[2023-12-03T23:19:00.409+0000] {logging_mixin.py:154} INFO - [2023-12-03T23:19:00.409+0000] {dagbag.py:536} INFO - Filling up the DagBag from /home/ubuntu/redfin/lib/python3.10/site-packages/airflow/example_dags/plugins/listener_plugin.py
[2023-12-03T23:19:00.412+0000] {processor.py:841} WARNING - No viable dags retrieved from /home/ubuntu/redfin/lib/python3.10/site-packages/airflow/example_dags/plugins/listener_plugin.py
[2023-12-03T23:19:00.424+0000] {processor.py:179} INFO - Processing /home/ubuntu/redfin/lib/python3.10/site-packages/airflow/example_dags/plugins/listener_plugin.py took 0.020 seconds
[2023-12-03T23:19:44.557+0000] {processor.py:157} INFO - Started process (PID=4534) to work on /home/ubuntu/redfin/lib/python3.10/site-packages/airflow/example_dags/plugins/listener_plugin.py
[2023-12-03T23:19:44.558+0000] {processor.py:829} INFO - Processing file /home/ubuntu/redfin/lib/python3.10/site-packages/airflow/example_dags/plugins/listener_plugin.py for tasks to queue
[2023-12-03T23:19:44.559+0000] {logging_mixin.py:154} INFO - [2023-12-03T23:19:44.559+0000] {dagbag.py:536} INFO - Filling up the DagBag from /home/ubuntu/redfin/lib/python3.10/site-packages/airflow/example_dags/plugins/listener_plugin.py
[2023-12-03T23:19:44.562+0000] {processor.py:841} WARNING - No viable dags retrieved from /home/ubuntu/redfin/lib/python3.10/site-packages/airflow/example_dags/plugins/listener_plugin.py
[2023-12-03T23:19:44.574+0000] {processor.py:179} INFO - Processing /home/ubuntu/redfin/lib/python3.10/site-packages/airflow/example_dags/plugins/listener_plugin.py took 0.021 seconds
[2023-12-03T23:20:27.978+0000] {processor.py:157} INFO - Started process (PID=4582) to work on /home/ubuntu/redfin/lib/python3.10/site-packages/airflow/example_dags/plugins/listener_plugin.py
[2023-12-03T23:20:27.979+0000] {processor.py:829} INFO - Processing file /home/ubuntu/redfin/lib/python3.10/site-packages/airflow/example_dags/plugins/listener_plugin.py for tasks to queue
[2023-12-03T23:20:27.980+0000] {logging_mixin.py:154} INFO - [2023-12-03T23:20:27.980+0000] {dagbag.py:536} INFO - Filling up the DagBag from /home/ubuntu/redfin/lib/python3.10/site-packages/airflow/example_dags/plugins/listener_plugin.py
[2023-12-03T23:20:27.983+0000] {processor.py:841} WARNING - No viable dags retrieved from /home/ubuntu/redfin/lib/python3.10/site-packages/airflow/example_dags/plugins/listener_plugin.py
[2023-12-03T23:20:27.994+0000] {processor.py:179} INFO - Processing /home/ubuntu/redfin/lib/python3.10/site-packages/airflow/example_dags/plugins/listener_plugin.py took 0.020 seconds
[2023-12-03T23:21:12.083+0000] {processor.py:157} INFO - Started process (PID=4630) to work on /home/ubuntu/redfin/lib/python3.10/site-packages/airflow/example_dags/plugins/listener_plugin.py
[2023-12-03T23:21:12.084+0000] {processor.py:829} INFO - Processing file /home/ubuntu/redfin/lib/python3.10/site-packages/airflow/example_dags/plugins/listener_plugin.py for tasks to queue
[2023-12-03T23:21:12.085+0000] {logging_mixin.py:154} INFO - [2023-12-03T23:21:12.085+0000] {dagbag.py:536} INFO - Filling up the DagBag from /home/ubuntu/redfin/lib/python3.10/site-packages/airflow/example_dags/plugins/listener_plugin.py
[2023-12-03T23:21:12.089+0000] {processor.py:841} WARNING - No viable dags retrieved from /home/ubuntu/redfin/lib/python3.10/site-packages/airflow/example_dags/plugins/listener_plugin.py
[2023-12-03T23:21:12.100+0000] {processor.py:179} INFO - Processing /home/ubuntu/redfin/lib/python3.10/site-packages/airflow/example_dags/plugins/listener_plugin.py took 0.021 seconds
[2023-12-03T23:21:46.239+0000] {processor.py:157} INFO - Started process (PID=4667) to work on /home/ubuntu/redfin/lib/python3.10/site-packages/airflow/example_dags/plugins/listener_plugin.py
[2023-12-03T23:21:46.240+0000] {processor.py:829} INFO - Processing file /home/ubuntu/redfin/lib/python3.10/site-packages/airflow/example_dags/plugins/listener_plugin.py for tasks to queue
[2023-12-03T23:21:46.241+0000] {logging_mixin.py:154} INFO - [2023-12-03T23:21:46.241+0000] {dagbag.py:536} INFO - Filling up the DagBag from /home/ubuntu/redfin/lib/python3.10/site-packages/airflow/example_dags/plugins/listener_plugin.py
[2023-12-03T23:21:46.245+0000] {processor.py:841} WARNING - No viable dags retrieved from /home/ubuntu/redfin/lib/python3.10/site-packages/airflow/example_dags/plugins/listener_plugin.py
[2023-12-03T23:21:46.256+0000] {processor.py:179} INFO - Processing /home/ubuntu/redfin/lib/python3.10/site-packages/airflow/example_dags/plugins/listener_plugin.py took 0.021 seconds
[2023-12-03T23:22:19.401+0000] {processor.py:157} INFO - Started process (PID=4704) to work on /home/ubuntu/redfin/lib/python3.10/site-packages/airflow/example_dags/plugins/listener_plugin.py
[2023-12-03T23:22:19.402+0000] {processor.py:829} INFO - Processing file /home/ubuntu/redfin/lib/python3.10/site-packages/airflow/example_dags/plugins/listener_plugin.py for tasks to queue
[2023-12-03T23:22:19.403+0000] {logging_mixin.py:154} INFO - [2023-12-03T23:22:19.403+0000] {dagbag.py:536} INFO - Filling up the DagBag from /home/ubuntu/redfin/lib/python3.10/site-packages/airflow/example_dags/plugins/listener_plugin.py
[2023-12-03T23:22:19.407+0000] {processor.py:841} WARNING - No viable dags retrieved from /home/ubuntu/redfin/lib/python3.10/site-packages/airflow/example_dags/plugins/listener_plugin.py
[2023-12-03T23:22:19.418+0000] {processor.py:179} INFO - Processing /home/ubuntu/redfin/lib/python3.10/site-packages/airflow/example_dags/plugins/listener_plugin.py took 0.021 seconds
[2023-12-03T23:22:50.662+0000] {processor.py:157} INFO - Started process (PID=4740) to work on /home/ubuntu/redfin/lib/python3.10/site-packages/airflow/example_dags/plugins/listener_plugin.py
[2023-12-03T23:22:50.663+0000] {processor.py:829} INFO - Processing file /home/ubuntu/redfin/lib/python3.10/site-packages/airflow/example_dags/plugins/listener_plugin.py for tasks to queue
[2023-12-03T23:22:50.664+0000] {logging_mixin.py:154} INFO - [2023-12-03T23:22:50.664+0000] {dagbag.py:536} INFO - Filling up the DagBag from /home/ubuntu/redfin/lib/python3.10/site-packages/airflow/example_dags/plugins/listener_plugin.py
[2023-12-03T23:22:50.667+0000] {processor.py:841} WARNING - No viable dags retrieved from /home/ubuntu/redfin/lib/python3.10/site-packages/airflow/example_dags/plugins/listener_plugin.py
[2023-12-03T23:22:50.679+0000] {processor.py:179} INFO - Processing /home/ubuntu/redfin/lib/python3.10/site-packages/airflow/example_dags/plugins/listener_plugin.py took 0.021 seconds
[2023-12-03T23:23:21.232+0000] {processor.py:157} INFO - Started process (PID=4774) to work on /home/ubuntu/redfin/lib/python3.10/site-packages/airflow/example_dags/plugins/listener_plugin.py
[2023-12-03T23:23:21.234+0000] {processor.py:829} INFO - Processing file /home/ubuntu/redfin/lib/python3.10/site-packages/airflow/example_dags/plugins/listener_plugin.py for tasks to queue
[2023-12-03T23:23:21.235+0000] {logging_mixin.py:154} INFO - [2023-12-03T23:23:21.234+0000] {dagbag.py:536} INFO - Filling up the DagBag from /home/ubuntu/redfin/lib/python3.10/site-packages/airflow/example_dags/plugins/listener_plugin.py
[2023-12-03T23:23:21.238+0000] {processor.py:841} WARNING - No viable dags retrieved from /home/ubuntu/redfin/lib/python3.10/site-packages/airflow/example_dags/plugins/listener_plugin.py
[2023-12-03T23:23:21.250+0000] {processor.py:179} INFO - Processing /home/ubuntu/redfin/lib/python3.10/site-packages/airflow/example_dags/plugins/listener_plugin.py took 0.022 seconds
[2023-12-03T23:23:53.592+0000] {processor.py:157} INFO - Started process (PID=4809) to work on /home/ubuntu/redfin/lib/python3.10/site-packages/airflow/example_dags/plugins/listener_plugin.py
[2023-12-03T23:23:53.593+0000] {processor.py:829} INFO - Processing file /home/ubuntu/redfin/lib/python3.10/site-packages/airflow/example_dags/plugins/listener_plugin.py for tasks to queue
[2023-12-03T23:23:53.594+0000] {logging_mixin.py:154} INFO - [2023-12-03T23:23:53.594+0000] {dagbag.py:536} INFO - Filling up the DagBag from /home/ubuntu/redfin/lib/python3.10/site-packages/airflow/example_dags/plugins/listener_plugin.py
[2023-12-03T23:23:53.597+0000] {processor.py:841} WARNING - No viable dags retrieved from /home/ubuntu/redfin/lib/python3.10/site-packages/airflow/example_dags/plugins/listener_plugin.py
[2023-12-03T23:23:53.608+0000] {processor.py:179} INFO - Processing /home/ubuntu/redfin/lib/python3.10/site-packages/airflow/example_dags/plugins/listener_plugin.py took 0.020 seconds
[2023-12-03T23:24:25.553+0000] {processor.py:157} INFO - Started process (PID=4845) to work on /home/ubuntu/redfin/lib/python3.10/site-packages/airflow/example_dags/plugins/listener_plugin.py
[2023-12-03T23:24:25.554+0000] {processor.py:829} INFO - Processing file /home/ubuntu/redfin/lib/python3.10/site-packages/airflow/example_dags/plugins/listener_plugin.py for tasks to queue
[2023-12-03T23:24:25.555+0000] {logging_mixin.py:154} INFO - [2023-12-03T23:24:25.555+0000] {dagbag.py:536} INFO - Filling up the DagBag from /home/ubuntu/redfin/lib/python3.10/site-packages/airflow/example_dags/plugins/listener_plugin.py
[2023-12-03T23:24:25.558+0000] {processor.py:841} WARNING - No viable dags retrieved from /home/ubuntu/redfin/lib/python3.10/site-packages/airflow/example_dags/plugins/listener_plugin.py
[2023-12-03T23:24:25.570+0000] {processor.py:179} INFO - Processing /home/ubuntu/redfin/lib/python3.10/site-packages/airflow/example_dags/plugins/listener_plugin.py took 0.020 seconds
[2023-12-03T23:25:12.336+0000] {processor.py:157} INFO - Started process (PID=4894) to work on /home/ubuntu/redfin/lib/python3.10/site-packages/airflow/example_dags/plugins/listener_plugin.py
[2023-12-03T23:25:12.337+0000] {processor.py:829} INFO - Processing file /home/ubuntu/redfin/lib/python3.10/site-packages/airflow/example_dags/plugins/listener_plugin.py for tasks to queue
[2023-12-03T23:25:12.338+0000] {logging_mixin.py:154} INFO - [2023-12-03T23:25:12.338+0000] {dagbag.py:536} INFO - Filling up the DagBag from /home/ubuntu/redfin/lib/python3.10/site-packages/airflow/example_dags/plugins/listener_plugin.py
[2023-12-03T23:25:12.341+0000] {processor.py:841} WARNING - No viable dags retrieved from /home/ubuntu/redfin/lib/python3.10/site-packages/airflow/example_dags/plugins/listener_plugin.py
[2023-12-03T23:25:12.352+0000] {processor.py:179} INFO - Processing /home/ubuntu/redfin/lib/python3.10/site-packages/airflow/example_dags/plugins/listener_plugin.py took 0.020 seconds
[2023-12-03T23:25:46.058+0000] {processor.py:157} INFO - Started process (PID=4931) to work on /home/ubuntu/redfin/lib/python3.10/site-packages/airflow/example_dags/plugins/listener_plugin.py
[2023-12-03T23:25:46.060+0000] {processor.py:829} INFO - Processing file /home/ubuntu/redfin/lib/python3.10/site-packages/airflow/example_dags/plugins/listener_plugin.py for tasks to queue
[2023-12-03T23:25:46.061+0000] {logging_mixin.py:154} INFO - [2023-12-03T23:25:46.060+0000] {dagbag.py:536} INFO - Filling up the DagBag from /home/ubuntu/redfin/lib/python3.10/site-packages/airflow/example_dags/plugins/listener_plugin.py
[2023-12-03T23:25:46.064+0000] {processor.py:841} WARNING - No viable dags retrieved from /home/ubuntu/redfin/lib/python3.10/site-packages/airflow/example_dags/plugins/listener_plugin.py
[2023-12-03T23:25:46.076+0000] {processor.py:179} INFO - Processing /home/ubuntu/redfin/lib/python3.10/site-packages/airflow/example_dags/plugins/listener_plugin.py took 0.022 seconds
[2023-12-03T23:26:16.487+0000] {processor.py:157} INFO - Started process (PID=4965) to work on /home/ubuntu/redfin/lib/python3.10/site-packages/airflow/example_dags/plugins/listener_plugin.py
[2023-12-03T23:26:16.488+0000] {processor.py:829} INFO - Processing file /home/ubuntu/redfin/lib/python3.10/site-packages/airflow/example_dags/plugins/listener_plugin.py for tasks to queue
[2023-12-03T23:26:16.489+0000] {logging_mixin.py:154} INFO - [2023-12-03T23:26:16.488+0000] {dagbag.py:536} INFO - Filling up the DagBag from /home/ubuntu/redfin/lib/python3.10/site-packages/airflow/example_dags/plugins/listener_plugin.py
[2023-12-03T23:26:16.492+0000] {processor.py:841} WARNING - No viable dags retrieved from /home/ubuntu/redfin/lib/python3.10/site-packages/airflow/example_dags/plugins/listener_plugin.py
[2023-12-03T23:26:16.504+0000] {processor.py:179} INFO - Processing /home/ubuntu/redfin/lib/python3.10/site-packages/airflow/example_dags/plugins/listener_plugin.py took 0.020 seconds
[2023-12-03T23:26:47.359+0000] {processor.py:157} INFO - Started process (PID=5001) to work on /home/ubuntu/redfin/lib/python3.10/site-packages/airflow/example_dags/plugins/listener_plugin.py
[2023-12-03T23:26:47.361+0000] {processor.py:829} INFO - Processing file /home/ubuntu/redfin/lib/python3.10/site-packages/airflow/example_dags/plugins/listener_plugin.py for tasks to queue
[2023-12-03T23:26:47.362+0000] {logging_mixin.py:154} INFO - [2023-12-03T23:26:47.361+0000] {dagbag.py:536} INFO - Filling up the DagBag from /home/ubuntu/redfin/lib/python3.10/site-packages/airflow/example_dags/plugins/listener_plugin.py
[2023-12-03T23:26:47.365+0000] {processor.py:841} WARNING - No viable dags retrieved from /home/ubuntu/redfin/lib/python3.10/site-packages/airflow/example_dags/plugins/listener_plugin.py
[2023-12-03T23:26:47.376+0000] {processor.py:179} INFO - Processing /home/ubuntu/redfin/lib/python3.10/site-packages/airflow/example_dags/plugins/listener_plugin.py took 0.021 seconds
[2023-12-03T23:27:29.485+0000] {processor.py:157} INFO - Started process (PID=5048) to work on /home/ubuntu/redfin/lib/python3.10/site-packages/airflow/example_dags/plugins/listener_plugin.py
[2023-12-03T23:27:29.486+0000] {processor.py:829} INFO - Processing file /home/ubuntu/redfin/lib/python3.10/site-packages/airflow/example_dags/plugins/listener_plugin.py for tasks to queue
[2023-12-03T23:27:29.487+0000] {logging_mixin.py:154} INFO - [2023-12-03T23:27:29.486+0000] {dagbag.py:536} INFO - Filling up the DagBag from /home/ubuntu/redfin/lib/python3.10/site-packages/airflow/example_dags/plugins/listener_plugin.py
[2023-12-03T23:27:29.490+0000] {processor.py:841} WARNING - No viable dags retrieved from /home/ubuntu/redfin/lib/python3.10/site-packages/airflow/example_dags/plugins/listener_plugin.py
[2023-12-03T23:27:29.502+0000] {processor.py:179} INFO - Processing /home/ubuntu/redfin/lib/python3.10/site-packages/airflow/example_dags/plugins/listener_plugin.py took 0.021 seconds
[2023-12-03T23:28:12.009+0000] {processor.py:157} INFO - Started process (PID=5095) to work on /home/ubuntu/redfin/lib/python3.10/site-packages/airflow/example_dags/plugins/listener_plugin.py
[2023-12-03T23:28:12.011+0000] {processor.py:829} INFO - Processing file /home/ubuntu/redfin/lib/python3.10/site-packages/airflow/example_dags/plugins/listener_plugin.py for tasks to queue
[2023-12-03T23:28:12.012+0000] {logging_mixin.py:154} INFO - [2023-12-03T23:28:12.012+0000] {dagbag.py:536} INFO - Filling up the DagBag from /home/ubuntu/redfin/lib/python3.10/site-packages/airflow/example_dags/plugins/listener_plugin.py
[2023-12-03T23:28:12.015+0000] {processor.py:841} WARNING - No viable dags retrieved from /home/ubuntu/redfin/lib/python3.10/site-packages/airflow/example_dags/plugins/listener_plugin.py
[2023-12-03T23:28:12.027+0000] {processor.py:179} INFO - Processing /home/ubuntu/redfin/lib/python3.10/site-packages/airflow/example_dags/plugins/listener_plugin.py took 0.021 seconds
[2023-12-03T23:28:44.032+0000] {processor.py:157} INFO - Started process (PID=5127) to work on /home/ubuntu/redfin/lib/python3.10/site-packages/airflow/example_dags/plugins/listener_plugin.py
[2023-12-03T23:28:44.034+0000] {processor.py:829} INFO - Processing file /home/ubuntu/redfin/lib/python3.10/site-packages/airflow/example_dags/plugins/listener_plugin.py for tasks to queue
[2023-12-03T23:28:44.035+0000] {logging_mixin.py:154} INFO - [2023-12-03T23:28:44.034+0000] {dagbag.py:536} INFO - Filling up the DagBag from /home/ubuntu/redfin/lib/python3.10/site-packages/airflow/example_dags/plugins/listener_plugin.py
[2023-12-03T23:28:44.038+0000] {processor.py:841} WARNING - No viable dags retrieved from /home/ubuntu/redfin/lib/python3.10/site-packages/airflow/example_dags/plugins/listener_plugin.py
[2023-12-03T23:28:44.049+0000] {processor.py:179} INFO - Processing /home/ubuntu/redfin/lib/python3.10/site-packages/airflow/example_dags/plugins/listener_plugin.py took 0.021 seconds
[2023-12-03T23:29:16.109+0000] {processor.py:157} INFO - Started process (PID=5162) to work on /home/ubuntu/redfin/lib/python3.10/site-packages/airflow/example_dags/plugins/listener_plugin.py
[2023-12-03T23:29:16.110+0000] {processor.py:829} INFO - Processing file /home/ubuntu/redfin/lib/python3.10/site-packages/airflow/example_dags/plugins/listener_plugin.py for tasks to queue
[2023-12-03T23:29:16.111+0000] {logging_mixin.py:154} INFO - [2023-12-03T23:29:16.110+0000] {dagbag.py:536} INFO - Filling up the DagBag from /home/ubuntu/redfin/lib/python3.10/site-packages/airflow/example_dags/plugins/listener_plugin.py
[2023-12-03T23:29:16.114+0000] {processor.py:841} WARNING - No viable dags retrieved from /home/ubuntu/redfin/lib/python3.10/site-packages/airflow/example_dags/plugins/listener_plugin.py
[2023-12-03T23:29:16.126+0000] {processor.py:179} INFO - Processing /home/ubuntu/redfin/lib/python3.10/site-packages/airflow/example_dags/plugins/listener_plugin.py took 0.021 seconds
[2023-12-03T23:29:48.797+0000] {processor.py:157} INFO - Started process (PID=5199) to work on /home/ubuntu/redfin/lib/python3.10/site-packages/airflow/example_dags/plugins/listener_plugin.py
[2023-12-03T23:29:48.799+0000] {processor.py:829} INFO - Processing file /home/ubuntu/redfin/lib/python3.10/site-packages/airflow/example_dags/plugins/listener_plugin.py for tasks to queue
[2023-12-03T23:29:48.800+0000] {logging_mixin.py:154} INFO - [2023-12-03T23:29:48.799+0000] {dagbag.py:536} INFO - Filling up the DagBag from /home/ubuntu/redfin/lib/python3.10/site-packages/airflow/example_dags/plugins/listener_plugin.py
[2023-12-03T23:29:48.803+0000] {processor.py:841} WARNING - No viable dags retrieved from /home/ubuntu/redfin/lib/python3.10/site-packages/airflow/example_dags/plugins/listener_plugin.py
[2023-12-03T23:29:48.814+0000] {processor.py:179} INFO - Processing /home/ubuntu/redfin/lib/python3.10/site-packages/airflow/example_dags/plugins/listener_plugin.py took 0.021 seconds
[2023-12-03T23:30:19.750+0000] {processor.py:157} INFO - Started process (PID=5234) to work on /home/ubuntu/redfin/lib/python3.10/site-packages/airflow/example_dags/plugins/listener_plugin.py
[2023-12-03T23:30:19.751+0000] {processor.py:829} INFO - Processing file /home/ubuntu/redfin/lib/python3.10/site-packages/airflow/example_dags/plugins/listener_plugin.py for tasks to queue
[2023-12-03T23:30:19.752+0000] {logging_mixin.py:154} INFO - [2023-12-03T23:30:19.751+0000] {dagbag.py:536} INFO - Filling up the DagBag from /home/ubuntu/redfin/lib/python3.10/site-packages/airflow/example_dags/plugins/listener_plugin.py
[2023-12-03T23:30:19.755+0000] {processor.py:841} WARNING - No viable dags retrieved from /home/ubuntu/redfin/lib/python3.10/site-packages/airflow/example_dags/plugins/listener_plugin.py
[2023-12-03T23:30:19.767+0000] {processor.py:179} INFO - Processing /home/ubuntu/redfin/lib/python3.10/site-packages/airflow/example_dags/plugins/listener_plugin.py took 0.021 seconds
[2023-12-03T23:30:50.588+0000] {processor.py:157} INFO - Started process (PID=5269) to work on /home/ubuntu/redfin/lib/python3.10/site-packages/airflow/example_dags/plugins/listener_plugin.py
[2023-12-03T23:30:50.589+0000] {processor.py:829} INFO - Processing file /home/ubuntu/redfin/lib/python3.10/site-packages/airflow/example_dags/plugins/listener_plugin.py for tasks to queue
[2023-12-03T23:30:50.590+0000] {logging_mixin.py:154} INFO - [2023-12-03T23:30:50.590+0000] {dagbag.py:536} INFO - Filling up the DagBag from /home/ubuntu/redfin/lib/python3.10/site-packages/airflow/example_dags/plugins/listener_plugin.py
[2023-12-03T23:30:50.593+0000] {processor.py:841} WARNING - No viable dags retrieved from /home/ubuntu/redfin/lib/python3.10/site-packages/airflow/example_dags/plugins/listener_plugin.py
[2023-12-03T23:30:50.605+0000] {processor.py:179} INFO - Processing /home/ubuntu/redfin/lib/python3.10/site-packages/airflow/example_dags/plugins/listener_plugin.py took 0.021 seconds
[2023-12-03T23:31:22.096+0000] {processor.py:157} INFO - Started process (PID=5303) to work on /home/ubuntu/redfin/lib/python3.10/site-packages/airflow/example_dags/plugins/listener_plugin.py
[2023-12-03T23:31:22.098+0000] {processor.py:829} INFO - Processing file /home/ubuntu/redfin/lib/python3.10/site-packages/airflow/example_dags/plugins/listener_plugin.py for tasks to queue
[2023-12-03T23:31:22.098+0000] {logging_mixin.py:154} INFO - [2023-12-03T23:31:22.098+0000] {dagbag.py:536} INFO - Filling up the DagBag from /home/ubuntu/redfin/lib/python3.10/site-packages/airflow/example_dags/plugins/listener_plugin.py
[2023-12-03T23:31:22.102+0000] {processor.py:841} WARNING - No viable dags retrieved from /home/ubuntu/redfin/lib/python3.10/site-packages/airflow/example_dags/plugins/listener_plugin.py
[2023-12-03T23:31:22.114+0000] {processor.py:179} INFO - Processing /home/ubuntu/redfin/lib/python3.10/site-packages/airflow/example_dags/plugins/listener_plugin.py took 0.021 seconds
[2023-12-03T23:31:55.415+0000] {processor.py:157} INFO - Started process (PID=5339) to work on /home/ubuntu/redfin/lib/python3.10/site-packages/airflow/example_dags/plugins/listener_plugin.py
[2023-12-03T23:31:55.416+0000] {processor.py:829} INFO - Processing file /home/ubuntu/redfin/lib/python3.10/site-packages/airflow/example_dags/plugins/listener_plugin.py for tasks to queue
[2023-12-03T23:31:55.417+0000] {logging_mixin.py:154} INFO - [2023-12-03T23:31:55.417+0000] {dagbag.py:536} INFO - Filling up the DagBag from /home/ubuntu/redfin/lib/python3.10/site-packages/airflow/example_dags/plugins/listener_plugin.py
[2023-12-03T23:31:55.421+0000] {processor.py:841} WARNING - No viable dags retrieved from /home/ubuntu/redfin/lib/python3.10/site-packages/airflow/example_dags/plugins/listener_plugin.py
[2023-12-03T23:31:55.433+0000] {processor.py:179} INFO - Processing /home/ubuntu/redfin/lib/python3.10/site-packages/airflow/example_dags/plugins/listener_plugin.py took 0.022 seconds
[2023-12-03T23:32:39.591+0000] {processor.py:157} INFO - Started process (PID=5388) to work on /home/ubuntu/redfin/lib/python3.10/site-packages/airflow/example_dags/plugins/listener_plugin.py
[2023-12-03T23:32:39.592+0000] {processor.py:829} INFO - Processing file /home/ubuntu/redfin/lib/python3.10/site-packages/airflow/example_dags/plugins/listener_plugin.py for tasks to queue
[2023-12-03T23:32:39.593+0000] {logging_mixin.py:154} INFO - [2023-12-03T23:32:39.593+0000] {dagbag.py:536} INFO - Filling up the DagBag from /home/ubuntu/redfin/lib/python3.10/site-packages/airflow/example_dags/plugins/listener_plugin.py
[2023-12-03T23:32:39.596+0000] {processor.py:841} WARNING - No viable dags retrieved from /home/ubuntu/redfin/lib/python3.10/site-packages/airflow/example_dags/plugins/listener_plugin.py
[2023-12-03T23:32:39.608+0000] {processor.py:179} INFO - Processing /home/ubuntu/redfin/lib/python3.10/site-packages/airflow/example_dags/plugins/listener_plugin.py took 0.021 seconds
[2023-12-03T23:33:25.129+0000] {processor.py:157} INFO - Started process (PID=5437) to work on /home/ubuntu/redfin/lib/python3.10/site-packages/airflow/example_dags/plugins/listener_plugin.py
[2023-12-03T23:33:25.131+0000] {processor.py:829} INFO - Processing file /home/ubuntu/redfin/lib/python3.10/site-packages/airflow/example_dags/plugins/listener_plugin.py for tasks to queue
[2023-12-03T23:33:25.132+0000] {logging_mixin.py:154} INFO - [2023-12-03T23:33:25.131+0000] {dagbag.py:536} INFO - Filling up the DagBag from /home/ubuntu/redfin/lib/python3.10/site-packages/airflow/example_dags/plugins/listener_plugin.py
[2023-12-03T23:33:25.135+0000] {processor.py:841} WARNING - No viable dags retrieved from /home/ubuntu/redfin/lib/python3.10/site-packages/airflow/example_dags/plugins/listener_plugin.py
[2023-12-03T23:33:25.147+0000] {processor.py:179} INFO - Processing /home/ubuntu/redfin/lib/python3.10/site-packages/airflow/example_dags/plugins/listener_plugin.py took 0.022 seconds
[2023-12-03T23:34:10.613+0000] {processor.py:157} INFO - Started process (PID=5486) to work on /home/ubuntu/redfin/lib/python3.10/site-packages/airflow/example_dags/plugins/listener_plugin.py
[2023-12-03T23:34:10.614+0000] {processor.py:829} INFO - Processing file /home/ubuntu/redfin/lib/python3.10/site-packages/airflow/example_dags/plugins/listener_plugin.py for tasks to queue
[2023-12-03T23:34:10.615+0000] {logging_mixin.py:154} INFO - [2023-12-03T23:34:10.615+0000] {dagbag.py:536} INFO - Filling up the DagBag from /home/ubuntu/redfin/lib/python3.10/site-packages/airflow/example_dags/plugins/listener_plugin.py
[2023-12-03T23:34:10.619+0000] {processor.py:841} WARNING - No viable dags retrieved from /home/ubuntu/redfin/lib/python3.10/site-packages/airflow/example_dags/plugins/listener_plugin.py
[2023-12-03T23:34:10.630+0000] {processor.py:179} INFO - Processing /home/ubuntu/redfin/lib/python3.10/site-packages/airflow/example_dags/plugins/listener_plugin.py took 0.021 seconds
[2023-12-03T23:34:42.052+0000] {processor.py:157} INFO - Started process (PID=5521) to work on /home/ubuntu/redfin/lib/python3.10/site-packages/airflow/example_dags/plugins/listener_plugin.py
[2023-12-03T23:34:42.053+0000] {processor.py:829} INFO - Processing file /home/ubuntu/redfin/lib/python3.10/site-packages/airflow/example_dags/plugins/listener_plugin.py for tasks to queue
[2023-12-03T23:34:42.054+0000] {logging_mixin.py:154} INFO - [2023-12-03T23:34:42.054+0000] {dagbag.py:536} INFO - Filling up the DagBag from /home/ubuntu/redfin/lib/python3.10/site-packages/airflow/example_dags/plugins/listener_plugin.py
[2023-12-03T23:34:42.057+0000] {processor.py:841} WARNING - No viable dags retrieved from /home/ubuntu/redfin/lib/python3.10/site-packages/airflow/example_dags/plugins/listener_plugin.py
[2023-12-03T23:34:42.068+0000] {processor.py:179} INFO - Processing /home/ubuntu/redfin/lib/python3.10/site-packages/airflow/example_dags/plugins/listener_plugin.py took 0.020 seconds
[2023-12-03T23:35:15.762+0000] {processor.py:157} INFO - Started process (PID=5557) to work on /home/ubuntu/redfin/lib/python3.10/site-packages/airflow/example_dags/plugins/listener_plugin.py
[2023-12-03T23:35:15.764+0000] {processor.py:829} INFO - Processing file /home/ubuntu/redfin/lib/python3.10/site-packages/airflow/example_dags/plugins/listener_plugin.py for tasks to queue
[2023-12-03T23:35:15.765+0000] {logging_mixin.py:154} INFO - [2023-12-03T23:35:15.764+0000] {dagbag.py:536} INFO - Filling up the DagBag from /home/ubuntu/redfin/lib/python3.10/site-packages/airflow/example_dags/plugins/listener_plugin.py
[2023-12-03T23:35:15.768+0000] {processor.py:841} WARNING - No viable dags retrieved from /home/ubuntu/redfin/lib/python3.10/site-packages/airflow/example_dags/plugins/listener_plugin.py
[2023-12-03T23:35:15.779+0000] {processor.py:179} INFO - Processing /home/ubuntu/redfin/lib/python3.10/site-packages/airflow/example_dags/plugins/listener_plugin.py took 0.020 seconds
[2023-12-03T23:35:48.038+0000] {processor.py:157} INFO - Started process (PID=5593) to work on /home/ubuntu/redfin/lib/python3.10/site-packages/airflow/example_dags/plugins/listener_plugin.py
[2023-12-03T23:35:48.039+0000] {processor.py:829} INFO - Processing file /home/ubuntu/redfin/lib/python3.10/site-packages/airflow/example_dags/plugins/listener_plugin.py for tasks to queue
[2023-12-03T23:35:48.040+0000] {logging_mixin.py:154} INFO - [2023-12-03T23:35:48.040+0000] {dagbag.py:536} INFO - Filling up the DagBag from /home/ubuntu/redfin/lib/python3.10/site-packages/airflow/example_dags/plugins/listener_plugin.py
[2023-12-03T23:35:48.043+0000] {processor.py:841} WARNING - No viable dags retrieved from /home/ubuntu/redfin/lib/python3.10/site-packages/airflow/example_dags/plugins/listener_plugin.py
[2023-12-03T23:35:48.056+0000] {processor.py:179} INFO - Processing /home/ubuntu/redfin/lib/python3.10/site-packages/airflow/example_dags/plugins/listener_plugin.py took 0.021 seconds
[2023-12-03T23:36:21.735+0000] {processor.py:157} INFO - Started process (PID=5629) to work on /home/ubuntu/redfin/lib/python3.10/site-packages/airflow/example_dags/plugins/listener_plugin.py
[2023-12-03T23:36:21.736+0000] {processor.py:829} INFO - Processing file /home/ubuntu/redfin/lib/python3.10/site-packages/airflow/example_dags/plugins/listener_plugin.py for tasks to queue
[2023-12-03T23:36:21.737+0000] {logging_mixin.py:154} INFO - [2023-12-03T23:36:21.736+0000] {dagbag.py:536} INFO - Filling up the DagBag from /home/ubuntu/redfin/lib/python3.10/site-packages/airflow/example_dags/plugins/listener_plugin.py
[2023-12-03T23:36:21.740+0000] {processor.py:841} WARNING - No viable dags retrieved from /home/ubuntu/redfin/lib/python3.10/site-packages/airflow/example_dags/plugins/listener_plugin.py
[2023-12-03T23:36:21.751+0000] {processor.py:179} INFO - Processing /home/ubuntu/redfin/lib/python3.10/site-packages/airflow/example_dags/plugins/listener_plugin.py took 0.021 seconds
[2023-12-03T23:36:56.111+0000] {processor.py:157} INFO - Started process (PID=5667) to work on /home/ubuntu/redfin/lib/python3.10/site-packages/airflow/example_dags/plugins/listener_plugin.py
[2023-12-03T23:36:56.113+0000] {processor.py:829} INFO - Processing file /home/ubuntu/redfin/lib/python3.10/site-packages/airflow/example_dags/plugins/listener_plugin.py for tasks to queue
[2023-12-03T23:36:56.114+0000] {logging_mixin.py:154} INFO - [2023-12-03T23:36:56.113+0000] {dagbag.py:536} INFO - Filling up the DagBag from /home/ubuntu/redfin/lib/python3.10/site-packages/airflow/example_dags/plugins/listener_plugin.py
[2023-12-03T23:36:56.117+0000] {processor.py:841} WARNING - No viable dags retrieved from /home/ubuntu/redfin/lib/python3.10/site-packages/airflow/example_dags/plugins/listener_plugin.py
[2023-12-03T23:36:56.128+0000] {processor.py:179} INFO - Processing /home/ubuntu/redfin/lib/python3.10/site-packages/airflow/example_dags/plugins/listener_plugin.py took 0.020 seconds
[2023-12-03T23:37:28.666+0000] {processor.py:157} INFO - Started process (PID=5702) to work on /home/ubuntu/redfin/lib/python3.10/site-packages/airflow/example_dags/plugins/listener_plugin.py
[2023-12-03T23:37:28.667+0000] {processor.py:829} INFO - Processing file /home/ubuntu/redfin/lib/python3.10/site-packages/airflow/example_dags/plugins/listener_plugin.py for tasks to queue
[2023-12-03T23:37:28.668+0000] {logging_mixin.py:154} INFO - [2023-12-03T23:37:28.668+0000] {dagbag.py:536} INFO - Filling up the DagBag from /home/ubuntu/redfin/lib/python3.10/site-packages/airflow/example_dags/plugins/listener_plugin.py
[2023-12-03T23:37:28.671+0000] {processor.py:841} WARNING - No viable dags retrieved from /home/ubuntu/redfin/lib/python3.10/site-packages/airflow/example_dags/plugins/listener_plugin.py
[2023-12-03T23:37:28.684+0000] {processor.py:179} INFO - Processing /home/ubuntu/redfin/lib/python3.10/site-packages/airflow/example_dags/plugins/listener_plugin.py took 0.022 seconds
[2023-12-03T23:38:13.103+0000] {processor.py:157} INFO - Started process (PID=5751) to work on /home/ubuntu/redfin/lib/python3.10/site-packages/airflow/example_dags/plugins/listener_plugin.py
[2023-12-03T23:38:13.105+0000] {processor.py:829} INFO - Processing file /home/ubuntu/redfin/lib/python3.10/site-packages/airflow/example_dags/plugins/listener_plugin.py for tasks to queue
[2023-12-03T23:38:13.105+0000] {logging_mixin.py:154} INFO - [2023-12-03T23:38:13.105+0000] {dagbag.py:536} INFO - Filling up the DagBag from /home/ubuntu/redfin/lib/python3.10/site-packages/airflow/example_dags/plugins/listener_plugin.py
[2023-12-03T23:38:13.109+0000] {processor.py:841} WARNING - No viable dags retrieved from /home/ubuntu/redfin/lib/python3.10/site-packages/airflow/example_dags/plugins/listener_plugin.py
[2023-12-03T23:38:13.121+0000] {processor.py:179} INFO - Processing /home/ubuntu/redfin/lib/python3.10/site-packages/airflow/example_dags/plugins/listener_plugin.py took 0.021 seconds
[2023-12-03T23:38:45.607+0000] {processor.py:157} INFO - Started process (PID=5787) to work on /home/ubuntu/redfin/lib/python3.10/site-packages/airflow/example_dags/plugins/listener_plugin.py
[2023-12-03T23:38:45.608+0000] {processor.py:829} INFO - Processing file /home/ubuntu/redfin/lib/python3.10/site-packages/airflow/example_dags/plugins/listener_plugin.py for tasks to queue
[2023-12-03T23:38:45.609+0000] {logging_mixin.py:154} INFO - [2023-12-03T23:38:45.608+0000] {dagbag.py:536} INFO - Filling up the DagBag from /home/ubuntu/redfin/lib/python3.10/site-packages/airflow/example_dags/plugins/listener_plugin.py
[2023-12-03T23:38:45.612+0000] {processor.py:841} WARNING - No viable dags retrieved from /home/ubuntu/redfin/lib/python3.10/site-packages/airflow/example_dags/plugins/listener_plugin.py
[2023-12-03T23:38:45.623+0000] {processor.py:179} INFO - Processing /home/ubuntu/redfin/lib/python3.10/site-packages/airflow/example_dags/plugins/listener_plugin.py took 0.020 seconds
[2023-12-03T23:39:16.415+0000] {processor.py:157} INFO - Started process (PID=5821) to work on /home/ubuntu/redfin/lib/python3.10/site-packages/airflow/example_dags/plugins/listener_plugin.py
[2023-12-03T23:39:16.417+0000] {processor.py:829} INFO - Processing file /home/ubuntu/redfin/lib/python3.10/site-packages/airflow/example_dags/plugins/listener_plugin.py for tasks to queue
[2023-12-03T23:39:16.418+0000] {logging_mixin.py:154} INFO - [2023-12-03T23:39:16.417+0000] {dagbag.py:536} INFO - Filling up the DagBag from /home/ubuntu/redfin/lib/python3.10/site-packages/airflow/example_dags/plugins/listener_plugin.py
[2023-12-03T23:39:16.421+0000] {processor.py:841} WARNING - No viable dags retrieved from /home/ubuntu/redfin/lib/python3.10/site-packages/airflow/example_dags/plugins/listener_plugin.py
[2023-12-03T23:39:16.432+0000] {processor.py:179} INFO - Processing /home/ubuntu/redfin/lib/python3.10/site-packages/airflow/example_dags/plugins/listener_plugin.py took 0.021 seconds
[2023-12-03T23:39:47.521+0000] {processor.py:157} INFO - Started process (PID=5856) to work on /home/ubuntu/redfin/lib/python3.10/site-packages/airflow/example_dags/plugins/listener_plugin.py
[2023-12-03T23:39:47.522+0000] {processor.py:829} INFO - Processing file /home/ubuntu/redfin/lib/python3.10/site-packages/airflow/example_dags/plugins/listener_plugin.py for tasks to queue
[2023-12-03T23:39:47.523+0000] {logging_mixin.py:154} INFO - [2023-12-03T23:39:47.523+0000] {dagbag.py:536} INFO - Filling up the DagBag from /home/ubuntu/redfin/lib/python3.10/site-packages/airflow/example_dags/plugins/listener_plugin.py
[2023-12-03T23:39:47.526+0000] {processor.py:841} WARNING - No viable dags retrieved from /home/ubuntu/redfin/lib/python3.10/site-packages/airflow/example_dags/plugins/listener_plugin.py
[2023-12-03T23:39:47.538+0000] {processor.py:179} INFO - Processing /home/ubuntu/redfin/lib/python3.10/site-packages/airflow/example_dags/plugins/listener_plugin.py took 0.020 seconds
[2023-12-03T23:40:18.338+0000] {processor.py:157} INFO - Started process (PID=5887) to work on /home/ubuntu/redfin/lib/python3.10/site-packages/airflow/example_dags/plugins/listener_plugin.py
[2023-12-03T23:40:18.339+0000] {processor.py:829} INFO - Processing file /home/ubuntu/redfin/lib/python3.10/site-packages/airflow/example_dags/plugins/listener_plugin.py for tasks to queue
[2023-12-03T23:40:18.340+0000] {logging_mixin.py:154} INFO - [2023-12-03T23:40:18.340+0000] {dagbag.py:536} INFO - Filling up the DagBag from /home/ubuntu/redfin/lib/python3.10/site-packages/airflow/example_dags/plugins/listener_plugin.py
[2023-12-03T23:40:18.343+0000] {processor.py:841} WARNING - No viable dags retrieved from /home/ubuntu/redfin/lib/python3.10/site-packages/airflow/example_dags/plugins/listener_plugin.py
[2023-12-03T23:40:18.355+0000] {processor.py:179} INFO - Processing /home/ubuntu/redfin/lib/python3.10/site-packages/airflow/example_dags/plugins/listener_plugin.py took 0.022 seconds
[2023-12-03T23:40:51.469+0000] {processor.py:157} INFO - Started process (PID=5923) to work on /home/ubuntu/redfin/lib/python3.10/site-packages/airflow/example_dags/plugins/listener_plugin.py
[2023-12-03T23:40:51.470+0000] {processor.py:829} INFO - Processing file /home/ubuntu/redfin/lib/python3.10/site-packages/airflow/example_dags/plugins/listener_plugin.py for tasks to queue
[2023-12-03T23:40:51.471+0000] {logging_mixin.py:154} INFO - [2023-12-03T23:40:51.471+0000] {dagbag.py:536} INFO - Filling up the DagBag from /home/ubuntu/redfin/lib/python3.10/site-packages/airflow/example_dags/plugins/listener_plugin.py
[2023-12-03T23:40:51.474+0000] {processor.py:841} WARNING - No viable dags retrieved from /home/ubuntu/redfin/lib/python3.10/site-packages/airflow/example_dags/plugins/listener_plugin.py
[2023-12-03T23:40:51.485+0000] {processor.py:179} INFO - Processing /home/ubuntu/redfin/lib/python3.10/site-packages/airflow/example_dags/plugins/listener_plugin.py took 0.020 seconds
[2023-12-03T23:41:26.316+0000] {processor.py:157} INFO - Started process (PID=5960) to work on /home/ubuntu/redfin/lib/python3.10/site-packages/airflow/example_dags/plugins/listener_plugin.py
[2023-12-03T23:41:26.317+0000] {processor.py:829} INFO - Processing file /home/ubuntu/redfin/lib/python3.10/site-packages/airflow/example_dags/plugins/listener_plugin.py for tasks to queue
[2023-12-03T23:41:26.318+0000] {logging_mixin.py:154} INFO - [2023-12-03T23:41:26.318+0000] {dagbag.py:536} INFO - Filling up the DagBag from /home/ubuntu/redfin/lib/python3.10/site-packages/airflow/example_dags/plugins/listener_plugin.py
[2023-12-03T23:41:26.321+0000] {processor.py:841} WARNING - No viable dags retrieved from /home/ubuntu/redfin/lib/python3.10/site-packages/airflow/example_dags/plugins/listener_plugin.py
[2023-12-03T23:41:26.334+0000] {processor.py:179} INFO - Processing /home/ubuntu/redfin/lib/python3.10/site-packages/airflow/example_dags/plugins/listener_plugin.py took 0.023 seconds
[2023-12-03T23:42:09.692+0000] {processor.py:157} INFO - Started process (PID=6009) to work on /home/ubuntu/redfin/lib/python3.10/site-packages/airflow/example_dags/plugins/listener_plugin.py
[2023-12-03T23:42:09.693+0000] {processor.py:829} INFO - Processing file /home/ubuntu/redfin/lib/python3.10/site-packages/airflow/example_dags/plugins/listener_plugin.py for tasks to queue
[2023-12-03T23:42:09.694+0000] {logging_mixin.py:154} INFO - [2023-12-03T23:42:09.694+0000] {dagbag.py:536} INFO - Filling up the DagBag from /home/ubuntu/redfin/lib/python3.10/site-packages/airflow/example_dags/plugins/listener_plugin.py
[2023-12-03T23:42:09.697+0000] {processor.py:841} WARNING - No viable dags retrieved from /home/ubuntu/redfin/lib/python3.10/site-packages/airflow/example_dags/plugins/listener_plugin.py
[2023-12-03T23:42:09.709+0000] {processor.py:179} INFO - Processing /home/ubuntu/redfin/lib/python3.10/site-packages/airflow/example_dags/plugins/listener_plugin.py took 0.021 seconds
[2023-12-03T23:42:42.430+0000] {processor.py:157} INFO - Started process (PID=6045) to work on /home/ubuntu/redfin/lib/python3.10/site-packages/airflow/example_dags/plugins/listener_plugin.py
[2023-12-03T23:42:42.431+0000] {processor.py:829} INFO - Processing file /home/ubuntu/redfin/lib/python3.10/site-packages/airflow/example_dags/plugins/listener_plugin.py for tasks to queue
[2023-12-03T23:42:42.432+0000] {logging_mixin.py:154} INFO - [2023-12-03T23:42:42.432+0000] {dagbag.py:536} INFO - Filling up the DagBag from /home/ubuntu/redfin/lib/python3.10/site-packages/airflow/example_dags/plugins/listener_plugin.py
[2023-12-03T23:42:42.435+0000] {processor.py:841} WARNING - No viable dags retrieved from /home/ubuntu/redfin/lib/python3.10/site-packages/airflow/example_dags/plugins/listener_plugin.py
[2023-12-03T23:42:42.446+0000] {processor.py:179} INFO - Processing /home/ubuntu/redfin/lib/python3.10/site-packages/airflow/example_dags/plugins/listener_plugin.py took 0.020 seconds
[2023-12-03T23:43:13.264+0000] {processor.py:157} INFO - Started process (PID=6080) to work on /home/ubuntu/redfin/lib/python3.10/site-packages/airflow/example_dags/plugins/listener_plugin.py
[2023-12-03T23:43:13.266+0000] {processor.py:829} INFO - Processing file /home/ubuntu/redfin/lib/python3.10/site-packages/airflow/example_dags/plugins/listener_plugin.py for tasks to queue
[2023-12-03T23:43:13.267+0000] {logging_mixin.py:154} INFO - [2023-12-03T23:43:13.266+0000] {dagbag.py:536} INFO - Filling up the DagBag from /home/ubuntu/redfin/lib/python3.10/site-packages/airflow/example_dags/plugins/listener_plugin.py
[2023-12-03T23:43:13.270+0000] {processor.py:841} WARNING - No viable dags retrieved from /home/ubuntu/redfin/lib/python3.10/site-packages/airflow/example_dags/plugins/listener_plugin.py
[2023-12-03T23:43:13.282+0000] {processor.py:179} INFO - Processing /home/ubuntu/redfin/lib/python3.10/site-packages/airflow/example_dags/plugins/listener_plugin.py took 0.021 seconds
[2023-12-03T23:43:44.108+0000] {processor.py:157} INFO - Started process (PID=6114) to work on /home/ubuntu/redfin/lib/python3.10/site-packages/airflow/example_dags/plugins/listener_plugin.py
[2023-12-03T23:43:44.109+0000] {processor.py:829} INFO - Processing file /home/ubuntu/redfin/lib/python3.10/site-packages/airflow/example_dags/plugins/listener_plugin.py for tasks to queue
[2023-12-03T23:43:44.110+0000] {logging_mixin.py:154} INFO - [2023-12-03T23:43:44.110+0000] {dagbag.py:536} INFO - Filling up the DagBag from /home/ubuntu/redfin/lib/python3.10/site-packages/airflow/example_dags/plugins/listener_plugin.py
[2023-12-03T23:43:44.113+0000] {processor.py:841} WARNING - No viable dags retrieved from /home/ubuntu/redfin/lib/python3.10/site-packages/airflow/example_dags/plugins/listener_plugin.py
[2023-12-03T23:43:44.125+0000] {processor.py:179} INFO - Processing /home/ubuntu/redfin/lib/python3.10/site-packages/airflow/example_dags/plugins/listener_plugin.py took 0.020 seconds
[2023-12-03T23:44:18.558+0000] {processor.py:157} INFO - Started process (PID=6405) to work on /home/ubuntu/redfin/lib/python3.10/site-packages/airflow/example_dags/plugins/listener_plugin.py
[2023-12-03T23:44:18.560+0000] {processor.py:829} INFO - Processing file /home/ubuntu/redfin/lib/python3.10/site-packages/airflow/example_dags/plugins/listener_plugin.py for tasks to queue
[2023-12-03T23:44:18.561+0000] {logging_mixin.py:154} INFO - [2023-12-03T23:44:18.561+0000] {dagbag.py:536} INFO - Filling up the DagBag from /home/ubuntu/redfin/lib/python3.10/site-packages/airflow/example_dags/plugins/listener_plugin.py
[2023-12-03T23:44:18.564+0000] {processor.py:841} WARNING - No viable dags retrieved from /home/ubuntu/redfin/lib/python3.10/site-packages/airflow/example_dags/plugins/listener_plugin.py
[2023-12-03T23:44:18.576+0000] {processor.py:179} INFO - Processing /home/ubuntu/redfin/lib/python3.10/site-packages/airflow/example_dags/plugins/listener_plugin.py took 0.021 seconds
[2023-12-03T23:44:59.865+0000] {processor.py:157} INFO - Started process (PID=6608) to work on /home/ubuntu/redfin/lib/python3.10/site-packages/airflow/example_dags/plugins/listener_plugin.py
[2023-12-03T23:44:59.866+0000] {processor.py:829} INFO - Processing file /home/ubuntu/redfin/lib/python3.10/site-packages/airflow/example_dags/plugins/listener_plugin.py for tasks to queue
[2023-12-03T23:44:59.867+0000] {logging_mixin.py:154} INFO - [2023-12-03T23:44:59.867+0000] {dagbag.py:536} INFO - Filling up the DagBag from /home/ubuntu/redfin/lib/python3.10/site-packages/airflow/example_dags/plugins/listener_plugin.py
[2023-12-03T23:44:59.870+0000] {processor.py:841} WARNING - No viable dags retrieved from /home/ubuntu/redfin/lib/python3.10/site-packages/airflow/example_dags/plugins/listener_plugin.py
[2023-12-03T23:44:59.882+0000] {processor.py:179} INFO - Processing /home/ubuntu/redfin/lib/python3.10/site-packages/airflow/example_dags/plugins/listener_plugin.py took 0.021 seconds
[2023-12-03T23:45:45.093+0000] {processor.py:157} INFO - Started process (PID=6658) to work on /home/ubuntu/redfin/lib/python3.10/site-packages/airflow/example_dags/plugins/listener_plugin.py
[2023-12-03T23:45:45.095+0000] {processor.py:829} INFO - Processing file /home/ubuntu/redfin/lib/python3.10/site-packages/airflow/example_dags/plugins/listener_plugin.py for tasks to queue
[2023-12-03T23:45:45.096+0000] {logging_mixin.py:154} INFO - [2023-12-03T23:45:45.095+0000] {dagbag.py:536} INFO - Filling up the DagBag from /home/ubuntu/redfin/lib/python3.10/site-packages/airflow/example_dags/plugins/listener_plugin.py
[2023-12-03T23:45:45.099+0000] {processor.py:841} WARNING - No viable dags retrieved from /home/ubuntu/redfin/lib/python3.10/site-packages/airflow/example_dags/plugins/listener_plugin.py
[2023-12-03T23:45:45.110+0000] {processor.py:179} INFO - Processing /home/ubuntu/redfin/lib/python3.10/site-packages/airflow/example_dags/plugins/listener_plugin.py took 0.021 seconds
[2023-12-03T23:46:29.048+0000] {processor.py:157} INFO - Started process (PID=6707) to work on /home/ubuntu/redfin/lib/python3.10/site-packages/airflow/example_dags/plugins/listener_plugin.py
[2023-12-03T23:46:29.050+0000] {processor.py:829} INFO - Processing file /home/ubuntu/redfin/lib/python3.10/site-packages/airflow/example_dags/plugins/listener_plugin.py for tasks to queue
[2023-12-03T23:46:29.050+0000] {logging_mixin.py:154} INFO - [2023-12-03T23:46:29.050+0000] {dagbag.py:536} INFO - Filling up the DagBag from /home/ubuntu/redfin/lib/python3.10/site-packages/airflow/example_dags/plugins/listener_plugin.py
[2023-12-03T23:46:29.054+0000] {processor.py:841} WARNING - No viable dags retrieved from /home/ubuntu/redfin/lib/python3.10/site-packages/airflow/example_dags/plugins/listener_plugin.py
[2023-12-03T23:46:29.066+0000] {processor.py:179} INFO - Processing /home/ubuntu/redfin/lib/python3.10/site-packages/airflow/example_dags/plugins/listener_plugin.py took 0.021 seconds
[2023-12-03T23:47:01.190+0000] {processor.py:157} INFO - Started process (PID=6748) to work on /home/ubuntu/redfin/lib/python3.10/site-packages/airflow/example_dags/plugins/listener_plugin.py
[2023-12-03T23:47:01.191+0000] {processor.py:829} INFO - Processing file /home/ubuntu/redfin/lib/python3.10/site-packages/airflow/example_dags/plugins/listener_plugin.py for tasks to queue
[2023-12-03T23:47:01.192+0000] {logging_mixin.py:154} INFO - [2023-12-03T23:47:01.192+0000] {dagbag.py:536} INFO - Filling up the DagBag from /home/ubuntu/redfin/lib/python3.10/site-packages/airflow/example_dags/plugins/listener_plugin.py
[2023-12-03T23:47:01.196+0000] {processor.py:841} WARNING - No viable dags retrieved from /home/ubuntu/redfin/lib/python3.10/site-packages/airflow/example_dags/plugins/listener_plugin.py
[2023-12-03T23:47:01.208+0000] {processor.py:179} INFO - Processing /home/ubuntu/redfin/lib/python3.10/site-packages/airflow/example_dags/plugins/listener_plugin.py took 0.022 seconds
[2023-12-03T23:47:32.628+0000] {processor.py:157} INFO - Started process (PID=6783) to work on /home/ubuntu/redfin/lib/python3.10/site-packages/airflow/example_dags/plugins/listener_plugin.py
[2023-12-03T23:47:32.629+0000] {processor.py:829} INFO - Processing file /home/ubuntu/redfin/lib/python3.10/site-packages/airflow/example_dags/plugins/listener_plugin.py for tasks to queue
[2023-12-03T23:47:32.630+0000] {logging_mixin.py:154} INFO - [2023-12-03T23:47:32.629+0000] {dagbag.py:536} INFO - Filling up the DagBag from /home/ubuntu/redfin/lib/python3.10/site-packages/airflow/example_dags/plugins/listener_plugin.py
[2023-12-03T23:47:32.633+0000] {processor.py:841} WARNING - No viable dags retrieved from /home/ubuntu/redfin/lib/python3.10/site-packages/airflow/example_dags/plugins/listener_plugin.py
[2023-12-03T23:47:32.646+0000] {processor.py:179} INFO - Processing /home/ubuntu/redfin/lib/python3.10/site-packages/airflow/example_dags/plugins/listener_plugin.py took 0.022 seconds
[2023-12-03T23:48:05.220+0000] {processor.py:157} INFO - Started process (PID=6849) to work on /home/ubuntu/redfin/lib/python3.10/site-packages/airflow/example_dags/plugins/listener_plugin.py
[2023-12-03T23:48:05.222+0000] {processor.py:829} INFO - Processing file /home/ubuntu/redfin/lib/python3.10/site-packages/airflow/example_dags/plugins/listener_plugin.py for tasks to queue
[2023-12-03T23:48:05.222+0000] {logging_mixin.py:154} INFO - [2023-12-03T23:48:05.222+0000] {dagbag.py:536} INFO - Filling up the DagBag from /home/ubuntu/redfin/lib/python3.10/site-packages/airflow/example_dags/plugins/listener_plugin.py
[2023-12-03T23:48:05.226+0000] {processor.py:841} WARNING - No viable dags retrieved from /home/ubuntu/redfin/lib/python3.10/site-packages/airflow/example_dags/plugins/listener_plugin.py
[2023-12-03T23:48:05.238+0000] {processor.py:179} INFO - Processing /home/ubuntu/redfin/lib/python3.10/site-packages/airflow/example_dags/plugins/listener_plugin.py took 0.022 seconds
[2023-12-03T23:48:37.935+0000] {processor.py:157} INFO - Started process (PID=6885) to work on /home/ubuntu/redfin/lib/python3.10/site-packages/airflow/example_dags/plugins/listener_plugin.py
[2023-12-03T23:48:37.937+0000] {processor.py:829} INFO - Processing file /home/ubuntu/redfin/lib/python3.10/site-packages/airflow/example_dags/plugins/listener_plugin.py for tasks to queue
[2023-12-03T23:48:37.937+0000] {logging_mixin.py:154} INFO - [2023-12-03T23:48:37.937+0000] {dagbag.py:536} INFO - Filling up the DagBag from /home/ubuntu/redfin/lib/python3.10/site-packages/airflow/example_dags/plugins/listener_plugin.py
[2023-12-03T23:48:37.941+0000] {processor.py:841} WARNING - No viable dags retrieved from /home/ubuntu/redfin/lib/python3.10/site-packages/airflow/example_dags/plugins/listener_plugin.py
[2023-12-03T23:48:37.953+0000] {processor.py:179} INFO - Processing /home/ubuntu/redfin/lib/python3.10/site-packages/airflow/example_dags/plugins/listener_plugin.py took 0.021 seconds
[2023-12-03T23:49:11.388+0000] {processor.py:157} INFO - Started process (PID=6923) to work on /home/ubuntu/redfin/lib/python3.10/site-packages/airflow/example_dags/plugins/listener_plugin.py
[2023-12-03T23:49:11.389+0000] {processor.py:829} INFO - Processing file /home/ubuntu/redfin/lib/python3.10/site-packages/airflow/example_dags/plugins/listener_plugin.py for tasks to queue
[2023-12-03T23:49:11.390+0000] {logging_mixin.py:154} INFO - [2023-12-03T23:49:11.390+0000] {dagbag.py:536} INFO - Filling up the DagBag from /home/ubuntu/redfin/lib/python3.10/site-packages/airflow/example_dags/plugins/listener_plugin.py
[2023-12-03T23:49:11.393+0000] {processor.py:841} WARNING - No viable dags retrieved from /home/ubuntu/redfin/lib/python3.10/site-packages/airflow/example_dags/plugins/listener_plugin.py
[2023-12-03T23:49:11.405+0000] {processor.py:179} INFO - Processing /home/ubuntu/redfin/lib/python3.10/site-packages/airflow/example_dags/plugins/listener_plugin.py took 0.021 seconds
[2023-12-03T23:49:45.513+0000] {processor.py:157} INFO - Started process (PID=6960) to work on /home/ubuntu/redfin/lib/python3.10/site-packages/airflow/example_dags/plugins/listener_plugin.py
[2023-12-03T23:49:45.515+0000] {processor.py:829} INFO - Processing file /home/ubuntu/redfin/lib/python3.10/site-packages/airflow/example_dags/plugins/listener_plugin.py for tasks to queue
[2023-12-03T23:49:45.516+0000] {logging_mixin.py:154} INFO - [2023-12-03T23:49:45.516+0000] {dagbag.py:536} INFO - Filling up the DagBag from /home/ubuntu/redfin/lib/python3.10/site-packages/airflow/example_dags/plugins/listener_plugin.py
[2023-12-03T23:49:45.519+0000] {processor.py:841} WARNING - No viable dags retrieved from /home/ubuntu/redfin/lib/python3.10/site-packages/airflow/example_dags/plugins/listener_plugin.py
[2023-12-03T23:49:45.532+0000] {processor.py:179} INFO - Processing /home/ubuntu/redfin/lib/python3.10/site-packages/airflow/example_dags/plugins/listener_plugin.py took 0.022 seconds
[2023-12-03T23:50:16.564+0000] {processor.py:157} INFO - Started process (PID=6995) to work on /home/ubuntu/redfin/lib/python3.10/site-packages/airflow/example_dags/plugins/listener_plugin.py
[2023-12-03T23:50:16.565+0000] {processor.py:829} INFO - Processing file /home/ubuntu/redfin/lib/python3.10/site-packages/airflow/example_dags/plugins/listener_plugin.py for tasks to queue
[2023-12-03T23:50:16.566+0000] {logging_mixin.py:154} INFO - [2023-12-03T23:50:16.566+0000] {dagbag.py:536} INFO - Filling up the DagBag from /home/ubuntu/redfin/lib/python3.10/site-packages/airflow/example_dags/plugins/listener_plugin.py
[2023-12-03T23:50:16.570+0000] {processor.py:841} WARNING - No viable dags retrieved from /home/ubuntu/redfin/lib/python3.10/site-packages/airflow/example_dags/plugins/listener_plugin.py
[2023-12-03T23:50:16.582+0000] {processor.py:179} INFO - Processing /home/ubuntu/redfin/lib/python3.10/site-packages/airflow/example_dags/plugins/listener_plugin.py took 0.021 seconds
[2023-12-03T23:50:48.242+0000] {processor.py:157} INFO - Started process (PID=7031) to work on /home/ubuntu/redfin/lib/python3.10/site-packages/airflow/example_dags/plugins/listener_plugin.py
[2023-12-03T23:50:48.243+0000] {processor.py:829} INFO - Processing file /home/ubuntu/redfin/lib/python3.10/site-packages/airflow/example_dags/plugins/listener_plugin.py for tasks to queue
[2023-12-03T23:50:48.244+0000] {logging_mixin.py:154} INFO - [2023-12-03T23:50:48.244+0000] {dagbag.py:536} INFO - Filling up the DagBag from /home/ubuntu/redfin/lib/python3.10/site-packages/airflow/example_dags/plugins/listener_plugin.py
[2023-12-03T23:50:48.247+0000] {processor.py:841} WARNING - No viable dags retrieved from /home/ubuntu/redfin/lib/python3.10/site-packages/airflow/example_dags/plugins/listener_plugin.py
[2023-12-03T23:50:48.260+0000] {processor.py:179} INFO - Processing /home/ubuntu/redfin/lib/python3.10/site-packages/airflow/example_dags/plugins/listener_plugin.py took 0.021 seconds
[2023-12-03T23:51:18.940+0000] {processor.py:157} INFO - Started process (PID=7066) to work on /home/ubuntu/redfin/lib/python3.10/site-packages/airflow/example_dags/plugins/listener_plugin.py
[2023-12-03T23:51:18.941+0000] {processor.py:829} INFO - Processing file /home/ubuntu/redfin/lib/python3.10/site-packages/airflow/example_dags/plugins/listener_plugin.py for tasks to queue
[2023-12-03T23:51:18.942+0000] {logging_mixin.py:154} INFO - [2023-12-03T23:51:18.941+0000] {dagbag.py:536} INFO - Filling up the DagBag from /home/ubuntu/redfin/lib/python3.10/site-packages/airflow/example_dags/plugins/listener_plugin.py
[2023-12-03T23:51:18.945+0000] {processor.py:841} WARNING - No viable dags retrieved from /home/ubuntu/redfin/lib/python3.10/site-packages/airflow/example_dags/plugins/listener_plugin.py
[2023-12-03T23:51:18.957+0000] {processor.py:179} INFO - Processing /home/ubuntu/redfin/lib/python3.10/site-packages/airflow/example_dags/plugins/listener_plugin.py took 0.021 seconds
[2023-12-03T23:51:49.729+0000] {processor.py:157} INFO - Started process (PID=7100) to work on /home/ubuntu/redfin/lib/python3.10/site-packages/airflow/example_dags/plugins/listener_plugin.py
[2023-12-03T23:51:49.730+0000] {processor.py:829} INFO - Processing file /home/ubuntu/redfin/lib/python3.10/site-packages/airflow/example_dags/plugins/listener_plugin.py for tasks to queue
[2023-12-03T23:51:49.731+0000] {logging_mixin.py:154} INFO - [2023-12-03T23:51:49.731+0000] {dagbag.py:536} INFO - Filling up the DagBag from /home/ubuntu/redfin/lib/python3.10/site-packages/airflow/example_dags/plugins/listener_plugin.py
[2023-12-03T23:51:49.734+0000] {processor.py:841} WARNING - No viable dags retrieved from /home/ubuntu/redfin/lib/python3.10/site-packages/airflow/example_dags/plugins/listener_plugin.py
[2023-12-03T23:51:49.746+0000] {processor.py:179} INFO - Processing /home/ubuntu/redfin/lib/python3.10/site-packages/airflow/example_dags/plugins/listener_plugin.py took 0.021 seconds
[2023-12-03T23:52:25.446+0000] {processor.py:157} INFO - Started process (PID=7137) to work on /home/ubuntu/redfin/lib/python3.10/site-packages/airflow/example_dags/plugins/listener_plugin.py
[2023-12-03T23:52:25.448+0000] {processor.py:829} INFO - Processing file /home/ubuntu/redfin/lib/python3.10/site-packages/airflow/example_dags/plugins/listener_plugin.py for tasks to queue
[2023-12-03T23:52:25.449+0000] {logging_mixin.py:154} INFO - [2023-12-03T23:52:25.448+0000] {dagbag.py:536} INFO - Filling up the DagBag from /home/ubuntu/redfin/lib/python3.10/site-packages/airflow/example_dags/plugins/listener_plugin.py
[2023-12-03T23:52:25.452+0000] {processor.py:841} WARNING - No viable dags retrieved from /home/ubuntu/redfin/lib/python3.10/site-packages/airflow/example_dags/plugins/listener_plugin.py
[2023-12-03T23:52:25.465+0000] {processor.py:179} INFO - Processing /home/ubuntu/redfin/lib/python3.10/site-packages/airflow/example_dags/plugins/listener_plugin.py took 0.022 seconds
[2023-12-03T23:52:58.328+0000] {processor.py:157} INFO - Started process (PID=7173) to work on /home/ubuntu/redfin/lib/python3.10/site-packages/airflow/example_dags/plugins/listener_plugin.py
[2023-12-03T23:52:58.329+0000] {processor.py:829} INFO - Processing file /home/ubuntu/redfin/lib/python3.10/site-packages/airflow/example_dags/plugins/listener_plugin.py for tasks to queue
[2023-12-03T23:52:58.330+0000] {logging_mixin.py:154} INFO - [2023-12-03T23:52:58.329+0000] {dagbag.py:536} INFO - Filling up the DagBag from /home/ubuntu/redfin/lib/python3.10/site-packages/airflow/example_dags/plugins/listener_plugin.py
[2023-12-03T23:52:58.333+0000] {processor.py:841} WARNING - No viable dags retrieved from /home/ubuntu/redfin/lib/python3.10/site-packages/airflow/example_dags/plugins/listener_plugin.py
[2023-12-03T23:52:58.345+0000] {processor.py:179} INFO - Processing /home/ubuntu/redfin/lib/python3.10/site-packages/airflow/example_dags/plugins/listener_plugin.py took 0.021 seconds
[2023-12-03T23:53:32.189+0000] {processor.py:157} INFO - Started process (PID=7209) to work on /home/ubuntu/redfin/lib/python3.10/site-packages/airflow/example_dags/plugins/listener_plugin.py
[2023-12-03T23:53:32.191+0000] {processor.py:829} INFO - Processing file /home/ubuntu/redfin/lib/python3.10/site-packages/airflow/example_dags/plugins/listener_plugin.py for tasks to queue
[2023-12-03T23:53:32.192+0000] {logging_mixin.py:154} INFO - [2023-12-03T23:53:32.192+0000] {dagbag.py:536} INFO - Filling up the DagBag from /home/ubuntu/redfin/lib/python3.10/site-packages/airflow/example_dags/plugins/listener_plugin.py
[2023-12-03T23:53:32.195+0000] {processor.py:841} WARNING - No viable dags retrieved from /home/ubuntu/redfin/lib/python3.10/site-packages/airflow/example_dags/plugins/listener_plugin.py
[2023-12-03T23:53:32.207+0000] {processor.py:179} INFO - Processing /home/ubuntu/redfin/lib/python3.10/site-packages/airflow/example_dags/plugins/listener_plugin.py took 0.022 seconds
[2023-12-03T23:54:03.238+0000] {processor.py:157} INFO - Started process (PID=7245) to work on /home/ubuntu/redfin/lib/python3.10/site-packages/airflow/example_dags/plugins/listener_plugin.py
[2023-12-03T23:54:03.239+0000] {processor.py:829} INFO - Processing file /home/ubuntu/redfin/lib/python3.10/site-packages/airflow/example_dags/plugins/listener_plugin.py for tasks to queue
[2023-12-03T23:54:03.240+0000] {logging_mixin.py:154} INFO - [2023-12-03T23:54:03.240+0000] {dagbag.py:536} INFO - Filling up the DagBag from /home/ubuntu/redfin/lib/python3.10/site-packages/airflow/example_dags/plugins/listener_plugin.py
[2023-12-03T23:54:03.243+0000] {processor.py:841} WARNING - No viable dags retrieved from /home/ubuntu/redfin/lib/python3.10/site-packages/airflow/example_dags/plugins/listener_plugin.py
[2023-12-03T23:54:03.256+0000] {processor.py:179} INFO - Processing /home/ubuntu/redfin/lib/python3.10/site-packages/airflow/example_dags/plugins/listener_plugin.py took 0.022 seconds
[2023-12-03T23:54:34.525+0000] {processor.py:157} INFO - Started process (PID=7280) to work on /home/ubuntu/redfin/lib/python3.10/site-packages/airflow/example_dags/plugins/listener_plugin.py
[2023-12-03T23:54:34.526+0000] {processor.py:829} INFO - Processing file /home/ubuntu/redfin/lib/python3.10/site-packages/airflow/example_dags/plugins/listener_plugin.py for tasks to queue
[2023-12-03T23:54:34.527+0000] {logging_mixin.py:154} INFO - [2023-12-03T23:54:34.527+0000] {dagbag.py:536} INFO - Filling up the DagBag from /home/ubuntu/redfin/lib/python3.10/site-packages/airflow/example_dags/plugins/listener_plugin.py
[2023-12-03T23:54:34.530+0000] {processor.py:841} WARNING - No viable dags retrieved from /home/ubuntu/redfin/lib/python3.10/site-packages/airflow/example_dags/plugins/listener_plugin.py
[2023-12-03T23:54:34.541+0000] {processor.py:179} INFO - Processing /home/ubuntu/redfin/lib/python3.10/site-packages/airflow/example_dags/plugins/listener_plugin.py took 0.020 seconds
[2023-12-03T23:55:06.632+0000] {processor.py:157} INFO - Started process (PID=7315) to work on /home/ubuntu/redfin/lib/python3.10/site-packages/airflow/example_dags/plugins/listener_plugin.py
[2023-12-03T23:55:06.633+0000] {processor.py:829} INFO - Processing file /home/ubuntu/redfin/lib/python3.10/site-packages/airflow/example_dags/plugins/listener_plugin.py for tasks to queue
[2023-12-03T23:55:06.634+0000] {logging_mixin.py:154} INFO - [2023-12-03T23:55:06.634+0000] {dagbag.py:536} INFO - Filling up the DagBag from /home/ubuntu/redfin/lib/python3.10/site-packages/airflow/example_dags/plugins/listener_plugin.py
[2023-12-03T23:55:06.638+0000] {processor.py:841} WARNING - No viable dags retrieved from /home/ubuntu/redfin/lib/python3.10/site-packages/airflow/example_dags/plugins/listener_plugin.py
[2023-12-03T23:55:06.649+0000] {processor.py:179} INFO - Processing /home/ubuntu/redfin/lib/python3.10/site-packages/airflow/example_dags/plugins/listener_plugin.py took 0.021 seconds
[2023-12-03T23:55:38.574+0000] {processor.py:157} INFO - Started process (PID=7350) to work on /home/ubuntu/redfin/lib/python3.10/site-packages/airflow/example_dags/plugins/listener_plugin.py
[2023-12-03T23:55:38.576+0000] {processor.py:829} INFO - Processing file /home/ubuntu/redfin/lib/python3.10/site-packages/airflow/example_dags/plugins/listener_plugin.py for tasks to queue
[2023-12-03T23:55:38.577+0000] {logging_mixin.py:154} INFO - [2023-12-03T23:55:38.576+0000] {dagbag.py:536} INFO - Filling up the DagBag from /home/ubuntu/redfin/lib/python3.10/site-packages/airflow/example_dags/plugins/listener_plugin.py
[2023-12-03T23:55:38.580+0000] {processor.py:841} WARNING - No viable dags retrieved from /home/ubuntu/redfin/lib/python3.10/site-packages/airflow/example_dags/plugins/listener_plugin.py
[2023-12-03T23:55:38.592+0000] {processor.py:179} INFO - Processing /home/ubuntu/redfin/lib/python3.10/site-packages/airflow/example_dags/plugins/listener_plugin.py took 0.021 seconds
[2023-12-03T23:56:10.406+0000] {processor.py:157} INFO - Started process (PID=7385) to work on /home/ubuntu/redfin/lib/python3.10/site-packages/airflow/example_dags/plugins/listener_plugin.py
[2023-12-03T23:56:10.407+0000] {processor.py:829} INFO - Processing file /home/ubuntu/redfin/lib/python3.10/site-packages/airflow/example_dags/plugins/listener_plugin.py for tasks to queue
[2023-12-03T23:56:10.408+0000] {logging_mixin.py:154} INFO - [2023-12-03T23:56:10.408+0000] {dagbag.py:536} INFO - Filling up the DagBag from /home/ubuntu/redfin/lib/python3.10/site-packages/airflow/example_dags/plugins/listener_plugin.py
[2023-12-03T23:56:10.411+0000] {processor.py:841} WARNING - No viable dags retrieved from /home/ubuntu/redfin/lib/python3.10/site-packages/airflow/example_dags/plugins/listener_plugin.py
[2023-12-03T23:56:10.424+0000] {processor.py:179} INFO - Processing /home/ubuntu/redfin/lib/python3.10/site-packages/airflow/example_dags/plugins/listener_plugin.py took 0.021 seconds
[2023-12-03T23:56:43.803+0000] {processor.py:157} INFO - Started process (PID=7422) to work on /home/ubuntu/redfin/lib/python3.10/site-packages/airflow/example_dags/plugins/listener_plugin.py
[2023-12-03T23:56:43.805+0000] {processor.py:829} INFO - Processing file /home/ubuntu/redfin/lib/python3.10/site-packages/airflow/example_dags/plugins/listener_plugin.py for tasks to queue
[2023-12-03T23:56:43.806+0000] {logging_mixin.py:154} INFO - [2023-12-03T23:56:43.805+0000] {dagbag.py:536} INFO - Filling up the DagBag from /home/ubuntu/redfin/lib/python3.10/site-packages/airflow/example_dags/plugins/listener_plugin.py
[2023-12-03T23:56:43.809+0000] {processor.py:841} WARNING - No viable dags retrieved from /home/ubuntu/redfin/lib/python3.10/site-packages/airflow/example_dags/plugins/listener_plugin.py
[2023-12-03T23:56:43.821+0000] {processor.py:179} INFO - Processing /home/ubuntu/redfin/lib/python3.10/site-packages/airflow/example_dags/plugins/listener_plugin.py took 0.022 seconds
[2023-12-03T23:57:15.413+0000] {processor.py:157} INFO - Started process (PID=7457) to work on /home/ubuntu/redfin/lib/python3.10/site-packages/airflow/example_dags/plugins/listener_plugin.py
[2023-12-03T23:57:15.414+0000] {processor.py:829} INFO - Processing file /home/ubuntu/redfin/lib/python3.10/site-packages/airflow/example_dags/plugins/listener_plugin.py for tasks to queue
[2023-12-03T23:57:15.415+0000] {logging_mixin.py:154} INFO - [2023-12-03T23:57:15.415+0000] {dagbag.py:536} INFO - Filling up the DagBag from /home/ubuntu/redfin/lib/python3.10/site-packages/airflow/example_dags/plugins/listener_plugin.py
[2023-12-03T23:57:15.418+0000] {processor.py:841} WARNING - No viable dags retrieved from /home/ubuntu/redfin/lib/python3.10/site-packages/airflow/example_dags/plugins/listener_plugin.py
[2023-12-03T23:57:15.430+0000] {processor.py:179} INFO - Processing /home/ubuntu/redfin/lib/python3.10/site-packages/airflow/example_dags/plugins/listener_plugin.py took 0.021 seconds
[2023-12-03T23:57:59.948+0000] {processor.py:157} INFO - Started process (PID=7506) to work on /home/ubuntu/redfin/lib/python3.10/site-packages/airflow/example_dags/plugins/listener_plugin.py
[2023-12-03T23:57:59.950+0000] {processor.py:829} INFO - Processing file /home/ubuntu/redfin/lib/python3.10/site-packages/airflow/example_dags/plugins/listener_plugin.py for tasks to queue
[2023-12-03T23:57:59.951+0000] {logging_mixin.py:154} INFO - [2023-12-03T23:57:59.950+0000] {dagbag.py:536} INFO - Filling up the DagBag from /home/ubuntu/redfin/lib/python3.10/site-packages/airflow/example_dags/plugins/listener_plugin.py
[2023-12-03T23:57:59.954+0000] {processor.py:841} WARNING - No viable dags retrieved from /home/ubuntu/redfin/lib/python3.10/site-packages/airflow/example_dags/plugins/listener_plugin.py
[2023-12-03T23:57:59.966+0000] {processor.py:179} INFO - Processing /home/ubuntu/redfin/lib/python3.10/site-packages/airflow/example_dags/plugins/listener_plugin.py took 0.021 seconds
[2023-12-03T23:58:43.376+0000] {processor.py:157} INFO - Started process (PID=7555) to work on /home/ubuntu/redfin/lib/python3.10/site-packages/airflow/example_dags/plugins/listener_plugin.py
[2023-12-03T23:58:43.378+0000] {processor.py:829} INFO - Processing file /home/ubuntu/redfin/lib/python3.10/site-packages/airflow/example_dags/plugins/listener_plugin.py for tasks to queue
[2023-12-03T23:58:43.379+0000] {logging_mixin.py:154} INFO - [2023-12-03T23:58:43.378+0000] {dagbag.py:536} INFO - Filling up the DagBag from /home/ubuntu/redfin/lib/python3.10/site-packages/airflow/example_dags/plugins/listener_plugin.py
[2023-12-03T23:58:43.382+0000] {processor.py:841} WARNING - No viable dags retrieved from /home/ubuntu/redfin/lib/python3.10/site-packages/airflow/example_dags/plugins/listener_plugin.py
[2023-12-03T23:58:43.393+0000] {processor.py:179} INFO - Processing /home/ubuntu/redfin/lib/python3.10/site-packages/airflow/example_dags/plugins/listener_plugin.py took 0.020 seconds
[2023-12-03T23:59:14.634+0000] {processor.py:157} INFO - Started process (PID=7591) to work on /home/ubuntu/redfin/lib/python3.10/site-packages/airflow/example_dags/plugins/listener_plugin.py
[2023-12-03T23:59:14.635+0000] {processor.py:829} INFO - Processing file /home/ubuntu/redfin/lib/python3.10/site-packages/airflow/example_dags/plugins/listener_plugin.py for tasks to queue
[2023-12-03T23:59:14.636+0000] {logging_mixin.py:154} INFO - [2023-12-03T23:59:14.636+0000] {dagbag.py:536} INFO - Filling up the DagBag from /home/ubuntu/redfin/lib/python3.10/site-packages/airflow/example_dags/plugins/listener_plugin.py
[2023-12-03T23:59:14.639+0000] {processor.py:841} WARNING - No viable dags retrieved from /home/ubuntu/redfin/lib/python3.10/site-packages/airflow/example_dags/plugins/listener_plugin.py
[2023-12-03T23:59:14.651+0000] {processor.py:179} INFO - Processing /home/ubuntu/redfin/lib/python3.10/site-packages/airflow/example_dags/plugins/listener_plugin.py took 0.020 seconds
[2023-12-03T23:59:46.378+0000] {processor.py:157} INFO - Started process (PID=7628) to work on /home/ubuntu/redfin/lib/python3.10/site-packages/airflow/example_dags/plugins/listener_plugin.py
[2023-12-03T23:59:46.379+0000] {processor.py:829} INFO - Processing file /home/ubuntu/redfin/lib/python3.10/site-packages/airflow/example_dags/plugins/listener_plugin.py for tasks to queue
[2023-12-03T23:59:46.380+0000] {logging_mixin.py:154} INFO - [2023-12-03T23:59:46.380+0000] {dagbag.py:536} INFO - Filling up the DagBag from /home/ubuntu/redfin/lib/python3.10/site-packages/airflow/example_dags/plugins/listener_plugin.py
[2023-12-03T23:59:46.384+0000] {processor.py:841} WARNING - No viable dags retrieved from /home/ubuntu/redfin/lib/python3.10/site-packages/airflow/example_dags/plugins/listener_plugin.py
[2023-12-03T23:59:46.396+0000] {processor.py:179} INFO - Processing /home/ubuntu/redfin/lib/python3.10/site-packages/airflow/example_dags/plugins/listener_plugin.py took 0.022 seconds
