[2023-12-03T23:07:35.607+0000] {processor.py:157} INFO - Started process (PID=3733) to work on /home/ubuntu/redfin/lib/python3.10/site-packages/airflow/example_dags/subdags/subdag.py
[2023-12-03T23:07:35.608+0000] {processor.py:829} INFO - Processing file /home/ubuntu/redfin/lib/python3.10/site-packages/airflow/example_dags/subdags/subdag.py for tasks to queue
[2023-12-03T23:07:35.609+0000] {logging_mixin.py:154} INFO - [2023-12-03T23:07:35.608+0000] {dagbag.py:536} INFO - Filling up the DagBag from /home/ubuntu/redfin/lib/python3.10/site-packages/airflow/example_dags/subdags/subdag.py
[2023-12-03T23:07:35.611+0000] {processor.py:841} WARNING - No viable dags retrieved from /home/ubuntu/redfin/lib/python3.10/site-packages/airflow/example_dags/subdags/subdag.py
[2023-12-03T23:07:35.622+0000] {processor.py:179} INFO - Processing /home/ubuntu/redfin/lib/python3.10/site-packages/airflow/example_dags/subdags/subdag.py took 0.019 seconds
[2023-12-03T23:08:32.425+0000] {processor.py:157} INFO - Started process (PID=3788) to work on /home/ubuntu/redfin/lib/python3.10/site-packages/airflow/example_dags/subdags/subdag.py
[2023-12-03T23:08:32.426+0000] {processor.py:829} INFO - Processing file /home/ubuntu/redfin/lib/python3.10/site-packages/airflow/example_dags/subdags/subdag.py for tasks to queue
[2023-12-03T23:08:32.427+0000] {logging_mixin.py:154} INFO - [2023-12-03T23:08:32.427+0000] {dagbag.py:536} INFO - Filling up the DagBag from /home/ubuntu/redfin/lib/python3.10/site-packages/airflow/example_dags/subdags/subdag.py
[2023-12-03T23:08:32.430+0000] {processor.py:841} WARNING - No viable dags retrieved from /home/ubuntu/redfin/lib/python3.10/site-packages/airflow/example_dags/subdags/subdag.py
[2023-12-03T23:08:32.443+0000] {processor.py:179} INFO - Processing /home/ubuntu/redfin/lib/python3.10/site-packages/airflow/example_dags/subdags/subdag.py took 0.021 seconds
[2023-12-03T23:09:08.966+0000] {processor.py:157} INFO - Started process (PID=3830) to work on /home/ubuntu/redfin/lib/python3.10/site-packages/airflow/example_dags/subdags/subdag.py
[2023-12-03T23:09:08.968+0000] {processor.py:829} INFO - Processing file /home/ubuntu/redfin/lib/python3.10/site-packages/airflow/example_dags/subdags/subdag.py for tasks to queue
[2023-12-03T23:09:08.968+0000] {logging_mixin.py:154} INFO - [2023-12-03T23:09:08.968+0000] {dagbag.py:536} INFO - Filling up the DagBag from /home/ubuntu/redfin/lib/python3.10/site-packages/airflow/example_dags/subdags/subdag.py
[2023-12-03T23:09:08.971+0000] {processor.py:841} WARNING - No viable dags retrieved from /home/ubuntu/redfin/lib/python3.10/site-packages/airflow/example_dags/subdags/subdag.py
[2023-12-03T23:09:08.983+0000] {processor.py:179} INFO - Processing /home/ubuntu/redfin/lib/python3.10/site-packages/airflow/example_dags/subdags/subdag.py took 0.021 seconds
[2023-12-03T23:09:40.537+0000] {processor.py:157} INFO - Started process (PID=3865) to work on /home/ubuntu/redfin/lib/python3.10/site-packages/airflow/example_dags/subdags/subdag.py
[2023-12-03T23:09:40.538+0000] {processor.py:829} INFO - Processing file /home/ubuntu/redfin/lib/python3.10/site-packages/airflow/example_dags/subdags/subdag.py for tasks to queue
[2023-12-03T23:09:40.539+0000] {logging_mixin.py:154} INFO - [2023-12-03T23:09:40.539+0000] {dagbag.py:536} INFO - Filling up the DagBag from /home/ubuntu/redfin/lib/python3.10/site-packages/airflow/example_dags/subdags/subdag.py
[2023-12-03T23:09:40.542+0000] {processor.py:841} WARNING - No viable dags retrieved from /home/ubuntu/redfin/lib/python3.10/site-packages/airflow/example_dags/subdags/subdag.py
[2023-12-03T23:09:40.554+0000] {processor.py:179} INFO - Processing /home/ubuntu/redfin/lib/python3.10/site-packages/airflow/example_dags/subdags/subdag.py took 0.020 seconds
[2023-12-03T23:10:10.846+0000] {processor.py:157} INFO - Started process (PID=3899) to work on /home/ubuntu/redfin/lib/python3.10/site-packages/airflow/example_dags/subdags/subdag.py
[2023-12-03T23:10:10.847+0000] {processor.py:829} INFO - Processing file /home/ubuntu/redfin/lib/python3.10/site-packages/airflow/example_dags/subdags/subdag.py for tasks to queue
[2023-12-03T23:10:10.848+0000] {logging_mixin.py:154} INFO - [2023-12-03T23:10:10.848+0000] {dagbag.py:536} INFO - Filling up the DagBag from /home/ubuntu/redfin/lib/python3.10/site-packages/airflow/example_dags/subdags/subdag.py
[2023-12-03T23:10:10.851+0000] {processor.py:841} WARNING - No viable dags retrieved from /home/ubuntu/redfin/lib/python3.10/site-packages/airflow/example_dags/subdags/subdag.py
[2023-12-03T23:10:10.862+0000] {processor.py:179} INFO - Processing /home/ubuntu/redfin/lib/python3.10/site-packages/airflow/example_dags/subdags/subdag.py took 0.020 seconds
[2023-12-03T23:10:42.732+0000] {processor.py:157} INFO - Started process (PID=3935) to work on /home/ubuntu/redfin/lib/python3.10/site-packages/airflow/example_dags/subdags/subdag.py
[2023-12-03T23:10:42.733+0000] {processor.py:829} INFO - Processing file /home/ubuntu/redfin/lib/python3.10/site-packages/airflow/example_dags/subdags/subdag.py for tasks to queue
[2023-12-03T23:10:42.734+0000] {logging_mixin.py:154} INFO - [2023-12-03T23:10:42.733+0000] {dagbag.py:536} INFO - Filling up the DagBag from /home/ubuntu/redfin/lib/python3.10/site-packages/airflow/example_dags/subdags/subdag.py
[2023-12-03T23:10:42.736+0000] {processor.py:841} WARNING - No viable dags retrieved from /home/ubuntu/redfin/lib/python3.10/site-packages/airflow/example_dags/subdags/subdag.py
[2023-12-03T23:10:42.747+0000] {processor.py:179} INFO - Processing /home/ubuntu/redfin/lib/python3.10/site-packages/airflow/example_dags/subdags/subdag.py took 0.019 seconds
[2023-12-03T23:11:13.649+0000] {processor.py:157} INFO - Started process (PID=3965) to work on /home/ubuntu/redfin/lib/python3.10/site-packages/airflow/example_dags/subdags/subdag.py
[2023-12-03T23:11:13.650+0000] {processor.py:829} INFO - Processing file /home/ubuntu/redfin/lib/python3.10/site-packages/airflow/example_dags/subdags/subdag.py for tasks to queue
[2023-12-03T23:11:13.651+0000] {logging_mixin.py:154} INFO - [2023-12-03T23:11:13.650+0000] {dagbag.py:536} INFO - Filling up the DagBag from /home/ubuntu/redfin/lib/python3.10/site-packages/airflow/example_dags/subdags/subdag.py
[2023-12-03T23:11:13.653+0000] {processor.py:841} WARNING - No viable dags retrieved from /home/ubuntu/redfin/lib/python3.10/site-packages/airflow/example_dags/subdags/subdag.py
[2023-12-03T23:11:13.664+0000] {processor.py:179} INFO - Processing /home/ubuntu/redfin/lib/python3.10/site-packages/airflow/example_dags/subdags/subdag.py took 0.019 seconds
[2023-12-03T23:11:46.729+0000] {processor.py:157} INFO - Started process (PID=4002) to work on /home/ubuntu/redfin/lib/python3.10/site-packages/airflow/example_dags/subdags/subdag.py
[2023-12-03T23:11:46.730+0000] {processor.py:829} INFO - Processing file /home/ubuntu/redfin/lib/python3.10/site-packages/airflow/example_dags/subdags/subdag.py for tasks to queue
[2023-12-03T23:11:46.731+0000] {logging_mixin.py:154} INFO - [2023-12-03T23:11:46.731+0000] {dagbag.py:536} INFO - Filling up the DagBag from /home/ubuntu/redfin/lib/python3.10/site-packages/airflow/example_dags/subdags/subdag.py
[2023-12-03T23:11:46.734+0000] {processor.py:841} WARNING - No viable dags retrieved from /home/ubuntu/redfin/lib/python3.10/site-packages/airflow/example_dags/subdags/subdag.py
[2023-12-03T23:11:46.745+0000] {processor.py:179} INFO - Processing /home/ubuntu/redfin/lib/python3.10/site-packages/airflow/example_dags/subdags/subdag.py took 0.020 seconds
[2023-12-03T23:12:30.738+0000] {processor.py:157} INFO - Started process (PID=4051) to work on /home/ubuntu/redfin/lib/python3.10/site-packages/airflow/example_dags/subdags/subdag.py
[2023-12-03T23:12:30.740+0000] {processor.py:829} INFO - Processing file /home/ubuntu/redfin/lib/python3.10/site-packages/airflow/example_dags/subdags/subdag.py for tasks to queue
[2023-12-03T23:12:30.741+0000] {logging_mixin.py:154} INFO - [2023-12-03T23:12:30.740+0000] {dagbag.py:536} INFO - Filling up the DagBag from /home/ubuntu/redfin/lib/python3.10/site-packages/airflow/example_dags/subdags/subdag.py
[2023-12-03T23:12:30.743+0000] {processor.py:841} WARNING - No viable dags retrieved from /home/ubuntu/redfin/lib/python3.10/site-packages/airflow/example_dags/subdags/subdag.py
[2023-12-03T23:12:30.755+0000] {processor.py:179} INFO - Processing /home/ubuntu/redfin/lib/python3.10/site-packages/airflow/example_dags/subdags/subdag.py took 0.020 seconds
[2023-12-03T23:13:00.881+0000] {processor.py:157} INFO - Started process (PID=4084) to work on /home/ubuntu/redfin/lib/python3.10/site-packages/airflow/example_dags/subdags/subdag.py
[2023-12-03T23:13:00.882+0000] {processor.py:829} INFO - Processing file /home/ubuntu/redfin/lib/python3.10/site-packages/airflow/example_dags/subdags/subdag.py for tasks to queue
[2023-12-03T23:13:00.883+0000] {logging_mixin.py:154} INFO - [2023-12-03T23:13:00.882+0000] {dagbag.py:536} INFO - Filling up the DagBag from /home/ubuntu/redfin/lib/python3.10/site-packages/airflow/example_dags/subdags/subdag.py
[2023-12-03T23:13:00.885+0000] {processor.py:841} WARNING - No viable dags retrieved from /home/ubuntu/redfin/lib/python3.10/site-packages/airflow/example_dags/subdags/subdag.py
[2023-12-03T23:13:00.897+0000] {processor.py:179} INFO - Processing /home/ubuntu/redfin/lib/python3.10/site-packages/airflow/example_dags/subdags/subdag.py took 0.020 seconds
[2023-12-03T23:13:33.987+0000] {processor.py:157} INFO - Started process (PID=4122) to work on /home/ubuntu/redfin/lib/python3.10/site-packages/airflow/example_dags/subdags/subdag.py
[2023-12-03T23:13:33.988+0000] {processor.py:829} INFO - Processing file /home/ubuntu/redfin/lib/python3.10/site-packages/airflow/example_dags/subdags/subdag.py for tasks to queue
[2023-12-03T23:13:33.989+0000] {logging_mixin.py:154} INFO - [2023-12-03T23:13:33.989+0000] {dagbag.py:536} INFO - Filling up the DagBag from /home/ubuntu/redfin/lib/python3.10/site-packages/airflow/example_dags/subdags/subdag.py
[2023-12-03T23:13:33.992+0000] {processor.py:841} WARNING - No viable dags retrieved from /home/ubuntu/redfin/lib/python3.10/site-packages/airflow/example_dags/subdags/subdag.py
[2023-12-03T23:13:34.003+0000] {processor.py:179} INFO - Processing /home/ubuntu/redfin/lib/python3.10/site-packages/airflow/example_dags/subdags/subdag.py took 0.020 seconds
[2023-12-03T23:14:18.935+0000] {processor.py:157} INFO - Started process (PID=4170) to work on /home/ubuntu/redfin/lib/python3.10/site-packages/airflow/example_dags/subdags/subdag.py
[2023-12-03T23:14:18.937+0000] {processor.py:829} INFO - Processing file /home/ubuntu/redfin/lib/python3.10/site-packages/airflow/example_dags/subdags/subdag.py for tasks to queue
[2023-12-03T23:14:18.938+0000] {logging_mixin.py:154} INFO - [2023-12-03T23:14:18.937+0000] {dagbag.py:536} INFO - Filling up the DagBag from /home/ubuntu/redfin/lib/python3.10/site-packages/airflow/example_dags/subdags/subdag.py
[2023-12-03T23:14:18.940+0000] {processor.py:841} WARNING - No viable dags retrieved from /home/ubuntu/redfin/lib/python3.10/site-packages/airflow/example_dags/subdags/subdag.py
[2023-12-03T23:14:18.951+0000] {processor.py:179} INFO - Processing /home/ubuntu/redfin/lib/python3.10/site-packages/airflow/example_dags/subdags/subdag.py took 0.020 seconds
[2023-12-03T23:14:51.430+0000] {processor.py:157} INFO - Started process (PID=4206) to work on /home/ubuntu/redfin/lib/python3.10/site-packages/airflow/example_dags/subdags/subdag.py
[2023-12-03T23:14:51.431+0000] {processor.py:829} INFO - Processing file /home/ubuntu/redfin/lib/python3.10/site-packages/airflow/example_dags/subdags/subdag.py for tasks to queue
[2023-12-03T23:14:51.432+0000] {logging_mixin.py:154} INFO - [2023-12-03T23:14:51.431+0000] {dagbag.py:536} INFO - Filling up the DagBag from /home/ubuntu/redfin/lib/python3.10/site-packages/airflow/example_dags/subdags/subdag.py
[2023-12-03T23:14:51.434+0000] {processor.py:841} WARNING - No viable dags retrieved from /home/ubuntu/redfin/lib/python3.10/site-packages/airflow/example_dags/subdags/subdag.py
[2023-12-03T23:14:51.445+0000] {processor.py:179} INFO - Processing /home/ubuntu/redfin/lib/python3.10/site-packages/airflow/example_dags/subdags/subdag.py took 0.019 seconds
[2023-12-03T23:15:25.014+0000] {processor.py:157} INFO - Started process (PID=4242) to work on /home/ubuntu/redfin/lib/python3.10/site-packages/airflow/example_dags/subdags/subdag.py
[2023-12-03T23:15:25.015+0000] {processor.py:829} INFO - Processing file /home/ubuntu/redfin/lib/python3.10/site-packages/airflow/example_dags/subdags/subdag.py for tasks to queue
[2023-12-03T23:15:25.016+0000] {logging_mixin.py:154} INFO - [2023-12-03T23:15:25.016+0000] {dagbag.py:536} INFO - Filling up the DagBag from /home/ubuntu/redfin/lib/python3.10/site-packages/airflow/example_dags/subdags/subdag.py
[2023-12-03T23:15:25.019+0000] {processor.py:841} WARNING - No viable dags retrieved from /home/ubuntu/redfin/lib/python3.10/site-packages/airflow/example_dags/subdags/subdag.py
[2023-12-03T23:15:25.030+0000] {processor.py:179} INFO - Processing /home/ubuntu/redfin/lib/python3.10/site-packages/airflow/example_dags/subdags/subdag.py took 0.019 seconds
[2023-12-03T23:15:57.595+0000] {processor.py:157} INFO - Started process (PID=4278) to work on /home/ubuntu/redfin/lib/python3.10/site-packages/airflow/example_dags/subdags/subdag.py
[2023-12-03T23:15:57.596+0000] {processor.py:829} INFO - Processing file /home/ubuntu/redfin/lib/python3.10/site-packages/airflow/example_dags/subdags/subdag.py for tasks to queue
[2023-12-03T23:15:57.597+0000] {logging_mixin.py:154} INFO - [2023-12-03T23:15:57.597+0000] {dagbag.py:536} INFO - Filling up the DagBag from /home/ubuntu/redfin/lib/python3.10/site-packages/airflow/example_dags/subdags/subdag.py
[2023-12-03T23:15:57.600+0000] {processor.py:841} WARNING - No viable dags retrieved from /home/ubuntu/redfin/lib/python3.10/site-packages/airflow/example_dags/subdags/subdag.py
[2023-12-03T23:15:57.612+0000] {processor.py:179} INFO - Processing /home/ubuntu/redfin/lib/python3.10/site-packages/airflow/example_dags/subdags/subdag.py took 0.021 seconds
[2023-12-03T23:16:28.661+0000] {processor.py:157} INFO - Started process (PID=4313) to work on /home/ubuntu/redfin/lib/python3.10/site-packages/airflow/example_dags/subdags/subdag.py
[2023-12-03T23:16:28.662+0000] {processor.py:829} INFO - Processing file /home/ubuntu/redfin/lib/python3.10/site-packages/airflow/example_dags/subdags/subdag.py for tasks to queue
[2023-12-03T23:16:28.663+0000] {logging_mixin.py:154} INFO - [2023-12-03T23:16:28.663+0000] {dagbag.py:536} INFO - Filling up the DagBag from /home/ubuntu/redfin/lib/python3.10/site-packages/airflow/example_dags/subdags/subdag.py
[2023-12-03T23:16:28.666+0000] {processor.py:841} WARNING - No viable dags retrieved from /home/ubuntu/redfin/lib/python3.10/site-packages/airflow/example_dags/subdags/subdag.py
[2023-12-03T23:16:28.677+0000] {processor.py:179} INFO - Processing /home/ubuntu/redfin/lib/python3.10/site-packages/airflow/example_dags/subdags/subdag.py took 0.019 seconds
[2023-12-03T23:17:00.674+0000] {processor.py:157} INFO - Started process (PID=4348) to work on /home/ubuntu/redfin/lib/python3.10/site-packages/airflow/example_dags/subdags/subdag.py
[2023-12-03T23:17:00.675+0000] {processor.py:829} INFO - Processing file /home/ubuntu/redfin/lib/python3.10/site-packages/airflow/example_dags/subdags/subdag.py for tasks to queue
[2023-12-03T23:17:00.676+0000] {logging_mixin.py:154} INFO - [2023-12-03T23:17:00.676+0000] {dagbag.py:536} INFO - Filling up the DagBag from /home/ubuntu/redfin/lib/python3.10/site-packages/airflow/example_dags/subdags/subdag.py
[2023-12-03T23:17:00.679+0000] {processor.py:841} WARNING - No viable dags retrieved from /home/ubuntu/redfin/lib/python3.10/site-packages/airflow/example_dags/subdags/subdag.py
[2023-12-03T23:17:00.690+0000] {processor.py:179} INFO - Processing /home/ubuntu/redfin/lib/python3.10/site-packages/airflow/example_dags/subdags/subdag.py took 0.020 seconds
[2023-12-03T23:17:31.437+0000] {processor.py:157} INFO - Started process (PID=4386) to work on /home/ubuntu/redfin/lib/python3.10/site-packages/airflow/example_dags/subdags/subdag.py
[2023-12-03T23:17:31.438+0000] {processor.py:829} INFO - Processing file /home/ubuntu/redfin/lib/python3.10/site-packages/airflow/example_dags/subdags/subdag.py for tasks to queue
[2023-12-03T23:17:31.439+0000] {logging_mixin.py:154} INFO - [2023-12-03T23:17:31.439+0000] {dagbag.py:536} INFO - Filling up the DagBag from /home/ubuntu/redfin/lib/python3.10/site-packages/airflow/example_dags/subdags/subdag.py
[2023-12-03T23:17:31.442+0000] {processor.py:841} WARNING - No viable dags retrieved from /home/ubuntu/redfin/lib/python3.10/site-packages/airflow/example_dags/subdags/subdag.py
[2023-12-03T23:17:31.453+0000] {processor.py:179} INFO - Processing /home/ubuntu/redfin/lib/python3.10/site-packages/airflow/example_dags/subdags/subdag.py took 0.020 seconds
[2023-12-03T23:18:16.032+0000] {processor.py:157} INFO - Started process (PID=4435) to work on /home/ubuntu/redfin/lib/python3.10/site-packages/airflow/example_dags/subdags/subdag.py
[2023-12-03T23:18:16.034+0000] {processor.py:829} INFO - Processing file /home/ubuntu/redfin/lib/python3.10/site-packages/airflow/example_dags/subdags/subdag.py for tasks to queue
[2023-12-03T23:18:16.035+0000] {logging_mixin.py:154} INFO - [2023-12-03T23:18:16.034+0000] {dagbag.py:536} INFO - Filling up the DagBag from /home/ubuntu/redfin/lib/python3.10/site-packages/airflow/example_dags/subdags/subdag.py
[2023-12-03T23:18:16.037+0000] {processor.py:841} WARNING - No viable dags retrieved from /home/ubuntu/redfin/lib/python3.10/site-packages/airflow/example_dags/subdags/subdag.py
[2023-12-03T23:18:16.048+0000] {processor.py:179} INFO - Processing /home/ubuntu/redfin/lib/python3.10/site-packages/airflow/example_dags/subdags/subdag.py took 0.020 seconds
[2023-12-03T23:18:46.461+0000] {processor.py:157} INFO - Started process (PID=4471) to work on /home/ubuntu/redfin/lib/python3.10/site-packages/airflow/example_dags/subdags/subdag.py
[2023-12-03T23:18:46.462+0000] {processor.py:829} INFO - Processing file /home/ubuntu/redfin/lib/python3.10/site-packages/airflow/example_dags/subdags/subdag.py for tasks to queue
[2023-12-03T23:18:46.463+0000] {logging_mixin.py:154} INFO - [2023-12-03T23:18:46.463+0000] {dagbag.py:536} INFO - Filling up the DagBag from /home/ubuntu/redfin/lib/python3.10/site-packages/airflow/example_dags/subdags/subdag.py
[2023-12-03T23:18:46.466+0000] {processor.py:841} WARNING - No viable dags retrieved from /home/ubuntu/redfin/lib/python3.10/site-packages/airflow/example_dags/subdags/subdag.py
[2023-12-03T23:18:46.477+0000] {processor.py:179} INFO - Processing /home/ubuntu/redfin/lib/python3.10/site-packages/airflow/example_dags/subdags/subdag.py took 0.019 seconds
[2023-12-03T23:19:29.097+0000] {processor.py:157} INFO - Started process (PID=4518) to work on /home/ubuntu/redfin/lib/python3.10/site-packages/airflow/example_dags/subdags/subdag.py
[2023-12-03T23:19:29.099+0000] {processor.py:829} INFO - Processing file /home/ubuntu/redfin/lib/python3.10/site-packages/airflow/example_dags/subdags/subdag.py for tasks to queue
[2023-12-03T23:19:29.100+0000] {logging_mixin.py:154} INFO - [2023-12-03T23:19:29.099+0000] {dagbag.py:536} INFO - Filling up the DagBag from /home/ubuntu/redfin/lib/python3.10/site-packages/airflow/example_dags/subdags/subdag.py
[2023-12-03T23:19:29.102+0000] {processor.py:841} WARNING - No viable dags retrieved from /home/ubuntu/redfin/lib/python3.10/site-packages/airflow/example_dags/subdags/subdag.py
[2023-12-03T23:19:29.113+0000] {processor.py:179} INFO - Processing /home/ubuntu/redfin/lib/python3.10/site-packages/airflow/example_dags/subdags/subdag.py took 0.020 seconds
[2023-12-03T23:20:13.080+0000] {processor.py:157} INFO - Started process (PID=4567) to work on /home/ubuntu/redfin/lib/python3.10/site-packages/airflow/example_dags/subdags/subdag.py
[2023-12-03T23:20:13.081+0000] {processor.py:829} INFO - Processing file /home/ubuntu/redfin/lib/python3.10/site-packages/airflow/example_dags/subdags/subdag.py for tasks to queue
[2023-12-03T23:20:13.082+0000] {logging_mixin.py:154} INFO - [2023-12-03T23:20:13.082+0000] {dagbag.py:536} INFO - Filling up the DagBag from /home/ubuntu/redfin/lib/python3.10/site-packages/airflow/example_dags/subdags/subdag.py
[2023-12-03T23:20:13.085+0000] {processor.py:841} WARNING - No viable dags retrieved from /home/ubuntu/redfin/lib/python3.10/site-packages/airflow/example_dags/subdags/subdag.py
[2023-12-03T23:20:13.096+0000] {processor.py:179} INFO - Processing /home/ubuntu/redfin/lib/python3.10/site-packages/airflow/example_dags/subdags/subdag.py took 0.020 seconds
[2023-12-03T23:20:56.308+0000] {processor.py:157} INFO - Started process (PID=4614) to work on /home/ubuntu/redfin/lib/python3.10/site-packages/airflow/example_dags/subdags/subdag.py
[2023-12-03T23:20:56.309+0000] {processor.py:829} INFO - Processing file /home/ubuntu/redfin/lib/python3.10/site-packages/airflow/example_dags/subdags/subdag.py for tasks to queue
[2023-12-03T23:20:56.310+0000] {logging_mixin.py:154} INFO - [2023-12-03T23:20:56.309+0000] {dagbag.py:536} INFO - Filling up the DagBag from /home/ubuntu/redfin/lib/python3.10/site-packages/airflow/example_dags/subdags/subdag.py
[2023-12-03T23:20:56.312+0000] {processor.py:841} WARNING - No viable dags retrieved from /home/ubuntu/redfin/lib/python3.10/site-packages/airflow/example_dags/subdags/subdag.py
[2023-12-03T23:20:56.324+0000] {processor.py:179} INFO - Processing /home/ubuntu/redfin/lib/python3.10/site-packages/airflow/example_dags/subdags/subdag.py took 0.020 seconds
[2023-12-03T23:21:28.806+0000] {processor.py:157} INFO - Started process (PID=4650) to work on /home/ubuntu/redfin/lib/python3.10/site-packages/airflow/example_dags/subdags/subdag.py
[2023-12-03T23:21:28.807+0000] {processor.py:829} INFO - Processing file /home/ubuntu/redfin/lib/python3.10/site-packages/airflow/example_dags/subdags/subdag.py for tasks to queue
[2023-12-03T23:21:28.808+0000] {logging_mixin.py:154} INFO - [2023-12-03T23:21:28.808+0000] {dagbag.py:536} INFO - Filling up the DagBag from /home/ubuntu/redfin/lib/python3.10/site-packages/airflow/example_dags/subdags/subdag.py
[2023-12-03T23:21:28.811+0000] {processor.py:841} WARNING - No viable dags retrieved from /home/ubuntu/redfin/lib/python3.10/site-packages/airflow/example_dags/subdags/subdag.py
[2023-12-03T23:21:28.823+0000] {processor.py:179} INFO - Processing /home/ubuntu/redfin/lib/python3.10/site-packages/airflow/example_dags/subdags/subdag.py took 0.021 seconds
[2023-12-03T23:22:02.870+0000] {processor.py:157} INFO - Started process (PID=4688) to work on /home/ubuntu/redfin/lib/python3.10/site-packages/airflow/example_dags/subdags/subdag.py
[2023-12-03T23:22:02.871+0000] {processor.py:829} INFO - Processing file /home/ubuntu/redfin/lib/python3.10/site-packages/airflow/example_dags/subdags/subdag.py for tasks to queue
[2023-12-03T23:22:02.872+0000] {logging_mixin.py:154} INFO - [2023-12-03T23:22:02.872+0000] {dagbag.py:536} INFO - Filling up the DagBag from /home/ubuntu/redfin/lib/python3.10/site-packages/airflow/example_dags/subdags/subdag.py
[2023-12-03T23:22:02.875+0000] {processor.py:841} WARNING - No viable dags retrieved from /home/ubuntu/redfin/lib/python3.10/site-packages/airflow/example_dags/subdags/subdag.py
[2023-12-03T23:22:02.886+0000] {processor.py:179} INFO - Processing /home/ubuntu/redfin/lib/python3.10/site-packages/airflow/example_dags/subdags/subdag.py took 0.020 seconds
[2023-12-03T23:22:35.947+0000] {processor.py:157} INFO - Started process (PID=4724) to work on /home/ubuntu/redfin/lib/python3.10/site-packages/airflow/example_dags/subdags/subdag.py
[2023-12-03T23:22:35.947+0000] {processor.py:829} INFO - Processing file /home/ubuntu/redfin/lib/python3.10/site-packages/airflow/example_dags/subdags/subdag.py for tasks to queue
[2023-12-03T23:22:35.948+0000] {logging_mixin.py:154} INFO - [2023-12-03T23:22:35.948+0000] {dagbag.py:536} INFO - Filling up the DagBag from /home/ubuntu/redfin/lib/python3.10/site-packages/airflow/example_dags/subdags/subdag.py
[2023-12-03T23:22:35.951+0000] {processor.py:841} WARNING - No viable dags retrieved from /home/ubuntu/redfin/lib/python3.10/site-packages/airflow/example_dags/subdags/subdag.py
[2023-12-03T23:22:35.962+0000] {processor.py:179} INFO - Processing /home/ubuntu/redfin/lib/python3.10/site-packages/airflow/example_dags/subdags/subdag.py took 0.019 seconds
[2023-12-03T23:23:21.067+0000] {processor.py:157} INFO - Started process (PID=4773) to work on /home/ubuntu/redfin/lib/python3.10/site-packages/airflow/example_dags/subdags/subdag.py
[2023-12-03T23:23:21.068+0000] {processor.py:829} INFO - Processing file /home/ubuntu/redfin/lib/python3.10/site-packages/airflow/example_dags/subdags/subdag.py for tasks to queue
[2023-12-03T23:23:21.069+0000] {logging_mixin.py:154} INFO - [2023-12-03T23:23:21.069+0000] {dagbag.py:536} INFO - Filling up the DagBag from /home/ubuntu/redfin/lib/python3.10/site-packages/airflow/example_dags/subdags/subdag.py
[2023-12-03T23:23:21.071+0000] {processor.py:841} WARNING - No viable dags retrieved from /home/ubuntu/redfin/lib/python3.10/site-packages/airflow/example_dags/subdags/subdag.py
[2023-12-03T23:23:21.083+0000] {processor.py:179} INFO - Processing /home/ubuntu/redfin/lib/python3.10/site-packages/airflow/example_dags/subdags/subdag.py took 0.020 seconds
[2023-12-03T23:23:52.442+0000] {processor.py:157} INFO - Started process (PID=4808) to work on /home/ubuntu/redfin/lib/python3.10/site-packages/airflow/example_dags/subdags/subdag.py
[2023-12-03T23:23:52.443+0000] {processor.py:829} INFO - Processing file /home/ubuntu/redfin/lib/python3.10/site-packages/airflow/example_dags/subdags/subdag.py for tasks to queue
[2023-12-03T23:23:52.444+0000] {logging_mixin.py:154} INFO - [2023-12-03T23:23:52.444+0000] {dagbag.py:536} INFO - Filling up the DagBag from /home/ubuntu/redfin/lib/python3.10/site-packages/airflow/example_dags/subdags/subdag.py
[2023-12-03T23:23:52.446+0000] {processor.py:841} WARNING - No viable dags retrieved from /home/ubuntu/redfin/lib/python3.10/site-packages/airflow/example_dags/subdags/subdag.py
[2023-12-03T23:23:52.458+0000] {processor.py:179} INFO - Processing /home/ubuntu/redfin/lib/python3.10/site-packages/airflow/example_dags/subdags/subdag.py took 0.020 seconds
[2023-12-03T23:24:24.412+0000] {processor.py:157} INFO - Started process (PID=4844) to work on /home/ubuntu/redfin/lib/python3.10/site-packages/airflow/example_dags/subdags/subdag.py
[2023-12-03T23:24:24.413+0000] {processor.py:829} INFO - Processing file /home/ubuntu/redfin/lib/python3.10/site-packages/airflow/example_dags/subdags/subdag.py for tasks to queue
[2023-12-03T23:24:24.414+0000] {logging_mixin.py:154} INFO - [2023-12-03T23:24:24.413+0000] {dagbag.py:536} INFO - Filling up the DagBag from /home/ubuntu/redfin/lib/python3.10/site-packages/airflow/example_dags/subdags/subdag.py
[2023-12-03T23:24:24.416+0000] {processor.py:841} WARNING - No viable dags retrieved from /home/ubuntu/redfin/lib/python3.10/site-packages/airflow/example_dags/subdags/subdag.py
[2023-12-03T23:24:24.427+0000] {processor.py:179} INFO - Processing /home/ubuntu/redfin/lib/python3.10/site-packages/airflow/example_dags/subdags/subdag.py took 0.019 seconds
[2023-12-03T23:24:55.317+0000] {processor.py:157} INFO - Started process (PID=4877) to work on /home/ubuntu/redfin/lib/python3.10/site-packages/airflow/example_dags/subdags/subdag.py
[2023-12-03T23:24:55.318+0000] {processor.py:829} INFO - Processing file /home/ubuntu/redfin/lib/python3.10/site-packages/airflow/example_dags/subdags/subdag.py for tasks to queue
[2023-12-03T23:24:55.319+0000] {logging_mixin.py:154} INFO - [2023-12-03T23:24:55.319+0000] {dagbag.py:536} INFO - Filling up the DagBag from /home/ubuntu/redfin/lib/python3.10/site-packages/airflow/example_dags/subdags/subdag.py
[2023-12-03T23:24:55.322+0000] {processor.py:841} WARNING - No viable dags retrieved from /home/ubuntu/redfin/lib/python3.10/site-packages/airflow/example_dags/subdags/subdag.py
[2023-12-03T23:24:55.333+0000] {processor.py:179} INFO - Processing /home/ubuntu/redfin/lib/python3.10/site-packages/airflow/example_dags/subdags/subdag.py took 0.020 seconds
[2023-12-03T23:25:29.951+0000] {processor.py:157} INFO - Started process (PID=4914) to work on /home/ubuntu/redfin/lib/python3.10/site-packages/airflow/example_dags/subdags/subdag.py
[2023-12-03T23:25:29.952+0000] {processor.py:829} INFO - Processing file /home/ubuntu/redfin/lib/python3.10/site-packages/airflow/example_dags/subdags/subdag.py for tasks to queue
[2023-12-03T23:25:29.953+0000] {logging_mixin.py:154} INFO - [2023-12-03T23:25:29.953+0000] {dagbag.py:536} INFO - Filling up the DagBag from /home/ubuntu/redfin/lib/python3.10/site-packages/airflow/example_dags/subdags/subdag.py
[2023-12-03T23:25:29.956+0000] {processor.py:841} WARNING - No viable dags retrieved from /home/ubuntu/redfin/lib/python3.10/site-packages/airflow/example_dags/subdags/subdag.py
[2023-12-03T23:25:29.967+0000] {processor.py:179} INFO - Processing /home/ubuntu/redfin/lib/python3.10/site-packages/airflow/example_dags/subdags/subdag.py took 0.020 seconds
[2023-12-03T23:26:01.046+0000] {processor.py:157} INFO - Started process (PID=4949) to work on /home/ubuntu/redfin/lib/python3.10/site-packages/airflow/example_dags/subdags/subdag.py
[2023-12-03T23:26:01.047+0000] {processor.py:829} INFO - Processing file /home/ubuntu/redfin/lib/python3.10/site-packages/airflow/example_dags/subdags/subdag.py for tasks to queue
[2023-12-03T23:26:01.048+0000] {logging_mixin.py:154} INFO - [2023-12-03T23:26:01.047+0000] {dagbag.py:536} INFO - Filling up the DagBag from /home/ubuntu/redfin/lib/python3.10/site-packages/airflow/example_dags/subdags/subdag.py
[2023-12-03T23:26:01.050+0000] {processor.py:841} WARNING - No viable dags retrieved from /home/ubuntu/redfin/lib/python3.10/site-packages/airflow/example_dags/subdags/subdag.py
[2023-12-03T23:26:01.062+0000] {processor.py:179} INFO - Processing /home/ubuntu/redfin/lib/python3.10/site-packages/airflow/example_dags/subdags/subdag.py took 0.020 seconds
[2023-12-03T23:26:32.217+0000] {processor.py:157} INFO - Started process (PID=4981) to work on /home/ubuntu/redfin/lib/python3.10/site-packages/airflow/example_dags/subdags/subdag.py
[2023-12-03T23:26:32.218+0000] {processor.py:829} INFO - Processing file /home/ubuntu/redfin/lib/python3.10/site-packages/airflow/example_dags/subdags/subdag.py for tasks to queue
[2023-12-03T23:26:32.219+0000] {logging_mixin.py:154} INFO - [2023-12-03T23:26:32.219+0000] {dagbag.py:536} INFO - Filling up the DagBag from /home/ubuntu/redfin/lib/python3.10/site-packages/airflow/example_dags/subdags/subdag.py
[2023-12-03T23:26:32.222+0000] {processor.py:841} WARNING - No viable dags retrieved from /home/ubuntu/redfin/lib/python3.10/site-packages/airflow/example_dags/subdags/subdag.py
[2023-12-03T23:26:32.233+0000] {processor.py:179} INFO - Processing /home/ubuntu/redfin/lib/python3.10/site-packages/airflow/example_dags/subdags/subdag.py took 0.020 seconds
[2023-12-03T23:27:15.181+0000] {processor.py:157} INFO - Started process (PID=5030) to work on /home/ubuntu/redfin/lib/python3.10/site-packages/airflow/example_dags/subdags/subdag.py
[2023-12-03T23:27:15.182+0000] {processor.py:829} INFO - Processing file /home/ubuntu/redfin/lib/python3.10/site-packages/airflow/example_dags/subdags/subdag.py for tasks to queue
[2023-12-03T23:27:15.183+0000] {logging_mixin.py:154} INFO - [2023-12-03T23:27:15.183+0000] {dagbag.py:536} INFO - Filling up the DagBag from /home/ubuntu/redfin/lib/python3.10/site-packages/airflow/example_dags/subdags/subdag.py
[2023-12-03T23:27:15.186+0000] {processor.py:841} WARNING - No viable dags retrieved from /home/ubuntu/redfin/lib/python3.10/site-packages/airflow/example_dags/subdags/subdag.py
[2023-12-03T23:27:15.198+0000] {processor.py:179} INFO - Processing /home/ubuntu/redfin/lib/python3.10/site-packages/airflow/example_dags/subdags/subdag.py took 0.021 seconds
[2023-12-03T23:27:57.694+0000] {processor.py:157} INFO - Started process (PID=5077) to work on /home/ubuntu/redfin/lib/python3.10/site-packages/airflow/example_dags/subdags/subdag.py
[2023-12-03T23:27:57.695+0000] {processor.py:829} INFO - Processing file /home/ubuntu/redfin/lib/python3.10/site-packages/airflow/example_dags/subdags/subdag.py for tasks to queue
[2023-12-03T23:27:57.696+0000] {logging_mixin.py:154} INFO - [2023-12-03T23:27:57.695+0000] {dagbag.py:536} INFO - Filling up the DagBag from /home/ubuntu/redfin/lib/python3.10/site-packages/airflow/example_dags/subdags/subdag.py
[2023-12-03T23:27:57.698+0000] {processor.py:841} WARNING - No viable dags retrieved from /home/ubuntu/redfin/lib/python3.10/site-packages/airflow/example_dags/subdags/subdag.py
[2023-12-03T23:27:57.709+0000] {processor.py:179} INFO - Processing /home/ubuntu/redfin/lib/python3.10/site-packages/airflow/example_dags/subdags/subdag.py took 0.020 seconds
[2023-12-03T23:28:28.581+0000] {processor.py:157} INFO - Started process (PID=5111) to work on /home/ubuntu/redfin/lib/python3.10/site-packages/airflow/example_dags/subdags/subdag.py
[2023-12-03T23:28:28.582+0000] {processor.py:829} INFO - Processing file /home/ubuntu/redfin/lib/python3.10/site-packages/airflow/example_dags/subdags/subdag.py for tasks to queue
[2023-12-03T23:28:28.583+0000] {logging_mixin.py:154} INFO - [2023-12-03T23:28:28.582+0000] {dagbag.py:536} INFO - Filling up the DagBag from /home/ubuntu/redfin/lib/python3.10/site-packages/airflow/example_dags/subdags/subdag.py
[2023-12-03T23:28:28.585+0000] {processor.py:841} WARNING - No viable dags retrieved from /home/ubuntu/redfin/lib/python3.10/site-packages/airflow/example_dags/subdags/subdag.py
[2023-12-03T23:28:28.596+0000] {processor.py:179} INFO - Processing /home/ubuntu/redfin/lib/python3.10/site-packages/airflow/example_dags/subdags/subdag.py took 0.019 seconds
[2023-12-03T23:29:00.559+0000] {processor.py:157} INFO - Started process (PID=5146) to work on /home/ubuntu/redfin/lib/python3.10/site-packages/airflow/example_dags/subdags/subdag.py
[2023-12-03T23:29:00.560+0000] {processor.py:829} INFO - Processing file /home/ubuntu/redfin/lib/python3.10/site-packages/airflow/example_dags/subdags/subdag.py for tasks to queue
[2023-12-03T23:29:00.561+0000] {logging_mixin.py:154} INFO - [2023-12-03T23:29:00.561+0000] {dagbag.py:536} INFO - Filling up the DagBag from /home/ubuntu/redfin/lib/python3.10/site-packages/airflow/example_dags/subdags/subdag.py
[2023-12-03T23:29:00.564+0000] {processor.py:841} WARNING - No viable dags retrieved from /home/ubuntu/redfin/lib/python3.10/site-packages/airflow/example_dags/subdags/subdag.py
[2023-12-03T23:29:00.575+0000] {processor.py:179} INFO - Processing /home/ubuntu/redfin/lib/python3.10/site-packages/airflow/example_dags/subdags/subdag.py took 0.020 seconds
[2023-12-03T23:29:32.813+0000] {processor.py:157} INFO - Started process (PID=5181) to work on /home/ubuntu/redfin/lib/python3.10/site-packages/airflow/example_dags/subdags/subdag.py
[2023-12-03T23:29:32.815+0000] {processor.py:829} INFO - Processing file /home/ubuntu/redfin/lib/python3.10/site-packages/airflow/example_dags/subdags/subdag.py for tasks to queue
[2023-12-03T23:29:32.816+0000] {logging_mixin.py:154} INFO - [2023-12-03T23:29:32.815+0000] {dagbag.py:536} INFO - Filling up the DagBag from /home/ubuntu/redfin/lib/python3.10/site-packages/airflow/example_dags/subdags/subdag.py
[2023-12-03T23:29:32.818+0000] {processor.py:841} WARNING - No viable dags retrieved from /home/ubuntu/redfin/lib/python3.10/site-packages/airflow/example_dags/subdags/subdag.py
[2023-12-03T23:29:32.830+0000] {processor.py:179} INFO - Processing /home/ubuntu/redfin/lib/python3.10/site-packages/airflow/example_dags/subdags/subdag.py took 0.021 seconds
[2023-12-03T23:30:04.674+0000] {processor.py:157} INFO - Started process (PID=5218) to work on /home/ubuntu/redfin/lib/python3.10/site-packages/airflow/example_dags/subdags/subdag.py
[2023-12-03T23:30:04.676+0000] {processor.py:829} INFO - Processing file /home/ubuntu/redfin/lib/python3.10/site-packages/airflow/example_dags/subdags/subdag.py for tasks to queue
[2023-12-03T23:30:04.677+0000] {logging_mixin.py:154} INFO - [2023-12-03T23:30:04.676+0000] {dagbag.py:536} INFO - Filling up the DagBag from /home/ubuntu/redfin/lib/python3.10/site-packages/airflow/example_dags/subdags/subdag.py
[2023-12-03T23:30:04.679+0000] {processor.py:841} WARNING - No viable dags retrieved from /home/ubuntu/redfin/lib/python3.10/site-packages/airflow/example_dags/subdags/subdag.py
[2023-12-03T23:30:04.691+0000] {processor.py:179} INFO - Processing /home/ubuntu/redfin/lib/python3.10/site-packages/airflow/example_dags/subdags/subdag.py took 0.021 seconds
[2023-12-03T23:30:36.287+0000] {processor.py:157} INFO - Started process (PID=5253) to work on /home/ubuntu/redfin/lib/python3.10/site-packages/airflow/example_dags/subdags/subdag.py
[2023-12-03T23:30:36.288+0000] {processor.py:829} INFO - Processing file /home/ubuntu/redfin/lib/python3.10/site-packages/airflow/example_dags/subdags/subdag.py for tasks to queue
[2023-12-03T23:30:36.289+0000] {logging_mixin.py:154} INFO - [2023-12-03T23:30:36.289+0000] {dagbag.py:536} INFO - Filling up the DagBag from /home/ubuntu/redfin/lib/python3.10/site-packages/airflow/example_dags/subdags/subdag.py
[2023-12-03T23:30:36.292+0000] {processor.py:841} WARNING - No viable dags retrieved from /home/ubuntu/redfin/lib/python3.10/site-packages/airflow/example_dags/subdags/subdag.py
[2023-12-03T23:30:36.304+0000] {processor.py:179} INFO - Processing /home/ubuntu/redfin/lib/python3.10/site-packages/airflow/example_dags/subdags/subdag.py took 0.021 seconds
[2023-12-03T23:31:21.583+0000] {processor.py:157} INFO - Started process (PID=5302) to work on /home/ubuntu/redfin/lib/python3.10/site-packages/airflow/example_dags/subdags/subdag.py
[2023-12-03T23:31:21.585+0000] {processor.py:829} INFO - Processing file /home/ubuntu/redfin/lib/python3.10/site-packages/airflow/example_dags/subdags/subdag.py for tasks to queue
[2023-12-03T23:31:21.586+0000] {logging_mixin.py:154} INFO - [2023-12-03T23:31:21.585+0000] {dagbag.py:536} INFO - Filling up the DagBag from /home/ubuntu/redfin/lib/python3.10/site-packages/airflow/example_dags/subdags/subdag.py
[2023-12-03T23:31:21.588+0000] {processor.py:841} WARNING - No viable dags retrieved from /home/ubuntu/redfin/lib/python3.10/site-packages/airflow/example_dags/subdags/subdag.py
[2023-12-03T23:31:21.599+0000] {processor.py:179} INFO - Processing /home/ubuntu/redfin/lib/python3.10/site-packages/airflow/example_dags/subdags/subdag.py took 0.020 seconds
[2023-12-03T23:31:54.273+0000] {processor.py:157} INFO - Started process (PID=5338) to work on /home/ubuntu/redfin/lib/python3.10/site-packages/airflow/example_dags/subdags/subdag.py
[2023-12-03T23:31:54.274+0000] {processor.py:829} INFO - Processing file /home/ubuntu/redfin/lib/python3.10/site-packages/airflow/example_dags/subdags/subdag.py for tasks to queue
[2023-12-03T23:31:54.275+0000] {logging_mixin.py:154} INFO - [2023-12-03T23:31:54.275+0000] {dagbag.py:536} INFO - Filling up the DagBag from /home/ubuntu/redfin/lib/python3.10/site-packages/airflow/example_dags/subdags/subdag.py
[2023-12-03T23:31:54.278+0000] {processor.py:841} WARNING - No viable dags retrieved from /home/ubuntu/redfin/lib/python3.10/site-packages/airflow/example_dags/subdags/subdag.py
[2023-12-03T23:31:54.290+0000] {processor.py:179} INFO - Processing /home/ubuntu/redfin/lib/python3.10/site-packages/airflow/example_dags/subdags/subdag.py took 0.021 seconds
[2023-12-03T23:32:39.131+0000] {processor.py:157} INFO - Started process (PID=5387) to work on /home/ubuntu/redfin/lib/python3.10/site-packages/airflow/example_dags/subdags/subdag.py
[2023-12-03T23:32:39.132+0000] {processor.py:829} INFO - Processing file /home/ubuntu/redfin/lib/python3.10/site-packages/airflow/example_dags/subdags/subdag.py for tasks to queue
[2023-12-03T23:32:39.133+0000] {logging_mixin.py:154} INFO - [2023-12-03T23:32:39.133+0000] {dagbag.py:536} INFO - Filling up the DagBag from /home/ubuntu/redfin/lib/python3.10/site-packages/airflow/example_dags/subdags/subdag.py
[2023-12-03T23:32:39.136+0000] {processor.py:841} WARNING - No viable dags retrieved from /home/ubuntu/redfin/lib/python3.10/site-packages/airflow/example_dags/subdags/subdag.py
[2023-12-03T23:32:39.147+0000] {processor.py:179} INFO - Processing /home/ubuntu/redfin/lib/python3.10/site-packages/airflow/example_dags/subdags/subdag.py took 0.020 seconds
[2023-12-03T23:33:23.988+0000] {processor.py:157} INFO - Started process (PID=5436) to work on /home/ubuntu/redfin/lib/python3.10/site-packages/airflow/example_dags/subdags/subdag.py
[2023-12-03T23:33:23.989+0000] {processor.py:829} INFO - Processing file /home/ubuntu/redfin/lib/python3.10/site-packages/airflow/example_dags/subdags/subdag.py for tasks to queue
[2023-12-03T23:33:23.990+0000] {logging_mixin.py:154} INFO - [2023-12-03T23:33:23.990+0000] {dagbag.py:536} INFO - Filling up the DagBag from /home/ubuntu/redfin/lib/python3.10/site-packages/airflow/example_dags/subdags/subdag.py
[2023-12-03T23:33:23.993+0000] {processor.py:841} WARNING - No viable dags retrieved from /home/ubuntu/redfin/lib/python3.10/site-packages/airflow/example_dags/subdags/subdag.py
[2023-12-03T23:33:24.005+0000] {processor.py:179} INFO - Processing /home/ubuntu/redfin/lib/python3.10/site-packages/airflow/example_dags/subdags/subdag.py took 0.021 seconds
[2023-12-03T23:33:54.375+0000] {processor.py:157} INFO - Started process (PID=5470) to work on /home/ubuntu/redfin/lib/python3.10/site-packages/airflow/example_dags/subdags/subdag.py
[2023-12-03T23:33:54.376+0000] {processor.py:829} INFO - Processing file /home/ubuntu/redfin/lib/python3.10/site-packages/airflow/example_dags/subdags/subdag.py for tasks to queue
[2023-12-03T23:33:54.377+0000] {logging_mixin.py:154} INFO - [2023-12-03T23:33:54.377+0000] {dagbag.py:536} INFO - Filling up the DagBag from /home/ubuntu/redfin/lib/python3.10/site-packages/airflow/example_dags/subdags/subdag.py
[2023-12-03T23:33:54.380+0000] {processor.py:841} WARNING - No viable dags retrieved from /home/ubuntu/redfin/lib/python3.10/site-packages/airflow/example_dags/subdags/subdag.py
[2023-12-03T23:33:54.391+0000] {processor.py:179} INFO - Processing /home/ubuntu/redfin/lib/python3.10/site-packages/airflow/example_dags/subdags/subdag.py took 0.020 seconds
[2023-12-03T23:34:26.065+0000] {processor.py:157} INFO - Started process (PID=5505) to work on /home/ubuntu/redfin/lib/python3.10/site-packages/airflow/example_dags/subdags/subdag.py
[2023-12-03T23:34:26.066+0000] {processor.py:829} INFO - Processing file /home/ubuntu/redfin/lib/python3.10/site-packages/airflow/example_dags/subdags/subdag.py for tasks to queue
[2023-12-03T23:34:26.067+0000] {logging_mixin.py:154} INFO - [2023-12-03T23:34:26.066+0000] {dagbag.py:536} INFO - Filling up the DagBag from /home/ubuntu/redfin/lib/python3.10/site-packages/airflow/example_dags/subdags/subdag.py
[2023-12-03T23:34:26.069+0000] {processor.py:841} WARNING - No viable dags retrieved from /home/ubuntu/redfin/lib/python3.10/site-packages/airflow/example_dags/subdags/subdag.py
[2023-12-03T23:34:26.081+0000] {processor.py:179} INFO - Processing /home/ubuntu/redfin/lib/python3.10/site-packages/airflow/example_dags/subdags/subdag.py took 0.021 seconds
[2023-12-03T23:34:58.577+0000] {processor.py:157} INFO - Started process (PID=5540) to work on /home/ubuntu/redfin/lib/python3.10/site-packages/airflow/example_dags/subdags/subdag.py
[2023-12-03T23:34:58.578+0000] {processor.py:829} INFO - Processing file /home/ubuntu/redfin/lib/python3.10/site-packages/airflow/example_dags/subdags/subdag.py for tasks to queue
[2023-12-03T23:34:58.579+0000] {logging_mixin.py:154} INFO - [2023-12-03T23:34:58.579+0000] {dagbag.py:536} INFO - Filling up the DagBag from /home/ubuntu/redfin/lib/python3.10/site-packages/airflow/example_dags/subdags/subdag.py
[2023-12-03T23:34:58.582+0000] {processor.py:841} WARNING - No viable dags retrieved from /home/ubuntu/redfin/lib/python3.10/site-packages/airflow/example_dags/subdags/subdag.py
[2023-12-03T23:34:58.593+0000] {processor.py:179} INFO - Processing /home/ubuntu/redfin/lib/python3.10/site-packages/airflow/example_dags/subdags/subdag.py took 0.020 seconds
[2023-12-03T23:35:32.488+0000] {processor.py:157} INFO - Started process (PID=5576) to work on /home/ubuntu/redfin/lib/python3.10/site-packages/airflow/example_dags/subdags/subdag.py
[2023-12-03T23:35:32.490+0000] {processor.py:829} INFO - Processing file /home/ubuntu/redfin/lib/python3.10/site-packages/airflow/example_dags/subdags/subdag.py for tasks to queue
[2023-12-03T23:35:32.491+0000] {logging_mixin.py:154} INFO - [2023-12-03T23:35:32.490+0000] {dagbag.py:536} INFO - Filling up the DagBag from /home/ubuntu/redfin/lib/python3.10/site-packages/airflow/example_dags/subdags/subdag.py
[2023-12-03T23:35:32.493+0000] {processor.py:841} WARNING - No viable dags retrieved from /home/ubuntu/redfin/lib/python3.10/site-packages/airflow/example_dags/subdags/subdag.py
[2023-12-03T23:35:32.504+0000] {processor.py:179} INFO - Processing /home/ubuntu/redfin/lib/python3.10/site-packages/airflow/example_dags/subdags/subdag.py took 0.019 seconds
[2023-12-03T23:36:04.325+0000] {processor.py:157} INFO - Started process (PID=5612) to work on /home/ubuntu/redfin/lib/python3.10/site-packages/airflow/example_dags/subdags/subdag.py
[2023-12-03T23:36:04.326+0000] {processor.py:829} INFO - Processing file /home/ubuntu/redfin/lib/python3.10/site-packages/airflow/example_dags/subdags/subdag.py for tasks to queue
[2023-12-03T23:36:04.327+0000] {logging_mixin.py:154} INFO - [2023-12-03T23:36:04.327+0000] {dagbag.py:536} INFO - Filling up the DagBag from /home/ubuntu/redfin/lib/python3.10/site-packages/airflow/example_dags/subdags/subdag.py
[2023-12-03T23:36:04.330+0000] {processor.py:841} WARNING - No viable dags retrieved from /home/ubuntu/redfin/lib/python3.10/site-packages/airflow/example_dags/subdags/subdag.py
[2023-12-03T23:36:04.341+0000] {processor.py:179} INFO - Processing /home/ubuntu/redfin/lib/python3.10/site-packages/airflow/example_dags/subdags/subdag.py took 0.020 seconds
[2023-12-03T23:36:39.681+0000] {processor.py:157} INFO - Started process (PID=5649) to work on /home/ubuntu/redfin/lib/python3.10/site-packages/airflow/example_dags/subdags/subdag.py
[2023-12-03T23:36:39.683+0000] {processor.py:829} INFO - Processing file /home/ubuntu/redfin/lib/python3.10/site-packages/airflow/example_dags/subdags/subdag.py for tasks to queue
[2023-12-03T23:36:39.684+0000] {logging_mixin.py:154} INFO - [2023-12-03T23:36:39.683+0000] {dagbag.py:536} INFO - Filling up the DagBag from /home/ubuntu/redfin/lib/python3.10/site-packages/airflow/example_dags/subdags/subdag.py
[2023-12-03T23:36:39.686+0000] {processor.py:841} WARNING - No viable dags retrieved from /home/ubuntu/redfin/lib/python3.10/site-packages/airflow/example_dags/subdags/subdag.py
[2023-12-03T23:36:39.698+0000] {processor.py:179} INFO - Processing /home/ubuntu/redfin/lib/python3.10/site-packages/airflow/example_dags/subdags/subdag.py took 0.021 seconds
[2023-12-03T23:37:12.348+0000] {processor.py:157} INFO - Started process (PID=5685) to work on /home/ubuntu/redfin/lib/python3.10/site-packages/airflow/example_dags/subdags/subdag.py
[2023-12-03T23:37:12.350+0000] {processor.py:829} INFO - Processing file /home/ubuntu/redfin/lib/python3.10/site-packages/airflow/example_dags/subdags/subdag.py for tasks to queue
[2023-12-03T23:37:12.351+0000] {logging_mixin.py:154} INFO - [2023-12-03T23:37:12.350+0000] {dagbag.py:536} INFO - Filling up the DagBag from /home/ubuntu/redfin/lib/python3.10/site-packages/airflow/example_dags/subdags/subdag.py
[2023-12-03T23:37:12.353+0000] {processor.py:841} WARNING - No viable dags retrieved from /home/ubuntu/redfin/lib/python3.10/site-packages/airflow/example_dags/subdags/subdag.py
[2023-12-03T23:37:12.364+0000] {processor.py:179} INFO - Processing /home/ubuntu/redfin/lib/python3.10/site-packages/airflow/example_dags/subdags/subdag.py took 0.020 seconds
[2023-12-03T23:37:43.785+0000] {processor.py:157} INFO - Started process (PID=5721) to work on /home/ubuntu/redfin/lib/python3.10/site-packages/airflow/example_dags/subdags/subdag.py
[2023-12-03T23:37:43.786+0000] {processor.py:829} INFO - Processing file /home/ubuntu/redfin/lib/python3.10/site-packages/airflow/example_dags/subdags/subdag.py for tasks to queue
[2023-12-03T23:37:43.787+0000] {logging_mixin.py:154} INFO - [2023-12-03T23:37:43.787+0000] {dagbag.py:536} INFO - Filling up the DagBag from /home/ubuntu/redfin/lib/python3.10/site-packages/airflow/example_dags/subdags/subdag.py
[2023-12-03T23:37:43.790+0000] {processor.py:841} WARNING - No viable dags retrieved from /home/ubuntu/redfin/lib/python3.10/site-packages/airflow/example_dags/subdags/subdag.py
[2023-12-03T23:37:43.801+0000] {processor.py:179} INFO - Processing /home/ubuntu/redfin/lib/python3.10/site-packages/airflow/example_dags/subdags/subdag.py took 0.020 seconds
[2023-12-03T23:38:29.631+0000] {processor.py:157} INFO - Started process (PID=5770) to work on /home/ubuntu/redfin/lib/python3.10/site-packages/airflow/example_dags/subdags/subdag.py
[2023-12-03T23:38:29.633+0000] {processor.py:829} INFO - Processing file /home/ubuntu/redfin/lib/python3.10/site-packages/airflow/example_dags/subdags/subdag.py for tasks to queue
[2023-12-03T23:38:29.634+0000] {logging_mixin.py:154} INFO - [2023-12-03T23:38:29.633+0000] {dagbag.py:536} INFO - Filling up the DagBag from /home/ubuntu/redfin/lib/python3.10/site-packages/airflow/example_dags/subdags/subdag.py
[2023-12-03T23:38:29.636+0000] {processor.py:841} WARNING - No viable dags retrieved from /home/ubuntu/redfin/lib/python3.10/site-packages/airflow/example_dags/subdags/subdag.py
[2023-12-03T23:38:29.647+0000] {processor.py:179} INFO - Processing /home/ubuntu/redfin/lib/python3.10/site-packages/airflow/example_dags/subdags/subdag.py took 0.020 seconds
[2023-12-03T23:39:01.068+0000] {processor.py:157} INFO - Started process (PID=5806) to work on /home/ubuntu/redfin/lib/python3.10/site-packages/airflow/example_dags/subdags/subdag.py
[2023-12-03T23:39:01.069+0000] {processor.py:829} INFO - Processing file /home/ubuntu/redfin/lib/python3.10/site-packages/airflow/example_dags/subdags/subdag.py for tasks to queue
[2023-12-03T23:39:01.070+0000] {logging_mixin.py:154} INFO - [2023-12-03T23:39:01.069+0000] {dagbag.py:536} INFO - Filling up the DagBag from /home/ubuntu/redfin/lib/python3.10/site-packages/airflow/example_dags/subdags/subdag.py
[2023-12-03T23:39:01.072+0000] {processor.py:841} WARNING - No viable dags retrieved from /home/ubuntu/redfin/lib/python3.10/site-packages/airflow/example_dags/subdags/subdag.py
[2023-12-03T23:39:01.085+0000] {processor.py:179} INFO - Processing /home/ubuntu/redfin/lib/python3.10/site-packages/airflow/example_dags/subdags/subdag.py took 0.020 seconds
[2023-12-03T23:39:31.969+0000] {processor.py:157} INFO - Started process (PID=5837) to work on /home/ubuntu/redfin/lib/python3.10/site-packages/airflow/example_dags/subdags/subdag.py
[2023-12-03T23:39:31.970+0000] {processor.py:829} INFO - Processing file /home/ubuntu/redfin/lib/python3.10/site-packages/airflow/example_dags/subdags/subdag.py for tasks to queue
[2023-12-03T23:39:31.971+0000] {logging_mixin.py:154} INFO - [2023-12-03T23:39:31.971+0000] {dagbag.py:536} INFO - Filling up the DagBag from /home/ubuntu/redfin/lib/python3.10/site-packages/airflow/example_dags/subdags/subdag.py
[2023-12-03T23:39:31.973+0000] {processor.py:841} WARNING - No viable dags retrieved from /home/ubuntu/redfin/lib/python3.10/site-packages/airflow/example_dags/subdags/subdag.py
[2023-12-03T23:39:31.985+0000] {processor.py:179} INFO - Processing /home/ubuntu/redfin/lib/python3.10/site-packages/airflow/example_dags/subdags/subdag.py took 0.020 seconds
[2023-12-03T23:40:02.405+0000] {processor.py:157} INFO - Started process (PID=5871) to work on /home/ubuntu/redfin/lib/python3.10/site-packages/airflow/example_dags/subdags/subdag.py
[2023-12-03T23:40:02.405+0000] {processor.py:829} INFO - Processing file /home/ubuntu/redfin/lib/python3.10/site-packages/airflow/example_dags/subdags/subdag.py for tasks to queue
[2023-12-03T23:40:02.406+0000] {logging_mixin.py:154} INFO - [2023-12-03T23:40:02.406+0000] {dagbag.py:536} INFO - Filling up the DagBag from /home/ubuntu/redfin/lib/python3.10/site-packages/airflow/example_dags/subdags/subdag.py
[2023-12-03T23:40:02.409+0000] {processor.py:841} WARNING - No viable dags retrieved from /home/ubuntu/redfin/lib/python3.10/site-packages/airflow/example_dags/subdags/subdag.py
[2023-12-03T23:40:02.421+0000] {processor.py:179} INFO - Processing /home/ubuntu/redfin/lib/python3.10/site-packages/airflow/example_dags/subdags/subdag.py took 0.020 seconds
[2023-12-03T23:40:34.871+0000] {processor.py:157} INFO - Started process (PID=5906) to work on /home/ubuntu/redfin/lib/python3.10/site-packages/airflow/example_dags/subdags/subdag.py
[2023-12-03T23:40:34.872+0000] {processor.py:829} INFO - Processing file /home/ubuntu/redfin/lib/python3.10/site-packages/airflow/example_dags/subdags/subdag.py for tasks to queue
[2023-12-03T23:40:34.873+0000] {logging_mixin.py:154} INFO - [2023-12-03T23:40:34.873+0000] {dagbag.py:536} INFO - Filling up the DagBag from /home/ubuntu/redfin/lib/python3.10/site-packages/airflow/example_dags/subdags/subdag.py
[2023-12-03T23:40:34.875+0000] {processor.py:841} WARNING - No viable dags retrieved from /home/ubuntu/redfin/lib/python3.10/site-packages/airflow/example_dags/subdags/subdag.py
[2023-12-03T23:40:34.888+0000] {processor.py:179} INFO - Processing /home/ubuntu/redfin/lib/python3.10/site-packages/airflow/example_dags/subdags/subdag.py took 0.021 seconds
[2023-12-03T23:41:08.625+0000] {processor.py:157} INFO - Started process (PID=5943) to work on /home/ubuntu/redfin/lib/python3.10/site-packages/airflow/example_dags/subdags/subdag.py
[2023-12-03T23:41:08.626+0000] {processor.py:829} INFO - Processing file /home/ubuntu/redfin/lib/python3.10/site-packages/airflow/example_dags/subdags/subdag.py for tasks to queue
[2023-12-03T23:41:08.627+0000] {logging_mixin.py:154} INFO - [2023-12-03T23:41:08.627+0000] {dagbag.py:536} INFO - Filling up the DagBag from /home/ubuntu/redfin/lib/python3.10/site-packages/airflow/example_dags/subdags/subdag.py
[2023-12-03T23:41:08.630+0000] {processor.py:841} WARNING - No viable dags retrieved from /home/ubuntu/redfin/lib/python3.10/site-packages/airflow/example_dags/subdags/subdag.py
[2023-12-03T23:41:08.641+0000] {processor.py:179} INFO - Processing /home/ubuntu/redfin/lib/python3.10/site-packages/airflow/example_dags/subdags/subdag.py took 0.020 seconds
[2023-12-03T23:41:40.799+0000] {processor.py:157} INFO - Started process (PID=5980) to work on /home/ubuntu/redfin/lib/python3.10/site-packages/airflow/example_dags/subdags/subdag.py
[2023-12-03T23:41:40.800+0000] {processor.py:829} INFO - Processing file /home/ubuntu/redfin/lib/python3.10/site-packages/airflow/example_dags/subdags/subdag.py for tasks to queue
[2023-12-03T23:41:40.800+0000] {logging_mixin.py:154} INFO - [2023-12-03T23:41:40.800+0000] {dagbag.py:536} INFO - Filling up the DagBag from /home/ubuntu/redfin/lib/python3.10/site-packages/airflow/example_dags/subdags/subdag.py
[2023-12-03T23:41:40.803+0000] {processor.py:841} WARNING - No viable dags retrieved from /home/ubuntu/redfin/lib/python3.10/site-packages/airflow/example_dags/subdags/subdag.py
[2023-12-03T23:41:40.814+0000] {processor.py:179} INFO - Processing /home/ubuntu/redfin/lib/python3.10/site-packages/airflow/example_dags/subdags/subdag.py took 0.019 seconds
[2023-12-03T23:42:26.401+0000] {processor.py:157} INFO - Started process (PID=6028) to work on /home/ubuntu/redfin/lib/python3.10/site-packages/airflow/example_dags/subdags/subdag.py
[2023-12-03T23:42:26.403+0000] {processor.py:829} INFO - Processing file /home/ubuntu/redfin/lib/python3.10/site-packages/airflow/example_dags/subdags/subdag.py for tasks to queue
[2023-12-03T23:42:26.404+0000] {logging_mixin.py:154} INFO - [2023-12-03T23:42:26.403+0000] {dagbag.py:536} INFO - Filling up the DagBag from /home/ubuntu/redfin/lib/python3.10/site-packages/airflow/example_dags/subdags/subdag.py
[2023-12-03T23:42:26.406+0000] {processor.py:841} WARNING - No viable dags retrieved from /home/ubuntu/redfin/lib/python3.10/site-packages/airflow/example_dags/subdags/subdag.py
[2023-12-03T23:42:26.418+0000] {processor.py:179} INFO - Processing /home/ubuntu/redfin/lib/python3.10/site-packages/airflow/example_dags/subdags/subdag.py took 0.020 seconds
[2023-12-03T23:42:58.403+0000] {processor.py:157} INFO - Started process (PID=6064) to work on /home/ubuntu/redfin/lib/python3.10/site-packages/airflow/example_dags/subdags/subdag.py
[2023-12-03T23:42:58.404+0000] {processor.py:829} INFO - Processing file /home/ubuntu/redfin/lib/python3.10/site-packages/airflow/example_dags/subdags/subdag.py for tasks to queue
[2023-12-03T23:42:58.405+0000] {logging_mixin.py:154} INFO - [2023-12-03T23:42:58.404+0000] {dagbag.py:536} INFO - Filling up the DagBag from /home/ubuntu/redfin/lib/python3.10/site-packages/airflow/example_dags/subdags/subdag.py
[2023-12-03T23:42:58.407+0000] {processor.py:841} WARNING - No viable dags retrieved from /home/ubuntu/redfin/lib/python3.10/site-packages/airflow/example_dags/subdags/subdag.py
[2023-12-03T23:42:58.419+0000] {processor.py:179} INFO - Processing /home/ubuntu/redfin/lib/python3.10/site-packages/airflow/example_dags/subdags/subdag.py took 0.020 seconds
[2023-12-03T23:43:43.805+0000] {processor.py:157} INFO - Started process (PID=6113) to work on /home/ubuntu/redfin/lib/python3.10/site-packages/airflow/example_dags/subdags/subdag.py
[2023-12-03T23:43:43.806+0000] {processor.py:829} INFO - Processing file /home/ubuntu/redfin/lib/python3.10/site-packages/airflow/example_dags/subdags/subdag.py for tasks to queue
[2023-12-03T23:43:43.807+0000] {logging_mixin.py:154} INFO - [2023-12-03T23:43:43.807+0000] {dagbag.py:536} INFO - Filling up the DagBag from /home/ubuntu/redfin/lib/python3.10/site-packages/airflow/example_dags/subdags/subdag.py
[2023-12-03T23:43:43.810+0000] {processor.py:841} WARNING - No viable dags retrieved from /home/ubuntu/redfin/lib/python3.10/site-packages/airflow/example_dags/subdags/subdag.py
[2023-12-03T23:43:43.822+0000] {processor.py:179} INFO - Processing /home/ubuntu/redfin/lib/python3.10/site-packages/airflow/example_dags/subdags/subdag.py took 0.021 seconds
[2023-12-03T23:44:17.417+0000] {processor.py:157} INFO - Started process (PID=6404) to work on /home/ubuntu/redfin/lib/python3.10/site-packages/airflow/example_dags/subdags/subdag.py
[2023-12-03T23:44:17.419+0000] {processor.py:829} INFO - Processing file /home/ubuntu/redfin/lib/python3.10/site-packages/airflow/example_dags/subdags/subdag.py for tasks to queue
[2023-12-03T23:44:17.420+0000] {logging_mixin.py:154} INFO - [2023-12-03T23:44:17.419+0000] {dagbag.py:536} INFO - Filling up the DagBag from /home/ubuntu/redfin/lib/python3.10/site-packages/airflow/example_dags/subdags/subdag.py
[2023-12-03T23:44:17.422+0000] {processor.py:841} WARNING - No viable dags retrieved from /home/ubuntu/redfin/lib/python3.10/site-packages/airflow/example_dags/subdags/subdag.py
[2023-12-03T23:44:17.433+0000] {processor.py:179} INFO - Processing /home/ubuntu/redfin/lib/python3.10/site-packages/airflow/example_dags/subdags/subdag.py took 0.020 seconds
[2023-12-03T23:44:58.724+0000] {processor.py:157} INFO - Started process (PID=6607) to work on /home/ubuntu/redfin/lib/python3.10/site-packages/airflow/example_dags/subdags/subdag.py
[2023-12-03T23:44:58.726+0000] {processor.py:829} INFO - Processing file /home/ubuntu/redfin/lib/python3.10/site-packages/airflow/example_dags/subdags/subdag.py for tasks to queue
[2023-12-03T23:44:58.727+0000] {logging_mixin.py:154} INFO - [2023-12-03T23:44:58.726+0000] {dagbag.py:536} INFO - Filling up the DagBag from /home/ubuntu/redfin/lib/python3.10/site-packages/airflow/example_dags/subdags/subdag.py
[2023-12-03T23:44:58.729+0000] {processor.py:841} WARNING - No viable dags retrieved from /home/ubuntu/redfin/lib/python3.10/site-packages/airflow/example_dags/subdags/subdag.py
[2023-12-03T23:44:58.741+0000] {processor.py:179} INFO - Processing /home/ubuntu/redfin/lib/python3.10/site-packages/airflow/example_dags/subdags/subdag.py took 0.021 seconds
[2023-12-03T23:45:43.952+0000] {processor.py:157} INFO - Started process (PID=6657) to work on /home/ubuntu/redfin/lib/python3.10/site-packages/airflow/example_dags/subdags/subdag.py
[2023-12-03T23:45:43.954+0000] {processor.py:829} INFO - Processing file /home/ubuntu/redfin/lib/python3.10/site-packages/airflow/example_dags/subdags/subdag.py for tasks to queue
[2023-12-03T23:45:43.955+0000] {logging_mixin.py:154} INFO - [2023-12-03T23:45:43.954+0000] {dagbag.py:536} INFO - Filling up the DagBag from /home/ubuntu/redfin/lib/python3.10/site-packages/airflow/example_dags/subdags/subdag.py
[2023-12-03T23:45:43.957+0000] {processor.py:841} WARNING - No viable dags retrieved from /home/ubuntu/redfin/lib/python3.10/site-packages/airflow/example_dags/subdags/subdag.py
[2023-12-03T23:45:43.969+0000] {processor.py:179} INFO - Processing /home/ubuntu/redfin/lib/python3.10/site-packages/airflow/example_dags/subdags/subdag.py took 0.020 seconds
[2023-12-03T23:46:28.574+0000] {processor.py:157} INFO - Started process (PID=6706) to work on /home/ubuntu/redfin/lib/python3.10/site-packages/airflow/example_dags/subdags/subdag.py
[2023-12-03T23:46:28.575+0000] {processor.py:829} INFO - Processing file /home/ubuntu/redfin/lib/python3.10/site-packages/airflow/example_dags/subdags/subdag.py for tasks to queue
[2023-12-03T23:46:28.576+0000] {logging_mixin.py:154} INFO - [2023-12-03T23:46:28.576+0000] {dagbag.py:536} INFO - Filling up the DagBag from /home/ubuntu/redfin/lib/python3.10/site-packages/airflow/example_dags/subdags/subdag.py
[2023-12-03T23:46:28.579+0000] {processor.py:841} WARNING - No viable dags retrieved from /home/ubuntu/redfin/lib/python3.10/site-packages/airflow/example_dags/subdags/subdag.py
[2023-12-03T23:46:28.590+0000] {processor.py:179} INFO - Processing /home/ubuntu/redfin/lib/python3.10/site-packages/airflow/example_dags/subdags/subdag.py took 0.020 seconds
[2023-12-03T23:47:00.058+0000] {processor.py:157} INFO - Started process (PID=6743) to work on /home/ubuntu/redfin/lib/python3.10/site-packages/airflow/example_dags/subdags/subdag.py
[2023-12-03T23:47:00.059+0000] {processor.py:829} INFO - Processing file /home/ubuntu/redfin/lib/python3.10/site-packages/airflow/example_dags/subdags/subdag.py for tasks to queue
[2023-12-03T23:47:00.060+0000] {logging_mixin.py:154} INFO - [2023-12-03T23:47:00.060+0000] {dagbag.py:536} INFO - Filling up the DagBag from /home/ubuntu/redfin/lib/python3.10/site-packages/airflow/example_dags/subdags/subdag.py
[2023-12-03T23:47:00.063+0000] {processor.py:841} WARNING - No viable dags retrieved from /home/ubuntu/redfin/lib/python3.10/site-packages/airflow/example_dags/subdags/subdag.py
[2023-12-03T23:47:00.075+0000] {processor.py:179} INFO - Processing /home/ubuntu/redfin/lib/python3.10/site-packages/airflow/example_dags/subdags/subdag.py took 0.020 seconds
[2023-12-03T23:47:31.482+0000] {processor.py:157} INFO - Started process (PID=6782) to work on /home/ubuntu/redfin/lib/python3.10/site-packages/airflow/example_dags/subdags/subdag.py
[2023-12-03T23:47:31.483+0000] {processor.py:829} INFO - Processing file /home/ubuntu/redfin/lib/python3.10/site-packages/airflow/example_dags/subdags/subdag.py for tasks to queue
[2023-12-03T23:47:31.484+0000] {logging_mixin.py:154} INFO - [2023-12-03T23:47:31.483+0000] {dagbag.py:536} INFO - Filling up the DagBag from /home/ubuntu/redfin/lib/python3.10/site-packages/airflow/example_dags/subdags/subdag.py
[2023-12-03T23:47:31.487+0000] {processor.py:841} WARNING - No viable dags retrieved from /home/ubuntu/redfin/lib/python3.10/site-packages/airflow/example_dags/subdags/subdag.py
[2023-12-03T23:47:31.499+0000] {processor.py:179} INFO - Processing /home/ubuntu/redfin/lib/python3.10/site-packages/airflow/example_dags/subdags/subdag.py took 0.020 seconds
[2023-12-03T23:48:04.076+0000] {processor.py:157} INFO - Started process (PID=6848) to work on /home/ubuntu/redfin/lib/python3.10/site-packages/airflow/example_dags/subdags/subdag.py
[2023-12-03T23:48:04.077+0000] {processor.py:829} INFO - Processing file /home/ubuntu/redfin/lib/python3.10/site-packages/airflow/example_dags/subdags/subdag.py for tasks to queue
[2023-12-03T23:48:04.078+0000] {logging_mixin.py:154} INFO - [2023-12-03T23:48:04.078+0000] {dagbag.py:536} INFO - Filling up the DagBag from /home/ubuntu/redfin/lib/python3.10/site-packages/airflow/example_dags/subdags/subdag.py
[2023-12-03T23:48:04.081+0000] {processor.py:841} WARNING - No viable dags retrieved from /home/ubuntu/redfin/lib/python3.10/site-packages/airflow/example_dags/subdags/subdag.py
[2023-12-03T23:48:04.093+0000] {processor.py:179} INFO - Processing /home/ubuntu/redfin/lib/python3.10/site-packages/airflow/example_dags/subdags/subdag.py took 0.020 seconds
[2023-12-03T23:48:36.794+0000] {processor.py:157} INFO - Started process (PID=6884) to work on /home/ubuntu/redfin/lib/python3.10/site-packages/airflow/example_dags/subdags/subdag.py
[2023-12-03T23:48:36.795+0000] {processor.py:829} INFO - Processing file /home/ubuntu/redfin/lib/python3.10/site-packages/airflow/example_dags/subdags/subdag.py for tasks to queue
[2023-12-03T23:48:36.796+0000] {logging_mixin.py:154} INFO - [2023-12-03T23:48:36.796+0000] {dagbag.py:536} INFO - Filling up the DagBag from /home/ubuntu/redfin/lib/python3.10/site-packages/airflow/example_dags/subdags/subdag.py
[2023-12-03T23:48:36.799+0000] {processor.py:841} WARNING - No viable dags retrieved from /home/ubuntu/redfin/lib/python3.10/site-packages/airflow/example_dags/subdags/subdag.py
[2023-12-03T23:48:36.811+0000] {processor.py:179} INFO - Processing /home/ubuntu/redfin/lib/python3.10/site-packages/airflow/example_dags/subdags/subdag.py took 0.021 seconds
[2023-12-03T23:49:10.246+0000] {processor.py:157} INFO - Started process (PID=6922) to work on /home/ubuntu/redfin/lib/python3.10/site-packages/airflow/example_dags/subdags/subdag.py
[2023-12-03T23:49:10.247+0000] {processor.py:829} INFO - Processing file /home/ubuntu/redfin/lib/python3.10/site-packages/airflow/example_dags/subdags/subdag.py for tasks to queue
[2023-12-03T23:49:10.248+0000] {logging_mixin.py:154} INFO - [2023-12-03T23:49:10.247+0000] {dagbag.py:536} INFO - Filling up the DagBag from /home/ubuntu/redfin/lib/python3.10/site-packages/airflow/example_dags/subdags/subdag.py
[2023-12-03T23:49:10.250+0000] {processor.py:841} WARNING - No viable dags retrieved from /home/ubuntu/redfin/lib/python3.10/site-packages/airflow/example_dags/subdags/subdag.py
[2023-12-03T23:49:10.262+0000] {processor.py:179} INFO - Processing /home/ubuntu/redfin/lib/python3.10/site-packages/airflow/example_dags/subdags/subdag.py took 0.020 seconds
[2023-12-03T23:49:45.156+0000] {processor.py:157} INFO - Started process (PID=6959) to work on /home/ubuntu/redfin/lib/python3.10/site-packages/airflow/example_dags/subdags/subdag.py
[2023-12-03T23:49:45.157+0000] {processor.py:829} INFO - Processing file /home/ubuntu/redfin/lib/python3.10/site-packages/airflow/example_dags/subdags/subdag.py for tasks to queue
[2023-12-03T23:49:45.158+0000] {logging_mixin.py:154} INFO - [2023-12-03T23:49:45.158+0000] {dagbag.py:536} INFO - Filling up the DagBag from /home/ubuntu/redfin/lib/python3.10/site-packages/airflow/example_dags/subdags/subdag.py
[2023-12-03T23:49:45.161+0000] {processor.py:841} WARNING - No viable dags retrieved from /home/ubuntu/redfin/lib/python3.10/site-packages/airflow/example_dags/subdags/subdag.py
[2023-12-03T23:49:45.172+0000] {processor.py:179} INFO - Processing /home/ubuntu/redfin/lib/python3.10/site-packages/airflow/example_dags/subdags/subdag.py took 0.020 seconds
[2023-12-03T23:50:15.945+0000] {processor.py:157} INFO - Started process (PID=6994) to work on /home/ubuntu/redfin/lib/python3.10/site-packages/airflow/example_dags/subdags/subdag.py
[2023-12-03T23:50:15.946+0000] {processor.py:829} INFO - Processing file /home/ubuntu/redfin/lib/python3.10/site-packages/airflow/example_dags/subdags/subdag.py for tasks to queue
[2023-12-03T23:50:15.947+0000] {logging_mixin.py:154} INFO - [2023-12-03T23:50:15.947+0000] {dagbag.py:536} INFO - Filling up the DagBag from /home/ubuntu/redfin/lib/python3.10/site-packages/airflow/example_dags/subdags/subdag.py
[2023-12-03T23:50:15.950+0000] {processor.py:841} WARNING - No viable dags retrieved from /home/ubuntu/redfin/lib/python3.10/site-packages/airflow/example_dags/subdags/subdag.py
[2023-12-03T23:50:15.962+0000] {processor.py:179} INFO - Processing /home/ubuntu/redfin/lib/python3.10/site-packages/airflow/example_dags/subdags/subdag.py took 0.021 seconds
[2023-12-03T23:50:47.407+0000] {processor.py:157} INFO - Started process (PID=7030) to work on /home/ubuntu/redfin/lib/python3.10/site-packages/airflow/example_dags/subdags/subdag.py
[2023-12-03T23:50:47.408+0000] {processor.py:829} INFO - Processing file /home/ubuntu/redfin/lib/python3.10/site-packages/airflow/example_dags/subdags/subdag.py for tasks to queue
[2023-12-03T23:50:47.409+0000] {logging_mixin.py:154} INFO - [2023-12-03T23:50:47.409+0000] {dagbag.py:536} INFO - Filling up the DagBag from /home/ubuntu/redfin/lib/python3.10/site-packages/airflow/example_dags/subdags/subdag.py
[2023-12-03T23:50:47.412+0000] {processor.py:841} WARNING - No viable dags retrieved from /home/ubuntu/redfin/lib/python3.10/site-packages/airflow/example_dags/subdags/subdag.py
[2023-12-03T23:50:47.423+0000] {processor.py:179} INFO - Processing /home/ubuntu/redfin/lib/python3.10/site-packages/airflow/example_dags/subdags/subdag.py took 0.021 seconds
[2023-12-03T23:51:18.375+0000] {processor.py:157} INFO - Started process (PID=7065) to work on /home/ubuntu/redfin/lib/python3.10/site-packages/airflow/example_dags/subdags/subdag.py
[2023-12-03T23:51:18.376+0000] {processor.py:829} INFO - Processing file /home/ubuntu/redfin/lib/python3.10/site-packages/airflow/example_dags/subdags/subdag.py for tasks to queue
[2023-12-03T23:51:18.377+0000] {logging_mixin.py:154} INFO - [2023-12-03T23:51:18.376+0000] {dagbag.py:536} INFO - Filling up the DagBag from /home/ubuntu/redfin/lib/python3.10/site-packages/airflow/example_dags/subdags/subdag.py
[2023-12-03T23:51:18.379+0000] {processor.py:841} WARNING - No viable dags retrieved from /home/ubuntu/redfin/lib/python3.10/site-packages/airflow/example_dags/subdags/subdag.py
[2023-12-03T23:51:18.391+0000] {processor.py:179} INFO - Processing /home/ubuntu/redfin/lib/python3.10/site-packages/airflow/example_dags/subdags/subdag.py took 0.020 seconds
[2023-12-03T23:51:49.270+0000] {processor.py:157} INFO - Started process (PID=7099) to work on /home/ubuntu/redfin/lib/python3.10/site-packages/airflow/example_dags/subdags/subdag.py
[2023-12-03T23:51:49.272+0000] {processor.py:829} INFO - Processing file /home/ubuntu/redfin/lib/python3.10/site-packages/airflow/example_dags/subdags/subdag.py for tasks to queue
[2023-12-03T23:51:49.273+0000] {logging_mixin.py:154} INFO - [2023-12-03T23:51:49.272+0000] {dagbag.py:536} INFO - Filling up the DagBag from /home/ubuntu/redfin/lib/python3.10/site-packages/airflow/example_dags/subdags/subdag.py
[2023-12-03T23:51:49.275+0000] {processor.py:841} WARNING - No viable dags retrieved from /home/ubuntu/redfin/lib/python3.10/site-packages/airflow/example_dags/subdags/subdag.py
[2023-12-03T23:51:49.287+0000] {processor.py:179} INFO - Processing /home/ubuntu/redfin/lib/python3.10/site-packages/airflow/example_dags/subdags/subdag.py took 0.021 seconds
[2023-12-03T23:52:24.873+0000] {processor.py:157} INFO - Started process (PID=7136) to work on /home/ubuntu/redfin/lib/python3.10/site-packages/airflow/example_dags/subdags/subdag.py
[2023-12-03T23:52:24.874+0000] {processor.py:829} INFO - Processing file /home/ubuntu/redfin/lib/python3.10/site-packages/airflow/example_dags/subdags/subdag.py for tasks to queue
[2023-12-03T23:52:24.875+0000] {logging_mixin.py:154} INFO - [2023-12-03T23:52:24.875+0000] {dagbag.py:536} INFO - Filling up the DagBag from /home/ubuntu/redfin/lib/python3.10/site-packages/airflow/example_dags/subdags/subdag.py
[2023-12-03T23:52:24.878+0000] {processor.py:841} WARNING - No viable dags retrieved from /home/ubuntu/redfin/lib/python3.10/site-packages/airflow/example_dags/subdags/subdag.py
[2023-12-03T23:52:24.890+0000] {processor.py:179} INFO - Processing /home/ubuntu/redfin/lib/python3.10/site-packages/airflow/example_dags/subdags/subdag.py took 0.021 seconds
[2023-12-03T23:52:57.610+0000] {processor.py:157} INFO - Started process (PID=7172) to work on /home/ubuntu/redfin/lib/python3.10/site-packages/airflow/example_dags/subdags/subdag.py
[2023-12-03T23:52:57.611+0000] {processor.py:829} INFO - Processing file /home/ubuntu/redfin/lib/python3.10/site-packages/airflow/example_dags/subdags/subdag.py for tasks to queue
[2023-12-03T23:52:57.612+0000] {logging_mixin.py:154} INFO - [2023-12-03T23:52:57.612+0000] {dagbag.py:536} INFO - Filling up the DagBag from /home/ubuntu/redfin/lib/python3.10/site-packages/airflow/example_dags/subdags/subdag.py
[2023-12-03T23:52:57.615+0000] {processor.py:841} WARNING - No viable dags retrieved from /home/ubuntu/redfin/lib/python3.10/site-packages/airflow/example_dags/subdags/subdag.py
[2023-12-03T23:52:57.626+0000] {processor.py:179} INFO - Processing /home/ubuntu/redfin/lib/python3.10/site-packages/airflow/example_dags/subdags/subdag.py took 0.019 seconds
[2023-12-03T23:53:31.048+0000] {processor.py:157} INFO - Started process (PID=7208) to work on /home/ubuntu/redfin/lib/python3.10/site-packages/airflow/example_dags/subdags/subdag.py
[2023-12-03T23:53:31.049+0000] {processor.py:829} INFO - Processing file /home/ubuntu/redfin/lib/python3.10/site-packages/airflow/example_dags/subdags/subdag.py for tasks to queue
[2023-12-03T23:53:31.050+0000] {logging_mixin.py:154} INFO - [2023-12-03T23:53:31.050+0000] {dagbag.py:536} INFO - Filling up the DagBag from /home/ubuntu/redfin/lib/python3.10/site-packages/airflow/example_dags/subdags/subdag.py
[2023-12-03T23:53:31.053+0000] {processor.py:841} WARNING - No viable dags retrieved from /home/ubuntu/redfin/lib/python3.10/site-packages/airflow/example_dags/subdags/subdag.py
[2023-12-03T23:53:31.064+0000] {processor.py:179} INFO - Processing /home/ubuntu/redfin/lib/python3.10/site-packages/airflow/example_dags/subdags/subdag.py took 0.020 seconds
[2023-12-03T23:54:02.624+0000] {processor.py:157} INFO - Started process (PID=7244) to work on /home/ubuntu/redfin/lib/python3.10/site-packages/airflow/example_dags/subdags/subdag.py
[2023-12-03T23:54:02.626+0000] {processor.py:829} INFO - Processing file /home/ubuntu/redfin/lib/python3.10/site-packages/airflow/example_dags/subdags/subdag.py for tasks to queue
[2023-12-03T23:54:02.627+0000] {logging_mixin.py:154} INFO - [2023-12-03T23:54:02.626+0000] {dagbag.py:536} INFO - Filling up the DagBag from /home/ubuntu/redfin/lib/python3.10/site-packages/airflow/example_dags/subdags/subdag.py
[2023-12-03T23:54:02.629+0000] {processor.py:841} WARNING - No viable dags retrieved from /home/ubuntu/redfin/lib/python3.10/site-packages/airflow/example_dags/subdags/subdag.py
[2023-12-03T23:54:02.641+0000] {processor.py:179} INFO - Processing /home/ubuntu/redfin/lib/python3.10/site-packages/airflow/example_dags/subdags/subdag.py took 0.021 seconds
[2023-12-03T23:54:34.297+0000] {processor.py:157} INFO - Started process (PID=7279) to work on /home/ubuntu/redfin/lib/python3.10/site-packages/airflow/example_dags/subdags/subdag.py
[2023-12-03T23:54:34.298+0000] {processor.py:829} INFO - Processing file /home/ubuntu/redfin/lib/python3.10/site-packages/airflow/example_dags/subdags/subdag.py for tasks to queue
[2023-12-03T23:54:34.299+0000] {logging_mixin.py:154} INFO - [2023-12-03T23:54:34.298+0000] {dagbag.py:536} INFO - Filling up the DagBag from /home/ubuntu/redfin/lib/python3.10/site-packages/airflow/example_dags/subdags/subdag.py
[2023-12-03T23:54:34.301+0000] {processor.py:841} WARNING - No viable dags retrieved from /home/ubuntu/redfin/lib/python3.10/site-packages/airflow/example_dags/subdags/subdag.py
[2023-12-03T23:54:34.313+0000] {processor.py:179} INFO - Processing /home/ubuntu/redfin/lib/python3.10/site-packages/airflow/example_dags/subdags/subdag.py took 0.020 seconds
[2023-12-03T23:55:05.789+0000] {processor.py:157} INFO - Started process (PID=7314) to work on /home/ubuntu/redfin/lib/python3.10/site-packages/airflow/example_dags/subdags/subdag.py
[2023-12-03T23:55:05.791+0000] {processor.py:829} INFO - Processing file /home/ubuntu/redfin/lib/python3.10/site-packages/airflow/example_dags/subdags/subdag.py for tasks to queue
[2023-12-03T23:55:05.792+0000] {logging_mixin.py:154} INFO - [2023-12-03T23:55:05.791+0000] {dagbag.py:536} INFO - Filling up the DagBag from /home/ubuntu/redfin/lib/python3.10/site-packages/airflow/example_dags/subdags/subdag.py
[2023-12-03T23:55:05.794+0000] {processor.py:841} WARNING - No viable dags retrieved from /home/ubuntu/redfin/lib/python3.10/site-packages/airflow/example_dags/subdags/subdag.py
[2023-12-03T23:55:05.806+0000] {processor.py:179} INFO - Processing /home/ubuntu/redfin/lib/python3.10/site-packages/airflow/example_dags/subdags/subdag.py took 0.020 seconds
[2023-12-03T23:55:37.430+0000] {processor.py:157} INFO - Started process (PID=7349) to work on /home/ubuntu/redfin/lib/python3.10/site-packages/airflow/example_dags/subdags/subdag.py
[2023-12-03T23:55:37.431+0000] {processor.py:829} INFO - Processing file /home/ubuntu/redfin/lib/python3.10/site-packages/airflow/example_dags/subdags/subdag.py for tasks to queue
[2023-12-03T23:55:37.432+0000] {logging_mixin.py:154} INFO - [2023-12-03T23:55:37.432+0000] {dagbag.py:536} INFO - Filling up the DagBag from /home/ubuntu/redfin/lib/python3.10/site-packages/airflow/example_dags/subdags/subdag.py
[2023-12-03T23:55:37.435+0000] {processor.py:841} WARNING - No viable dags retrieved from /home/ubuntu/redfin/lib/python3.10/site-packages/airflow/example_dags/subdags/subdag.py
[2023-12-03T23:55:37.447+0000] {processor.py:179} INFO - Processing /home/ubuntu/redfin/lib/python3.10/site-packages/airflow/example_dags/subdags/subdag.py took 0.021 seconds
[2023-12-03T23:56:09.265+0000] {processor.py:157} INFO - Started process (PID=7384) to work on /home/ubuntu/redfin/lib/python3.10/site-packages/airflow/example_dags/subdags/subdag.py
[2023-12-03T23:56:09.266+0000] {processor.py:829} INFO - Processing file /home/ubuntu/redfin/lib/python3.10/site-packages/airflow/example_dags/subdags/subdag.py for tasks to queue
[2023-12-03T23:56:09.267+0000] {logging_mixin.py:154} INFO - [2023-12-03T23:56:09.266+0000] {dagbag.py:536} INFO - Filling up the DagBag from /home/ubuntu/redfin/lib/python3.10/site-packages/airflow/example_dags/subdags/subdag.py
[2023-12-03T23:56:09.269+0000] {processor.py:841} WARNING - No viable dags retrieved from /home/ubuntu/redfin/lib/python3.10/site-packages/airflow/example_dags/subdags/subdag.py
[2023-12-03T23:56:09.282+0000] {processor.py:179} INFO - Processing /home/ubuntu/redfin/lib/python3.10/site-packages/airflow/example_dags/subdags/subdag.py took 0.020 seconds
[2023-12-03T23:56:42.940+0000] {processor.py:157} INFO - Started process (PID=7421) to work on /home/ubuntu/redfin/lib/python3.10/site-packages/airflow/example_dags/subdags/subdag.py
[2023-12-03T23:56:42.942+0000] {processor.py:829} INFO - Processing file /home/ubuntu/redfin/lib/python3.10/site-packages/airflow/example_dags/subdags/subdag.py for tasks to queue
[2023-12-03T23:56:42.942+0000] {logging_mixin.py:154} INFO - [2023-12-03T23:56:42.942+0000] {dagbag.py:536} INFO - Filling up the DagBag from /home/ubuntu/redfin/lib/python3.10/site-packages/airflow/example_dags/subdags/subdag.py
[2023-12-03T23:56:42.945+0000] {processor.py:841} WARNING - No viable dags retrieved from /home/ubuntu/redfin/lib/python3.10/site-packages/airflow/example_dags/subdags/subdag.py
[2023-12-03T23:56:42.956+0000] {processor.py:179} INFO - Processing /home/ubuntu/redfin/lib/python3.10/site-packages/airflow/example_dags/subdags/subdag.py took 0.020 seconds
[2023-12-03T23:57:14.587+0000] {processor.py:157} INFO - Started process (PID=7456) to work on /home/ubuntu/redfin/lib/python3.10/site-packages/airflow/example_dags/subdags/subdag.py
[2023-12-03T23:57:14.588+0000] {processor.py:829} INFO - Processing file /home/ubuntu/redfin/lib/python3.10/site-packages/airflow/example_dags/subdags/subdag.py for tasks to queue
[2023-12-03T23:57:14.589+0000] {logging_mixin.py:154} INFO - [2023-12-03T23:57:14.588+0000] {dagbag.py:536} INFO - Filling up the DagBag from /home/ubuntu/redfin/lib/python3.10/site-packages/airflow/example_dags/subdags/subdag.py
[2023-12-03T23:57:14.591+0000] {processor.py:841} WARNING - No viable dags retrieved from /home/ubuntu/redfin/lib/python3.10/site-packages/airflow/example_dags/subdags/subdag.py
[2023-12-03T23:57:14.602+0000] {processor.py:179} INFO - Processing /home/ubuntu/redfin/lib/python3.10/site-packages/airflow/example_dags/subdags/subdag.py took 0.020 seconds
[2023-12-03T23:57:58.806+0000] {processor.py:157} INFO - Started process (PID=7505) to work on /home/ubuntu/redfin/lib/python3.10/site-packages/airflow/example_dags/subdags/subdag.py
[2023-12-03T23:57:58.808+0000] {processor.py:829} INFO - Processing file /home/ubuntu/redfin/lib/python3.10/site-packages/airflow/example_dags/subdags/subdag.py for tasks to queue
[2023-12-03T23:57:58.809+0000] {logging_mixin.py:154} INFO - [2023-12-03T23:57:58.808+0000] {dagbag.py:536} INFO - Filling up the DagBag from /home/ubuntu/redfin/lib/python3.10/site-packages/airflow/example_dags/subdags/subdag.py
[2023-12-03T23:57:58.811+0000] {processor.py:841} WARNING - No viable dags retrieved from /home/ubuntu/redfin/lib/python3.10/site-packages/airflow/example_dags/subdags/subdag.py
[2023-12-03T23:57:58.822+0000] {processor.py:179} INFO - Processing /home/ubuntu/redfin/lib/python3.10/site-packages/airflow/example_dags/subdags/subdag.py took 0.019 seconds
[2023-12-03T23:58:43.087+0000] {processor.py:157} INFO - Started process (PID=7554) to work on /home/ubuntu/redfin/lib/python3.10/site-packages/airflow/example_dags/subdags/subdag.py
[2023-12-03T23:58:43.088+0000] {processor.py:829} INFO - Processing file /home/ubuntu/redfin/lib/python3.10/site-packages/airflow/example_dags/subdags/subdag.py for tasks to queue
[2023-12-03T23:58:43.089+0000] {logging_mixin.py:154} INFO - [2023-12-03T23:58:43.089+0000] {dagbag.py:536} INFO - Filling up the DagBag from /home/ubuntu/redfin/lib/python3.10/site-packages/airflow/example_dags/subdags/subdag.py
[2023-12-03T23:58:43.092+0000] {processor.py:841} WARNING - No viable dags retrieved from /home/ubuntu/redfin/lib/python3.10/site-packages/airflow/example_dags/subdags/subdag.py
[2023-12-03T23:58:43.104+0000] {processor.py:179} INFO - Processing /home/ubuntu/redfin/lib/python3.10/site-packages/airflow/example_dags/subdags/subdag.py took 0.021 seconds
[2023-12-03T23:59:14.316+0000] {processor.py:157} INFO - Started process (PID=7590) to work on /home/ubuntu/redfin/lib/python3.10/site-packages/airflow/example_dags/subdags/subdag.py
[2023-12-03T23:59:14.317+0000] {processor.py:829} INFO - Processing file /home/ubuntu/redfin/lib/python3.10/site-packages/airflow/example_dags/subdags/subdag.py for tasks to queue
[2023-12-03T23:59:14.317+0000] {logging_mixin.py:154} INFO - [2023-12-03T23:59:14.317+0000] {dagbag.py:536} INFO - Filling up the DagBag from /home/ubuntu/redfin/lib/python3.10/site-packages/airflow/example_dags/subdags/subdag.py
[2023-12-03T23:59:14.320+0000] {processor.py:841} WARNING - No viable dags retrieved from /home/ubuntu/redfin/lib/python3.10/site-packages/airflow/example_dags/subdags/subdag.py
[2023-12-03T23:59:14.331+0000] {processor.py:179} INFO - Processing /home/ubuntu/redfin/lib/python3.10/site-packages/airflow/example_dags/subdags/subdag.py took 0.019 seconds
[2023-12-03T23:59:45.227+0000] {processor.py:157} INFO - Started process (PID=7627) to work on /home/ubuntu/redfin/lib/python3.10/site-packages/airflow/example_dags/subdags/subdag.py
[2023-12-03T23:59:45.228+0000] {processor.py:829} INFO - Processing file /home/ubuntu/redfin/lib/python3.10/site-packages/airflow/example_dags/subdags/subdag.py for tasks to queue
[2023-12-03T23:59:45.229+0000] {logging_mixin.py:154} INFO - [2023-12-03T23:59:45.228+0000] {dagbag.py:536} INFO - Filling up the DagBag from /home/ubuntu/redfin/lib/python3.10/site-packages/airflow/example_dags/subdags/subdag.py
[2023-12-03T23:59:45.231+0000] {processor.py:841} WARNING - No viable dags retrieved from /home/ubuntu/redfin/lib/python3.10/site-packages/airflow/example_dags/subdags/subdag.py
[2023-12-03T23:59:45.243+0000] {processor.py:179} INFO - Processing /home/ubuntu/redfin/lib/python3.10/site-packages/airflow/example_dags/subdags/subdag.py took 0.020 seconds
